
Wed, 20 Oct 2010 00:35:35 GMT

MAKE:
/usr/local/src/ats-lang-anairiats-0.2.2/bin/atscc -D_GNU_SOURCE -D_ATS_MULTITHREAD -D_ATS_GCATS -lpthread -pipe -Wall -O3 -fomit-frame-pointer -march=native  binarytrees.dats -o binarytrees.ats-3.ats_run
/usr/local/src/ats-lang-anairiats-0.2.2/bin/atsopt --output binarytrees_dats.c --dynamic binarytrees.dats
/usr/local/src/ats-lang-anairiats-0.2.2/ccomp/runtime/ats_prelude.c: In function ‘ats_pthread_create_detached’:
/usr/local/src/ats-lang-anairiats-0.2.2/ccomp/runtime/ats_prelude.c:183: warning: implicit declaration of function ‘gc_pthread_create’
In file included from binarytrees_dats.c:41:
/usr/local/src/ats-lang-anairiats-0.2.2/libc/CATS/pthread.cats:60: warning: return type defaults to ‘int’
/usr/local/src/ats-lang-anairiats-0.2.2/libc/CATS/pthread.cats: In function ‘atslib_pthread_attr_init_exn’:
/usr/local/src/ats-lang-anairiats-0.2.2/libc/CATS/pthread.cats:64: warning: ‘return’ with no value, in function returning non-void
/usr/local/src/ats-lang-anairiats-0.2.2/libc/CATS/pthread.cats: At top level:
/usr/local/src/ats-lang-anairiats-0.2.2/libc/CATS/pthread.cats:69: warning: return type defaults to ‘int’
/usr/local/src/ats-lang-anairiats-0.2.2/libc/CATS/pthread.cats: In function ‘atslib_pthread_attr_destroy_exn’:
/usr/local/src/ats-lang-anairiats-0.2.2/libc/CATS/pthread.cats:73: warning: ‘return’ with no value, in function returning non-void
binarytrees_dats.c: In function ‘tree_make_0’:
binarytrees_dats.c:335: warning: label ‘__ats_lab_tree_make_0’ defined but not used
binarytrees_dats.c: In function ‘check_and_free_1’:
binarytrees_dats.c:391: warning: label ‘__ats_lab_1_1’ defined but not used
binarytrees_dats.c:377: warning: label ‘__ats_lab_0_1’ defined but not used
binarytrees_dats.c:375: warning: label ‘__ats_lab_0_0’ defined but not used
binarytrees_dats.c:372: warning: label ‘__ats_lab_check_and_free_1’ defined but not used
binarytrees_dats.c: In function ‘check_2’:
binarytrees_dats.c:434: warning: label ‘__ats_lab_3_1’ defined but not used
binarytrees_dats.c:419: warning: label ‘__ats_lab_2_1’ defined but not used
binarytrees_dats.c:417: warning: label ‘__ats_lab_2_0’ defined but not used
binarytrees_dats.c:414: warning: label ‘__ats_lab_check_2’ defined but not used
binarytrees_dats.c: In function ‘check_ref_3’:
binarytrees_dats.c:452: warning: label ‘__ats_lab_check_ref_3’ defined but not used
binarytrees_dats.c: In function ‘stretch_4’:
binarytrees_dats.c:471: warning: label ‘__ats_lab_stretch_4’ defined but not used
binarytrees_dats.c: In function ‘ref_01000__ats_ptr_type’:
binarytrees_dats.c:488: warning: label ‘__ats_lab_ref_01000__ats_ptr_type’ defined but not used
binarytrees_dats.c: In function ‘long_lived_tree_make_5’:
binarytrees_dats.c:504: warning: label ‘__ats_lab_long_lived_tree_make_5’ defined but not used
binarytrees_dats.c: In function ‘doWork_7’:
binarytrees_dats.c:586: warning: label ‘__ats_lab_doWork_7’ defined but not used
binarytrees_dats.c: In function ‘finishup_9’:
binarytrees_dats.c:631: warning: label ‘__ats_lab_5_1’ defined but not used
binarytrees_dats.c:616: warning: label ‘__ats_lab_4_1’ defined but not used
binarytrees_dats.c:614: warning: label ‘__ats_lab_4_0’ defined but not used
binarytrees_dats.c: In function ‘fwork_10’:
binarytrees_dats.c:651: warning: label ‘__ats_lab_fwork_10’ defined but not used
binarytrees_dats.c: In function ‘__ats_fun_12’:
binarytrees_dats.c:674: warning: label ‘__ats_lab___ats_fun_12’ defined but not used
binarytrees_dats.c: In function ‘QUEUEptrnxt_01585__ats_clo_ptr_type’:
binarytrees_dats.c:724: warning: label ‘__ats_lab_QUEUEptrnxt_01585__ats_clo_ptr_type’ defined but not used
binarytrees_dats.c: In function ‘queue_insert_01578__ats_clo_ptr_type’:
binarytrees_dats.c:752: warning: label ‘__ats_lab_queue_insert_01578__ats_clo_ptr_type’ defined but not used
binarytrees_dats.c: In function ‘workshop_insert_work_01562__ats_clo_ptr_type’:
binarytrees_dats.c:820: warning: label ‘__ats_lab_workshop_insert_work_01562__ats_clo_ptr_type’ defined but not used
binarytrees_dats.c: In function ‘_2home_2dunham_2benchmarksgame_2binarytrees_2tmp_2binarytrees_2edats__ncore_get’:
binarytrees_dats.c:919: warning: label ‘__ats_lab_7’ defined but not used
binarytrees_dats.c:916: warning: label ‘__ats_lab_8’ defined but not used
binarytrees_dats.c:893: warning: label ‘__ats_lab__2home_2dunham_2benchmarksgame_2binarytrees_2tmp_2binarytrees_2edats__ncore_get’ defined but not used
binarytrees_dats.c: In function ‘workshop_make_01555__ats_clo_ptr_type’:
binarytrees_dats.c:932: warning: label ‘__ats_lab_workshop_make_01555__ats_clo_ptr_type’ defined but not used
binarytrees_dats.c: In function ‘queue_remove_01579__ats_clo_ptr_type’:
binarytrees_dats.c:951: warning: label ‘__ats_lab_queue_remove_01579__ats_clo_ptr_type’ defined but not used
binarytrees_dats.c: In function ‘workshop_remove_work_01563__ats_clo_ptr_type’:
binarytrees_dats.c:1035: warning: label ‘__ats_lab_workshop_remove_work_01563__ats_clo_ptr_type’ defined but not used
binarytrees_dats.c: In function ‘worker_23’:
binarytrees_dats.c:1133: warning: label ‘__ats_lab_11_0’ defined but not used
binarytrees_dats.c:1099: warning: label ‘__ats_lab_10_0’ defined but not used
binarytrees_dats.c:1091: warning: label ‘__ats_lab_9_1’ defined but not used
binarytrees_dats.c:1090: warning: label ‘__ats_lab_9_0’ defined but not used
binarytrees_dats.c: In function ‘workshop_add_worker_01560__ats_clo_ptr_type’:
binarytrees_dats.c:1175: warning: label ‘__ats_lab_workshop_add_worker_01560__ats_clo_ptr_type’ defined but not used
binarytrees_dats.c: In function ‘workshop_add_nworker_01561__ats_clo_ptr_type’:
binarytrees_dats.c:1225: warning: label ‘__ats_lab_workshop_add_nworker_01561__ats_clo_ptr_type’ defined but not used
binarytrees_dats.c: In function ‘mainats’:
binarytrees_dats.c:1314: warning: label ‘__ats_lab_13’ defined but not used
binarytrees_dats.c:1272: warning: label ‘__ats_lab_mainats’ defined but not used
binarytrees_dats.c: At top level:
/usr/local/src/ats-lang-anairiats-0.2.2/prelude/CATS/pointer.cats:52: warning: ‘atspre_null_ptr’ defined but not used
/usr/local/src/ats-lang-anairiats-0.2.2/prelude/CATS/printf.cats:57: warning: ‘atspre_fprintf_err’ defined but not used
/usr/local/src/ats-lang-anairiats-0.2.2/prelude/CATS/printf.cats:69: warning: ‘atspre_fprintf_exn’ defined but not used
/usr/local/src/ats-lang-anairiats-0.2.2/prelude/CATS/printf.cats:105: warning: ‘atspre_prerrf_exn’ defined but not used
/usr/local/src/ats-lang-anairiats-0.2.2/prelude/CATS/string.cats:351: warning: ‘atspre_stropt_none’ defined but not used
binarytrees_dats.c:568: warning: ‘loop_8_closure_make’ defined but not used
gcc -I/usr/local/src/ats-lang-anairiats-0.2.2/ -I/usr/local/src/ats-lang-anairiats-0.2.2/ccomp/runtime/ -L/usr/local/src/ats-lang-anairiats-0.2.2/ccomp/lib64/ /usr/local/src/ats-lang-anairiats-0.2.2/ccomp/runtime/ats_prelude.c -D_GNU_SOURCE -D_ATS_MULTITHREAD -D_ATS_GCATS -lpthread -pipe -Wall -O3 -fomit-frame-pointer -march=native binarytrees_dats.c -o binarytrees.ats-3.ats_run /usr/local/src/ats-lang-anairiats-0.2.2/ccomp/runtime/GCATS/gc_mt.o -lats_mt -lats 
0.53s to complete and log all make actions

COMMAND LINE:
./binarytrees.ats-3.ats_run 20

PROGRAM OUTPUT:
stretch tree of depth 21	 check: -1
2097152	 trees of depth 4	 check: -2097152
524288	 trees of depth 6	 check: -524288
131072	 trees of depth 8	 check: -131072
32768	 trees of depth 10	 check: -32768
8192	 trees of depth 12	 check: -8192
2048	 trees of depth 14	 check: -2048
512	 trees of depth 16	 check: -512
128	 trees of depth 18	 check: -128
32	 trees of depth 20	 check: -32
long lived tree of depth 20	 check: -1
