
Tue, 11 May 2010 05:49:36 GMT

MAKE:
mv chameneosredux.python3-2.python3 chameneosredux.python3-2.py
/usr/local/src/Python-3.1.2/bin/python3.1 -OO -c "from py_compile import compile; compile('chameneosredux.python3-2.py')"
0.06s to complete and log all make actions

COMMAND LINE:
/usr/local/src/Python-3.1.2/bin/python3.1 chameneosredux.python3-2.pyo 6000000

PROGRAM OUTPUT:
blue + blue -> blue
blue + red -> yellow
blue + yellow -> red
red + blue -> yellow
red + red -> red
red + yellow -> blue
yellow + blue -> red
yellow + red -> blue
yellow + yellow -> yellow

 blue red yellow
3998391 zero
4038224 zero
3963385 zero
 one two zero zero zero zero zero zero

 blue red yellow red yellow blue red yellow red blue
1205768 zero
1191781 zero
1213932 zero
1180184 zero
1197056 zero
1195008 zero
1186814 zero
1202766 zero
1217264 zero
1209427 zero
 one two zero zero zero zero zero zero

