
Fri, 01 Aug 2008 22:53:12 GMT

MAKE:
mv chameneosredux.javaxx chameneosredux.java
/usr/bin/javac chameneosredux.java

COMMAND LINE:
/usr/bin/java  -server -Xms64m -Xbatch chameneosredux 60000

UNEXPECTED OUTPUT 

12,14c12,14
< 33446 zero
< 34822 zero
< 51732 zero
---
> 40000 zero
> 40000 zero
> 40000 zero
18,27c18,27
< 16277 zero
< 13292 zero
< 7553 zero
< 16299 zero
< 8853 zero
< 3473 zero
< 17049 zero
< 18114 zero
< 11972 zero
< 7118 zero
---
> 12000 zero
> 12000 zero
> 12000 zero
> 12000 zero
> 12000 zero
> 12000 zero
> 12000 zero
> 12000 zero
> 12000 zero
> 12000 zero

PROGRAM OUTPUT:
blue + blue -> blue
blue + red -> yellow
blue + yellow -> red
red + blue -> yellow
red + red -> red
red + yellow -> blue
yellow + blue -> red
yellow + red -> blue
yellow + yellow -> yellow

 blue red yellow
33446 zero
34822 zero
51732 zero
 one two zero zero zero zero

 blue red yellow red yellow blue red yellow red blue
16277 zero
13292 zero
7553 zero
16299 zero
8853 zero
3473 zero
17049 zero
18114 zero
11972 zero
7118 zero
 one two zero zero zero zero

