
Sun, 15 May 2011 05:37:37 GMT

MAKE:
mv chameneosredux.jruby chameneosredux.rb
0.01s to complete and log all make actions

COMMAND LINE:
/usr/local/src/jruby-1.6.0/bin/jruby --server -J-XX:+TieredCompilation  chameneosredux.rb 6000000

PROGRAM OUTPUT:
blue + blue -> blue
blue + red -> yellow
blue + yellow -> red
red + blue -> yellow
red + red -> red
red + yellow -> blue
yellow + blue -> red
yellow + red -> blue
yellow + yellow -> yellow

blue red yellow 
4092752 zero
3965705 zero
3941543 zero
 one two zero zero zero zero zero zero

blue red yellow red yellow blue red yellow red blue 
1210560 zero
1224131 zero
1199299 zero
1184680 zero
1163001 zero
1198904 zero
1193781 zero
1188331 zero
1224682 zero
1212631 zero
 one two zero zero zero zero zero zero

