
Sun, 01 May 2011 03:50:26 GMT

MAKE:
/usr/bin/gcc -pipe -Wall -O3 -fomit-frame-pointer -march=native -lpthread chameneosredux.gcc-5.c -o chameneosredux.gcc-5.gcc_run
chameneosredux.gcc-5.c: In function ‘join_and_output’:
chameneosredux.gcc-5.c:399:13: warning: format ‘%u’ expects type ‘unsigned int’, but argument 2 has type ‘size_t’
rm chameneosredux.gcc-5.c
0.21s to complete and log all make actions

COMMAND LINE:
./chameneosredux.gcc-5.gcc_run 6000000

PROGRAM OUTPUT:
blue + blue -> blue
blue + red -> yellow
blue + yellow -> red
red + blue -> yellow
red + red -> red
red + yellow -> blue
yellow + blue -> red
yellow + red -> blue
yellow + yellow -> yellow

 blue red yellow
2954720 zero
3045305 zero
5999975 zero
 one two zero zero zero zero zero zero

 blue red yellow red yellow blue red yellow red blue
5974036 zero
803584 zero
597959 zero
647525 zero
725088 zero
806934 zero
522002 zero
553415 zero
587569 zero
781888 zero
 one two zero zero zero zero zero zero

