
Mon, 20 Jul 2009 21:53:58 GMT

MAKE:
mv chameneosredux.javaxint-3.javaxint chameneosredux.java
/usr/bin/javac chameneosredux.java
0.86s to complete and log all make actions

COMMAND LINE:
/usr/bin/java  -server -Xint chameneosredux 6000000

PROGRAM OUTPUT:
blue + blue -> blue
blue + red -> yellow
blue + yellow -> red
red + blue -> yellow
red + red -> red
red + yellow -> blue
yellow + blue -> red
yellow + red -> blue
yellow + yellow -> yellow

 blue red yellow
4003100 zero
4002575 zero
3994325 zero
 one two zero zero zero zero zero zero

 blue red yellow red yellow blue red yellow red blue
1145714 zero
1218775 zero
1213903 zero
1232098 zero
1270110 zero
1165228 zero
1187333 zero
1201857 zero
1182802 zero
1182180 zero
 one two zero zero zero zero zero zero

