
Fri, 05 Sep 2008 20:22:21 GMT

MAKE:
mv chameneosredux.python-2.python chameneosredux.python-2.py
/usr/bin/python -OO -c "from py_compile import compile; compile('chameneosredux.python-2.py')"

COMMAND LINE:
/usr/bin/python chameneosredux.python-2.pyo 60000

UNEXPECTED OUTPUT 

23c23
< 4620 zero
--- field 1	relative error 1.60e+00
> 12000 zero

PROGRAM OUTPUT:
blue + blue -> blue
blue + red -> yellow
blue + yellow -> red
red + blue -> yellow
red + red -> red
red + yellow -> blue
yellow + blue -> red
yellow + red -> blue
yellow + yellow -> yellow

 blue red yellow
35817 zero
34452 zero
49731 zero
 one two zero zero zero zero

 blue red yellow red yellow blue red yellow red blue
16637 zero
8478 zero
13054 zero
14668 zero
8676 zero
4620 zero
12758 zero
16479 zero
7330 zero
17300 zero
 one two zero zero zero zero

