
Sat, 09 Apr 2011 17:02:38 GMT

COMMAND LINE:
/usr/local/src/ruby-1.9.2-p180/ruby chameneosredux.yarv 6000000

PROGRAM OUTPUT:
blue + blue -> blue
blue + red -> yellow
blue + yellow -> red
red + blue -> yellow
red + red -> red
red + yellow -> blue
yellow + blue -> red
yellow + red -> blue
yellow + yellow -> yellow

blue red yellow 
3931097 zero
4036961 zero
4031942 zero
 one two zero zero zero zero zero zero

blue red yellow red yellow blue red yellow red blue 
1206585 zero
1216381 zero
1184809 zero
1222117 zero
1192781 zero
1197882 zero
1173793 zero
1196655 zero
1212972 zero
1196025 zero
 one two zero zero zero zero zero zero

