
Wed, 18 Nov 2009 02:11:17 GMT

MAKE:
/usr/local/src/go/bin/6g -o chameneosredux.go.6 chameneosredux.go && \
	/usr/local/src/go/bin/6l -o chameneosredux.go_run chameneosredux.go.6
0.20s to complete and log all make actions

COMMAND LINE:
./chameneosredux.go_run 6000000

PROGRAM OUTPUT:
blue + blue -> blue
blue + red -> yellow
blue + yellow -> red
red + blue -> yellow
red + red -> red
red + yellow -> blue
yellow + blue -> red
yellow + red -> blue
yellow + yellow -> yellow

 blue red yellow
4000000  zero
4000001  zero
3999999  zero
 one two zero zero zero zero zero zero

 blue red yellow red yellow blue red yellow red blue
1200002  zero
1200003  zero
1200001  zero
1200000  zero
1200000  zero
1199999  zero
1199999  zero
1199999  zero
1199999  zero
1199998  zero
 one two zero zero zero zero zero zero

