
Sat, 02 Oct 2010 12:11:17 GMT

MAKE:
cp: `chameneosredux.sbcl' and `./chameneosredux.sbcl' are the same file
SBCL built with: /usr/local/bin/sbcl --userinit /dev/null --batch --eval '(load "chameneosredux.sbcl_compile")'
### START chameneosredux.sbcl_compile
(proclaim '(optimize (speed 3) (safety 0) (debug 0) (compilation-speed 0) (space 0)))
(handler-bind ((sb-ext:defconstant-uneql      (lambda (c) (abort c))))      (load (compile-file "chameneosredux.sbcl" ))) (save-lisp-and-die "sbcl.core" :purify t)
### END chameneosredux.sbcl_compile


; compiling file "/home/dunham/shootout/bench/chameneosredux/chameneosredux.sbcl" (written 28 SEP 2010 02:49:22 PM):
; compiling (DEFPACKAGE #:CHAMENEOS-REDUX ...)
; compiling (IN-PACKAGE :CHAMENEOS-REDUX)
; compiling (DEFMACRO DEFUN/FAST ...)
; compiling (DEFMACRO DECLARE-COLORS-MAP ...)
; compiling (DEFUN/FAST SPELL-NUMBER ...)
; compiling (DEFMACRO WITH-THREADS-POOL ...)
; file: /home/dunham/shootout/bench/chameneosredux/chameneosredux.sbcl
; in: DEFMACRO WITH-THREADS-POOL
;     (LOOP :FOR CHAMENEOS-REDUX::COLOR :IN CHAMENEOS-REDUX::COLORS
;           :FOR CHAMENEOS-REDUX::THREAD-INDEX :FROM 0
;           :COLLECT `(PUSH
;                      (SB-THREAD:MAKE-THREAD
;                       (,CHAMENEOS-REDUX::THREAD-MAKER
;                        ,CHAMENEOS-REDUX::THREAD-INDEX ',CHAMENEOS-REDUX::COLOR)
;                       :NAME
;                       ,(FORMAT NIL "chameneos-worker-~a-~a"
;                                CHAMENEOS-REDUX::THREAD-INDEX
;                                (STRING-DOWNCASE #)))
;                      CHAMENEOS-REDUX::THREADS))
; --> BLOCK LET LET SB-LOOP::WITH-LOOP-LIST-COLLECTION-HEAD LET* 
; --> SB-LOOP::LOOP-BODY TAGBODY SB-LOOP::LOOP-REALLY-DESETQ SETQ THE 1+ 
; ==>
;   (+ CHAMENEOS-REDUX::THREAD-INDEX 1)
; 
; note: forced to do GENERIC-+ (cost 10)
;       unable to do inline fixnum arithmetic (cost 1) because:
;       The first argument is a UNSIGNED-BYTE, not a FIXNUM.
;       The result is a (VALUES (INTEGER 1) &OPTIONAL), not a (VALUES FIXNUM
;                                                                     &REST T).
;       unable to do inline fixnum arithmetic (cost 2) because:
;       The first argument is a UNSIGNED-BYTE, not a FIXNUM.
;       The result is a (VALUES (INTEGER 1) &OPTIONAL), not a (VALUES FIXNUM
;                                                                     &REST T).
;       etc.

; compiling (DEFMACRO SPIN-WAIT ...)
; compiling (DEFSTRUCT ATOMIC ...)
; compiling (DEFMACRO DEFGAME ...)
; file: /home/dunham/shootout/bench/chameneosredux/chameneosredux.sbcl
; in: DEFMACRO DEFGAME
;     (LENGTH CHAMENEOS-REDUX::COLORS)
; 
; note: unable to
;   optimize
; due to type uncertainty:
;   The first argument is a SEQUENCE, not a (SIMPLE-ARRAY * (*)).
; 
; note: unable to
;   optimize
; due to type uncertainty:
;   The first argument is a SEQUENCE, not a VECTOR.

; compiling (DECLARE-COLORS-MAP (BLUE + ...) ...)
; compiling (DEFGAME GAME-A ...)
; compiling (DEFGAME GAME-B ...)
; compiling (DEFUN MAIN ...)
; compiling (IN-PACKAGE :CL-USER)
; compiling (DEFUN MAIN ...); 
; compilation unit finished
;   printed 3 notes


; /home/dunham/benchmarksgame/chameneosredux/tmp/chameneosredux.fasl written
; compilation finished in 0:00:00.157
[undoing binding stack and other enclosing state... done]
[saving current Lisp image into sbcl.core:
writing 6352 bytes from the read-only space at 0x20000000
writing 4064 bytes from the static space at 0x20100000
writing 45359104 bytes from the dynamic space at 0x1000000000
done]
### START chameneosredux.sbcl_run
(proclaim '(optimize (speed 3) (safety 0) (debug 0) (compilation-speed 0) (space 0)))
(main) (quit)
### END chameneosredux.sbcl_run

1.14s to complete and log all make actions

COMMAND LINE:
/usr/local/bin/sbcl  --noinform --core sbcl.core --userinit /dev/null --load chameneosredux.sbcl_run 6000000

PROGRAM OUTPUT:
blue + blue -> blue
blue + red -> yellow
blue + yellow -> red
red + blue -> yellow
red + red -> red
red + yellow -> blue
yellow + blue -> red
yellow + red -> blue
yellow + yellow -> yellow

 blue red yellow
3006089 zero
5950504 zero
3043407 zero
 one two zero zero zero zero zero zero

 blue red yellow red yellow blue red yellow red blue
1530880 zero
1037479 zero
988838 zero
1369963 zero
985275 zero
1037522 zero
1543011 zero
1399225 zero
1023866 zero
1083941 zero
 one two zero zero zero zero zero zero

