
Fri, 01 Aug 2008 22:52:56 GMT

MAKE:
/usr/bin/gnatchop -w chameneosredux.gnat
splitting chameneosredux.gnat into:
   chameneosredux.adb
/usr/bin/gnatmake -gnatp -O3 -fomit-frame-pointer -O3 -fomit-frame-pointer   -f chameneosredux.adb -o chameneosredux.gnat_run
gcc-4.2 -c -gnatp -O3 -fomit-frame-pointer -O3 -fomit-frame-pointer chameneosredux.adb
gnatbind -x chameneosredux.ali
gnatlink chameneosredux.ali -fomit-frame-pointer -fomit-frame-pointer -o chameneosredux.gnat_run

COMMAND LINE:
./chameneosredux.gnat_run 60000

UNEXPECTED OUTPUT 

12,14c12,14
< 46511 zero
< 36884 zero
< 36605 zero
---
> 40000 zero
> 40000 zero
> 40000 zero
18,27c18,27
< 13398 zero
< 11070 zero
< 11547 zero
< 14149 zero
< 16721 zero
< 10882 zero
< 9481 zero
< 12206 zero
< 10971 zero
< 9575 zero
---
> 12000 zero
> 12000 zero
> 12000 zero
> 12000 zero
> 12000 zero
> 12000 zero
> 12000 zero
> 12000 zero
> 12000 zero
> 12000 zero

PROGRAM OUTPUT:
blue + blue -> blue
blue + red -> yellow
blue + yellow -> red
red + blue -> yellow
red + red -> red
red + yellow -> blue
yellow + blue -> red
yellow + red -> blue
yellow + yellow -> yellow

 blue red yellow
46511 zero
36884 zero
36605 zero
 one two zero zero zero zero

 blue red yellow red yellow blue red yellow red blue
13398 zero
11070 zero
11547 zero
14149 zero
16721 zero
10882 zero
9481 zero
12206 zero
10971 zero
9575 zero
 one two zero zero zero zero

