
Tue, 26 Oct 2010 06:15:37 GMT

MAKE:
/usr/bin/gnatchop -r -w chameneosredux.gnat-2.gnat
splitting chameneosredux.gnat-2.gnat into:
   chameneosredux.adb
   chameneos.ads
   chameneos-creatures.ads
   chameneos-games.ads
   chameneos-meetings.ads
   cache_aligned_storage_pools.ads
   chameneos-countdown.ads
   chameneos-processors.ads
   x86_atomic_swap_utils.ads
   chameneos.adb
   chameneos-creatures.adb
   chameneos-games.adb
   chameneos-meetings.adb
   chameneos-countdown.adb
   cache_aligned_storage_pools.adb
   chameneos-processors.adb
   x86_atomic_swap_utils.adb
/usr/bin/gnatmake -gnatApn05 -O3 -fomit-frame-pointer -march=native -mfpmath=sse -msse2 -f chameneosredux.adb -o chameneosredux.gnat-2.gnat_run 
gcc-4.4 -c -gnatApn05 -O3 -fomit-frame-pointer -march=native -mfpmath=sse -msse2 chameneosredux.adb
gcc-4.4 -c -gnatApn05 -O3 -fomit-frame-pointer -march=native -mfpmath=sse -msse2 chameneos.adb
gcc-4.4 -c -gnatApn05 -O3 -fomit-frame-pointer -march=native -mfpmath=sse -msse2 chameneos-games.adb
gcc-4.4 -c -gnatApn05 -O3 -fomit-frame-pointer -march=native -mfpmath=sse -msse2 chameneos-processors.adb
gcc-4.4 -c -gnatApn05 -O3 -fomit-frame-pointer -march=native -mfpmath=sse -msse2 cache_aligned_storage_pools.adb
gcc-4.4 -c -gnatApn05 -O3 -fomit-frame-pointer -march=native -mfpmath=sse -msse2 chameneos-countdown.adb
gcc-4.4 -c -gnatApn05 -O3 -fomit-frame-pointer -march=native -mfpmath=sse -msse2 chameneos-creatures.adb
gcc-4.4 -c -gnatApn05 -O3 -fomit-frame-pointer -march=native -mfpmath=sse -msse2 chameneos-meetings.adb
gcc-4.4 -c -gnatApn05 -O3 -fomit-frame-pointer -march=native -mfpmath=sse -msse2 x86_atomic_swap_utils.adb
gnatbind -x chameneosredux.ali
gnatlink chameneosredux.ali -fomit-frame-pointer -march=native -mfpmath=sse -msse2 -o chameneosredux.gnat-2.gnat_run
1.43s to complete and log all make actions

COMMAND LINE:
./chameneosredux.gnat-2.gnat_run 6000000

PROGRAM OUTPUT:
blue + blue -> blue
blue + red -> yellow
blue + yellow -> red
red + blue -> yellow
red + red -> red
red + yellow -> blue
yellow + blue -> red
yellow + red -> blue
yellow + yellow -> yellow

 blue red yellow
5237172 zero
3750191 zero
3012637 zero
 one two zero zero zero zero zero zero

 blue red yellow red yellow blue red yellow red blue
1362387 zero
994088 zero
1207192 zero
1170507 zero
1249391 zero
1012092 zero
1531318 zero
1225808 zero
1256064 zero
991153 zero
 one two zero zero zero zero zero zero

