
Tue, 12 Apr 2011 18:45:30 GMT

MAKE:
mv chameneosredux.hipe chameneosredux.erl
/usr/local/src/otp_src_R14B02/bin/erlc +native +"{hipe, [o3]}"  chameneosredux.erl
rm chameneosredux.erl
0.72s to complete and log all make actions

COMMAND LINE:
/usr/local/src/otp_src_R14B02/bin/erl -smp enable -noshell -run  chameneosredux main 6000000

PROGRAM OUTPUT:
blue + blue -> blue
blue + red -> yellow
blue + yellow -> red
red + blue -> yellow
red + red -> red
red + yellow -> blue
yellow + blue -> red
yellow + red -> blue
yellow + yellow -> yellow

 blue red yellow
3973160 zero
3995354 zero
4031486 zero
 one two zero zero zero zero zero zero

 blue red yellow red yellow blue red yellow red blue
1199213 zero
1201066 zero
1200896 zero
1200087 zero
1200005 zero
1200725 zero
1198477 zero
1199549 zero
1200266 zero
1199716 zero
 one two zero zero zero zero zero zero

