
Tue, 08 Jun 2010 21:39:27 GMT

MAKE:
mv chameneosredux.ghc-3.ghc chameneosredux.ghc-3.hs
/usr/local/src/ghc-6.12.2/bin/ghc --make -O2 -fglasgow-exts -XBangPatterns -funbox-strict-fields -threaded chameneosredux.ghc-3.hs -o chameneosredux.ghc-3.ghc_run
[1 of 1] Compiling Main             ( chameneosredux.ghc-3.hs, chameneosredux.ghc-3.o )
Linking chameneosredux.ghc-3.ghc_run ...
rm chameneosredux.ghc-3.hs
0.91s to complete and log all make actions

COMMAND LINE:
./chameneosredux.ghc-3.ghc_run +RTS -K100M -N4 -RTS 6000000

PROGRAM OUTPUT:
blue + blue -> blue
blue + red -> yellow
blue + yellow -> red
red + blue -> yellow
red + red -> red
red + yellow -> blue
yellow + blue -> red
yellow + red -> blue
yellow + yellow -> yellow

 blue red yellow
3887065 zero
4101801 zero
4011134 zero
 one two zero zero zero zero zero zero

 blue red yellow red yellow blue red yellow red blue
1200012 zero
1200157 zero
1200119 zero
1200025 zero
1200080 zero
1199802 zero
1200125 zero
1199639 zero
1200018 zero
1200023 zero
 one two zero zero zero zero zero zero

