
Fri, 01 Aug 2008 22:49:32 GMT

MAKE:
mv chameneosredux.javaxint-2.javaxint chameneosredux.java
/usr/bin/javac chameneosredux.java

COMMAND LINE:
/usr/bin/java  -server -Xint chameneosredux 60000

UNEXPECTED OUTPUT 

12,14c12,14
< 36624 zero
< 42292 zero
< 41084 zero
---
> 40000 zero
> 40000 zero
> 40000 zero
18,27c18,27
< 55620 zero
< 45022 zero
< 11689 zero
< 1821 zero
< 1941 zero
< 210 zero
< 62 zero
< 1511 zero
< 2022 zero
< 102 zero
---
> 12000 zero
> 12000 zero
> 12000 zero
> 12000 zero
> 12000 zero
> 12000 zero
> 12000 zero
> 12000 zero
> 12000 zero
> 12000 zero

PROGRAM OUTPUT:
blue + blue -> blue
blue + red -> yellow
blue + yellow -> red
red + blue -> yellow
red + red -> red
red + yellow -> blue
yellow + blue -> red
yellow + red -> blue
yellow + yellow -> yellow

 blue red yellow
36624 zero
42292 zero
41084 zero
 one two zero zero zero zero

 blue red yellow red yellow blue red yellow red blue
55620 zero
45022 zero
11689 zero
1821 zero
1941 zero
210 zero
62 zero
1511 zero
2022 zero
102 zero
 one two zero zero zero zero

