
Sat, 05 Sep 2009 01:41:09 GMT

MAKE:
/usr/bin/gcc -pipe -Wall -O3 -fomit-frame-pointer -march=native -lpthread chameneosredux.gcc-4.c -o chameneosredux.gcc-4.gcc_run
chameneosredux.gcc-4.c: In function ‘run’:
chameneosredux.gcc-4.c:325: warning: format ‘%u’ expects type ‘unsigned int’, but argument 2 has type ‘size_t’
rm chameneosredux.gcc-4.c
1.40s to complete and log all make actions

COMMAND LINE:
./chameneosredux.gcc-4.gcc_run 6000000

PROGRAM OUTPUT:
blue + blue -> blue
blue + red -> yellow
blue + yellow -> red
red + blue -> yellow
red + red -> red
red + yellow -> blue
yellow + blue -> red
yellow + red -> blue
yellow + yellow -> yellow

 blue red yellow
3137216 zero
5927928 zero
2934856 zero
 one two zero zero zero zero zero zero

 blue red yellow red yellow blue red yellow red blue
1295822 zero
1194509 zero
1185505 zero
1108998 zero
1214332 zero
1201435 zero
1167704 zero
1201127 zero
1216789 zero
1213779 zero
 one two zero zero zero zero zero zero

