
Wed, 27 Jan 2010 00:03:51 GMT

MAKE:
mv chameneosredux.java-4.java chameneosredux.java
/usr/local/src/jdk1.6.0_18/bin/javac chameneosredux.java
0.80s to complete and log all make actions

COMMAND LINE:
/usr/local/src/jdk1.6.0_18/bin/java  -server chameneosredux 6000000

PROGRAM OUTPUT:
blue + blue -> blue
blue + red -> yellow
blue + yellow -> red
red + blue -> yellow
red + red -> red
red + yellow -> blue
yellow + blue -> red
yellow + red -> blue
yellow + yellow -> yellow

 blue red yellow
2783604 zero
3216982 zero
5999414 zero
 one two zero zero zero zero zero zero

 blue red yellow red yellow blue red yellow red blue
1742540 zero
1296813 zero
1196541 zero
856347 zero
956135 zero
1112886 zero
1303685 zero
1167968 zero
1313599 zero
1053486 zero
 one two zero zero zero zero zero zero

