
Tue, 26 Jan 2010 23:52:50 GMT

MAKE:
mv chameneosredux.javasteady-2.javasteady chameneosredux.java
/usr/local/src/jdk1.6.0_18/bin/javac chameneosredux.java
0.83s to complete and log all make actions

COMMAND LINE:
/usr/local/src/jdk1.6.0_18/bin/java  -server chameneosredux 6000000

PROGRAM OUTPUT:
blue + blue -> blue
blue + red -> yellow
blue + yellow -> red
red + blue -> yellow
red + red -> red
red + yellow -> blue
yellow + blue -> red
yellow + red -> blue
yellow + yellow -> yellow

 blue red yellow
3004329 zero
3000957 zero
5994714 zero
 one two zero zero zero zero zero zero

 blue red yellow red yellow blue red yellow red blue
1399684 zero
1319616 zero
964362 zero
1034091 zero
1334759 zero
986763 zero
1157961 zero
1190614 zero
1349684 zero
1262466 zero
 one two zero zero zero zero zero zero

