
Sun, 03 Oct 2010 16:22:08 GMT

MAKE:
mv chameneosredux.cspreview chameneosredux.cs
/usr/local/src/mono-2.8/bin/mcs  -optimize+ -out:chameneosredux.cspreview_run chameneosredux.cs
rm chameneosredux.cs
0.16s to complete and log all make actions

COMMAND LINE:
/usr/local/src/mono-2.8/bin/mono --gc=sgen chameneosredux.cspreview_run 6000000

PROGRAM OUTPUT:
blue + blue -> blue
blue + red -> yellow
blue + yellow -> red
red + blue -> yellow
red + red -> red
red + yellow -> blue
yellow + blue -> red
yellow + red -> blue
yellow + yellow -> yellow

 blue red yellow
4181791 zero
3657339 zero
4160870 zero
 one two zero zero zero zero zero zero

 blue red yellow red yellow blue red yellow red blue
1199366 zero
1190321 zero
1220562 zero
1204070 zero
1182643 zero
1201747 zero
1233974 zero
1188346 zero
1201015 zero
1177956 zero
 one two zero zero zero zero zero zero

