
Wed, 04 May 2011 05:43:17 GMT

MAKE:
mv chameneosredux.csharp chameneosredux.cs
/usr/local/src/mono-2.10.2/bin/mcs  -optimize+ -out:chameneosredux.csharp_run chameneosredux.cs
rm chameneosredux.cs
0.80s to complete and log all make actions

COMMAND LINE:
/usr/local/src/mono-2.10.2/bin/mono-sgen --gc=sgen chameneosredux.csharp_run 600000

PROGRAM FAILED 


PROGRAM OUTPUT:
blue + blue -> blue
blue + red -> yellow
blue + yellow -> red
red + blue -> yellow
red + red -> red
red + yellow -> blue
yellow + blue -> red
yellow + red -> blue
yellow + yellow -> yellow

 blue red yellow

Stacktrace:


Native stacktrace:

