
Sun, 10 Aug 2008 07:12:26 GMT

MAKE:
mv fannuch.ghc-4.ghc fannuch.ghc-4.hs
/usr/bin/ghc --make -O2 -fglasgow-exts -fparr  fannuch.ghc-4.hs -o fannuch.ghc-4.ghc_run
[1 of 1] Compiling Main             ( fannuch.ghc-4.hs, fannuch.ghc-4.o )
Linking fannuch.ghc-4.ghc_run ...
rm fannuch.ghc-4.hs

COMMAND LINE:
./fannuch.ghc-4.ghc_run  9

UNEXPECTED OUTPUT 

31c31
< Pfannkuchen(9) = 30
\ No newline at end of file
---
> Pfannkuchen(9) = 30

PROGRAM OUTPUT:
123456789
213456789
231456789
321456789
312456789
132456789
234156789
324156789
342156789
432156789
423156789
243156789
341256789
431256789
413256789
143256789
134256789
314256789
412356789
142356789
124356789
214356789
241356789
421356789
234516789
324516789
342516789
432516789
423516789
243516789
Pfannkuchen(9) = 30