
Wed, 03 Sep 2008 04:46:07 GMT

MAKE:
/usr/bin/gcc -pipe -Wall -O3 -fomit-frame-pointer -pipe -Wall -O3 -fomit-frame-pointer -lpthread fannkuch.gcc-2.c -o fannkuch.gcc-2.gcc_run
fannkuch.gcc-2.c: In function ‘main’:
fannkuch.gcc-2.c:94: warning: control reaches end of non-void function
rm fannkuch.gcc-2.c

COMMAND LINE:
./fannkuch.gcc-2.gcc_run 9

PROGRAM FAILED 


PROGRAM OUTPUT:
123456789
213456789
231456789
321456789
312456789
132456789
234156789
324156789
342156789
432156789
423156789
243156789
341256789
431256789
413256789
143256789
134256789
314256789
412356789
142356789
124356789
214356789
241356789
421356789
234516789
324516789
342516789
432516789
423516789
243516789
Pfannkuchen(9) = 30
