
Sun, 26 Apr 2009 05:25:39 GMT

MAKE:
/usr/bin/g++ -c -pipe -O3 -fomit-frame-pointer -march=native -fopenmp knucleotide.gpp-2.c++ -o knucleotide.gpp-2.c++.o &&  \
        /usr/bin/g++ knucleotide.gpp-2.c++.o -o knucleotide.gpp-2.gpp_run -fopenmp 
In file included from /usr/include/c++/4.3/ext/hash_map:64,
                 from knucleotide.gpp-2.c++:12:
/usr/include/c++/4.3/backward/backward_warning.h:33:2: warning: #warning This file includes at least one deprecated or antiquated header which may be removed without further notice at a future date. Please use a non-deprecated interface with equivalent functionality instead. For a listing of replacement headers and interfaces, consult the file backward_warning.h. To disable this warning use -Wno-deprecated.
rm knucleotide.gpp-2.c++
2.48s to complete and log all make actions

COMMAND LINE:
./knucleotide.gpp-2.gpp_run 0 < knucleotide-input25000000.txt

PROGRAM OUTPUT:
A 30.295
T 30.151
C 19.800
G 19.754

AA 9.177
TA 9.132
AT 9.131
TT 9.091
CA 6.002
AC 6.001
AG 5.987
GA 5.984
CT 5.971
TC 5.971
GT 5.957
TG 5.956
CC 3.917
GC 3.911
CG 3.909
GG 3.902

1471758	GGT
446535	GGTA
47336	GGTATT
893	GGTATTTTAATT
893	GGTATTTTAATTTATAGT
