
Tue, 26 Jan 2010 18:49:57 GMT

MAKE:
/usr/bin/gcc -pipe -Wall -O3 -fomit-frame-pointer -march=native -std=c99 -include Include/simple_hash3.h -lpthread -pthread knucleotide.gcc-4.c -o knucleotide.gcc-4.gcc_run
In file included from <command-line>:0:
./Include/simple_hash3.h: In function ‘ht_find’:
./Include/simple_hash3.h:156: warning: ‘ht_hashcode’ is static but used in inline function ‘ht_find’ which is not static
./Include/simple_hash3.h: In function ‘ht_find_new’:
./Include/simple_hash3.h:173: warning: ‘ht_hashcode’ is static but used in inline function ‘ht_find_new’ which is not static
./Include/simple_hash3.h:191: warning: ‘ht_node_create’ is static but used in inline function ‘ht_find_new’ which is not static
./Include/simple_hash3.h:195: warning: ‘ht_node_create’ is static but used in inline function ‘ht_find_new’ which is not static
knucleotide.gcc-4.c: At top level:
knucleotide.gcc-4.c:87: warning: missing braces around initializer
knucleotide.gcc-4.c:87: warning: (near initialization for ‘result_list[0]’)
knucleotide.gcc-4.c: In function ‘main’:
knucleotide.gcc-4.c:332: warning: ignoring #pragma omp parallel
/tmp/cc1mOFwn.o: In function `BuildHashTable12':
knucleotide.gcc-4.c:(.text+0x10df): undefined reference to `omp_get_thread_num'
/tmp/cc1mOFwn.o: In function `WriteCount12':
knucleotide.gcc-4.c:(.text+0x158f): undefined reference to `omp_get_num_threads'
knucleotide.gcc-4.c:(.text+0x15cd): undefined reference to `omp_get_num_threads'
/tmp/cc1mOFwn.o: In function `BuildHashTable1':
knucleotide.gcc-4.c:(.text+0x1e56): undefined reference to `omp_get_thread_num'
/tmp/cc1mOFwn.o: In function `WriteFreq1':
knucleotide.gcc-4.c:(.text+0x201f): undefined reference to `omp_get_num_threads'
knucleotide.gcc-4.c:(.text+0x2071): undefined reference to `omp_get_num_threads'
/tmp/cc1mOFwn.o: In function `BuildHashTable3':
knucleotide.gcc-4.c:(.text+0x23af): undefined reference to `omp_get_thread_num'
/tmp/cc1mOFwn.o: In function `WriteCount3':
knucleotide.gcc-4.c:(.text+0x260f): undefined reference to `omp_get_num_threads'
knucleotide.gcc-4.c:(.text+0x264d): undefined reference to `omp_get_num_threads'
/tmp/cc1mOFwn.o: In function `BuildHashTable2':
knucleotide.gcc-4.c:(.text+0x299e): undefined reference to `omp_get_thread_num'
/tmp/cc1mOFwn.o: In function `WriteFreq2':
knucleotide.gcc-4.c:(.text+0x2c2f): undefined reference to `omp_get_num_threads'
knucleotide.gcc-4.c:(.text+0x2c81): undefined reference to `omp_get_num_threads'
/tmp/cc1mOFwn.o: In function `BuildHashTable6':
knucleotide.gcc-4.c:(.text+0x2fcf): undefined reference to `omp_get_thread_num'
/tmp/cc1mOFwn.o: In function `WriteCount6':
knucleotide.gcc-4.c:(.text+0x32df): undefined reference to `omp_get_num_threads'
knucleotide.gcc-4.c:(.text+0x331d): undefined reference to `omp_get_num_threads'
/tmp/cc1mOFwn.o: In function `BuildHashTable4':
knucleotide.gcc-4.c:(.text+0x380f): undefined reference to `omp_get_thread_num'
/tmp/cc1mOFwn.o: In function `WriteCount4':
knucleotide.gcc-4.c:(.text+0x3aaf): undefined reference to `omp_get_num_threads'
knucleotide.gcc-4.c:(.text+0x3aed): undefined reference to `omp_get_num_threads'
/tmp/cc1mOFwn.o: In function `BuildHashTable18':
knucleotide.gcc-4.c:(.text+0x3ec6): undefined reference to `omp_get_thread_num'
/tmp/cc1mOFwn.o: In function `WriteCount18':
knucleotide.gcc-4.c:(.text+0x410f): undefined reference to `omp_get_num_threads'
knucleotide.gcc-4.c:(.text+0x414d): undefined reference to `omp_get_num_threads'
/tmp/cc1mOFwn.o: In function `main':
knucleotide.gcc-4.c:(.text+0x43cf): undefined reference to `omp_get_thread_num'
knucleotide.gcc-4.c:(.text+0x448e): undefined reference to `omp_get_num_threads'
knucleotide.gcc-4.c:(.text+0x44ff): undefined reference to `omp_get_thread_num'
knucleotide.gcc-4.c:(.text+0x4566): undefined reference to `omp_get_num_threads'
knucleotide.gcc-4.c:(.text+0x47d5): undefined reference to `omp_get_num_threads'
knucleotide.gcc-4.c:(.text+0x4841): undefined reference to `omp_get_thread_num'
knucleotide.gcc-4.c:(.text+0x4905): undefined reference to `omp_get_num_threads'
knucleotide.gcc-4.c:(.text+0x4b40): undefined reference to `omp_get_num_threads'
knucleotide.gcc-4.c:(.text+0x4d2f): undefined reference to `omp_get_num_threads'
knucleotide.gcc-4.c:(.text+0x4dc2): undefined reference to `omp_get_num_threads'
collect2: ld returned 1 exit status
make: [knucleotide.gcc-4.gcc_run] Error 1 (ignored)
rm knucleotide.gcc-4.c
1.36s to complete and log all make actions

COMMAND LINE:
./knucleotide.gcc-4.gcc_run 0 < knucleotide-input250000.txt

MAKE ERROR 

