
Mon, 03 Nov 2008 01:12:20 GMT

MAKE:
mv knucleotide.javaxint-2.javaxint knucleotide.java
/usr/bin/javac knucleotide.java
knucleotide.java:13: class knu is public, should be declared in a file named knu.java
public class knu
       ^
1 error
make: [knucleotide.javaxint-2.javaxint_run] Error 1 (ignored)
0.69s to complete and log all make actions

COMMAND LINE:
/usr/bin/java  -server -Xint knucleotide 0 < knucleotide-input50000.txt

PROGRAM FAILED 


PROGRAM OUTPUT:

Exception in thread "main" java.lang.NoClassDefFoundError: knucleotide
Caused by: java.lang.ClassNotFoundException: knucleotide
	at java.net.URLClassLoader$1.run(URLClassLoader.java:200)
	at java.security.AccessController.doPrivileged(Native Method)
	at java.net.URLClassLoader.findClass(URLClassLoader.java:188)
	at java.lang.ClassLoader.loadClass(ClassLoader.java:306)
	at sun.misc.Launcher$AppClassLoader.loadClass(Launcher.java:276)
	at java.lang.ClassLoader.loadClass(ClassLoader.java:251)
	at java.lang.ClassLoader.loadClassInternal(ClassLoader.java:319)
