
Sat, 02 Aug 2008 02:21:20 GMT

MAKE:
mv knucleotide.ghc-2.ghc knucleotide.ghc-2.hs
/usr/bin/ghc --make -O2 -fglasgow-exts   knucleotide.ghc-2.hs -o knucleotide.ghc-2.ghc_run
[1 of 1] Compiling Main             ( knucleotide.ghc-2.hs, knucleotide.ghc-2.o )

knucleotide.ghc-2.hs:21:0:
    Warning: Deprecated use of `S.findSubstring'
             (imported from Data.ByteString.Char8, but defined in Data.ByteString):
             Do not use. The ByteString searching api is about to be replaced.
Linking knucleotide.ghc-2.ghc_run ...
rm knucleotide.ghc-2.hs

COMMAND LINE:
./knucleotide.ghc-2.ghc_run   < knucleotide-input1000000.txt

PROGRAM OUTPUT:
A 30.296
T 30.155
C 19.796
G 19.752

AA 9.177
TA 9.134
AT 9.133
TT 9.094
CA 6.001
AC 6.000
AG 5.986
GA 5.984
TC 5.971
CT 5.970
GT 5.957
TG 5.956
CC 3.916
GC 3.909
CG 3.908
GG 3.902

58888	GGT
17865	GGTA
1893	GGTATT
36	GGTATTTTAATT
36	GGTATTTTAATTTATAGT
