
Sat, 18 Sep 2010 06:30:51 GMT

MAKE:
mv knucleotide.hipe-3.hipe knucleotide.erl
/usr/local/src/otp_src_R14B/bin/erlc +native +"{hipe, [o3]}"  knucleotide.erl
2.12s to complete and log all make actions

COMMAND LINE:
/usr/local/src/otp_src_R14B/bin/erl -smp enable -noshell -run  knucleotide main 0 < knucleotide-input25000000.txt

PROGRAM OUTPUT:
A 30.295
T 30.151
C 19.800
G 19.754

AA 9.177
TA 9.132
AT 9.131
TT 9.091
CA 6.002
AC 6.001
AG 5.987
GA 5.984
CT 5.971
TC 5.971
GT 5.957
TG 5.956
CC 3.917
GC 3.911
CG 3.909
GG 3.902

1471758	GGT
446535	GGTA
47336	GGTATT
893	GGTATTTTAATT
893	GGTATTTTAATTTATAGT
