
Fri, 13 Aug 2010 17:15:42 GMT

MAKE:
mv knucleotide.python3-2.python3 knucleotide.python3-2.py
/usr/local/src/Python-3.1.2/bin/python3.1 -OO -c "from py_compile import compile; compile('knucleotide.python3-2.py')"
0.17s to complete and log all make actions

COMMAND LINE:
/usr/local/src/Python-3.1.2/bin/python3.1 knucleotide.python3-2.pyo 0 < knucleotide-input250000.txt

UNEXPECTED OUTPUT 

23d22
< 

PROGRAM OUTPUT:
A 30.298
T 30.157
C 19.793
G 19.752

AA 9.177
TA 9.137
AT 9.136
TT 9.094
AC 6.000
CA 5.999
GA 5.986
AG 5.985
TC 5.970
CT 5.970
GT 5.957
TG 5.956
CC 3.915
CG 3.910
GC 3.908
GG 3.902


14717	GGT
4463	GGTA
472	GGTATT
9	GGTATTTTAATT
9	GGTATTTTAATTTATAGT
