
Wed, 06 Aug 2008 03:26:26 GMT

MAKE:
/usr/bin/g++ -c -pipe -O3 -fomit-frame-pointer -O3 -fomit-frame-pointer  -pipe -O3 -fomit-frame-pointer   knucleotide.gpp-3.c++ -o knucleotide.gpp-3.c++.o &&  \
        /usr/bin/g++ knucleotide.gpp-3.c++.o -o knucleotide.gpp-3.gpp_run -L/usr/local/lib -L/usr/local/lib  
knucleotide.gpp-3.c++: In function ‘void write_count(const std::vector<char, std::allocator<char> >&, const char*) [with hasher = hasher<3ul>]’:
knucleotide.gpp-3.c++:185:   instantiated from here
knucleotide.gpp-3.c++:154: error: no matching function for call to ‘min(unsigned int, long unsigned int)’
knucleotide.gpp-3.c++: In function ‘void write_count(const std::vector<char, std::allocator<char> >&, const char*) [with hasher = hasher<4ul>]’:
knucleotide.gpp-3.c++:186:   instantiated from here
knucleotide.gpp-3.c++:154: error: no matching function for call to ‘min(unsigned int, long unsigned int)’
knucleotide.gpp-3.c++: In function ‘void write_count(const std::vector<char, std::allocator<char> >&, const char*) [with hasher = hasher<6ul>]’:
knucleotide.gpp-3.c++:187:   instantiated from here
knucleotide.gpp-3.c++:154: error: no matching function for call to ‘min(unsigned int, long unsigned int)’
knucleotide.gpp-3.c++: In function ‘void write_count(const std::vector<char, std::allocator<char> >&, const char*) [with hasher = hasher<12ul>]’:
knucleotide.gpp-3.c++:188:   instantiated from here
knucleotide.gpp-3.c++:154: error: no matching function for call to ‘min(unsigned int, long unsigned int)’
knucleotide.gpp-3.c++: In function ‘void write_count(const std::vector<char, std::allocator<char> >&, const char*) [with hasher = hasher<18ul>]’:
knucleotide.gpp-3.c++:189:   instantiated from here
knucleotide.gpp-3.c++:154: error: no matching function for call to ‘min(unsigned int, long unsigned int)’
make[2]: [knucleotide.gpp-3.gpp_run] Error 1 (ignored)
rm knucleotide.gpp-3.c++

COMMAND LINE:
./knucleotide.gpp-3.gpp_run  < knucleotide-input50000.txt

MISSING FILE 

