
Wed, 04 May 2011 19:25:29 GMT

MAKE:
mv mandelbrot.fpascal-2.fpascal mandelbrot.fpascal-2.pas
/usr/local/src/fpc-2.4.2.x86_64-linux/bin/fpc -FuInclude/fpascal -XXs -O3   -oFPASCAL_RUN mandelbrot.fpascal-2.pas
Free Pascal Compiler version 2.4.2 [2010/11/08] for x86_64
Copyright (c) 1993-2010 by Florian Klaempfl
Target OS: Linux for x86-64
Compiling mandelbrot.fpascal-2.pas
mandelbrot.fpascal-2.pas(95,36) Error: Incompatible type for arg no. 1: Got "<address of function(Pointer):LongInt;Register>", expected "<procedure variable type of function(Pointer):Int64;Register>"
mandelbrot.fpascal-2.pas(100,34) Error: Incompatible type for arg no. 1: Got "<address of function(Pointer):LongInt;Register>", expected "<procedure variable type of function(Pointer):Int64;Register>"
mandelbrot.fpascal-2.pas(133) Fatal: There were 2 errors compiling module, stopping
Fatal: Compilation aborted
Error: /usr/local/src/fpc-2.4.2.x86_64-linux/bin/ppcx64 returned an error exitcode (normal if you did not specify a source file to be compiled)
make: [mandelbrot.fpascal-2.fpascal_run] Error 1 (ignored)
mv FPASCAL_RUN mandelbrot.fpascal-2.fpascal_run
mv: cannot stat `FPASCAL_RUN': No such file or directory
make: [mandelbrot.fpascal-2.fpascal_run] Error 1 (ignored)
rm mandelbrot.fpascal-2.pas
0.08s to complete and log all make actions

COMMAND LINE:
./mandelbrot.fpascal-2.fpascal_run 1000

MAKE ERROR 

