
Sat, 02 Aug 2008 03:11:08 GMT

MAKE:
/usr/bin/g++ -c -pipe -O3 -fomit-frame-pointer -O3 -fomit-frame-pointer  -pipe -O3 -fomit-frame-pointer   meteor.c++ -o meteor.c++.o &&  \
        /usr/bin/g++ meteor.c++.o -o meteor.gpp_run -L/usr/local/lib -L/usr/local/lib  
In file included from /usr/include/c++/4.2/backward/iostream.h:31,
                 from meteor.c++:6:
/usr/include/c++/4.2/backward/backward_warning.h:32:2: warning: #warning This file includes at least one deprecated or antiquated header. Please consider using one of the 32 headers found in section 17.4.1.2 of the C++ standard. Examples include substituting the <X> header for the <X.h> header for C++ includes, or <iostream> instead of the deprecated header <iostream.h>. To disable this warning use -Wno-deprecated.
meteor.c++:75: warning: deprecated conversion from string constant to ‘char*’
meteor.c++:75: warning: deprecated conversion from string constant to ‘char*’
meteor.c++:75: warning: deprecated conversion from string constant to ‘char*’
meteor.c++:75: warning: deprecated conversion from string constant to ‘char*’
meteor.c++:75: warning: deprecated conversion from string constant to ‘char*’
meteor.c++:75: warning: deprecated conversion from string constant to ‘char*’
rm meteor.c++

COMMAND LINE:
./meteor.gpp_run 2098

PROGRAM OUTPUT:
2098 solutions found

0 0 0 0 1 
 2 2 2 0 1 
2 6 6 1 1 
 2 6 1 5 5 
8 6 5 5 5 
 8 6 3 3 3 
4 8 8 9 3 
 4 4 8 9 3 
4 7 4 7 9 
 7 7 7 9 9 

9 9 9 9 8 
 9 6 6 8 5 
6 6 8 8 5 
 6 8 2 5 5 
7 7 7 2 5 
 7 4 7 2 0 
1 4 2 2 0 
 1 4 4 0 3 
1 4 0 0 3 
 1 1 3 3 3 

