
Tue, 05 Aug 2008 09:29:27 GMT

MAKE:
mv meteor.ghc-4.ghc meteor.ghc-4.hs
/usr/bin/ghc --make -O2 -fglasgow-exts   meteor.ghc-4.hs -o meteor.ghc-4.ghc_run
[1 of 1] Compiling Main             ( meteor.ghc-4.hs, meteor.ghc-4.o )
Linking meteor.ghc-4.ghc_run ...
rm meteor.ghc-4.hs

COMMAND LINE:
./meteor.ghc-4.ghc_run  2098

PROGRAM OUTPUT:
2098 solutions found

0 0 0 0 1 
 2 2 2 0 1 
2 6 6 1 1 
 2 6 1 5 5 
8 6 5 5 5 
 8 6 3 3 3 
4 8 8 9 3 
 4 4 8 9 3 
4 7 4 7 9 
 7 7 7 9 9 

9 9 9 9 8 
 9 6 6 8 5 
6 6 8 8 5 
 6 8 2 5 5 
7 7 7 2 5 
 7 4 7 2 0 
1 4 2 2 0 
 1 4 4 0 3 
1 4 0 0 3 
 1 1 3 3 3 

