
Wed, 14 Oct 2009 21:57:12 GMT

MAKE:
/usr/local/src/ats-lang-anairiats-0.1.6/bin/atscc  -pipe -Wall -O3 -fomit-frame-pointer -march=native -lm -mfpmath=sse -msse2 nbody.dats -o nbody.ats-2.ats_run
/usr/local/src/ats-lang-anairiats-0.1.6/bin/atsopt --output nbody_dats.c --dynamic nbody.dats
/usr/local/src/ats-lang-anairiats-0.1.6/ccomp/runtime/ats_prelude.c:210:17: warning: "/*" within comment
In file included from nbody_dats.c:22:
/usr/local/src/ats-lang-anairiats-0.1.6/prelude/CATS/char.cats: In function ‘atspre_char_isblank’:
/usr/local/src/ats-lang-anairiats-0.1.6/prelude/CATS/char.cats:219: warning: implicit declaration of function ‘isblank’
In file included from nbody_dats.c:25:
/usr/local/src/ats-lang-anairiats-0.1.6/prelude/CATS/integer_fixed.cats: In function ‘atspre_fprint_uint64’:
/usr/local/src/ats-lang-anairiats-0.1.6/prelude/CATS/integer_fixed.cats:1286: warning: format ‘%hhu’ expects type ‘int’, but argument 3 has type ‘ats_uint64_type’
nbody_dats.c: In function ‘advance_0’:
nbody_dats.c:367: warning: label ‘__ats_lab_advance_0’ defined but not used
nbody_dats.c: In function ‘energy_4’:
nbody_dats.c:504: warning: label ‘__ats_lab_energy_4’ defined but not used
nbody_dats.c: In function ‘offmoment_7’:
nbody_dats.c:578: warning: label ‘__ats_lab_1’ defined but not used
nbody_dats.c:575: warning: label ‘__ats_lab_2’ defined but not used
nbody_dats.c:548: warning: label ‘__ats_lab_offmoment_7’ defined but not used
nbody_dats.c: In function ‘mainats’:
nbody_dats.c:640: warning: label ‘__ats_lab_4’ defined but not used
nbody_dats.c:637: warning: label ‘__ats_lab_5’ defined but not used
nbody_dats.c:619: warning: label ‘__ats_lab_mainats’ defined but not used
nbody_dats.c: At top level:
/usr/local/src/ats-lang-anairiats-0.1.6/prelude/CATS/pointer.cats:52: warning: ‘atspre_null_ptr’ defined but not used
/usr/local/src/ats-lang-anairiats-0.1.6/prelude/CATS/printf.cats:50: warning: ‘atspre_fprintf_err’ defined but not used
/usr/local/src/ats-lang-anairiats-0.1.6/prelude/CATS/printf.cats:61: warning: ‘atspre_fprintf_exn’ defined but not used
/usr/local/src/ats-lang-anairiats-0.1.6/prelude/CATS/printf.cats:73: warning: ‘atspre_printf_err’ defined but not used
/usr/local/src/ats-lang-anairiats-0.1.6/prelude/CATS/printf.cats:98: warning: ‘atspre_prerrf_exn’ defined but not used
/usr/local/src/ats-lang-anairiats-0.1.6/prelude/CATS/string.cats:357: warning: ‘atspre_stropt_none’ defined but not used
/tmp/cceaLHqR.o: In function `main':
nbody_dats.c:(.text+0x836): undefined reference to `_2usr_2local_2src_2ats_2dlang_2danairiats_2d0_2e1_2e6_2libc_2SATS_2math_2esats__staload'
/tmp/cceaLHqR.o: In function `_2home_2dunham_2Documents_2benchmarksgame_2nbody_2tmp_2nbody_2edats__staload':
nbody_dats.c:(.text+0x1b): undefined reference to `_2usr_2local_2src_2ats_2dlang_2danairiats_2d0_2e1_2e6_2libc_2SATS_2math_2esats__staload'
/tmp/cceaLHqR.o: In function `_2home_2dunham_2Documents_2benchmarksgame_2nbody_2tmp_2nbody_2edats__dynload':
nbody_dats.c:(.text+0x11b): undefined reference to `_2usr_2local_2src_2ats_2dlang_2danairiats_2d0_2e1_2e6_2libc_2SATS_2math_2esats__staload'
collect2: ld returned 1 exit status
Exit: [gcc] failed.
gcc -I/usr/local/src/ats-lang-anairiats-0.1.6/ -I/usr/local/src/ats-lang-anairiats-0.1.6/ccomp/runtime/ -L/usr/local/src/ats-lang-anairiats-0.1.6/ccomp/lib64/ /usr/local/src/ats-lang-anairiats-0.1.6/ccomp/runtime/ats_prelude.c -pipe -Wall -O3 -fomit-frame-pointer -march=native -lm -mfpmath=sse -msse2 nbody_dats.c -o nbody.ats-2.ats_run -lats 
0.39s to complete and log all make actions

COMMAND LINE:
./nbody.ats-2.ats_run 500000

MAKE ERROR 

