
Sat, 02 Aug 2008 06:00:31 GMT

MAKE:
mv partialsums.python-3.python partialsums.python-3.py
/usr/bin/python -OO -c "from py_compile import compile; compile('partialsums.python-3.py')"

COMMAND LINE:
/usr/bin/python partialsums.python-3.pyo 250000

UNEXPECTED OUTPUT 

5c5
< 42.995162793	Cookson Hills
---
> 42.995162792	Cookson Hills

PROGRAM OUTPUT:
3.000000000	(2/3)^k
998.540645491	k^-0.5
0.999996000	1/k(k+1)
30.314534438	Flint Hills
42.995162793	Cookson Hills
13.006433862	Harmonic
1.644930067	Riemann Zeta
0.693145181	Alternating Harmonic
0.785397163	Gregory
