
Sat, 02 Aug 2008 06:01:51 GMT

MAKE:
mv partialsums.cal partialsums.cal
mv: `partialsums.cal' and `partialsums.cal' are the same file
make[2]: [partialsums.cal_run] Error 1 (ignored)

Include/cal/compile.sh partialsums.cal
Open Quark Standalone JAR Tool (version 1.7.1_0)
Initializing the CAL workspace...
...CAL workspace initialized.
Building the standalone JAR /home/dunham/Documents/benchmarksgame/partialsums/tmp/partialsums.jar
Done building the standalone JAR /home/dunham/Documents/benchmarksgame/partialsums/tmp/partialsums.jar

COMMAND LINE:
/usr/local/src/Quark/quarklaunch.sh partialsums.jar partialsums.main 2500000

PROGRAM OUTPUT:
3.000000000	(2/3)^k
3160.817621887	k^-0.5
0.999999600	1/k(k+1)
30.314541510	Flint Hills
42.995233998	Cookson Hills
15.309017155	Harmonic
1.644933667	Riemann Zeta
0.693146981	Alternating Harmonic
0.785398063	Gregory
