
Sat, 02 Aug 2008 06:03:07 GMT

MAKE:
mv partialsums.mlton-2.mlton partialsums.mlton-2.sml
(if [ -r mlb_partialsums.mlton-2.mlb ]; then			\
			mv mlb_partialsums.mlton-2.mlb partialsums.mlton-2.mlb;		\
		else							\
			echo 'Include/mlton-src/lib.mlb partialsums.mlton-2.sml'	\
				 >partialsums.mlton-2.mlb;				\
		fi)
/usr/bin/mlton  -output partialsums.mlton-2.mlton_run partialsums.mlton-2.mlb

COMMAND LINE:
./partialsums.mlton-2.mlton_run 2500000

PROGRAM OUTPUT:
3.000000000	(2/3)^k
3160.817621887	k^-0.5
0.999999600	1/k(k+1)
30.314541510	Flint Hills
42.995233998	Cookson Hills
15.309017155	Harmonic
1.644933667	Riemann Zeta
0.693146981	Alternating Harmonic
0.785398063	Gregory
