
Wed, 04 Mar 2009 01:23:22 GMT

MAKE:
cp regexdna.groovy regexdna.groovy
cp: `regexdna.groovy' and `regexdna.groovy' are the same file
make: [regexdna.groovy_run] Error 1 (ignored)
0.01s to complete and log all make actions

COMMAND LINE:
env JAVA_OPTS=-server /usr/local/src/groovy-1.6.0/bin/groovy regexdna.groovy 0 < regexdna-input5000000.txt

PROGRAM OUTPUT:
agggtaaa|tttaccct 356
[cgt]gggtaaa|tttaccc[acg] 1250
a[act]ggtaaa|tttacc[agt]t 4252
ag[act]gtaaa|tttac[agt]ct 2894
agg[act]taaa|ttta[agt]cct 5435
aggg[acg]aaa|ttt[cgt]ccct 1537
agggt[cgt]aa|tt[acg]accct 1431
agggta[cgt]a|t[acg]taccct 1608
agggtaa[cgt]|[acg]ttaccct 2178

50833411
50000000
66800214
