
Sat, 02 Aug 2008 06:15:58 GMT

MAKE:
/usr/bin/gnatchop -w regexdna.gnat-4.gnat
splitting regexdna.gnat-4.gnat into:
   regexdna.adb
/usr/bin/gnatmake -gnatp -O3 -fomit-frame-pointer -O3 -fomit-frame-pointer   -f regexdna.adb -o regexdna.gnat-4.gnat_run
gcc-4.2 -c -gnatp -O3 -fomit-frame-pointer -O3 -fomit-frame-pointer regexdna.adb
gnatbind -x regexdna.ali
gnatlink regexdna.ali -fomit-frame-pointer -fomit-frame-pointer -o regexdna.gnat-4.gnat_run

COMMAND LINE:
./regexdna.gnat-4.gnat_run  < regexdna-input500000.txt

PROGRAM OUTPUT:
agggtaaa|tttaccct 36
[cgt]gggtaaa|tttaccc[acg] 125
a[act]ggtaaa|tttacc[agt]t 426
ag[act]gtaaa|tttac[agt]ct 290
agg[act]taaa|ttta[agt]cct 536
aggg[acg]aaa|ttt[cgt]ccct 153
agggt[cgt]aa|tt[acg]accct 143
agggta[cgt]a|t[acg]taccct 160
agggtaa[cgt]|[acg]ttaccct 219

5083411
5000000
6678892
