
Sun, 07 Feb 2010 19:47:32 GMT

MAKE:
/usr/local/src/go/bin/6g -o regexdna.go.6 regexdna.go && \
	/usr/local/src/go/bin/6l -o regexdna.go_run regexdna.go.6
0.21s to complete and log all make actions

COMMAND LINE:
./regexdna.go_run 0 < regexdna-input5000000.txt

PROGRAM OUTPUT:
agggtaaa|tttaccct 356
[cgt]gggtaaa|tttaccc[acg] 1250
a[act]ggtaaa|tttacc[agt]t 4252
ag[act]gtaaa|tttac[agt]ct 2894
agg[act]taaa|ttta[agt]cct 5435
aggg[acg]aaa|ttt[cgt]ccct 1537
agggt[cgt]aa|tt[acg]accct 1431
agggta[cgt]a|t[acg]taccct 1608
agggtaa[cgt]|[acg]ttaccct 2178

50833411
50000000
66800214
