
Sat, 14 Aug 2010 03:56:45 GMT

MAKE:
/usr/bin/g++ -c -pipe -O3 -fomit-frame-pointer -march=native -lpcre -fopenmp regexdna.gpp-2.c++ -o regexdna.gpp-2.c++.o &&  \
        /usr/bin/g++ regexdna.gpp-2.c++.o -o regexdna.gpp-2.gpp_run -lboost_regex-mt -fopenmp 
regexdna.gpp-2.c++:7:17: error: re2.h: No such file or directory
regexdna.gpp-2.c++:12: error: ‘re2’ is not a namespace-name
regexdna.gpp-2.c++:12: error: expected namespace-name before ‘;’ token
regexdna.gpp-2.c++: In function ‘int main()’:
regexdna.gpp-2.c++:57: error: ‘RE2’ has not been declared
regexdna.gpp-2.c++:67: error: ‘RE2’ was not declared in this scope
regexdna.gpp-2.c++:67: error: expected ‘;’ before ‘pat’
regexdna.gpp-2.c++:68: error: ‘StringPiece’ was not declared in this scope
regexdna.gpp-2.c++:68: error: expected ‘;’ before ‘piece’
regexdna.gpp-2.c++:70: error: ‘RE2’ is not a class or namespace
regexdna.gpp-2.c++:70: error: ‘piece’ was not declared in this scope
regexdna.gpp-2.c++:70: error: ‘pat’ was not declared in this scope
regexdna.gpp-2.c++:78: error: ‘RE2’ has not been declared
make: [regexdna.gpp-2.gpp_run] Error 1 (ignored)
rm regexdna.gpp-2.c++
1.53s to complete and log all make actions

COMMAND LINE:
./regexdna.gpp-2.gpp_run 0 < regexdna-input50000.txt

MAKE ERROR 

