
Sat, 02 Aug 2008 06:15:38 GMT

MAKE:
mv regexdna.csharp regexdna.cs
/usr/bin/gmcs  -optimize+ -out:regexdna.csharp_run regexdna.cs
rm regexdna.cs

COMMAND LINE:
/usr/bin/mono regexdna.csharp_run  < regexdna-input500000.txt

PROGRAM OUTPUT:
agggtaaa|tttaccct 36
[cgt]gggtaaa|tttaccc[acg] 125
a[act]ggtaaa|tttacc[agt]t 426
ag[act]gtaaa|tttac[agt]ct 290
agg[act]taaa|ttta[agt]cct 536
aggg[acg]aaa|ttt[cgt]ccct 153
agggt[cgt]aa|tt[acg]accct 143
agggta[cgt]a|t[acg]taccct 160
agggtaa[cgt]|[acg]ttaccct 219

5083411
5000000
6678892
