
Wed, 06 Aug 2008 08:18:09 GMT

MAKE:
mv regexdna.csharp regexdna.cs
/usr/bin/gmcs  -optimize+ -out:regexdna.csharp_run regexdna.cs
rm regexdna.cs

COMMAND LINE:
/usr/bin/mono regexdna.csharp_run  < regexdna-input5000000.txt

PROGRAM OUTPUT:
agggtaaa|tttaccct 356
[cgt]gggtaaa|tttaccc[acg] 1250
a[act]ggtaaa|tttacc[agt]t 4252
ag[act]gtaaa|tttac[agt]ct 2894
agg[act]taaa|ttta[agt]cct 5435
aggg[acg]aaa|ttt[cgt]ccct 1537
agggt[cgt]aa|tt[acg]accct 1431
agggta[cgt]a|t[acg]taccct 1608
agggtaa[cgt]|[acg]ttaccct 2178

50833411
50000000
66800214
