
Sat, 02 Aug 2008 06:14:07 GMT

MAKE:
mv regexdna.scala regexdna.scala
mv: `regexdna.scala' and `regexdna.scala' are the same file
make[2]: [regexdna.scala_run] Error 1 (ignored)
( /usr/local/src/scala-2.7.1.final/bin/scalac regexdna.scala ; export JAVACMD="/usr/bin/java  -server -Xbatch" )

COMMAND LINE:
/usr/local/src/scala-2.7.1.final/bin/scala regexdna  < regexdna-input500000.txt

PROGRAM OUTPUT:
agggtaaa|tttaccct 36
[cgt]gggtaaa|tttaccc[acg] 125
a[act]ggtaaa|tttacc[agt]t 426
ag[act]gtaaa|tttac[agt]ct 290
agg[act]taaa|ttta[agt]cct 536
aggg[acg]aaa|ttt[cgt]ccct 153
agggt[cgt]aa|tt[acg]accct 143
agggta[cgt]a|t[acg]taccct 160
agggtaa[cgt]|[acg]ttaccct 219

5083411
5000000
6678892
