
Tue, 09 Feb 2010 15:40:41 GMT

MAKE:
mv regexdna.hipe regexdna.erl
/usr/local/src/otp_src_R13B03/bin/erlc +native +"{hipe, [o3]}"  regexdna.erl
rm regexdna.erl
0.92s to complete and log all make actions

COMMAND LINE:
/usr/local/src/otp_src_R13B03/bin/erl -smp enable -noshell -run  regexdna main 0 < regexdna-input5000000.txt

PROGRAM OUTPUT:
agggtaaa|tttaccct 356
[cgt]gggtaaa|tttaccc[acg] 1250
a[act]ggtaaa|tttacc[agt]t 4252
ag[act]gtaaa|tttac[agt]ct 2894
agg[act]taaa|ttta[agt]cct 5435
aggg[acg]aaa|ttt[cgt]ccct 1537
agggt[cgt]aa|tt[acg]accct 1431
agggta[cgt]a|t[acg]taccct 1608
agggtaa[cgt]|[acg]ttaccct 2178

50833411
50000000
66800214
