
Wed, 15 Sep 2010 00:51:33 GMT

MAKE:
mv revcomp.cspreview-3.cspreview revcomp.cspreview-3.cs
/usr/local/src/mono-2.8/bin/mcs  -optimize+ -out:revcomp.cspreview-3.cspreview_run revcomp.cspreview-3.cs
rm revcomp.cspreview-3.cs
0.16s to complete and log all make actions

COMMAND LINE:
/usr/local/src/mono-2.8/bin/mono --gc=sgen revcomp.cspreview-3.cspreview_run 0 < revcomp-input2500000.txt

PROGRAM FAILED 


PROGRAM OUTPUT:

Stacktrace:

  at (wrapper managed-to-native) string.InternalAllocateStr (int) <0x00049>
  at (wrapper managed-to-native) string.InternalAllocateStr (int) <0x00049>
  at string.CreateString (char[],int,int) <0x00067>
  at (wrapper managed-to-managed) string..ctor (char[],int,int) <0x0001b>
  at System.IO.StreamReader.ReadLine () <0x00083>
  at revcomp.Main (string[]) <0x0013b>
  at (wrapper runtime-invoke) <Module>.runtime_invoke_void_object (object,intptr,intptr,intptr) <0x00098>

Native stacktrace:

	/usr/local/src/mono-2.8/bin/mono-sgen() [0x48b51b]
	/usr/local/src/mono-2.8/bin/mono-sgen() [0x4de2ef]
	/lib/libpthread.so.0(+0xf8f0) [0x7f850eaea8f0]
	/usr/local/src/mono-2.8/bin/mono-sgen() [0x5325e0]
	/usr/local/src/mono-2.8/bin/mono-sgen() [0x5327b6]
	/usr/local/src/mono-2.8/bin/mono-sgen() [0x532862]
	/usr/local/src/mono-2.8/bin/mono-sgen() [0x53989a]
	/usr/local/src/mono-2.8/bin/mono-sgen() [0x53b47b]
	/usr/local/src/mono-2.8/bin/mono-sgen() [0x53ba03]
	/usr/local/src/mono-2.8/bin/mono-sgen() [0x53badf]
	/usr/local/src/mono-2.8/bin/mono-sgen(mono_string_new_size+0x4c) [0x50dc3c]
	[0x4164061a]

Debug info from gdb:

[Thread debugging using libthread_db enabled]
[New Thread 0x7f850c7a9710 (LWP 22720)]
0x00007f850eae993d in read () from /lib/libpthread.so.0
  2 Thread 0x7f850c7a9710 (LWP 22720)  0x00007f850e78be24 in sigsuspend ()
   from /lib/libc.so.6
* 1 Thread 0x7f850f586780 (LWP 22718)  0x00007f850eae993d in read ()
   from /lib/libpthread.so.0

Thread 2 (Thread 0x7f850c7a9710 (LWP 22720)):
#0  0x00007f850e78be24 in sigsuspend () from /lib/libc.so.6
#1  0x00000000005318c1 in suspend_handler (sig=<value optimized out>, 
    siginfo=<value optimized out>, context=0x7f850c7a8900) at sgen-gc.c:4620
#2  <signal handler called>
#3  0x00007f850eae8b4e in sem_wait () from /lib/libpthread.so.0
#4  0x00000000005d68e8 in mono_sem_wait (sem=0x8e8920, alertable=0)
    at mono-semaphore.c:102
#5  0x000000000057837d in finalizer_thread (unused=<value optimized out>)
    at gc.c:1048
#6  0x00000000005b291f in start_wrapper (data=<value optimized out>)
    at threads.c:747
#7  0x00000000005ce724 in thread_start_routine (args=0x26116e0)
    at wthreads.c:285
#8  0x00000000005345bd in gc_start_thread (arg=0x2638e00) at sgen-gc.c:5351
#9  0x00007f850eae19ca in start_thread () from /lib/libpthread.so.0
#10 0x00007f850e83e6fd in clone () from /lib/libc.so.6
#11 0x0000000000000000 in ?? ()

Thread 1 (Thread 0x7f850f586780 (LWP 22718)):
#0  0x00007f850eae993d in read () from /lib/libpthread.so.0
#1  0x000000000048b6a7 in read (signal=<value optimized out>, 
    ctx=<value optimized out>) at /usr/include/bits/unistd.h:45
#2  mono_handle_native_sigsegv (signal=<value optimized out>, 
    ctx=<value optimized out>) at mini-exceptions.c:1935
#3  0x00000000004de2ef in mono_arch_handle_altstack_exception (
    sigctx=0x7fffb2fc1680, fault_addr=<value optimized out>, stack_ovf=0)
    at exceptions-amd64.c:926
#4  <signal handler called>
#5  conservatively_pin_objects_from (start=0x7fffb2fc3000, end=0x7fffb2fc6000, 
    start_nursery=0x7f850e000000, end_nursery=0x7f850e400000, 
    pin_type=<value optimized out>) at sgen-gc.c:1815
#6  0x00000000005327b6 in scan_thread_data (start_nursery=0x7f850e000000, 
    end_nursery=0x7f850e400000, precise=0) at sgen-gc.c:4767
#7  0x0000000000532862 in pin_from_roots (start_nursery=0x7f850e000000, 
    end_nursery=0x7f850e400000) at sgen-gc.c:1898
#8  0x000000000053989a in collect_nursery (
    requested_size=<value optimized out>) at sgen-gc.c:2617
#9  0x000000000053b47b in minor_collect_or_expand_inner (size=4096)
    at sgen-gc.c:2984
#10 0x000000000053ba03 in mono_gc_alloc_obj_nolock (vtable=0x25bf318, size=152)
    at sgen-gc.c:3312
#11 0x000000000053badf in mono_gc_alloc_string (vtable=0x25bf318, size=146, 
    len=60) at sgen-gc.c:3482
#12 0x000000000050dc3c in mono_string_new_size (domain=0x25befe0, len=60)
    at object.c:4725
#13 0x000000004164061a in ?? ()
#14 0x00000000025bea70 in ?? ()
#15 0x000000004163e808 in ?? ()
#16 0x0000000000000000 in ?? ()

=================================================================
Got a SIGSEGV while executing native code. This usually indicates
a fatal error in the mono runtime or one of the native libraries 
used by your application.
=================================================================

