
Wed, 01 Sep 2010 06:57:24 GMT

MAKE:
cp: `spectralnorm.sbcl' and `./spectralnorm.sbcl' are the same file
SBCL built with: /usr/local/bin/sbcl --userinit /dev/null --batch --eval '(load "spectralnorm.sbcl_compile")'
### START spectralnorm.sbcl_compile
(proclaim '(optimize (speed 3) (safety 0) (debug 0) (compilation-speed 0) (space 0)))
(handler-bind ((sb-ext:defconstant-uneql      (lambda (c) (abort c))))      (load (compile-file "spectralnorm.sbcl" ))) (save-lisp-and-die "sbcl.core" :purify t)
### END spectralnorm.sbcl_compile


; compiling file "/home/dunham/shootout/bench/spectralnorm/spectralnorm.sbcl" (written 21 FEB 2009 04:20:25 PM):
; compiling (DEFUN EVAL-ATA-TIMES-U ...)
; compiling (DECLAIM (INLINE EVAL-A))
; compiling (DEFUN EVAL-A ...)
; file: /home/dunham/shootout/bench/spectralnorm/spectralnorm.sbcl
; in: DEFUN EVAL-A
;     (DEFUN EVAL-A (I J)
;       (DECLARE (TYPE FIXNUM I J))
;       (LET* ((N (+ I J)) (N+1 (1+ N)))
;         (DECLARE (FIXNUM N N+1))
;         (/ (FLOAT (+ # I 1) 0.0d0))))
; --> PROGN EVAL-WHEN 
; ==>
;   (SB-IMPL::%DEFUN 'EVAL-A
;                    (SB-INT:NAMED-LAMBDA EVAL-A
;                        (I J)
;                      (DECLARE (TYPE FIXNUM I J))
;                      (BLOCK EVAL-A
;                        (LET* (# #)
;                          (DECLARE #)
;                          (/ #))))
;                    NIL
;                    '(SB-C:LAMBDA-WITH-LEXENV NIL NIL NIL (I J)
;                      (DECLARE (TYPE FIXNUM I J))
;                      (BLOCK EVAL-A
;                        (LET* (# #)
;                          (DECLARE #)
;                          (/ #))))
;                    (SB-C:SOURCE-LOCATION))
; 
; note: doing float to pointer coercion (cost 13) to "<return value>"

; compiling (DEFUN EVAL-A-TIMES-U ...)
; compiling (DEFUN EVAL-AT-TIMES-U ...)
; compiling (DEFUN MAIN ...)
; file: /home/dunham/shootout/bench/spectralnorm/spectralnorm.sbcl
; in: DEFUN MAIN
;     (* 2 N)
; ==>
;   (* SB-C::Y 2)
; 
; note: unable to
;   optimize
; due to type uncertainty:
;   The first argument is a NUMBER, not a FLOAT.
; 
; note: unable to
;   optimize
; due to type uncertainty:
;   The first argument is a NUMBER, not a SINGLE-FLOAT.
; 
; note: unable to
;   optimize
; due to type uncertainty:
;   The first argument is a NUMBER, not a DOUBLE-FLOAT.
; 
; note: unable to
;   convert x*2^k to shift
; due to type uncertainty:
;   The first argument is a NUMBER, not a INTEGER.
; 
; note: unable to
;   recode as leas, shifts and adds
; due to type uncertainty:
;   The first argument is a NUMBER, not a (UNSIGNED-BYTE 64).
;   The result is a (VALUES NUMBER &OPTIONAL), not a (VALUES (UNSIGNED-BYTE 64)
;                                                            &REST T).
; 
; note: unable to
;   recode as leas, shifts and adds
; due to type uncertainty:
;   The first argument is a NUMBER, not a FIXNUM.
;   The result is a (VALUES NUMBER &OPTIONAL), not a (VALUES FIXNUM &REST T).

;     (- (* 2 N) 1)
; 
; note: unable to
;   optimize
; due to type uncertainty:
;   The first argument is a NUMBER, not a FLOAT.

;     (* 2 N)
; ==>
;   (* SB-C::Y 2)
; 
; note: unable to
;   optimize
; due to type uncertainty:
;   The first argument is a NUMBER, not a FLOAT.
; 
; note: unable to
;   optimize
; due to type uncertainty:
;   The first argument is a NUMBER, not a SINGLE-FLOAT.
; 
; note: unable to
;   optimize
; due to type uncertainty:
;   The first argument is a NUMBER, not a DOUBLE-FLOAT.
; 
; note: unable to
;   convert x*2^k to shift
; due to type uncertainty:
;   The first argument is a NUMBER, not a INTEGER.
; 
; note: unable to
;   recode as leas, shifts and adds
; due to type uncertainty:
;   The first argument is a NUMBER, not a (UNSIGNED-BYTE 64).
;   The result is a (VALUES NUMBER &OPTIONAL), not a (VALUES (UNSIGNED-BYTE 64)
;                                                            &REST T).
; 
; note: unable to
;   recode as leas, shifts and adds
; due to type uncertainty:
;   The first argument is a NUMBER, not a FIXNUM.
;   The result is a (VALUES NUMBER &OPTIONAL), not a (VALUES FIXNUM &REST T).

;     (- (* 2 N) 2)
; 
; note: unable to
;   optimize
; due to type uncertainty:
;   The first argument is a NUMBER, not a FLOAT.

;     (* (- (* 2 N) 1) (- (* 2 N) 2))
; 
; note: unable to
;   optimize
; due to type uncertainty:
;   The first argument is a NUMBER, not a RATIONAL.
;   The second argument is a NUMBER, not a FLOAT.
; 
; note: unable to
;   optimize
; due to type uncertainty:
;   The first argument is a NUMBER, not a FLOAT.
;   The second argument is a NUMBER, not a RATIONAL.
; 
; note: unable to
;   optimize
; due to type uncertainty:
;   The first argument is a NUMBER, not a SINGLE-FLOAT.
;   The second argument is a NUMBER, not a DOUBLE-FLOAT.
; 
; note: unable to
;   optimize
; due to type uncertainty:
;   The first argument is a NUMBER, not a DOUBLE-FLOAT.
;   The second argument is a NUMBER, not a SINGLE-FLOAT.
; 
; note: unable to
;   convert x*2^k to shift
; due to type uncertainty:
;   The first argument is a NUMBER, not a INTEGER.
;   The second argument is a NUMBER, not a INTEGER.

;     (* 2 N)
; ==>
;   (* SB-C::Y 2)
; 
; note: forced to do GENERIC-* (cost 30)
;       unable to do inline fixnum arithmetic (cost 3) because:
;       The first argument is a NUMBER, not a FIXNUM.
;       The result is a (VALUES NUMBER &OPTIONAL), not a (VALUES FIXNUM &REST T).
;       unable to do inline (signed-byte 64) arithmetic (cost 4) because:
;       The first argument is a NUMBER, not a (SIGNED-BYTE 64).
;       The result is a (VALUES NUMBER &OPTIONAL), not a (VALUES (SIGNED-BYTE 64)
;                                                                &REST T).
;       etc.

;     (- (* 2 N) 1)
; 
; note: forced to do GENERIC-- (cost 10)
;       unable to do inline fixnum arithmetic (cost 1) because:
;       The first argument is a NUMBER, not a FIXNUM.
;       The result is a (VALUES NUMBER &OPTIONAL), not a (VALUES FIXNUM &REST T).
;       unable to do inline fixnum arithmetic (cost 2) because:
;       The first argument is a NUMBER, not a FIXNUM.
;       The result is a (VALUES NUMBER &OPTIONAL), not a (VALUES FIXNUM &REST T).
;       etc.

;     (* 2 N)
; ==>
;   (* SB-C::Y 2)
; 
; note: forced to do GENERIC-* (cost 30)
;       unable to do inline fixnum arithmetic (cost 3) because:
;       The first argument is a NUMBER, not a FIXNUM.
;       The result is a (VALUES NUMBER &OPTIONAL), not a (VALUES FIXNUM &REST T).
;       unable to do inline (signed-byte 64) arithmetic (cost 4) because:
;       The first argument is a NUMBER, not a (SIGNED-BYTE 64).
;       The result is a (VALUES NUMBER &OPTIONAL), not a (VALUES (SIGNED-BYTE 64)
;                                                                &REST T).
;       etc.

;     (- (* 2 N) 2)
; 
; note: forced to do GENERIC-- (cost 10)
;       unable to do inline fixnum arithmetic (cost 1) because:
;       The first argument is a NUMBER, not a FIXNUM.
;       The result is a (VALUES NUMBER &OPTIONAL), not a (VALUES FIXNUM &REST T).
;       unable to do inline fixnum arithmetic (cost 2) because:
;       The first argument is a NUMBER, not a FIXNUM.
;       The result is a (VALUES NUMBER &OPTIONAL), not a (VALUES FIXNUM &REST T).
;       etc.

;     (* (- (* 2 N) 1) (- (* 2 N) 2))
; 
; note: forced to do GENERIC-* (cost 30)
;       unable to do inline float arithmetic (cost 4) because:
;       The first argument is a NUMBER, not a (COMPLEX SINGLE-FLOAT).
;       The second argument is a NUMBER, not a SINGLE-FLOAT.
;       The result is a (VALUES NUMBER &OPTIONAL), not a (VALUES
;                                                         (COMPLEX SINGLE-FLOAT)
;                                                         &REST T).
;       unable to do inline float arithmetic (cost 4) because:
;       The first argument is a NUMBER, not a SINGLE-FLOAT.
;       The second argument is a NUMBER, not a SINGLE-FLOAT.
;       The result is a (VALUES NUMBER &OPTIONAL), not a (VALUES SINGLE-FLOAT
;                                                                &REST T).
;       etc.

;     (FORMAT T "~11,9F~%" (SQRT (THE (DOUBLE-FLOAT 0.0d0) (/ VBV VV))))
; --> FORMAT FORMATTER FUNCTION BLOCK LET 
; ==>
;   (SB-FORMAT::FORMAT-FIXED STREAM #:FORMAT-ARG99 #:FVAR271 #:FVAR272 #:FVAR273
;                            #:FVAR274 #:FVAR275 NIL)
; 
; note: doing float to pointer coercion (cost 13)
; 
; compilation unit finished
;   printed 26 notes


; /home/dunham/benchmarksgame/spectralnorm/tmp/spectralnorm.fasl written
; compilation finished in 0:00:00.062
[undoing binding stack and other enclosing state... done]
[saving current Lisp image into sbcl.core:
writing 6352 bytes from the read-only space at 0x20000000
writing 4064 bytes from the static space at 0x20100000
writing 44523520 bytes from the dynamic space at 0x1000000000
done]
### START spectralnorm.sbcl_run
(proclaim '(optimize (speed 3) (safety 0) (debug 0) (compilation-speed 0) (space 0)))
(main) (quit)
### END spectralnorm.sbcl_run

0.99s to complete and log all make actions

COMMAND LINE:
/usr/local/bin/sbcl --dynamic-space-size 500 --noinform --core sbcl.core --userinit /dev/null --load spectralnorm.sbcl_run 5500

PROGRAM OUTPUT:
1.274224153
