
Mon, 22 Sep 2008 17:15:46 GMT

MAKE:
/opt/intel/fce/10.1.018/bin/ifort -O3 -ipo -static -openmp spectralnorm.f90 -o spectralnorm.ifc_run
ipo: remark #11001: performing single-file optimizations
ipo: remark #11005: generating object file /tmp/ipo_ifortLGy2Eu.o
spectralnorm.f90(103): (col. 3) remark: LOOP WAS VECTORIZED.
spectralnorm.f90(105): (col. 10) remark: LOOP WAS VECTORIZED.
spectralnorm.f90(105): (col. 10) remark: LOOP WAS VECTORIZED.
spectralnorm.f90(105): (col. 6) remark: LOOP WAS VECTORIZED.
spectralnorm.f90(106): (col. 10) remark: LOOP WAS VECTORIZED.
spectralnorm.f90(106): (col. 10) remark: LOOP WAS VECTORIZED.
spectralnorm.f90(106): (col. 6) remark: LOOP WAS VECTORIZED.
spectralnorm.f90(109): (col. 27) remark: FUSED LOOP WAS VECTORIZED.
spectralnorm.f90(31): (col. 11) remark: OpenMP DEFINED LOOP WAS PARALLELIZED.
spectralnorm.f90(32): (col. 5) remark: PARTIAL LOOP WAS VECTORIZED.
spectralnorm.f90(58): (col. 11) remark: OpenMP DEFINED LOOP WAS PARALLELIZED.
spectralnorm.f90(57): (col. 5) remark: LOOP WAS VECTORIZED.
spectralnorm.f90(59): (col. 5) remark: PARTIAL LOOP WAS VECTORIZED.
rm spectralnorm.f90

COMMAND LINE:
./spectralnorm.ifc_run 5500

PROGRAM OUTPUT:
1.274224153
