EXECUTING SCRIPT: ackermann.guile

Tue Apr 12 23:18:38 PDT 2005


=================================================================
COMMAND LINE (%A is single numeric argument):

ackermann.guile %A
************************************************************
*   FILE COMPARISON ERROR
************************************************************
L1: Ack(3,8): 2045

L2: Ack(3,7): 1021

************************************************************
*   TEST (ackermann.guile) FAILED:  ackermann.guile_out differs from Output.7
************************************************************
-rw-r--r--  1 brent brent 15 Mar 31 23:38 Output.7
-rw-r--r--  1 brent brent 15 Apr 12 23:18 ackermann.guile_out


PROGRAM OUTPUT
==============
Ack(3,10): 8189


PROGRAM OUTPUT
==============
Ack(3,10): 8189
