RUNNING SCRIPT: ackermann.ruby

Sun May 15 00:09:01 PDT 2005


=================================================================
COMMAND LINE (%A is single numeric argument):

ackermann.ruby %A
/opt/shootout/shootout/bench/ackermann/ackermann.ruby:12:in `ack': stack level too deep (SystemStackError)
	from /opt/shootout/shootout/bench/ackermann/ackermann.ruby:12:in `ack'
	from /opt/shootout/shootout/bench/ackermann/ackermann.ruby:12:in `ack'
	from /opt/shootout/shootout/bench/ackermann/ackermann.ruby:12:in `ack'
	from /opt/shootout/shootout/bench/ackermann/ackermann.ruby:12:in `ack'
	from /opt/shootout/shootout/bench/ackermann/ackermann.ruby:12:in `ack'
	from /opt/shootout/shootout/bench/ackermann/ackermann.ruby:12:in `ack'
	from /opt/shootout/shootout/bench/ackermann/ackermann.ruby:12:in `ack'
	from /opt/shootout/shootout/bench/ackermann/ackermann.ruby:12:in `ack'
	 ... 1215 levels...
	from /opt/shootout/shootout/bench/ackermann/ackermann.ruby:12:in `ack'
	from /opt/shootout/shootout/bench/ackermann/ackermann.ruby:12:in `ack'
	from /opt/shootout/shootout/bench/ackermann/ackermann.ruby:12:in `ack'
	from /opt/shootout/shootout/bench/ackermann/ackermann.ruby:17
TEST FAILED - Child processed exited with error code (1)


PROGRAM OUTPUT
==============
