BUILD COMMANDS FOR: ackermann.hugs

Tue Apr 12 23:19:38 PDT 2005

cp /opt/shootout/shootout/bench/ackermann/ackermann.hugs ackermann.hs
touch ackermann.hugs_run

=================================================================
COMMAND LINE (%A is single numeric argument):

 /usr/bin/runhugs $HUGS_FLAGS +l ackermann %A
************************************************************
*   FILE COMPARISON ERROR
************************************************************
L1: Ack(3,6): 2045

L2: Ack(3,8): 2045

************************************************************
*   TEST (ackermann.hugs_run) FAILED:  ackermann.hugs_out differs from Output.8
************************************************************
-rw-r--r--  1 brent brent 15 Mar 31 23:38 Output.8
-rw-r--r--  1 brent brent 15 Apr 12 23:23 ackermann.hugs_out
************************************************************
*   TEST (ackermann.hugs_run) FAILED:  ackermann.hugs_out differs from Output.6
************************************************************
-rw-r--r--  1 brent brent 14 Mar 31 23:28 Output.6
-rw-r--r--  1 brent brent 15 Apr 12 23:23 ackermann.hugs_out


PROGRAM OUTPUT
==============
Ack(3,6): 509



PROGRAM OUTPUT
==============
Ack(3,6): 509

