Entering single file mode.
Compiling library ackermann
[Loading library Dylan...]
[Loading library common-dylan...
  [Loading library melange-support...]
  [Loading library threads...]
  [Loading library table-extensions...]
  [Loading library Random...
   [Loading library transcendental...]]]
[Loading library io...In Define Library ackermann.:
unknown source locationWarning: Can't tell if argument <unknown-type> is a subtype of type-union(<false>, <type>),
so can't tell if method:
  type-for-file-stream{<object>, <unknown-type>, <object>}
is congruent to GF
  type-for-file-stream
]
Parsing ackermann.dylan
Finalizing library.
Converting top level forms.
                    Optimizing top level forms.
                    Emitting C code.
                    Emitting Library Heap.
Emitting Global Heap.
Building inits.
ackermann.dylan: In function 'inits':
ackermann.dylan:58157: warning: implicit declaration of function 'dylan_Library_init'
ackermann.dylan:58158: warning: implicit declaration of function 'melange_support_Library_init'
ackermann.dylan:58159: warning: implicit declaration of function 'threads_Library_init'
ackermann.dylan:58160: warning: implicit declaration of function 'table_extensions_Library_init'
ackermann.dylan:58161: warning: implicit declaration of function 'transcendental_Library_init'
ackermann.dylan:58162: warning: implicit declaration of function 'random_Library_init'
ackermann.dylan:58163: warning: implicit declaration of function 'common_dylan_Library_init'
ackermann.dylan:58164: warning: implicit declaration of function 'io_Library_init'
mkdir .libs
gcc -o ackermann ackermann.o  /usr/lib/dylan/2.5.0pre2/x86-linux-gcc/libio-dylan.a /usr/lib/dylan/2.5.0pre2/x86-linux-gcc/libcommon-dylan-dylan.a /usr/lib/dylan/2.5.0pre2/x86-linux-gcc/librandom-dylan.a /usr/lib/dylan/2.5.0pre2/x86-linux-gcc/libtranscendental-dylan.a /usr/lib/dylan/2.5.0pre2/x86-linux-gcc/libtable-extensions-dylan.a /usr/lib/dylan/2.5.0pre2/x86-linux-gcc/libthreads-dylan.a /usr/lib/dylan/2.5.0pre2/x86-linux-gcc/libmelange-support-dylan.a /usr/lib/dylan/2.5.0pre2/x86-linux-gcc/libdylan-dylan.a /usr/lib/dylan/2.5.0pre2/x86-linux-gcc/libruntime.a /usr/lib/libgc.so -ldl -lpthread -lm
Optimize called 568 times.
Compilation finished with 1 Warning and 0 Errors
(if [ "ackermann" = "random" ]; then	\
    mv randum ackermann.gwydion_run;		\
else				\
    mv ackermann ackermann.gwydion_run;			\
fi)
rm ackermann.[co]
rm -rf .libs
rm ackermann.dylan

=================================================================
COMMAND LINE (%A is single numeric argument):

ackermann.gwydion_run %A


PROGRAM OUTPUT
==============
Ack(3,9): 4093
