EXECUTING SCRIPT: ackermann.lua

Tue Apr  5 20:07:05 PDT 2005


=================================================================
COMMAND LINE (%A is single numeric argument):

 /usr/bin/lua $LUA_EXTRAS ../ackermann.lua %A
/usr/bin/lua: ../ackermann.lua:9: stack overflow
stack traceback:
	../ackermann.lua:9: in function `Ack'
	../ackermann.lua:11: in function `Ack'
	../ackermann.lua:11: in function `Ack'
	../ackermann.lua:11: in function `Ack'
	../ackermann.lua:11: in function `Ack'
	../ackermann.lua:11: in function `Ack'
	../ackermann.lua:11: in function `Ack'
	../ackermann.lua:11: in function `Ack'
	../ackermann.lua:11: in function `Ack'
	../ackermann.lua:11: in function `Ack'
	../ackermann.lua:11: in function `Ack'
	...
	../ackermann.lua:11: in function `Ack'
	../ackermann.lua:11: in function `Ack'
	../ackermann.lua:11: in function `Ack'
	../ackermann.lua:11: in function `Ack'
	../ackermann.lua:11: in function `Ack'
	../ackermann.lua:11: in function `Ack'
	../ackermann.lua:11: in function `Ack'
	../ackermann.lua:11: in function `Ack'
	../ackermann.lua:15: in main chunk
	[C]: ?
************************************************************
*   TEST (ackermann.lua) FAILED:  ackermann.lua_out differs from Output.9
************************************************************
-rw-r--r--  1 brent brent 15 Mar 31 23:38 Output.9
-rw-r--r--  1 brent brent  0 Apr  5 20:07 ackermann.lua_out


PROGRAM OUTPUT
==============
