BUILD COMMANDS FOR: ackermann.mlton

Sat May 14 23:58:10 PDT 2005

cp /opt/shootout/shootout/bench/ackermann/ackermann.mlton ackermann.sml
echo '../../Include/mlton-src/lib.mlb ackermann.sml' >ackermann.mlb
/usr/bin/mlton  -output ackermann.mlton_run ackermann.mlb
Error: ../../Include/mlton-src/lib.mlb 2.1.
  File /basis/basis.mlb does not exist.
Error: ../../Include/mlton-src/lib.mlb 3.1.
  File /basis/mlton.mlb does not exist.
Error: ../../Include/mlton-src/lib.mlb 4.1.
  File /basis/unsafe.mlb does not exist.
Error: ../../Include/mlton-src/lib.mlb 5.1.
  File /cml/cml.mlb does not exist.
Error: ../../Include/mlton-src/int.sml 3.12.
  Undefined structure Int.
Error: ../../Include/mlton-src/int.sml 5.16.
  Undefined type int.
Error: ../../Include/mlton-src/int.sml 9.24.
  Undefined variable =.
Error: ../../Include/mlton-src/int.sml 9.58.
  Undefined variable +.
Error: ../../Include/mlton-src/int.sml 9.10.
  Function type disagrees with recursive use.
    function type: [??? -> (?.int32 -> ?.bool)] -> _
    recursive use: [?.bool] -> _
    in: loop i = if i = stop then () else (f i ; loop (i + 1))
Error: ../../Include/mlton-src/int.sml 18.15.
  Undefined variable -.
Error: ../../Include/mlton-src/int.sml 20.10.
  Undefined variable <.
Error: ../../Include/mlton-src/int.sml 16.10.
  Function type disagrees with recursive use.
    function type: (_ -> (_ -> [??? -> (?.int32 -> ?.bool)])) -> _
    recursive use: (_ -> (_ -> [?.bool])) -> _
    in: loop i = let val i = i - 1 in if i   ...  ) else (f i ; loop i) end
Error: ../../Include/mlton-src/int.sml 28.46.
  Undefined type bool.
Error: ../../Include/mlton-src/int.sml 30.21.
  Undefined variable <.
Error: ../../Include/mlton-src/int.sml 30.37.
  Function applied to incorrect argument.
    expects: [???]
    but got: [??? -> (??? -> ???)]
    in: f i
Error: ../../Include/mlton-src/int.sml 30.56.
  Undefined variable +.
Error: ../../Include/mlton-src/int.sml 30.10.
  Function type disagrees with recursive use.
    function type: [??? -> (?.int32 -> ?.bool)] -> _
    recursive use: [?.bool] -> _
    in: loop i = (i < stop) andalso (((f i) orelse (loop (i + 1))))
Error: ../../Include/mlton-src/int.sml 32.6.
  Function applied to incorrect argument.
    expects: [?.bool]
    but got: [?.int32]
    in: loop start
Error: ../../Include/mlton-src/int.sml 28.53.
  Undefined type bool.
Error: ../../Include/mlton-src/int.sml 35.37.
  Undefined variable not.
compilation aborted: too many errors
make[2]: [ackermann.mlton_run] Error 1 (ignored)
rm -f ackermann.mlb ackermann.sml

=================================================================
COMMAND LINE (%A is single numeric argument):

ackermann.mlton_run %A
Error, could not exec ackermann.mlton_run 7 (No such file or directory)
PATH=/opt/shootout/shootout/bench/ackermann:/opt/shootout/shootout/bench/ackermann/tmp:/opt/intel_fc_80/bin:/opt/intel_cc_80/bin:/usr/lib/poplog/current-poplog/pop/pop:/usr/local/Acrobat5/bin:/usr/lib/postgresql/bin:/usr/local/Acrobat5/bin:/usr/lib/postgresql/bin:/home/brent/GNUstep/Tools:/usr/local/lib/GNUstep/Local/Tools:/usr/local/lib/GNUstep/Network/Tools:/usr/lib/GNUstep/System/Tools:/usr/local/bin:/usr/bin:/bin:/usr/bin/X11:/usr/games:/usr/lib/poplog/current-poplog/pop/com
TEST FAILED - Child processed exited with error code (1)


PROGRAM OUTPUT
==============
