BUILD COMMANDS FOR: ackermann.xds

Wed Oct  5 22:51:24 PDT 2005

cp /opt/shootout/shootout/bench/ackermann/ackermann.xds ackermann.xds
/opt/xds_x86/bin/xc +o2 =m =a  ackermann.xds
O2/M2 development system v2.51 (c) 1999-2003 Excelsior, LLC. (build 10.05.2005)
XDS Oberon-2 v2.40 [x86, v1.50] - build 10.05.2005
Compiling "ackermann.xds"

* [ackermann.xds 9.21 F425]
* file open error: "Shootout.sym" no such file
IMPORT Out, Shootout$;
errors  1, no warnings, lines    9, time  0.01
make[2]: [ackermann.xds_run] Error 1 (ignored)
mv ackermann ackermann.xds_run
mv: cannot stat `ackermann': No such file or directory
make[2]: [ackermann.xds_run] Error 1 (ignored)

=================================================================
COMMAND LINE (%A is single numeric argument):

ackermann.xds_run %A
Error, could not exec ackermann.xds_run 7 (No such file or directory)
PATH=/opt/shootout/shootout/bench/ackermann:/opt/shootout/shootout/bench/ackermann/tmp:/usr/local/Acrobat5/bin:/usr/lib/postgresql/bin:/home/brent/GNUstep/Tools:/usr/local/lib/GNUstep/Local/Tools:/usr/local/lib/GNUstep/Network/Tools:/usr/lib/GNUstep/System/Tools:/usr/local/bin:/usr/bin:/bin:/usr/bin/X11:/usr/games
TEST FAILED - Child processed exited with error code (1)


PROGRAM OUTPUT
==============
