BUILD COMMANDS FOR: ackermann.smlnj

Tue Nov  8 23:34:19 PST 2005

cp /opt/shootout/shootout/bench/ackermann/ackermann.smlnj ackermann.sml
cp /opt/shootout/shootout/bench/ackermann/cm_ackermann.cm ackermann.cm
/usr/bin/ml-build ackermann.cm Test.main ackermann
Standard ML of New Jersey v110.52 [built: Fri Jan 21 16:42:10 2005]
[scanning ackermann.cm]
[parsing (ackermann.cm):ackermann.sml]
[compiling (ackermann.cm):ackermann.sml]
[code: 2275, data: 43, env: 248 bytes]
[scanning 23925-export.cm]
[scanning (23925-export.cm):ackermann.cm]
[parsing (23925-export.cm):23925-export.sml]
[compiling (23925-export.cm):23925-export.sml]
[code: 222, data: 38, env: 42 bytes]

=================================================================
COMMAND LINE (%A is single numeric argument):

 /usr/bin/sml @SMLload=ackermann %A


PROGRAM OUTPUT
==============
Ack(3,9): 4093
