BUILD COMMANDS FOR: ary.gwydion

Tue Apr 12 23:29:31 PDT 2005

/usr/bin/d2c -s  ary.dylan
Entering single file mode.
Compiling library ary
[Loading library Dylan...]
[Loading library common-dylan...
  [Loading library melange-support...]
  [Loading library streams...]
  [Loading library Threads...]
  [Loading library table-extensions...]
  [Loading library Random...
   [Loading library transcendental...]]]
[Loading library io...
  [Loading library print...]
  [Loading library format...]
  [Loading library standard-io...]
  [Loading library format-out...]]
Parsing ary.dylan
seeding representations
Finalizing definitions
inheriting slots
inheriting overrides
laying out instances
Processing ary.dylan
.....
Emitting Library Heap.
Emitting Global Heap.
Building inits.
gcc: ary.c: No such file or directory
gcc: no input files
gcc failed?
make[3]: *** [ary.gwydion_run] Aborted
(if [ "ary" = "random" ]; then	\
    mv randum ary.gwydion_run;		\
else				\
    mv ary ary.gwydion_run;			\
fi)
mv: cannot stat `ary': No such file or directory
make[3]: [ary.gwydion_run] Error 1 (ignored)
rm ary.[co]
rm: cannot remove `ary.[co]': No such file or directory
make[3]: [ary.gwydion_run] Error 1 (ignored)
rm -rf .libs
n.a /usr/lib/dylan/2.4.0RC3/x86-linux-gcc33/librandom-dylan.a /usr/lib/dylan/2.4.0RC3/x86-linux-gcc33/libtranscendental-dylan.a /usr/lib/dylan/2.4.0RC3/x86-linux-gcc33/libtable-extensions-dylan.a /usr/lib/dylan/2.4.0RC3/x86-linux-gcc33/libthreads-dylan.a /usr/lib/dylan/2.4.0RC3/x86-linux-gcc33/libstreams-dylan.a /usr/lib/dylan/2.4.0RC3/x86-linux-gcc33/libmelange-support-dylan.a /usr/lib/dylan/2.4.0RC3/x86-linux-gcc33/libdylan-dylan.a /usr/lib/dylan/2.4.0RC3/x86-linux-gcc33/libruntime.a /usr/lib/libgc.a -ldl -lpthread -lm
Optimize called 2279 times.
Compilation finished with 0 Warnings and 0 Errors
(if [ "ary" = "random" ]; then	\
    mv randum ary.gwydion_run;		\
else				\
    mv ary ary.gwydion_run;			\
fi)
rm ary.[co]
rm -rf .libs
rm ary.dylan

=================================================================
COMMAND LINE (%A is single numeric argument):

ary.gwydion_run %A
************************************************************
*   FILE COMPARISON ERROR
************************************************************
L1: 1000 5000000

L2: 1000 3000000

************************************************************
*   TEST (ary.gwydion_run) FAILED:  ary.gwydion_out differs from Output.3000
************************************************************
-rw-r--r--  1 brent brent 13 Mar 31 23:55 Output.3000
-rw-r--r--  1 brent brent 13 Apr 12 23:29 ary.gwydion_out


PROGRAM OUTPUT
==============
1000 9000000


PROGRAM OUTPUT
==============
1000 9000000
