BUILD COMMANDS FOR: ary.nhc98

Tue Apr 12 23:31:09 PDT 2005

cp /opt/shootout/shootout/bench/ary/ary.nhc98 ary.hs
/usr/bin/nhc98  ary.hs -o ary.nhc98_run

Fail: user error (Can't open any of:
 ./Control/Monad/ST.hi
 /usr/include/nhc98/base/Control/Monad/ST.hi
 /usr/include/nhc98/Control/Monad/ST.hi
 when trying to read Control.Monad.ST.
)

make[3]: [ary.nhc98_run] Error 1 (ignored)

=================================================================
COMMAND LINE (%A is single numeric argument):

 ary.nhc98_run %A +RTS -H40M
Error, could not exec  ary.nhc98_run 3000 +RTS -H40M (No such file or directory)
PATH=/opt/shootout/shootout/bench/ary:/opt/shootout/shootout/bench/ary/tmp:/opt/intel_fc_80/bin:/opt/intel_cc_80/bin:/usr/lib/poplog/current-poplog/pop/pop:/usr/bin:/bin:/usr/lib/poplog/current-poplog/pop/com
************************************************************
*   TEST (ary.nhc98_run) FAILED:  ary.nhc98_out differs from Output.3000
************************************************************
-rw-r--r--  1 brent brent 13 Mar 31 23:55 Output.3000
-rw-r--r--  1 brent brent  0 Apr 12 23:31 ary.nhc98_out


PROGRAM OUTPUT
==============
