BUILD COMMANDS FOR: ary.smlnj

Sat Sep 17 19:17:31 PDT 2005

cp /opt/shootout/shootout/bench/ary/ary.smlnj ary.sml
cp /opt/shootout/shootout/bench/ary/cm_ary.cm ary.cm
/usr/bin/ml-build ary.cm Test.main ary
Standard ML of New Jersey v110.52 [built: Fri Jan 21 16:42:10 2005]
[scanning ary.cm]
[parsing (ary.cm):ary.sml]
[creating directory .cm/SKEL]
[compiling (ary.cm):ary.sml]
[creating directory .cm/GUID]
[creating directory .cm/x86-unix]
[code: 2616, env: 248 bytes]
[scanning 8982-export.cm]
[scanning (8982-export.cm):ary.cm]
[parsing (8982-export.cm):8982-export.sml]
[compiling (8982-export.cm):8982-export.sml]
[code: 216, data: 32, env: 42 bytes]

=================================================================
COMMAND LINE (%A is single numeric argument):

 /usr/bin/sml @SMLload=ary %A


PROGRAM OUTPUT
==============
1000 9000000
