BUILD COMMANDS FOR: ary.mercury

Sun Sep 12 02:53:17 PDT 2004

mmc --generate-dependencies --grade asm_fast.gc          mytest
mmc --compile-to-c --grade asm_fast.gc          mytest > mytest.err 2>&1
mgnuc --grade asm_fast.gc        --      -c mytest.c -o mytest.o
mytest.c: In function `mytest_module0':
mytest.c:103: warning: use of cast expressions as lvalues is deprecated
mytest.c:105: warning: use of cast expressions as lvalues is deprecated
mytest.c:117: warning: use of cast expressions as lvalues is deprecated
mytest.c:126: warning: use of cast expressions as lvalues is deprecated
mytest.c:134: warning: use of cast expressions as lvalues is deprecated
mytest.c:138: warning: use of cast expressions as lvalues is deprecated
mytest.c:142: warning: use of cast expressions as lvalues is deprecated
mytest.c:147: warning: use of cast expressions as lvalues is deprecated
mytest.c:156: warning: use of cast expressions as lvalues is deprecated
mytest.c:163: warning: use of cast expressions as lvalues is deprecated
mytest.c:170: warning: use of cast expressions as lvalues is deprecated
mytest.c:174: warning: use of cast expressions as lvalues is deprecated
mytest.c:179: warning: use of cast expressions as lvalues is deprecated
mytest.c:187: warning: use of cast expressions as lvalues is deprecated
mytest.c:191: warning: use of cast expressions as lvalues is deprecated
mytest.c:194: warning: use of cast expressions as lvalues is deprecated
mytest.c:195: warning: use of cast expressions as lvalues is deprecated
mytest.c: In function `mytest_module1':
mytest.c:208: warning: use of cast expressions as lvalues is deprecated
mytest.c:213: warning: use of cast expressions as lvalues is deprecated
mytest.c:224: warning: use of cast expressions as lvalues is deprecated
mytest.c:229: warning: use of cast expressions as lvalues is deprecated
mytest.c:233: warning: use of cast expressions as lvalues is deprecated
mytest.c:237: warning: use of cast expressions as lvalues is deprecated
mytest.c:238: warning: use of cast expressions as lvalues is deprecated
mytest.c: In function `mytest_module2':
mytest.c:249: warning: use of cast expressions as lvalues is deprecated
mytest.c:255: warning: use of cast expressions as lvalues is deprecated
mytest.c:256: warning: use of cast expressions as lvalues is deprecated
mytest.c:265: warning: use of cast expressions as lvalues is deprecated
mytest.c:272: warning: use of cast expressions as lvalues is deprecated
mytest.c:280: warning: use of cast expressions as lvalues is deprecated
mytest.c:286: warning: use of cast expressions as lvalues is deprecated
mytest.c:291: warning: use of cast expressions as lvalues is deprecated
mytest.c:292: warning: use of cast expressions as lvalues is deprecated
mytest.c: In function `mytest_module3':
mytest.c:303: warning: use of cast expressions as lvalues is deprecated
mytest.c:314: warning: use of cast expressions as lvalues is deprecated
mytest.c:321: warning: use of cast expressions as lvalues is deprecated
mytest.c:331: warning: use of cast expressions as lvalues is deprecated
mytest.c:335: warning: use of cast expressions as lvalues is deprecated
mytest.c:336: warning: use of cast expressions as lvalues is deprecated
mgnuc --grade asm_fast.gc        --      -c mytest_init.c -o mytest_init.o
ml --grade asm_fast.gc              --    -o mytest mytest_init.o \
	mytest.o \
	      

=================================================================
COMMAND LINE (%A is single numeric argument):

ary.mercury_run %A


PROGRAM OUTPUT
==============
1000 9000000
