BUILD COMMANDS FOR: ary.sbcl

Sat Feb 19 00:58:49 PST 2005

SBCL built with: /usr/bin/sbcl --userinit /dev/null --sysinit /dev/null -batch -eval '(load "ary.sbcl_compile")'
### START ary.sbcl_compile
(proclaim '(optimize (speed 3) (safety 0) (debug 0) (compilation-speed 0) (space 0)))
(handler-bind ((sb-ext:defconstant-uneql      (lambda (c) (abort c))))      (load (compile-file "ary.sbcl" ))) (save-lisp-and-die "sbcl.core" :purify t)
### END ary.sbcl_compile

; compiling file "/opt/shootout/shootout/bench/ary/tmp/ary.cmucl" (written 19 FEB 2005 12:58:49 AM):
; recognizing DEFUN MAIN
; compiling DEFUN MAIN: 
; compiling top level form: 

; /opt/shootout/shootout/bench/ary/tmp/ary.fasl written
; compilation finished in 0:00:00
[doing purification: roots handlers stack bindings static cleanup done]
[undoing binding stack and other enclosing state... done]
[saving current Lisp image into /opt/shootout/shootout/bench/ary/tmp/sbcl.core:
writing 20086320 bytes from the read-only space at 0x01000000
writing 6358704 bytes from the static space at 0x05000000
writing 4096 bytes from the dynamic space at 0x09000000
done]
### START ary.sbcl_run
(proclaim '(optimize (speed 3) (safety 0) (debug 0) (compilation-speed 0) (space 0)))
(main) (quit)
### END ary.sbcl_run


=================================================================
COMMAND LINE (%A is single numeric argument):

 /usr/bin/sbcl --noinform --core sbcl.core --userinit /dev/null --sysinit /dev/null --load ary.sbcl_run %A


PROGRAM OUTPUT
==============
1000 9000000
