BUILD COMMANDS FOR: binarytrees.mlton-2.mlton

Tue Jan 16 11:24:13 PST 2007

cp /opt/shootout/shootout/bench/binarytrees/binarytrees.mlton-2.mlton binarytrees.mlton-2.sml
(if [ -r /opt/shootout/shootout/bench/binarytrees/mlb_binarytrees.mlton-2.mlb ]; then			\
			mv /opt/shootout/shootout/bench/binarytrees/mlb_binarytrees.mlton-2.mlb binarytrees.mlton-2.mlb;		\
		else							\
			echo '../../Include/mlton-src/lib.mlb binarytrees.mlton-2.sml'	\
				 >binarytrees.mlton-2.mlb;				\
		fi)
/usr/bin/mlton  -output binarytrees.mlton-2.mlton_run binarytrees.mlton-2.mlb
rm -f binarytrees.mlton-2.mlb binarytrees.mlton-2.sml

=================================================================
COMMAND LINE (%A is single numeric argument):

binarytrees.mlton-2.mlton_run %A


PROGRAM OUTPUT
==============
stretch tree of depth 17	 check: -1
131072	 trees of depth 4	 check: -131072
32768	 trees of depth 6	 check: -32768
8192	 trees of depth 8	 check: -8192
2048	 trees of depth 10	 check: -2048
512	 trees of depth 12	 check: -512
128	 trees of depth 14	 check: -128
32	 trees of depth 16	 check: -32
long lived tree of depth 16	 check: -1
