BUILD COMMANDS FOR: binarytrees.gcc-2.gcc

Sun Sep 25 16:51:09 PDT 2005

/usr/bin/gcc -pipe -Wall -O3 -fomit-frame-pointer -funroll-loops -lm binarytrees.gcc-2.c -o binarytrees.gcc-2.gcc_run

=================================================================
COMMAND LINE (%A is single numeric argument):

binarytrees.gcc-2.gcc_run %A
************************************************************
*   TEST (binarytrees.gcc-2.gcc_run) FAILED - ERROR:  binarytrees.gcc-2.gcc_out differs from Output.12
************************************************************
-rw-r--r--  1 brent brent 254 Sep 20 22:28 Output.12
-rw-r--r--  1 brent brent 261 Sep 25 16:51 binarytrees.gcc-2.gcc_out


PROGRAM OUTPUT
==============
stretch tree of depth 13	  check: -1
8192	 trees of depth 4	  check: -8192
2048	 trees of depth 6	  check: -2048
512	 trees of depth 8	  check: -512
128	 trees of depth 10	  check: -128
32	 trees of depth 12	  check: -32
long lived tree of depth 12	  check: -1
