BUILD COMMANDS FOR: binarytrees.kaffe-2.kaffe

Sat Sep 17 19:27:39 PDT 2005

( if [ ! -d binarytrees.kaffe-2.kaffe_run ] ; then mkdir binarytrees.kaffe-2.kaffe_run ; fi)
cp /opt/shootout/shootout/bench/binarytrees/binarytrees.kaffe-2.kaffe binarytrees.kaffe-2.kaffe_run/binarytrees.java
( cd binarytrees.kaffe-2.kaffe_run ; /usr/lib/j2sdk1.4.2_05/bin/javac  -classpath '.' binarytrees.java )
touch binarytrees.kaffe-2.kaffe_run

=================================================================
COMMAND LINE (%A is single numeric argument):

 /usr/bin/kaffe -classpath binarytrees.kaffe-2.kaffe_run  binarytrees %A
************************************************************
*   TEST (binarytrees.kaffe-2.kaffe_run) FAILED - ERROR:  binarytrees.kaffe-2.kaffe_out differs from Output.12
************************************************************
-rw-r--r--  1 brent brent 266 Sep 17 09:50 Output.12
-rw-r--r--  1 brent brent   0 Sep 17 19:28 binarytrees.kaffe-2.kaffe_out
************************************************************
*   TEST (binarytrees.kaffe-2.kaffe_run) FAILED - ERROR:  binarytrees.kaffe-2.kaffe_out differs from Output.12
************************************************************
-rw-r--r--  1 brent brent 266 Sep 17 09:50 Output.12
-rw-r--r--  1 brent brent 261 Sep 17 19:28 binarytrees.kaffe-2.kaffe_out


PROGRAM OUTPUT
==============
stretch tree of depth 13	  check: -1
8192	 trees of depth 4	  check: -8192
2048	 trees of depth 6	  check: -2048
512	 trees of depth 8	  check: -512
128	 trees of depth 10	  check: -128
32	 trees of depth 12	  check: -32
long lived tree of depth 12	  check: -1
