BUILD COMMANDS FOR: binarytrees.gpp-2.gpp

Sat Sep 17 19:25:01 PDT 2005

/usr/bin/g++-4.0 -c -pipe -Wall -O3 -fomit-frame-pointer -funroll-loops  binarytrees.gpp-2.c++ -o binarytrees.gpp-2.c++.o &&  \
        /usr/bin/g++-4.0 binarytrees.gpp-2.c++.o -o binarytrees.gpp-2.gpp_run -L/usr/local/lib  

=================================================================
COMMAND LINE (%A is single numeric argument):

binarytrees.gpp-2.gpp_run %A
************************************************************
*   TEST (binarytrees.gpp-2.gpp_run) FAILED - ERROR:  binarytrees.gpp-2.gpp_out differs from Output.12
************************************************************
-rw-r--r--  1 brent brent 266 Sep 17 09:50 Output.12
-rw-r--r--  1 brent brent 254 Sep 17 19:25 binarytrees.gpp-2.gpp_out


PROGRAM OUTPUT
==============
stretch tree of depth 13	 check: -1
8192	 trees of depth 4	 check: -8192
2048	 trees of depth 6	 check: -2048
512	 trees of depth 8	 check: -512
128	 trees of depth 10	 check: -128
32	 trees of depth 12	 check: -32
long lived tree of depth 12	 check: -1
