RUNNING SCRIPT: binarytrees.lua-2.lua

Sat Sep 17 19:28:27 PDT 2005


=================================================================
COMMAND LINE (%A is single numeric argument):

 /usr/bin/lua $LUA_EXTRAS ../binarytrees.lua-2.lua %A
************************************************************
*   TEST (binarytrees.lua-2.lua) FAILED - ERROR:  binarytrees.lua-2.lua_out differs from Output.12
************************************************************
-rw-r--r--  1 brent brent 266 Sep 17 09:50 Output.12
-rw-r--r--  1 brent brent 254 Sep 17 19:28 binarytrees.lua-2.lua_out
************************************************************
*   TEST (binarytrees.lua-2.lua) FAILED - ERROR:  binarytrees.lua-2.lua_out differs from Output.12
************************************************************
-rw-r--r--  1 brent brent 266 Sep 17 09:50 Output.12
-rw-r--r--  1 brent brent 254 Sep 17 19:28 binarytrees.lua-2.lua_out


PROGRAM OUTPUT
==============
stretch tree of depth 13	 check: -1
8192	 trees of depth 4	 check: -8192
2048	 trees of depth 6	 check: -2048
512	 trees of depth 8	 check: -512
128	 trees of depth 10	 check: -128
32	 trees of depth 12	 check: -32
long lived tree of depth 12	 check: -1
