BUILD COMMANDS FOR: binarytrees.cyc

Thu May 25 20:04:59 PDT 2006

/usr/local/bin/cyclone -lm -o binarytrees.cyc_run binarytrees.cyc
***Warnings***
binarytrees.cyc:38: implicit cast from struct tn ? to treeNode @
binarytrees.cyc:38: implicit cast from struct tn ? to treeNode @
binarytrees.cyc:60: implicit cast from struct tn ? to treeNode @
binarytrees.cyc:61: implicit cast from struct tn ? to treeNode @
binarytrees.cyc:73: implicit cast from char ?`GE140 to const char @`GE140
binarytrees.cyc:60: inserted null check due to implicit cast from *@fat (?) to @ type
binarytrees.cyc:61: inserted null check due to implicit cast from *@fat (?) to @ type
binarytrees.cyc:38: inserted null check due to implicit cast from *@fat (?) to @ type
binarytrees.cyc:38: inserted null check due to implicit cast from *@fat (?) to @ type
binarytrees.cyc:73: inserted null check due to implicit cast from *@fat (?) to @ type
**************

=================================================================
COMMAND LINE (%A is single numeric argument):

 binarytrees.cyc_run %A


PROGRAM OUTPUT
==============
stretch tree of depth 17	 check: -1
131072	 trees of depth 4	 check: -131072
32768	 trees of depth 6	 check: -32768
8192	 trees of depth 8	 check: -8192
2048	 trees of depth 10	 check: -2048
512	 trees of depth 12	 check: -512
128	 trees of depth 14	 check: -128
32	 trees of depth 16	 check: -32
long lived tree of depth 16	 check: -1
