BUILD COMMANDS FOR: binarytrees.gnat

Sat Sep 17 19:24:50 PDT 2005

cp /opt/shootout/shootout/bench/binarytrees/binarytrees.gnat binarytrees.ada
/usr/bin/gnatchop -w binarytrees.ada
splitting binarytrees.ada into:
   binarytrees.adb
   treenodes.ads
   treenodes.adb
/usr/bin/gnatmake -gnatp -Wall -O3 -fomit-frame-pointer -funroll-loops  -f binarytrees.adb -o binarytrees.gnat_run
gcc-4.0 -c -gnatp -Wall -O3 -fomit-frame-pointer -funroll-loops binarytrees.adb
gcc-4.0 -c -gnatp -Wall -O3 -fomit-frame-pointer -funroll-loops treenodes.adb
gnatbind -x binarytrees.ali
gnatlink binarytrees.ali -fomit-frame-pointer -funroll-loops -o binarytrees.gnat_run
rm binarytrees.ada

=================================================================
COMMAND LINE (%A is single numeric argument):

binarytrees.gnat_run %A
************************************************************
*   TEST (binarytrees.gnat_run) FAILED - ERROR:  binarytrees.gnat_out differs from Output.12
************************************************************
-rw-r--r--  1 brent brent 266 Sep 17 09:50 Output.12
-rw-r--r--  1 brent brent 254 Sep 17 19:24 binarytrees.gnat_out


PROGRAM OUTPUT
==============
stretch tree of depth 13	 check: -1
8192	 trees of depth 4	 check: -8192
2048	 trees of depth 6	 check: -2048
512	 trees of depth 8	 check: -512
128	 trees of depth 10	 check: -128
32	 trees of depth 12	 check: -32
long lived tree of depth 12	 check: -1
