BUILD COMMANDS FOR: binarytrees.dlang

Sat Jun 18 07:12:22 PDT 2005

cp /opt/shootout/shootout/bench/binarytrees/binarytrees.dlang binarytrees.d
/usr/bin/dmd -O -inline -release  -ofbinarytrees.dlang_run binarytrees.d
gcc binarytrees.o -o binarytrees.dlang_run -lphobos -lpthread -lm 
rm binarytrees.d

=================================================================
COMMAND LINE (%A is single numeric argument):

binarytrees.dlang_run %A
************************************************************
*   TEST (binarytrees.dlang_run) FAILED - ERROR:  binarytrees.dlang_out differs from Output.12
************************************************************
-rw-r--r--  1 brent brent 254 Jun  6 21:53 Output.12
-rw-r--r--  1 brent brent 266 Jun 18 07:12 binarytrees.dlang_out


PROGRAM OUTPUT
==============
stretch tree of depth 13	  check: -1
8192	  trees of depth 4	  check: -8192
2048	  trees of depth 6	  check: -2048
512	  trees of depth 8	  check: -512
128	  trees of depth 10	  check: -128
32	  trees of depth 12	  check: -32
long lived tree of depth 12	  check: -1
