RUNNING SCRIPT: binarytrees.perl

Sat Sep 17 19:29:26 PDT 2005


=================================================================
COMMAND LINE (%A is single numeric argument):

 /usr/bin/perl ../binarytrees.perl %A
************************************************************
*   TEST (binarytrees.perl) FAILED - ERROR:  binarytrees.perl_out differs from Output.12
************************************************************
-rw-r--r--  1 brent brent 266 Sep 17 09:50 Output.12
-rw-r--r--  1 brent brent   0 Sep 17 19:29 binarytrees.perl_out
************************************************************
*   TEST (binarytrees.perl) FAILED - ERROR:  binarytrees.perl_out differs from Output.12
************************************************************
-rw-r--r--  1 brent brent 266 Sep 17 09:50 Output.12
-rw-r--r--  1 brent brent 265 Sep 17 19:30 binarytrees.perl_out


PROGRAM OUTPUT
==============
stretch tree of depth 13	  check: -1
8192	  trees of depth 4	  check: -8192
2048	  trees of depth 6	  check: -2048
512	  trees of depth 8	  check: -512
128	  trees of depth 10	  check: -128
32	  trees of depth 12	  check: -32
long lived tree of depth 12	  check: -1