BUILD COMMANDS FOR: binarytrees.g95

Fri Oct  7 21:22:53 PDT 2005

/usr/bin/gfortran -pipe -Wall -O3 -fomit-frame-pointer -funroll-loops  binarytrees.f90 -o binarytrees.g95_run
 In file binarytrees.f90:81

  call get_command_argument(1, argv)
                                   1
Warning: Intrinsic 'get_command_argument' at (1) is not included in the selected standard
rm binarytrees.f90

=================================================================
COMMAND LINE (%A is single numeric argument):

binarytrees.g95_run %A
************************************************************
*   TEST (binarytrees.g95_run) FAILED - ERROR:  binarytrees.g95_out differs from Output.12
************************************************************
-rw-r--r--  1 brent brent 254 Sep 20 22:28 Output.12
-rw-r--r--  1 brent brent 312 Oct  7 21:22 binarytrees.g95_out


PROGRAM OUTPUT
==============
stretch tree of depth 13         check: -1
8192     trees of depth 4        check: -8192
2048     trees of depth 6        check: -2048
512      trees of depth 8        check: -512
128      trees of depth 10       check: -128
32       trees of depth 12       check: -32
long lived tree of depth 12      check: -1
