BUILD COMMANDS FOR: binarytrees.ghc

Sat Sep 17 19:24:08 PDT 2005

cp /opt/shootout/shootout/bench/binarytrees/binarytrees.ghc binarytrees.hs
/usr/bin/ghc -O3 -fexcess-precision binarytrees.hs -o binarytrees.ghc_run

=================================================================
COMMAND LINE (%A is single numeric argument):

 binarytrees.ghc_run %A $MB_GHCRTS
************************************************************
*   TEST (binarytrees.ghc_run) FAILED - ERROR:  binarytrees.ghc_out differs from Output.12
************************************************************
-rw-r--r--  1 brent brent 266 Sep 17 09:50 Output.12
-rw-r--r--  1 brent brent 254 Sep 17 19:24 binarytrees.ghc_out


PROGRAM OUTPUT
==============
stretch tree of depth 13	 check: -1
8192	 trees of depth 4	 check: -8192
2048	 trees of depth 6	 check: -2048
512	 trees of depth 8	 check: -512
128	 trees of depth 10	 check: -128
32	 trees of depth 12	 check: -32
long lived tree of depth 12	 check: -1
