BUILD COMMANDS FOR: binarytrees.csharp

Thu May 26 23:23:47 PDT 2005

/usr/bin/mcs  binarytrees.cs -o binarytrees.csharp_run
warning CS8029: Compatibility: Use -out:FILE instead of --output FILE or -o FILE
Compilation succeeded - 1 warning(s)
rm binarytrees.cs

=================================================================
COMMAND LINE (%A is single numeric argument):

 /usr/bin/mono binarytrees.csharp_run %A


PROGRAM OUTPUT
==============
stretch tree of depth 17	 check: -1
131072	 trees of depth 4	 check: -131072
32768	 trees of depth 6	 check: -32768
8192	 trees of depth 8	 check: -8192
2048	 trees of depth 10	 check: -2048
512	 trees of depth 12	 check: -512
128	 trees of depth 14	 check: -128
32	 trees of depth 16	 check: -32
long lived tree of depth 16	 check: -1
