BUILD COMMANDS FOR: binarytrees.hugs

Tue Sep 20 23:10:05 PDT 2005

cp /opt/shootout/shootout/bench/binarytrees/binarytrees.hugs binarytrees.hs
touch binarytrees.hugs_run

=================================================================
COMMAND LINE (%A is single numeric argument):

 /usr/bin/runhugs $HUGS_FLAGS +l binarytrees %A
************************************************************
*   TEST (binarytrees.hugs_run) FAILED - ERROR:  binarytrees.hugs_out differs from Output.12
************************************************************
-rw-r--r--  1 brent brent 254 Sep 20 22:28 Output.12
-rw-r--r--  1 brent brent 256 Sep 20 23:10 binarytrees.hugs_out


PROGRAM OUTPUT
==============
stretch tree of depth 13	 check: -1
8192	 trees of depth 4	 check: -60568
2048	 trees of depth 6	 check: -2048
512	 trees of depth 8	 check: 78176
128	 trees of depth 10	 check: -128
32	 trees of depth 12	 check: -32
long lived tree of depth 12	 check: -1
