BUILD COMMANDS FOR: binarytrees.python-2.python

Fri Sep  2 23:23:37 PDT 2005

rm -f binarytrees.python-2.pyo binarytrees.python-2.pyc
cp /opt/shootout/shootout/bench/binarytrees/binarytrees.python-2.python binarytrees.python-2.py
/usr/bin/python2.4 -OO -c "from py_compile import compile; compile('/opt/shootout/shootout/bench/binarytrees/tmp/binarytrees.python-2.py')"
touch binarytrees.python-2.python_run

=================================================================
COMMAND LINE (%A is single numeric argument):

 /usr/bin/python2.4 binarytrees.python-2.pyo %A
************************************************************
*   TEST (binarytrees.python-2.python_run) FAILED - ERROR:  binarytrees.python-2.python_out differs from Output.12
************************************************************
-rw-r--r--  1 brent brent 254 Jun  6 21:53 Output.12
-rw-r--r--  1 brent brent 266 Sep  2 23:23 binarytrees.python-2.python_out


PROGRAM OUTPUT
==============
stretch tree of depth 13	  check: -1
8192	  trees of depth 4	  check: -8192
2048	  trees of depth 6	  check: -2048
512	  trees of depth 8	  check: -512
128	  trees of depth 10	  check: -128
32	  trees of depth 12	  check: -32
long lived tree of depth 12	  check: -1
