BUILD COMMANDS FOR: binarytrees.mzc

Mon Jun 12 20:43:51 PDT 2006

cp /opt/shootout/shootout/bench/binarytrees/binarytrees.mzscheme binarytrees.ss
/usr/bin/mzc binarytrees.ss
mzc version 301.16, Copyright (c) 2004-2006 PLT Scheme Inc.
"binarytrees.ss": 
 [output to "./binarytrees.so"]
echo "#!/usr/bin/mzscheme -r" > binarytrees.mzc_run
echo "(load-extension \"binarytrees.so\")" >> binarytrees.mzc_run
chmod a+rwx binarytrees.mzc_run
rm binarytrees.ss

=================================================================
COMMAND LINE (%A is single numeric argument):

binarytrees.mzc_run %A
************************************************************
*   TEST (binarytrees.mzc_run) FAILED - ERROR:  binarytrees.mzc_out differs from Output.12
************************************************************
-rw-r--r-- 1 brent brent 254 Oct 30  2005 Output.12
-rw-r--r-- 1 brent brent   0 Jun 12 20:43 binarytrees.mzc_out


PROGRAM OUTPUT
==============
