BUILD COMMANDS FOR: binarytrees.gij-2.gij

Thu Jan  5 20:08:40 PST 2006

if [ ! -d binarytrees.gij-2.gij_run ] ; then mkdir binarytrees.gij-2.gij_run ; fi
cp /opt/shootout/shootout/bench/binarytrees/binarytrees.gij-2.gij binarytrees.gij-2.gij_run/binarytrees.java
( cd binarytrees.gij-2.gij_run ; /usr/bin/gcj -C -classpath '.' binarytrees.java )
/bin/sh: /usr/bin/gcj: No such file or directory
make[3]: [binarytrees.gij-2.gij_run] Error 127 (ignored)
touch binarytrees.gij-2.gij_run

=================================================================
COMMAND LINE (%A is single numeric argument):

 /usr/bin/gij --classpath binarytrees.gij-2.gij_run binarytrees %A
Exception in thread "main" java.lang.NoClassDefFoundError: binarytrees
   at gnu.java.lang.MainThread.run() (/usr/lib/libgcj.so.6.0.0)
Caused by: java.lang.ClassNotFoundException: binarytrees not found in gnu.gcj.runtime.SystemClassLoader{urls=[file:binarytrees.gij-2.gij_run/], parent=gnu.gcj.runtime.ExtensionClassLoader{urls=[], parent=null}}
   at java.net.URLClassLoader.findClass(java.lang.String) (/usr/lib/libgcj.so.6.0.0)
   at java.lang.ClassLoader.loadClass(java.lang.String, boolean) (/usr/lib/libgcj.so.6.0.0)
   at java.lang.ClassLoader.loadClass(java.lang.String) (/usr/lib/libgcj.so.6.0.0)
   at java.lang.Class.forName(java.lang.String, boolean, java.lang.ClassLoader) (/usr/lib/libgcj.so.6.0.0)
   at gnu.java.lang.MainThread.run() (/usr/lib/libgcj.so.6.0.0)
TEST FAILED - Child processed exited with error code (1)


PROGRAM OUTPUT
==============
