RUNNING SCRIPT: binarytrees.ruby

Sat Sep 17 19:33:00 PDT 2005


=================================================================
COMMAND LINE (%A is single numeric argument):

 /usr/bin/ruby1.9 ../binarytrees.ruby %A
************************************************************
*   TEST (binarytrees.ruby) FAILED - ERROR:  binarytrees.ruby_out differs from Output.12
************************************************************
-rw-r--r--  1 brent brent 266 Sep 17 09:50 Output.12
-rw-r--r--  1 brent brent   0 Sep 17 19:33 binarytrees.ruby_out
************************************************************
*   TEST (binarytrees.ruby) FAILED - ERROR:  binarytrees.ruby_out differs from Output.12
************************************************************
-rw-r--r--  1 brent brent 266 Sep 17 09:50 Output.12
-rw-r--r--  1 brent brent   0 Sep 17 19:33 binarytrees.ruby_out
************************************************************
*   TEST HALTED - TIMEOUT AFTER --maxtime 600 SECS
************************************************************


PROGRAM OUTPUT
==============
stretch tree of depth 17	  check: -1
131072	  trees of depth 4	  check: -131072
32768	  trees of depth 6	  check: -32768
8192	  trees of depth 8	  check: -8192
2048	  trees of depth 10	  check: -2048
512	  trees of depth 12	  check: -512
128	  trees of depth 14	  check: -128
32	  trees of depth 16	  check: -32
long lived tree of depth 16	  check: -1
