BUILD COMMANDS FOR: binarytrees.java-2.java

Fri Sep  2 23:23:24 PDT 2005

if [ ! -d binarytrees.java-2.java_run ] ; then mkdir binarytrees.java-2.java_run ; fi
cp /opt/shootout/shootout/bench/binarytrees/binarytrees.java-2.java binarytrees.java-2.java_run/binarytrees.java
/usr/lib/j2sdk1.4.2_05/bin/javac  -d binarytrees.java-2.java_run binarytrees.java-2.java_run/binarytrees.java
touch binarytrees.java-2.java_run

=================================================================
COMMAND LINE (%A is single numeric argument):

 /usr/lib/j2sdk1.4.2_05/bin/java -server -classpath  binarytrees.java-2.java_run  binarytrees %A
************************************************************
*   TEST (binarytrees.java-2.java_run) FAILED - ERROR:  binarytrees.java-2.java_out differs from Output.12
************************************************************
-rw-r--r--  1 brent brent 254 Jun  6 21:53 Output.12
-rw-r--r--  1 brent brent 261 Sep  2 23:23 binarytrees.java-2.java_out


PROGRAM OUTPUT
==============
stretch tree of depth 13	  check: -1
8192	 trees of depth 4	  check: -8192
2048	 trees of depth 6	  check: -2048
512	 trees of depth 8	  check: -512
128	 trees of depth 10	  check: -128
32	 trees of depth 12	  check: -32
long lived tree of depth 12	  check: -1
