
=================================================================
COMMAND LINE (%A is single numeric argument):

 /usr/bin/sbcl --noinform --core sbcl.core --userinit /dev/null --sysinit /dev/null --load binarytrees.sbcl_run %A
; in: LAMBDA NIL
;     (MAIN)
; 
; caught STYLE-WARNING:
;   undefined function: MAIN

; 
; caught STYLE-WARNING:
;   This function is undefined:
;     MAIN
; 
; compilation unit finished
;   caught 2 STYLE-WARNING conditions
unhandled SIMPLE-ERROR in thread #<SB-THREAD:THREAD "initial thread" {90035A9}>:
  Error during processing of --eval option "(|LOAD| \"binarytrees.sbcl_run\")":

  The function MAIN is undefined.

0: (BACKTRACE 128 #<SYNONYM-STREAM :SYMBOL SB-SYS:*STDERR* {514B549}>)
1: (SB-DEBUG::DEBUGGER-DISABLED-HOOK
    #<SIMPLE-ERROR {9026CA1}>
    #<unavailable argument>)
2: (INVOKE-DEBUGGER #<SIMPLE-ERROR {9026CA1}>)
3: (ERROR
    "Error during processing of --eval ~
                                              option ~S:~%~%  ~A")
4: ((LAMBDA (SB-IMPL::E)) #<UNDEFINED-FUNCTION MAIN {9026BF9}>)
5: ((LAMBDA (SB-IMPL::E)) #<UNDEFINED-FUNCTION MAIN {9026BF9}>)
6: (SIGNAL #<UNDEFINED-FUNCTION MAIN {9026BF9}>)
7: (ERROR UNDEFINED-FUNCTION)
8: (SB-KERNEL::UNDEFINED-FUN-ERROR-HANDLER
    #<unavailable argument>
    #.(SB-SYS:INT-SAP #XB7C19B20)
    #<SB-ALIEN-INTERNALS:ALIEN-VALUE :SAP #XB7C19810 :TYPE (*
                                                            (STRUCT
                                                             SB-VM::OS-CONTEXT-T-STRUCT))>
    (14))
9: (SB-KERNEL:INTERNAL-ERROR
    #.(SB-SYS:INT-SAP #XB7C19810)
    #<unavailable argument>)
10: ("foreign function: call_into_lisp")
11: ("foreign function: funcall2")
12: ("foreign function: interrupt_internal_error")
13: ("foreign function: sigtrap_handler")
14: ("bogus stack frame")
15: (SB-INT:EVAL-IN-LEXENV (MAIN) #<NULL-LEXENV>)
16: (SB-FASL::LOAD-AS-SOURCE
     #<SB-SYS:FD-STREAM for "file /opt/shootout/shootout/bench/binarytrees/tmp/binarytrees.sbcl_run" {900F251}>
     NIL
     NIL)
17: (SB-FASL::INTERNAL-LOAD
     #P"binarytrees.sbcl_run"
     #P"/opt/shootout/shootout/bench/binarytrees/tmp/binarytrees.sbcl_run"
     :ERROR
     NIL
     NIL
     :SOURCE
     :DEFAULT)
18: (SB-FASL::INTERNAL-LOAD
     #P"binarytrees.sbcl_run"
     #P"/opt/shootout/shootout/bench/binarytrees/tmp/binarytrees.sbcl_run"
     :ERROR
     NIL
     NIL
     NIL
     :DEFAULT)
19: (LOAD "binarytrees.sbcl_run")
20: (SB-INT:EVAL-IN-LEXENV
     (LOAD "binarytrees.sbcl_run")
     #S(SB-KERNEL:LEXENV
        :FUNS NIL
        :VARS NIL
        :BLOCKS NIL
        :TAGS NIL
        :TYPE-RESTRICTIONS NIL
        :LAMBDA NIL
        :CLEANUP NIL
        :HANDLED-CONDITIONS NIL
        :DISABLED-PACKAGE-LOCKS NIL
        :POLICY ((SPEED . 1) (SPACE . 1) (SAFETY . 1) (INHIBIT-WARNINGS . 1)
                 (DEBUG . 1) (COMPILATION-SPEED . 1))))
21: (SB-IMPL::PROCESS-EVAL-OPTIONS ("(|LOAD| \"binarytrees.sbcl_run\")"))
22: (SB-IMPL::TOPLEVEL-INIT)
23: ((FLET SB-IMPL::RESTART-LISP))

unhandled condition in --disable-debugger mode, quitting
TEST FAILED - Child processed exited with error code (1)


PROGRAM OUTPUT
==============
