BUILD COMMANDS FOR: binarytrees.gcl-2.gcl

Sun Oct 30 21:26:39 PST 2005

cp /opt/shootout/shootout/bench/binarytrees/binarytrees.gcl-2.gcl binarytrees.gcl-2.gcl
(GCL_ANSI=1; export GCL_ANSI; \
  /usr/bin/gclcvs -compile binarytrees.gcl-2.gcl)

;; Compiling binarytrees.gcl-2.gcl.
; (DEFUN CHECK-NODE ...) is being compiled.
;; Warning: Type declaration was found for not bound variable FIXNUM
;; End of Pass 1.  
;; End of Pass 2.  
;; OPTIMIZE levels: Safety=0 (No runtime error checking), Space=0, Speed=3, (Debug quality ignored)
;; Finished compiling binarytrees.gcl-2.gcl.
touch binarytrees.gcl-2.gcl_run

=================================================================
COMMAND LINE (%A is single numeric argument):

 /usr/bin/gclcvs -batch -load binarytrees.o -eval '(main)' -f binarytrees.gcl %A
************************************************************
*   TEST HALTED - TIMEOUT AFTER --maxtime 600 SECS
************************************************************


PROGRAM OUTPUT
==============

Error in SYSTEM::GCL-TOP-LEVEL [or a callee]: Cannot open the file binarytrees.o.

Fast links are on: do (si::use-fast-links nil) for debugging
Broken at SYSTEM::SET-UP-TOP-LEVEL.  Type :H for Help.
 1 (Continue) Retry loading file "binarytrees.o".
 2 Return to top level.
dbl:>>