BUILD COMMANDS FOR: chameneos.icpp

Fri Mar 31 19:41:59 PST 2006

/opt/intel/cc/9.0/bin/icpc -c -O3 -ip -static -unroll  chameneos.c++ -o chameneos.c++.o &&  \
        /opt/intel/cc/9.0/bin/icpc chameneos.c++.o -o chameneos.icpp_run -O3 -ip -static -unroll  
IPO Error: unresolved : pthread_cond_init
        Referenced in chameneos.c++.o
IPO Error: unresolved : pthread_join
        Referenced in chameneos.c++.o
IPO Error: unresolved : pthread_cond_destroy
        Referenced in chameneos.c++.o
IPO Error: unresolved : pthread_mutex_destroy
        Referenced in chameneos.c++.o
IPO Error: unresolved : pthread_cond_wait
        Referenced in chameneos.c++.o
IPO Error: unresolved : pthread_cond_broadcast
        Referenced in chameneos.c++.o
chameneos.c++.o: In function `main':chameneos.c++:(.text+0x56): undefined reference to `pthread_cond_init'
:chameneos.c++:(.text+0xf4): undefined reference to `pthread_join'
:chameneos.c++:(.text+0x13f): undefined reference to `pthread_cond_destroy'
:chameneos.c++:(.text+0x148): undefined reference to `pthread_mutex_destroy'
chameneos.c++.o: In function `thread_run':chameneos.c++:(.text+0x1e6): undefined reference to `pthread_cond_wait'
:chameneos.c++:(.text+0x217): undefined reference to `pthread_cond_wait'
:chameneos.c++:(.text+0x241): undefined reference to `pthread_cond_broadcast'
chameneos.c++.o: In function `MeetingPlace::~MeetingPlace()':chameneos.c++:(.gnu.linkonce.t._ZN12MeetingPlaceD1Ev[.gnu.linkonce.t._ZN12MeetingPlaceD1Ev]+0xe): undefined reference to `pthread_cond_destroy'
:chameneos.c++:(.gnu.linkonce.t._ZN12MeetingPlaceD1Ev[.gnu.linkonce.t._ZN12MeetingPlaceD1Ev]+0x17): undefined reference to `pthread_mutex_destroy'
make[3]: [chameneos.icpp_run] Error 1 (ignored)
rm: cannot remove `chameneos.o': No such file or directory
make[3]: [chameneos.icpp_run] Error 1 (ignored)

=================================================================
COMMAND LINE (%A is single numeric argument):

chameneos.icpp_run %A
Error, could not exec chameneos.icpp_run 10000 (No such file or directory)
PATH=/opt/shootout/shootout/bench/chameneos:/opt/shootout/shootout/bench/chameneos/tmp:/opt/xds_x86/bin:/opt/intel/fc/9.0/bin:/opt/intel/cc/9.0/bin:/usr/lib/poplog/current-poplog/pop/pop:/usr/lib/smarteiffel/bin:/usr/local/Acrobat5/bin:/usr/lib/postgresql/bin:/home/brent/GNUstep/Tools:/usr/local/lib/GNUstep/Local/Tools:/usr/local/lib/GNUstep/Network/Tools:/usr/lib/GNUstep/System/Tools:/usr/local/bin:/usr/bin:/bin:/usr/bin/X11:/usr/games:/usr/lib/poplog/current-poplog/pop/com
TEST FAILED - Child processed exited with error code (1)


PROGRAM OUTPUT
==============
