BUILD COMMANDS FOR: chameneos.java14-3.java14

Fri Oct 12 23:03:09 PDT 2007

if [ ! -d chameneos.java14-3.java14_run ] ; then mkdir chameneos.java14-3.java14_run ; fi
cp /opt/shootout/shootout/bench/chameneos/chameneos.java14-3.java14 chameneos.java14-3.java14_run/chameneos.java
/usr/lib/j2se/1.4/bin/javac  -d chameneos.java14-3.java14_run chameneos.java14-3.java14_run/chameneos.java
chameneos.java14-3.java14_run/chameneos.java:11: ';' expected
    public enum Colour {
                       ^
chameneos.java14-3.java14_run/chameneos.java:27: '{' expected
    public class Future<T> {
                       ^
chameneos.java14-3.java14_run/chameneos.java:81: <identifier> expected
        private Future<Colour> current;
                      ^
chameneos.java14-3.java14_run/chameneos.java:88: not a statement
            Future<Colour> newColor;
                         ^
chameneos.java14-3.java14_run/chameneos.java:95: '(' or '[' expected
                        current = new Future<Colour>();
                                            ^
chameneos.java14-3.java14_run/chameneos.java:114: invalid method declaration; return type required
    public chameneos(int meetings) {
           ^
chameneos.java14-3.java14_run/chameneos.java:153: '}' expected
^
7 errors
make[3]: [chameneos.java14-3.java14_run] Error 1 (ignored)
touch chameneos.java14-3.java14_run

=================================================================
COMMAND LINE (%A is single numeric argument):

 /usr/lib/j2se/1.4/bin/java -server -classpath  chameneos.java14-3.java14_run  chameneos %A
Exception in thread "main" java.lang.NoClassDefFoundError: chameneos
TEST FAILED - Child processed exited with error code (1)


PROGRAM OUTPUT
==============
