BUILD COMMANDS FOR: chameneosredux.gnat

Thu Dec  6 20:09:43 PST 2007

cp /opt/shootout/shootout/bench/chameneosredux/chameneosredux.gnat chameneosredux.ada
/usr/bin/gnatchop -w chameneosredux.ada
splitting chameneosredux.ada into:
   chameneosredux.adb
/usr/bin/gnatmake -gnatp -Wall -O3 -fomit-frame-pointer -march=athlon-tbird  -f chameneosredux.adb -o chameneosredux.gnat_run
gcc-4.1 -c -gnatp -Wall -O3 -fomit-frame-pointer -march=athlon-tbird chameneosredux.adb
gnatbind -x chameneosredux.ali
gnatlink chameneosredux.ali -fomit-frame-pointer -march=athlon-tbird -o chameneosredux.gnat_run
rm chameneosredux.ada

=================================================================
COMMAND LINE (%A is single numeric argument):

chameneosredux.gnat_run %A
************************************************************
*   FILE COMPARISON ERROR
************************************************************
15c15
<  one one nine eight two three
--- field 2
>  one two zero zero zero zero
28c28
<  one one nine nine nine one
--- field 2
>  one two zero zero zero zero

************************************************************
*   TEST (chameneosredux.gnat_run) FAILED - ERROR:  chameneosredux.gnat_out differs from Output.60000
************************************************************
-rw-r--r-- 1 brent brent 463 2007-12-06 20:10 chameneosredux.gnat_out
-rw-r--r-- 1 brent brent 463 2007-12-01 22:02 Output.60000


PROGRAM OUTPUT
==============
blue + blue -> blue
blue + red -> yellow
blue + yellow -> red
red + blue -> yellow
red + red -> red
red + yellow -> blue
yellow + blue -> red
yellow + red -> blue
yellow + yellow -> yellow

 blue red yellow
39942 zero
39940 zero
39941 zero
 one one nine eight two three

 blue red yellow red yellow blue red yellow red blue
11999 zero
12003 zero
12003 zero
12003 zero
12000 zero
11999 zero
11998 zero
11998 zero
11994 zero
11994 zero
 one one nine nine nine one

