BUILD COMMANDS FOR: chameneos.mzc

Mon Jun 12 20:43:56 PDT 2006

cp /opt/shootout/shootout/bench/chameneos/chameneos.mzscheme chameneos.ss
/usr/bin/mzc chameneos.ss
mzc version 301.16, Copyright (c) 2004-2006 PLT Scheme Inc.
"chameneos.ss": 
 [output to "./chameneos.so"]
echo "#!/usr/bin/mzscheme -r" > chameneos.mzc_run
echo "(load-extension \"chameneos.so\")" >> chameneos.mzc_run
chmod a+rwx chameneos.mzc_run
rm chameneos.ss

=================================================================
COMMAND LINE (%A is single numeric argument):

chameneos.mzc_run %A
************************************************************
*   TEST (chameneos.mzc_run) FAILED - ERROR:  chameneos.mzc_out differs from Output.10000
************************************************************
-rw-r--r-- 1 brent brent 6 Oct 30  2005 Output.10000
-rw-r--r-- 1 brent brent 0 Jun 12 20:43 chameneos.mzc_out


PROGRAM OUTPUT
==============
