BUILD COMMANDS FOR: chameneos.fpascal-3.fpascal

Sat Dec  1 15:29:28 PST 2007

cp /opt/shootout/shootout/bench/chameneos/chameneos.fpascal-3.fpascal chameneos.fpascal-3.pas
/usr/bin/fpc -XX -Xs -O3 -Op3 -Or -Fi../../Include/fpascal -Fu../../Include/fpascal -I../../Include/fpascal  -oFPASCAL_RUN chameneos.fpascal-3.pas
Warning: You are using the obsolete switch -Op<nr>, please use -Op<name>
Warning: You are using the obsolete switch -Or, please use -O2 or -Ooregvar
Free Pascal Compiler version 2.2.0 [2007/08/30] for i386
Copyright (c) 1993-2007 by Florian Klaempfl
Target OS: Linux for i386
Compiling chameneos.fpascal-3.pas
Linking FPASCAL_RUN
139 lines compiled, 0.4 sec
2 warning(s) issued
mv FPASCAL_RUN chameneos.fpascal-3.fpascal_run
rm chameneos.fpascal-3.pas

=================================================================
COMMAND LINE (%A is single numeric argument):

chameneos.fpascal-3.fpascal_run %A


PROGRAM OUTPUT
==============
2000000
