RUNNING SCRIPT: dispatch.bash

Fri Jun 24 23:15:50 PDT 2005


=================================================================
COMMAND LINE (%A is single numeric argument):

dispatch.bash %A
************************************************************
*   TEST (dispatch.bash) FAILED - ERROR:  dispatch.bash_out differs from Output.200000
************************************************************
-rw-r--r--  1 brent brent    8 May 25 19:13 Output.200000
-rw-r--r--  1 brent brent 1699 Jun 24 23:15 dispatch.bash_out


PROGRAM OUTPUT
==============
/opt/shootout/shootout/bench/dispatch/tmp
total 132
drwxr-xr-x  2 brent brent 4096 Jun 23 21:13 .
drwxr-xr-x  5 brent brent 4096 Jun 24 23:12 ..
-rw-r--r--  1 brent brent 1690 Jun 23 21:13 all.html
-rw-r--r--  1 brent brent 1107 Jun 23 21:13 all_cpu-s.html
-rw-r--r--  1 brent brent 1690 Jun 23 21:13 all_loc.html
-rw-r--r--  1 brent brent 1690 Jun 23 21:13 all_mem.html
-rw-r--r--  1 brent brent  821 Jun 23 21:13 cpu.html
-rw-r--r--  1 brent brent  120 Jun 23 21:13 cpu.mbtab
-rw-r--r--  1 brent brent  120 Jun 23 20:12 cpu.mbtab~
-rw-r--r--  1 brent brent 4934 Jun 23 21:13 cpu.png
-rw-r--r--  1 brent brent  274 Jun 23 21:13 cpu.txt
-rw-r--r--  1 brent brent  274 Jun 23 20:12 cpu.txt~
-rw-r--r--  1 brent brent   36 Jun 18 23:13 loc.tab
-rw-r--r--  1 brent brent  889 Jun 23 21:13 max.html
-rw-r--r--  1 brent brent  113 Jun 23 21:13 max.mbtab
-rw-r--r--  1 brent brent  113 Jun 23 20:12 max.mbtab~
-rw-r--r--  1 brent brent 2666 Jun 23 21:13 max.png
-rw-r--r--  1 brent brent  233 Jun 23 21:13 max.txt
-rw-r--r--  1 brent brent  233 Jun 23 20:12 max.txt~
-rw-r--r--  1 brent brent  809 Jun 23 21:13 mem.html
-rw-r--r--  1 brent brent  105 Jun 23 21:13 mem.mbtab
-rw-r--r--  1 brent brent  105 Jun 23 20:12 mem.mbtab~
-rw-r--r--  1 brent brent 4896 Jun 23 21:13 mem.png
-rw-r--r--  1 brent brent  277 Jun 23 21:13 mem.txt
-rw-r--r--  1 brent brent  277 Jun 23 20:12 mem.txt~
-rw-r--r--  1 brent brent  889 Jun 23 21:13 min.html
-rw-r--r--  1 brent brent  109 Jun 23 21:13 min.mbtab
-rw-r--r--  1 brent brent  109 Jun 23 20:12 min.mbtab~
-rw-r--r--  1 brent brent 2704 Jun 23 21:13 min.png
-rw-r--r--  1 brent brent  232 Jun 23 21:13 min.txt
-rw-r--r--  1 brent brent  232 Jun 23 20:12 min.txt~
