BUILD COMMANDS FOR: dispatch.oberon2-2.oberon2

Wed May 25 19:16:34 PDT 2005

cp /opt/shootout/shootout/bench/dispatch/dispatch.oberon2-2.oberon2 Dispatch.oberon2-2.Mod
/usr/bin/oo2c --no-rtc ../../Include/oberon2/L*
/usr/bin/oo2c --no-rtc ../../Include/oberon2/R*
/usr/bin/oo2c --no-rtc ../../Include/oberon2/S*
/usr/bin/oo2c -A --no-rtc -M Dispatch.oberon2-2.Mod
Error: Cannot locate module Dispatch.oberon2-2.Mod
make[3]: [dispatch.oberon2-2.oberon2_run] Error 1 (ignored)
mv bin/Dispatch.oberon2-2 dispatch.oberon2-2.oberon2_run
mv: cannot stat `bin/Dispatch.oberon2-2': No such file or directory
make[3]: [dispatch.oberon2-2.oberon2_run] Error 1 (ignored)
rm -rf obj sym bin

=================================================================
COMMAND LINE (%A is single numeric argument):

dispatch.oberon2-2.oberon2_run %A
Error, could not exec dispatch.oberon2-2.oberon2_run 200000 (No such file or directory)
PATH=/opt/shootout/shootout/bench/dispatch:/opt/shootout/shootout/bench/dispatch/tmp:/opt/xds_c/bin:/opt/intel_fc_80/bin:/opt/intel_cc_80/bin:/usr/lib/poplog/current-poplog/pop/pop:/usr/bin:/bin:/usr/lib/poplog/current-poplog/pop/com
TEST FAILED - Child processed exited with error code (1)


PROGRAM OUTPUT
==============
