BUILD COMMANDS FOR: echo.hipe

Sat Apr  1 22:04:54 PST 2006

cp /opt/shootout/shootout/bench/echo/echo.erlang echo.erl
(if [ "echo" = "lists" ]; then		\
	    mv lists.erl lists_test.erl;	\
	    /usr/bin/erlc +native +"{hipe, [o3]}" lists_test.erl;	\
	else					\
	    /usr/bin/erlc +native +"{hipe, [o3]}" echo.erl;	\
	fi)
rm echo.erl

=================================================================
COMMAND LINE (%A is single numeric argument):

 /usr/bin/erl -noinput -noshell -noinput -run echo main %A
************************************************************
*   TEST (echo.hipe_run) FAILED - ERROR:  echo.hipe_out differs from Output.40000
************************************************************
-rw-r--r-- 1 brent brent 30 Oct 30 14:10 Output.40000
-rw-r--r-- 1 brent brent  0 Apr  1 22:04 echo.hipe_out


PROGRAM OUTPUT
==============
server processed 2850000 bytes
