RUNNING SCRIPT: echo.gst

Thu Nov 17 20:47:57 PST 2005


=================================================================
COMMAND LINE (%A is single numeric argument):

 /usr/bin/gst -QI /usr/share/gnu-smalltalk/gst.im ../echo.gst -a %A
************************************************************
*   TEST HALTED - TIMEOUT AFTER --maxtime 600 SECS
************************************************************
../echo.gst:21: Aborted
../echo.gst:21: Error occurred while not in byte code interpreter!!
[0xffffe420]
/lib/tls/libc.so.6(abort+0xeb)[0xb7e7a04b]
/usr/bin/gst[0x8059f7f]
/usr/bin/gst[0x808c7ca]
[0xffffe420]
/usr/bin/gst[0x805aab6]
/usr/bin/gst[0x805b843]
/usr/bin/gst[0x8093972]
[0x83ee062]
/usr/bin/gst[0x8095977]


PROGRAM OUTPUT
==============
Ack(3,40000): 