BUILD COMMANDS FOR: echo.bigloo

Mon Oct 31 19:25:06 PST 2005

cp /opt/shootout/shootout/bench/echo/echo.bigloo echo.scm
rm -f echo.bigloo_run
/usr/bin/bigloo -fsharing -Obench -unsafe  echo.scm -o echo.bigloo_run

File "./echo.scm", line 31, character 884:
#	   (socket-accept-connection ssock)
#	   ^
# *** ERROR:echo-server
# Unbound variable -- socket-accept-connection

1 error occured, ending ...
make[2]: [echo.bigloo_run] Error 255 (ignored)

=================================================================
COMMAND LINE (%A is single numeric argument):

echo.bigloo_run %A
Error, could not exec echo.bigloo_run 40000 (No such file or directory)
PATH=/opt/shootout/shootout/bench/echo:/opt/shootout/shootout/bench/echo/tmp:/usr/local/Acrobat5/bin:/usr/lib/postgresql/bin:/home/brent/GNUstep/Tools:/usr/local/lib/GNUstep/Local/Tools:/usr/local/lib/GNUstep/Network/Tools:/usr/lib/GNUstep/System/Tools:/usr/local/bin:/usr/bin:/bin:/usr/bin/X11:/usr/games
TEST FAILED - Child processed exited with error code (1)


PROGRAM OUTPUT
==============
