BUILD COMMANDS FOR: except.erlang

Sun Oct 10 20:09:06 PDT 2004

cp /opt/shootout/shootout/bench/except/except.erlang except.erl
if [ "except" = "plugin" ]; then		\
    cp /opt/shootout/shootout/bench/except/plugin_2.erlang plugin_2.erl; \
    cp /opt/shootout/shootout/bench/except/plugin_3.erlang plugin_3.erl; \
fi
if [ "except" = "lists" ]; then		\
    mv lists.erl lists_test.erl;	\
    /usr/bin/erlc lists_test.erl;		\
else					\
    if [ "except" = "plugin" ]; then	\
        /usr/bin/erlc except.erl;			\
        /usr/bin/erlc plugin_2.erl;		\
        /usr/bin/erlc plugin_3.erl;		\
    else				\
        /usr/bin/erlc except.erl;			\
            fi;					\
fi
./except.erl:23: Warning: variable 'N1' is unused
./except.erl:30: Warning: variable 'N1' is unused
./except.erl:38: Warning: variable 'N1' is unused
./except.erl:39: Warning: variable 'N2' is unused
rm except.erl

=================================================================
COMMAND LINE (%A is single numeric argument):

 /usr/bin/erl -noinput -noshell -s except main %A


PROGRAM OUTPUT
==============
Exceptions: HI=125000 / LO=125000
