BUILD COMMANDS FOR: except.sbcl-2.sbcl

Thu Sep 14 23:18:46 PDT 2006

SBCL built with: /usr/bin/sbcl --userinit /dev/null --sysinit /dev/null -batch -eval '(load "except.sbcl-2.sbcl_compile")'
### START except.sbcl-2.sbcl_compile
(proclaim '(optimize (speed 3) (safety 0) (debug 0) (compilation-speed 0) (space 0)))
(asdf:operate 'asdf:load-op 'cl-ppcre)
(handler-bind ((sb-ext:defconstant-uneql      (lambda (c) (abort c))))      (load (compile-file "except.sbcl-2.sbcl" ))) (save-lisp-and-die "sbcl.core" :purify t)
### END except.sbcl-2.sbcl_compile

; loading system definition from /usr/share/common-lisp/systems/cl-ppcre.asd
; into #<PACKAGE "ASDF0">
; registering #<SYSTEM #:CL-PPCRE {A8F7219}> as CL-PPCRE
; compiling file "/opt/shootout/shootout/bench/except/tmp/except.sbcl-2.sbcl" (written 14 SEP 2006 11:18:46 PM):
; compiling (DEFUN COMMAND-LINE-ARGUMENT ...)
; compiling (DEFVAR *HI* ...)
; compiling (DEFVAR *LO* ...)
; compiling (DEFINE-CONDITION HI-EXCEPTION ...)
; compiling (DEFINE-CONDITION LO-EXCEPTION ...)
; compiling (DEFUN BLOW-UP ...)
; compiling (DEFUN LO-FUN ...)
; file: /opt/shootout/shootout/bench/except/tmp/except.sbcl-2.sbcl
; in: DEFUN LO-FUN
;     (INCF *LO*)
; --> LET* 
; ==>
;   (+ *LO* #:G14)
; 
; note: unable to
;   optimize
; due to type uncertainty:
;   The first argument is a NUMBER, not a FLOAT.
; 
; note: unable to
;   optimize
; due to type uncertainty:
;   The first argument is a NUMBER, not a (COMPLEX SINGLE-FLOAT).
; 
; note: unable to
;   optimize
; due to type uncertainty:
;   The first argument is a NUMBER, not a (COMPLEX DOUBLE-FLOAT).
; 
; note: forced to do GENERIC-+ (cost 10)
;       unable to do inline fixnum arithmetic (cost 1) because:
;       The first argument is a NUMBER, not a FIXNUM.
;       The result is a (VALUES NUMBER &OPTIONAL), not a (VALUES FIXNUM &REST T).
;       unable to do inline fixnum arithmetic (cost 2) because:
;       The first argument is a NUMBER, not a FIXNUM.
;       The result is a (VALUES NUMBER &OPTIONAL), not a (VALUES FIXNUM &REST T).
;       etc.

; compiling (DEFUN HI-FUN ...)
; file: /opt/shootout/shootout/bench/except/tmp/except.sbcl-2.sbcl
; in: DEFUN HI-FUN
;     (INCF *HI*)
; --> LET* 
; ==>
;   (+ *HI* #:G24)
; 
; note: unable to
;   optimize
; due to type uncertainty:
;   The first argument is a NUMBER, not a FLOAT.
; 
; note: unable to
;   optimize
; due to type uncertainty:
;   The first argument is a NUMBER, not a (COMPLEX SINGLE-FLOAT).
; 
; note: unable to
;   optimize
; due to type uncertainty:
;   The first argument is a NUMBER, not a (COMPLEX DOUBLE-FLOAT).
; 
; note: forced to do GENERIC-+ (cost 10)
;       unable to do inline fixnum arithmetic (cost 1) because:
;       The first argument is a NUMBER, not a FIXNUM.
;       The result is a (VALUES NUMBER &OPTIONAL), not a (VALUES FIXNUM &REST T).
;       unable to do inline fixnum arithmetic (cost 2) because:
;       The first argument is a NUMBER, not a FIXNUM.
;       The result is a (VALUES NUMBER &OPTIONAL), not a (VALUES FIXNUM &REST T).
;       etc.

; compiling (DEFUN SOME-FUN ...)
; compiling (DEFUN MAIN ...); 
; compilation unit finished
;   printed 8 notes


; /opt/shootout/shootout/bench/except/tmp/except.sbcl-2.fasl written
; compilation finished in 0:00:00
[doing purification: roots handlers stack bindings static cleanup done]
[undoing binding stack and other enclosing state... done]
[saving current Lisp image into /opt/shootout/shootout/bench/except/tmp/sbcl.core:
writing 21645680 bytes from the read-only space at 0x01000000
writing 5495280 bytes from the static space at 0x05000000
writing 4096 bytes from the dynamic space at 0x09000000
done]
### START except.sbcl-2.sbcl_run
(proclaim '(optimize (speed 3) (safety 0) (debug 0) (compilation-speed 0) (space 0)))
(main) (quit)
### END except.sbcl-2.sbcl_run


=================================================================
COMMAND LINE (%A is single numeric argument):

 /usr/bin/sbcl --noinform --core sbcl.core --userinit /dev/null --sysinit /dev/null --load except.sbcl-2.sbcl_run %A
unhandled SIMPLE-CONDITION in thread #<SB-THREAD:THREAD "initial thread" {9003681}>:
  interrupted at #X1CEF3D9

0: (BACKTRACE 128 #<SYNONYM-STREAM :SYMBOL SB-SYS:*STDERR* {5090A89}>)
1: (SB-DEBUG::DEBUGGER-DISABLED-HOOK
    #<SIMPLE-CONDITION {956B659}>
    #<unavailable argument>)
2: (INVOKE-DEBUGGER #<SIMPLE-CONDITION {956B659}>)
3: (SB-INT:%BREAK SB-UNIX:SIGINT "interrupted at #X~X" 30340057)
4: (SB-UNIX::SIGINT-HANDLER
    #<unavailable argument>
    #<unavailable argument>
    #.(SB-SYS:INT-SAP #XA5EC2F2C))
5: (SB-SYS:INVOKE-INTERRUPTION #<CLOSURE (LAMBDA #) {956B17D}>)
6: ("foreign function: call_into_lisp")
7: ("foreign function: funcall3")
8: ("foreign function: interrupt_handle_now")
9: ("foreign function: interrupt_handle_pending")
10: ((FLET #:CLEANUP-FUN-7))
11: (SB-SYS:INVOKE-INTERRUPTION #<CLOSURE (LAMBDA #) {956B135}>)
12: ("foreign function: call_into_lisp")
13: ("foreign function: funcall3")
14: ("foreign function: interrupt_handle_now")
15: ("bogus stack frame")
16: ("foreign function: search_read_only_space")
17: ("foreign function: component_ptr_from_pc")
18: (BLOW-UP #<unavailable lambda list>)
19: (SB-DI::COMPUTE-LRA-DATA-FROM-PC #.(SB-SYS:INT-SAP #X01928C9C))
20: (SB-DI::COMPUTE-CALLING-FRAME
     #.(SB-SYS:INT-SAP #XA5EC3A44)
     #.(SB-SYS:INT-SAP #X01928C9C)
     #<SB-DI::COMPILED-FRAME (SB-C::TL-XEP ERROR)>)
21: (SB-DI:FRAME-DOWN #<SB-DI::COMPILED-FRAME (SB-C::TL-XEP ERROR)>)
22: (SB-KERNEL:FIND-CALLER-NAME-AND-FRAME)
23: (ERROR HI-EXCEPTION)
24: (BLOW-UP #<unavailable lambda list>)
25: (BLOW-UP #<unavailable lambda list>)
26: (LO-FUN #<unavailable lambda list>)
27: (HI-FUN #<unavailable lambda list>)
28: (MAIN #<unavailable lambda list>)
29: (SB-INT:EVAL-IN-LEXENV (MAIN) #<NULL-LEXENV>)
30: (SB-FASL::LOAD-AS-SOURCE
     #<SB-SYS:FD-STREAM for "file /opt/shootout/shootout/bench/except/tmp/except.sbcl-2.sbcl_run" {900E761}>
     NIL
     NIL)
31: (SB-FASL::INTERNAL-LOAD
     #P"except.sbcl-2.sbcl_run"
     #P"/opt/shootout/shootout/bench/except/tmp/except.sbcl-2.sbcl_run"
     :ERROR
     NIL
     NIL
     :SOURCE
     :DEFAULT)
32: (SB-FASL::INTERNAL-LOAD
     #P"except.sbcl-2.sbcl_run"
     #P"/opt/shootout/shootout/bench/except/tmp/except.sbcl-2.sbcl_run"
     :ERROR
     NIL
     NIL
     NIL
     :DEFAULT)
33: (LOAD #P"except.sbcl-2.sbcl_run")
34: (SB-INT:EVAL-IN-LEXENV (LOAD #P"except.sbcl-2.sbcl_run") #<NULL-LEXENV>)
35: (SB-IMPL::PROCESS-EVAL-OPTIONS ((LOAD #P"except.sbcl-2.sbcl_run")))
36: (SB-IMPL::TOPLEVEL-INIT)
37: ((LABELS SB-IMPL::RESTART-LISP))

unhandled condition in --disable-debugger mode, quitting


PROGRAM OUTPUT
==============
