BUILD COMMANDS FOR: except.sablevm

Sat Sep 17 21:35:34 PDT 2005

( if [ ! -d except.sablevm_run ] ; then mkdir except.sablevm_run ; fi )
cp /opt/shootout/shootout/bench/except/except.sablevm except.sablevm_run/except.java
( cd except.sablevm_run ; /usr/lib/j2sdk1.4.2_05/bin/javac  -classpath '.' except.java )
touch except.sablevm_run

=================================================================
COMMAND LINE (%A is single numeric argument):

 /usr/bin/sablevm -Y --classpath="except.sablevm_run" except %A
************************************************************
*   TEST (except.sablevm_run) FAILED - ERROR:  except.sablevm_out differs from Output.150000
************************************************************
-rw-r--r--  1 brent brent 32 Sep 17 09:55 Output.150000
-rw-r--r--  1 brent brent  0 Sep 17 21:45 except.sablevm_out
************************************************************
*   TEST HALTED - TIMEOUT AFTER --maxtime 600 SECS
************************************************************


PROGRAM OUTPUT
==============
Exceptions: HI=100000 / LO=100000
