BUILD COMMANDS FOR: fannkuch.scala

Thu Apr  5 21:16:32 PDT 2007

( if [ ! -d fannkuch.scala_run ] ; then mkdir fannkuch.scala_run ; fi)
cp /opt/shootout/shootout/bench/fannkuch/fannkuch.scala fannkuch.scala_run/fannkuch.scala
( cd fannkuch.scala_run ; /usr/bin/scalac -target:jvm-1.5 -Xcloselim fannkuch.scala )
fannkuch.scala:13: warning: does not cover case {object Nil}
  def flips(l: List[int]): int = l match {
                                 ^
one warning found
touch fannkuch.scala_run

=================================================================
COMMAND LINE (%A is single numeric argument):

 JAVACMD="/usr/lib/j2se/1.5/bin/java -server" /usr/bin/scala -classpath fannkuch.scala_run fannkuch %A


PROGRAM OUTPUT
==============
12345678910
21345678910
23145678910
32145678910
31245678910
13245678910
23415678910
32415678910
34215678910
43215678910
42315678910
24315678910
34125678910
43125678910
41325678910
14325678910
13425678910
31425678910
41235678910
14235678910
12435678910
21435678910
24135678910
42135678910
23451678910
32451678910
34251678910
43251678910
42351678910
24351678910
Pfannkuchen(10) = 38
