BUILD COMMANDS FOR: fannkuch.icc

Sun Dec  4 23:08:00 PST 2005

/opt/intel/cc/9.0/bin/icc -O3 -ip -static -unroll -tpp6 fannkuch.c -o fannkuch.icc_run

=================================================================
COMMAND LINE (%A is single numeric argument):

fannkuch.icc_run %A


PROGRAM OUTPUT
==============
123456789
213456789
231456789
321456789
312456789
132456789
234156789
324156789
342156789
432156789
423156789
243156789
341256789
431256789
413256789
143256789
134256789
314256789
412356789
142356789
124356789
214356789
241356789
421356789
234516789
324516789
342516789
432516789
423516789
243516789
Pfannkuchen(9) = 30
