BUILD COMMANDS FOR: fannkuch.chicken

Thu Dec  6 21:52:34 PST 2007

cp /opt/shootout/shootout/bench/fannkuch/fannkuch.chicken fannkuch.chicken
rm -f fannkuch.chicken_run
/usr/local/bin/csc fannkuch.chicken -O3 -d0 -lambda-lift -b  -C "-O3 -fomit-frame-pointer -march=athlon-tbird -fno-strict-aliasing" -o fannkuch.chicken_run
rm fannkuch.chicken

=================================================================
COMMAND LINE (%A is single numeric argument):

fannkuch.chicken_run %A


PROGRAM OUTPUT
==============
1234567891011
2134567891011
2314567891011
3214567891011
3124567891011
1324567891011
2341567891011
3241567891011
3421567891011
4321567891011
4231567891011
2431567891011
3412567891011
4312567891011
4132567891011
1432567891011
1342567891011
3142567891011
4123567891011
1423567891011
1243567891011
2143567891011
2413567891011
4213567891011
2345167891011
3245167891011
3425167891011
4325167891011
4235167891011
2435167891011
Pfannkuchen(11) = 51
