BUILD COMMANDS FOR: fannkuch.gpp-2.gpp

Sat Dec 10 23:12:18 PST 2005

/usr/bin/g++ -c -pipe -Wall -O3 -fomit-frame-pointer -funroll-loops  fannkuch.gpp-2.c++ -o fannkuch.gpp-2.c++.o &&  \
        /usr/bin/g++ fannkuch.gpp-2.c++.o -o fannkuch.gpp-2.gpp_run -L/usr/local/lib  

=================================================================
COMMAND LINE (%A is single numeric argument):

fannkuch.gpp-2.gpp_run %A
************************************************************
*   FILE COMPARISON ERROR
************************************************************
L1: 1234576

L2: 2134567

************************************************************
*   TEST (fannkuch.gpp-2.gpp_run) FAILED - ERROR:  fannkuch.gpp-2.gpp_out differs from Output.7
************************************************************
-rw-r--r-- 1 brent brent 260 Nov 21 23:29 Output.7
-rw-r--r-- 1 brent brent 260 Dec 10 23:12 fannkuch.gpp-2.gpp_out


PROGRAM OUTPUT
==============
1234567
1234576
1234657
1234675
1234756
1234765
1235467
1235476
1235647
1235674
1235746
1235764
1236457
1236475
1236547
1236574
1236745
1236754
1237456
1237465
1237546
1237564
1237645
1237654
1243567
1243576
1243657
1243675
1243756
1243765
Pfannkuchen(7) = 16
