Entering single file mode.
Compiling library fannkuch
[Loading library Dylan...]
[Loading library common-dylan...
  [Loading library melange-support...]
  [Loading library threads...]
  [Loading library table-extensions...]
  [Loading library Random...
   [Loading library transcendental...]]]
[Loading library io...In Define Library fannkuch.:
unknown source locationWarning: Can't tell if argument <unknown-type> is a subtype of type-union(<false>, <type>),
so can't tell if method:
  type-for-file-stream{<object>, <unknown-type>, <object>}
is congruent to GF
  type-for-file-stream
]
Parsing fannkuch.dylan
Finalizing library.
Converting top level forms.
                    Optimizing top level forms.
                    Emitting C code.
                    Emitting Library Heap.
Emitting Global Heap.
Building inits.
gcc: fannkuch.c: No such file or directory
gcc: no input files
gcc failed?
make[3]: *** [fannkuch.gwydion_run] Aborted
(if [ "fannkuch" = "random" ]; then	\
    mv randum fannkuch.gwydion_run;		\
else				\
    mv fannkuch fannkuch.gwydion_run;			\
fi)
mv: cannot stat `fannkuch': No such file or directory
make[3]: [fannkuch.gwydion_run] Error 1 (ignored)
rm fannkuch.[co]
rm: cannot remove `fannkuch.[co]': No such file or directory
make[3]: [fannkuch.gwydion_run] Error 1 (ignored)
rm -rf .libs
fannkuch.dylan

=================================================================
COMMAND LINE (%A is single numeric argument):

fannkuch.gwydion_run %A
Error, could not exec fannkuch.gwydion_run 7 (No such file or directory)
PATH=/opt/shootout/shootout/bench/fannkuch:/opt/shootout/shootout/bench/fannkuch/tmp:/opt/xds_x86/bin:/opt/intel/fc/9.0/bin:/opt/intel_cc_80/bin:/usr/lib/poplog/current-poplog/pop/pop:/opt/xds_x86/bin:/opt/intel/fc/9.0/bin:/opt/intel_cc_80/bin:/usr/lib/poplog/current-poplog/pop/pop:/usr/bin:/bin:/usr/lib/poplog/current-poplog/pop/com:/usr/lib/poplog/current-poplog/pop/com
TEST FAILED - Child processed exited with error code (1)


PROGRAM OUTPUT
==============


PROGRAM OUTPUT
==============
