BUILD COMMANDS FOR: fannkuch.gnat

Tue Nov 22 21:27:54 PST 2005

cp /opt/shootout/shootout/bench/fannkuch/fannkuch.gnat fannkuch.ada
/usr/bin/gnatchop -w fannkuch.ada
splitting fannkuch.ada into:
   fannkuch.adb
/usr/bin/gnatmake -gnatp -Wall -O3 -fomit-frame-pointer -funroll-loops  -f fannkuch.adb -o fannkuch.gnat_run
gcc-4.0 -c -gnatp -Wall -O3 -fomit-frame-pointer -funroll-loops fannkuch.adb
gnatbind -x fannkuch.ali
gnatlink fannkuch.ali -fomit-frame-pointer -funroll-loops -o fannkuch.gnat_run
rm fannkuch.ada

=================================================================
COMMAND LINE (%A is single numeric argument):

fannkuch.gnat_run %A
************************************************************
*   TEST (fannkuch.gnat_run) FAILED - ERROR:  fannkuch.gnat_out differs from Output.7
************************************************************
-rw-r--r-- 1 brent brent 260 Nov 21 23:29 Output.7
-rw-r--r-- 1 brent brent  20 Nov 22 21:27 fannkuch.gnat_out


PROGRAM OUTPUT
==============
Pfannkuchen(7) = 16
