BUILD COMMANDS FOR: fannkuch.clean

Sat Apr  7 23:57:39 PDT 2007

cp /opt/shootout/shootout/bench/fannkuch/fannkuch.clean fannkuch.icl
/usr/bin/clm -b -nt -l /usr/lib/clean/lib/ArgEnv/ArgEnvC.o -I /usr/lib/clean/lib/ArgEnv -I /usr/lib/clean/lib/stdenv -I ../../Include/clean  -nr -h 32k -s 32k -I ../Include/clean -I ../../Include/clean fannkuch -o fannkuch.clean_run
Warning [StdFile.abc,95,stdio;33]: no inline code for this rule
Warning [StdFile.abc,95,fclose;30]: no inline code for this rule
Compiling fannkuch
Generating code for fannkuch
Linking fannkuch
rm fannkuch.icl

=================================================================
COMMAND LINE (%A is single numeric argument):

 fannkuch.clean_run -nr %A


PROGRAM OUTPUT
==============
1234567891011
2134567891011
2314567891011
3214567891011
3124567891011
1324567891011
2341567891011
3241567891011
3421567891011
4321567891011
4231567891011
2431567891011
3412567891011
4312567891011
4132567891011
1432567891011
1342567891011
3142567891011
4123567891011
1423567891011
1243567891011
2143567891011
2413567891011
4213567891011
2345167891011
3245167891011
3425167891011
4325167891011
4235167891011
2435167891011
Pfannkuchen(11) = 51
