BUILD COMMANDS FOR: fannkuch.fpascal-3.fpascal

Tue Nov 22 21:27:10 PST 2005

cp /opt/shootout/shootout/bench/fannkuch/fannkuch.fpascal-3.fpascal fannkuch.fpascal-3.pas
/usr/bin/fpc -XX -Xs -O3p3r -oFPASCAL_RUN fannkuch.fpascal-3.pas
Free Pascal Compiler version 2.0.0 [2005/09/09] for i386
Copyright (c) 1993-2005 by Florian Klaempfl
Target OS: Linux for i386
Compiling fannkuch.fpascal-3.pas
Linking FPASCAL_RUN
57 Lines compiled, 0.7 sec
mv FPASCAL_RUN fannkuch.fpascal-3.fpascal_run
rm fannkuch.fpascal-3.pas

=================================================================
COMMAND LINE (%A is single numeric argument):

fannkuch.fpascal-3.fpascal_run %A
************************************************************
*   TEST (fannkuch.fpascal-3.fpascal_run) FAILED - ERROR:  fannkuch.fpascal-3.fpascal_out differs from Output.7
************************************************************
-rw-r--r-- 1 brent brent 260 Nov 21 23:29 Output.7
-rw-r--r-- 1 brent brent  20 Nov 22 21:27 fannkuch.fpascal-3.fpascal_out


PROGRAM OUTPUT
==============
Pfannkuchen(7) = 16
