BUILD COMMANDS FOR: fannkuch.java14

Thu Mar 30 22:42:00 PST 2006

if [ ! -d fannkuch.java14_run ] ; then mkdir fannkuch.java14_run ; fi
cp /opt/shootout/shootout/bench/fannkuch/fannkuch.java fannkuch.java14_run/fannkuch.java
/usr/lib/j2sdk1.4.2_05/bin/javac  -d fannkuch.java14_run fannkuch.java14_run/fannkuch.java
touch fannkuch.java14_run

=================================================================
COMMAND LINE (%A is single numeric argument):

 /usr/lib/j2sdk1.4.2_05/bin/java -server -classpath  fannkuch.java14_run  fannkuch %A


PROGRAM OUTPUT
==============
12345678910
21345678910
23145678910
32145678910
31245678910
13245678910
23415678910
32415678910
34215678910
43215678910
42315678910
24315678910
34125678910
43125678910
41325678910
14325678910
13425678910
31425678910
41235678910
14235678910
12435678910
21435678910
24135678910
42135678910
23451678910
32451678910
34251678910
43251678910
42351678910
24351678910
Pfannkuchen(10) = 38
