BUILD COMMANDS FOR: fannkuch.icpp

Sat Dec 10 23:12:20 PST 2005

/opt/intel/cc/9.0/bin/icpc -c -O3 -ip -static -unroll -tpp6 fannkuch.c++ -o fannkuch.c++.o &&  \
        /opt/intel/cc/9.0/bin/icpc fannkuch.c++.o -o fannkuch.icpp_run -O3 -ip -static -unroll -tpp6 
rm: cannot remove `fannkuch.o': No such file or directory
make[3]: [fannkuch.icpp_run] Error 1 (ignored)

=================================================================
COMMAND LINE (%A is single numeric argument):

fannkuch.icpp_run %A
************************************************************
*   TEST (fannkuch.icpp_run) FAILED - ERROR:  fannkuch.icpp_out differs from Output.7
************************************************************
-rw-r--r-- 1 brent brent 260 Nov 21 23:29 Output.7
-rw-r--r-- 1 brent brent 259 Dec 10 23:12 fannkuch.icpp_out


PROGRAM OUTPUT
==============
Pfannkuchen(7) = 1234567
2134567
2314567
3214567
3124567
1324567
2341567
3241567
3421567
4321567
4231567
2431567
3412567
4312567
4132567
1432567
1342567
3142567
4123567
1423567
1243567
2143567
2413567
4213567
2345167
3245167
3425167
4325167
4235167
2435167
16