BUILD COMMANDS FOR: fibo.gcj

Fri Mar 18 20:17:10 PST 2005

/usr/bin/gcj-3.4 -O3 -fomit-frame-pointer -funroll-loops -o fibo.gcj_run --main=fibo fibo.java
rm fibo.java

=================================================================
COMMAND LINE (%A is single numeric argument):

fibo.gcj_run %A
************************************************************
*   FILE COMPARISON ERROR
************************************************************
L1: 144

L2: 233

************************************************************
*   TEST (fibo.gcj) FAILED:  fibo.gcj_out differs from Output.12
************************************************************
-rw-r--r--  1 brent brent 4 Nov 14 19:23 Output.12
-rw-r--r--  1 brent brent 4 Mar 18 20:17 fibo.gcj_out


PROGRAM OUTPUT
==============
144
