BUILD COMMANDS FOR: fibo.java

Mon Apr 25 21:19:21 PDT 2005

if [ ! -d fibo.java_run ] ; then mkdir fibo.java_run ; fi
cp /opt/shootout/shootout/bench/fibo/fibo.java fibo.java_run/fibo.java
/usr/lib/j2sdk1.4.2_05/bin/javac  -d fibo.java_run fibo.java_run/fibo.java
touch fibo.java_run

=================================================================
COMMAND LINE (%A is single numeric argument):

 /usr/lib/j2sdk1.4.2_05/bin/java -server -classpath  fibo.java_run  fibo %A
************************************************************
*   FILE COMPARISON ERROR
************************************************************
L1: 233

L2: 144

************************************************************
*   TEST (fibo.java_run) FAILED:  fibo.java_out differs from Output.12
************************************************************
-rw-r--r--  1 brent brent 4 Apr  1 03:26 Output.12
-rw-r--r--  1 brent brent 4 Apr 25 21:19 fibo.java_out


PROGRAM OUTPUT
==============
233
