BUILD COMMANDS FOR: fibo.gcc

Sun Mar 20 18:37:16 PST 2005

/usr/bin/gcc-3.4 -pipe -Wall -O3 -fomit-frame-pointer -funroll-loops  fibo.c -o fibo.gcc_run
fibo.c:13: error: conflicting types for 'fib'
fibo.c:10: error: previous declaration of 'fib' was here
fibo.c:13: error: conflicting types for 'fib'
fibo.c:10: error: previous declaration of 'fib' was here
make[1]: [fibo.gcc_run] Error 1 (ignored)
rm: cannot remove `fibo.o': No such file or directory
make[1]: [fibo.gcc_run] Error 1 (ignored)

=================================================================
COMMAND LINE (%A is single numeric argument):

fibo.gcc_run %A
Error, could not exec fibo.gcc_run 12 (No such file or directory)
PATH=/opt/shootout/shootout/bench/fibo:/opt/shootout/shootout/bench/fibo/tmp:/opt/intel_fc_80/bin:/opt/intel_cc_80/bin:/usr/lib/poplog/current-poplog/pop/pop:/usr/local/Acrobat5/bin:/usr/lib/postgresql/bin:/home/brent/GNUstep/Tools:/usr/local/lib/GNUstep/Local/Tools:/usr/local/lib/GNUstep/Network/Tools:/usr/lib/GNUstep/System/Tools:/usr/local/bin:/usr/bin:/bin:/usr/bin/X11:/usr/games:/usr/lib/poplog/current-poplog/pop/com
************************************************************
*   TEST (fibo.gcc) FAILED:  fibo.gcc_out differs from Output.12
************************************************************
-rw-r--r--  1 brent brent 4 Mar 20 18:26 Output.12
-rw-r--r--  1 brent brent 0 Mar 20 18:37 fibo.gcc_out


PROGRAM OUTPUT
==============
