BUILD COMMANDS FOR: fibo.icon

Sat Sep 17 23:03:43 PDT 2005

cp /opt/shootout/shootout/bench/fibo/fibo.icon fibo.icn
(unset STRSIZE BLOCKSIZE COEXPSIZE MSTKSIZE TRACE NOERRBUF ; \
/usr/bin/icont -o fibo.icon_run fibo.icn )
Translating:
fibo.icn:
  main
  fib
No errors
Linking:
rm fibo.icn

=================================================================
COMMAND LINE (%A is single numeric argument):

 unset STRSIZE BLOCKSIZE COEXPSIZE TRACE NOERRBUF;export MSTKSIZE=250000;fibo.icon_run %A
************************************************************
*   TEST (fibo.icon_run) FAILED - ERROR:  fibo.icon_out differs from Output.12
************************************************************
-rw-r--r--  1 brent brent 4 Sep 17 10:16 Output.12
-rw-r--r--  1 brent brent 0 Sep 17 23:03 fibo.icon_out


PROGRAM OUTPUT
==============
