BUILD COMMANDS FOR: fibo.mercury

Tue Apr 12 23:45:46 PDT 2005

mmc --generate-dependencies --grade asm_fast.gc          mytest
mmc --compile-to-c --grade asm_fast.gc          mytest > mytest.err 2>&1
mgnuc --grade asm_fast.gc        --      -c mytest.c -o mytest.o
mytest.c: In function `mytest_module0':
mytest.c:92: warning: use of cast expressions as lvalues is deprecated
mytest.c:94: warning: use of cast expressions as lvalues is deprecated
mytest.c:102: warning: use of cast expressions as lvalues is deprecated
mytest.c:110: warning: use of cast expressions as lvalues is deprecated
mytest.c:120: warning: use of cast expressions as lvalues is deprecated
mytest.c:124: warning: use of cast expressions as lvalues is deprecated
mytest.c:128: warning: use of cast expressions as lvalues is deprecated
mytest.c:133: warning: use of cast expressions as lvalues is deprecated
mytest.c:134: warning: use of cast expressions as lvalues is deprecated
mytest.c:138: warning: use of cast expressions as lvalues is deprecated
mytest.c:139: warning: use of cast expressions as lvalues is deprecated
mytest.c: In function `mytest_module1':
mytest.c:153: warning: use of cast expressions as lvalues is deprecated
mytest.c:157: warning: use of cast expressions as lvalues is deprecated
mytest.c:163: warning: use of cast expressions as lvalues is deprecated
mytest.c:167: warning: use of cast expressions as lvalues is deprecated
mytest.c:168: warning: use of cast expressions as lvalues is deprecated
mgnuc --grade asm_fast.gc        --      -c mytest_init.c -o mytest_init.o
ml --grade asm_fast.gc              --    -o mytest mytest_init.o \
	mytest.o \
	      

=================================================================
COMMAND LINE (%A is single numeric argument):

fibo.mercury_run %A


PROGRAM OUTPUT
==============
2178309


PROGRAM OUTPUT
==============
2178309


PROGRAM OUTPUT
==============
2178309
