BUILD COMMANDS FOR: fibo.ghc

Sat Sep 17 23:02:10 PDT 2005

cp /opt/shootout/shootout/bench/fibo/fibo.ghc fibo.hs
/usr/bin/ghc -O3 -fasm fibo.hs -o fibo.ghc_run
/usr/bin/ld: BFD 2.16.91 20050902 Debian GNU/Linux internal error, aborting at ../../bfd/cache.c line 496 in bfd_cache_lookup_worker

/usr/bin/ld: Please report this bug.

collect2: ld returned 1 exit status
make[3]: [fibo.ghc_run] Error 1 (ignored)

=================================================================
COMMAND LINE (%A is single numeric argument):

 fibo.ghc_run %A $MB_GHCRTS
sh: fibo.ghc_run: command not found
sh: fibo.ghc_run: command not found
sh: fibo.ghc_run: command not found
sh: fibo.ghc_run: command not found
TEST FAILED - Child processed exited with error code (127)
sh: fibo.ghc_run: command not found
TEST FAILED - Child processed exited with error code (127)
sh: fibo.ghc_run: command not found
TEST FAILED - Child processed exited with error code (127)
TEST FAILED - Child processed exited with error code (127)
TEST FAILED - Child processed exited with error code (127)
TEST FAILED - Child processed exited with error code (127)


PROGRAM OUTPUT
==============
