BUILD COMMANDS FOR: fibo.oz

Fri Mar 18 20:18:30 PST 2005

cp /opt/shootout/shootout/bench/fibo/fibo.oz fibo.oz
/usr/bin/ozc  -x fibo.oz
mv fibo fibo.oz_run
rm fibo.oz

=================================================================
COMMAND LINE (%A is single numeric argument):

fibo.oz_run %A
************************************************************
*   FILE COMPARISON ERROR
************************************************************
L1: 144

L2: 233

************************************************************
*   TEST (fibo.oz) FAILED:  fibo.oz_out differs from Output.12
************************************************************
-rw-r--r--  1 brent brent 4 Nov 14 19:23 Output.12
-rw-r--r--  1 brent brent 4 Mar 18 20:18 fibo.oz_out


PROGRAM OUTPUT
==============
144
