BUILD COMMANDS FOR: fibo.smlnj

Fri Mar 18 20:18:47 PST 2005

cp /opt/shootout/shootout/bench/fibo/fibo.smlnj fibo.sml
cp /opt/shootout/shootout/bench/fibo/cm_fibo.cm fibo.cm
/usr/bin/ml-build fibo.cm Test.main fibo
Standard ML of New Jersey v110.52 [built: Fri Jan 21 16:42:10 2005]
[scanning fibo.cm]
[parsing (fibo.cm):fibo.sml]
[compiling (fibo.cm):fibo.sml]
[code: 1158, data: 30, env: 248 bytes]
[scanning 9572-export.cm]
[scanning (9572-export.cm):fibo.cm]
[parsing (9572-export.cm):9572-export.sml]
[compiling (9572-export.cm):9572-export.sml]
[code: 217, data: 33, env: 42 bytes]

=================================================================
COMMAND LINE (%A is single numeric argument):

 /usr/bin/sml @SMLload=fibo %A
************************************************************
*   FILE COMPARISON ERROR
************************************************************
L1: 144

L2: 233

************************************************************
*   TEST (fibo.smlnj) FAILED:  fibo.smlnj_out differs from Output.12
************************************************************
-rw-r--r--  1 brent brent 4 Nov 14 19:23 Output.12
-rw-r--r--  1 brent brent 4 Mar 18 20:18 fibo.smlnj_out


PROGRAM OUTPUT
==============
144
