BUILD COMMANDS FOR: fibo.mlton

Fri Mar 18 20:18:02 PST 2005

cat  /opt/shootout/shootout/bench/fibo/fibo.mlton > fibo.sml
/usr/bin/mlton fibo.sml && mv fibo fibo.mlton_run
rm fibo.sml

=================================================================
COMMAND LINE (%A is single numeric argument):

fibo.mlton_run %A
************************************************************
*   FILE COMPARISON ERROR
************************************************************
L1: 144

L2: 233

************************************************************
*   TEST (fibo.mlton) FAILED:  fibo.mlton_out differs from Output.12
************************************************************
-rw-r--r--  1 brent brent 4 Nov 14 19:23 Output.12
-rw-r--r--  1 brent brent 4 Mar 18 20:18 fibo.mlton_out


PROGRAM OUTPUT
==============
144
