BUILD COMMANDS FOR: fibo.gwydion

Mon Oct 31 21:15:45 PST 2005

cp /opt/shootout/shootout/bench/fibo/fibo.gwydion fibo.dylan
(if [ "fibo" = "random" ]; then	\
    cp random.dylan randum.dylan;	\
fi)
/usr/bin/d2c -s  fibo.dylan
Entering single file mode.
Compiling library fibo
[Loading library Dylan...]
[Loading library common-dylan...
  [Loading library melange-support...]
  [Loading library threads...]
  [Loading library table-extensions...]
  [Loading library Random...
   [Loading library transcendental...]]]
[Loading library io...In Define Library fibo.:
unknown source locationWarning: Can't tell if argument <unknown-type> is a subtype of type-union(<false>, <type>),
so can't tell if method:
  type-for-file-stream{<object>, <unknown-type>, <object>}
is congruent to GF
  type-for-file-stream
]
Parsing fibo.dylan
Finalizing library.
Converting top level forms.
                    Optimizing top level forms.
                    Emitting C code.
                    Emitting Library Heap.
Emitting Global Heap.
Building inits.
fibo.dylan: In function 'inits':
fibo.dylan:58210: warning: implicit declaration of function 'dylan_Library_init'
fibo.dylan:58211: warning: implicit declaration of function 'melange_support_Library_init'
fibo.dylan:58212: warning: implicit declaration of function 'threads_Library_init'
fibo.dylan:58213: warning: implicit declaration of function 'table_extensions_Library_init'
fibo.dylan:58214: warning: implicit declaration of function 'transcendental_Library_init'
fibo.dylan:58215: warning: implicit declaration of function 'random_Library_init'
fibo.dylan:58216: warning: implicit declaration of function 'common_dylan_Library_init'
fibo.dylan:58217: warning: implicit declaration of function 'io_Library_init'
mkdir .libs
gcc -o fibo fibo.o  /usr/lib/dylan/2.5.0pre2/x86-linux-gcc/libio-dylan.a /usr/lib/dylan/2.5.0pre2/x86-linux-gcc/libcommon-dylan-dylan.a /usr/lib/dylan/2.5.0pre2/x86-linux-gcc/librandom-dylan.a /usr/lib/dylan/2.5.0pre2/x86-linux-gcc/libtranscendental-dylan.a /usr/lib/dylan/2.5.0pre2/x86-linux-gcc/libtable-extensions-dylan.a /usr/lib/dylan/2.5.0pre2/x86-linux-gcc/libthreads-dylan.a /usr/lib/dylan/2.5.0pre2/x86-linux-gcc/libmelange-support-dylan.a /usr/lib/dylan/2.5.0pre2/x86-linux-gcc/libdylan-dylan.a /usr/lib/dylan/2.5.0pre2/x86-linux-gcc/libruntime.a /usr/lib/libgc.so -ldl -lpthread -lm
Optimize called 384 times.
Compilation finished with 1 Warning and 0 Errors
(if [ "fibo" = "random" ]; then	\
    mv randum fibo.gwydion_run;		\
else				\
    mv fibo fibo.gwydion_run;			\
fi)
rm fibo.[co]
rm -rf .libs
rm fibo.dylan

=================================================================
COMMAND LINE (%A is single numeric argument):

fibo.gwydion_run %A


PROGRAM OUTPUT
==============
3524578
