BUILD COMMANDS FOR: fibo.se

Fri Mar 18 20:18:44 PST 2005

copying /opt/shootout/shootout/bench/fibo/fibo.se to fibo.e
cp /opt/shootout/shootout/bench/fibo/fibo.se fibo.e
rm -f fibo.se_run
(echo . ; echo ../ ; echo ../../Include/eiffel) > loadpath.se
/usr/lib/smarteiffel/bin/compile -boost -no_split -O3  -o fibo.se_run fibo ; /usr/lib/smarteiffel/bin/clean fibo
rm fibo.e

=================================================================
COMMAND LINE (%A is single numeric argument):

fibo.se_run %A
************************************************************
*   FILE COMPARISON ERROR
************************************************************
L1: 144

L2: 233

************************************************************
*   TEST (fibo.se) FAILED:  fibo.se_out differs from Output.12
************************************************************
-rw-r--r--  1 brent brent 4 Nov 14 19:23 Output.12
-rw-r--r--  1 brent brent 4 Mar 18 20:18 fibo.se_out


PROGRAM OUTPUT
==============
144
