BUILD COMMANDS FOR: fibo.clean

Fri Mar 18 20:16:50 PST 2005

cp /opt/shootout/shootout/bench/fibo/fibo.clean fibo.icl
/usr/bin/clm -b -nt -l /usr/lib/clean/lib/ArgEnvUnix/ArgEnvC.o -I ../Include/clean -I ../../Include/clean fibo -o fibo.clean_run
Compiling fibo
Generating code for fibo
Linking fibo
rm fibo.icl

=================================================================
COMMAND LINE (%A is single numeric argument):

 fibo.clean_run $MB_CLRTS %A
************************************************************
*   FILE COMPARISON ERROR
************************************************************
L1: 144

L2: 233

************************************************************
*   TEST (fibo.clean) FAILED:  fibo.clean_out differs from Output.12
************************************************************
-rw-r--r--  1 brent brent 4 Nov 14 19:23 Output.12
-rw-r--r--  1 brent brent 4 Mar 18 20:16 fibo.clean_out


PROGRAM OUTPUT
==============
144
