BUILD COMMANDS FOR: fibo.xemacs

Fri Mar 18 20:19:17 PST 2005

cp /opt/shootout/shootout/bench/fibo/fibo.xemacs fibo.el
/usr/bin/xemacs -vanilla -batch -f batch-byte-compile fibo.el
Compiling /opt/shootout/shootout/bench/fibo/tmp/fibo.el...
Wrote /opt/shootout/shootout/bench/fibo/tmp/fibo.elc
Done
rm fibo.el

=================================================================
COMMAND LINE (%A is single numeric argument):

 /usr/bin/xemacs -vanilla -batch -load fibo.elc -funcall main %A
************************************************************
*   FILE COMPARISON ERROR
************************************************************
L1: 144

L2: 233

************************************************************
*   TEST (fibo.xemacs) FAILED:  fibo.xemacs_out differs from Output.12
************************************************************
-rw-r--r--  1 brent brent 4 Nov 14 19:23 Output.12
-rw-r--r--  1 brent brent 4 Mar 18 20:19 fibo.xemacs_out


PROGRAM OUTPUT
==============
144
