BUILD COMMANDS FOR: fibo.hugs

Mon Apr 25 21:19:10 PDT 2005

cp /opt/shootout/shootout/bench/fibo/fibo.hugs fibo.hs
touch fibo.hugs_run

=================================================================
COMMAND LINE (%A is single numeric argument):

 /usr/bin/runhugs $HUGS_FLAGS +l fibo %A
************************************************************
*   FILE COMPARISON ERROR
************************************************************
L1: 233

L2: 144

************************************************************
*   TEST (fibo.hugs_run) FAILED:  fibo.hugs_out differs from Output.12
************************************************************
-rw-r--r--  1 brent brent 4 Apr  1 03:26 Output.12
-rw-r--r--  1 brent brent 4 Apr 25 21:19 fibo.hugs_out


PROGRAM OUTPUT
==============
233
