BUILD COMMANDS FOR: harmonic.gnat

Mon Mar 14 20:15:33 PST 2005

cp /opt/shootout/shootout/bench/harmonic/harmonic.gnat harmonic.adb
/usr/bin/gnatmake -gnatp -pipe -Wall -O3 -fomit-frame-pointer -funroll-loops -f -u harmonic.adb
gcc-3.4 -c -gnatp -pipe -Wall -O3 -fomit-frame-pointer -funroll-loops harmonic.adb
/usr/bin/gnatbind harmonic
/usr/bin/gnatlink harmonic
mv harmonic harmonic.gnat_run
rm harmonic.adb

=================================================================
COMMAND LINE (%A is single numeric argument):

harmonic.gnat_run %A
************************************************************
*   TEST (harmonic.gnat) FAILED:  harmonic.gnat_out differs from Output.6000000
************************************************************
-rw-r--r--  1 brent brent 13 Mar 13 15:42 Output.6000000
-rw-r--r--  1 brent brent 18 Mar 14 20:15 harmonic.gnat_out


PROGRAM OUTPUT
==============
6000016.695311366
