BUILD COMMANDS FOR: harmonic.psyco-2.psyco

Sat Sep  3 00:36:29 PDT 2005

rm -f harmonic.psyco-2.pyo harmonic.psyco-2.pyc
cp /opt/shootout/shootout/bench/harmonic/harmonic.psyco-2.psyco harmonic.psyco-2.py
/usr/bin/python2.4 -OO -c "from py_compile import compile; compile('/opt/shootout/shootout/bench/harmonic/tmp/harmonic.psyco-2.py')"
touch harmonic.psyco-2.psyco_run

=================================================================
COMMAND LINE (%A is single numeric argument):

 /usr/bin/python2.4 harmonic.psyco-2.py %A
************************************************************
*   FILE COMPARISON ERROR
************************************************************
L1: 16.184485609

L2: 16.184485775

************************************************************
*   TEST (harmonic.psyco-2.psyco_run) FAILED - ERROR:  harmonic.psyco-2.psyco_out differs from Output.6000000
************************************************************
-rw-r--r--  1 brent brent 13 Apr  1 03:37 Output.6000000
-rw-r--r--  1 brent brent 13 Sep  3 00:36 harmonic.psyco-2.psyco_out


PROGRAM OUTPUT
==============
16.184485609
