BUILD COMMANDS FOR: harmonic.sablevm

Thu May 19 23:25:30 PDT 2005

( if [ ! -d harmonic.sablevm_run ] ; then mkdir harmonic.sablevm_run ; fi )
cp /opt/shootout/shootout/bench/harmonic/harmonic.sablevm harmonic.sablevm_run/harmonic.java
( cd harmonic.sablevm_run ; /usr/lib/j2sdk1.4.2_05/bin/javac  -classpath '.' harmonic.java )
touch harmonic.sablevm_run

=================================================================
COMMAND LINE (%A is single numeric argument):

 /usr/bin/sablevm -Y --classpath="harmonic.sablevm_run" harmonic %A
************************************************************
*   FILE COMPARISON ERROR
************************************************************
L1: 16.695311366

L2: 16.472167827

************************************************************
*   TEST (harmonic.sablevm_run) FAILED - ERROR:  harmonic.sablevm_out differs from Output.8000000
************************************************************
-rw-r--r--  1 brent brent 13 Apr  1 03:37 Output.8000000
-rw-r--r--  1 brent brent 13 May 19 23:26 harmonic.sablevm_out


PROGRAM OUTPUT
==============
16.695311366
