BUILD COMMANDS FOR: harmonic.ocamlb

Sun Sep 18 00:47:26 PDT 2005

cp /opt/shootout/shootout/bench/harmonic/harmonic.ocaml harmonic.ml
/usr/bin/ocamlc -noassert -unsafe -I /usr/lib/ocaml/contrib  harmonic.ml -o harmonic.ocamlb_run
rm harmonic.ml

=================================================================
COMMAND LINE (%A is single numeric argument):

harmonic.ocamlb_run %A
************************************************************
*   TEST (harmonic.ocamlb_run) FAILED - ERROR:  harmonic.ocamlb_out differs from Output.6000000
************************************************************
-rw-r--r--  1 brent brent 16 Sep 17 10:28 Output.6000000
-rw-r--r--  1 brent brent  0 Sep 18 00:47 harmonic.ocamlb_out
************************************************************
*   TEST (harmonic.ocamlb_run) FAILED - ERROR:  harmonic.ocamlb_out differs from Output.6000000
************************************************************
-rw-r--r--  1 brent brent 16 Sep 17 10:28 Output.6000000
-rw-r--r--  1 brent brent 13 Sep 18 00:47 harmonic.ocamlb_out


PROGRAM OUTPUT
==============
16.184485775
