BUILD COMMANDS FOR: harmonic.hipe

Thu May 19 23:23:45 PDT 2005

cp /opt/shootout/shootout/bench/harmonic/harmonic.erlang harmonic.erl
(if [ "harmonic" = "lists" ]; then		\
    mv lists.erl lists_test.erl;	\
    /usr/bin/erlc +native +"{hipe, [o3]}" lists_test.erl;	\
else					\
    /usr/bin/erlc +native +"{hipe, [o3]}" harmonic.erl;	\
fi)
./harmonic.erl:none: Warning: this system is not configured for native-code compilation.
rm harmonic.erl

=================================================================
COMMAND LINE (%A is single numeric argument):

 /usr/bin/erl -noinput -noshell -noshell -run harmonic main %A

Crash dump was written to: erl_crash.dump
init terminating in do_boot ()
TEST FAILED - Child processed exited with error code (1)


PROGRAM OUTPUT
==============
16.695311366
