BUILD COMMANDS FOR: harmonic.sbcl

Fri Nov 11 22:07:52 PST 2005

SBCL built with: /usr/bin/sbcl --userinit /dev/null --sysinit /dev/null -batch -eval '(load "harmonic.sbcl_compile")'
### START harmonic.sbcl_compile
(proclaim '(optimize (speed 3) (safety 0) (debug 0) (compilation-speed 0) (space 0)))
(handler-bind ((sb-ext:defconstant-uneql      (lambda (c) (abort c))))      (load (compile-file "harmonic.sbcl" ))) (save-lisp-and-die "sbcl.core" :purify t)
### END harmonic.sbcl_compile


; compiling file "/opt/shootout/shootout/bench/harmonic/tmp/harmonic.sbcl" (written 11 NOV 2005 10:07:52 PM):
; compiling (DEFUN SUM-HARMONIC ...)
; file: /opt/shootout/shootout/bench/harmonic/tmp/harmonic.sbcl
; in: DEFUN SUM-HARMONIC
;     (DEFUN SUM-HARMONIC (N)
;     (DECLARE (FIXNUM N) (OPTIMIZE (SPEED 3)))
;     (LOOP FOR I FROM 1 UPTO N SUM (/ 1.0d0 I) OF-TYPE DOUBLE-FLOAT))
; --> PROGN EVAL-WHEN SB-IMPL::%DEFUN SB-IMPL::%DEFUN SB-INT:NAMED-LAMBDA 
; ==>
;   #'(SB-INT:NAMED-LAMBDA SUM-HARMONIC
;                          (N)
;                          (DECLARE (FIXNUM N) (OPTIMIZE (SPEED 3)))
;                          (BLOCK SUM-HARMONIC
;                            (LOOP FOR
;                                  I
;                                  FROM
;                                  1
;                                  UPTO
;                                  N
;                                  SUM
;                                  (/ 1.0d0 I)
;                                  OF-TYPE
;                                  DOUBLE-FLOAT)))
; 
; note: doing float to pointer coercion (cost 13) from #:LOOP-SUM-1 to "<return value>"

; compiling (DEFUN MAIN ...); 
; compilation unit finished
;   printed 1 note


; /opt/shootout/shootout/bench/harmonic/tmp/harmonic.fasl written
; compilation finished in 0:00:00
[doing purification: roots handlers stack bindings static cleanup done]
[undoing binding stack and other enclosing state... done]
[saving current Lisp image into /opt/shootout/shootout/bench/harmonic/tmp/sbcl.core:
writing 20066608 bytes from the read-only space at 0x01000000
writing 6654512 bytes from the static space at 0x05000000
writing 4096 bytes from the dynamic space at 0x09000000
done]
### START harmonic.sbcl_run
(proclaim '(optimize (speed 3) (safety 0) (debug 0) (compilation-speed 0) (space 0)))
(main) (quit)
### END harmonic.sbcl_run


=================================================================
COMMAND LINE (%A is single numeric argument):

 /usr/bin/sbcl --noinform --core sbcl.core --userinit /dev/null --sysinit /dev/null --load harmonic.sbcl_run %A


PROGRAM OUTPUT
==============
16.695311366
