BUILD COMMANDS FOR: harmonic.gcj

Mon Jun 20 20:54:23 PDT 2005

/usr/bin/gcj-3.4 -O3 -fomit-frame-pointer -funroll-loops -o harmonic.gcj_run --main=harmonic harmonic.java
rm harmonic.java

=================================================================
COMMAND LINE (%A is single numeric argument):

harmonic.gcj_run %A
Exception in thread "main" java.lang.LinkageError: unexpected exception during linking: harmonic
   at java.lang.VMClassLoader.transformException(java.lang.Class, java.lang.Throwable) (/usr/lib/libgcj.so.6.0.0)
   at java.lang.VMClassLoader.resolveClass(java.lang.Class) (/usr/lib/libgcj.so.6.0.0)
   at java.lang.Class.initializeClass() (/usr/lib/libgcj.so.6.0.0)
   at harmonic.main(java.lang.String[]) (Unknown Source)
   at gnu.java.lang.MainThread.run() (/usr/lib/libgcj.so.6.0.0)
Caused by: java.lang.NullPointerException
   at java.lang.VMClassLoader.resolveClass(java.lang.Class) (/usr/lib/libgcj.so.6.0.0)
   ...3 more
TEST FAILED - Child processed exited with error code (1)


PROGRAM OUTPUT
==============


PROGRAM OUTPUT
==============
