BUILD COMMANDS FOR: harmonic.cmucl

Wed Sep 21 00:42:20 PDT 2005

CMUCL built with: /usr/bin/lisp -noinit -batch -eval '(load "harmonic.cmucl_compile")'
### START harmonic.cmucl_compile
(proclaim '(optimize (speed 3) (safety 0) (debug 0) (compilation-speed 0) (space 0)))
(compile-file "harmonic.cmucl" :block-compile t  :entry-points '(main))
(quit)
### END harmonic.cmucl_compile

; Loading #P"/opt/shootout/shootout/bench/harmonic/tmp/harmonic.cmucl_compile".

; Python version 1.1, VM version Intel x86 on 21 SEP 05 12:42:21 am.
; Compiling: /opt/shootout/shootout/bench/harmonic/tmp/harmonic.cmucl 21 SEP 05 12:42:20 am

; Converted SUM-HARMONIC.
; Converted MAIN.
; Compiling DEFUN MAIN: 

; 
; 
; File: /opt/shootout/shootout/bench/harmonic/tmp/harmonic.cmucl

; In: DEFUN SUM-HARMONIC

;   (LOOP FOR I FROM 1...)
; --> BLOCK LET LET ANSI-LOOP::LOOP-BODY TAGBODY WHEN COND IF 
; ==>
;   (> I #:G0)
; Note: Unable to optimize due to type uncertainty:
;     The first argument is a REAL, not a FLOAT.
; 
;   (/ 1.0d0 I)
; Note: Unable to optimize due to type uncertainty:
;     The second argument is a REAL, not a RATIONAL.
; 
; Note: Unable to optimize due to type uncertainty:
;     The second argument is a REAL, not a SINGLE-FLOAT.
; 
;   (LOOP FOR I FROM 1...)
; --> BLOCK LET LET ANSI-LOOP::LOOP-BODY TAGBODY ANSI-LOOP::LOOP-REALLY-DESETQ 
; --> SETQ 1+ 
; ==>
;   (+ I 1)
; Note: Unable to optimize due to type uncertainty:
;     The first argument is a REAL, not a FLOAT.
; 
; --> BLOCK LET LET ANSI-LOOP::LOOP-BODY TAGBODY WHEN COND IF 
; ==>
;   (> I #:G0)
; Note: Forced to do GENERIC-> (cost 10).
;     Unable to do inline fixnum comparison (cost 4) because:
;     The first argument is a REAL, not a FIXNUM.
; 
;   (/ 1.0d0 I)
; Note: Forced to do static-function Two-arg-/ (cost 53).
;     Unable to do inline float arithmetic (cost 12) because:
;     The second argument is a REAL, not a DOUBLE-FLOAT.
; 
;   (LOOP FOR I FROM 1...)
; --> BLOCK LET LET ANSI-LOOP::LOOP-BODY TAGBODY ANSI-LOOP::LOOP-REALLY-DESETQ 
; --> SETQ 1+ 
; ==>
;   (+ I 1)
; Note: Forced to do GENERIC-+ (cost 10).
;     Unable to do inline fixnum arithmetic (cost 1) because:
;     The first argument is a REAL, not a FIXNUM.
;     The result is a REAL, not a FIXNUM.
;     Unable to do inline fixnum arithmetic (cost 2) because:
;     The first argument is a REAL, not a FIXNUM.
;     The result is a REAL, not a FIXNUM.
;     etc.
; 

; In: DEFUN MAIN

;   (FORMAT T "~,9F~%" (SUM-HARMONIC N))
; --> FORMAT FORMATTER FUNCTION BLOCK LET 
; ==>
;   (FORMAT::FORMAT-FIXED STREAM #:FORMAT-ARG-20 #:G3 #:G4 ...)
; Note: Doing float to pointer coercion (cost 13) from #:G1.
; 
; Byte Compiling Top-Level Form: 

; Compilation unit finished.
;   8 notes


; harmonic.x86f written.
; Compilation finished in 0:00:01.
### START harmonic.cmucl_run
(proclaim '(optimize (speed 3) (safety 0) (debug 0) (compilation-speed 0) (space 0)))
(setq *gc-verbose* nil)
(load "harmonic.x86f" :verbose nil :print nil)
(main) (quit)
### END harmonic.cmucl_run


=================================================================
COMMAND LINE (%A is single numeric argument):

 /usr/bin/lisp -noinit -batch -eval '(load "harmonic.cmucl_run" :verbose nil :print nil)' %A


PROGRAM OUTPUT
==============
16.695311366
