BUILD COMMANDS FOR: harmonic.fpascal

Sun May 15 00:37:57 PDT 2005

cp /opt/shootout/shootout/bench/harmonic/harmonic.fpascal harmonic.pas
/usr/bin/fpc -XX -Xs -O3p3r -oFPASCAL_RUN harmonic.pas
Free Pascal Compiler version 1.9.6 [2005/01/14] for i386
Copyright (c) 1993-2004 by Florian Klaempfl
Target OS: Linux for i386
Compiling harmonic.pas
harmonic.pas(15,12) Warning: Variable "d" does not seem to be initialized
harmonic.pas(16,16) Warning: Variable "sum" does not seem to be initialized
Linking FPASCAL_RUN
20 Lines compiled, 0.7 sec
mv FPASCAL_RUN harmonic.fpascal_run
mv: cannot stat `FPASCAL_RUN': No such file or directory
make[3]: [harmonic.fpascal_run] Error 1 (ignored)

=================================================================
COMMAND LINE (%A is single numeric argument):

harmonic.fpascal_run %A
************************************************************
*   TEST (harmonic.fpascal_run) FAILED - ERROR:  harmonic.fpascal_out differs from Output.6000000
************************************************************
-rw-r--r--  1 brent brent 13 Apr  1 03:37 Output.6000000
-rw-r--r--  1 brent brent  0 May 15 00:37 harmonic.fpascal_out


PROGRAM OUTPUT
==============
16.695311366
