BUILD COMMANDS FOR: harmonic.erlang-2.hipe

Thu May 19 23:19:51 PDT 2005

cp /opt/shootout/shootout/bench/harmonic/harmonic.erlang-2.erlang harmonic.erlang-2.erl
(if [ "harmonic.erlang-2" = "lists" ]; then		\
    mv lists.erl lists_test.erl;	\
    /usr/bin/erlc +native +"{hipe, [o3]}" lists_test.erl;	\
else					\
    /usr/bin/erlc +native +"{hipe, [o3]}" harmonic.erlang-2.erl;	\
fi)
./harmonic.erlang-2.erl:none: Warning: this system is not configured for native-code compilation.
rm harmonic.erlang-2.erl

=================================================================
COMMAND LINE (%A is single numeric argument):

 /usr/bin/erl -noinput -noshell -noshell -run harmonic main %A
************************************************************
*   FILE COMPARISON ERROR
************************************************************
L1: 16.472167827

L2: 16.184485775

************************************************************
*   TEST (harmonic.erlang-2.hipe_run) FAILED - ERROR:  harmonic.erlang-2.hipe_out differs from Output.6000000
************************************************************
-rw-r--r--  1 brent brent 13 Apr  1 03:37 Output.6000000
-rw-r--r--  1 brent brent 13 May 19 23:20 harmonic.erlang-2.hipe_out


PROGRAM OUTPUT
==============
16.695311366
