BUILD COMMANDS FOR: harmonic.fpascal-2.fpascal

Thu Sep 29 20:41:26 PDT 2005

cp /opt/shootout/shootout/bench/harmonic/harmonic.fpascal-2.fpascal harmonic.fpascal-2.pas
/usr/bin/fpc -XX -Xs -O3p3r -oFPASCAL_RUN harmonic.fpascal-2.pas
Free Pascal Compiler version 2.0.0 [2005/09/09] for i386
Copyright (c) 1993-2005 by Florian Klaempfl
Target OS: Linux for i386
Compiling harmonic.fpascal-2.pas
harmonic.fpascal-2.pas(15,12) Warning: Variable "d" does not seem to be initialized
harmonic.fpascal-2.pas(16,16) Warning: Variable "sum" does not seem to be initialized
Linking FPASCAL_RUN
19 Lines compiled, 0.2 sec
mv FPASCAL_RUN harmonic.fpascal-2.fpascal_run
rm harmonic.fpascal-2.pas

=================================================================
COMMAND LINE (%A is single numeric argument):

harmonic.fpascal-2.fpascal_run %A


PROGRAM OUTPUT
==============
16.695311366
