BUILD COMMANDS FOR: harmonic.gcl

Mon Oct 31 21:28:09 PST 2005

cp /opt/shootout/shootout/bench/harmonic/harmonic.gcl harmonic.gcl
(GCL_ANSI=1; export GCL_ANSI; \
  /usr/bin/gclcvs -compile harmonic.gcl)

;; Compiling harmonic.gcl.
;; End of Pass 1.  
;; End of Pass 2.  
;; OPTIMIZE levels: Safety=0 (No runtime error checking), Space=0, Speed=3, (Debug quality ignored)
;; Finished compiling harmonic.gcl.
touch harmonic.gcl_run

=================================================================
COMMAND LINE (%A is single numeric argument):

 /usr/bin/gclcvs -batch -load harmonic.o -eval '(main)' -f harmonic.gcl %A
TEST FAILED - Child processed exited with error code (255)


PROGRAM OUTPUT
==============

Error: Cannot open the file harmonic.o.
Fast links are on: do (si::use-fast-links nil) for debugging
Error signalled by SYSTEM::GCL-TOP-LEVEL.
Broken at SYSTEM::SET-UP-TOP-LEVEL.  Type :H for Help.
>>