BUILD COMMANDS FOR: hash.xds

Tue Nov  8 23:47:27 PST 2005

cp /opt/shootout/shootout/bench/hash/hash.xds hash.ob2
/opt/xds_x86/bin/xc =m =a  ../../Include/xds/Shootout hash.ob2
O2/M2 development system v2.51 (c) 1999-2003 Excelsior, LLC. (build 10.05.2005)
XDS Oberon-2 v2.40 [x86, v1.50] - build 10.05.2005
Compiling "hash.ob2"

* [hash.ob2 11.28 F425]
* file open error: "SimpleHash.sym" no such file
IMPORT Shootout, SimpleHash$, Strings, IntStr, Out, S:=SYSTEM;
errors  1, no warnings, lines   11, time  0.00
make[3]: [hash.xds_run] Error 1 (ignored)
mv hash hash.xds_run
mv: cannot stat `hash': No such file or directory
make[3]: [hash.xds_run] Error 1 (ignored)

=================================================================
COMMAND LINE (%A is single numeric argument):

hash.xds_run %A
Error, could not exec hash.xds_run 40000 (No such file or directory)
PATH=/opt/shootout/shootout/bench/hash:/opt/shootout/shootout/bench/hash/tmp:/opt/xds_x86/bin:/opt/intel/fc/9.0/bin:/opt/intel/cc/9.0/bin:/usr/lib/poplog/current-poplog/pop/pop:/usr/local/Acrobat5/bin:/usr/lib/postgresql/bin:/home/brent/GNUstep/Tools:/usr/local/lib/GNUstep/Local/Tools:/usr/local/lib/GNUstep/Network/Tools:/usr/lib/GNUstep/System/Tools:/usr/local/bin:/usr/bin:/bin:/usr/bin/X11:/usr/games:/usr/lib/poplog/current-poplog/pop/com
TEST FAILED - Child processed exited with error code (1)


PROGRAM OUTPUT
==============
