BUILD COMMANDS FOR: hash.gpp

Thu Apr  7 23:53:22 PDT 2005

/usr/bin/g++-3.4 -c -pipe -Wall -O3 -fomit-frame-pointer -funroll-loops  hash.c++ -o hash.c++.o &&  \
        /usr/bin/g++-3.4 hash.c++.o -o hash.gpp_run -L/usr/local/lib  
hash.c++: In function `int main(int, char**)':
hash.c++:48: error: `__single_client_alloc' undeclared (first use this function)
hash.c++:48: error: (Each undeclared identifier is reported only once for each function it appears in.)
hash.c++:48: error: template argument 5 is invalid
hash.c++:48: error: ISO C++ forbids declaration of `HM' with no type
hash.c++:60: error: request for member `find' in `X', which is of non-class type `main::HM'
hash.c++:60: error: request for member `end' in `X', which is of non-class type `main::HM'
make[1]: [hash.gpp_run] Error 1 (ignored)

=================================================================
COMMAND LINE (%A is single numeric argument):

hash.gpp_run %A
Error, could not exec hash.gpp_run 40000 (No such file or directory)
PATH=/opt/shootout/shootout/bench/hash:/opt/shootout/shootout/bench/hash/tmp:/opt/intel_fc_80/bin:/opt/intel_cc_80/bin:/usr/lib/poplog/current-poplog/pop/pop:/usr/local/Acrobat5/bin:/usr/lib/postgresql/bin:/usr/local/Acrobat5/bin:/usr/lib/postgresql/bin:/home/brent/GNUstep/Tools:/usr/local/lib/GNUstep/Local/Tools:/usr/local/lib/GNUstep/Network/Tools:/usr/lib/GNUstep/System/Tools:/usr/local/bin:/usr/bin:/bin:/usr/bin/X11:/usr/games:/usr/lib/poplog/current-poplog/pop/com
************************************************************
*   TEST (hash.gpp_run) FAILED:  hash.gpp_out differs from Output.40000
************************************************************
-rw-r--r--  1 brent brent 5 Mar 31 23:18 Output.40000
-rw-r--r--  1 brent brent 0 Apr  7 23:53 hash.gpp_out


PROGRAM OUTPUT
==============
