BUILD COMMANDS FOR: hash2.felix

Sat Sep 17 10:43:34 PDT 2005

cp /opt/shootout/shootout/bench/hash2/hash2.felix hash2.flx
/usr/bin/flx -c --optimize --static ./hash2
/usr/lib/felix/rtl/libflx_static.a(flx_collector_static.o): In function `flx::gc::collector::flx_collector_t::flx_collector_t(flx::gc::generic::allocator_t*)':
flx_collector.cpp:(.text+0x1b2): undefined reference to `std::__default_alloc_template<true, 0>::allocate(unsigned int)'
/usr/lib/felix/rtl/libflx_static.a(flx_collector_static.o): In function `flx::gc::collector::flx_collector_t::flx_collector_t(flx::gc::generic::allocator_t*)':
flx_collector.cpp:(.text+0x252): undefined reference to `std::__default_alloc_template<true, 0>::allocate(unsigned int)'
/usr/lib/felix/rtl/libflx_static.a(flx_collector_static.o): In function `flx::gc::collector::flx_collector_t::remove_root(void*)':
flx_collector.cpp:(.text+0x7c5): undefined reference to `std::__default_alloc_template<true, 0>::deallocate(void*, unsigned int)'
/usr/lib/felix/rtl/libflx_static.a(flx_collector_static.o): In function `flx::gc::collector::flx_collector_t::~flx_collector_t()':
flx_collector.cpp:(.text+0xc21): undefined reference to `std::__default_alloc_template<true, 0>::deallocate(void*, unsigned int)'
flx_collector.cpp:(.text+0xc51): undefined reference to `std::__default_alloc_template<true, 0>::deallocate(void*, unsigned int)'
/usr/lib/felix/rtl/libflx_static.a(flx_collector_static.o): In function `flx::gc::collector::flx_collector_t::~flx_collector_t()':
flx_collector.cpp:(.text+0xcd1): undefined reference to `std::__default_alloc_template<true, 0>::deallocate(void*, unsigned int)'
flx_collector.cpp:(.text+0xd01): undefined reference to `std::__default_alloc_template<true, 0>::deallocate(void*, unsigned int)'
/usr/lib/felix/rtl/libflx_static.a(flx_collector_static.o):flx_collector.cpp:(.text+0xd81): more undefined references to `std::__default_alloc_template<true, 0>::deallocate(void*, unsigned int)' follow
/usr/lib/felix/rtl/libflx_static.a(flx_collector_static.o): In function `std::_Rb_tree<flx::gc::generic::frame_t*, std::pair<flx::gc::generic::frame_t* const, unsigned long>, std::_Select1st<std::pair<flx::gc::generic::frame_t* const, unsigned long> >, std::less<flx::gc::generic::frame_t*>, std::allocator<std::pair<flx::gc::generic::frame_t* const, unsigned long> > >::_M_create_node(std::pair<flx::gc::generic::frame_t* const, unsigned long> const&)':
flx_collector.cpp:(.gnu.linkonce.t._ZNSt8_Rb_treeIPN3flx2gc7generic7frame_tESt4pairIKS4_mESt10_Select1stIS7_ESt4lessIS4_ESaIS7_EE14_M_create_nodeERKS7_+0xb): undefined reference to `std::__default_alloc_template<true, 0>::allocate(unsigned int)'
collect2: ld returned 1 exit status
make[3]: [hash2.felix_run] Error 1 (ignored)
mv: cannot stat `hash2': No such file or directory
make[3]: [hash2.felix_run] Error 1 (ignored)
rm hash2.flx

=================================================================
COMMAND LINE (%A is single numeric argument):

hash2.felix_run %A
Error, could not exec hash2.felix_run 50 (No such file or directory)
PATH=/opt/shootout/shootout/bench/hash2:/opt/shootout/shootout/bench/hash2/tmp:/opt/xds_c/bin:/opt/intel_fc_80/bin:/opt/intel_cc_80/bin:/usr/lib/poplog/current-poplog/pop/pop:/usr/bin:/bin:/usr/lib/poplog/current-poplog/pop/com
TEST FAILED - Child processed exited with error code (1)


PROGRAM OUTPUT
==============
