BUILD COMMANDS FOR: hash.clean

Fri Oct 15 23:48:17 PDT 2004

cp /opt/shootout/shootout/bench/hash/hash.clean hash.icl
/usr/bin/clm -b -nt -ou -l /usr/lib/clean/lib/ArgEnvUnix/ArgEnvC.o -I ../Include/clean -I ../../Include/clean hash -o hash.clean_run
Warning [StdInt.abc,76,abs;13]: no inline code for this rule
Warning [StdOverloadedList,]: not all derived strictness information is exported
Warning [_SystemStrictLists,]: not all derived strictness information is exported
Warning [_SystemStrictLists,53,_decons;10;10]: function may fail
Warning [_SystemStrictLists,48,_decons;8;8]: function may fail
Warning [_SystemStrictLists,43,_decons;6;6]: function may fail
Warning [_SystemStrictLists,38,_decons;4;4]: function may fail
Warning [_SystemEnumStrict,]: not all derived strictness information is exported
Compiling hash
Compiling StdOverloadedList
Compiling StdStrictLists
Compiling _SystemStrictLists
Compiling _SystemEnumStrict
Generating code for hash
Generating code for _SystemEnumStrict
Generating code for _SystemStrictLists
Generating code for StdStrictLists
Generating code for StdOverloadedList
Linking hash
rm hash.icl

=================================================================
COMMAND LINE (%A is single numeric argument):

 hash.clean_run -h 10000000 %A


PROGRAM OUTPUT
==============

18699
