BUILD COMMANDS FOR: hash.mlton

Sun Sep 18 00:59:20 PDT 2005

cp /opt/shootout/shootout/bench/hash/hash.mlton hash.sml
(if [ -r /opt/shootout/shootout/bench/hash/mlb_hash.mlb ]; then			\
		mv /opt/shootout/shootout/bench/hash/mlb_hash.mlb hash.mlb;		\
	else							\
		echo '../../Include/mlton-src/lib.mlb hash.sml'	\
			 >hash.mlb;				\
	fi)
/usr/bin/mlton  -output hash.mlton_run hash.mlb
Error: hash.mlb 1.33.
  File hash.sml does not exist.
compilation aborted: parseAndElaborate reported errors
make[3]: [hash.mlton_run] Error 1 (ignored)
rm -f hash.mlb hash.sml

=================================================================
COMMAND LINE (%A is single numeric argument):

hash.mlton_run %A
************************************************************
*   TEST (hash.mlton_run) FAILED - ERROR:  hash.mlton_out differs from Output.100000
************************************************************
-rw-r--r--  1 brent brent 6 Sep 17 10:29 Output.100000
-rw-r--r--  1 brent brent 5 Sep 18 00:59 hash.mlton_out


PROGRAM OUTPUT
==============
18699


PROGRAM OUTPUT
==============
18699
