BUILD COMMANDS FOR: hash2.gwydion

Mon Oct 31 22:50:07 PST 2005

cp /opt/shootout/shootout/bench/hash2/hash2.gwydion hash2.dylan
(if [ "hash2" = "random" ]; then	\
    cp random.dylan randum.dylan;	\
fi)
/usr/bin/d2c -s  hash2.dylan
Entering single file mode.
Compiling library hash2
[Loading library Dylan...]
Using custom library import list...
[Loading library common-dylan...
  [Loading library melange-support...]
  [Loading library threads...]
  [Loading library table-extensions...]
  [Loading library Random...
   [Loading library transcendental...]]]
[Loading library io...In Define Library hash2.:
unknown source locationWarning: Can't tell if argument <unknown-type> is a subtype of type-union(<false>, <type>),
so can't tell if method:
  type-for-file-stream{<object>, <unknown-type>, <object>}
is congruent to GF
  type-for-file-stream
]
Parsing hash2.dylan
Finalizing library.
Converting top level forms.
                    Optimizing top level forms.
                    Emitting C code.
                    Emitting Library Heap.
Emitting Global Heap.
Building inits.
hash2.dylan: In function 'inits':
hash2.dylan:58283: warning: implicit declaration of function 'dylan_Library_init'
hash2.dylan:58284: warning: implicit declaration of function 'melange_support_Library_init'
hash2.dylan:58285: warning: implicit declaration of function 'threads_Library_init'
hash2.dylan:58286: warning: implicit declaration of function 'table_extensions_Library_init'
hash2.dylan:58287: warning: implicit declaration of function 'transcendental_Library_init'
hash2.dylan:58288: warning: implicit declaration of function 'random_Library_init'
hash2.dylan:58289: warning: implicit declaration of function 'common_dylan_Library_init'
hash2.dylan:58290: warning: implicit declaration of function 'io_Library_init'
mkdir .libs
gcc -o hash2 hash2.o  /usr/lib/dylan/2.5.0pre2/x86-linux-gcc/libio-dylan.a /usr/lib/dylan/2.5.0pre2/x86-linux-gcc/libcommon-dylan-dylan.a /usr/lib/dylan/2.5.0pre2/x86-linux-gcc/librandom-dylan.a /usr/lib/dylan/2.5.0pre2/x86-linux-gcc/libtranscendental-dylan.a /usr/lib/dylan/2.5.0pre2/x86-linux-gcc/libtable-extensions-dylan.a /usr/lib/dylan/2.5.0pre2/x86-linux-gcc/libthreads-dylan.a /usr/lib/dylan/2.5.0pre2/x86-linux-gcc/libmelange-support-dylan.a /usr/lib/dylan/2.5.0pre2/x86-linux-gcc/libdylan-dylan.a /usr/lib/dylan/2.5.0pre2/x86-linux-gcc/libruntime.a /usr/lib/libgc.so -ldl -lpthread -lm
Optimize called 3556 times.
Compilation finished with 1 Warning and 0 Errors
(if [ "hash2" = "random" ]; then	\
    mv randum hash2.gwydion_run;		\
else				\
    mv hash2 hash2.gwydion_run;			\
fi)
rm hash2.[co]
rm -rf .libs
rm hash2.dylan

=================================================================
COMMAND LINE (%A is single numeric argument):

hash2.gwydion_run %A


PROGRAM OUTPUT
==============
1 9999 200 1999800
