BUILD COMMANDS FOR: hash2.mzc

Sat Jun 10 16:31:16 PDT 2006

cp /opt/shootout/shootout/bench/hash2/hash2.mzscheme hash2.ss
/usr/bin/mzc hash2.ss
mzc version 301.16, Copyright (c) 2004-2006 PLT Scheme Inc.
"hash2.ss": 
 [output to "./hash2.so"]
echo "#!/usr/bin/mzscheme -r" > hash2.mzc_run
echo "(load-extension \"hash2.so\")" >> hash2.mzc_run
chmod a+rwx hash2.mzc_run
rm hash2.ss

=================================================================
COMMAND LINE (%A is single numeric argument):

hash2.mzc_run %A
************************************************************
*   TEST (hash2.mzc_run) FAILED - ERROR:  hash2.mzc_out differs from Output.50
************************************************************
-rw-r--r-- 1 brent brent 17 Oct 30  2005 Output.50
-rw-r--r-- 1 brent brent  0 Jun 10 16:31 hash2.mzc_out


PROGRAM OUTPUT
==============
