BUILD COMMANDS FOR: hash.cmucl

Wed Jun  7 21:23:13 PDT 2006

CMUCL built with: /usr/bin/lisp -noinit -batch -eval '(load "hash.cmucl_compile")'
### START hash.cmucl_compile
(proclaim '(optimize (speed 3) (safety 0) (debug 0) (compilation-speed 0) (space 0)))
(compile-file "hash.cmucl" :block-compile t  :entry-points '(main))
(quit)
### END hash.cmucl_compile

Couldn't mmap at 0xbe000000, len 1048576; got mapping at 0xa60d4000 insteadensure_space: Failed to validate 1048576 bytes at 0xbe000000
### START hash.cmucl_run
(proclaim '(optimize (speed 3) (safety 0) (debug 0) (compilation-speed 0) (space 0)))
(setq *gc-verbose* nil)
(load "hash.x86f" :verbose nil :print nil)
(main) (quit)
### END hash.cmucl_run


=================================================================
COMMAND LINE (%A is single numeric argument):

 /usr/bin/lisp -noinit -batch -eval '(load "hash.cmucl_run" :verbose nil :print nil)' %A
Couldn't mmap at 0xbe000000, len 1048576; got mapping at 0xa6129000 insteadensure_space: Failed to validate 1048576 bytes at 0xbe000000
TEST FAILED - Child processed exited with error code (1)


PROGRAM OUTPUT
==============
