BUILD COMMANDS FOR: hash2.ooc

Mon Oct 31 23:08:32 PST 2005

cp /opt/shootout/shootout/bench/hash2/hash2.ooc hash2.ooc
/usr/bin/oo2c -r ../../Include/ooc -r . -A --no-rtc -M hash2.ooc
In file included from /opt/shootout/shootout/bench/Include/ooc/obj/SimpleHash.c:1:
/opt/shootout/shootout/bench/Include/ooc/obj/SimpleHash.d:9: warning: pointer targets in initialization differ in signedness
/opt/shootout/shootout/bench/Include/ooc/obj/SimpleHash.d:10: warning: pointer targets in initialization differ in signedness
/opt/shootout/shootout/bench/Include/ooc/obj/SimpleHash.d:11: warning: pointer targets in initialization differ in signedness
/opt/shootout/shootout/bench/Include/ooc/obj/SimpleHash.d:13: warning: pointer targets in initialization differ in signedness
/opt/shootout/shootout/bench/Include/ooc/obj/SimpleHash.d:14: warning: pointer targets in initialization differ in signedness
/opt/shootout/shootout/bench/Include/ooc/obj/SimpleHash.d:15: warning: pointer targets in initialization differ in signedness
mv bin/* hash2.ooc_run
rm -rf obj sym bin	
rm hash2.ooc

=================================================================
COMMAND LINE (%A is single numeric argument):

hash2.ooc_run %A


PROGRAM OUTPUT
==============
1 9999 200 1999800
