BUILD COMMANDS FOR: hash2.hipe

Mon May  2 23:12:45 PDT 2005

cp /opt/shootout/shootout/bench/hash2/hash2.erlang hash2.erl
(if [ "hash2" = "lists" ]; then		\
    mv lists.erl lists_test.erl;	\
    /usr/bin/erlc +native +"{hipe, [o3]}" lists_test.erl;	\
else					\
    /usr/bin/erlc +native +"{hipe, [o3]}" hash2.erl;	\
fi)
rm hash2.erl

=================================================================
COMMAND LINE (%A is single numeric argument):

 /usr/bin/erl -noinput -noshell -run hash2 main %A

Crash dump was written to: erl_crash.dump
init terminating in do_boot ()
************************************************************
*   TEST (hash2.hipe_run) FAILED:  hash2.hipe_out differs from Output.50
************************************************************
-rw-r--r--  1 brent brent 17 Apr  1 04:20 Output.50
-rw-r--r--  1 brent brent 45 May  2 23:12 hash2.hipe_out


PROGRAM OUTPUT
==============
{"init terminating in do_boot",{badarg,[]}}
