BUILD COMMANDS FOR: hash2.icpp

Mon Mar 14 21:31:33 PST 2005

/opt/intel_cc_80/bin/icpc -c -O3 -ipo -static   hash2.c++ -o hash2.c++.o &&  \
        /opt/intel_cc_80/bin/icpc hash2.c++.o -o hash2.icpp_run -O3 -ipo -static   
IPO: performing single-file optimizations
IPO: generating object file ipo_icpcFgGHq.o
rm: cannot remove `hash2.c++': No such file or directory
make[3]: [hash2.icpp_run] Error 1 (ignored)
rror: problem during multi-file optimization compilation (code 1)
make[3]: [hash2.icpp_run] Error 1 (ignored)

=================================================================
COMMAND LINE (%A is single numeric argument):

hash2.icpp_run %A
************************************************************
*   TEST (hash2.icpp) FAILED:  hash2.icpp_out differs from Output.150
************************************************************
-rw-r--r--  1 brent brent 19 Nov 14 19:23 Output.150
-rw-r--r--  1 brent brent  0 Mar 14 21:31 hash2.icpp_out


PROGRAM OUTPUT
==============
1 9999 200 1999800
