BUILD COMMANDS FOR: hash2.erlang

Tue Apr 12 23:51:13 PDT 2005

cp /opt/shootout/shootout/bench/hash2/hash2.erlang hash2.erl
(if [ "hash2" = "plugin" ]; then		\
    cp /opt/shootout/shootout/bench/hash2/plugin_2.erlang plugin_2.erl; \
    cp /opt/shootout/shootout/bench/hash2/plugin_3.erlang plugin_3.erl; \
fi)
(if [ "hash2" = "lists" ]; then		\
    mv lists.erl lists_test.erl;	\
    /usr/bin/erlc lists_test.erl;		\
else					\
    if [ "hash2" = "plugin" ]; then	\
        /usr/bin/erlc hash2.erl;			\
        /usr/bin/erlc plugin_2.erl;		\
        /usr/bin/erlc plugin_3.erl;		\
    else				\
        /usr/bin/erlc hash2.erl;			\
            fi;					\
fi)
rm hash2.erl

=================================================================
COMMAND LINE (%A is single numeric argument):

 /usr/bin/erl -noinput -run hash2 main %A

Crash dump was written to: erl_crash.dump
init terminating in do_boot ()
************************************************************
*   TEST (hash2.erlang_run) FAILED:  hash2.erlang_out differs from Output.50
************************************************************
-rw-r--r--  1 brent brent  17 Apr  1 04:20 Output.50
-rw-r--r--  1 brent brent 124 Apr 12 23:51 hash2.erlang_out


PROGRAM OUTPUT
==============
{"init terminating in do_boot",{badarg,[{erlang,atom_to_list,["50"]},{hash2,main,1},{init,start_it,1},{init,start_em,1}]}}
