BUILD COMMANDS FOR: hash.nice

Sun Sep 12 04:34:46 PDT 2004

JAVA=/usr/bin/kaffe /usr/bin/nicec --source ../.. -d hash.nice_run.tmp -a hash.nice_run.tmp/o.jar hash

Classpath component hash.nice_run.tmp does not exist

Path /opt/shootout/shootout/bench/hash/tmp/hash.nice_run.tmp does not exist
nice.lang: parsing
ackermann: parsing
hash: parsing
ackermann: typechecking
ackermann: generating code
hash: typechecking
hash: generating code
hash: linking
hash: writing in archive
ackermann: writing in archive
nice.lang: writing in archive
/usr/bin/gcj-3.4 -O3 -fomit-frame-pointer -o hash.nice_run --main=hash.dispatch hash.nice_run.tmp/o.jar 2>/dev/null

=================================================================
COMMAND LINE (%A is single numeric argument):

hash.nice_run %A


PROGRAM OUTPUT
==============
18699
