BUILD COMMANDS FOR: hash.mzc

Tue Feb 22 21:20:36 PST 2005

cp /opt/shootout/shootout/bench/hash/hash.mzscheme hash.ss
( if [ "hash" = "plugin" ]; then		\
    cp /opt/shootout/shootout/bench/hash/plugin_2.mzscheme plugin_2.ss; \
    cp /opt/shootout/shootout/bench/hash/plugin_3.mzscheme plugin_3.ss; \
fi )
/usr/bin/mzc hash.ss
MzScheme compiler (mzc) version 209, Copyright (c) 2004 PLT Scheme, Inc.
"hash.ss": 
 [output to "./hash.so"]
( if [ "hash" = "plugin" ]; then	\
    /usr/bin/mzc plugin_2.ss;		\
    /usr/bin/mzc plugin_3.ss;		\
fi )
echo "#!/usr/bin/mzscheme -r" > hash.mzc_run
echo "(load-extension \"hash.so\")" >> hash.mzc_run
chmod a+rwx hash.mzc_run
rm hash.ss

=================================================================
COMMAND LINE (%A is single numeric argument):

hash.mzc_run %A


PROGRAM OUTPUT
==============
18699
