BUILD COMMANDS FOR: hash2.bigloo

Mon Oct 31 22:25:02 PST 2005

cp /opt/shootout/shootout/bench/hash2/hash2.bigloo hash2.scm
rm -f hash2.bigloo_run
/usr/bin/bigloo -fsharing -Obench -unsafe  hash2.scm -o hash2.bigloo_run

File "./hash2.scm", line 24, character 652:
#      (put-hash! (cons (string-append "foo_" (number->string i 10)) i) x))
#      ^
# *** ERROR:<anonymous:1084>
# Unbound variable -- put-hash!


File "./hash2.scm", line 27, character 762:
#      (for-each-hash (lambda (cell)
#      ^
# *** ERROR:<anonymous:1117>
# Unbound variable -- for-each-hash


File "./hash2.scm", line 36, character 1022:
#			 (put-hash! (cons x-key (+ x-val old-y-val)) y)))
#			 ^
# *** ERROR:<anonymous:1128>
# Unbound variable -- put-hash!


File "./hash2.scm", line 32, character 940:
#						(rem-key-hash! x-key y)
#						^
# *** ERROR:<anonymous:1128>
# Unbound variable -- rem-key-hash!


File "./hash2.scm", line 30, character 876:
#			      (old-y-cell (get-hash x-key y))
#			                  ^
# *** ERROR:<anonymous:1128>
# Unbound variable -- get-hash


File "./hash2.scm", line 38, character 1098:
#    (print (cdr (get-hash "foo_1" x)) " "
#                ^
# *** ERROR:main
# Unbound variable -- get-hash


File "./hash2.scm", line 39, character 1133:
#	   (cdr (get-hash "foo_9999" x)) " "
#	        ^
# *** ERROR:main
# Unbound variable -- get-hash


File "./hash2.scm", line 40, character 1171:
#	   (cdr (get-hash "foo_1" y)) " "
#	        ^
# *** ERROR:main
# Unbound variable -- get-hash


File "./hash2.scm", line 41, character 1206:
#	   (cdr (get-hash "foo_9999" y)))))
#	        ^
# *** ERROR:main
# Unbound variable -- get-hash


File "./hash2.scm", line 17, character 480:
#	 (y (make-hash-table max
#	    ^
# *** ERROR:main
# Unbound variable -- make-hash-table


File "./hash2.scm", line 18, character 521:
#			     (lambda (o) (string->0..2^x-1 o 14))
#			                 ^
# *** ERROR:<anonymous:1258>
# Unbound variable -- string->0..2^x-1


File "./hash2.scm", line 12, character 349:
#	 (x (make-hash-table max
#	    ^
# *** ERROR:main
# Unbound variable -- make-hash-table


File "./hash2.scm", line 13, character 390:
#			     (lambda (o) (string->0..2^x-1 o 14))
#			                 ^
# *** ERROR:<anonymous:1297>
# Unbound variable -- string->0..2^x-1

13 errors occured, ending ...
make[2]: [hash2.bigloo_run] Error 255 (ignored)

=================================================================
COMMAND LINE (%A is single numeric argument):

hash2.bigloo_run %A
Error, could not exec hash2.bigloo_run 50 (No such file or directory)
PATH=/opt/shootout/shootout/bench/hash2:/opt/shootout/shootout/bench/hash2/tmp:/usr/local/Acrobat5/bin:/usr/lib/postgresql/bin:/home/brent/GNUstep/Tools:/usr/local/lib/GNUstep/Local/Tools:/usr/local/lib/GNUstep/Network/Tools:/usr/lib/GNUstep/System/Tools:/usr/local/bin:/usr/bin:/bin:/usr/bin/X11:/usr/games
TEST FAILED - Child processed exited with error code (1)


PROGRAM OUTPUT
==============
