BUILD COMMANDS FOR: health.se

Sat Dec 31 03:06:18 PST 2005

cp /opt/shootout/shootout/bench/health/health.se health.e
../../../bin/split_file.bash /opt/shootout/shootout/bench/health/health.se 
splitfile  health.e
splitfile  health_region.e
splitfile  hospital.e
splitfile  random.e
splitfile  patient.e
splitfile  totals.e
splitfile  patient_list_node.e
splitfile  patient_list.e
rm -f health.se_run
/usr/lib/smarteiffel/bin/compile -boost -no_split -O3 -fomit-frame-pointer -funroll-loops  -o health.se_run health ; /usr/lib/smarteiffel/bin/clean health
rm health.e

=================================================================
COMMAND LINE (%A is single numeric argument):

health.se_run %A


PROGRAM OUTPUT
==============
Patients: 102515
Time:     33730654
Visits:   106371

Treatment Queue - Remaining Treatment Time
3	anonymous patient
6	anonymous patient
8	anonymous patient
8	anonymous patient
8	anonymous patient
10	anonymous patient
10	anonymous patient
