BUILD COMMANDS FOR: health.ocamlb

Wed May 25 00:25:23 PDT 2005

cp /opt/shootout/shootout/bench/health/health.ocaml health.ml
/usr/bin/ocamlc -noassert -unsafe -I /usr/lib/ocaml/contrib  health.ml -o health.ocamlb_run
rm health.ml

=================================================================
COMMAND LINE (%A is single numeric argument):

health.ocamlb_run %A


PROGRAM OUTPUT
==============
Patients: 102515
Time:     33730654
Visits:   106371

Treatment Queue - Remaining Treatment Time
3	anonymous patient
6	anonymous patient
8	anonymous patient
8	anonymous patient
8	anonymous patient
10	anonymous patient
10	anonymous patient
