BUILD COMMANDS FOR: heapsort.gij

Thu Jan  5 20:44:41 PST 2006

if [ ! -d heapsort.gij_run ] ; then mkdir heapsort.gij_run ; fi
cp /opt/shootout/shootout/bench/heapsort/heapsort.gij heapsort.gij_run/heapsort.java
( cd heapsort.gij_run ; /usr/bin/gcj -C -classpath '.' heapsort.java )
/bin/sh: /usr/bin/gcj: No such file or directory
make[3]: [heapsort.gij_run] Error 127 (ignored)
touch heapsort.gij_run

=================================================================
COMMAND LINE (%A is single numeric argument):

 /usr/bin/gij --classpath heapsort.gij_run heapsort %A
Exception in thread "main" java.lang.NoClassDefFoundError: heapsort
   at gnu.java.lang.MainThread.run() (/usr/lib/libgcj.so.6.0.0)
Caused by: java.lang.ClassNotFoundException: heapsort not found in gnu.gcj.runtime.SystemClassLoader{urls=[file:heapsort.gij_run/], parent=gnu.gcj.runtime.ExtensionClassLoader{urls=[], parent=null}}
   at java.net.URLClassLoader.findClass(java.lang.String) (/usr/lib/libgcj.so.6.0.0)
   at java.lang.ClassLoader.loadClass(java.lang.String, boolean) (/usr/lib/libgcj.so.6.0.0)
   at java.lang.ClassLoader.loadClass(java.lang.String) (/usr/lib/libgcj.so.6.0.0)
   at java.lang.Class.forName(java.lang.String, boolean, java.lang.ClassLoader) (/usr/lib/libgcj.so.6.0.0)
   at gnu.java.lang.MainThread.run() (/usr/lib/libgcj.so.6.0.0)
TEST FAILED - Child processed exited with error code (1)


PROGRAM OUTPUT
==============
