BUILD COMMANDS FOR: heapsort.gcl

Mon Oct 31 23:40:11 PST 2005

cp /opt/shootout/shootout/bench/heapsort/heapsort.gcl heapsort.gcl
(GCL_ANSI=1; export GCL_ANSI; \
  /usr/bin/gclcvs -compile heapsort.gcl)

;; Compiling heapsort.gcl.
; (DEFUN GEN_RANDOM ...) is being compiled.
;; Warning: Type declaration was found for not bound variable IC
;; Warning: Type declaration was found for not bound variable IA
;; Warning: Type declaration was found for not bound variable IM
;; Warning: Type declaration was found for not bound variable *LAST*
; (DEFUN HEAPSORT ...) is being compiled.
;; Warning: Type declaration was found for not bound variable RA
;; End of Pass 1.  
;; End of Pass 2.  
;; OPTIMIZE levels: Safety=0 (No runtime error checking), Space=0, Speed=3, (Debug quality ignored)
;; Finished compiling heapsort.gcl.
touch heapsort.gcl_run

=================================================================
COMMAND LINE (%A is single numeric argument):

 /usr/bin/gclcvs -batch -load heapsort.o -eval '(main)' -f heapsort.gcl %A
TEST FAILED - Child processed exited with error code (255)


PROGRAM OUTPUT
==============

Error: Cannot open the file heapsort.o.
Fast links are on: do (si::use-fast-links nil) for debugging
Error signalled by SYSTEM::GCL-TOP-LEVEL.
Broken at SYSTEM::SET-UP-TOP-LEVEL.  Type :H for Help.
>>