BUILD COMMANDS FOR: heapsort.smlnj

Tue Sep 20 01:26:00 PDT 2005

cp /opt/shootout/shootout/bench/heapsort/heapsort.smlnj heapsort.sml
cp /opt/shootout/shootout/bench/heapsort/cm_heapsort.cm heapsort.cm
/usr/bin/ml-build heapsort.cm Test.main heapsort
Standard ML of New Jersey v110.52 [built: Fri Jan 21 16:42:10 2005]
[scanning heapsort.cm]
[parsing (heapsort.cm):heapsort.sml]
[compiling (heapsort.cm):heapsort.sml]
[code: 2940, data: 56, env: 248 bytes]
[scanning 17766-export.cm]
[scanning (17766-export.cm):heapsort.cm]
[parsing (17766-export.cm):17766-export.sml]
[compiling (17766-export.cm):17766-export.sml]
[code: 221, data: 37, env: 42 bytes]

=================================================================
COMMAND LINE (%A is single numeric argument):

 /usr/bin/sml @SMLload=heapsort %A


PROGRAM OUTPUT
==============
0.9999928555
