BUILD COMMANDS FOR: heapsort.ooc

Tue Nov  8 23:47:44 PST 2005

cp /opt/shootout/shootout/bench/heapsort/heapsort.ooc heapsort.ooc
/usr/bin/oo2c -r ../../Include/ooc -r . -A --no-rtc  -M heapsort.ooc

## 
## Runtime error in module OOC:SSA:Blocker at pos 48893
## Assertion failed, code 127
## 
0: /usr/lib/liboo2c.so.3 [0x4006c170]
1: /usr/lib/liboo2c.so.3(_runtime_error+0x3e) [0x4006c21e]
2: /usr/lib/liboo2c.so.3 [0x4006c96f]
3: /usr/bin/oo2c [0x80ead00]
4: /usr/bin/oo2c [0x80eae2a]
5: /usr/bin/oo2c [0x80eb06f]
6: /usr/bin/oo2c [0x80eb6af]
7: /usr/bin/oo2c [0x80eb895]
8: /usr/bin/oo2c [0x80ffbd5]
9: /usr/bin/oo2c [0x810f5b7]
10: /usr/bin/oo2c [0x80de123]
11: /usr/bin/oo2c [0x80de97d]
12: /usr/bin/oo2c [0x80dee00]
13: /usr/bin/oo2c [0x812fbff]
14: /usr/bin/oo2c [0x812ff7b]
15: /usr/bin/oo2c [0x8131e66]
16: /usr/bin/oo2c [0x81317cb]
17: /usr/bin/oo2c [0x8131fb6]
18: /usr/bin/oo2c [0x813553b]
19: /usr/bin/oo2c [0x81359a9]
20: /usr/bin/oo2c [0x81359e3]
make[3]: [heapsort.ooc_run] Error 127 (ignored)
mv bin/* heapsort.ooc_run
mv: cannot stat `bin/*': No such file or directory
make[3]: [heapsort.ooc_run] Error 1 (ignored)
rm -rf obj sym bin	
rm heapsort.ooc

=================================================================
COMMAND LINE (%A is single numeric argument):

heapsort.ooc_run %A
Error, could not exec heapsort.ooc_run 20000 (No such file or directory)
PATH=/opt/shootout/shootout/bench/heapsort:/opt/shootout/shootout/bench/heapsort/tmp:/opt/xds_x86/bin:/opt/intel/fc/9.0/bin:/opt/intel/cc/9.0/bin:/usr/lib/poplog/current-poplog/pop/pop:/usr/local/Acrobat5/bin:/usr/lib/postgresql/bin:/home/brent/GNUstep/Tools:/usr/local/lib/GNUstep/Local/Tools:/usr/local/lib/GNUstep/Network/Tools:/usr/lib/GNUstep/System/Tools:/usr/local/bin:/usr/bin:/bin:/usr/bin/X11:/usr/games:/usr/lib/poplog/current-poplog/pop/com
TEST FAILED - Child processed exited with error code (1)


PROGRAM OUTPUT
==============
