BUILD COMMANDS FOR: heapsort.sbcl

Thu Mar  3 00:16:33 PST 2005

SBCL built with: /usr/bin/sbcl --userinit /dev/null --sysinit /dev/null -batch -eval '(load "heapsort.sbcl_compile")'
### START heapsort.sbcl_compile
(proclaim '(optimize (speed 3) (safety 0) (debug 0) (compilation-speed 0) (space 0)))
(handler-bind ((sb-ext:defconstant-uneql      (lambda (c) (abort c))))      (load (compile-file "heapsort.sbcl" ))) (save-lisp-and-die "sbcl.core" :purify t)
### END heapsort.sbcl_compile

; compiling file "/opt/shootout/shootout/bench/heapsort/tmp/heapsort.sbcl" (written 03 MAR 2005 12:16:33 AM):
; compiling (DEFCONSTANT IM ...)
; compiling (DEFCONSTANT IA ...)
; compiling (DEFCONSTANT IC ...)
; compiling (DEFVAR LAST ...)unhandled SYMBOL-PACKAGE-LOCKED-ERROR in thread 13493:
  Lock on package COMMON-LISP violated when globally declaring LAST special.
See also:
  The SBCL Manual, Node "Package Locks"
  The ANSI Standard, Section 11.1.2.1.2

0: ("hairy arg processor for top level local call SB!DEBUG:BACKTRACE"
    128
    #<SYNONYM-STREAM :SYMBOL SB-SYS:*STDERR* {5057FC9}>)
1: (SB-DEBUG::DEBUGGER-DISABLED-HOOK
    2
    #<SYMBOL-PACKAGE-LOCKED-ERROR {9049071}>
    #<unavailable argument>)[:EXTERNAL]
2: (INVOKE-DEBUGGER 1 #<SYMBOL-PACKAGE-LOCKED-ERROR {9049071}>)[:EXTERNAL]
3: (CERROR 12 "Ignore the package lock." SYMBOL-PACKAGE-LOCKED-ERROR)[:EXTERNAL]
4: (PACKAGE-LOCK-VIOLATION 7 #<PACKAGE "COMMON-LISP">)[:EXTERNAL]
5: (SB-KERNEL:ASSERT-SYMBOL-HOME-PACKAGE-UNLOCKED
    2
    LAST
    "globally declaring ~A special")[:EXTERNAL]
6: (PROCLAIM 1 (SPECIAL LAST))[:EXTERNAL]
7: (SB-INT:EVAL-IN-LEXENV
    2
    (SB-IMPL::%COMPILER-DEFVAR 'LAST)
    #S(SB-KERNEL:LEXENV
       :FUNS NIL
       :VARS NIL
       :BLOCKS NIL
       :TAGS NIL
       :TYPE-RESTRICTIONS NIL
       :LAMBDA NIL
       :CLEANUP NIL
       :HANDLED-CONDITIONS NIL
       :DISABLED-PACKAGE-LOCKS NIL
       :POLICY ((INHIBIT-WARNINGS . 1) (SPACE . 0) (COMPILATION-SPEED . 0)
                (DEBUG . 0) (SAFETY . 0) (SPEED . 3))))[:EXTERNAL]
8: (SB-INT:EVAL-IN-LEXENV
    2
    (PROGN (SB-IMPL::%COMPILER-DEFVAR 'LAST))
    #S(SB-KERNEL:LEXENV
       :FUNS NIL
       :VARS NIL
       :BLOCKS NIL
       :TAGS NIL
       :TYPE-RESTRICTIONS NIL
       :LAMBDA NIL
       :CLEANUP NIL
       :HANDLED-CONDITIONS NIL
       :DISABLED-PACKAGE-LOCKS NIL
       :POLICY ((INHIBIT-WARNINGS . 1) (SPACE . 0) (COMPILATION-SPEED . 0)
                (DEBUG . 0) (SAFETY . 0) (SPEED . 3))))[:EXTERNAL]
9: (SB-C::PROCESS-TOPLEVEL-FORM
    3
    (EVAL-WHEN (:COMPILE-TOPLEVEL) (SB-IMPL::%COMPILER-DEFVAR 'LAST))
    ((PROGN
      (EVAL-WHEN (:COMPILE-TOPLEVEL) (SB-IMPL::%COMPILER-DEFVAR 'LAST))
      (EVAL-WHEN (:LOAD-TOPLEVEL :EXECUTE)
        (SB-IMPL::%DEFVAR 'LAST (UNLESS (BOUNDP 'LAST) 42) 'T NIL 'NIL)))
     SB-C::ORIGINAL-SOURCE-START 0 3)
    NIL)[:EXTERNAL]
10: (SB-C::PROCESS-TOPLEVEL-PROGN
     3
     ((EVAL-WHEN (:COMPILE-TOPLEVEL) (SB-IMPL::%COMPILER-DEFVAR 'LAST))
      (EVAL-WHEN (:LOAD-TOPLEVEL :EXECUTE)
        (SB-IMPL::%DEFVAR 'LAST (UNLESS (BOUNDP 'LAST) 42) 'T NIL 'NIL)))
     ((PROGN
       (EVAL-WHEN (:COMPILE-TOPLEVEL) (SB-IMPL::%COMPILER-DEFVAR 'LAST))
       (EVAL-WHEN (:LOAD-TOPLEVEL :EXECUTE)
         (SB-IMPL::%DEFVAR 'LAST (UNLESS (BOUNDP 'LAST) 42) 'T NIL 'NIL)))
      SB-C::ORIGINAL-SOURCE-START 0 3)
     NIL)[:EXTERNAL]
11: (SB-C::PROCESS-TOPLEVEL-FORM
     3
     (PROGN
      (EVAL-WHEN (:COMPILE-TOPLEVEL) (SB-IMPL::%COMPILER-DEFVAR 'LAST))
      (EVAL-WHEN (:LOAD-TOPLEVEL :EXECUTE)
        (SB-IMPL::%DEFVAR 'LAST (UNLESS (BOUNDP 'LAST) 42) 'T NIL 'NIL)))
     (SB-C::ORIGINAL-SOURCE-START 0 3)
     NIL)[:EXTERNAL]
12: ("FLET SB!C::DEFAULT-PROCESSOR" (DEFVAR LAST 42))
13: (SB-C::PROCESS-TOPLEVEL-FORM
     3
     (DEFVAR LAST 42)
     (SB-C::ORIGINAL-SOURCE-START 0 3)
     NIL)[:EXTERNAL]
14: (SB-C::SUB-SUB-COMPILE-FILE 1 #<SB-C::SOURCE-INFO >)[:EXTERNAL]
15: ("#'(LAMBDA NIL (SB!C::CLEAR-STUFF) ...)")
16: (SB-C::%WITH-COMPILATION-UNIT 1 #<FUNCTION "CLOSURE" {90338CD}>)[:EXTERNAL]
17: (SB-C::SUB-COMPILE-FILE 1 #<SB-C::SOURCE-INFO >)[:EXTERNAL]
18: (COMPILE-FILE 1 "heapsort.sbcl")[:EXTERNAL]
19: (#:EVAL-TMPFUN-3959 #<unavailable lambda list>)[:EXTERNAL]
20: (SB-INT:EVAL-IN-LEXENV
     2
     (HANDLER-BIND ((DEFCONSTANT-UNEQL (LAMBDA (C) (ABORT C))))
                   (LOAD (COMPILE-FILE "heapsort.sbcl")))
     #S(SB-KERNEL:LEXENV
        :FUNS NIL
        :VARS NIL
        :BLOCKS NIL
        :TAGS NIL
        :TYPE-RESTRICTIONS NIL
        :LAMBDA NIL
        :CLEANUP NIL
        :HANDLED-CONDITIONS NIL
        :DISABLED-PACKAGE-LOCKS NIL
        :POLICY ((INHIBIT-WARNINGS . 1) (SPACE . 0) (COMPILATION-SPEED . 0)
                 (DEBUG . 0) (SAFETY . 0) (SPEED . 3))))[:EXTERNAL]
21: (SB-FASL::LOAD-AS-SOURCE
     3
     #<FILE-STREAM for "file \"/opt/shootout/shootout/bench/heapsort/tmp/heapsort.sbcl_compile\"" {9010C49}>
     NIL
     NIL)[:EXTERNAL]
22: ("hairy arg processor for top level local call SB!FASL::INTERNAL-LOAD"
     #P"heapsort.sbcl_compile"
     #P"/opt/shootout/shootout/bench/heapsort/tmp/heapsort.sbcl_compile"
     :ERROR
     NIL
     NIL
     :SOURCE
     :DEFAULT)
23: ("hairy arg processor for top level local call SB!FASL::INTERNAL-LOAD"
     #P"heapsort.sbcl_compile"
     #P"/opt/shootout/shootout/bench/heapsort/tmp/heapsort.sbcl_compile"
     :ERROR
     NIL
     NIL
     NIL
     :DEFAULT)
24: (LOAD 1 "heapsort.sbcl_compile")[:EXTERNAL]
25: (SB-INT:EVAL-IN-LEXENV
     2
     (LOAD "heapsort.sbcl_compile")
     #S(SB-KERNEL:LEXENV
        :FUNS NIL
        :VARS NIL
        :BLOCKS NIL
        :TAGS NIL
        :TYPE-RESTRICTIONS NIL
        :LAMBDA NIL
        :CLEANUP NIL
        :HANDLED-CONDITIONS NIL
        :DISABLED-PACKAGE-LOCKS NIL
        :POLICY ((SPEED . 1) (SPACE . 1) (SAFETY . 1) (INHIBIT-WARNINGS . 1)
                 (DEBUG . 1) (COMPILATION-SPEED . 1))))[:EXTERNAL]
26: (SB-IMPL::TOPLEVEL-INIT 0)[:EXTERNAL]
27: ("FLET SB!IMPL::RESTART-LISP")

unhandled condition in --disable-debugger mode, quitting

; compilation unit aborted
;   caught 1 fatal ERROR condition
; compilation aborted after 0:00:00
### START heapsort.sbcl_run
(proclaim '(optimize (speed 3) (safety 0) (debug 0) (compilation-speed 0) (space 0)))
(main) (quit)
### END heapsort.sbcl_run


=================================================================
COMMAND LINE (%A is single numeric argument):

 /usr/bin/sbcl --noinform --core sbcl.core --userinit /dev/null --sysinit /dev/null --load heapsort.sbcl_run %A


PROGRAM OUTPUT
==============
