BUILD COMMANDS FOR: heapsort.erlang

Wed Mar 29 23:03:28 PST 2006

cp /opt/shootout/shootout/bench/heapsort/heapsort.erlang heapsort.erl
(if [ "heapsort" = "lists" ]; then		\
	    mv lists.erl lists_test.erl;	\
	    /usr/bin/erlc lists_test.erl;		\
	else					\
	    /usr/bin/erlc heapsort.erl;			\
	fi)
rm heapsort.erl

=================================================================
COMMAND LINE (%A is single numeric argument):

 /usr/bin/erl -noshell -noinput -noshell -run heapsort main %A
************************************************************
*   TEST (heapsort.erlang_run) FAILED - ERROR:  heapsort.erlang_out differs from Output.20000
************************************************************
-rw-r--r-- 1 brent brent 13 Oct 30 14:12 Output.20000
-rw-r--r-- 1 brent brent  0 Mar 29 23:03 heapsort.erlang_out


PROGRAM OUTPUT
==============
