BUILD COMMANDS FOR: hello.cmucl

Wed Jun  7 20:06:58 PDT 2006

CMUCL built with: /usr/bin/lisp -noinit -batch -eval '(load "hello.cmucl_compile")'
### START hello.cmucl_compile
(proclaim '(optimize (speed 3) (safety 0) (debug 0) (compilation-speed 0) (space 0)))
(compile-file "hello.cmucl" :block-compile t  :entry-points '(main))
(quit)
### END hello.cmucl_compile

Couldn't mmap at 0xbe000000, len 1048576; got mapping at 0xa60bc000 insteadensure_space: Failed to validate 1048576 bytes at 0xbe000000
### START hello.cmucl_run
(proclaim '(optimize (speed 3) (safety 0) (debug 0) (compilation-speed 0) (space 0)))
(setq *gc-verbose* nil)
(load "hello.x86f" :verbose nil :print nil)
(main) (quit)
### END hello.cmucl_run


=================================================================
COMMAND LINE (%A is single numeric argument):

 repeat %A /usr/bin/lisp -noinit -batch -eval "'(load \"hello.cmucl_run\" :verbose nil :print nil)'"
Couldn't mmap at 0xbe000000, len 1048576; got mapping at 0xa611d000 insteadensure_space: Failed to validate 1048576 bytes at 0xbe000000
************************************************************
*   TEST (hello.cmucl_run) FAILED - ERROR:  hello.cmucl_out differs from Output.1
************************************************************
-rw-r--r-- 1 brent brent 12 Oct 30  2005 Output.1
-rw-r--r-- 1 brent brent  0 Jun  7 20:06 hello.cmucl_out


PROGRAM OUTPUT
==============
