BUILD COMMANDS FOR: hello.sbcl

Sun Jan  7 14:22:23 PST 2007

SBCL built with: /usr/bin/sbcl --userinit /dev/null --sysinit /dev/null -batch -eval '(load "hello.sbcl_compile")'
### START hello.sbcl_compile
(proclaim '(optimize (speed 3) (safety 0) (debug 0) (compilation-speed 0) (space 0)))
(asdf:operate 'asdf:load-op 'cl-ppcre)
(handler-bind ((sb-ext:defconstant-uneql      (lambda (c) (abort c))))      (load (compile-file "hello.sbcl" ))) (save-lisp-and-die "sbcl.core" :purify t)
### END hello.sbcl_compile
### START hello.sbcl_run
(proclaim '(optimize (speed 3) (safety 0) (debug 0) (compilation-speed 0) (space 0)))
(main) (quit)
### END hello.sbcl_run


=================================================================
COMMAND LINE (%A is single numeric argument):

 repeat %A /usr/bin/sbcl --noinform --core sbcl.core --userinit /dev/null --sysinit /dev/null --disable-debugger --load hello.sbcl_run


PROGRAM OUTPUT
==============
hello world
hello world
hello world
hello world
hello world
hello world
hello world
hello world
hello world
hello world
hello world
hello world
hello world
hello world
hello world
hello world
hello world
hello world
hello world
hello world
hello world
hello world
hello world
hello world
hello world
hello world
hello world
hello world
hello world
hello world
hello world
hello world
hello world
hello world
hello world
hello world
hello world
hello world
hello world
hello world
hello world
hello world
hello world
hello world
hello world
hello world
hello world
hello world
hello world
hello world
===================================
!!! Note: Truncated to 50 lines !!!
===================================
