BUILD COMMANDS FOR: hello.felix

Fri Apr 29 00:24:52 PDT 2005

cp /opt/shootout/shootout/bench/hello/hello.felix hello.flx
/usr/bin/flx -c --optimize --static ./hello
rm hello.flx

=================================================================
COMMAND LINE (%A is single numeric argument):

 repeat %A hello.felix_run


PROGRAM OUTPUT
==============
hello world
hello world
hello world
hello world
hello world
hello world
hello world
hello world
hello world
hello world
hello world
hello world
hello world
hello world
hello world
hello world
hello world
hello world
hello world
hello world
hello world
hello world
hello world
hello world
hello world
hello world
hello world
hello world
hello world
hello world
hello world
hello world
hello world
hello world
hello world
hello world
hello world
hello world
hello world
hello world
hello world
hello world
hello world
hello world
hello world
hello world
hello world
hello world
hello world
hello world
===================================
!!! Note: Truncated to 50 lines !!!
===================================
