EXECUTING SCRIPT: hello.gst

Sat May  7 18:12:53 PDT 2005


=================================================================
COMMAND LINE (%A is single numeric argument):

 repeat %A /usr/bin/gst -QI /usr/share/gnu-smalltalk/gst.im ../hello.gst


PROGRAM OUTPUT
==============
hello world
hello world
hello world
hello world
hello world
hello world
hello world
hello world
hello world
hello world
hello world
hello world
hello world
hello world
hello world
hello world
hello world
hello world
hello world
hello world
hello world
hello world
hello world
hello world
hello world
hello world
hello world
hello world
hello world
hello world
hello world
hello world
hello world
hello world
hello world
hello world
hello world
hello world
hello world
hello world
hello world
hello world
hello world
hello world
hello world
hello world
hello world
hello world
hello world
hello world
===================================
!!! Note: Truncated to 50 lines !!!
===================================
