BUILD COMMANDS FOR: hello.gij

Thu Mar 30 20:04:13 PST 2006

if [ ! -d hello.gij_run ] ; then mkdir hello.gij_run ; fi
cp /opt/shootout/shootout/bench/hello/hello.gij hello.gij_run/hello.java
( cd hello.gij_run ; /usr/bin/gcj -C -classpath '.' hello.java )
touch hello.gij_run

=================================================================
COMMAND LINE (%A is single numeric argument):

 repeat %A /usr/bin/gij --classpath hello.gij_run hello


PROGRAM OUTPUT
==============
hello world
hello world
hello world
hello world
hello world
hello world
hello world
hello world
hello world
hello world
hello world
hello world
hello world
hello world
hello world
hello world
hello world
hello world
hello world
hello world
hello world
hello world
hello world
hello world
hello world
hello world
hello world
hello world
hello world
hello world
hello world
hello world
hello world
hello world
hello world
hello world
hello world
hello world
hello world
hello world
hello world
hello world
hello world
hello world
hello world
hello world
hello world
hello world
hello world
hello world
===================================
!!! Note: Truncated to 50 lines !!!
===================================
