BUILD COMMANDS FOR: hello.hipe

Tue Jun  6 22:26:24 PDT 2006

cp /opt/shootout/shootout/bench/hello/hello.erlang hello.erl
(if [ "hello" = "lists" ]; then		\
	    mv lists.erl lists_test.erl;	\
	    /usr/bin/erlc +native +"{hipe, [o3]}" lists_test.erl;	\
	else					\
	    /usr/bin/erlc +native +"{hipe, [o3]}" hello.erl;	\
	fi)
rm hello.erl

=================================================================
COMMAND LINE (%A is single numeric argument):

 repeat %A /usr/bin/erl -noinput -noshell -noinput -run hello main


PROGRAM OUTPUT
==============
hello world
hello world
hello world
hello world
hello world
hello world
hello world
hello world
hello world
hello world
hello world
hello world
hello world
hello world
hello world
hello world
hello world
hello world
hello world
hello world
hello world
hello world
hello world
hello world
hello world
hello world
hello world
hello world
hello world
hello world
hello world
hello world
hello world
hello world
hello world
hello world
hello world
hello world
hello world
hello world
hello world
hello world
hello world
hello world
hello world
hello world
hello world
hello world
hello world
hello world
===================================
!!! Note: Truncated to 50 lines !!!
===================================
