BUILD COMMANDS FOR: hello.nice

Sat Jun 25 19:15:19 PDT 2005

cp /opt/shootout/shootout/bench/hello/hello.nice hello.nice
JAVA=/usr/lib/j2sdk1.4.2_05/bin/java /usr/bin/nicec --sourcepath .. -d . -a o.jar tmp
nice.lang: parsing
tmp: parsing
tmp: typechecking
tmp: generating code
tmp: linking
tmp: writing in archive
nice.lang: writing in archive
rm hello.nice

=================================================================
COMMAND LINE (%A is single numeric argument):

 repeat %A /usr/lib/j2sdk1.4.2_05/bin/java -server -jar o.jar


PROGRAM OUTPUT
==============
hello world
hello world
hello world
hello world
hello world
hello world
hello world
hello world
hello world
hello world
hello world
hello world
hello world
hello world
hello world
hello world
hello world
hello world
hello world
hello world
hello world
hello world
hello world
hello world
hello world
hello world
hello world
hello world
hello world
hello world
hello world
hello world
hello world
hello world
hello world
hello world
hello world
hello world
hello world
hello world
hello world
hello world
hello world
hello world
hello world
hello world
hello world
hello world
hello world
hello world
===================================
!!! Note: Truncated to 50 lines !!!
===================================
