BUILD COMMANDS FOR: hello.oz

Sun Jun 25 17:22:09 PDT 2006

cp /opt/shootout/shootout/bench/hello/hello.oz hello.oz
/usr/bin/ozc  -x hello.oz
mv hello hello.oz_run
rm hello.oz

=================================================================
COMMAND LINE (%A is single numeric argument):

 repeat %A hello.oz_run


PROGRAM OUTPUT
==============
hello world
hello world
hello world
hello world
hello world
hello world
hello world
hello world
hello world
hello world
hello world
hello world
hello world
hello world
hello world
hello world
hello world
hello world
hello world
hello world
hello world
hello world
hello world
hello world
hello world
hello world
hello world
hello world
hello world
hello world
hello world
hello world
hello world
hello world
hello world
hello world
hello world
hello world
hello world
hello world
hello world
hello world
hello world
hello world
hello world
hello world
hello world
hello world
hello world
hello world
===================================
!!! Note: Truncated to 50 lines !!!
===================================
