BUILD COMMANDS FOR: hello.mercury

Sun Sep 12 01:16:55 PDT 2004

mmc --generate-dependencies --grade asm_fast.gc          mytest
mmc --compile-to-c --grade asm_fast.gc          mytest > mytest.err 2>&1
mgnuc --grade asm_fast.gc        --      -c mytest.c -o mytest.o
mgnuc --grade asm_fast.gc        --      -c mytest_init.c -o mytest_init.o
ml --grade asm_fast.gc              --    -o mytest mytest_init.o \
	mytest.o \
	      

=================================================================
COMMAND LINE (%A is single numeric argument):

 repeat %A hello.mercury_run


PROGRAM OUTPUT
==============
hello world
hello world
hello world
hello world
hello world
hello world
hello world
hello world
hello world
hello world
hello world
hello world
hello world
hello world
hello world
hello world
hello world
hello world
hello world
hello world
hello world
hello world
hello world
hello world
hello world
hello world
hello world
hello world
hello world
hello world
hello world
hello world
hello world
hello world
hello world
hello world
hello world
hello world
hello world
hello world
hello world
hello world
hello world
hello world
hello world
hello world
hello world
hello world
hello world
hello world
===================================
!!! Note: Truncated to 50 lines !!!
===================================
