BUILD COMMANDS FOR: hello.gcj

Fri Sep 29 23:09:22 PDT 2006

/usr/bin/gcj-4.1 -O3 -fomit-frame-pointer -march=athlon-tbird  -o hello.gcj_run --main=hello hello.java
rm hello.gcj

=================================================================
COMMAND LINE (%A is single numeric argument):

 repeat %A hello.gcj_run


PROGRAM OUTPUT
==============
hello world
hello world
hello world
hello world
hello world
hello world
hello world
hello world
hello world
hello world
hello world
hello world
hello world
hello world
hello world
hello world
hello world
hello world
hello world
hello world
hello world
hello world
hello world
hello world
hello world
hello world
hello world
hello world
hello world
hello world
hello world
hello world
hello world
hello world
hello world
hello world
hello world
hello world
hello world
hello world
hello world
hello world
hello world
hello world
hello world
hello world
hello world
hello world
hello world
hello world
===================================
!!! Note: Truncated to 50 lines !!!
===================================
