BUILD COMMANDS FOR: hello.javaxint

Sun Jan  1 15:00:47 PST 2006

( if [ ! -d hello.javaxint_run ] ; then mkdir hello.javaxint_run ; fi)
cp /opt/shootout/shootout/bench/hello/hello.javaxint hello.javaxint_run/hello.java
/usr/lib/j2sdk1.4.2_05/bin/javac  -d hello.javaxint_run hello.javaxint_run/hello.java
touch hello.javaxint_run

=================================================================
COMMAND LINE (%A is single numeric argument):

 repeat %A /usr/lib/j2sdk1.4.2_05/bin/java -server -Xint -classpath hello.javaxint_run hello


PROGRAM OUTPUT
==============
hello world
hello world
hello world
hello world
hello world
hello world
hello world
hello world
hello world
hello world
hello world
hello world
hello world
hello world
hello world
hello world
hello world
hello world
hello world
hello world
hello world
hello world
hello world
hello world
hello world
hello world
hello world
hello world
hello world
hello world
hello world
hello world
hello world
hello world
hello world
hello world
hello world
hello world
hello world
hello world
hello world
hello world
hello world
hello world
hello world
hello world
hello world
hello world
hello world
hello world
===================================
!!! Note: Truncated to 50 lines !!!
===================================
