BUILD COMMANDS FOR: hello.chicken

Tue Nov 16 21:16:04 PST 2004

cp /opt/shootout/shootout/bench/hello/hello.chicken hello.chicken
/usr/bin/csc hello.chicken -O3 -d0 -unsafe -lambda-lift -unsafe-libraries -b -o hello.chicken_run
rm hello.chicken

=================================================================
COMMAND LINE (%A is single numeric argument):

 repeat %A hello.chicken_run


PROGRAM OUTPUT
==============
hello world
hello world
hello world
hello world
hello world
hello world
hello world
hello world
hello world
hello world
hello world
hello world
hello world
hello world
hello world
hello world
hello world
hello world
hello world
hello world
hello world
hello world
hello world
hello world
hello world
hello world
hello world
hello world
hello world
hello world
hello world
hello world
hello world
hello world
hello world
hello world
hello world
hello world
hello world
hello world
hello world
hello world
hello world
hello world
hello world
hello world
hello world
hello world
hello world
hello world
===================================
!!! Note: Truncated to 50 lines !!!
===================================
