BUILD COMMANDS FOR: hello.mzc

Sat Jan 21 20:52:57 PST 2006

cp /opt/shootout/shootout/bench/hello/hello.mzscheme hello.ss
/usr/bin/mzc hello.ss
make[3]: /usr/bin/mzc: Command not found
make[3]: [hello.mzc_run] Error 127 (ignored)
echo "#!/usr/bin/mzscheme -r" > hello.mzc_run
echo "(load-extension \"hello.so\")" >> hello.mzc_run
chmod a+rwx hello.mzc_run
rm hello.ss

=================================================================
COMMAND LINE (%A is single numeric argument):

 repeat %A hello.mzc_run
standard-module-name-resolver: collection not found: "readline" in any of: (#<path:/home/brent/.plt-scheme/301/collects> #<path:/usr/lib/plt/collects>)
load-extension: couldn't open "/opt/shootout/shootout/bench/hello/tmp/hello.so" (/opt/shootout/shootout/bench/hello/tmp/hello.so: undefined symbol: scheme_make_immutable_sized_string)
************************************************************
*   TEST (hello.mzc_run) FAILED - ERROR:  hello.mzc_out differs from Output.1
************************************************************
-rw-r--r-- 1 brent brent 12 Oct 30 14:03 Output.1
-rw-r--r-- 1 brent brent  0 Jan 21 20:52 hello.mzc_out


PROGRAM OUTPUT
==============
