BUILD COMMANDS FOR: hello.kaffe

Thu Mar 30 20:22:30 PST 2006

( if [ ! -d hello.kaffe_run ] ; then mkdir hello.kaffe_run ; fi)
cp /opt/shootout/shootout/bench/hello/hello.kaffe hello.kaffe_run/hello.java
( cd hello.kaffe_run ; /usr/lib/jdk1.5.0_06/bin/javac  -classpath '.' hello.java )
touch hello.kaffe_run

=================================================================
COMMAND LINE (%A is single numeric argument):

 repeat %A /usr/bin/kaffe -classpath hello.kaffe_run  hello %A


PROGRAM OUTPUT
==============
hello world
hello world
hello world
hello world
hello world
hello world
hello world
hello world
hello world
hello world
hello world
hello world
hello world
hello world
hello world
hello world
hello world
hello world
hello world
hello world
hello world
hello world
hello world
hello world
hello world
hello world
hello world
hello world
hello world
hello world
hello world
hello world
hello world
hello world
hello world
hello world
hello world
hello world
hello world
hello world
hello world
hello world
hello world
hello world
hello world
hello world
hello world
hello world
hello world
hello world
===================================
!!! Note: Truncated to 50 lines !!!
===================================
