BUILD COMMANDS FOR: implicitode.gpp

Tue Jun  7 22:49:46 PDT 2005

/usr/bin/g++-4.0 -c -pipe -Wall -O3 -fomit-frame-pointer -funroll-loops  implicitode.c++ -o implicitode.c++.o &&  \
        /usr/bin/g++-4.0 implicitode.c++.o -o implicitode.gpp_run -L/usr/local/lib  
implicitode.c++: In constructor 'trapezoid_method_rooter<F, fun>::trapezoid_method_rooter(fun&, const F&, const F&, const F&) [with F = double, fun = ratintegrand<ad<double> >]':
implicitode.c++:115:   instantiated from 'F trapezoid_method(F, const F&, F, fun&, int) [with F = double, fun = ratintegrand<ad<double> >]'
implicitode.c++:145:   instantiated from 'void integrate_functions(F, int) [with F = double]'
implicitode.c++:157:   instantiated from here
implicitode.c++:102: warning: 'trapezoid_method_rooter<double, ratintegrand<ad<double> > >::t1' will be initialized after
implicitode.c++:101: warning:   'ad<double> trapezoid_method_rooter<double, ratintegrand<ad<double> > >::g0'
implicitode.c++:103: warning:   when initialized here
implicitode.c++: In constructor 'trapezoid_method_rooter<F, fun>::trapezoid_method_rooter(fun&, const F&, const F&, const F&) [with F = double, fun = sqrintegrand<ad<double> >]':
implicitode.c++:115:   instantiated from 'F trapezoid_method(F, const F&, F, fun&, int) [with F = double, fun = sqrintegrand<ad<double> >]'
implicitode.c++:145:   instantiated from 'void integrate_functions(F, int) [with F = double]'
implicitode.c++:157:   instantiated from here
implicitode.c++:102: warning: 'trapezoid_method_rooter<double, sqrintegrand<ad<double> > >::t1' will be initialized after
implicitode.c++:101: warning:   'ad<double> trapezoid_method_rooter<double, sqrintegrand<ad<double> > >::g0'
implicitode.c++:103: warning:   when initialized here
implicitode.c++: In constructor 'trapezoid_method_rooter<F, fun>::trapezoid_method_rooter(fun&, const F&, const F&, const F&) [with F = fl, fun = ratintegrand<ad<fl> >]':
implicitode.c++:115:   instantiated from 'F trapezoid_method(F, const F&, F, fun&, int) [with F = fl, fun = ratintegrand<ad<fl> >]'
implicitode.c++:145:   instantiated from 'void integrate_functions(F, int) [with F = fl]'
implicitode.c++:158:   instantiated from here
implicitode.c++:102: warning: 'trapezoid_method_rooter<fl, ratintegrand<ad<fl> > >::t1' will be initialized after
implicitode.c++:101: warning:   'ad<fl> trapezoid_method_rooter<fl, ratintegrand<ad<fl> > >::g0'
implicitode.c++:103: warning:   when initialized here
implicitode.c++: In constructor 'trapezoid_method_rooter<F, fun>::trapezoid_method_rooter(fun&, const F&, const F&, const F&) [with F = fl, fun = sqrintegrand<ad<fl> >]':
implicitode.c++:115:   instantiated from 'F trapezoid_method(F, const F&, F, fun&, int) [with F = fl, fun = sqrintegrand<ad<fl> >]'
implicitode.c++:145:   instantiated from 'void integrate_functions(F, int) [with F = fl]'
implicitode.c++:158:   instantiated from here
implicitode.c++:102: warning: 'trapezoid_method_rooter<fl, sqrintegrand<ad<fl> > >::t1' will be initialized after
implicitode.c++:101: warning:   'ad<fl> trapezoid_method_rooter<fl, sqrintegrand<ad<fl> > >::g0'
implicitode.c++:103: warning:   when initialized here
implicitode.c++: In constructor 'trapezoid_method_rooter<F, fun>::trapezoid_method_rooter(fun&, const F&, const F&, const F&) [with F = std::complex<double>, fun = ratintegrand<ad<std::complex<double> > >]':
implicitode.c++:115:   instantiated from 'F trapezoid_method(F, const F&, F, fun&, int) [with F = std::complex<double>, fun = ratintegrand<ad<std::complex<double> > >]'
implicitode.c++:145:   instantiated from 'void integrate_functions(F, int) [with F = std::complex<double>]'
implicitode.c++:159:   instantiated from here
implicitode.c++:102: warning: 'trapezoid_method_rooter<std::complex<double>, ratintegrand<ad<std::complex<double> > > >::t1' will be initialized after
implicitode.c++:101: warning:   'ad<std::complex<double> > trapezoid_method_rooter<std::complex<double>, ratintegrand<ad<std::complex<double> > > >::g0'
implicitode.c++:103: warning:   when initialized here
implicitode.c++: In constructor 'trapezoid_method_rooter<F, fun>::trapezoid_method_rooter(fun&, const F&, const F&, const F&) [with F = std::complex<double>, fun = sqrintegrand<ad<std::complex<double> > >]':
implicitode.c++:115:   instantiated from 'F trapezoid_method(F, const F&, F, fun&, int) [with F = std::complex<double>, fun = sqrintegrand<ad<std::complex<double> > >]'
implicitode.c++:145:   instantiated from 'void integrate_functions(F, int) [with F = std::complex<double>]'
implicitode.c++:159:   instantiated from here
implicitode.c++:102: warning: 'trapezoid_method_rooter<std::complex<double>, sqrintegrand<ad<std::complex<double> > > >::t1' will be initialized after
implicitode.c++:101: warning:   'ad<std::complex<double> > trapezoid_method_rooter<std::complex<double>, sqrintegrand<ad<std::complex<double> > > >::g0'
implicitode.c++:103: warning:   when initialized here
implicitode.c++: In constructor 'trapezoid_method_rooter<F, fun>::trapezoid_method_rooter(fun&, const F&, const F&, const F&) [with F = std::complex<fl>, fun = ratintegrand<ad<std::complex<fl> > >]':
implicitode.c++:115:   instantiated from 'F trapezoid_method(F, const F&, F, fun&, int) [with F = std::complex<fl>, fun = ratintegrand<ad<std::complex<fl> > >]'
implicitode.c++:145:   instantiated from 'void integrate_functions(F, int) [with F = std::complex<fl>]'
implicitode.c++:160:   instantiated from here
implicitode.c++:102: warning: 'trapezoid_method_rooter<std::complex<fl>, ratintegrand<ad<std::complex<fl> > > >::t1' will be initialized after
implicitode.c++:101: warning:   'ad<std::complex<fl> > trapezoid_method_rooter<std::complex<fl>, ratintegrand<ad<std::complex<fl> > > >::g0'
implicitode.c++:103: warning:   when initialized here
implicitode.c++: In constructor 'trapezoid_method_rooter<F, fun>::trapezoid_method_rooter(fun&, const F&, const F&, const F&) [with F = std::complex<fl>, fun = sqrintegrand<ad<std::complex<fl> > >]':
implicitode.c++:115:   instantiated from 'F trapezoid_method(F, const F&, F, fun&, int) [with F = std::complex<fl>, fun = sqrintegrand<ad<std::complex<fl> > >]'
implicitode.c++:145:   instantiated from 'void integrate_functions(F, int) [with F = std::complex<fl>]'
implicitode.c++:160:   instantiated from here
implicitode.c++:102: warning: 'trapezoid_method_rooter<std::complex<fl>, sqrintegrand<ad<std::complex<fl> > > >::t1' will be initialized after
implicitode.c++:101: warning:   'ad<std::complex<fl> > trapezoid_method_rooter<std::complex<fl>, sqrintegrand<ad<std::complex<fl> > > >::g0'
implicitode.c++:103: warning:   when initialized here

=================================================================
COMMAND LINE (%A is single numeric argument):

implicitode.gpp_run %A


PROGRAM OUTPUT
==============
rational_taylor_series: 5.352263538504e-01 4.657094052383e-01
newton-sqrt_2: 1.414213562373e+00
newton-rat: -1.107613918789e+00
i1 2.040816326743e-02
i2 -4.072062155863e-01
i1 2.00e-02
i2 -4.07e-01
i1 1.998334707500e-02 2.081598666945e-02
i2 -4.072195983534e-01 9.124549608547e-05
i1 2.00e-02 2.00e-02
i2 -4.07e-01 1.03e-04
