BUILD COMMANDS FOR: implicitode.icpp

Tue Jun  7 22:50:10 PDT 2005

/opt/intel_cc_80/bin/icpc -c -O3 -ip -static -unroll  implicitode.c++ -o implicitode.c++.o &&  \
        /opt/intel_cc_80/bin/icpc implicitode.c++.o -o implicitode.icpp_run -O3 -ip -static -unroll  
implicitode.c++(53): warning #1572: floating-point equality and inequality comparisons are unreliable
      if(x==0) { a=0; return; }
          ^

/opt/intel_cc_80/include/c++/complex(72): error: no suitable conversion function from "fl" to "double" exists
  		double _Tmp = (double)_Left;
  		                      ^
          detected during:
            instantiation of "bool std::_Ctraits<_Ty>::_Isnan(_Ty) [with _Ty=fl]" at line 479
            instantiation of "void std::_Complex_base<_Ty, _Valbase>::_Div(const std::complex<_Other> &) [with _Ty=fl, _Valbase=std::_Complex_value<fl>, _Other=fl]" at line 1006
            instantiation of "std::complex<_Ty>::_Myt &std::complex<_Ty>::operator/=(const std::complex<_Other> &) [with _Ty=fl, _Other=fl]" at line 165 of "/opt/intel_cc_80/include/c++/xcomplex"
            instantiation of "std::complex<_Other> std::operator/(const std::complex<_Other> &, const std::complex<_Other> &) [with _Ty=fl]" at line 145 of "implicitode.c++"
            instantiation of "void integrate_functions(F, int) [with F=std::complex<fl>]" 

/opt/intel_cc_80/include/c++/complex(484): error: no operator "<" matches these operands
            operand types are: fl < int
  		else if ((_Rightimag < 0 ? -_Rightimag : +_Rightimag)
  		                     ^
          detected during:
            instantiation of "void std::_Complex_base<_Ty, _Valbase>::_Div(const std::complex<_Other> &) [with _Ty=fl, _Valbase=std::_Complex_value<fl>, _Other=fl]" at line 1006
            instantiation of "std::complex<_Ty>::_Myt &std::complex<_Ty>::operator/=(const std::complex<_Other> &) [with _Ty=fl, _Other=fl]" at line 165 of "/opt/intel_cc_80/include/c++/xcomplex"
            instantiation of "std::complex<_Other> std::operator/(const std::complex<_Other> &, const std::complex<_Other> &) [with _Ty=fl]" at line 145 of "implicitode.c++"
            instantiation of "void integrate_functions(F, int) [with F=std::complex<fl>]" 

/opt/intel_cc_80/include/c++/complex(484): error: no operator "-" matches these operands
            operand types are: - fl
  		else if ((_Rightimag < 0 ? -_Rightimag : +_Rightimag)
  		                           ^
          detected during:
            instantiation of "void std::_Complex_base<_Ty, _Valbase>::_Div(const std::complex<_Other> &) [with _Ty=fl, _Valbase=std::_Complex_value<fl>, _Other=fl]" at line 1006
            instantiation of "std::complex<_Ty>::_Myt &std::complex<_Ty>::operator/=(const std::complex<_Other> &) [with _Ty=fl, _Other=fl]" at line 165 of "/opt/intel_cc_80/include/c++/xcomplex"
            instantiation of "std::complex<_Other> std::operator/(const std::complex<_Other> &, const std::complex<_Other> &) [with _Ty=fl]" at line 145 of "implicitode.c++"
            instantiation of "void integrate_functions(F, int) [with F=std::complex<fl>]" 

/opt/intel_cc_80/include/c++/complex(484): error: no operator "+" matches these operands
            operand types are: + fl
  		else if ((_Rightimag < 0 ? -_Rightimag : +_Rightimag)
  		                                         ^
          detected during:
            instantiation of "void std::_Complex_base<_Ty, _Valbase>::_Div(const std::complex<_Other> &) [with _Ty=fl, _Valbase=std::_Complex_value<fl>, _Other=fl]" at line 1006
            instantiation of "std::complex<_Ty>::_Myt &std::complex<_Ty>::operator/=(const std::complex<_Other> &) [with _Ty=fl, _Other=fl]" at line 165 of "/opt/intel_cc_80/include/c++/xcomplex"
            instantiation of "std::complex<_Other> std::operator/(const std::complex<_Other> &, const std::complex<_Other> &) [with _Ty=fl]" at line 145 of "implicitode.c++"
            instantiation of "void integrate_functions(F, int) [with F=std::complex<fl>]" 

/opt/intel_cc_80/include/c++/complex(485): error: no operator "<" matches these operands
            operand types are: fl < int
  			< (_Rightreal < 0 ? -_Rightreal : +_Rightreal))
  			              ^
          detected during:
            instantiation of "void std::_Complex_base<_Ty, _Valbase>::_Div(const std::complex<_Other> &) [with _Ty=fl, _Valbase=std::_Complex_value<fl>, _Other=fl]" at line 1006
            instantiation of "std::complex<_Ty>::_Myt &std::complex<_Ty>::operator/=(const std::complex<_Other> &) [with _Ty=fl, _Other=fl]" at line 165 of "/opt/intel_cc_80/include/c++/xcomplex"
            instantiation of "std::complex<_Other> std::operator/(const std::complex<_Other> &, const std::complex<_Other> &) [with _Ty=fl]" at line 145 of "implicitode.c++"
            instantiation of "void integrate_functions(F, int) [with F=std::complex<fl>]" 

/opt/intel_cc_80/include/c++/complex(485): error: no operator "-" matches these operands
            operand types are: - fl
  			< (_Rightreal < 0 ? -_Rightreal : +_Rightreal))
  			                    ^
          detected during:
            instantiation of "void std::_Complex_base<_Ty, _Valbase>::_Div(const std::complex<_Other> &) [with _Ty=fl, _Valbase=std::_Complex_value<fl>, _Other=fl]" at line 1006
            instantiation of "std::complex<_Ty>::_Myt &std::complex<_Ty>::operator/=(const std::complex<_Other> &) [with _Ty=fl, _Other=fl]" at line 165 of "/opt/intel_cc_80/include/c++/xcomplex"
            instantiation of "std::complex<_Other> std::operator/(const std::complex<_Other> &, const std::complex<_Other> &) [with _Ty=fl]" at line 145 of "implicitode.c++"
            instantiation of "void integrate_functions(F, int) [with F=std::complex<fl>]" 

/opt/intel_cc_80/include/c++/complex(485): error: no operator "+" matches these operands
            operand types are: + fl
  			< (_Rightreal < 0 ? -_Rightreal : +_Rightreal))
  			                                  ^
          detected during:
            instantiation of "void std::_Complex_base<_Ty, _Valbase>::_Div(const std::complex<_Other> &) [with _Ty=fl, _Valbase=std::_Complex_value<fl>, _Other=fl]" at line 1006
            instantiation of "std::complex<_Ty>::_Myt &std::complex<_Ty>::operator/=(const std::complex<_Other> &) [with _Ty=fl, _Other=fl]" at line 165 of "/opt/intel_cc_80/include/c++/xcomplex"
            instantiation of "std::complex<_Other> std::operator/(const std::complex<_Other> &, const std::complex<_Other> &) [with _Ty=fl]" at line 145 of "implicitode.c++"
            instantiation of "void integrate_functions(F, int) [with F=std::complex<fl>]" 

/opt/intel_cc_80/include/c++/complex(490): error: no operator "==" matches these operands
            operand types are: fl == int
  			if (_Myctraits::_Isnan(_Wd) || _Wd == 0)
  			                                   ^
          detected during:
            instantiation of "void std::_Complex_base<_Ty, _Valbase>::_Div(const std::complex<_Other> &) [with _Ty=fl, _Valbase=std::_Complex_value<fl>, _Other=fl]" at line 1006
            instantiation of "std::complex<_Ty>::_Myt &std::complex<_Ty>::operator/=(const std::complex<_Other> &) [with _Ty=fl, _Other=fl]" at line 165 of "/opt/intel_cc_80/include/c++/xcomplex"
            instantiation of "std::complex<_Other> std::operator/(const std::complex<_Other> &, const std::complex<_Other> &) [with _Ty=fl]" at line 145 of "implicitode.c++"
            instantiation of "void integrate_functions(F, int) [with F=std::complex<fl>]" 

/opt/intel_cc_80/include/c++/complex(504): error: no operator "==" matches these operands
            operand types are: fl == int
  		else if (_Rightimag == 0)
  		                    ^
          detected during:
            instantiation of "void std::_Complex_base<_Ty, _Valbase>::_Div(const std::complex<_Other> &) [with _Ty=fl, _Valbase=std::_Complex_value<fl>, _Other=fl]" at line 1006
            instantiation of "std::complex<_Ty>::_Myt &std::complex<_Ty>::operator/=(const std::complex<_Other> &) [with _Ty=fl, _Other=fl]" at line 165 of "/opt/intel_cc_80/include/c++/xcomplex"
            instantiation of "std::complex<_Other> std::operator/(const std::complex<_Other> &, const std::complex<_Other> &) [with _Ty=fl]" at line 145 of "implicitode.c++"
            instantiation of "void integrate_functions(F, int) [with F=std::complex<fl>]" 

/opt/intel_cc_80/include/c++/complex(514): error: no operator "==" matches these operands
            operand types are: fl == int
  			if (_Myctraits::_Isnan(_Wd) || _Wd == 0)
  			                                   ^
          detected during:
            instantiation of "void std::_Complex_base<_Ty, _Valbase>::_Div(const std::complex<_Other> &) [with _Ty=fl, _Valbase=std::_Complex_value<fl>, _Other=fl]" at line 1006
            instantiation of "std::complex<_Ty>::_Myt &std::complex<_Ty>::operator/=(const std::complex<_Other> &) [with _Ty=fl, _Other=fl]" at line 165 of "/opt/intel_cc_80/include/c++/xcomplex"
            instantiation of "std::complex<_Other> std::operator/(const std::complex<_Other> &, const std::complex<_Other> &) [with _Ty=fl]" at line 145 of "implicitode.c++"
            instantiation of "void integrate_functions(F, int) [with F=std::complex<fl>]" 

compilation aborted for implicitode.c++ (code 2)
make[2]: [implicitode.icpp_run] Error 2 (ignored)
rm: cannot remove `implicitode.c++.o': No such file or directory
rm: cannot remove `implicitode.o': No such file or directory
make[2]: [implicitode.icpp_run] Error 1 (ignored)

=================================================================
COMMAND LINE (%A is single numeric argument):

implicitode.icpp_run %A
Error, could not exec implicitode.icpp_run 5 (No such file or directory)
PATH=/opt/shootout/shootout/bench/implicitode:/opt/shootout/shootout/bench/implicitode/tmp:/opt/xds_c/bin:/opt/intel_fc_80/bin:/opt/intel_cc_80/bin:/usr/lib/poplog/current-poplog/pop/pop:/usr/local/Acrobat5/bin:/usr/lib/postgresql/bin:/home/brent/GNUstep/Tools:/usr/local/lib/GNUstep/Local/Tools:/usr/local/lib/GNUstep/Network/Tools:/usr/lib/GNUstep/System/Tools:/usr/local/bin:/usr/bin:/bin:/usr/bin/X11:/usr/games:/usr/lib/poplog/current-poplog/pop/com
TEST FAILED - Child processed exited with error code (1)


PROGRAM OUTPUT
==============
