BUILD COMMANDS FOR: josephus.gij

Tue Feb  8 20:57:11 PST 2005

if [ ! -d josephus.gij_run ] ; then mkdir josephus.gij_run ; fi
cp /opt/shootout/shootout/bench/josephus/josephus.gij josephus.gij_run/josephus.java
( cd josephus.gij_run ; /usr/bin/gcj-3.4 -C -classpath '.' josephus.java )
touch josephus.gij_run

=================================================================
COMMAND LINE (%A is single numeric argument):

 /usr/bin/gij-3.4 --classpath josephus.gij_run josephus %A


PROGRAM OUTPUT
==============
13617	
4037	13384	
5822	11005	12483	
3283	10401	13307	13872	
1855	4155	9227	11797	14132	
1474	4847	10167	10945	12833	14303	
1479	3621	4846	7020	9257	9591	12689	
695	802	1884	4514	4766	9913	11136	11226	
3231	4021	5679	6341	6958	9871	11516	11568	14754	
