BUILD COMMANDS FOR: josephus.python

Sun Feb 20 19:59:02 PST 2005

rm -f josephus.pyo josephus.pyc
cp /opt/shootout/shootout/bench/josephus/josephus.python josephus.py
/usr/bin/python2.4 -OO -c "from py_compile import compile; compile('/opt/shootout/shootout/bench/josephus/tmp/josephus.py')"
touch josephus.python_run

=================================================================
COMMAND LINE (%A is single numeric argument):

 /usr/bin/python2.4 josephus.pyo %A


PROGRAM OUTPUT
==============
1809
949	2864
2859	4499	4967
3833	4786	4972	1501
2951	3812	4594	482	1252
958	2768	3032	3673	4173	4839
4369	14	434	1182	1950	2065	3129
1668	2092	2122	3643	3678	4010	4821	4897
2846	3946	4193	4713	4921	128	1143	1717	1734
