BUILD COMMANDS FOR: josephus.java

Fri Dec  3 22:58:42 PST 2004

if [ ! -d josephus.java_run ] ; then mkdir josephus.java_run ; fi
cp /opt/shootout/shootout/bench/josephus/josephus.java josephus.java_run/josephus.java
/usr/lib/j2sdk1.4.2_05/bin/javac  -d josephus.java_run josephus.java_run/josephus.java
touch josephus.java_run

=================================================================
COMMAND LINE (%A is single numeric argument):

 /usr/lib/j2sdk1.4.2_05/bin/java -server -classpath  josephus.java_run  josephus %A


PROGRAM OUTPUT
==============
	7
	2	7
	5	9	10
	6	8	9	1
	3	5	7	9	10
	10	1	2	4	5	6
	4	6	7	9	10	11	1
	8	10	11	1	2	3	4	5
	11	1	2	3	4	5	6	7	8
