BUILD COMMANDS FOR: josephus.kaffe

Thu Dec  9 23:26:55 PST 2004

if [ ! -d josephus.kaffe_run ] ; then mkdir josephus.kaffe_run ; fi
cp /opt/shootout/shootout/bench/josephus/josephus.kaffe josephus.kaffe_run/josephus.java
( cd josephus.kaffe_run ; /usr/lib/j2sdk1.4.2_05/bin/javac  -classpath '.' josephus.java )
touch josephus.kaffe_run

=================================================================
COMMAND LINE (%A is single numeric argument):

 /usr/bin/kaffe -classpath josephus.kaffe_run  josephus %A


PROGRAM OUTPUT
==============
3617	
2692	8923	
3254	4363	9526	
646	1098	4102	8657	
386	3909	5693	7315	8991	
328	899	2286	3366	4807	6931	
602	2036	2857	4314	5812	6036	8111	
2149	3008	3071	6155	6223	6898	8540	8697	
1407	3707	4225	5312	5747	6152	8063	9143	9176	
