BUILD COMMANDS FOR: knucleotide.python-3.python

Sun Sep 18 03:07:53 PDT 2005

rm -f knucleotide.python-3.pyo knucleotide.python-3.pyc
cp /opt/shootout/shootout/bench/knucleotide/knucleotide.python-3.python knucleotide.python-3.py
/usr/bin/python2.4 -OO -c "from py_compile import compile; compile('/opt/shootout/shootout/bench/knucleotide/tmp/knucleotide.python-3.py')"
touch knucleotide.python-3.python_run

=================================================================
COMMAND LINE (%A is single numeric argument):

 /usr/bin/python2.4 knucleotide.python-3.pyo %A
************************************************************
*   TEST (knucleotide.python-3.python_run) FAILED - ERROR:  knucleotide.python-3.python_out differs from Output.250000
************************************************************
-rw-r--r--  1 brent brent 213 Sep 17 10:58 Output.250000
-rw-r--r--  1 brent brent   0 Sep 18 03:09 knucleotide.python-3.python_out
************************************************************
*   TEST (knucleotide.python-3.python_run) FAILED - ERROR:  knucleotide.python-3.python_out differs from Output.250000
************************************************************
-rw-r--r--  1 brent brent 213 Sep 17 10:58 Output.250000
-rw-r--r--  1 brent brent 249 Sep 18 03:11 knucleotide.python-3.python_out


PROGRAM OUTPUT
==============
A 30.298
T 30.157
C 19.793
G 19.752

AA 9.177
TA 9.137
AT 9.136
TT 9.094
AC 6.000
CA 5.999
GA 5.986
AG 5.985
TC 5.970
CT 5.970
GT 5.957
TG 5.956
CC 3.915
CG 3.910
GC 3.908
GG 3.902

14717	GGT
4463	GGTA
472	GGTATT
9	GGTATTTTAATT
9	GGTATTTTAATTTATAGT
