BUILD COMMANDS FOR: knucleotide.erlang-2.erlang

Wed Mar 29 23:03:52 PST 2006

cp /opt/shootout/shootout/bench/knucleotide/knucleotide.erlang-2.erlang knucleotide.erlang-2.erl
(if [ "knucleotide.erlang-2" = "lists" ]; then		\
	    mv lists.erl lists_test.erl;	\
	    /usr/bin/erlc lists_test.erl;		\
	else					\
	    /usr/bin/erlc knucleotide.erlang-2.erl;			\
	fi)
rm knucleotide.erlang-2.erl

=================================================================
COMMAND LINE (%A is single numeric argument):

 /usr/bin/erl -noshell -noinput -run knucleotide main %A
Error, could not exec  (Inappropriate ioctl for device)
PATH=/opt/shootout/shootout/bench/knucleotide:/opt/shootout/shootout/bench/knucleotide/tmp:/opt/xds_x86/bin:/opt/intel/fc/9.0/bin:/opt/intel/cc/9.0/bin:/usr/lib/poplog/current-poplog/pop/pop:/usr/lib/smarteiffel/bin:/usr/local/Acrobat5/bin:/usr/lib/postgresql/bin:/home/brent/GNUstep/Tools:/usr/local/lib/GNUstep/Local/Tools:/usr/local/lib/GNUstep/Network/Tools:/usr/lib/GNUstep/System/Tools:/usr/local/bin:/usr/bin:/bin:/usr/bin/X11:/usr/games:/usr/lib/poplog/current-poplog/pop/com
Error, could not exec  (Inappropriate ioctl for device)
PATH=/opt/shootout/shootout/bench/knucleotide:/opt/shootout/shootout/bench/knucleotide/tmp:/opt/xds_x86/bin:/opt/intel/fc/9.0/bin:/opt/intel/cc/9.0/bin:/usr/lib/poplog/current-poplog/pop/pop:/usr/lib/smarteiffel/bin:/usr/local/Acrobat5/bin:/usr/lib/postgresql/bin:/home/brent/GNUstep/Tools:/usr/local/lib/GNUstep/Local/Tools:/usr/local/lib/GNUstep/Network/Tools:/usr/lib/GNUstep/System/Tools:/usr/local/bin:/usr/bin:/bin:/usr/bin/X11:/usr/games:/usr/lib/poplog/current-poplog/pop/com
TEST FAILED - Child processed exited with error code (1)


PROGRAM OUTPUT
==============
