BUILD COMMANDS FOR: knucleotide.psyco-2.psyco

Thu Dec 29 21:13:04 PST 2005

rm -f knucleotide.psyco-2.pyo knucleotide.psyco-2.pyc
cp /opt/shootout/shootout/bench/knucleotide/knucleotide.psyco-2.psyco knucleotide.psyco-2.py
/usr/bin/python2.4 -OO -c "from py_compile import compile; compile('/opt/shootout/shootout/bench/knucleotide/tmp/knucleotide.psyco-2.py')"
touch knucleotide.psyco-2.psyco_run

=================================================================
COMMAND LINE (%A is single numeric argument):

 /usr/bin/python2.4 knucleotide.psyco-2.py %A


PROGRAM OUTPUT
==============
A 30.298
T 30.157
C 19.793
G 19.752

AA 9.177
TA 9.137
AT 9.136
TT 9.094
AC 6.000
CA 5.999
GA 5.986
AG 5.985
TC 5.970
CT 5.970
GT 5.957
TG 5.956
CC 3.915
CG 3.910
GC 3.908
GG 3.902

14717	GGT
4463	GGTA
472	GGTATT
9	GGTATTTTAATT
9	GGTATTTTAATTTATAGT
