RUNNING SCRIPT: knucleotide.regina

Thu Nov  3 17:30:00 PST 2005


=================================================================
COMMAND LINE (%A is single numeric argument):

 /usr/bin/regina -a -tO ../knucleotide.regina %A
************************************************************
*   FILE COMPARISON ERROR
************************************************************
L1: T 30.130

L2: T 30.128

************************************************************
*   TEST (knucleotide.regina) FAILED - ERROR:  knucleotide.regina_out differs from Output.2500
************************************************************
-rw-r--r--  1 brent brent 243 Oct 30 14:12 Output.2500
-rw-r--r--  1 brent brent 243 Nov  3 17:30 knucleotide.regina_out


PROGRAM OUTPUT
==============
T 30.130
A 30.002
C 19.242
G 20.626

AA 9.081
AT 9.009
TA 8.985
TT 8.945
TG 6.321
GA 6.217
GT 6.153
AG 6.121
CT 6.025
TC 5.881
AC 5.785
CA 5.721
GG 4.353
GC 3.905
CG 3.825
CC 3.673

176	GGT
59	GGTA
2	GGTATT
0	GGTATTTTAATT
0	GGTATTTTAATTTATAGT
