BUILD COMMANDS FOR: knucleotide.ifc

Fri Oct  7 21:31:25 PDT 2005

/opt/intel/fc/9.0/bin/ifort -O3 -static-libcxa  knucleotide.f90 -o knucleotide.ifc_run
rm knucleotide.f90

=================================================================
COMMAND LINE (%A is single numeric argument):

knucleotide.ifc_run %A
************************************************************
*   TEST (knucleotide.ifc_run) FAILED - ERROR:  knucleotide.ifc_out differs from Output.2500
************************************************************
-rw-r--r--  1 brent brent 243 Oct  6 17:24 Output.2500
-rw-r--r--  1 brent brent 272 Oct  7 21:31 knucleotide.ifc_out


PROGRAM OUTPUT
==============
T 30.032
A 29.904
G 20.558
C 19.187
 
AA 9.052
AT 8.980
TA 8.956
TT 8.916
TG 6.300
GA 6.197
GT 6.133
AG 6.101
CT 6.005
TC 5.862
AC 5.774
CA 5.702
GG 4.338
GC 3.892
CG 3.812
CC 3.661
 
176     GGT
59      GGTA
2       GGTATT
0       GGTATTTTAATT
0       GGTATTTTAATTTATAGT
