BUILD COMMANDS FOR: knucleotide.gij

Fri May 20 00:09:14 PDT 2005

if [ ! -d knucleotide.gij_run ] ; then mkdir knucleotide.gij_run ; fi
cp /opt/shootout/shootout/bench/knucleotide/knucleotide.gij knucleotide.gij_run/knucleotide.java
( cd knucleotide.gij_run ; /usr/bin/gcj-3.4 -C -classpath '.' knucleotide.java )
touch knucleotide.gij_run

=================================================================
COMMAND LINE (%A is single numeric argument):

 /usr/bin/gij-3.4 --classpath knucleotide.gij_run knucleotide %A
************************************************************
*   FILE COMPARISON ERROR
************************************************************
L1: 2	49	GGTATT

L2: 2	GGTATT

************************************************************
*   TEST (knucleotide.gij_run) FAILED - ERROR:  knucleotide.gij_out differs from Output.2500
************************************************************
-rw-r--r--  1 brent brent 243 May 15 00:58 Output.2500
-rw-r--r--  1 brent brent 243 May 20 00:09 knucleotide.gij_out
************************************************************
*   FILE COMPARISON ERROR
************************************************************
L1: T 30.128

L2: A 30.279

************************************************************
*   TEST (knucleotide.gij_run) FAILED - ERROR:  knucleotide.gij_out differs from Output.25000
************************************************************
-rw-r--r--  1 brent brent 246 May 15 00:58 Output.25000
-rw-r--r--  1 brent brent 246 May 20 00:09 knucleotide.gij_out


PROGRAM OUTPUT
==============
T 30.128
A 30.000
G 20.624
C 19.248

AA 9.081
AT 9.009
TA 8.985
TT 8.945
TG 6.321
GA 6.216
GT 6.152
AG 6.120
CT 6.024
TC 5.880
AC 5.792
CA 5.720
GG 4.352
GC 3.904
CG 3.824
CC 3.672

176	GGT
59	GGTA
2	49	GGTATT
1	GGTATTTTAATT
1	GGTATTTTAATTTATAGT
