BUILD COMMANDS FOR: knucleotide.dlang

Mon Apr  4 19:21:27 PDT 2005

cp /opt/shootout/shootout/bench/knucleotide/knucleotide.dlang knucleotide.d
/usr/bin/dmd -O -inline -release  -ofknucleotide.dlang_run knucleotide.d
gcc knucleotide.o -o knucleotide.dlang_run -lphobos -lpthread -lm 
rm knucleotide.d

=================================================================
COMMAND LINE (%A is single numeric argument):

knucleotide.dlang_run %A


PROGRAM OUTPUT
==============
A 30.284
T 29.796
C 20.312
G 19.608

AA 9.212
AT 8.950
TT 8.948
TA 8.936
CA 6.166
CT 6.100
AC 6.086
TC 6.042
AG 6.036
GA 5.968
TG 5.868
GT 5.798
CC 4.140
GC 4.044
CG 3.906
GG 3.798

562	GGT
152	GGTA
15	GGTATT
0	GGTATTTTAATT
0	GGTATTTTAATTTATAGT
