
=================================================================
COMMAND LINE (%A is single numeric argument):

 /usr/bin/lua $LUA_EXTRAS ../knucleotide.lua %A
************************************************************
*   TEST (knucleotide.lua) FAILED:  knucleotide.lua_out differs from Output.10000
************************************************************
-rw-r--r--  1 brent brent 225 Mar  8 21:39 Output.10000
-rw-r--r--  1 brent brent 365 Mar 26 14:17 knucleotide.lua_out


PROGRAM OUTPUT
==============
A 30.284000000
T 29.796000000
C 20.312000000
G 19.608000000

AA 9.212184244
AT 8.950179004
TT 8.948178964
TA 8.936178724
CA 6.166123322
CT 6.100122002
AC 6.086121722
TC 6.042120842
AG 6.036120722
GA 5.968119362
TG 5.868117362
GT 5.798115962
CC 4.140082802
GC 4.044080882
CG 3.906078122
GG 3.798075962

562	GGT
152	GGTA
15	GGTATT
0	GGTATTTTAATT
0	GGTATTTTAATTTATAGT
