BUILD COMMANDS FOR: knucleotide.kaffe

Fri May 20 00:10:34 PDT 2005

( if [ ! -d knucleotide.kaffe_run ] ; then mkdir knucleotide.kaffe_run ; fi)
cp /opt/shootout/shootout/bench/knucleotide/knucleotide.kaffe knucleotide.kaffe_run/knucleotide.java
( cd knucleotide.kaffe_run ; /usr/lib/j2sdk1.4.2_05/bin/javac  -classpath '.' knucleotide.java )
touch knucleotide.kaffe_run

=================================================================
COMMAND LINE (%A is single numeric argument):

 /usr/bin/kaffe -classpath knucleotide.kaffe_run  knucleotide %A
************************************************************
*   FILE COMPARISON ERROR
************************************************************
L1: A 30.279

L2: A 30.298

************************************************************
*   TEST (knucleotide.kaffe_run) FAILED - ERROR:  knucleotide.kaffe_out differs from Output.250000
************************************************************
-rw-r--r--  1 brent brent 249 May 15 01:00 Output.250000
-rw-r--r--  1 brent brent 249 May 20 00:14 knucleotide.kaffe_out
************************************************************
*   TEST (knucleotide.kaffe_run) FAILED - ERROR:  knucleotide.kaffe_out differs from Output.25000
************************************************************
-rw-r--r--  1 brent brent 246 May 15 00:58 Output.25000
-rw-r--r--  1 brent brent 249 May 20 00:15 knucleotide.kaffe_out


PROGRAM OUTPUT
==============
A 30.279
T 30.113
G 19.835
C 19.773

AA 9.161
AT 9.138
TA 9.108
TT 9.060
CA 6.014
GA 5.996
AG 5.993
AC 5.988
TG 5.987
GT 5.967
TC 5.958
CT 5.948
GG 3.944
GC 3.928
CG 3.910
CC 3.899

1474	GGT
459	GGTA
49	GGTATT
1	GGTATTTTAATT
1	GGTATTTTAATTTATAGT
GT
