
=================================================================
COMMAND LINE (%A is single numeric argument):

 /usr/bin/tclsh ../knucleotide.tcl %A
************************************************************
*   FILE COMPARISON ERROR
************************************************************
L1: AG 6.03

L2: AG 6.04

************************************************************
*   TEST (knucleotide.tcl) FAILED:  knucleotide.tcl_out differs from Output.10000
************************************************************
-rw-r--r--  1 brent brent 225 Mar  8 21:39 Output.10000
-rw-r--r--  1 brent brent 225 Mar 18 20:20 knucleotide.tcl_out


PROGRAM OUTPUT
==============
A 30.28
T 29.80
C 20.31
G 19.61

AA 9.21
AT 8.95
TT 8.95
TA 8.94
CA 6.17
CT 6.10
AC 6.09
TC 6.04
AG 6.03
GA 5.97
TG 5.87
GT 5.80
CC 4.14
GC 4.04
CG 3.91
GG 3.80

562	GGT
152	GGTA
15	GGTATT
0	GGTATTTTAATT
0	GGTATTTTAATTTATAGT
