BUILD COMMANDS FOR: knucleotide.icon

Tue Jan  9 15:44:52 PST 2007

cp /opt/shootout/shootout/bench/knucleotide/knucleotide.icon knucleotide.icn
(unset STRSIZE BLOCKSIZE COEXPSIZE MSTKSIZE TRACE NOERRBUF ; \
	/usr/bin/icont -o knucleotide.icon_run knucleotide.icn )
Translating:
knucleotide.icn:
  calc_frequencies
  write_frequencies
  write_count
  main
No errors
Linking:
rm knucleotide.icn

=================================================================
COMMAND LINE (%A is single numeric argument):

 unset STRSIZE BLOCKSIZE COEXPSIZE TRACE NOERRBUF;export MSTKSIZE=250000;knucleotide.icon_run %A
************************************************************
*   FILE COMPARISON ERROR
************************************************************
L1: AA 9.080

L2: AA 9.081

************************************************************
*   TEST (knucleotide.icon_run) FAILED - ERROR:  knucleotide.icon_out differs from Output.2500
************************************************************
-rw-r--r-- 1 brent brent 243 2007-01-09 15:44 knucleotide.icon_out
-rw-r--r-- 1 brent brent 243 2007-01-09 15:13 Output.2500


PROGRAM OUTPUT
==============
T 30.128
A 30.000
G 20.624
C 19.248

AA 9.080
AT 9.008
TA 8.984
TT 8.944
TG 6.320
GA 6.216
GT 6.152
AG 6.120
CT 6.024
TC 5.880
AC 5.792
CA 5.720
GG 4.352
GC 3.904
CG 3.824
CC 3.672

176	GGT
59	GGTA
2	GGTATT
0	GGTATTTTAATT
0	GGTATTTTAATTTATAGT
