EXECUTING SCRIPT: knucleotide.gforth

Wed Apr 13 00:13:06 PDT 2005


=================================================================
COMMAND LINE (%A is single numeric argument):

 /usr/bin/gforth-fast $GFORTH_FLAGS ../knucleotide.gforth %A

in file included from *the terminal*:0
../knucleotide.gforth:83: Dictionary overflow
main bye \ done!
^^^^
Backtrace:
$B7A7ED94 throw 
$B7A7EDD0 allot 
$B7A7EF48 c, 
$B7E78F46 
$B7E78F48 
$B7A7F0F4 maxalign 
$B7A7F1E4 header, 
$B7A7FE18 header 
$B7ACB218 Create 
$B7ACB2A4 count-word 
$B7ABDDB5 
$B7ABEB87 
$B7A86918 
$1868F 
$B7ACB5D8 scanit 
$12 
$B7ACB81C 
$B7ACB848 findit 
$B7ACB8E4 report ************************************************************
*   TEST (knucleotide.gforth) FAILED:  knucleotide.gforth_out differs from Output.20000
************************************************************
-rw-r--r--  1 brent brent 246 Apr  4 20:25 Output.20000
-rw-r--r--  1 brent brent 226 Apr 13 00:13 knucleotide.gforth_out


PROGRAM OUTPUT
==============
T 30.408
A 30.305
C 19.652
G 19.635

TT 9.247
AT 9.244
TA 9.230
AA 9.152
TC 6.013
GA 5.975
GT 5.972
AG 5.963
CA 5.948
AC 5.946
CT 5.945
TG 5.917
CG 3.880
CC 3.879
GG 3.875
GC 3.813

1190	GGT
358	GGTA
36	GGTATT
0	GGTATTTTAATT

