BUILD COMMANDS FOR: knucleotide.java

Tue Sep 20 08:15:48 PDT 2005

if [ ! -d knucleotide.java_run ] ; then mkdir knucleotide.java_run ; fi
cp /opt/shootout/shootout/bench/knucleotide/knucleotide.java knucleotide.java_run/knucleotide.java
/usr/lib/j2sdk1.4.2_05/bin/javac  -d knucleotide.java_run knucleotide.java_run/knucleotide.java
touch knucleotide.java_run

=================================================================
COMMAND LINE (%A is single numeric argument):

 /usr/lib/j2sdk1.4.2_05/bin/java -server -classpath  knucleotide.java_run  knucleotide %A
************************************************************
*   TEST (knucleotide.java_run) FAILED - ERROR:  knucleotide.java_out differs from Output.250000
************************************************************
-rw-r--r--  1 brent brent 213 Sep 17 10:58 Output.250000
-rw-r--r--  1 brent brent 249 Sep 20 08:16 knucleotide.java_out


PROGRAM OUTPUT
==============
A 30.298
T 30.157
C 19.793
G 19.752

AA 9.177
TA 9.137
AT 9.136
TT 9.094
AC 6.000
CA 5.999
GA 5.986
AG 5.985
TC 5.970
CT 5.970
GT 5.957
TG 5.956
CC 3.915
CG 3.910
GC 3.908
GG 3.902

14717	GGT
4463	GGTA
472	GGTATT
9	GGTATTTTAATT
9	GGTATTTTAATTTATAGT
