BUILD COMMANDS FOR: knucleotide.csharp

Mon Apr  4 19:21:23 PDT 2005

/usr/bin/mcs  knucleotide.cs -o knucleotide.csharp_run
Compilation succeeded
rm knucleotide.cs

=================================================================
COMMAND LINE (%A is single numeric argument):

 /usr/bin/mono knucleotide.csharp_run %A


PROGRAM OUTPUT
==============
A 30.284
T 29.796
C 20.312
G 19.608

AA 9.212
AT 8.950
TT 8.948
TA 8.936
CA 6.166
CT 6.100
AC 6.086
TC 6.042
AG 6.036
GA 5.968
TG 5.868
GT 5.798
CC 4.140
GC 4.044
CG 3.906
GG 3.798

562	GGT
152	GGTA
15	GGTATT
0	GGTATTTTAATT
0	GGTATTTTAATTTATAGT
