BUILD COMMANDS FOR: knucleotide.gwydion

Wed Oct  5 21:15:34 PDT 2005

cp /opt/shootout/shootout/bench/knucleotide/knucleotide.gwydion knucleotide.dylan
(if [ "knucleotide" = "random" ]; then	\
    cp random.dylan randum.dylan;	\
fi)
/usr/bin/d2c -s  knucleotide.dylan
Entering single file mode.
Compiling library knucleotide
[Loading library Dylan...]
Using custom library import list...
[Loading library common-dylan...
  [Loading library melange-support...]
  [Loading library threads...]
  [Loading library table-extensions...]
  [Loading library Random...
   [Loading library transcendental...]]]
[Loading library io...In Define Library knucleotide.:
unknown source locationWarning: Can't tell if argument <unknown-type> is a subtype of type-union(<false>, <type>),
so can't tell if method:
  type-for-file-stream{<object>, <unknown-type>, <object>}
is congruent to GF
  type-for-file-stream
]
Parsing knucleotide.dylan
Finalizing library.
Converting top level forms.
                      Optimizing top level forms.
                      Emitting C code.
                      Emitting Library Heap.
Emitting Global Heap.
Building inits.
knucleotide.dylan: In function 'inits':
knucleotide.dylan:59264: warning: implicit declaration of function 'dylan_Library_init'
knucleotide.dylan:59265: warning: implicit declaration of function 'melange_support_Library_init'
knucleotide.dylan:59266: warning: implicit declaration of function 'threads_Library_init'
knucleotide.dylan:59267: warning: implicit declaration of function 'table_extensions_Library_init'
knucleotide.dylan:59268: warning: implicit declaration of function 'transcendental_Library_init'
knucleotide.dylan:59269: warning: implicit declaration of function 'random_Library_init'
knucleotide.dylan:59270: warning: implicit declaration of function 'common_dylan_Library_init'
knucleotide.dylan:59271: warning: implicit declaration of function 'io_Library_init'
mkdir .libs
gcc -o knucleotide knucleotide.o  /usr/lib/dylan/2.5.0pre2/x86-linux-gcc/libio-dylan.a /usr/lib/dylan/2.5.0pre2/x86-linux-gcc/libcommon-dylan-dylan.a /usr/lib/dylan/2.5.0pre2/x86-linux-gcc/librandom-dylan.a /usr/lib/dylan/2.5.0pre2/x86-linux-gcc/libtranscendental-dylan.a /usr/lib/dylan/2.5.0pre2/x86-linux-gcc/libtable-extensions-dylan.a /usr/lib/dylan/2.5.0pre2/x86-linux-gcc/libthreads-dylan.a /usr/lib/dylan/2.5.0pre2/x86-linux-gcc/libmelange-support-dylan.a /usr/lib/dylan/2.5.0pre2/x86-linux-gcc/libdylan-dylan.a /usr/lib/dylan/2.5.0pre2/x86-linux-gcc/libruntime.a /usr/lib/libgc.so -ldl -lpthread -lm
Optimize called 7812 times.
Compilation finished with 1 Warning and 0 Errors
(if [ "knucleotide" = "random" ]; then	\
    mv randum knucleotide.gwydion_run;		\
else				\
    mv knucleotide knucleotide.gwydion_run;			\
fi)
rm knucleotide.[co]
rm -rf .libs
rm knucleotide.dylan

=================================================================
COMMAND LINE (%A is single numeric argument):

knucleotide.gwydion_run %A


PROGRAM OUTPUT
==============
A 30.298
T 30.157
C 19.793
G 19.752

AA 9.177
TA 9.137
AT 9.136
TT 9.094
AC 6.000
CA 5.999
GA 5.986
AG 5.985
TC 5.970
CT 5.970
GT 5.957
TG 5.956
CC 3.915
CG 3.910
GC 3.908
GG 3.902

14717	GGT
4463	GGTA
472	GGTATT
9	GGTATTTTAATT
9	GGTATTTTAATTTATAGT
