BUILD COMMANDS FOR: knucleotide.nice

Tue Jan  9 16:26:26 PST 2007

( if [ ! -d knucleotide.nice_run ] ; then mkdir nice_build ; mkdir nice_build/knucleotide ; fi)
cp /opt/shootout/shootout/bench/knucleotide/knucleotide.nice nice_build/knucleotide/knucleotide.nice
( cd nice_build/knucleotide ; /usr/bin/nicec -d . --sourcepath "..:../../../.." -a o.jar knucleotide )
nice.lang: parsing
Include: parsing
knucleotide: parsing
Include: typechecking
Include: generating code
knucleotide: typechecking
knucleotide: generating code
knucleotide: linking
knucleotide: writing in archive
Include: writing in archive
nice.lang: writing in archive
cp nice_build/knucleotide/o.jar o.jar
touch knucleotide.nice_run

=================================================================
COMMAND LINE (%A is single numeric argument):

 /usr/lib/j2se/1.5/bin/java -server -jar o.jar %A


PROGRAM OUTPUT
==============
A 30.298
T 30.157
C 19.793
G 19.752

AA 9.177
TA 9.137
AT 9.136
TT 9.094
AC 6.000
CA 5.999
GA 5.986
AG 5.985
TC 5.970
CT 5.970
GT 5.957
TG 5.956
CC 3.915
CG 3.910
GC 3.908
GG 3.902

14717	GGT
4463	GGTA
472	GGTATT
9	GGTATTTTAATT
9	GGTATTTTAATTTATAGT
