BUILD COMMANDS FOR: knucleotide.ghc

Wed Sep 21 01:26:08 PDT 2005

cp /opt/shootout/shootout/bench/knucleotide/knucleotide.ghc knucleotide.hs
/usr/bin/ghc -O3  knucleotide.hs -o knucleotide.ghc_run

=================================================================
COMMAND LINE (%A is single numeric argument):

 knucleotide.ghc_run %A $MB_GHCRTS
************************************************************
*   TEST (knucleotide.ghc_run) FAILED - ERROR:  knucleotide.ghc_out differs from Output.250000
************************************************************
-rw-r--r--  1 brent brent 249 Sep 20 22:30 Output.250000
-rw-r--r--  1 brent brent   0 Sep 21 01:29 knucleotide.ghc_out


PROGRAM OUTPUT
==============
A 30.298
T 30.157
C 19.793
G 19.752

AA 9.177
TA 9.137
AT 9.136
TT 9.094
AC 6.000
CA 5.999
GA 5.986
AG 5.985
TC 5.970
CT 5.970
GT 5.957
TG 5.956
CC 3.915
CG 3.910
GC 3.908
GG 3.902

14717	GGT
4463	GGTA
472	GGTATT
9	GGTATTTTAATT
9	GGTATTTTAATTTATAGT
