RUNNING SCRIPT: lists.mzscheme

Sun Jan 22 11:08:26 PST 2006


=================================================================
COMMAND LINE (%A is single numeric argument):

lists.mzscheme %A
standard-module-name-resolver: collection not found: "readline" in any of: (#<path:/home/brent/.plt-scheme/301/collects> #<path:/usr/lib/plt/collects>)
standard-module-name-resolver: collection not found: "readline" in any of: (#<path:/home/brent/.plt-scheme/301/collects> #<path:/usr/lib/plt/collects>)
standard-module-name-resolver: collection not found: "readline" in any of: (#<path:/home/brent/.plt-scheme/301/collects> #<path:/usr/lib/plt/collects>)
standard-module-name-resolver: collection not found: "readline" in any of: (#<path:/home/brent/.plt-scheme/301/collects> #<path:/usr/lib/plt/collects>)
standard-module-name-resolver: collection not found: "readline" in any of: (#<path:/home/brent/.plt-scheme/301/collects> #<path:/usr/lib/plt/collects>)
standard-module-name-resolver: collection not found: "readline" in any of: (#<path:/home/brent/.plt-scheme/301/collects> #<path:/usr/lib/plt/collects>)
standard-module-name-resolver: collection not found: "readline" in any of: (#<path:/home/brent/.plt-scheme/301/collects> #<path:/usr/lib/plt/collects>)
standard-module-name-resolver: collection not found: "readline" in any of: (#<path:/home/brent/.plt-scheme/301/collects> #<path:/usr/lib/plt/collects>)
standard-module-name-resolver: collection not found: "readline" in any of: (#<path:/home/brent/.plt-scheme/301/collects> #<path:/usr/lib/plt/collects>)
standard-module-name-resolver: collection not found: "readline" in any of: (#<path:/home/brent/.plt-scheme/301/collects> #<path:/usr/lib/plt/collects>)
standard-module-name-resolver: collection not found: "readline" in any of: (#<path:/home/brent/.plt-scheme/301/collects> #<path:/usr/lib/plt/collects>)
standard-module-name-resolver: collection not found: "readline" in any of: (#<path:/home/brent/.plt-scheme/301/collects> #<path:/usr/lib/plt/collects>)
standard-module-name-resolver: collection not found: "readline" in any of: (#<path:/home/brent/.plt-scheme/301/collects> #<path:/usr/lib/plt/collects>)
standard-module-name-resolver: collection not found: "readline" in any of: (#<path:/home/brent/.plt-scheme/301/collects> #<path:/usr/lib/plt/collects>)
standard-module-name-resolver: collection not found: "readline" in any of: (#<path:/home/brent/.plt-scheme/301/collects> #<path:/usr/lib/plt/collects>)


PROGRAM OUTPUT
==============
10000
