BUILD COMMANDS FOR: lists.ghc

Sun Sep 18 03:14:03 PDT 2005

cp /opt/shootout/shootout/bench/lists/lists.ghc lists.hs
/usr/bin/ghc -O3 -package data lists.hs -o lists.ghc_run

lists.hs:8:0:
    Warning: Module `SimpleQueue' is deprecated:
		 This module is unmaintained, and will disappear soon

lists.hs:8:0:
    Warning: Deprecated use of `SimpleQueue.fromList'
	     (imported from SimpleQueue)
	     This module is unmaintained, and will disappear soon

lists.hs:8:0:
    Warning: Deprecated use of `SimpleQueue.foldl'
	     (imported from SimpleQueue)
	     This module is unmaintained, and will disappear soon

lists.hs:8:0:
    Warning: Deprecated use of `SimpleQueue.snoc'
	     (imported from SimpleQueue)
	     This module is unmaintained, and will disappear soon

lists.hs:8:0:
    Warning: Deprecated use of `SimpleQueue.empty'
	     (imported from SimpleQueue)
	     This module is unmaintained, and will disappear soon

lists.hs:8:0:
    Warning: Deprecated use of `SimpleQueue.foldr'
	     (imported from SimpleQueue)
	     This module is unmaintained, and will disappear soon

lists.hs:8:0:
    Warning: Deprecated use of `SimpleQueue.reverse'
	     (imported from SimpleQueue)
	     This module is unmaintained, and will disappear soon

lists.hs:8:0:
    Warning: Deprecated use of `SimpleQueue.lhead'
	     (imported from SimpleQueue)
	     This module is unmaintained, and will disappear soon

lists.hs:8:0:
    Warning: Deprecated use of `SimpleQueue.size'
	     (imported from SimpleQueue)
	     This module is unmaintained, and will disappear soon

=================================================================
COMMAND LINE (%A is single numeric argument):

 lists.ghc_run %A $MB_GHCRTS


PROGRAM OUTPUT
==============
10000
