BUILD COMMANDS FOR: lists.nhc98

Wed Apr 13 00:38:40 PDT 2005

cp /opt/shootout/shootout/bench/lists/lists.nhc98 lists.hs
/usr/bin/nhc98 -package base lists.hs -o lists.nhc98_run

Fail: user error (Can't open any of:
 ./SimpleQueue.hi
 /usr/include/nhc98/base/SimpleQueue.hi
 /usr/include/nhc98/SimpleQueue.hi
 when trying to read SimpleQueue.
)

make[3]: [lists.nhc98_run] Error 1 (ignored)

=================================================================
COMMAND LINE (%A is single numeric argument):

 lists.nhc98_run +RTS -H10M -RTS %A
************************************************************
*   TEST (lists.nhc98_run) FAILED:  lists.nhc98_out differs from Output.4
************************************************************
-rw-r--r--  1 brent brent 6 Apr  1 06:01 Output.4
-rw-r--r--  1 brent brent 0 Apr 13 00:38 lists.nhc98_out


PROGRAM OUTPUT
==============
