BUILD COMMANDS FOR: lists.fpascal

Sat Sep 17 11:01:47 PDT 2005

cp /opt/shootout/shootout/bench/lists/lists.fpascal lists.pas
/usr/bin/fpc -XX -Xs -O3p3r -oFPASCAL_RUN lists.pas
Free Pascal Compiler version 2.0.0 [2005/09/09] for i386
Copyright (c) 1993-2005 by Florian Klaempfl
Target OS: Linux for i386
Compiling lists.pas
lists.pas(41,20) Error: Variable identifier expected
lists.pas(102) Fatal: There were 1 errors compiling module, stopping
lists.pas(102) Error: Compilation aborted
Error: /usr/bin/ppc386 returned an error exitcode (normal if you did not specifiy a source file to be compiled)
make[3]: [lists.fpascal_run] Error 1 (ignored)
mv FPASCAL_RUN lists.fpascal_run
mv: cannot stat `FPASCAL_RUN': No such file or directory
make[3]: [lists.fpascal_run] Error 1 (ignored)
rm lists.pas

=================================================================
COMMAND LINE (%A is single numeric argument):

lists.fpascal_run %A
Error, could not exec lists.fpascal_run 4 (No such file or directory)
PATH=/opt/shootout/shootout/bench/lists:/opt/shootout/shootout/bench/lists/tmp:/opt/xds_c/bin:/opt/intel_fc_80/bin:/opt/intel_cc_80/bin:/usr/lib/poplog/current-poplog/pop/pop:/usr/bin:/bin:/usr/lib/poplog/current-poplog/pop/com
TEST FAILED - Child processed exited with error code (1)


PROGRAM OUTPUT
==============
