BUILD COMMANDS FOR: lists.mlton

Sun Sep 18 03:26:55 PDT 2005

cp /opt/shootout/shootout/bench/lists/lists.mlton lists.sml
(if [ -r /opt/shootout/shootout/bench/lists/mlb_lists.mlb ]; then			\
		mv /opt/shootout/shootout/bench/lists/mlb_lists.mlb lists.mlb;		\
	else							\
		echo '../../Include/mlton-src/lib.mlb lists.sml'	\
			 >lists.mlb;				\
	fi)
/usr/bin/mlton  -output lists.mlton_run lists.mlb
Error: lists.mlb 1.33.
  File lists.sml does not exist.
compilation aborted: parseAndElaborate reported errors
make[3]: [lists.mlton_run] Error 1 (ignored)
rm -f lists.mlb lists.sml

=================================================================
COMMAND LINE (%A is single numeric argument):

lists.mlton_run %A
Error, could not exec lists.mlton_run 4 (No such file or directory)
PATH=/opt/shootout/shootout/bench/lists:/opt/shootout/shootout/bench/lists/tmp:/opt/xds_x86/bin:/opt/intel_fc_80/bin:/opt/intel_cc_80/bin:/usr/lib/poplog/current-poplog/pop/pop:/usr/bin:/bin:/usr/lib/poplog/current-poplog/pop/com
TEST FAILED - Child processed exited with error code (1)


PROGRAM OUTPUT
==============
