BUILD COMMANDS FOR: lists.se

Sun May 15 01:52:54 PDT 2005

copying /opt/shootout/shootout/bench/lists/lists.se to lists.e
cp /opt/shootout/shootout/bench/lists/lists.se lists.e
rm -f lists.se_run
(echo . ; echo ../ ; echo ../../Include/eiffel) > loadpath.se
/usr/lib/smarteiffel/bin/compile -boost -no_split -O3 -fomit-frame-pointer -funroll-loops  -o lists.se_run lists ; /usr/lib/smarteiffel/bin/clean lists
****** Error: Forbidden call (i.e. exportation rules violated)
when the type of Current is LISTS. (See the next error report
for details.)
Line 30 column 21 in LISTS (./lists.e):
            if args.argument(1).is_integer then
                    ^                          
------
****** Fatal Error: This feature is only exported to {NONE}.
Line 375 column 9 in GENERAL (/usr/lib/smarteiffel/lib/kernel/general.e):
feature {} -- Access to command-line arguments:
        ^                                      
Line 385 column 2 in GENERAL (/usr/lib/smarteiffel/lib/kernel/general.e):
   argument (i: INTEGER): STRING is
   ^                               
------
File "lists.make" not found. Error(s) during `compile_to_c'.
rm lists.e

=================================================================
COMMAND LINE (%A is single numeric argument):

lists.se_run %A
Error, could not exec lists.se_run 4 (No such file or directory)
PATH=/opt/shootout/shootout/bench/lists:/opt/shootout/shootout/bench/lists/tmp:/opt/intel_fc_80/bin:/opt/intel_cc_80/bin:/usr/lib/poplog/current-poplog/pop/pop:/usr/local/Acrobat5/bin:/usr/lib/postgresql/bin:/usr/local/Acrobat5/bin:/usr/lib/postgresql/bin:/home/brent/GNUstep/Tools:/usr/local/lib/GNUstep/Local/Tools:/usr/local/lib/GNUstep/Network/Tools:/usr/lib/GNUstep/System/Tools:/usr/local/bin:/usr/bin:/bin:/usr/bin/X11:/usr/games:/usr/lib/poplog/current-poplog/pop/com
TEST FAILED - Child processed exited with error code (1)


PROGRAM OUTPUT
==============
