BUILD COMMANDS FOR: lists.xds

Sun Sep 18 03:40:37 PDT 2005

cp /opt/shootout/shootout/bench/lists/lists.xds lists.mod
/opt/xds_x86/bin/xc =m lists.mod
O2/M2 development system v2.51 (c) 1999-2003 Excelsior, LLC. (build 10.05.2005)
XDS Modula-2 v2.40 [x86, v1.50] - build 10.05.2005
Compiling "lists.mod"

* [lists.mod 10.16 F425]
* file open error: "Shootout.sym" no such file
IMPORT Shootout$, SYSTEM, Out;
errors  1, no warnings, lines   10, time  0.01
make[3]: [lists.xds_run] Error 1 (ignored)
mv bin/lists lists.xds_run
mv: cannot stat `bin/lists': No such file or directory
make[3]: [lists.xds_run] Error 1 (ignored)
rm -rf obj sym bin

=================================================================
COMMAND LINE (%A is single numeric argument):

lists.xds_run %A
Error, could not exec lists.xds_run 4 (No such file or directory)
PATH=/opt/shootout/shootout/bench/lists:/opt/shootout/shootout/bench/lists/tmp:/opt/xds_x86/bin:/opt/intel_fc_80/bin:/opt/intel_cc_80/bin:/usr/lib/poplog/current-poplog/pop/pop:/usr/bin:/bin:/usr/lib/poplog/current-poplog/pop/com
TEST FAILED - Child processed exited with error code (1)


PROGRAM OUTPUT
==============
