BUILD COMMANDS FOR: lists.gij-2.gij

Thu Jan  5 20:53:52 PST 2006

if [ ! -d lists.gij-2.gij_run ] ; then mkdir lists.gij-2.gij_run ; fi
cp /opt/shootout/shootout/bench/lists/lists.gij-2.gij lists.gij-2.gij_run/lists.java
( cd lists.gij-2.gij_run ; /usr/bin/gcj -C -classpath '.' lists.java )
/bin/sh: /usr/bin/gcj: No such file or directory
make[3]: [lists.gij-2.gij_run] Error 127 (ignored)
touch lists.gij-2.gij_run

=================================================================
COMMAND LINE (%A is single numeric argument):

 /usr/bin/gij --classpath lists.gij-2.gij_run lists %A
Exception in thread "main" java.lang.NoClassDefFoundError: lists
   at gnu.java.lang.MainThread.run() (/usr/lib/libgcj.so.6.0.0)
Caused by: java.lang.ClassNotFoundException: lists not found in gnu.gcj.runtime.SystemClassLoader{urls=[file:lists.gij-2.gij_run/], parent=gnu.gcj.runtime.ExtensionClassLoader{urls=[], parent=null}}
   at java.net.URLClassLoader.findClass(java.lang.String) (/usr/lib/libgcj.so.6.0.0)
   at java.lang.ClassLoader.loadClass(java.lang.String, boolean) (/usr/lib/libgcj.so.6.0.0)
   at java.lang.ClassLoader.loadClass(java.lang.String) (/usr/lib/libgcj.so.6.0.0)
   at java.lang.Class.forName(java.lang.String, boolean, java.lang.ClassLoader) (/usr/lib/libgcj.so.6.0.0)
   at gnu.java.lang.MainThread.run() (/usr/lib/libgcj.so.6.0.0)
TEST FAILED - Child processed exited with error code (1)


PROGRAM OUTPUT
==============
