BUILD COMMANDS FOR: lists.nice

Mon Nov  8 21:04:12 PST 2004

JAVA=/usr/lib/j2sdk1.4.2_05/bin/java /usr/bin/nicec --source ../.. -d lists.nice_run.tmp -a lists.nice_run.tmp/o.jar lists

Classpath component lists.nice_run.tmp does not exist

Path /opt/shootout/shootout/bench/lists/tmp/lists.nice_run.tmp does not exist
nice.lang: parsing
ackermann: parsing
lists: parsing
ackermann: typechecking
ackermann: generating code
lists: typechecking
lists: generating code
lists: linking
lists: writing in archive
ackermann: writing in archive
nice.lang: writing in archive

=================================================================
COMMAND LINE (%A is single numeric argument):

lists.nice_run %A
************************************************************
*   TEST (lists.nice) FAILED:  lists.nice_out differs from Output.4
************************************************************
-rw-r--r--  1 brent brent 6 Oct  3 20:49 Output.4
-rw-r--r--  1 brent brent 0 Nov  8 21:04 lists.nice_out


PROGRAM OUTPUT
==============
