RUNNING SCRIPT: lists.regina

Mon Nov 21 23:46:19 PST 2005


=================================================================
COMMAND LINE (%A is single numeric argument):

lists.regina %A
/opt/shootout/shootout/bench/lists/lists.regina: line 1: />: is a directory
/opt/shootout/shootout/bench/lists/lists.regina: line 2: />: is a directory
/opt/shootout/shootout/bench/lists/lists.regina: line 3: />: is a directory
/opt/shootout/shootout/bench/lists/lists.regina: line 4: />: is a directory
/opt/shootout/shootout/bench/lists/lists.regina: line 5: />: is a directory
/opt/shootout/shootout/bench/lists/lists.regina: line 6: />: is a directory
/opt/shootout/shootout/bench/lists/lists.regina: line 7: />: is a directory
/opt/shootout/shootout/bench/lists/lists.regina: line 8: />: is a directory
/opt/shootout/shootout/bench/lists/lists.regina: line 9: />: is a directory
/opt/shootout/shootout/bench/lists/lists.regina: line 11: SIZE: command not found
/opt/shootout/shootout/bench/lists/lists.regina: lists.regina: line 13: syntax error near unexpected token `('
/opt/shootout/shootout/bench/lists/lists.regina: lists.regina: line 13: `N = ARG(1) ; if DATATYPE(N) \= 'NUM' | N < 1 then ; N = 1'
TEST FAILED - Child processed exited with error code (2)


PROGRAM OUTPUT
==============
