BUILD COMMANDS FOR: lists.hipe

Sun Sep 18 03:18:13 PDT 2005

cp /opt/shootout/shootout/bench/lists/lists.erlang lists.erl
(if [ "lists" = "lists" ]; then		\
    mv lists.erl lists_test.erl;	\
    /usr/bin/erlc +native +"{hipe, [o3]}" lists_test.erl;	\
else					\
    /usr/bin/erlc +native +"{hipe, [o3]}" lists.erl;	\
fi)
./lists_test.erl:30: Warning: variable 'L33' is unused
./lists_test.erl:157: Warning: variable 'Last1' is unused
./lists_test.erl:157: Warning: variable 'Last2' is unused
./lists_test.erl:none: Warning: this system is not configured for native-code compilation.

=================================================================
COMMAND LINE (%A is single numeric argument):

 /usr/bin/erl -noinput -noshell -run lists_test main %A
************************************************************
*   TEST (lists.hipe_run) FAILED - ERROR:  lists.hipe_out differs from Output.4
************************************************************
-rw-r--r--  1 brent brent 6 Sep 17 11:00 Output.4
-rw-r--r--  1 brent brent 0 Sep 18 03:18 lists.hipe_out
************************************************************
*   TEST (lists.hipe_run) FAILED - ERROR:  lists.hipe_out differs from Output.18
************************************************************
-rw-r--r--  1 brent brent 6 Sep 17 11:00 Output.18
-rw-r--r--  1 brent brent 0 Sep 18 03:18 lists.hipe_out


PROGRAM OUTPUT
==============
10000
