BUILD COMMANDS FOR: magicsquares.java

Tue Jan  9 23:23:33 PST 2007

if [ ! -d magicsquares.java_run ] ; then mkdir magicsquares.java_run ; fi
cp /opt/shootout/shootout/bench/magicsquares/magicsquares.java magicsquares.java_run/magicsquares.java
/usr/lib/j2se/1.5/bin/javac  -d magicsquares.java_run magicsquares.java_run/magicsquares.java
touch magicsquares.java_run

=================================================================
COMMAND LINE (%A is single numeric argument):

 /usr/lib/j2se/1.5/bin/java -server -classpath  magicsquares.java_run  magicsquares %A
************************************************************
*   FILE COMPARISON ERROR
************************************************************
L1: 8 1 6

L2: 2 7 6

************************************************************
*   TEST (magicsquares.java_run) FAILED - ERROR:  magicsquares.java_out differs from Output.3
************************************************************
-rw-r--r-- 1 brent brent 18 2007-01-09 23:23 magicsquares.java_out
-rw-r--r-- 1 brent brent 18 2007-01-09 23:23 Output.3


PROGRAM OUTPUT
==============
8 1 6
3 5 7
4 9 2
