BUILD COMMANDS FOR: mandelbrot.bigloo

Wed Jun 15 19:21:12 PDT 2005

cp /opt/shootout/shootout/bench/mandelbrot/mandelbrot.bigloo mandelbrot.scm
/usr/bin/bigloo -fsharing -Obench -unsafe -farithmetic mandelbrot.scm -o mandelbrot.bigloo_run
mandelbrot.scm:

File "./mandelbrot.scm", line 19, character 459:
#        (cons (mandel (cons (- (* 2 (/ x n)) 1.5) 
#                                    ^
# *** WARNING:bigloo:/
Turning "(/ ... ...)" into "(/fx ... ...)" which may result in precision penalty -- (/ x n)

File "./mandelbrot.scm", line 20, character 510:
#                            (- (* 2 (/ y n)) 1.0)) 
#                                    ^
# *** WARNING:bigloo:/
Turning "(/ ... ...)" into "(/fx ... ...)" which may result in precision penalty -- (/ y n)

File "./mandelbrot.scm", line 19, character 451:
#        (cons (mandel (cons (- (* 2 (/ x n)) 1.5) 
#                            ^
# *** ERROR:bigloo:points
# Type error --  `long' expected, `double' provided
make[3]: [mandelbrot.bigloo_run] Error 255 (ignored)

=================================================================
COMMAND LINE (%A is single numeric argument):

mandelbrot.bigloo_run %A
Error, could not exec mandelbrot.bigloo_run 200 (No such file or directory)
PATH=/opt/shootout/shootout/bench/mandelbrot:/opt/shootout/shootout/bench/mandelbrot/tmp:/opt/xds_c/bin:/opt/intel_fc_80/bin:/opt/intel_cc_80/bin:/usr/lib/poplog/current-poplog/pop/pop:/usr/bin:/bin:/usr/lib/poplog/current-poplog/pop/com
TEST FAILED - Child processed exited with error code (1)


PROGRAM OUTPUT
==============
