BUILD COMMANDS FOR: mandelbrot.python-3.python

Sun May 22 14:17:01 PDT 2005

rm -f mandelbrot.python-3.pyo mandelbrot.python-3.pyc
cp /opt/shootout/shootout/bench/mandelbrot/mandelbrot.python-3.python mandelbrot.python-3.py
/usr/bin/python2.4 -OO -c "from py_compile import compile; compile('/opt/shootout/shootout/bench/mandelbrot/tmp/mandelbrot.python-3.py')"
touch mandelbrot.python-3.python_run

=================================================================
COMMAND LINE (%A is single numeric argument):

 /usr/bin/python2.4 mandelbrot.python-3.pyo %A
Traceback (most recent call last):
  File "/opt/shootout/shootout/bench/mandelbrot/tmp/mandelbrot.python-3.py", line 37, in ?
    main()
  File "/opt/shootout/shootout/bench/mandelbrot/tmp/mandelbrot.python-3.py", line 24, in main
    if mag(z) > limit:
NameError: global name 'mag' is not defined
TEST FAILED - Child processed exited with error code (1)


PROGRAM OUTPUT
==============
P4
200 200
