BUILD COMMANDS FOR: matrix.erlang

Mon May  2 23:13:50 PDT 2005

cp /opt/shootout/shootout/bench/matrix/matrix.erlang matrix.erl
(if [ "matrix" = "lists" ]; then		\
    mv lists.erl lists_test.erl;	\
    /usr/bin/erlc lists_test.erl;		\
else					\
    /usr/bin/erlc matrix.erl;			\
fi)
./matrix.erl:39: Warning: variable 'M1' is unused
./matrix.erl:39: Warning: variable 'M2' is unused
./matrix.erl:46: Warning: variable 'M1R' is unused
./matrix.erl:46: Warning: variable 'M2' is unused
./matrix.erl:46: Warning: variable 'Row' is unused
./matrix.erl:52: Warning: variable 'Col' is unused
./matrix.erl:52: Warning: variable 'M1R' is unused
./matrix.erl:52: Warning: variable 'M2' is unused
./matrix.erl:52: Warning: variable 'Row' is unused
rm matrix.erl

=================================================================
COMMAND LINE (%A is single numeric argument):

 /usr/bin/erl -noinput -noshell -run matrix main %A

Crash dump was written to: erl_crash.dump
init terminating in do_boot ()
************************************************************
*   TEST (matrix.erlang_run) FAILED:  matrix.erlang_out differs from Output.10
************************************************************
-rw-r--r--  1 brent brent  31 Apr  1 07:30 Output.10
-rw-r--r--  1 brent brent 125 May  2 23:13 matrix.erlang_out


PROGRAM OUTPUT
==============
{"init terminating in do_boot",{badarg,[{erlang,atom_to_list,["10"]},{matrix,main,1},{init,start_it,1},{init,start_em,1}]}}
