BUILD COMMANDS FOR: matrix.hipe

Tue Apr  5 21:10:52 PDT 2005

cp /opt/shootout/shootout/bench/matrix/matrix.erlang matrix.erl
(if [ "matrix" = "plugin" ]; then		\
    cp /opt/shootout/shootout/bench/matrix/plugin_2.erlang plugin_2.erl; \
    cp /opt/shootout/shootout/bench/matrix/plugin_3.erlang plugin_3.erl; \
fi)
(if [ "matrix" = "lists" ]; then		\
    mv lists.erl lists_test.erl;	\
    /usr/bin/erlc +native +"{hipe, [o3]}" lists_test.erl;	\
else					\
    if [ "matrix" = "plugin" ]; then	\
        /usr/bin/erlc +native +"{hipe, [o3]}" matrix.erl;		\
        /usr/bin/erlc +native +"{hipe, [o3]}" plugin_2.erl;	\
        /usr/bin/erlc +native +"{hipe, [o3]}" plugin_3.erl;	\
    else				\
        /usr/bin/erlc +native +"{hipe, [o3]}" matrix.erl;	\
            fi;					\
fi)
./matrix.erl:39: Warning: variable 'M1' is unused
./matrix.erl:39: Warning: variable 'M2' is unused
./matrix.erl:46: Warning: variable 'M1R' is unused
./matrix.erl:46: Warning: variable 'M2' is unused
./matrix.erl:46: Warning: variable 'Row' is unused
./matrix.erl:52: Warning: variable 'Col' is unused
./matrix.erl:52: Warning: variable 'M1R' is unused
./matrix.erl:52: Warning: variable 'M2' is unused
./matrix.erl:52: Warning: variable 'Row' is unused
rm matrix.erl

=================================================================
COMMAND LINE (%A is single numeric argument):

matrix.hipe_run %A
Error, could not exec matrix.hipe_run 10 (No such file or directory)
PATH=/opt/shootout/shootout/bench/matrix:/opt/shootout/shootout/bench/matrix/tmp:/opt/intel_fc_80/bin:/opt/intel_cc_80/bin:/usr/lib/poplog/current-poplog/pop/pop:/usr/local/Acrobat5/bin:/usr/lib/postgresql/bin:/home/brent/GNUstep/Tools:/usr/local/lib/GNUstep/Local/Tools:/usr/local/lib/GNUstep/Network/Tools:/usr/lib/GNUstep/System/Tools:/usr/local/bin:/usr/bin:/bin:/usr/bin/X11:/usr/games:/usr/lib/poplog/current-poplog/pop/com
************************************************************
*   TEST (matrix.hipe_run) FAILED:  matrix.hipe_out differs from Output.10
************************************************************
-rw-r--r--  1 brent brent 31 Apr  1 07:30 Output.10
-rw-r--r--  1 brent brent  0 Apr  5 21:10 matrix.hipe_out


PROGRAM OUTPUT
==============
