Entering single file mode.
Compiling library matrix
[Loading library Dylan...]
[Loading library common-dylan...
  [Loading library melange-support...]
  [Loading library threads...]
  [Loading library table-extensions...]
  [Loading library Random...
   [Loading library transcendental...]]]
[Loading library io...In Define Library matrix.:
unknown source locationWarning: Can't tell if argument <unknown-type> is a subtype of type-union(<false>, <type>),
so can't tell if method:
  type-for-file-stream{<object>, <unknown-type>, <object>}
is congruent to GF
  type-for-file-stream
]
Parsing matrix.dylan
Finalizing library.
Converting top level forms.
                      Optimizing top level forms.
                      Emitting C code.
                      Emitting Library Heap.
Emitting Global Heap.
Building inits.
matrixBuilding inits.
gcc: matrix.c: No such file or directory
gcc: no input files
gcc failed?
make[3]: *** [matrix.gwydion_run] Aborted
(if [ "matrix" = "random" ]; then	\
    mv randum matrix.gwydion_run;		\
else				\
    mv matrix matrix.gwydion_run;			\
fi)
mv: cannot stat `matrix': No such file or directory
make[3]: [matrix.gwydion_run] Error 1 (ignored)
rm matrix.[co]
rm: cannot remove `matrix.[co]': No such file or directory
make[3]: [matrix.gwydion_run] Error 1 (ignored)
rm -rf .libs
rm matrix.dylan
plicit declaration of function 'random_Library_init'
matrix.dylan:59268: warning: implicit declaration of function 'common_dylan_Library_init'
matrix.dylan:59269: warning: implicit declaration of function 'io_Library_init'
mkdir .libs
gcc -o matrix matrix.o  /usr/lib/dylan/2.5.0/x86-linux-gcc/libio-dylan.a /usr/lib/dylan/2.5.0/x86-linux-gcc/libcommon-dylan-dylan.a /usr/lib/dylan/2.5.0/x86-linux-gcc/librandom-dylan.a /usr/lib/dylan/2.5.0/x86-linux-gcc/libtranscendental-dylan.a /usr/lib/dylan/2.5.0/x86-linux-gcc/libtable-extensions-dylan.a /usr/lib/dylan/2.5.0/x86-linux-gcc/libthreads-dylan.a /usr/lib/dylan/2.5.0/x86-linux-gcc/libmelange-support-dylan.a /usr/lib/dylan/2.5.0/x86-linux-gcc/libdylan-dylan.a /usr/lib/dylan/2.5.0/x86-linux-gcc/libruntime.a /usr/lib/libgc.so -ldl -lpthread -lm
Optimize called 5092 times.
Compilation finished with 1 Warning and 0 Errors
(if [ "matrix" = "random" ]; then	\
    mv randum matrix.gwydion_run;		\
else				\
    mv matrix matrix.gwydion_run;			\
fi)
rm matrix.[co]
rm -rf .libs

=================================================================
COMMAND LINE (%A is single numeric argument):

matrix.gwydion_run %A
************************************************************
*   TEST (matrix.gwydion_run) FAILED - ERROR:  matrix.gwydion_out differs from Output.10
************************************************************
-rw-r--r--  1 brent brent 31 Sep 17 11:06 Output.10
-rw-r--r--  1 brent brent  0 Sep 25 00:43 matrix.gwydion_out


PROGRAM OUTPUT
==============
270165 1061760 1453695 1856025


PROGRAM OUTPUT
==============
270165 1061760 1453695 1856025
