BUILD COMMANDS FOR: matrix.xemacs

Sun Sep 18 05:43:26 PDT 2005


=================================================================
COMMAND LINE (%A is single numeric argument):

 /usr/bin/xemacs -vanilla -batch -load matrix.elc -funcall main %A
************************************************************
*   TEST (matrix.xemacs_run) FAILED - ERROR:  matrix.xemacs_out differs from Output.10
************************************************************
-rw-r--r--  1 brent brent 31 Sep 17 11:06 Output.10
-rw-r--r--  1 brent brent  0 Sep 18 05:43 matrix.xemacs_out
************************************************************
*   TEST (matrix.xemacs_run) FAILED - ERROR:  matrix.xemacs_out differs from Output.200
************************************************************
-rw-r--r--  1 brent brent 31 Sep 17 11:06 Output.200
-rw-r--r--  1 brent brent  0 Sep 18 05:43 matrix.xemacs_out
************************************************************
*   TEST (matrix.xemacs_run) FAILED - ERROR:  matrix.xemacs_out differs from Output.200
************************************************************
-rw-r--r--  1 brent brent 31 Sep 17 11:06 Output.200
-rw-r--r--  1 brent brent  0 Sep 18 05:43 matrix.xemacs_out


PROGRAM OUTPUT
==============
270165 1061760 1453695 1856025
