BUILD COMMANDS FOR: matrix.hugs

Thu Mar 31 02:57:34 PST 2005

cp /opt/shootout/shootout/bench/matrix/matrix.hugs matrix.hs
touch matrix.hugs_run

=================================================================
COMMAND LINE (%A is single numeric argument):

 /usr/bin/runhugs $HUGS_FLAGS +l matrix %A
runhugs: Error occurred
ERROR "matrix.hs":16 - Type error in application
*** Expression     : zipWith mmult (replicate n m1) (replicate n m2)
*** Term           : mmult
*** Type           : [[Int]] -> [[Int]] -> [[Int]]
*** Does not match : [[Integer]] -> [[Integer]] -> [[Int]]



************************************************************
*   TEST (matrix.hugs) FAILED:  matrix.hugs_out differs from Output.10
************************************************************
-rw-r--r--  1 brent brent 31 Nov 14 19:24 Output.10
-rw-r--r--  1 brent brent  0 Mar 31 02:57 matrix.hugs_out


PROGRAM OUTPUT
==============
