RUNNING SCRIPT: message.lua-2.lua

Sun Sep 18 07:45:03 PDT 2005


=================================================================
COMMAND LINE (%A is single numeric argument):

 /usr/bin/lua $LUA_EXTRAS ../message.lua-2.lua %A
************************************************************
*   TEST HALTED - TIMEOUT AFTER --maxtime 600 SECS
************************************************************
************************************************************
*   TEST HALTED - TIMEOUT AFTER --maxtime 600 SECS
************************************************************
************************************************************
*   TEST HALTED - TIMEOUT AFTER --maxtime 600 SECS
************************************************************
************************************************************
*   TEST HALTED - TIMEOUT AFTER --maxtime 600 SECS
************************************************************
************************************************************
*   TEST HALTED - TIMEOUT AFTER --maxtime 600 SECS
************************************************************
************************************************************
*   TEST (message.lua-2.lua) FAILED - ERROR:  message.lua-2.lua_out differs from Output.1000
************************************************************
-rw-r--r--  1 brent brent 0 Sep 17 11:19 Output.1000
-rw-r--r--  1 brent brent 7 Sep 18 07:51 message.lua-2.lua_out


PROGRAM OUTPUT
==============
500000
