RUNNING SCRIPT: message.gforth

Sat Sep 17 11:27:54 PDT 2005


=================================================================
COMMAND LINE (%A is single numeric argument):

 /usr/bin/gforth-fast $GFORTH_FLAGS ../message.gforth %A
************************************************************
*   TEST (message.gforth) FAILED - ERROR:  message.gforth_out differs from Output.1000
************************************************************
-rw-r--r--  1 brent brent 0 Sep 17 11:19 Output.1000
-rw-r--r--  1 brent brent 7 Sep 17 11:27 message.gforth_out
************************************************************
*   TEST (message.gforth) FAILED - ERROR:  message.gforth_out differs from Output.1000
************************************************************
-rw-r--r--  1 brent brent 0 Sep 17 11:19 Output.1000
-rw-r--r--  1 brent brent 7 Sep 17 11:27 message.gforth_out
************************************************************
*   TEST (message.gforth) FAILED - ERROR:  message.gforth_out differs from Output.1000
************************************************************
-rw-r--r--  1 brent brent 0 Sep 17 11:19 Output.1000
-rw-r--r--  1 brent brent 7 Sep 17 11:27 message.gforth_out


PROGRAM OUTPUT
==============
500000
