BUILD COMMANDS FOR: message.ocaml

Sun Sep 18 08:13:24 PDT 2005

/usr/bin/ocamlopt -noassert -unsafe -I /usr/lib/ocaml/contrib -ccopt -O3 -thread   unix.cmxa threads.cmxa message.ml -o message.ocaml_run
/usr/bin/ld: BFD 2.16.91 20050902 Debian GNU/Linux internal error, aborting at ../../bfd/cache.c line 496 in bfd_cache_lookup_worker

/usr/bin/ld: Please report this bug.

collect2: ld returned 1 exit status
Error during linking
make[3]: [message.ocaml_run] Error 2 (ignored)

=================================================================
COMMAND LINE (%A is single numeric argument):

message.ocaml_run %A
Error, could not exec message.ocaml_run 1000 (No such file or directory)
PATH=/opt/shootout/shootout/bench/message:/opt/shootout/shootout/bench/message/tmp:/opt/xds_x86/bin:/opt/intel_fc_80/bin:/opt/intel_cc_80/bin:/usr/lib/poplog/current-poplog/pop/pop:/usr/bin:/bin:/usr/lib/poplog/current-poplog/pop/com
TEST FAILED - Child processed exited with error code (1)
Fatal error: exception Sys_error("Thread.create: Cannot allocate memory")
TEST FAILED - Child processed exited with error code (2)
Fatal error: exception Sys_error("Thread.create: Cannot allocate memory")
TEST FAILED - Child processed exited with error code (2)
Fatal error: exception Sys_error("Thread.create: Cannot allocate memory")
TEST FAILED - Child processed exited with error code (2)


PROGRAM OUTPUT
==============
