BUILD COMMANDS FOR: message.gij-2.gij

Thu Jan  5 21:02:31 PST 2006

if [ ! -d message.gij-2.gij_run ] ; then mkdir message.gij-2.gij_run ; fi
cp /opt/shootout/shootout/bench/message/message.gij-2.gij message.gij-2.gij_run/message.java
( cd message.gij-2.gij_run ; /usr/bin/gcj -C -classpath '.' message.java )
/bin/sh: /usr/bin/gcj: No such file or directory
make[3]: [message.gij-2.gij_run] Error 127 (ignored)
touch message.gij-2.gij_run

=================================================================
COMMAND LINE (%A is single numeric argument):

 /usr/bin/gij --classpath message.gij-2.gij_run message %A
Exception in thread "main" java.lang.NoClassDefFoundError: message
   at gnu.java.lang.MainThread.run() (/usr/lib/libgcj.so.6.0.0)
Caused by: java.lang.ClassNotFoundException: message not found in gnu.gcj.runtime.SystemClassLoader{urls=[file:message.gij-2.gij_run/], parent=gnu.gcj.runtime.ExtensionClassLoader{urls=[], parent=null}}
   at java.net.URLClassLoader.findClass(java.lang.String) (/usr/lib/libgcj.so.6.0.0)
   at java.lang.ClassLoader.loadClass(java.lang.String, boolean) (/usr/lib/libgcj.so.6.0.0)
   at java.lang.ClassLoader.loadClass(java.lang.String) (/usr/lib/libgcj.so.6.0.0)
   at java.lang.Class.forName(java.lang.String, boolean, java.lang.ClassLoader) (/usr/lib/libgcj.so.6.0.0)
   at gnu.java.lang.MainThread.run() (/usr/lib/libgcj.so.6.0.0)
TEST FAILED - Child processed exited with error code (1)


PROGRAM OUTPUT
==============
