BUILD COMMANDS FOR: message.icc

Fri Mar 31 20:13:49 PST 2006

/opt/intel/cc/9.0/bin/icc -O3 -ip -static -unroll  message.c -o message.icc_run
message.c(39): warning #266: function declared implicitly
  		for (; sem_wait(s) != 0; pthread_yield());
  		                         ^

/tmp/iccXSsLOC.o: In function `main':message.c:(.text+0x5c): undefined reference to `sem_init'
:message.c:(.text+0x74): undefined reference to `pthread_attr_init'
:message.c:(.text+0x8f): undefined reference to `pthread_attr_setstacksize'
:message.c:(.text+0xb7): undefined reference to `pthread_create'
:message.c:(.text+0xed): undefined reference to `sem_post'
:message.c:(.text+0x10d): undefined reference to `sem_getvalue'
:message.c:(.text+0x133): undefined reference to `sem_getvalue'
/tmp/iccXSsLOC.o: In function `semwaitlocked':message.c:(.text+0x214): undefined reference to `sem_getvalue'
:message.c:(.text+0x23b): undefined reference to `sem_getvalue'
/tmp/iccXSsLOC.o: In function `work':message.c:(.text+0x25a): undefined reference to `sem_wait'
:message.c:(.text+0x264): undefined reference to `pthread_yield'
:message.c:(.text+0x26f): undefined reference to `sem_wait'
:message.c:(.text+0x284): undefined reference to `sem_getvalue'
:message.c:(.text+0x2a3): undefined reference to `sem_getvalue'
make[3]: [message.icc_run] Error 1 (ignored)

=================================================================
COMMAND LINE (%A is single numeric argument):

message.icc_run %A
Error, could not exec message.icc_run 1000 (No such file or directory)
PATH=/opt/shootout/shootout/bench/message:/opt/shootout/shootout/bench/message/tmp:/opt/xds_x86/bin:/opt/intel/fc/9.0/bin:/opt/intel/cc/9.0/bin:/usr/lib/poplog/current-poplog/pop/pop:/usr/lib/smarteiffel/bin:/usr/local/Acrobat5/bin:/usr/lib/postgresql/bin:/home/brent/GNUstep/Tools:/usr/local/lib/GNUstep/Local/Tools:/usr/local/lib/GNUstep/Network/Tools:/usr/lib/GNUstep/System/Tools:/usr/local/bin:/usr/bin:/bin:/usr/bin/X11:/usr/games:/usr/lib/poplog/current-poplog/pop/com
TEST FAILED - Child processed exited with error code (1)


PROGRAM OUTPUT
==============
