BUILD COMMANDS FOR: message.erlang-2.erlang

Sun Apr  2 13:28:02 PDT 2006

(if [ "message.erlang-2" = "lists" ]; then		\
	    mv lists.erl lists_test.erl;	\
	    /usr/bin/erlc lists_test.erl;		\
	else					\
	    /usr/bin/erlc message.erlang-2.erl;			\
	fi)
./message.erlang-2.erl:none: no such file or directory
make[2]: [message.erlang-2.erlang_run] Error 1 (ignored)

=================================================================
COMMAND LINE (%A is single numeric argument):

 /usr/bin/erl -noshell -noinput -noshell -run message main %A
************************************************************
*   TEST HALTED - TIMEOUT AFTER --maxtime 3000 SECS
************************************************************
************************************************************
*   TEST HALTED - TIMEOUT AFTER --maxtime 3000 SECS
************************************************************


PROGRAM OUTPUT
==============
