BUILD COMMANDS FOR: message.kaffe-2.kaffe

Sun Sep 18 07:15:41 PDT 2005

( if [ ! -d message.kaffe-2.kaffe_run ] ; then mkdir message.kaffe-2.kaffe_run ; fi)
cp /opt/shootout/shootout/bench/message/message.kaffe-2.kaffe message.kaffe-2.kaffe_run/message.java
( cd message.kaffe-2.kaffe_run ; /usr/lib/j2sdk1.4.2_05/bin/javac  -classpath '.' message.java )
touch message.kaffe-2.kaffe_run

=================================================================
COMMAND LINE (%A is single numeric argument):

 /usr/bin/kaffe -classpath message.kaffe-2.kaffe_run  message %A
************************************************************
*   TEST HALTED - TIMEOUT AFTER --maxtime 600 SECS
************************************************************
************************************************************
*   TEST HALTED - TIMEOUT AFTER --maxtime 600 SECS
************************************************************
************************************************************
*   TEST HALTED - TIMEOUT AFTER --maxtime 600 SECS
************************************************************
************************************************************
*   TEST HALTED - TIMEOUT AFTER --maxtime 600 SECS
************************************************************
************************************************************
*   TEST HALTED - TIMEOUT AFTER --maxtime 600 SECS
************************************************************
************************************************************
*   TEST HALTED - TIMEOUT AFTER --maxtime 600 SECS
************************************************************
************************************************************
*   TEST HALTED - TIMEOUT AFTER --maxtime 600 SECS
************************************************************


PROGRAM OUTPUT
==============
