BUILD COMMANDS FOR: message.ocamlb

Sun Sep 18 08:13:35 PDT 2005

cp /opt/shootout/shootout/bench/message/message.ocaml message.ml
/usr/bin/ocamlc -noassert -unsafe -I /usr/lib/ocaml/contrib -vmthread unix.cma threads.cma message.ml -o message.ocamlb_run
rm message.ml

=================================================================
COMMAND LINE (%A is single numeric argument):

message.ocamlb_run %A
************************************************************
*   TEST HALTED - TIMEOUT AFTER --maxtime 600 SECS
************************************************************
************************************************************
*   TEST HALTED - TIMEOUT AFTER --maxtime 600 SECS
************************************************************
************************************************************
*   TEST HALTED - TIMEOUT AFTER --maxtime 600 SECS
************************************************************
************************************************************
*   TEST HALTED - TIMEOUT AFTER --maxtime 600 SECS
************************************************************
************************************************************
*   TEST HALTED - TIMEOUT AFTER --maxtime 600 SECS
************************************************************
************************************************************
*   TEST HALTED - TIMEOUT AFTER --maxtime 600 SECS
************************************************************


PROGRAM OUTPUT
==============
500000
