BUILD COMMANDS FOR: message.gij

Fri May 20 00:43:22 PDT 2005

if [ ! -d message.gij_run ] ; then mkdir message.gij_run ; fi
cp /opt/shootout/shootout/bench/message/message.gij message.gij_run/message.java
( cd message.gij_run ; /usr/bin/gcj-3.4 -C -classpath '.' message.java )
touch message.gij_run

=================================================================
COMMAND LINE (%A is single numeric argument):

 /usr/bin/gij-3.4 --classpath message.gij_run message %A
Exception in thread "main" java.lang.OutOfMemoryError: Cannot create additional threads
   at _Jv_ThreadStart(java.lang.Thread, _Jv_Thread_t, void ()(java.lang.Thread)) (/usr/lib/libgcj.so.5.0.0)
   at java.lang.Thread.start() (/usr/lib/libgcj.so.5.0.0)
   at message.main(java.lang.String[]) (Unknown Source)
************************************************************
*   TEST HALTED - TIMEOUT AFTER --maxtime 600 SECS
************************************************************
************************************************************
*   TEST HALTED - TIMEOUT AFTER --maxtime 600 SECS
************************************************************


PROGRAM OUTPUT
==============
