BUILD COMMANDS FOR: message.sablevm-3.sablevm

Sat Apr  1 09:11:35 PST 2006

( if [ ! -d message.sablevm-3.sablevm_run ] ; then mkdir message.sablevm-3.sablevm_run ; fi )
cp /opt/shootout/shootout/bench/message/message.sablevm-3.sablevm message.sablevm-3.sablevm_run/message.java
( cd message.sablevm-3.sablevm_run ; /usr/lib/jdk1.5.0_06/bin/javac  -classpath '.' message.java )
touch message.sablevm-3.sablevm_run

=================================================================
COMMAND LINE (%A is single numeric argument):

 /usr/bin/sablevm -Y --classpath="message.sablevm-3.sablevm_run" message %A
java.lang.UnsupportedClassVersionError
   at java.lang.VMClassLoader.nativeDefineClass (VMClassLoader.java)
   at java.lang.VMClassLoader.defineClass (VMClassLoader.java:130)
   at java.lang.ClassLoader.defineClass (ClassLoader.java:679)
   at java.security.SecureClassLoader.defineClass (SecureClassLoader.java:108)
   at java.net.URLClassLoader.findClass (URLClassLoader.java:955)
   at java.lang.ClassLoader.loadClass (ClassLoader.java:359)
   at java.lang.ClassLoader$1.loadClass (ClassLoader.java:1333)
   at java.lang.ClassLoader.loadClass (ClassLoader.java:310)
   at java.lang.VirtualMachine.main (VirtualMachine.java:99)
TEST FAILED - Child processed exited with error code (1)


PROGRAM OUTPUT
==============
