BUILD COMMANDS FOR: message.java-2.sablevm

Sun Sep 18 06:53:58 PDT 2005

( if [ ! -d message.java-2.sablevm_run ] ; then mkdir message.java-2.sablevm_run ; fi )
cp /opt/shootout/shootout/bench/message/message.java-2.sablevm message.java-2.sablevm_run/message.java
( cd message.java-2.sablevm_run ; /usr/lib/j2sdk1.4.2_05/bin/javac  -classpath '.' message.java )
touch message.java-2.sablevm_run

=================================================================
COMMAND LINE (%A is single numeric argument):

 /usr/bin/sablevm -Y --classpath="message.java-2.sablevm_run" message %A
************************************************************
*   TEST HALTED - TIMEOUT AFTER --maxtime 600 SECS
************************************************************
java.lang.InternalError
   at java.lang.VMThread.nativeStart (VMThread.java)
   at java.lang.VMThread.start (VMThread.java:320)
   at java.lang.VMThread.create (VMThread.java:160)
   at java.lang.Thread.start (Thread.java:875)
   at message.main (message.java:20)
   at java.lang.VirtualMachine.invokeMain (VirtualMachine.java)
   at java.lang.VirtualMachine.main (VirtualMachine.java:108)
************************************************************
*   TEST HALTED - TIMEOUT AFTER --maxtime 600 SECS
************************************************************
************************************************************
*   TEST HALTED - TIMEOUT AFTER --maxtime 600 SECS
************************************************************
************************************************************
*   TEST (message.java-2.java_run) FAILED - ERROR:  message.java-2.java_out differs from Output.2000
************************************************************
-rw-r--r--  1 brent brent 0 Sep 17 11:22 Output.2000
-rw-r--r--  1 brent brent 8 Sep 18 07:07 message.java-2.java_out
************************************************************
*   TEST HALTED - TIMEOUT AFTER --maxtime 600 SECS
************************************************************
************************************************************
*   TEST HALTED - TIMEOUT AFTER --maxtime 600 SECS
************************************************************
************************************************************
*   TEST HALTED - TIMEOUT AFTER --maxtime 600 SECS
************************************************************
************************************************************
*   TEST HALTED - TIMEOUT AFTER --maxtime 600 SECS
************************************************************
java.lang.InternalError
   at java.lang.VMThread.nativeStart (VMThread.java)
   at java.lang.VMThread.start (VMThread.java:320)
   at java.lang.VMThread.create (VMThread.java:160)
   at java.lang.Thread.start (Thread.java:875)
   at message.main (message.java:20)
   at java.lang.VirtualMachine.invokeMain (VirtualMachine.java)
   at java.lang.VirtualMachine.main (VirtualMachine.java:108)


PROGRAM OUTPUT
==============
1000000
