BUILD COMMANDS FOR: meteor.gpp-4.gpp

Sat Apr  7 16:39:46 PDT 2007

/usr/bin/g++ -c -pipe -Wall -O3 -fomit-frame-pointer -march=athlon-tbird  meteor.gpp-4.c++ -o meteor.gpp-4.c++.o &&  \
        /usr/bin/g++ meteor.gpp-4.c++.o -o meteor.gpp-4.gpp_run -L/usr/local/lib  
meteor.gpp-4.c++: In constructor ‘Soln::Soln()’:
meteor.gpp-4.c++:61: warning: ‘Soln::m_synched’ will be initialized after
meteor.gpp-4.c++:59: warning:   ‘TUInt32 Soln::m_nPiece’
meteor.gpp-4.c++:47: warning:   when initialized here
meteor.gpp-4.c++: At global scope:
meteor.gpp-4.c++:130: warning: missing braces around initializer for ‘OkPieces’
meteor.gpp-4.c++:130: warning: missing braces around initializer for ‘TInt8 [10]’
meteor.gpp-4.c++:140: warning: missing braces around initializer for ‘IslandInfo’
meteor.gpp-4.c++:140: warning: missing braces around initializer for ‘TUInt32 [2][2]’
meteor.gpp-4.c++:140: warning: missing braces around initializer for ‘TUInt32 [2]’
meteor.gpp-4.c++: In static member function ‘static void Piece::genAllOrientations()’:
meteor.gpp-4.c++:457: warning: comparison between signed and unsigned integer expressions
meteor.gpp-4.c++: In member function ‘void Board::genAllSolutions(BitVec, TUInt32, TUInt32)’:
meteor.gpp-4.c++:736: warning: comparison between signed and unsigned integer expressions

=================================================================
COMMAND LINE (%A is single numeric argument):

meteor.gpp-4.gpp_run %A


PROGRAM OUTPUT
==============
2098 solutions found

0 0 0 0 1 
 2 2 2 0 1 
2 6 6 1 1 
 2 6 1 5 5 
8 6 5 5 5 
 8 6 3 3 3 
4 8 8 9 3 
 4 4 8 9 3 
4 7 4 7 9 
 7 7 7 9 9 

9 9 9 9 8 
 9 6 6 8 5 
6 6 8 8 5 
 6 8 2 5 5 
7 7 7 2 5 
 7 4 7 2 0 
1 4 2 2 0 
 1 4 4 0 3 
1 4 0 0 3 
 1 1 3 3 3 

