BUILD COMMANDS FOR: meteor.gcj

Sat Apr  7 16:37:42 PDT 2007

/usr/bin/gcj-4.1 -O3 -fomit-frame-pointer -march=athlon-tbird  -o meteor.gcj_run --main=meteor meteor.java
meteor.java:51: error: Identifier expected.
     private SortedSet<String> solutions = new TreeSet<String>();
                         ^
meteor.java:52: error: Class or interface declaration expected.
     private Entry[]       solution  = new Entry[10];
                ^
meteor.java:53: error: Class or interface declaration expected.
     private int       depth     = 0;
                ^
meteor.java:54: error: Class or interface declaration expected.
     private Piece[]       pieces    = { new Piece(PIECE0),
                ^
meteor.java:55: error: Class or interface declaration expected.
                     new Piece(PIECE1),
                        ^
meteor.java:56: error: Class or interface declaration expected.
                     new Piece(PIECE2),
                        ^
meteor.java:57: error: Class or interface declaration expected.
                     new Piece(PIECE3),
                        ^
meteor.java:58: error: Class or interface declaration expected.
                     new Piece(PIECE4),
                        ^
meteor.java:59: error: Class or interface declaration expected.
                     new Piece(PIECE5),
                        ^
meteor.java:60: error: Class or interface declaration expected.
                     new Piece(PIECE6),
                        ^
meteor.java:61: error: Class or interface declaration expected.
                     new Piece(PIECE7),
                        ^
meteor.java:62: error: Class or interface declaration expected.
                     new Piece(PIECE8),
                        ^
meteor.java:63: error: Class or interface declaration expected.
                     new Piece(PIECE9)
                        ^
meteor.java:64: error: Class or interface declaration expected.
                       };
                          ^
meteor.java:76: error: Class or interface declaration expected.
     public static void main(String[] args)
                      ^
meteor.java:77: error: Class or interface declaration expected.
        { int N = 2098;
           ^
meteor.java:81: error: Class or interface declaration expected.
          if (args.length > 0)
             ^
meteor.java:82: error: Class or interface declaration expected.
         if (args[0].matches("\\d+"))
            ^
meteor.java:83: error: Class or interface declaration expected.
            N = Integer.parseInt(args[0]);
               ^
meteor.java:87: error: Class or interface declaration expected.
          meteor        puzzle = new meteor ();
             ^
meteor.java:88: error: Class or interface declaration expected.
          Date      start;
             ^
meteor.java:89: error: Class or interface declaration expected.
          Date      end;
             ^
meteor.java:90: error: Class or interface declaration expected.
          long      time;
             ^
meteor.java:91: error: Class or interface declaration expected.
          SortedSet<String> solutions;
             ^
meteor.java:93: error: Class or interface declaration expected.
          start     = new Date();
             ^
meteor.java:94: error: Class or interface declaration expected.
          solutions = puzzle.solve();
             ^
meteor.java:95: error: Class or interface declaration expected.
          end   = new Date();
             ^
meteor.java:96: error: Class or interface declaration expected.
          time      = end.getTime() - start.getTime();      
             ^
meteor.java:100: error: Class or interface declaration expected.
          if (solutions.size() > N)
             ^
meteor.java:101: error: Class or interface declaration expected.
         System.out.println("ERROR");
            ^
meteor.java:102: error: Class or interface declaration expected.
         else if (solutions.size() < N)
            ^
meteor.java:103: error: Class or interface declaration expected.
         System.out.println("TIMEOUT");
            ^
meteor.java:104: error: Class or interface declaration expected.
         else
            ^
meteor.java:105: error: Class or interface declaration expected.
         { if (DEBUG)
            ^
meteor.java:106: error: Class or interface declaration expected.
              { System.out.println("START    : " + start);
                 ^
meteor.java:107: error: Class or interface declaration expected.
            System.out.println("END      : " + end);
               ^
meteor.java:108: error: Class or interface declaration expected.
            System.out.println("TIME     : " + time);
               ^
meteor.java:109: error: Class or interface declaration expected.
            System.out.println("SOLUTIONS: " + solutions.size ());
               ^
meteor.java:110: error: Class or interface declaration expected.
            System.out.println("FIRST    : " + solutions.first());
               ^
meteor.java:111: error: Class or interface declaration expected.
            System.out.println("LAST     : " + solutions.last ());
               ^
meteor.java:112: error: Class or interface declaration expected.
            System.out.println();
               ^
meteor.java:113: error: Class or interface declaration expected.
              }
                 ^
meteor.java:115: error: Class or interface declaration expected.
           System.out.print(solutions.size () + " solutions found\n\n");
              ^
meteor.java:116: error: Class or interface declaration expected.
           print(solutions.first());
              ^
meteor.java:117: error: Class or interface declaration expected.
           System.out.print("\n");
              ^
meteor.java:118: error: Class or interface declaration expected.
           print(solutions.last ());
              ^
meteor.java:119: error: Class or interface declaration expected.
           System.out.print("\n");
              ^
meteor.java:120: error: Class or interface declaration expected.
         }
            ^
meteor.java:121: error: Class or interface declaration expected.
        }
           ^
meteor.java:128: error: Class or interface declaration expected.
     private static void print (String solution)
                       ^
meteor.java:129: error: Class or interface declaration expected.
         { System.out.print(solution.replaceAll("(\\d{5})(\\d{5})","$1 $2")
            ^
meteor.java:130: error: Class or interface declaration expected.
                    .replaceAll("(\\d{5})","$1\n")
                       ^
meteor.java:131: error: Class or interface declaration expected.
                    .replaceAll("(\\d)","$1 "));
                       ^
meteor.java:132: error: Class or interface declaration expected.
         }
            ^
meteor.java:140: error: Class or interface declaration expected.
     public meteor ()
               ^
meteor.java:141: error: Class or interface declaration expected.
        { for (int i=0; i<10; i++)
           ^
meteor.java:142: error: Class or interface declaration expected.
          solution[i] = new Entry();
             ^
meteor.java:143: error: Class or interface declaration expected.
        }
           ^
meteor.java:152: error: Class or interface declaration expected.
     private SortedSet<String> solve()
                ^
meteor.java:153: error: Class or interface declaration expected.
         { solve(0x0002004008010020L,0,0);
            ^
meteor.java:155: error: Class or interface declaration expected.
           return solutions;
              ^
meteor.java:156: error: Class or interface declaration expected.
         }
            ^
meteor.java:167: error: Class or interface declaration expected.
     private void solve (long puzzle,int row,int col)
                ^
meteor.java:168: error: Class or interface declaration expected.
         { for (int ix=0; ix<pieces.length; ix++)
            ^
meteor.java:169: error: Class or interface declaration expected.
           { Piece   piece;
              ^
meteor.java:170: error: Class or interface declaration expected.
             Shape[] list;
                ^
meteor.java:174: error: Class or interface declaration expected.
             if ((piece = pieces[ix]) == null)
                ^
meteor.java:175: error: Class or interface declaration expected.
            continue;
               ^
meteor.java:176: error: Class or interface declaration expected.
            else
               ^
meteor.java:177: error: Class or interface declaration expected.
            list  = pieces[ix].shapes(row,col);
               ^
meteor.java:179: error: Class or interface declaration expected.
             for (Shape shape: list)
                ^
meteor.java:180: error: Class or interface declaration expected.
             { // ... fits badly ?
                ^
meteor.java:182: error: Class or interface declaration expected.
               if ((shape.bitmap & puzzle) != 0)
                  ^
meteor.java:183: error: Class or interface declaration expected.
                  continue;
                     ^
meteor.java:187: error: Class or interface declaration expected.
               long clone = puzzle | shape.bitmap;
                  ^
meteor.java:191: error: Class or interface declaration expected.
               int irow = row;
                  ^
meteor.java:192: error: Class or interface declaration expected.
               int icol = col/2 + 1;
                  ^
meteor.java:194: error: Class or interface declaration expected.
               next:
                  ^
meteor.java:195: error: Class or interface declaration expected.
               while (irow < 10)
                  ^
meteor.java:196: error: Class or interface declaration expected.
                 { while (icol < 5)
                    ^
meteor.java:197: error: Class or interface declaration expected.
                     { if ((clone & MASK[irow][icol]) == 0)
                        ^
meteor.java:198: error: Class or interface declaration expected.
                      break next;
                         ^
meteor.java:200: error: Class or interface declaration expected.
                       icol++;
                          ^
meteor.java:201: error: Class or interface declaration expected.
                     }
                        ^
meteor.java:203: error: Class or interface declaration expected.
                   irow++;
                      ^
meteor.java:204: error: Class or interface declaration expected.
                   icol = 0;
                      ^
meteor.java:205: error: Class or interface declaration expected.
                 }
                    ^
meteor.java:209: error: Class or interface declaration expected.
               Entry entry;
                  ^
meteor.java:211: error: Class or interface declaration expected.
               pieces[ix]  = null;
                  ^
meteor.java:212: error: Class or interface declaration expected.
               entry   = solution[depth++];
                  ^
meteor.java:213: error: Class or interface declaration expected.
               entry.row   = row;
                  ^
meteor.java:214: error: Class or interface declaration expected.
               entry.col   = col;
                  ^
meteor.java:215: error: Class or interface declaration expected.
               entry.shape = shape;
                  ^
meteor.java:217: error: Class or interface declaration expected.
               if (depth == 10)
                  ^
meteor.java:218: error: Class or interface declaration expected.
                  solutions.add(serialize(solution));
                     ^
meteor.java:219: error: Class or interface declaration expected.
                  else
                     ^
meteor.java:220: error: Class or interface declaration expected.
                  solve (clone,irow,2*icol + (irow % 2));
                     ^
meteor.java:222: error: Class or interface declaration expected.
               depth--;
                  ^
meteor.java:223: error: Class or interface declaration expected.
               pieces[ix] = piece;
                  ^
meteor.java:224: error: Class or interface declaration expected.
             }
                ^
meteor.java:225: error: Class or interface declaration expected.
           }
              ^
meteor.java:226: error: Class or interface declaration expected.
         }
            ^
meteor.java:232: error: Class or interface declaration expected.
     private String serialize (Entry[] solution)
                ^
meteor.java:233: error: Class or interface declaration expected.
         { char[] puzzle = new char[50];
            ^
meteor.java:234: error: Class or interface declaration expected.
           Shape   shape;
              ^
meteor.java:235: error: Class or interface declaration expected.
           int     row;
              ^
meteor.java:236: error: Class or interface declaration expected.
           int     col;
              ^
meteor.java:238: error: Class or interface declaration expected.
           for (Entry entry: solution)
              ^
meteor.java:239: error: Class or interface declaration expected.
           { shape = entry.shape;
              ^
meteor.java:240: error: Class or interface declaration expected.
             row   = entry.row;
                ^
meteor.java:241: error: Class or interface declaration expected.
             col   = entry.col;
                ^
meteor.java:243: error: Class or interface declaration expected.
             for (int[] xy: shape.vector)
                ^
meteor.java:244: error: Class or interface declaration expected.
             puzzle[5 * (row + xy[0]) + (col + xy[1])/2] = shape.symbol;
                ^
meteor.java:245: error: Class or interface declaration expected.
           }
              ^
meteor.java:247: error: Class or interface declaration expected.
           return new String(puzzle);
              ^
meteor.java:248: error: Class or interface declaration expected.
         }
            ^
meteor.java:256: error: .
     private static class Entry
        ^
meteor.java:256: error: .
     private static class Entry
                ^
meteor.java:267: error: .
     private static class Piece
        ^
meteor.java:267: error: .
     private static class Piece
                ^
meteor.java:270: error: Invalid character '@' in input.
           @SuppressWarnings("unchecked")
              ^
meteor.java:259: error: Type ‘Shape’ not found in declaration of field ‘shape’.
           public Shape shape; 
                     ^
meteor.java:268: error: Type ‘Shape’ not found in declaration of field ‘shapes’.
         { private Shape[][][] shapes = new Shape[10][10][];
                      ^
123 errors
make[1]: [meteor.gcj_run] Error 1 (ignored)
rm meteor.gcj

=================================================================
COMMAND LINE (%A is single numeric argument):

meteor.gcj_run %A
Error, could not exec meteor.gcj_run 0 (No such file or directory)
PATH=/opt/shootout/shootout/bench/meteor:/opt/shootout/shootout/bench/meteor/tmp:/usr/local/sbin:/usr/local/bin:/usr/sbin:/usr/bin:/sbin:/bin:/usr/bin/X11
TEST FAILED - Child processed exited with error code (1)


PROGRAM OUTPUT
==============
