RUNNING SCRIPT: meteor.lua-4.lua

Sat Apr  7 16:41:10 PDT 2007


=================================================================
COMMAND LINE (%A is single numeric argument):

 /usr/bin/lua5.1 $LUA_EXTRAS ../meteor.lua-4.lua %A
************************************************************
*   TEST (meteor.lua-4.lua) FAILED - ERROR:  meteor.lua-4.lua_out differs from Output.0
************************************************************
-rw-r--r-- 1 root root 251 2007-04-07 16:41 meteor.lua-4.lua_out
-rw-r--r-- 1 root root 254 2007-04-07 16:34 Output.0


PROGRAM OUTPUT
==============
2 solutions found

5 5 5 1 1 
 4 5 5 0 1 
4 2 2 0 1 
 4 4 2 0 1 
4 7 2 6 0 
 7 2 6 8 0 
3 7 7 6 8 
 3 7 6 6 8 
3 3 3 9 8 
 9 9 9 9 8 

8 9 9 9 9 
 8 9 3 3 3 
8 6 6 7 3 
 8 6 7 7 3 
0 8 6 2 7 
 0 6 2 7 4 
1 0 2 4 4 
 1 0 2 2 4 
1 0 5 5 4 
 1 1 5 5 5 

