RUNNING SCRIPT: meteor.lua-2.lua

Sat Apr  7 16:41:08 PDT 2007


=================================================================
COMMAND LINE (%A is single numeric argument):

 /usr/bin/lua5.1 $LUA_EXTRAS ../meteor.lua-2.lua %A
************************************************************
*   TEST (meteor.lua-2.lua) FAILED - ERROR:  meteor.lua-2.lua_out differs from Output.0
************************************************************
-rw-r--r-- 1 root root 251 2007-04-07 16:41 meteor.lua-2.lua_out
-rw-r--r-- 1 root root 254 2007-04-07 16:34 Output.0


PROGRAM OUTPUT
==============
2 solutions found

0 0 0 0 6 
 2 2 2 0 6 
8 7 7 2 6 
 8 7 2 6 6 
8 1 7 7 5 
 8 1 1 5 5 
4 8 4 1 5 
 4 4 1 3 5 
4 9 3 3 3 
 9 9 9 9 3 

3 9 9 9 9 
 3 3 3 9 4 
5 3 1 4 4 
 5 1 4 8 4 
5 5 1 1 8 
 5 7 7 1 8 
6 6 2 7 8 
 6 2 7 7 8 
6 0 2 2 2 
 6 0 0 0 0 

