BUILD COMMANDS FOR: methcall.smlnj

Tue Nov  1 22:37:11 PST 2005

cp /opt/shootout/shootout/bench/methcall/methcall.smlnj methcall.sml
cp /opt/shootout/shootout/bench/methcall/cm_methcall.cm methcall.cm
/usr/bin/ml-build methcall.cm Test.main methcall
Standard ML of New Jersey v110.52 [built: Fri Jan 21 16:42:10 2005]
[scanning methcall.cm]
[parsing (methcall.cm):methcall.sml]
[creating directory .cm/SKEL]
[compiling (methcall.cm):methcall.sml]
[creating directory .cm/GUID]
[creating directory .cm/x86-unix]
[code: 1722, data: 30, env: 248 bytes]
[scanning 13882-export.cm]
[scanning (13882-export.cm):methcall.cm]
[parsing (13882-export.cm):13882-export.sml]
[compiling (13882-export.cm):13882-export.sml]
[code: 221, data: 37, env: 42 bytes]

=================================================================
COMMAND LINE (%A is single numeric argument):

 /usr/bin/sml @SMLload=methcall %A


PROGRAM OUTPUT
==============
true
false
