BUILD COMMANDS FOR: methcall.ocamlb-2.ocamlb

Sun Sep 18 08:55:39 PDT 2005

make[3]: `methcall.ocamlb-2.ocamlb_run' is up to date.

=================================================================
COMMAND LINE (%A is single numeric argument):

methcall.ocamlb-2.ocamlb_run %A
Output.100000
-rw-r--r--  1 brent brent  0 Sep 18 08:55 methcall.ocamlb-2.ocamlb_out
************************************************************
*   TEST (methcall.ocamlb-2.ocamlb_run) FAILED - ERROR:  methcall.ocamlb-2.ocamlb_out differs from Output.100000
************************************************************
-rw-r--r--  1 brent brent 11 Sep 17 11:28 Output.100000
-rw-r--r--  1 brent brent  0 Sep 18 08:55 methcall.ocamlb-2.ocamlb_out
************************************************************
*   TEST (methcall.ocamlb-2.ocamlb_run) FAILED - ERROR:  methcall.ocamlb-2.ocamlb_out differs from Output.100000
************************************************************
-rw-r--r--  1 brent brent 11 Sep 17 11:28 Output.100000
-rw-r--r--  1 brent brent  0 Sep 18 08:55 methcall.ocamlb-2.ocamlb_out
************************************************************
*   TEST (methcall.ocamlb-2.ocamlb_run) FAILED - ERROR:  methcall.ocamlb-2.ocamlb_out differs from Output.100000
************************************************************
-rw-r--r--  1 brent brent 11 Sep 17 11:28 Output.100000
-rw-r--r--  1 brent brent  0 Sep 18 08:56 methcall.ocamlb-2.ocamlb_out


PROGRAM OUTPUT
==============
true
false
