BUILD COMMANDS FOR: methcall.clean

Sat Sep 17 11:28:12 PDT 2005

/usr/bin/clm -b -nt -l /usr/lib/clean/lib/ArgEnv/ArgEnvC.o -I ../Incl/usr/bin/clm -b -nt -l /usr/lib/clean/lib/ArgEnv/ArgEnvC.o -I ../Include/clean -I ../../IncluCompiling methcall
Generating code for methcall
Linking methcall
run
Compiling methcall
Generating code for methcall
Linking methcall
rm methcall.icl

=================================================================
COMMAND LINE (%A is single numeric argument):

 methcall.clean_run $MB_CLRTS %A
************************************************************
*   TEST (methcall.clean_run) FAILED - ERROR:  methcall.clean_out differs from Output.100000
************************************************************
-rw-r--r--  1 brent brent 11 Sep 17 11:28 Output.100000
-rw-r--r--  1 brent brent  0 Sep 17 11:28 methcall.clean_out


PROGRAM OUTPUT
==============
true
false
