BUILD COMMANDS FOR: methcall.oberon2

Sat May  7 23:57:31 PDT 2005

cp /opt/shootout/shootout/bench/methcall/methcall.oberon2 Methcall.Mod
/usr/bin/oo2c ../../Include/oberon2/L*
/usr/bin/oo2c ../../Include/oberon2/R*
/usr/bin/oo2c ../../Include/oberon2/S*
/usr/bin/oo2c -A --no-rtc -M Methcall.Mod
/opt/shootout/shootout/bench/methcall/tmp/Methcall.Mod:93:4: Expected keyword `END'
make[2]: [methcall.oberon2_run] Error 1 (ignored)
mv bin/Methcall methcall.oberon2_run
mv: cannot stat `bin/Methcall': No such file or directory
make[2]: [methcall.oberon2_run] Error 1 (ignored)
rm -rf obj sym bin

=================================================================
COMMAND LINE (%A is single numeric argument):

methcall.oberon2_run %A


PROGRAM OUTPUT
==============
true
false
