RUNNING SCRIPT: methcall.perl

Sun Sep 18 08:57:09 PDT 2005


=================================================================
COMMAND LINE (%A is single numeric argument):

 /usr/bin/perl ../methcall.perl %A
************************************************************
*   TEST (methcall.perl) FAILED - ERROR:  methcall.perl_out differs from Output.100000
************************************************************
-rw-r--r--  1 brent brent 11 Sep 17 11:28 Output.100000
-rw-r--r--  1 brent brent  0 Sep 18 08:57 methcall.perl_out
************************************************************
*   TEST (methcall.perl) FAILED - ERROR:  methcall.perl_out differs from Output.100000
************************************************************
-rw-r--r--  1 brent brent 11 Sep 17 11:28 Output.100000
-rw-r--r--  1 brent brent  0 Sep 18 08:57 methcall.perl_out
************************************************************
*   TEST (methcall.perl) FAILED - ERROR:  methcall.perl_out differs from Output.100000
************************************************************
-rw-r--r--  1 brent brent 11 Sep 17 11:28 Output.100000
-rw-r--r--  1 brent brent  0 Sep 18 08:57 methcall.perl_out
************************************************************
*   TEST (methcall.perl) FAILED - ERROR:  methcall.perl_out differs from Output.100000
************************************************************
-rw-r--r--  1 brent brent 11 Sep 17 11:28 Output.100000
-rw-r--r--  1 brent brent  0 Sep 18 08:59 methcall.perl_out
************************************************************
*   TEST (methcall.perl) FAILED - ERROR:  methcall.perl_out differs from Output.100000
************************************************************
-rw-r--r--  1 brent brent 11 Sep 17 11:28 Output.100000
-rw-r--r--  1 brent brent  0 Sep 18 08:59 methcall.perl_out
************************************************************
*   TEST HALTED - TIMEOUT AFTER --maxtime 600 SECS
************************************************************


PROGRAM OUTPUT
==============
true
false
