BUILD COMMANDS FOR: methcall.pike

Sun Sep 18 09:00:50 PDT 2005

rm -f methcall.o
cp /opt/shootout/shootout/bench/methcall/methcall.pike methcall.pike
/usr/bin/pike -x dump methcall.pike
touch methcall.pike_run

=================================================================
COMMAND LINE (%A is single numeric argument):

 /usr/bin/pike methcall.pike %A
************************************************************
*   TEST (methcall.pike_run) FAILED - ERROR:  methcall.pike_out differs from Output.100000
************************************************************
-rw-r--r--  1 brent brent 11 Sep 17 11:28 Output.100000
-rw-r--r--  1 brent brent  0 Sep 18 09:02 methcall.pike_out
************************************************************
*   TEST (methcall.pike_run) FAILED - ERROR:  methcall.pike_out differs from Output.100000
************************************************************
-rw-r--r--  1 brent brent 11 Sep 17 11:28 Output.100000
-rw-r--r--  1 brent brent  0 Sep 18 09:02 methcall.pike_out
************************************************************
*   TEST (methcall.pike_run) FAILED - ERROR:  methcall.pike_out differs from Output.100000
************************************************************
-rw-r--r--  1 brent brent 11 Sep 17 11:28 Output.100000
-rw-r--r--  1 brent brent  5 Sep 18 09:03 methcall.pike_out
************************************************************
*   TEST (methcall.pike_run) FAILED - ERROR:  methcall.pike_out differs from Output.100000
************************************************************
-rw-r--r--  1 brent brent 11 Sep 17 11:28 Output.100000
-rw-r--r--  1 brent brent  5 Sep 18 09:03 methcall.pike_out


PROGRAM OUTPUT
==============
true
false
