BUILD COMMANDS FOR: methcall.gcl

Sat Feb 19 01:15:21 PST 2005

cp /opt/shootout/shootout/bench/methcall/methcall.gcl methcall.gcl
GCL_ANSI=1; export GCL_ANSI; \
  /usr/bin/gclcvs -compile methcall.gcl

Compiling methcall.gcl.
End of Pass 1.  
End of Pass 2.  
OPTIMIZE levels: Safety=0 (No runtime error checking), Space=0, Speed=3, (Debug quality ignored)
Finished compiling methcall.gcl.
touch methcall.gcl_run

=================================================================
COMMAND LINE (%A is single numeric argument):

 /usr/bin/gclcvs -batch -load methcall.o -eval '(main)' -f methcall.gcl %A
************************************************************
*   TEST (methcall.gcl) FAILED:  methcall.gcl_out differs from Output.100000
************************************************************
-rw-r--r--  1 brent brent  11 Nov 14 19:25 Output.100000
-rw-r--r--  1 brent brent 202 Feb 19 01:15 methcall.gcl_out


PROGRAM OUTPUT
==============

Compiling ./gazonk0.lsp.
End of Pass 1.  
End of Pass 2.  
OPTIMIZE levels: Safety=0 (No runtime error checking), Space=0, Speed=3, (Debug quality ignored)
Finished compiling ./gazonk0.lsp.
true
false
