BUILD COMMANDS FOR: methcall.mlton

Sun May  8 17:09:35 PDT 2005

cp /opt/shootout/shootout/bench/methcall/methcall.mlton methcall.sml
echo 'Include/mlton-src/lib.mlb methcall.sml' >methcall.mlb
/usr/bin/mlton  -output methcall.mlton_run methcall.mlb
Error: methcall.mlb 1.1.
  File Include/mlton-src/lib.mlb does not exist.
Error: methcall.sml 11.18.
  Undefined type ref.
Error: methcall.sml 17.14.
  Undefined variable ref.
Error: methcall.sml 18.35.
  Undefined variable !.
Error: methcall.sml 19.53.
  Undefined variable :=.
Error: methcall.sml 19.56.
  Undefined variable not.
Error: methcall.sml 19.60.
  Undefined variable !.
Error: methcall.sml 31.18.
  Undefined type int.
Error: methcall.sml 32.17.
  Undefined type int.
Error: methcall.sml 32.21.
  Undefined type ref.
Error: methcall.sml 28.18.
  Undefined type ref.
Error: methcall.sml 37.14.
  Undefined variable ref.
Error: methcall.sml 38.35.
  Undefined variable !.
Error: methcall.sml 41.26.
  Undefined variable +.
Error: methcall.sml 41.24.
  Function not of arrow type.
    function: [?.int32]
    in: 1 +
Error: methcall.sml 41.28.
  Undefined variable !.
Error: methcall.sml 42.23.
  Undefined variable :=.
Error: methcall.sml 44.13.
  Undefined variable !.
Error: methcall.sml 44.22.
  Undefined variable >=.
Error: methcall.sml 45.18.
  Undefined variable :=.
compilation aborted: too many errors
make[2]: [methcall.mlton_run] Error 1 (ignored)
rm -f methcall.mlb methcall.sml

=================================================================
COMMAND LINE (%A is single numeric argument):

methcall.mlton_run %A


PROGRAM OUTPUT
==============
true
false
