Entering single file mode.
Compiling library methcall
[Loading library Dylan...]
[Loading library common-dylan...
  [Loading library melange-support...]
  [Loading library threads...]
  [Loading library table-extensions...]
  [Loading library Random...
   [Loading library transcendental...]]]
[Loading library io...In Define Library methcall.:
unknown source locationWarning: Can't tell if argument <unknown-type> is a subtype of type-union(<false>, <type>),
so can't tell if method:
  type-for-file-stream{<object>, <unknown-type>, <object>}
is congruent to GF
  type-for-file-stream
]
Parsing methcall.dylan
Finalizing library.
Converting top level forms.
                      Optimizing top level forms.
                      Emitting C code.
                      Emitting Library Heap.
Emitting Global Heap.
Building inits.
methcall.dylan: In function 'inits':
methcall.dylan:59204: warning: implicit declaration of function 'dylan_Library_init'
methcall.dylan:59205: warning: implicit declaration of function 'melange_support_Library_init'
methcall.dylan:59206: warning: implicit declaration of function 'threads_Library_init'
methcall.dylan:59207: warning: implicit declaration of function 'table_extensions_Library_init'
methcall.dylan:59208: warning: implicit declaration of function 'transcendental_Library_init'
methcall.dylan:59209: warning: implicit declaration of function 'random_Library_init'
methcall.dylan:59210: warning: implicit declaration of function 'common_dylan_Library_init'
methcall.dylan:59211: warning: implicit declaration of function 'io_Library_init'
gcc -o methcgcc -o methcall methcall.o  /usr/lib/dylan/2.5.0/x86-linux-gcc/libio-dylan.a /usr/lib/dylan/2.5.0/x86-linux-gcc/libcommon-dylan-dylan.a /usr/lib/dylan/2.5.0/x86-linux-gcc/librandom-dylan.a /usr/lib/dylan/2.5.0/x86-linux-gcc/libtranscendental-dylan.a /usr/lib/dylan/2.5.0/x86-linux-gcc/libtable-extensions-dylan.a /usr/lib/dylan/2.5.0/x86-linux-gcc/libthreads-dylan.a /usr/lib/dylan/2.5.0/x86-linux-gcc/libmelange-support-dylan.a /usr/lib/dylan/2.5.0/x86-linux-gcc/libdylan-dylan.a /usr/lib/dylan/2.5.0/x86-linux-gcc/libruntime.a /usr/lib/libgc.so -ldl -lOptimize called 2567 times.
Compilation finished with 1 Warning and 0 Errors
(if [ "methcall" = "random" ]; then	\
    mv randum methcall.gwydion_run;		\
else				\
    mv methcall methcall.gwydion_run;			\
fi)
mv: cannot stat `methcall': No such file or directory
make[3]: [methcall.gwydion_run] Error 1 (ignored)
rm methcall.[co]
rm: cannot remove `methcall.[co]': No such file or directory
make[3]: [methcall.gwydion_run] Error 1 (ignored)
rm -rf .libs

=================================================================
COMMAND LINE (%A is single numeric argument):

methcall.gwydion_run %A


PROGRAM OUTPUT
==============
true
false


PROGRAM OUTPUT
==============
true
false
