BUILD COMMANDS FOR: methcall.chicken

Sat Sep 17 11:28:04 PDT 2005

rm -f methcall.chicken_run
/usr/bin/csc methcall.chicken -O3 -d0 -lambda-lift -b  -o methcall.chicken_run
Warning: global variable `Nth-toggle?' is never used
Warning: global variable `Toggle?' is never used
Warning: global variable `->Toggle' is never used
Warning: global variable `Nth-toggle-state-set!' is never used
Warning: global variable `Nth-toggle-count-max-set!' is never used
Warning: global variable `allocate-Toggle' is never used
Warning: global variable `Nth-toggle-state' is never used
Warning: global variable `->Nth-toggle' is never used
Warning: global variable `allocate-Nth-toggle' is never used
Error: (delete-file) can not delete file: "methcall.c"

make[3]: [methcall.chicken_run] Error 70 (ignored)

=================================================================
COMMAND LINE (%A is single numeric argument):

methcall.chicken_run %A
************************************************************
*   TEST (methcall.chicken_run) FAILED - ERROR:  methcall.chicken_out differs from Output.100000
************************************************************
-rw-r--r--  1 brent brent 11 Sep 17 11:28 Output.100000
-rw-r--r--  1 brent brent  0 Sep 17 11:28 methcall.chicken_out
************************************************************
*   TEST (methcall.chicken_run) FAILED - ERROR:  methcall.chicken_out differs from Output.100000
************************************************************
-rw-r--r--  1 brent brent 11 Sep 17 11:28 Output.100000
-rw-r--r--  1 brent brent  0 Sep 17 11:28 methcall.chicken_out


PROGRAM OUTPUT
==============
true
false
