BUILD COMMANDS FOR: methcall.ooc

Tue Nov  8 23:48:11 PST 2005

cp /opt/shootout/shootout/bench/methcall/methcall.ooc methcall.ooc
/usr/bin/oo2c -r ../../Include/ooc -r . -A --no-rtc -M methcall.ooc
In file included from obj/methcall.c:1:
obj/methcall.d:14: warning: pointer targets in initialization differ in signedness
obj/methcall.d:15: warning: pointer targets in initialization differ in signedness
obj/methcall.d:16: warning: pointer targets in initialization differ in signedness
obj/methcall.d:17: warning: pointer targets in initialization differ in signedness
obj/methcall.c: In function 'OOC_methcall_init':
obj/methcall.c:89: warning: pointer targets in passing argument 1 of 'Out__String' differ in signedness
obj/methcall.c:92: warning: pointer targets in passing argument 1 of 'Out__String' differ in signedness
obj/methcall.c:114: warning: pointer targets in passing argument 1 of 'Out__String' differ in signedness
obj/methcall.c:117: warning: pointer targets in passing argument 1 of 'Out__String' differ in signedness
mv bin/* methcall.ooc_run
rm -rf obj sym bin	
rm methcall.ooc

=================================================================
COMMAND LINE (%A is single numeric argument):

methcall.ooc_run %A


PROGRAM OUTPUT
==============
true
false
