BUILD COMMANDS FOR: methcall.python

Sun Sep 18 09:03:48 PDT 2005

make[3]: `methcall.python_run' is up to date.

=================================================================
COMMAND LINE (%A is single numeric argument):

 /usr/bin/python2.4 methcall.pyo %A
************************************************************
*   TEST (methcall.python_run) FAILED - ERROR:  methcall.python_out differs from Output.100000
************************************************************
-rw-r--r--  1 brent brent 11 Sep 17 11:28 Output.100000
-rw-r--r--  1 brent brent  0 Sep 18 09:03 methcall.python_out
************************************************************
*   TEST (methcall.python_run) FAILED - ERROR:  methcall.python_out differs from Output.100000
************************************************************
-rw-r--r--  1 brent brent 11 Sep 17 11:28 Output.100000
-rw-r--r--  1 brent brent  0 Sep 18 09:03 methcall.python_out
************************************************************
*   TEST HALTED - TIMEOUT AFTER --maxtime 600 SECS
************************************************************


PROGRAM OUTPUT
==============
true
false
