BUILD COMMANDS FOR: methcall.cmucl

Wed Jun  7 22:10:43 PDT 2006

CMUCL built with: /usr/bin/lisp -noinit -batch -eval '(load "methcall.cmucl_compile")'
### START methcall.cmucl_compile
(proclaim '(optimize (speed 3) (safety 0) (debug 0) (compilation-speed 0) (space 0)))
(compile-file "methcall.cmucl" :block-compile t  :entry-points '(main))
(quit)
### END methcall.cmucl_compile

Couldn't mmap at 0xbe000000, len 1048576; got mapping at 0xa6051000 insteadensure_space: Failed to validate 1048576 bytes at 0xbe000000
### START methcall.cmucl_run
(proclaim '(optimize (speed 3) (safety 0) (debug 0) (compilation-speed 0) (space 0)))
(setq *gc-verbose* nil)
(load "methcall.x86f" :verbose nil :print nil)
(main) (quit)
### END methcall.cmucl_run


=================================================================
COMMAND LINE (%A is single numeric argument):

 /usr/bin/lisp -noinit -batch -eval '(load "methcall.cmucl_run" :verbose nil :print nil)' %A
Couldn't mmap at 0xbe000000, len 1048576; got mapping at 0xa608e000 insteadensure_space: Failed to validate 1048576 bytes at 0xbe000000
TEST FAILED - Child processed exited with error code (1)


PROGRAM OUTPUT
==============
