RUNNING SCRIPT: moments.regina

Thu Nov  3 17:39:30 PST 2005


=================================================================
COMMAND LINE (%A is single numeric argument):

 /usr/bin/regina -a -tO ../moments.regina %A
************************************************************
*   FILE COMPARISON ERROR
************************************************************
L1: standard_deviation: 144.338474

L2: standard_deviation: 144.338433

************************************************************
*   TEST (moments.regina) FAILED - ERROR:  moments.regina_out differs from Output.125
************************************************************
-rw-r--r--  1 brent brent 242 Oct 30 14:14 Output.125
-rw-r--r--  1 brent brent 242 Nov  3 17:44 moments.regina_out


PROGRAM OUTPUT
==============
n:                  62500
median:             250.500000
mean:               250.500000
average_deviation:  125.000000
standard_deviation: 144.338474
variance:           20833.594938
skew:               0.000000
kurtosis:           -1.200069
