BUILD COMMANDS FOR: moments.smlnj

Tue Nov  1 23:27:29 PST 2005

cp /opt/shootout/shootout/bench/moments/moments.smlnj moments.sml
cp /opt/shootout/shootout/bench/moments/cm_moments.cm moments.cm
/usr/bin/ml-build moments.cm Test.main moments
Standard ML of New Jersey v110.52 [built: Fri Jan 21 16:42:10 2005]
[scanning moments.cm]
[parsing (moments.cm):moments.sml]
[creating directory .cm/SKEL]
[compiling (moments.cm):moments.sml]
[creating directory .cm/GUID]
[creating directory .cm/x86-unix]
[code: 4597, data: 285, env: 248 bytes]
[scanning 17061-export.cm]
[scanning (17061-export.cm):moments.cm]
[parsing (17061-export.cm):17061-export.sml]
[compiling (17061-export.cm):17061-export.sml]
[code: 220, data: 36, env: 42 bytes]

=================================================================
COMMAND LINE (%A is single numeric argument):

 /usr/bin/sml @SMLload=moments %A


PROGRAM OUTPUT
==============
n:                  100000
median:             250.500000
mean:               250.500000
average_deviation:  125.000000
standard_deviation: 144.338000
variance:           20833.458335
skew:               0.000000
kurtosis:           -1.200046
