BUILD COMMANDS FOR: moments.ocamlb

Sat Nov 12 23:22:49 PST 2005

cp /opt/shootout/shootout/bench/moments/moments.ocaml moments.ml
/usr/bin/ocamlc -noassert -unsafe -I /usr/lib/ocaml/contrib  moments.ml -o moments.ocamlb_run
File "moments.ml", line 75, characters 30-41:
Warning Y: unused variable std_dev_ref.
rm moments.ml

=================================================================
COMMAND LINE (%A is single numeric argument):

moments.ocamlb_run %A


PROGRAM OUTPUT
==============
n:                  100000
median:             250.500000
mean:               250.500000
average_deviation:  125.000000
standard_deviation: 144.338000
variance:           20833.458335
skew:               0.000000
kurtosis:           -1.200046
