BUILD COMMANDS FOR: moments.java

Sun Sep 18 09:51:34 PDT 2005

if [ ! -d moments.java_run ] ; then mkdir moments.java_run ; fi
cp /opt/shootout/shootout/bench/moments/moments.java moments.java_run/moments.java
/usr/lib/j2sdk1.4.2_05/bin/javac  -d moments.java_run moments.java_run/moments.java
touch moments.java_run

=================================================================
COMMAND LINE (%A is single numeric argument):

 /usr/lib/j2sdk1.4.2_05/bin/java -server -classpath  moments.java_run  moments %A
************************************************************
*   TEST (moments.java_run) FAILED - ERROR:  moments.java_out differs from Output.25
************************************************************
-rw-r--r--  1 brent brent 242 Sep 17 11:29 Output.25
-rw-r--r--  1 brent brent   0 Sep 18 09:53 moments.java_out


PROGRAM OUTPUT
==============
n:                  100000
median:             250.500000
mean:               250.500000
average_deviation:  125.000000
standard_deviation: 144.338000
variance:           20833.458335
skew:               0.000000
kurtosis:           -1.200046
