BUILD COMMANDS FOR: moments.gcl

Sat Sep 17 11:40:42 PDT 2005

cp /opt/shootout/shootout/bench/moments/moments.gcl moments.gcl
(GCL_ANSI=1; export GCL_ANSI; \
  /usr/bin/gclcvs -compile moments.gcl)

;; Compiling moments.gcl.
; (DEFUN DO-MOMENTS ...) is being compiled.
;; Warning: Type declaration was found for not bound variable MEAN
; (DEFUN MAIN ...) is being compiled.
;; Warning: Type declaration was found for not bound variable NUMS
;; Warning: Type declaration was found for not bound variable NUMS
;; End of Pass 1.  
;; End of Pass 2.  
;; OPTIMIZE levels: Safety=0 (No runtime error checking), Space=0, Speed=3, (Debug quality ignored)
;; Finished compiling moments.gcl.
touch moments.gcl_run

=================================================================
COMMAND LINE (%A is single numeric argument):

 /usr/bin/gclcvs -batch -load moments.o -eval '(main)' -f moments.gcl %A
************************************************************
*   TEST (moments.gcl_run) FAILED - ERROR:  moments.gcl_out differs from Output.25
************************************************************
-rw-r--r--  1 brent brent 242 Sep 17 11:29 Output.25
-rw-r--r--  1 brent brent   0 Sep 17 11:40 moments.gcl_out
************************************************************
*   TEST (moments.gcl_run) FAILED - ERROR:  moments.gcl_out differs from Output.25
************************************************************
-rw-r--r--  1 brent brent    242 Sep 17 11:29 Output.25
-rw-r--r--  1 brent brent 303756 Sep 17 11:40 moments.gcl_out
************************************************************
*   TEST (moments.gcl_run) FAILED - ERROR:  moments.gcl_out differs from Output.25
************************************************************
-rw-r--r--  1 brent brent    242 Sep 17 11:29 Output.25
-rw-r--r--  1 brent brent 360053 Sep 17 11:40 moments.gcl_out


PROGRAM OUTPUT
==============

Error in SYSTEM::GCL-TOP-LEVEL [or a callee]: Cannot open the file moments.o.

Fast links are on: do (si::use-fast-links nil) for debugging
Broken at SYSTEM::SET-UP-TOP-LEVEL.  Type :H for Help.
 1 (Continue) Retry loading file "moments.o".
 2 Return to top level.
dbl:>>
No such restart.
NIL
dbl:>>
No such restart.
NIL
dbl:>>
No such restart.
NIL
dbl:>>
No such restart.
NIL
dbl:>>
No such restart.
NIL
dbl:>>
No such restart.
NIL
dbl:>>
No such restart.
NIL
dbl:>>
No such restart.
NIL
dbl:>>
No such restart.
NIL
dbl:>>
No such restart.
NIL
dbl:>>
No such restart.
NIL
dbl:>>
No such restart.
NIL
dbl:>>
No such restart.
NIL
dbl:>>
No such restart.
NIL
dbl:>>
===================================
!!! Note: Truncated to 50 lines !!!
===================================
