BUILD COMMANDS FOR: moments.icon

Tue Feb 14 21:37:24 PST 2006

cp /opt/shootout/shootout/bench/moments/moments.icon moments.icn
(unset STRSIZE BLOCKSIZE COEXPSIZE MSTKSIZE TRACE NOERRBUF ; \
	/usr/bin/icont -o moments.icon_run moments.icn )
Translating:
moments.icn:
  main
No errors
Linking:
rm moments.icn

=================================================================
COMMAND LINE (%A is single numeric argument):

 unset STRSIZE BLOCKSIZE COEXPSIZE TRACE NOERRBUF;export MSTKSIZE=250000;moments.icon_run %A
90
************************************************************
*   FILE COMPARISON ERROR
************************************************************
L1: kurtosis:           -1.200297

L2: kurtosis:           -1.200298

************************************************************
*   TEST (moments.icon_run) FAILED - ERROR:  moments.icon_out differs from Output.25
************************************************************
-rw-r--r-- 1 brent brent 242 Oct 30 14:14 Output.25
-rw-r--r-- 1 brent brent 242 Feb 14 21:37 moments.icon_out


PROGRAM OUTPUT
==============
n:                  12500
median:             250.500000
mean:               250.500000
average_deviation:  125.000000
standard_deviation: 144.343052
variance:           20834.916793
skew:               0.000000
kurtosis:           -1.200297
