BUILD COMMANDS FOR: moments.hugs

Wed Apr 13 01:08:47 PDT 2005

cp /opt/shootout/shootout/bench/moments/moments.hugs moments.hs
touch moments.hugs_run

=================================================================
COMMAND LINE (%A is single numeric argument):

 /usr/bin/runhugs -h10000000 +l moments %A
************************************************************
*   TEST (moments.hugs_run) FAILED:  moments.hugs_out differs from Output.25
************************************************************
-rw-r--r--  1 brent brent 242 Apr  1 12:36 Output.25
-rw-r--r--  1 brent brent 177 Apr 13 01:08 moments.hugs_out


PROGRAM OUTPUT
==============
n:                  12500
median:             250.500000
mean:               250.500000
average_deviation:  125.000000
standard_deviation: 
Program error: argument out of range
