BUILD COMMANDS FOR: moments.clean

Sat Oct 16 00:03:22 PDT 2004

cp /opt/shootout/shootout/bench/moments/moments.clean moments.icl
/usr/bin/clm -b -nt -ou -l /usr/lib/clean/lib/ArgEnvUnix/ArgEnvC.o -I ../Include/clean -I ../../Include/clean moments -o moments.clean_run
Warning [StdFile.abc,17,stdio;33]: no inline code for this rule
Warning [StdReal.abc,47,abs;8]: no inline code for this rule
Compiling moments
Compiling Heapsort
Generating code for moments
Generating code for Heapsort
Generating code for _SystemEnumStrict
Generating code for _SystemStrictLists
Generating code for StdStrictLists
Generating code for StdOverloadedList
Linking moments
rm moments.icl

=================================================================
COMMAND LINE (%A is single numeric argument):

 moments.clean_run -h 10000000 %A


PROGRAM OUTPUT
==============

n:                  100000
median:             250.500000
mean:               250.500000
average_deviation:  125.000000
standard_deviation: 144.338000
variance:           20833.458335
skew:               0.000000
kurtosis:           -1.200046
