BUILD COMMANDS FOR: moments.mzc

Sun Jan 22 11:11:45 PST 2006

cp /opt/shootout/shootout/bench/moments/moments.mzscheme moments.ss
/usr/bin/mzc moments.ss
mzc version 301, Copyright (c) 2004-2005 PLT Scheme Inc.
"moments.ss": 
 [output to "./moments.so"]
echo "#!/usr/bin/mzscheme -r" > moments.mzc_run
echo "(load-extension \"moments.so\")" >> moments.mzc_run
chmod a+rwx moments.mzc_run
rm moments.ss

=================================================================
COMMAND LINE (%A is single numeric argument):

moments.mzc_run %A
standard-module-name-resolver: collection not found: "readline" in any of: (#<path:/home/brent/.plt-scheme/301/collects> #<path:/usr/lib/plt/collects>)
************************************************************
*   TEST (moments.mzc_run) FAILED - ERROR:  moments.mzc_out differs from Output.25
************************************************************
-rw-r--r-- 1 brent brent 242 Oct 30 14:14 Output.25
-rw-r--r-- 1 brent brent   0 Jan 22 11:11 moments.mzc_out


PROGRAM OUTPUT
==============
