BUILD COMMANDS FOR: moments.gnat

Sun Sep 18 09:43:01 PDT 2005

cp /opt/shootout/shootout/bench/moments/moments.gnat moments.ada
/usr/bin/gnatchop -w moments.ada
splitting moments.ada into:
   quick_sort.ads
   quick_sort.adb
   moments.adb
/usr/bin/gnatmake -gnatp -Wall -O3 -fomit-frame-pointer -funroll-loops  -f moments.adb -o moments.gnat_run
gcc-4.0 -c -gnatp -Wall -O3 -fomit-frame-pointer -funroll-loops moments.adb
gcc-4.0 -c -gnatp -Wall -O3 -fomit-frame-pointer -funroll-loops quick_sort.adb
gnatbind -x moments.ali
gnatlink moments.ali -fomit-frame-pointer -funroll-loops -o moments.gnat_run
rm moments.ada

=================================================================
COMMAND LINE (%A is single numeric argument):

moments.gnat_run %A
************************************************************
*   TEST (moments.gnat_run) FAILED - ERROR:  moments.gnat_out differs from Output.25
************************************************************
-rw-r--r--  1 brent brent 242 Sep 17 11:29 Output.25
-rw-r--r--  1 brent brent   0 Sep 18 09:44 moments.gnat_out


PROGRAM OUTPUT
==============
n:                  100000
median:             250.500000
mean:               250.500000
average_deviation:  125.000000
standard_deviation: 144.338000
variance:           20833.458335
skew:               0.000000
kurtosis:           -1.200046
