BUILD COMMANDS FOR: moments.icpp

Sun Mar 20 23:43:19 PST 2005

/opt/intel_cc_80/bin/icpc -c -O3 -ip -static -unroll  moments.c++ -o moments.c++.o &&  \
        /opt/intel_cc_80/bin/icpc moments.c++.o -o moments.icpp_run -O3 -ip -static -unroll  
moments.c++(45): warning #1572: floating-point equality and inequality comparisons are unreliable
              if (variance) {
              ^
          detected during instantiation of "moments<T>::moments(InputIterator, InputIterator) [with T=double, InputIterator=std::allocator<double>::value_type={std::_Allocator_base<double>::value_type={double}} *]" 

rm: cannot remove `moments.o': No such file or directory
make[2]: [moments.icpp_run] Error 1 (ignored)

=================================================================
COMMAND LINE (%A is single numeric argument):

moments.icpp_run %A


PROGRAM OUTPUT
==============
n:                  99801
median:             251.000000
mean:               308.443713
average_deviation:  188.840896
standard_deviation: 1296.144256
variance:           1679989.932265
skew:               21.912666
kurtosis:           484.229758
