RUNNING SCRIPT: nbody.tcc

Sun Sep 25 16:20:02 PDT 2005


=================================================================
COMMAND LINE (%A is single numeric argument):

nbody.tcc %A
/opt/shootout/shootout/bench/nbody/nbody.tcc: line 1: />: is a directory
/opt/shootout/shootout/bench/nbody/nbody.tcc: line 2: Clean System Files: command not found
/opt/shootout/shootout/bench/nbody/nbody.tcc: line 3: Clean System Files: command not found
/opt/shootout/shootout/bench/nbody/nbody.tcc: line 4: Clean System Files: command not found
/opt/shootout/shootout/bench/nbody/nbody.tcc: line 5: Clean System Files: command not found
/opt/shootout/shootout/bench/nbody/nbody.tcc: line 6: Clean System Files: command not found
/opt/shootout/shootout/bench/nbody/nbody.tcc: line 7: Clean System Files/: is a directory
/opt/shootout/shootout/bench/nbody/nbody.tcc: line 17: struct: command not found
double: x,: No such file or directory
double: vx,: No such file or directory
double: mass: No such file or directory
/opt/shootout/shootout/bench/nbody/nbody.tcc: nbody.tcc: line 21: syntax error near unexpected token `}'
/opt/shootout/shootout/bench/nbody/nbody.tcc: nbody.tcc: line 21: `};'
TEST FAILED - Child processed exited with error code (2)


PROGRAM OUTPUT
==============
