BUILD COMMANDS FOR: nbody.ocamlb

Sun May 15 06:36:09 PDT 2005

cp /opt/shootout/shootout/bench/nbody/nbody.ocaml nbody.ml
/usr/bin/ocamlc -noassert -unsafe -I /usr/lib/ocaml/contrib  nbody.ml -o nbody.ocamlb_run
rm nbody.ml

=================================================================
COMMAND LINE (%A is single numeric argument):

nbody.ocamlb_run %A
************************************************************
*   TEST (nbody.ocamlb_run) FAILED - ERROR:  nbody.ocamlb_out differs from Output.100000
************************************************************
-rw-r--r--  1 brent brent 26 May 15 02:24 Output.100000
-rw-r--r--  1 brent brent  0 May 15 06:44 nbody.ocamlb_out
************************************************************
*   TEST (nbody.ocamlb_run) FAILED - ERROR:  nbody.ocamlb_out differs from Output.10000
************************************************************
-rw-r--r--  1 brent brent 26 May 15 02:24 Output.10000
-rw-r--r--  1 brent brent  0 May 15 06:45 nbody.ocamlb_out
************************************************************
*   TEST HALTED - TIMEOUT AFTER --maxtime 600 SECS
************************************************************
************************************************************
*   TEST HALTED - TIMEOUT AFTER --maxtime 600 SECS
************************************************************
************************************************************
*   TEST HALTED - TIMEOUT AFTER --maxtime 600 SECS
************************************************************
************************************************************
*   TEST HALTED - TIMEOUT AFTER --maxtime 600 SECS
************************************************************


PROGRAM OUTPUT
==============
-0.169075164
-0.169086185
