BUILD COMMANDS FOR: nbody.xds

Wed Oct  5 22:52:03 PDT 2005

cp /opt/shootout/shootout/bench/nbody/nbody.xds nbody.xds
/opt/xds_x86/bin/xc +o2 =m =a  nbody.xds
O2/M2 development system v2.51 (c) 1999-2003 Excelsior, LLC. (build 10.05.2005)
XDS Oberon-2 v2.40 [x86, v1.50] - build 10.05.2005
Compiling "nbody.xds"

* [nbody.xds 9.16 F425]
* file open error: "Shootout.sym" no such file
IMPORT Shootout$, SLongIO, MathL, Out;
errors  1, no warnings, lines    9, time  0.01
make[2]: [nbody.xds_run] Error 1 (ignored)
mv nbody nbody.xds_run
mv: cannot stat `nbody': No such file or directory
make[2]: [nbody.xds_run] Error 1 (ignored)

=================================================================
COMMAND LINE (%A is single numeric argument):

nbody.xds_run %A
Error, could not exec nbody.xds_run 10000 (No such file or directory)
PATH=/opt/shootout/shootout/bench/nbody:/opt/shootout/shootout/bench/nbody/tmp:/usr/local/Acrobat5/bin:/usr/lib/postgresql/bin:/home/brent/GNUstep/Tools:/usr/local/lib/GNUstep/Local/Tools:/usr/local/lib/GNUstep/Network/Tools:/usr/lib/GNUstep/System/Tools:/usr/local/bin:/usr/bin:/bin:/usr/bin/X11:/usr/games
TEST FAILED - Child processed exited with error code (1)


PROGRAM OUTPUT
==============
