BUILD COMMANDS FOR: nbody.fpascal-2.fpascal

Thu Jun 30 20:12:33 PDT 2005

cp /opt/shootout/shootout/bench/nbody/nbody.fpascal-2.fpascal nbody.fpascal-2.pas
/usr/bin/fpc -XX -Xs -O3p3r -oFPASCAL_RUN nbody.fpascal-2.pas
Free Pascal Compiler version 2.0.0 [2005/05/30] for i386
Copyright (c) 1993-2005 by Florian Klaempfl
Target OS: Linux for i386
Compiling nbody.fpascal-2.pas
Linking FPASCAL_RUN
139 Lines compiled, 0.6 sec
mv FPASCAL_RUN nbody.fpascal-2.fpascal_run
rm nbody.fpascal-2.pas

=================================================================
COMMAND LINE (%A is single numeric argument):

nbody.fpascal-2.fpascal_run %A
************************************************************
*   FILE COMPARISON ERROR
************************************************************
L1: -0.169079859

L2: -0.169016441

************************************************************
*   TEST (nbody.fpascal-2.fpascal_run) FAILED - ERROR:  nbody.fpascal-2.fpascal_out differs from Output.10000
************************************************************
-rw-r--r--  1 brent brent 26 May 18 22:31 Output.10000
-rw-r--r--  1 brent brent 26 Jun 30 20:12 nbody.fpascal-2.fpascal_out


PROGRAM OUTPUT
==============
-0.169075164
-0.169086185
