BUILD COMMANDS FOR: nbody.ghc

Sun Oct  1 15:31:58 PDT 2006

/usr/bin/ghc -O3 -optc-O3 -fglasgow-exts -fexcess-precision -fallow-overlapping-instances -package mtl -optc-march=athlon-tbird nbody.hs -o nbody.ghc_run
compilation IS NOT required
nbody.o: In function `camlNbody__energy_90':
(.text+0x1da): undefined reference to `caml_young_ptr'
nbody.o: In function `camlNbody__energy_90':
(.text+0x1e2): undefined reference to `caml_young_ptr'
nbody.o: In function `camlNbody__energy_90':
(.text+0x1e8): undefined reference to `caml_young_limit'
nbody.o: In function `camlNbody__energy_90':
(.text+0x296): undefined reference to `caml_young_ptr'
nbody.o: In function `camlNbody__energy_90':
(.text+0x29e): undefined reference to `caml_young_ptr'
nbody.o: In function `camlNbody__energy_90':
(.text+0x2a4): undefined reference to `caml_young_limit'
nbody.o: In function `camlNbody__energy_90':
(.text+0x2f6): undefined reference to `caml_call_gc'
nbody.o: In function `camlNbody__energy_90':
(.text+0x2fd): undefined reference to `caml_call_gc'
nbody.o: In function `camlNbody__entry':
(.text+0x3e3): undefined reference to `caml_allocN'
nbody.o: In function `camlNbody__entry':
(.text+0x5bc): undefined reference to `caml_allocN'
nbody.o: In function `camlNbody__entry':
(.text+0x699): undefined reference to `camlSys'
nbody.o: In function `camlNbody__entry':
(.text+0x6a1): undefined reference to `caml_int_of_string'
nbody.o: In function `camlNbody__entry':
(.text+0x6a6): undefined reference to `caml_c_call'
nbody.o: In function `camlNbody__entry':
(.text+0x765): undefined reference to `camlPrintf__printf_370'
nbody.o: In function `camlNbody__entry':
(.text+0x7b9): undefined reference to `camlPrintf__printf_370'
nbody.o: In function `camlNbody__6':
(.data+0x50): undefined reference to `caml_curry2'
/usr/lib/ghc-6.4.1/libHSrts.a(Main.o): In function `main':
(.text+0x11): undefined reference to `__stginit_ZCMain'
/usr/lib/ghc-6.4.1/libHSrts.a(Main.o): In function `main':
(.text+0x37): undefined reference to `ZCMain_main_closure'
collect2: ld returned 1 exit status
make[2]: [nbody.ghc_run] Error 1 (ignored)

=================================================================
COMMAND LINE (%A is single numeric argument):

 nbody.ghc_run %A $MB_GHCRTS
sh: nbody.ghc_run: command not found
TEST FAILED - Child processed exited with error code (127)


PROGRAM OUTPUT
==============
