BUILD COMMANDS FOR: nbody.chicken-2.chicken

Sun May 15 02:39:19 PDT 2005

cp /opt/shootout/shootout/bench/nbody/nbody.chicken-2.chicken nbody.chicken-2.chicken
/usr/bin/csc nbody.chicken-2.chicken -O3 -d0 -lambda-lift -b  -o nbody.chicken-2.chicken_run
Warning: global variable `planet-pos-set!' is never used
Warning: global variable `planet-mass-set!' is never used
Warning: global variable `planet-vel-set!' is never used
Warning: global variable `planet?' is never used
rm nbody.chicken-2.chicken

=================================================================
COMMAND LINE (%A is single numeric argument):

nbody.chicken-2.chicken_run %A
************************************************************
*   TEST HALTED - TIMEOUT AFTER --maxtime 600 SECS
************************************************************
************************************************************
*   TEST HALTED - TIMEOUT AFTER --maxtime 600 SECS
************************************************************
************************************************************
*   TEST HALTED - TIMEOUT AFTER --maxtime 600 SECS
************************************************************
************************************************************
*   TEST HALTED - TIMEOUT AFTER --maxtime 600 SECS
************************************************************


PROGRAM OUTPUT
==============
-0.169075164
-0.169086185
