BUILD COMMANDS FOR: nbody.bigloo

Wed Jun 15 19:21:20 PDT 2005

cp /opt/shootout/shootout/bench/nbody/nbody.bigloo nbody.scm
/usr/bin/bigloo -fsharing -Obench -unsafe -farithmetic nbody.scm -o nbody.bigloo_run
nbody.scm:

*** WARNING:bigloo:(@ printf __r4_output_6_10_3)
Variable overridden by -- (@ printf foreign)

File "./nbody.scm", line 97, character 3399:
#                                         (/ (* (mass q) dt) 
#                                         ^
# *** WARNING:bigloo:/
Turning "(/ ... ...)" into "(/fx ... ...)" which may result in precision penalty -- (/ (* (mass q) dt) (expt (dist p q) 3))

File "./nbody.scm", line 113, character 4031:
#                         (map (lambda (j) (/ (* (mass i) (mass j))
#                                          ^
# *** WARNING:bigloo:/
Turning "(/ ... ...)" into "(/fx ... ...)" which may result in precision penalty -- (/ (* (mass i) (mass j)) (dist i j))

File "./nbody.scm", line 123, character 4416:
#                  (/ -1 SOLAR_MASS))])
#                  ^
# *** WARNING:bigloo:/
Turning "(/ ... ...)" into "(/fx ... ...)" which may result in precision penalty -- (/ -1 SOLAR_MASS)

File "./nbody.scm", line 36, character 1273:
#(define SOLAR_MASS (* 4 PI PI))
#                   ^
# *** ERROR:bigloo:toplevel-init
# Type error --  `long' expected, `double' provided
make[3]: [nbody.bigloo_run] Error 255 (ignored)

=================================================================
COMMAND LINE (%A is single numeric argument):

nbody.bigloo_run %A
Error, could not exec nbody.bigloo_run 10000 (No such file or directory)
PATH=/opt/shootout/shootout/bench/nbody:/opt/shootout/shootout/bench/nbody/tmp:/opt/xds_c/bin:/opt/intel_fc_80/bin:/opt/intel_cc_80/bin:/usr/lib/poplog/current-poplog/pop/pop:/usr/bin:/bin:/usr/lib/poplog/current-poplog/pop/com
TEST FAILED - Child processed exited with error code (1)


PROGRAM OUTPUT
==============
