RUNNING SCRIPT: nbody.gforth

Sun May 15 04:29:39 PDT 2005


=================================================================
COMMAND LINE (%A is single numeric argument):

 /usr/bin/gforth-fast $GFORTH_FLAGS ../nbody.gforth %A
************************************************************
*   FILE COMPARISON ERROR
************************************************************
L1: -0.169079859

L2: -0.169016441

************************************************************
*   TEST (nbody.gforth) FAILED - ERROR:  nbody.gforth_out differs from Output.10000
************************************************************
-rw-r--r--  1 brent brent 26 May 15 02:24 Output.10000
-rw-r--r--  1 brent brent 26 May 15 04:29 nbody.gforth_out
************************************************************
*   TEST HALTED - TIMEOUT AFTER --maxtime 600 SECS
************************************************************
************************************************************
*   TEST HALTED - TIMEOUT AFTER --maxtime 600 SECS
************************************************************


PROGRAM OUTPUT
==============
-0.169075164
-0.169086185
