RUNNING SCRIPT: nbody.bash

Fri Jun 24 23:22:00 PDT 2005


=================================================================
COMMAND LINE (%A is single numeric argument):

nbody.bash %A
************************************************************
*   TEST (nbody.bash) FAILED - ERROR:  nbody.bash_out differs from Output.10000
************************************************************
-rw-r--r--  1 brent brent   26 May 18 22:31 Output.10000
-rw-r--r--  1 brent brent 1727 Jun 24 23:22 nbody.bash_out


PROGRAM OUTPUT
==============
/opt/shootout/shootout/bench/nbody/tmp
total 220
drwxr-xr-x  2 brent brent  4096 Jun 23 21:14 .
drwxr-xr-x  5 brent brent  4096 Jun 24 23:12 ..
-rw-r--r--  1 brent brent 14694 Jun 23 21:14 all.html
-rw-r--r--  1 brent brent  9103 Jun 23 21:14 all_cpu-s.html
-rw-r--r--  1 brent brent 14694 Jun 23 21:14 all_loc.html
-rw-r--r--  1 brent brent 14694 Jun 23 21:14 all_mem.html
-rw-r--r--  1 brent brent  7471 Jun 23 21:14 cpu.html
-rw-r--r--  1 brent brent  1164 Jun 23 21:14 cpu.mbtab
-rw-r--r--  1 brent brent  1164 Jun 23 20:34 cpu.mbtab~
-rw-r--r--  1 brent brent 12375 Jun 23 21:14 cpu.png
-rw-r--r--  1 brent brent  1874 Jun 23 21:14 cpu.txt
-rw-r--r--  1 brent brent  1874 Jun 23 20:34 cpu.txt~
-rw-r--r--  1 brent brent   497 Jun 23 20:34 loc.tab
-rw-r--r--  1 brent brent  8858 Jun 23 21:14 max.html
-rw-r--r--  1 brent brent  1197 Jun 23 21:14 max.mbtab
-rw-r--r--  1 brent brent  1197 Jun 23 20:34 max.mbtab~
-rw-r--r--  1 brent brent  4067 Jun 23 21:14 max.png
-rw-r--r--  1 brent brent  1635 Jun 23 21:14 max.txt
-rw-r--r--  1 brent brent  1635 Jun 23 20:34 max.txt~
-rw-r--r--  1 brent brent  7311 Jun 23 21:14 mem.html
-rw-r--r--  1 brent brent  1001 Jun 23 21:14 mem.mbtab
-rw-r--r--  1 brent brent  1001 Jun 23 20:34 mem.mbtab~
-rw-r--r--  1 brent brent  9858 Jun 23 21:14 mem.png
-rw-r--r--  1 brent brent  1877 Jun 23 21:14 mem.txt
-rw-r--r--  1 brent brent  1877 Jun 23 20:34 mem.txt~
-rw-r--r--  1 brent brent  8858 Jun 23 21:14 min.html
-rw-r--r--  1 brent brent  1125 Jun 23 21:14 min.mbtab
-rw-r--r--  1 brent brent  1125 Jun 23 20:34 min.mbtab~
-rw-r--r--  1 brent brent  4327 Jun 23 21:14 min.png
-rw-r--r--  1 brent brent  1633 Jun 23 21:14 min.txt
-rw-r--r--  1 brent brent  1633 Jun 23 20:34 min.txt~
