BUILD COMMANDS FOR: nbody.nice

Wed Jan  4 20:42:31 PST 2006

( if [ ! -d nbody.nice_run ] ; then mkdir nice_build ; mkdir nice_build/nbody ; fi)
cp /opt/shootout/shootout/bench/nbody/nbody.nice nice_build/nbody/nbody.nice
( cd nice_build/nbody ; /usr/bin/nicec -d . --sourcepath .. -a o.jar nbody )
nice.lang: parsing
nbody: parsing
nbody: typechecking
nbody: generating code
nbody: linking
nbody: writing in archive
nice.lang: writing in archive
cp nice_build/nbody/o.jar o.jar
touch nbody.nice_run

=================================================================
COMMAND LINE (%A is single numeric argument):

 /usr/lib/j2sdk1.4.2_05/bin/java -server -jar o.jar %A


PROGRAM OUTPUT
==============
-0.169075164
-0.169086185
