RUNNING SCRIPT: nbody.gst-2.gst

Sun May 15 05:18:19 PDT 2005


=================================================================
COMMAND LINE (%A is single numeric argument):

 /usr/bin/gst -QI /usr/share/gnu-smalltalk/gst.im ../nbody.gst-2.gst -a %A
************************************************************
*   TEST HALTED - TIMEOUT AFTER --maxtime 600 SECS
************************************************************
************************************************************
*   TEST HALTED - TIMEOUT AFTER --maxtime 600 SECS
************************************************************
************************************************************
*   TEST HALTED - TIMEOUT AFTER --maxtime 600 SECS
************************************************************
************************************************************
*   TEST HALTED - TIMEOUT AFTER --maxtime 600 SECS
************************************************************
************************************************************
*   TEST HALTED - TIMEOUT AFTER --maxtime 600 SECS
************************************************************
************************************************************
*   TEST HALTED - TIMEOUT AFTER --maxtime 600 SECS
************************************************************


PROGRAM OUTPUT
==============
-0.169075164
-0.169086185
