BUILD COMMANDS FOR: nbody.mlton

Tue May 17 23:21:32 PDT 2005

(if [ -r /opt/shootout/shootout/bench/nbody/mlb_nbody.mlb ]; then			\
		mv /opt/shootout/shootout/bench/nbody/mlb_nbody.mlb nbody.mlb;		\
	else							\
		echo '../../Include/mlton-src/lib.mlb nbody.sml'	\
			 >nbody.mlb;				\
	fi)
/usr/bin/mlton  -output nbody.mlton_run nbody.mlb
Error: nbody.mlb 1.33.
  File nbody.sml does not exist.
compilation aborted: parseAndElaborate reported errors
make[1]: [nbody.mlton_run] Error 1 (ignored)
rm -f nbody.mlb nbody.sml

=================================================================
COMMAND LINE (%A is single numeric argument):

nbody.mlton_run %A


PROGRAM OUTPUT
==============
-0.169075164
-0.169086185
