BUILD COMMANDS FOR: nbody.g95

Sun May 15 04:21:25 PDT 2005

/usr/bin/g95 -pipe -Wall -O3 -fomit-frame-pointer -funroll-loops  nbody.f90 -o nbody.g95_run
In file nbody.f90:12

  integer result, num, i, k
               1
Warning (137): Variable 'result' at (1) is never used and never set
In file nbody.f90:12

  integer result, num, i, k
                          1
Warning (137): Variable 'k' at (1) is never used and never set
rm nbody.f90

=================================================================
COMMAND LINE (%A is single numeric argument):

nbody.g95_run %A
************************************************************
*   FILE COMPARISON ERROR
************************************************************
L1: -0.169016441

L2: -0.169086185

************************************************************
*   TEST (nbody.g95_run) FAILED - ERROR:  nbody.g95_out differs from Output.1000000
************************************************************
-rw-r--r--  1 brent brent 26 May 15 02:29 Output.1000000
-rw-r--r--  1 brent brent 26 May 15 04:22 nbody.g95_out


PROGRAM OUTPUT
==============
-0.169075164
-0.169077842
