BUILD COMMANDS FOR: nbody.mzc

Fri Jun  2 23:27:06 PDT 2006

cp /opt/shootout/shootout/bench/nbody/nbody.mzscheme nbody.ss
/usr/bin/mzc nbody.ss
mzc version 301.16, Copyright (c) 2004-2006 PLT Scheme Inc.
"nbody.ss": 
 [output to "./nbody.so"]
echo "#!/usr/bin/mzscheme -r" > nbody.mzc_run
echo "(load-extension \"nbody.so\")" >> nbody.mzc_run
chmod a+rwx nbody.mzc_run
rm nbody.ss

=================================================================
COMMAND LINE (%A is single numeric argument):

nbody.mzc_run %A
************************************************************
*   TEST (nbody.mzc_run) FAILED - ERROR:  nbody.mzc_out differs from Output.10000
************************************************************
-rw-r--r-- 1 brent brent 26 Oct 30  2005 Output.10000
-rw-r--r-- 1 brent brent 42 Jun  2 23:27 nbody.mzc_out


PROGRAM OUTPUT
==============
-0.16907516382852447
-0.16901644126443074
