BUILD COMMANDS FOR: nbody.psyco

Sun May 15 06:44:32 PDT 2005

rm -f nbody.pyo nbody.pyc
cp /opt/shootout/shootout/bench/nbody/nbody.psyco nbody.py
/usr/bin/python2.4 -OO -c "from py_compile import compile; compile('/opt/shootout/shootout/bench/nbody/tmp/nbody.py')"
touch nbody.psyco_run

=================================================================
COMMAND LINE (%A is single numeric argument):

 /usr/bin/python2.4 nbody.py %A
************************************************************
*   TEST (nbody.psyco_run) FAILED - ERROR:  nbody.psyco_out differs from Output.10000
************************************************************
-rw-r--r--  1 brent brent 26 May 15 02:24 Output.10000
-rw-r--r--  1 brent brent  0 May 15 06:45 nbody.psyco_out
************************************************************
*   TEST HALTED - TIMEOUT AFTER --maxtime 600 SECS
************************************************************


PROGRAM OUTPUT
==============
-0.169075164
-0.169079859
