BUILD COMMANDS FOR: nbody.gij

Thu Jan  5 21:24:40 PST 2006

if [ ! -d nbody.gij_run ] ; then mkdir nbody.gij_run ; fi
cp /opt/shootout/shootout/bench/nbody/nbody.gij nbody.gij_run/nbody.java
( cd nbody.gij_run ; /usr/bin/gcj -C -classpath '.' nbody.java )
/bin/sh: /usr/bin/gcj: No such file or directory
make[3]: [nbody.gij_run] Error 127 (ignored)
touch nbody.gij_run

=================================================================
COMMAND LINE (%A is single numeric argument):

 /usr/bin/gij --classpath nbody.gij_run nbody %A
Exception in thread "main" java.lang.NoClassDefFoundError: nbody
   at gnu.java.lang.MainThread.run() (/usr/lib/libgcj.so.6.0.0)
Caused by: java.lang.ClassNotFoundException: nbody not found in gnu.gcj.runtime.SystemClassLoader{urls=[file:nbody.gij_run/], parent=gnu.gcj.runtime.ExtensionClassLoader{urls=[], parent=null}}
   at java.net.URLClassLoader.findClass(java.lang.String) (/usr/lib/libgcj.so.6.0.0)
   at java.lang.ClassLoader.loadClass(java.lang.String, boolean) (/usr/lib/libgcj.so.6.0.0)
   at java.lang.ClassLoader.loadClass(java.lang.String) (/usr/lib/libgcj.so.6.0.0)
   at java.lang.Class.forName(java.lang.String, boolean, java.lang.ClassLoader) (/usr/lib/libgcj.so.6.0.0)
   at gnu.java.lang.MainThread.run() (/usr/lib/libgcj.so.6.0.0)
TEST FAILED - Child processed exited with error code (1)


PROGRAM OUTPUT
==============
