BUILD COMMANDS FOR: nbody.gcc

Sun May 15 04:22:46 PDT 2005

/usr/bin/gcc-3.4 -pipe -Wall -O3 -fomit-frame-pointer -funroll-loops -lm nbody.c -o nbody.gcc_run

=================================================================
COMMAND LINE (%A is single numeric argument):

nbody.gcc_run %A
************************************************************
*   FILE COMPARISON ERROR
************************************************************
L1: -0.169086185

L2: -0.169016441

************************************************************
*   TEST (nbody.gcc_run) FAILED - ERROR:  nbody.gcc_out differs from Output.10000
************************************************************
-rw-r--r--  1 brent brent 26 May 15 02:24 Output.10000
-rw-r--r--  1 brent brent 26 May 15 04:24 nbody.gcc_out


PROGRAM OUTPUT
==============
-0.169075164
-0.169077842
