BUILD COMMANDS FOR: nbody.ocaml

Tue May 17 23:22:46 PDT 2005

cp /opt/shootout/shootout/bench/nbody/nbody.ocaml nbody.ml
/usr/bin/ocamlopt -noassert -unsafe -I /usr/lib/ocaml/contrib -ccopt -O3 -ffast-math -inline 3 nbody.ml -o nbody.ocaml_run
rm nbody.ml

=================================================================
COMMAND LINE (%A is single numeric argument):

nbody.ocaml_run %A
************************************************************
*   FILE COMPARISON ERROR
************************************************************
L1: -0.169086185

L2: -0.169016441

************************************************************
*   TEST (nbody.ocaml_run) FAILED - ERROR:  nbody.ocaml_out differs from Output.10000
************************************************************
-rw-r--r--  1 brent brent 26 May 17 22:15 Output.10000
-rw-r--r--  1 brent brent 26 May 17 23:23 nbody.ocaml_out


PROGRAM OUTPUT
==============
-0.169075164
-0.169086185
