BUILD COMMANDS FOR: nbody.ghc-2.ghc

Tue Nov  1 23:47:50 PST 2005

cp /opt/shootout/shootout/bench/nbody/nbody.ghc-2.ghc nbody.ghc-2.hs
/usr/bin/ghc -O3 -fno-excess-precision -fglasgow-exts -fallow-overlapping-instances -package mtl nbody.ghc-2.hs -o nbody.ghc-2.ghc_run

nbody.ghc-2.hs:13:0:
    Warning: No explicit method nor default method for `*'
	     In the instance declaration for `Num Vec'

nbody.ghc-2.hs:13:0:
    Warning: No explicit method nor default method for `abs'
	     In the instance declaration for `Num Vec'

nbody.ghc-2.hs:13:0:
    Warning: No explicit method nor default method for `signum'
	     In the instance declaration for `Num Vec'

=================================================================
COMMAND LINE (%A is single numeric argument):

 nbody.ghc-2.ghc_run %A $MB_GHCRTS


PROGRAM OUTPUT
==============
-0.169075164
-0.169086185
