BUILD COMMANDS FOR: nestedloop.cmucl

Wed Jun  7 22:15:21 PDT 2006

CMUCL built with: /usr/bin/lisp -noinit -batch -eval '(load "nestedloop.cmucl_compile")'
### START nestedloop.cmucl_compile
(proclaim '(optimize (speed 3) (safety 0) (debug 0) (compilation-speed 0) (space 0)))
(compile-file "nestedloop.cmucl" :block-compile t  :entry-points '(main))
(quit)
### END nestedloop.cmucl_compile

Couldn't mmap at 0xbe000000, len 1048576; got mapping at 0xa60a9000 insteadensure_space: Failed to validate 1048576 bytes at 0xbe000000
### START nestedloop.cmucl_run
(proclaim '(optimize (speed 3) (safety 0) (debug 0) (compilation-speed 0) (space 0)))
(setq *gc-verbose* nil)
(load "nestedloop.x86f" :verbose nil :print nil)
(main) (quit)
### END nestedloop.cmucl_run


=================================================================
COMMAND LINE (%A is single numeric argument):

 /usr/bin/lisp -noinit -batch -eval '(load "nestedloop.cmucl_run" :verbose nil :print nil)' %A
Couldn't mmap at 0xbe000000, len 1048576; got mapping at 0xa60f6000 insteadensure_space: Failed to validate 1048576 bytes at 0xbe000000
TEST FAILED - Child processed exited with error code (1)


PROGRAM OUTPUT
==============
