BUILD COMMANDS FOR: nestedloop.icon

Sun Sep 18 16:42:52 PDT 2005

cp /opt/shootout/shootout/bench/nestedloop/nestedloop.icon nestedloop.icn
(unset STRSIZE BLOCKSIZE COEXPSIZE MSTKSIZE TRACE NOERRBUF ; \
/usr/bin/icont -o nestedloop.icon_run nestedloop.icn )
Translating:
nestedloop.icn:
  main
No errors
Linking:
rm nestedloop.icn

=================================================================
COMMAND LINE (%A is single numeric argument):

 unset STRSIZE BLOCKSIZE COEXPSIZE TRACE NOERRBUF;export MSTKSIZE=250000;nestedloop.icon_run %A
************************************************************
*   TEST (nestedloop.icon_run) FAILED - ERROR:  nestedloop.icon_out differs from Output.8
************************************************************
-rw-r--r--  1 brent brent 0 Sep 17 11:46 Output.8
-rw-r--r--  1 brent brent 7 Sep 18 16:42 nestedloop.icon_out


PROGRAM OUTPUT
==============
262144
