BUILD COMMANDS FOR: nestedloop.poly

Mon Oct 18 00:05:12 PDT 2004

echo "PolyML.make_database \"nestedloop.test_dbase\"; PolyML.quit();" \
	| /usr/bin/poly
Poly/ML RTS version I386-4.1.3 (17:04:24 Oct  3 2004)
Copyright (c) 2002 CUTS and contributors.
Running with heap parameters (h=10240K,ib=2048K,ip=100%,mb=6144K,mp=20%)
Mapping /usr/lib/poly/ML_dbase
Mapping ./nestedloop.test_dbase
nestedloop.test_dbase:65536 bytes.
Immutable area  0% full, mutable area  0% full
Closing nestedloop.test_dbase now
> val it = () : unit

cat /opt/shootout/shootout/bench/nestedloop/nestedloop.poly | /usr/bin/poly nestedloop.test_dbase
Poly/ML RTS version I386-4.1.3 (17:04:24 Oct  3 2004)
Copyright (c) 2002 CUTS and contributors.
Running with heap parameters (h=10240K,ib=2048K,ip=100%,mb=6144K,mp=20%)
Mapping ./nestedloop.test_dbase
Mapping /usr/lib/poly/ML_dbase
> > # Initialised 8 db-specific values

nestedloop.test_dbase:106496 bytes.
Immutable area  0% full, mutable area  0% full
Closing nestedloop.test_dbase now

Mapping ./nestedloop.test_dbase

nestedloop.test_dbase:122880 bytes.
Immutable area  0% full, mutable area  0% full
Closing nestedloop.test_dbase now

Mapping ./nestedloop.test_dbase
> # # # # # # # # # # # # # # # # # # # # # # # # # # # # # # # # # # # # # # # # # > > > > > 
=================================================================
COMMAND LINE (%A is single numeric argument):

 /usr/bin/poly -q nestedloop.test_dbase -- %A


PROGRAM OUTPUT
==============
34012224
