BUILD COMMANDS FOR: nestedloop.gcl

Sun Sep 25 14:34:41 PDT 2005

cp /opt/shootout/shootout/bench/nestedloop/nestedloop.gcl nestedloop.gcl
(GCL_ANSI=1; export GCL_ANSI; \
  /usr/bin/gclcvs -compile nestedloop.gcl)

;; Compiling nestedloop.gcl.
;; End of Pass 1.  
;; End of Pass 2.  
;; OPTIMIZE levels: Safety=0 (No runtime error checking), Space=0, Speed=3, (Debug quality ignored)
;; Finished compiling nestedloop.gcl.
touch nestedloop.gcl_run

=================================================================
COMMAND LINE (%A is single numeric argument):

 /usr/bin/gclcvs -batch -load nestedloop.o -eval '(main)' -f nestedloop.gcl %A
************************************************************
*   TEST (nestedloop.gcl_run) FAILED - ERROR:  nestedloop.gcl_out differs from Output.8
************************************************************
-rw-r--r--  1 brent brent   7 Sep 25 14:30 Output.8
-rw-r--r--  1 brent brent 278 Sep 25 14:34 nestedloop.gcl_out


PROGRAM OUTPUT
==============

Error in SYSTEM::GCL-TOP-LEVEL [or a callee]: Cannot open the file nestedloop.o.

Fast links are on: do (si::use-fast-links nil) for debugging
Broken at SYSTEM::SET-UP-TOP-LEVEL.  Type :H for Help.
 1 (Continue) Retry loading file "nestedloop.o".
 2 Return to top level.
dbl:>>