BUILD COMMANDS FOR: nestedloop.mzc

Sun Jan 22 11:22:31 PST 2006

cp /opt/shootout/shootout/bench/nestedloop/nestedloop.mzscheme nestedloop.ss
/usr/bin/mzc nestedloop.ss
mzc version 301, Copyright (c) 2004-2005 PLT Scheme Inc.
"nestedloop.ss": 
 [output to "./nestedloop.so"]
echo "#!/usr/bin/mzscheme -r" > nestedloop.mzc_run
echo "(load-extension \"nestedloop.so\")" >> nestedloop.mzc_run
chmod a+rwx nestedloop.mzc_run
rm nestedloop.ss

=================================================================
COMMAND LINE (%A is single numeric argument):

nestedloop.mzc_run %A
standard-module-name-resolver: collection not found: "readline" in any of: (#<path:/home/brent/.plt-scheme/301/collects> #<path:/usr/lib/plt/collects>)
standard-module-name-resolver: collection not found: "readline" in any of: (#<path:/home/brent/.plt-scheme/301/collects> #<path:/usr/lib/plt/collects>)
standard-module-name-resolver: collection not found: "readline" in any of: (#<path:/home/brent/.plt-scheme/301/collects> #<path:/usr/lib/plt/collects>)
standard-module-name-resolver: collection not found: "readline" in any of: (#<path:/home/brent/.plt-scheme/301/collects> #<path:/usr/lib/plt/collects>)
standard-module-name-resolver: collection not found: "readline" in any of: (#<path:/home/brent/.plt-scheme/301/collects> #<path:/usr/lib/plt/collects>)
standard-module-name-resolver: collection not found: "readline" in any of: (#<path:/home/brent/.plt-scheme/301/collects> #<path:/usr/lib/plt/collects>)
standard-module-name-resolver: collection not found: "readline" in any of: (#<path:/home/brent/.plt-scheme/301/collects> #<path:/usr/lib/plt/collects>)
standard-module-name-resolver: collection not found: "readline" in any of: (#<path:/home/brent/.plt-scheme/301/collects> #<path:/usr/lib/plt/collects>)
standard-module-name-resolver: collection not found: "readline" in any of: (#<path:/home/brent/.plt-scheme/301/collects> #<path:/usr/lib/plt/collects>)
standard-module-name-resolver: collection not found: "readline" in any of: (#<path:/home/brent/.plt-scheme/301/collects> #<path:/usr/lib/plt/collects>)
standard-module-name-resolver: collection not found: "readline" in any of: (#<path:/home/brent/.plt-scheme/301/collects> #<path:/usr/lib/plt/collects>)
standard-module-name-resolver: collection not found: "readline" in any of: (#<path:/home/brent/.plt-scheme/301/collects> #<path:/usr/lib/plt/collects>)


PROGRAM OUTPUT
==============
34012224
