BUILD COMMANDS FOR: nestedloop.ifc

Sun May 15 07:57:58 PDT 2005

/opt/intel_fc_80/bin/ifort -O3 -static-libcxa  nestedloop.f90 -o nestedloop.ifc_run
fortcom: Severe: No such file or directory
... file is 'nestedloop.f90'
compilation aborted for nestedloop.f90 (code 1)
make[3]: [nestedloop.ifc_run] Error 1 (ignored)
rm nestedloop.f90
rm: cannot remove `nestedloop.f90': No such file or directory
make[3]: [nestedloop.ifc_run] Error 1 (ignored)

=================================================================
COMMAND LINE (%A is single numeric argument):

nestedloop.ifc_run %A
************************************************************
*   TEST (nestedloop.ifc_run) FAILED - ERROR:  nestedloop.ifc_out differs from Output.8
************************************************************
-rw-r--r--  1 brent brent 7 Apr  1 15:04 Output.8
-rw-r--r--  1 brent brent 0 May 15 07:58 nestedloop.ifc_out
************************************************************
*   TEST (nestedloop.ifc_run) FAILED - ERROR:  nestedloop.ifc_out differs from Output.8
************************************************************
-rw-r--r--  1 brent brent 7 Apr  1 15:04 Output.8
-rw-r--r--  1 brent brent 8 May 15 07:58 nestedloop.ifc_out


PROGRAM OUTPUT
==============
34012224
