BUILD COMMANDS FOR: nsieve.hipe

Tue Apr  5 21:12:27 PDT 2005

cp /opt/shootout/shootout/bench/nsieve/nsieve.erlang nsieve.erl
(if [ "nsieve" = "plugin" ]; then		\
    cp /opt/shootout/shootout/bench/nsieve/plugin_2.erlang plugin_2.erl; \
    cp /opt/shootout/shootout/bench/nsieve/plugin_3.erlang plugin_3.erl; \
fi)
(if [ "nsieve" = "lists" ]; then		\
    mv lists.erl lists_test.erl;	\
    /usr/bin/erlc +native +"{hipe, [o3]}" lists_test.erl;	\
else					\
    if [ "nsieve" = "plugin" ]; then	\
        /usr/bin/erlc +native +"{hipe, [o3]}" nsieve.erl;		\
        /usr/bin/erlc +native +"{hipe, [o3]}" plugin_2.erl;	\
        /usr/bin/erlc +native +"{hipe, [o3]}" plugin_3.erl;	\
    else				\
        /usr/bin/erlc +native +"{hipe, [o3]}" nsieve.erl;	\
            fi;					\
fi)
rm nsieve.erl

=================================================================
COMMAND LINE (%A is single numeric argument):

nsieve.hipe_run %A
Error, could not exec nsieve.hipe_run 7 (No such file or directory)
PATH=/opt/shootout/shootout/bench/nsieve:/opt/shootout/shootout/bench/nsieve/tmp:/opt/intel_fc_80/bin:/opt/intel_cc_80/bin:/usr/lib/poplog/current-poplog/pop/pop:/usr/local/Acrobat5/bin:/usr/lib/postgresql/bin:/home/brent/GNUstep/Tools:/usr/local/lib/GNUstep/Local/Tools:/usr/local/lib/GNUstep/Network/Tools:/usr/lib/GNUstep/System/Tools:/usr/local/bin:/usr/bin:/bin:/usr/bin/X11:/usr/games:/usr/lib/poplog/current-poplog/pop/com
************************************************************
*   TEST (nsieve.hipe_run) FAILED:  nsieve.hipe_out differs from Output.7
************************************************************
-rw-r--r--  1 brent brent 93 Apr  1 15:20 Output.7
-rw-r--r--  1 brent brent  0 Apr  5 21:12 nsieve.hipe_out


PROGRAM OUTPUT
==============
