BUILD COMMANDS FOR: nsievebits.erlang-2.erlang

Wed Jun  7 02:03:26 PDT 2006

cp /opt/shootout/shootout/bench/nsievebits/nsievebits.erlang-2.erlang nsievebits.erlang-2.erl
(if [ "nsievebits.erlang-2" = "lists" ]; then		\
	    mv lists.erl lists_test.erl;	\
	    /usr/bin/erlc lists_test.erl;		\
	else					\
	    /usr/bin/erlc nsievebits.erlang-2.erl;			\
	fi)
rm nsievebits.erlang-2.erl

=================================================================
COMMAND LINE (%A is single numeric argument):

 /usr/bin/erl -noshell $ERLFLAGS -run nsievebits main %A
************************************************************
*   TEST HALTED - TIMEOUT AFTER --maxtime 3600 SECS
************************************************************


PROGRAM OUTPUT
==============
Primes up to  1280000   98610
Primes up to   640000   52074
Primes up to   320000   27608
