BUILD COMMANDS FOR: nsieve.mzc

Sun Jan 22 11:23:55 PST 2006

cp /opt/shootout/shootout/bench/nsieve/nsieve.mzscheme nsieve.ss
/usr/bin/mzc nsieve.ss
mzc version 301, Copyright (c) 2004-2005 PLT Scheme Inc.
"nsieve.ss": 
 [output to "./nsieve.so"]
echo "#!/usr/bin/mzscheme -r" > nsieve.mzc_run
echo "(load-extension \"nsieve.so\")" >> nsieve.mzc_run
chmod a+rwx nsieve.mzc_run
rm nsieve.ss

=================================================================
COMMAND LINE (%A is single numeric argument):

nsieve.mzc_run %A
standard-module-name-resolver: collection not found: "readline" in any of: (#<path:/home/brent/.plt-scheme/301/collects> #<path:/usr/lib/plt/collects>)
standard-module-name-resolver: collection not found: "readline" in any of: (#<path:/home/brent/.plt-scheme/301/collects> #<path:/usr/lib/plt/collects>)
standard-module-name-resolver: collection not found: "readline" in any of: (#<path:/home/brent/.plt-scheme/301/collects> #<path:/usr/lib/plt/collects>)
standard-module-name-resolver: collection not found: "readline" in any of: (#<path:/home/brent/.plt-scheme/301/collects> #<path:/usr/lib/plt/collects>)
standard-module-name-resolver: collection not found: "readline" in any of: (#<path:/home/brent/.plt-scheme/301/collects> #<path:/usr/lib/plt/collects>)
standard-module-name-resolver: collection not found: "readline" in any of: (#<path:/home/brent/.plt-scheme/301/collects> #<path:/usr/lib/plt/collects>)
standard-module-name-resolver: collection not found: "readline" in any of: (#<path:/home/brent/.plt-scheme/301/collects> #<path:/usr/lib/plt/collects>)
standard-module-name-resolver: collection not found: "readline" in any of: (#<path:/home/brent/.plt-scheme/301/collects> #<path:/usr/lib/plt/collects>)
standard-module-name-resolver: collection not found: "readline" in any of: (#<path:/home/brent/.plt-scheme/301/collects> #<path:/usr/lib/plt/collects>)


PROGRAM OUTPUT
==============
Primes up to  5120000   356244
Primes up to  2560000   187134
Primes up to  1280000    98610
