BUILD COMMANDS FOR: nsieve.ooc

Wed Nov  2 02:52:10 PST 2005

cp /opt/shootout/shootout/bench/nsieve/nsieve.ooc nsieve.ooc
/usr/bin/oo2c -r ../../Include/ooc -r . -A --no-rtc -M nsieve.ooc
In file included from obj/nsieve.c:1:
obj/nsieve.d:12: warning: pointer targets in initialization differ in signedness
obj/nsieve.c: In function 'OOC_nsieve_init':
obj/nsieve.c:71: warning: pointer targets in passing argument 1 of 'Out__String' differ in signedness
obj/nsieve.c:74: warning: pointer targets in passing argument 1 of 'Out__String' differ in signedness
obj/nsieve.c:83: warning: pointer targets in passing argument 1 of 'Out__String' differ in signedness
obj/nsieve.c:86: warning: pointer targets in passing argument 1 of 'Out__String' differ in signedness
obj/nsieve.c:95: warning: pointer targets in passing argument 1 of 'Out__String' differ in signedness
obj/nsieve.c:98: warning: pointer targets in passing argument 1 of 'Out__String' differ in signedness
mv bin/* nsieve.ooc_run
rm -rf obj sym bin	
rm nsieve.ooc

=================================================================
COMMAND LINE (%A is single numeric argument):

nsieve.ooc_run %A


PROGRAM OUTPUT
==============
Primes up to  5120000   356244
Primes up to  2560000   187134
Primes up to  1280000    98610
