BUILD COMMANDS FOR: nsievebits.fpascal

Sat Sep 17 12:02:50 PDT 2005

cp /opt/shootout/shootout/bench/nsievebits/nsievebits.fpascal nsievebits.pas
/usr/bin/fpc -XX -Xs -O3p3r -oFPASCAL_RUN nsievebits.pas
Free Pascal Compiler version 2.0.0 [2005/09/09] for i386
Copyright (c) 1993-2005 by Florian Klaempfl
Target OS: Linux for i386
Compiling nsievebits.pas
Linking FPASCAL_RUN
57 Lines compiled, 2.1 sec
mv FPASCAL_RUN nsievebits.fpascal_run
rm nsievebits.pas

=================================================================
COMMAND LINE (%A is single numeric argument):

nsievebits.fpascal_run %A
************************************************************
*   TEST (nsievebits.fpascal_run) FAILED - ERROR:  nsievebits.fpascal_out differs from Output.7
************************************************************
-rw-r--r--  1 brent brent 93 Sep 17 12:00 Output.7
-rw-r--r--  1 brent brent  0 Sep 17 12:02 nsievebits.fpascal_out


PROGRAM OUTPUT
==============
Primes up to  5120000   356244
Primes up to  2560000   187134
Primes up to  1280000    98610


PROGRAM OUTPUT
==============
Primes up to  5120000   356244
Primes up to  2560000   187134
Primes up to  1280000    98610
