BUILD COMMANDS FOR: nsieve.fpascal-2.fpascal

Sun Jun 12 13:14:17 PDT 2005

cp /opt/shootout/shootout/bench/nsieve/nsieve.fpascal-2.fpascal nsieve.fpascal-2.pas
/usr/bin/fpc -XX -Xs -O3p3r -oFPASCAL_RUN nsieve.fpascal-2.pas
Free Pascal Compiler version 2.0.0 [2005/05/30] for i386
Copyright (c) 1993-2005 by Florian Klaempfl
Target OS: Linux for i386
Compiling nsieve.fpascal-2.pas
Linking FPASCAL_RUN
41 Lines compiled, 0.9 sec
mv FPASCAL_RUN nsieve.fpascal-2.fpascal_run
rm nsieve.fpascal-2.pas

=================================================================
COMMAND LINE (%A is single numeric argument):

nsieve.fpascal-2.fpascal_run %A


PROGRAM OUTPUT
==============
Primes up to  5120000   356244
Primes up to  2560000   187134
Primes up to  1280000    98610
