BUILD COMMANDS FOR: nsievebits.chicken

Wed Apr 13 01:26:54 PDT 2005

cp /opt/shootout/shootout/bench/nsievebits/nsievebits.chicken nsievebits.chicken
/usr/bin/csc nsievebits.chicken -O3 -d0 -lambda-lift -b  -o nsievebits.chicken_run
rm nsievebits.chicken

=================================================================
COMMAND LINE (%A is single numeric argument):

nsievebits.chicken_run %A
************************************************************
*   FILE COMPARISON ERROR
************************************************************
L1: Primes up to  2560000  187134

L2: Primes up to  1280000   98610

************************************************************
*   TEST (nsievebits.chicken_run) FAILED:  nsievebits.chicken_out differs from Output.7
************************************************************
-rw-r--r--  1 brent brent 90 Mar 31 23:18 Output.7
-rw-r--r--  1 brent brent 90 Apr 13 01:27 nsievebits.chicken_out


PROGRAM OUTPUT
==============
Primes up to  5120000  356244
Primes up to  2560000  187134
Primes up to  1280000   98610
