BUILD COMMANDS FOR: nsievebits.fpascal-2.fpascal

Thu Jan 11 23:24:23 PST 2007

cp /opt/shootout/shootout/bench/nsievebits/nsievebits.fpascal-2.fpascal nsievebits.fpascal-2.pas
/usr/bin/fpc -XX -Xs -O3p3r -Fi../../Include/fpascal -Fu../../Include/fpascal -I../../Include/fpascal  -oFPASCAL_RUN nsievebits.fpascal-2.pas
Free Pascal Compiler version 2.0.4 [2006/08/22] for i386
Copyright (c) 1993-2006 by Florian Klaempfl
Target OS: Linux for i386
Compiling nsievebits.fpascal-2.pas
Linking FPASCAL_RUN
58 Lines compiled, 0.6 sec
mv FPASCAL_RUN nsievebits.fpascal-2.fpascal_run
rm nsievebits.fpascal-2.pas

=================================================================
COMMAND LINE (%A is single numeric argument):

nsievebits.fpascal-2.fpascal_run %A


PROGRAM OUTPUT
==============
Primes up to  5120000   356244
Primes up to  2560000   187134
Primes up to  1280000    98610
