BUILD COMMANDS FOR: nsievebits.mzc

Sun Apr 24 17:17:29 PDT 2005

cp /opt/shootout/shootout/bench/nsievebits/nsievebits.mzscheme nsievebits.ss
/usr/bin/mzc nsievebits.ss
MzScheme compiler (mzc) version 209, Copyright (c) 2004 PLT Scheme, Inc.
"nsievebits.ss": 
 [output to "./nsievebits.so"]
echo "#!/usr/bin/mzscheme -r" > nsievebits.mzc_run
echo "(load-extension \"nsievebits.so\")" >> nsievebits.mzc_run
chmod a+rwx nsievebits.mzc_run
rm nsievebits.ss

=================================================================
COMMAND LINE (%A is single numeric argument):

nsievebits.mzc_run %A
reference to undefined identifier: make-bytes
************************************************************
*   TEST (nsievebits.mzc_run) FAILED:  nsievebits.mzc_out differs from Output.7
************************************************************
-rw-r--r--  1 brent brent 93 Apr 21 23:47 Output.7
-rw-r--r--  1 brent brent  0 Apr 24 17:17 nsievebits.mzc_out


PROGRAM OUTPUT
==============
