BUILD COMMANDS FOR: nsievebits.sablevm-2.sablevm

Tue May 15 15:29:14 PDT 2007

( if [ ! -d nsievebits.sablevm-2.sablevm_run ] ; then mkdir nsievebits.sablevm-2.sablevm_run ; fi )
cp /opt/shootout/shootout/bench/nsievebits/nsievebits.sablevm-2.sablevm nsievebits.sablevm-2.sablevm_run/nsievebits.java
( cd nsievebits.sablevm-2.sablevm_run ; /usr/lib/j2se/1.5/bin/javac  -classpath '.' nsievebits.java )
touch nsievebits.sablevm-2.sablevm_run

=================================================================
COMMAND LINE (%A is single numeric argument):

 /usr/bin/sablevm -Y --classpath="nsievebits.sablevm-2.sablevm_run" nsievebits %A
java.lang.UnsupportedClassVersionError
   at java.lang.VMClassLoader.nativeDefineClass (VMClassLoader.java)
   at java.lang.VMClassLoader.defineClass (VMClassLoader.java:130)
   at java.lang.ClassLoader.defineClass (ClassLoader.java:679)
   at java.security.SecureClassLoader.defineClass (SecureClassLoader.java:108)
   at java.net.URLClassLoader.findClass (URLClassLoader.java:955)
   at java.lang.ClassLoader.loadClass (ClassLoader.java:359)
   at java.lang.ClassLoader$1.loadClass (ClassLoader.java:1333)
   at java.lang.ClassLoader.loadClass (ClassLoader.java:310)
   at java.lang.VirtualMachine.main (VirtualMachine.java:99)
TEST FAILED - Child processed exited with error code (1)


PROGRAM OUTPUT
==============
