BUILD COMMANDS FOR: nsieve.sablevm

Sun Apr  8 20:20:32 PDT 2007

( if [ ! -d nsieve.sablevm_run ] ; then mkdir nsieve.sablevm_run ; fi )
cp /opt/shootout/shootout/bench/nsieve/nsieve.sablevm nsieve.sablevm_run/nsieve.java
( cd nsieve.sablevm_run ; /usr/lib/j2se/1.5/bin/javac  -classpath '.' nsieve.java )
touch nsieve.sablevm_run

=================================================================
COMMAND LINE (%A is single numeric argument):

 /usr/bin/sablevm -Y --classpath="nsieve.sablevm_run" nsieve %A
java.lang.UnsupportedClassVersionError
   at java.lang.VMClassLoader.nativeDefineClass (VMClassLoader.java)
   at java.lang.VMClassLoader.defineClass (VMClassLoader.java:130)
   at java.lang.ClassLoader.defineClass (ClassLoader.java:679)
   at java.security.SecureClassLoader.defineClass (SecureClassLoader.java:108)
   at java.net.URLClassLoader.findClass (URLClassLoader.java:955)
   at java.lang.ClassLoader.loadClass (ClassLoader.java:359)
   at java.lang.ClassLoader$1.loadClass (ClassLoader.java:1333)
   at java.lang.ClassLoader.loadClass (ClassLoader.java:310)
   at java.lang.VirtualMachine.main (VirtualMachine.java:99)
TEST FAILED - Child processed exited with error code (1)


PROGRAM OUTPUT
==============
