BUILD COMMANDS FOR: nsieve.java14-2.java14

Thu Nov 29 23:57:46 PST 2007

if [ ! -d nsieve.java14-2.java14_run ] ; then mkdir nsieve.java14-2.java14_run ; fi
cp /opt/shootout/shootout/bench/nsieve/nsieve.java14-2.java14 nsieve.java14-2.java14_run/nsieve.java
/usr/lib/j2se/1.4/bin/javac  -d nsieve.java14-2.java14_run nsieve.java14-2.java14_run/nsieve.java
nsieve.java14-2.java14_run/nsieve.java:19: cannot resolve symbol
symbol  : method format (java.lang.String,int,int)
location: class java.lang.String
    System.out.println(String.format("Primes up to %8d %8d", m, count));
                             ^
1 error
make[1]: [nsieve.java14-2.java14_run] Error 1 (ignored)
touch nsieve.java14-2.java14_run

=================================================================
COMMAND LINE (%A is single numeric argument):

 /usr/lib/j2se/1.4/bin/java -server -classpath  nsieve.java14-2.java14_run  nsieve %A
Exception in thread "main" java.lang.NoClassDefFoundError: nsieve
TEST FAILED - Child processed exited with error code (1)


PROGRAM OUTPUT
==============
