BUILD COMMANDS FOR: nsievebits.hipe

Thu Dec 29 22:11:13 PST 2005

cp /opt/shootout/shootout/bench/nsievebits/nsievebits.erlang nsievebits.erl
(if [ "nsievebits" = "lists" ]; then		\
	    mv lists.erl lists_test.erl;	\
	    /usr/bin/erlc +native +"{hipe, [o3]}" lists_test.erl;	\
	else					\
	    /usr/bin/erlc +native +"{hipe, [o3]}" nsievebits.erl;	\
	fi)
rm nsievebits.erl

=================================================================
COMMAND LINE (%A is single numeric argument):

 /usr/bin/erl $ERLFLAGS -noshell -run nsievebits main %A
************************************************************
*   TEST HALTED - TIMEOUT AFTER --maxtime 600 SECS
************************************************************
Error, could not exec  (Inappropriate ioctl for device)
PATH=/opt/shootout/shootout/bench/nsievebits:/opt/shootout/shootout/bench/nsievebits/tmp:/opt/xds_x86/bin:/opt/intel/fc/9.0/bin:/opt/intel/cc/9.0/bin:/usr/lib/poplog/current-poplog/pop/pop:/usr/lib/smarteiffel/bin:/usr/local/Acrobat5/bin:/usr/lib/postgresql/bin:/home/brent/GNUstep/Tools:/usr/local/lib/GNUstep/Local/Tools:/usr/local/lib/GNUstep/Network/Tools:/usr/lib/GNUstep/System/Tools:/usr/local/bin:/usr/bin:/bin:/usr/bin/X11:/usr/games:/usr/lib/poplog/current-poplog/pop/com
TEST FAILED - Child processed exited with error code (1)


PROGRAM OUTPUT
==============
