BUILD COMMANDS FOR: nsieve.gnat-2.gnat

Mon Jun 20 21:17:02 PDT 2005

cp /opt/shootout/shootout/bench/nsieve/nsieve.gnat-2.gnat nsieve.gnat-2.ada
/usr/bin/gnatchop -w nsieve.gnat-2.ada
nsieve.gnat-2.ada:1:01: compilation unit expected
nsieve.gnat-2.ada: parse errors detected
nsieve.gnat-2.ada: chop may not be successful
no compilation units found
no source files written
make[3]: [nsieve.gnat-2.gnat_run] Error 1 (ignored)
/usr/bin/gnatmake -gnatp -Wall -O3 -fomit-frame-pointer -funroll-loops  -f nsieve.adb -o nsieve.gnat-2.gnat_run
gcc-4.0 -c -gnatp -Wall -O3 -fomit-frame-pointer -funroll-loops nsieve.adb
gnatbind -x nsieve.ali
gnatlink nsieve.ali -fomit-frame-pointer -funroll-loops -o nsieve.gnat-2.gnat_run
rm nsieve.gnat-2.ada

=================================================================
COMMAND LINE (%A is single numeric argument):

nsieve.gnat-2.gnat_run %A


PROGRAM OUTPUT
==============
Primes up to  5120000   356244
Primes up to  2560000   187134
Primes up to  1280000    98610


PROGRAM OUTPUT
==============
Primes up to  5120000   356244
Primes up to  2560000   187134
Primes up to  1280000    98610
