BUILD COMMANDS FOR: nsievebits.cmucl-2.cmucl

Fri Sep 15 01:06:03 PDT 2006

CMUCL built with: /usr/bin/lisp -noinit -batch -eval '(load "nsievebits.cmucl-2.cmucl_compile")'
### START nsievebits.cmucl-2.cmucl_compile
(proclaim '(optimize (speed 3) (safety 0) (debug 0) (compilation-speed 0) (space 0)))
(asdf:operate 'asdf:load-op 'cl-ppcre)
(compile-file "nsievebits.cmucl-2.cmucl" :block-compile t  :entry-points '(main))
(quit)
### END nsievebits.cmucl-2.cmucl_compile

Couldn't mmap at 0xbe000000, len 1048576; got mapping at 0xa60ff000 insteadensure_space: Failed to validate 1048576 bytes at 0xbe000000
### START nsievebits.cmucl-2.cmucl_run
(proclaim '(optimize (speed 3) (safety 0) (debug 0) (compilation-speed 0) (space 0)))
(setq *gc-verbose* nil)
(load "nsievebits.cmucl-2.x86f" :verbose nil :print nil)
(main) (quit)
### END nsievebits.cmucl-2.cmucl_run


=================================================================
COMMAND LINE (%A is single numeric argument):

 /usr/bin/lisp -noinit -batch -eval '(load "nsievebits.cmucl-2.cmucl_run" :verbose nil :print nil)' %A
Couldn't mmap at 0xbe000000, len 1048576; got mapping at 0xa613a000 insteadensure_space: Failed to validate 1048576 bytes at 0xbe000000
TEST FAILED - Child processed exited with error code (1)


PROGRAM OUTPUT
==============
