BUILD COMMANDS FOR: nsieve.smlnj

Wed Nov  2 03:14:54 PST 2005

cp /opt/shootout/shootout/bench/nsieve/nsieve.smlnj nsieve.sml
cp /opt/shootout/shootout/bench/nsieve/cm_nsieve.cm nsieve.cm
/usr/bin/ml-build nsieve.cm Test.main nsieve
Standard ML of New Jersey v110.52 [built: Fri Jan 21 16:42:10 2005]
[scanning nsieve.cm]
[parsing (nsieve.cm):nsieve.sml]
[creating directory .cm/SKEL]
[compiling (nsieve.cm):nsieve.sml]
[creating directory .cm/GUID]
[creating directory .cm/x86-unix]
[code: 3970, data: 42, env: 248 bytes]
[scanning 28461-export.cm]
[scanning (28461-export.cm):nsieve.cm]
[parsing (28461-export.cm):28461-export.sml]
[compiling (28461-export.cm):28461-export.sml]
[code: 219, data: 35, env: 42 bytes]

=================================================================
COMMAND LINE (%A is single numeric argument):

 /usr/bin/sml @SMLload=nsieve %A


PROGRAM OUTPUT
==============
Primes up to  5120000   356244
Primes up to  2560000   187134
Primes up to  1280000    98610
