BUILD COMMANDS FOR: nsievebits.nice-2.nice

Sun Oct 22 23:45:00 PDT 2006

( if [ ! -d nsievebits.nice-2.nice_run ] ; then mkdir nice_build ; mkdir nice_build/nsievebits.nice-2 ; fi)
mkdir: cannot create directory `nice_build': File exists
cp /opt/shootout/shootout/bench/nsievebits/nsievebits.nice-2.nice nice_build/nsievebits.nice-2/nsievebits.nice-2.nice
( cd nice_build/nsievebits.nice-2 ; /usr/bin/nicec -d . --sourcepath "..:../../../.." -a o.jar nsievebits.nice-2 )
Exception in thread "main" java.lang.NullPointerException
	at java.util.jar.JarFile.initializeVerifier(JarFile.java:316)
	at java.util.jar.JarFile.getInputStream(JarFile.java:390)
	at sun.misc.URLClassPath$JarLoader$1.getInputStream(URLClassPath.java:620)
	at sun.misc.Resource.cachedInputStream(Resource.java:58)
	at sun.misc.Resource.getByteBuffer(Resource.java:113)
	at java.net.URLClassLoader.defineClass(URLClassLoader.java:249)
	at java.net.URLClassLoader.access$100(URLClassLoader.java:56)
	at java.net.URLClassLoader$1.run(URLClassLoader.java:195)
	at java.security.AccessController.doPrivileged(Native Method)
	at java.net.URLClassLoader.findClass(URLClassLoader.java:188)
	at java.lang.ClassLoader.loadClass(ClassLoader.java:306)
	at sun.misc.Launcher$AppClassLoader.loadClass(Launcher.java:268)
	at java.lang.ClassLoader.loadClass(ClassLoader.java:251)
	at java.lang.ClassLoader.loadClassInternal(ClassLoader.java:319)
make[2]: [nsievebits.nice-2.nice_run] Error 1 (ignored)
cp nice_build/nsievebits.nice-2/o.jar o.jar
cp: cannot stat `nice_build/nsievebits.nice-2/o.jar': No such file or directory
make[2]: [nsievebits.nice-2.nice_run] Error 1 (ignored)
touch nsievebits.nice-2.nice_run

=================================================================
COMMAND LINE (%A is single numeric argument):

 /usr/lib/j2se/1.5/bin/java -server -jar o.jar %A


PROGRAM OUTPUT
==============
Primes up to  5120000   356244
Primes up to  2560000   187134
Primes up to  1280000    98610
