BUILD COMMANDS FOR: nsieve.gij

Thu Jan  5 21:32:29 PST 2006

if [ ! -d nsieve.gij_run ] ; then mkdir nsieve.gij_run ; fi
cp /opt/shootout/shootout/bench/nsieve/nsieve.gij nsieve.gij_run/nsieve.java
( cd nsieve.gij_run ; /usr/bin/gcj -C -classpath '.' nsieve.java )
/bin/sh: /usr/bin/gcj: No such file or directory
make[3]: [nsieve.gij_run] Error 127 (ignored)
touch nsieve.gij_run

=================================================================
COMMAND LINE (%A is single numeric argument):

 /usr/bin/gij --classpath nsieve.gij_run nsieve %A
Exception in thread "main" java.lang.NoClassDefFoundError: nsieve
   at gnu.java.lang.MainThread.run() (/usr/lib/libgcj.so.6.0.0)
Caused by: java.lang.ClassNotFoundException: nsieve not found in gnu.gcj.runtime.SystemClassLoader{urls=[file:nsieve.gij_run/], parent=gnu.gcj.runtime.ExtensionClassLoader{urls=[], parent=null}}
   at java.net.URLClassLoader.findClass(java.lang.String) (/usr/lib/libgcj.so.6.0.0)
   at java.lang.ClassLoader.loadClass(java.lang.String, boolean) (/usr/lib/libgcj.so.6.0.0)
   at java.lang.ClassLoader.loadClass(java.lang.String) (/usr/lib/libgcj.so.6.0.0)
   at java.lang.Class.forName(java.lang.String, boolean, java.lang.ClassLoader) (/usr/lib/libgcj.so.6.0.0)
   at gnu.java.lang.MainThread.run() (/usr/lib/libgcj.so.6.0.0)
TEST FAILED - Child processed exited with error code (1)


PROGRAM OUTPUT
==============
