BUILD COMMANDS FOR: nsievebits.gcl-2.gcl

Sat Sep 17 12:03:26 PDT 2005

cp /opt/shootout/shootout/bench/nsievebits/nsievebits.gcl-2.gcl nsievebits.gcl-2.gcl
(GCL_ANSI=1; export GCL_ANSI; \
  /usr/bin/gclcvs -compile nsievebits.gcl-2.gcl)

;; Compiling nsievebits.gcl-2.gcl.
;; End of Pass 1.  
;; End of Pass 2.  
;; OPTIMIZE levels: Safety=0 (No runtime error checking), Space=0, Speed=3, (Debug quality ignored)
;; Finished compiling nsievebits.gcl-2.gcl.
touch nsievebits.gcl-2.gcl_run

=================================================================
COMMAND LINE (%A is single numeric argument):

 /usr/bin/gclcvs -batch -load nsievebits.o -eval '(main)' -f nsievebits.gcl %A
************************************************************
*   TEST (nsievebits.gcl-2.gcl_run) FAILED - ERROR:  nsievebits.gcl-2.gcl_out differs from Output.7
************************************************************
-rw-r--r--  1 brent brent  93 Sep 17 12:00 Output.7
-rw-r--r--  1 brent brent 278 Sep 17 12:03 nsievebits.gcl-2.gcl_out


PROGRAM OUTPUT
==============

Error in SYSTEM::GCL-TOP-LEVEL [or a callee]: Cannot open the file nsievebits.o.

Fast links are on: do (si::use-fast-links nil) for debugging
Broken at SYSTEM::SET-UP-TOP-LEVEL.  Type :H for Help.
 1 (Continue) Retry loading file "nsievebits.o".
 2 Return to top level.
dbl:>>