BUILD COMMANDS FOR: nsieve.gcl-2.gcl

Wed Nov  2 02:30:42 PST 2005

cp /opt/shootout/shootout/bench/nsieve/nsieve.gcl-2.gcl nsieve.gcl-2.gcl
(GCL_ANSI=1; export GCL_ANSI; \
  /usr/bin/gclcvs -compile nsieve.gcl-2.gcl)

;; Compiling nsieve.gcl-2.gcl.
;; End of Pass 1.  
;; End of Pass 2.  
;; OPTIMIZE levels: Safety=0 (No runtime error checking), Space=0, Speed=3, (Debug quality ignored)
;; Finished compiling nsieve.gcl-2.gcl.
touch nsieve.gcl-2.gcl_run

=================================================================
COMMAND LINE (%A is single numeric argument):

 /usr/bin/gclcvs -batch -load nsieve.o -eval '(main)' -f nsieve.gcl %A
TEST FAILED - Child processed exited with error code (255)


PROGRAM OUTPUT
==============

Error: Cannot open the file nsieve.o.
Fast links are on: do (si::use-fast-links nil) for debugging
Error signalled by SYSTEM::GCL-TOP-LEVEL.
Broken at SYSTEM::SET-UP-TOP-LEVEL.  Type :H for Help.
>>