BUILD COMMANDS FOR: objinst.icc

Sun Sep 25 17:03:30 PDT 2005

/opt/intel/cc/9.0/bin/icc -O3 -ip -static -unroll  objinst.c -o objinst.icc_run
objinst.c(87): warning #167: argument of type "NthToggle *" is incompatible with parameter of type "struct Toggle *"
  	fputs((ntog->activate(ntog)->value(ntog)) ? "true\n" : "false\n", stdout);
  	                      ^

objinst.c(87): warning #167: argument of type "NthToggle *" is incompatible with parameter of type "struct Toggle *"
  	fputs((ntog->activate(ntog)->value(ntog)) ? "true\n" : "false\n", stdout);
  	                                   ^


=================================================================
COMMAND LINE (%A is single numeric argument):

objinst.icc_run %A


PROGRAM OUTPUT
==============
false
true
false
true
false

true
true
false
false
false
true
true
true
