BUILD COMMANDS FOR: objinst.clean

Sun Apr  3 20:04:01 PDT 2005

cp /opt/shootout/shootout/bench/objinst/objinst.clean objinst.icl
/usr/bin/clm -b -nt -l /usr/lib/clean/lib/ArgEnvUnix/ArgEnvC.o -I ../Include/clean -I ../../Include/clean objinst -o objinst.clean_run
Compiling objinst
Generating code for objinst
Linking objinst
rm objinst.icl

=================================================================
COMMAND LINE (%A is single numeric argument):

 objinst.clean_run $MB_CLRTS %A


PROGRAM OUTPUT
==============
false
true
false
true
false

true
true
false
false
false
true
true
true
