RUNNING SCRIPT: objinst.lua

Sat Feb  4 00:19:28 PST 2006


=================================================================
COMMAND LINE (%A is single numeric argument):

 /usr/bin/lua5.1 $LUA_EXTRAS ../objinst.lua %A
************************************************************
*   TEST (objinst.lua) FAILED - ERROR:  objinst.lua_out differs from Output.400000
************************************************************
-rw-r--r-- 1 brent brent 72 Oct 30 14:16 Output.400000
-rw-r--r-- 1 brent brent  0 Feb  4 00:19 objinst.lua_out


PROGRAM OUTPUT
==============
false
true
false
true
false

true
true
false
false
false
true
true
true
