RUNNING SCRIPT: objinst.php

Sun Sep 18 18:38:15 PDT 2005


=================================================================
COMMAND LINE (%A is single numeric argument):

 /usr/bin/php4 $PHPOPTS ../objinst.php %A
************************************************************
*   TEST (objinst.php) FAILED - ERROR:  objinst.php_out differs from Output.1000000
************************************************************
-rw-r--r--  1 brent brent 72 Sep 17 12:04 Output.1000000
-rw-r--r--  1 brent brent 28 Sep 18 18:38 objinst.php_out


PROGRAM OUTPUT
==============
false
true
false
true
false

true
true
false
false
false
true
true
true
