BUILD COMMANDS FOR: objinst.smlnj

Sun Sep 18 18:47:07 PDT 2005

cp /opt/shootout/shootout/bench/objinst/objinst.smlnj objinst.sml
cp /opt/shootout/shootout/bench/objinst/cm_objinst.cm objinst.cm
/usr/bin/ml-build objinst.cm Test.main objinst
Standard ML of New Jersey v110.52 [built: Fri Jan 21 16:42:10 2005]
[scanning objinst.cm]
[parsing (objinst.cm):objinst.sml]
[creating directory .cm/SKEL]
[compiling (objinst.cm):objinst.sml]
[creating directory .cm/GUID]
[creating directory .cm/x86-unix]
[code: 1946, data: 30, env: 248 bytes]
[scanning 14357-export.cm]
[scanning (14357-export.cm):objinst.cm]
[parsing (14357-export.cm):14357-export.sml]
[compiling (14357-export.cm):14357-export.sml]
[code: 220, data: 36, env: 42 bytes]

=================================================================
COMMAND LINE (%A is single numeric argument):

 /usr/bin/sml @SMLload=objinst %A


PROGRAM OUTPUT
==============
false
true
false
true
false

true
true
false
false
false
true
true
true
