BUILD COMMANDS FOR: objinst.oberon2

Tue Mar  1 21:57:23 PST 2005

cp /opt/shootout/shootout/bench/objinst/objinst.oberon2 Objinst.Mod
/usr/bin/oo2c -r ../../Include/oberon2 -r . -A --no-rtc -M Objinst.Mod
mv bin/Objinst objinst.oberon2_run
rm -rf obj sym bin

=================================================================
COMMAND LINE (%A is single numeric argument):

objinst.oberon2_run %A


PROGRAM OUTPUT
==============
false
true
false
true
false

true
true
false
false
false
true
true
true
