BUILD COMMANDS FOR: objinst.kaffe

Thu Mar 30 23:50:42 PST 2006

( if [ ! -d objinst.kaffe_run ] ; then mkdir objinst.kaffe_run ; fi)
cp /opt/shootout/shootout/bench/objinst/objinst.kaffe objinst.kaffe_run/objinst.java
( cd objinst.kaffe_run ; /usr/lib/jdk1.5.0_06/bin/javac  -classpath '.' objinst.java )
touch objinst.kaffe_run

=================================================================
COMMAND LINE (%A is single numeric argument):

 /usr/bin/kaffe -classpath objinst.kaffe_run  objinst %A


PROGRAM OUTPUT
==============
false
true
false
true
false

true
true
false
false
false
true
true
true
