RUNNING SCRIPT: objinst.perl

Sun Sep 18 18:32:08 PDT 2005


=================================================================
COMMAND LINE (%A is single numeric argument):

 /usr/bin/perl ../objinst.perl %A
************************************************************
*   TEST (objinst.perl) FAILED - ERROR:  objinst.perl_out differs from Output.400000
************************************************************
-rw-r--r--  1 brent brent 72 Sep 17 12:03 Output.400000
-rw-r--r--  1 brent brent  0 Sep 18 18:32 objinst.perl_out


PROGRAM OUTPUT
==============
false
true
false
true
false

true
true
false
false
false
true
true
true
