BUILD COMMANDS FOR: objinst.se

Sat Dec 31 05:36:03 PST 2005

cp /opt/shootout/shootout/bench/objinst/objinst.se objinst.e
../../../bin/split_file.bash /opt/shootout/shootout/bench/objinst/objinst.se 
make[3]: [objinst.e] Error 1 (ignored)
rm -f objinst.se_run
/usr/lib/smarteiffel/bin/compile -boost -no_split -O3 -fomit-frame-pointer -funroll-loops  -o objinst.se_run objinst ; /usr/lib/smarteiffel/bin/clean objinst
rm objinst.e

=================================================================
COMMAND LINE (%A is single numeric argument):

objinst.se_run %A


PROGRAM OUTPUT
==============
false
true
false
true
false

true
true
false
false
false
true
true
true
