BUILD COMMANDS FOR: objinst.fpascal-2.fpascal

Mon Jun  6 19:43:57 PDT 2005

cp /opt/shootout/shootout/bench/objinst/objinst.fpascal-2.fpascal objinst.fpascal-2.pas
/usr/bin/fpc -XX -Xs -O3p3r -oFPASCAL_RUN objinst.fpascal-2.pas
Free Pascal Compiler version 1.9.6 [2005/01/14] for i386
Copyright (c) 1993-2004 by Florian Klaempfl
Target OS: Linux for i386
Compiling objinst.fpascal-2.pas
Linking FPASCAL_RUN
73 Lines compiled, 0.5 sec
mv FPASCAL_RUN objinst.fpascal-2.fpascal_run
rm objinst.fpascal-2.pas

=================================================================
COMMAND LINE (%A is single numeric argument):

objinst.fpascal-2.fpascal_run %A


PROGRAM OUTPUT
==============
false
true
false
true
false

true
true
false
false
false
true
true
true
