BUILD COMMANDS FOR: objinst.icpp-2.icpp

Wed Nov  2 04:29:49 PST 2005

/opt/intel/cc/9.0/bin/icpc -c -O3 -ip -static -unroll  objinst.icpp-2.c++ -o objinst.icpp-2.c++.o &&  \
        /opt/intel/cc/9.0/bin/icpc objinst.icpp-2.c++.o -o objinst.icpp-2.icpp_run -O3 -ip -static -unroll  
rm: cannot remove `objinst.icpp-2.o': No such file or directory
make[2]: [objinst.icpp-2.icpp_run] Error 1 (ignored)

=================================================================
COMMAND LINE (%A is single numeric argument):

objinst.icpp-2.icpp_run %A


PROGRAM OUTPUT
==============
false
true
false
true
false

true
true
false
false
false
true
true
true
