BUILD COMMANDS FOR: objinst.sbcl

Mon Mar 28 02:14:15 PST 2005

SBCL built with: /usr/bin/sbcl --userinit /dev/null --sysinit /dev/null -batch -eval '(load "objinst.sbcl_compile")'
### START objinst.sbcl_compile
(proclaim '(optimize (speed 3) (safety 0) (debug 0) (compilation-speed 0) (space 0)))
(handler-bind ((sb-ext:defconstant-uneql      (lambda (c) (abort c))))      (load (compile-file "objinst.sbcl" ))) (save-lisp-and-die "sbcl.core" :purify t)
### END objinst.sbcl_compile

fatal error encountered in SBCL pid 11274:
can't find core file
### START objinst.sbcl_run
(proclaim '(optimize (speed 3) (safety 0) (debug 0) (compilation-speed 0) (space 0)))
(main) (quit)
### END objinst.sbcl_run


=================================================================
COMMAND LINE (%A is single numeric argument):

 /usr/bin/sbcl --noinform --core sbcl.core --userinit /dev/null --sysinit /dev/null --load objinst.sbcl_run %A


PROGRAM OUTPUT
==============
false
true
false
true
false

true
true
false
false
false
true
true
true
