BUILD COMMANDS FOR: objinst.ocamlb

Sun Sep 18 18:29:51 PDT 2005

cp /opt/shootout/shootout/bench/objinst/objinst.ocaml objinst.ml
/usr/bin/ocamlc -noassert -unsafe -I /usr/lib/ocaml/contrib  objinst.ml -o objinst.ocamlb_run
rm objinst.ml

=================================================================
COMMAND LINE (%A is single numeric argument):

objinst.ocamlb_run %A
************************************************************
*   TEST (objinst.ocamlb_run) FAILED - ERROR:  objinst.ocamlb_out differs from Output.700000
************************************************************
-rw-r--r--  1 brent brent 72 Sep 17 12:04 Output.700000
-rw-r--r--  1 brent brent  0 Sep 18 18:30 objinst.ocamlb_out


PROGRAM OUTPUT
==============
false
true
false
true
false

true
true
false
false
false
true
true
true
