BUILD COMMANDS FOR: objinst.ooc

Tue Nov  8 23:48:49 PST 2005

cp /opt/shootout/shootout/bench/objinst/objinst.ooc objinst.ooc
/usr/bin/oo2c -r ../../Include/ooc -r . -A --no-rtc -M objinst.ooc
In file included from obj/objinst.c:1:
obj/objinst.d:13: warning: pointer targets in initialization differ in signedness
obj/objinst.d:14: warning: pointer targets in initialization differ in signedness
obj/objinst.d:15: warning: pointer targets in initialization differ in signedness
obj/objinst.d:16: warning: pointer targets in initialization differ in signedness
obj/objinst.c: In function 'OOC_objinst_init':
obj/objinst.c:80: warning: pointer targets in passing argument 1 of 'Out__String' differ in signedness
obj/objinst.c:83: warning: pointer targets in passing argument 1 of 'Out__String' differ in signedness
obj/objinst.c:115: warning: pointer targets in passing argument 1 of 'Out__String' differ in signedness
obj/objinst.c:118: warning: pointer targets in passing argument 1 of 'Out__String' differ in signedness
mv bin/* objinst.ooc_run
rm -rf obj sym bin	
rm objinst.ooc

=================================================================
COMMAND LINE (%A is single numeric argument):

objinst.ooc_run %A


PROGRAM OUTPUT
==============
false
true
false
true
false

true
true
false
false
false
true
true
true
