BUILD COMMANDS FOR: objinst.java14

Thu Mar 30 23:49:58 PST 2006

if [ ! -d objinst.java14_run ] ; then mkdir objinst.java14_run ; fi
cp /opt/shootout/shootout/bench/objinst/objinst.java objinst.java14_run/objinst.java
/usr/lib/j2sdk1.4.2_05/bin/javac  -d objinst.java14_run objinst.java14_run/objinst.java
touch objinst.java14_run

=================================================================
COMMAND LINE (%A is single numeric argument):

 /usr/lib/j2sdk1.4.2_05/bin/java -server -classpath  objinst.java14_run  objinst %A


PROGRAM OUTPUT
==============
false
true
false
true
false

true
true
false
false
false
true
true
true
