BUILD COMMANDS FOR: objinst.gcl

Sat Sep 17 12:06:12 PDT 2005

cp /opt/shootout/shootout/bench/objinst/objinst.gcl objinst.gcl
(GCL_ANSI=1; export GCL_ANSI; \
  /usr/bin/gclcvs -compile objinst.gcl)

;; Compiling objinst.gcl.
;; End of Pass 1.  
;; End of Pass 2.  

Error in LET [or a callee]: Cannot open the file objinst.data.
Backtrace: let > setq > conditions::clcs-error-set > progn > :zombi > let > let > values > apply > apply > compile-file > block > tagbody > progn > setq > apply > apply > compiler::compile-file1 > let > unwind-protect > progn > let* > if > progn > cond > cond > :zombi > when > :zombi > let* > let > unwind-protect > progn > let > CONDITIONS::CLCS-OPEN
touch objinst.gcl_run

=================================================================
COMMAND LINE (%A is single numeric argument):

 /usr/bin/gclcvs -batch -load objinst.o -eval '(main)' -f objinst.gcl %A
************************************************************
*   TEST (objinst.gcl_run) FAILED - ERROR:  objinst.gcl_out differs from Output.400000
************************************************************
-rw-r--r--  1 brent brent  72 Sep 17 12:03 Output.400000
-rw-r--r--  1 brent brent 272 Sep 17 12:06 objinst.gcl_out
************************************************************
*   TEST (objinst.gcl_run) FAILED - ERROR:  objinst.gcl_out differs from Output.400000
************************************************************
-rw-r--r--  1 brent brent  72 Sep 17 12:03 Output.400000
-rw-r--r--  1 brent brent 272 Sep 17 12:06 objinst.gcl_out


PROGRAM OUTPUT
==============

Error in SYSTEM::GCL-TOP-LEVEL [or a callee]: Cannot open the file objinst.o.

Fast links are on: do (si::use-fast-links nil) for debugging
Broken at SYSTEM::SET-UP-TOP-LEVEL.  Type :H for Help.
 1 (Continue) Retry loading file "objinst.o".
 2 Return to top level.
dbl:>>