BUILD COMMANDS FOR: objinst.gwydion

Sun Sep 12 09:27:59 PDT 2004

cp /opt/shootout/shootout/bench/objinst/objinst.gwydion objinst.dylan
/usr/bin/d2c -s  objinst.dylan
Entering single file mode.
Compiling library objinst
[Loading library Dylan...]
[Loading library common-dylan...
  [Loading library melange-support...]
  [Loading library streams...]
  [Loading library Threads...]
  [Loading library table-extensions...]
  [Loading library Random...
   [Loading library transcendental...]]]
[Loading library io...
  [Loading library print...]
  [Loading library format...]
  [Loading library standard-io...]
  [Loading library format-out...]]
Parsing objinst.dylan
seeding representations
Finalizing definitions
inheriting slots
inheriting overrides
laying out instances
Processing objinst.dylan
.................
Emitting Library Heap.
Emitting Global Heap.
Building inits.
mkdir .libs
gcc -o objinst objinst.o  /usr/lib/dylan/2.3.12pre4/x86-linux-gcc33/libio-dylan.a /usr/lib/dylan/2.3.12pre4/x86-linux-gcc33/libformat-out-dylan.a /usr/lib/dylan/2.3.12pre4/x86-linux-gcc33/libstandard-io-dylan.a /usr/lib/dylan/2.3.12pre4/x86-linux-gcc33/libformat-dylan.a /usr/lib/dylan/2.3.12pre4/x86-linux-gcc33/libprint-dylan.a /usr/lib/dylan/2.3.12pre4/x86-linux-gcc33/libcommon-dylan-dylan.a /usr/lib/dylan/2.3.12pre4/x86-linux-gcc33/librandom-dylan.a /usr/lib/dylan/2.3.12pre4/x86-linux-gcc33/libtranscendental-dylan.a /usr/lib/dylan/2.3.12pre4/x86-linux-gcc33/libtable-extensions-dylan.a /usr/lib/dylan/2.3.12pre4/x86-linux-gcc33/libthreads-dylan.a /usr/lib/dylan/2.3.12pre4/x86-linux-gcc33/libstreams-dylan.a /usr/lib/dylan/2.3.12pre4/x86-linux-gcc33/libmelange-support-dylan.a /usr/lib/dylan/2.3.12pre4/x86-linux-gcc33/libdylan-dylan.a /usr/lib/dylan/2.3.12pre4/x86-linux-gcc33/libruntime.a /usr/lib/libgc.a -ldl -lpthread -lm
Optimize called 3102 times.
Compilation finished with 0 Warnings and 0 Errors
if [ "objinst" = "random" ]; then	\
    mv randum objinst.gwydion_run;		\
else				\
    mv objinst objinst.gwydion_run;			\
fi
rm objinst.[co]
rm -rf .libs
rm objinst.dylan

=================================================================
COMMAND LINE (%A is single numeric argument):

objinst.gwydion_run %A


PROGRAM OUTPUT
==============
false
true
false
true
false

true
true
false
false
false
true
true
true
