BUILD COMMANDS FOR: objinst.fpascal

Sun May 22 15:11:09 PDT 2005

cp /opt/shootout/shootout/bench/objinst/objinst.fpascal objinst.pas
/usr/bin/fpc -XX -Xs -O3p3r -oFPASCAL_RUN objinst.pas
Free Pascal Compiler version 1.9.6 [2005/01/14] for i386
Copyright (c) 1993-2004 by Florian Klaempfl
Target OS: Linux for i386
Compiling objinst.pas
Linking FPASCAL_RUN
70 Lines compiled, 0.3 sec
mv FPASCAL_RUN objinst.fpascal_run
rm objinst.pas

=================================================================
COMMAND LINE (%A is single numeric argument):

objinst.fpascal_run %A


PROGRAM OUTPUT
==============
false
true
false
true
false

true
true
false
false
false
true
true
true
