BUILD COMMANDS FOR: partialsums.gpp-2.gpp

Sat Feb  4 00:22:48 PST 2006

/usr/bin/g++ -c -pipe -Wall -O3 -fomit-frame-pointer -funroll-loops  partialsums.gpp-2.c++ -o partialsums.gpp-2.c++.o &&  \
        /usr/bin/g++ partialsums.gpp-2.c++.o -o partialsums.gpp-2.gpp_run -L/usr/local/lib  

=================================================================
COMMAND LINE (%A is single numeric argument):

partialsums.gpp-2.gpp_run %A
************************************************************
*   TEST (partialsums.gpp-2.gpp_run) FAILED - ERROR:  partialsums.gpp-2.gpp_out differs from Output.2500000
************************************************************
-rw-r--r-- 1 brent brent 215 Feb  4 00:19 Output.2500000
-rw-r--r-- 1 brent brent  20 Feb  4 00:23 partialsums.gpp-2.gpp_out


PROGRAM OUTPUT
==============
3.000000000	(2/3)^k
3160.817621887	k^-0.5
0.999999600	1/k(k+1)
30.314541510	Flint Hills
42.995233998	Cookson Hills
15.309017155	Harmonic
1.644933667	Riemann Zeta
0.693146981	Alternating Harmonic
0.785398063	Gregory
