BUILD COMMANDS FOR: partialsums.ooc

Fri Jan 12 19:55:53 PST 2007

cp /opt/shootout/shootout/bench/partialsums/partialsums.ooc partialsums.ooc
/usr/bin/oo2c -r ../../Include/ooc -r . -A --no-rtc --cflags "-O3 -fomit-frame-pointer -march=athlon-tbird" -M partialsums.ooc
mv bin/* partialsums.ooc_run
rm -rf obj sym bin	
rm partialsums.ooc

=================================================================
COMMAND LINE (%A is single numeric argument):

partialsums.ooc_run %A
************************************************************
*   TEST (partialsums.ooc_run) FAILED - ERROR:  partialsums.ooc_out differs from Output.25000
************************************************************
-rw-r--r-- 1 brent brent   0 2007-01-12 10:19 Output.25000
-rw-r--r-- 1 brent brent 214 2007-01-12 19:55 partialsums.ooc_out


PROGRAM OUTPUT
==============
3.000000000	(2/3)^k
314.770573775	k^-0.5
0.999960002	1/k(k+1)
30.314520404	Flint Hills
42.994899946	Cookson Hills
10.703866769	Harmonic
1.644894068	Riemann Zeta
0.693127181	Alternating Harmonic
0.785388163	Gregory
