BUILD COMMANDS FOR: partialsums.gwydion

Sat Mar 18 12:19:22 PST 2006

cp /opt/shootout/shootout/bench/partialsums/partialsums.gwydion partialsums.dylan
(if [ "partialsums" = "random" ]; then	\
	    cp random.dylan randum.dylan;	\
	fi)
/usr/bin/d2c -s  partialsums.dylan
Entering single file mode.
Compiling library partialsums
[Loading library Dylan...]
Using custom library import list...
[Loading library common-dylan...
  [Loading library melange-support...]
  [Loading library threads...]
  [Loading library table-extensions...]
  [Loading library Random...
   [Loading library transcendental...]]]
[Loading library io...In Define Library partialsums.:
unknown source locationWarning: Can't tell if argument <unknown-type> is a subtype of type-union(<false>, <type>),
so can't tell if method:
  type-for-file-stream{<object>, <unknown-type>, <object>}
is congruent to GF
  type-for-file-stream
]
Parsing partialsums.dylan
Finalizing library.
Converting top level forms.
                    Optimizing top level forms.
                    Emitting C code.
                    Emitting Library Heap.
Emitting Global Heap.
Building inits.
partialsums.dylan: In function 'inits':
partialsums.dylan:58200: warning: implicit declaration of function 'dylan_Library_init'
partialsums.dylan:58201: warning: implicit declaration of function 'melange_support_Library_init'
partialsums.dylan:58202: warning: implicit declaration of function 'threads_Library_init'
partialsums.dylan:58203: warning: implicit declaration of function 'table_extensions_Library_init'
partialsums.dylan:58204: warning: implicit declaration of function 'transcendental_Library_init'
partialsums.dylan:58205: warning: implicit declaration of function 'random_Library_init'
partialsums.dylan:58206: warning: implicit declaration of function 'common_dylan_Library_init'
partialsums.dylan:58207: warning: implicit declaration of function 'io_Library_init'
mkdir .libs
gcc -o partialsums partialsums.o  /usr/lib/dylan/2.5.0pre2/x86-linux-gcc/libio-dylan.a /usr/lib/dylan/2.5.0pre2/x86-linux-gcc/libcommon-dylan-dylan.a /usr/lib/dylan/2.5.0pre2/x86-linux-gcc/librandom-dylan.a /usr/lib/dylan/2.5.0pre2/x86-linux-gcc/libtranscendental-dylan.a /usr/lib/dylan/2.5.0pre2/x86-linux-gcc/libtable-extensions-dylan.a /usr/lib/dylan/2.5.0pre2/x86-linux-gcc/libthreads-dylan.a /usr/lib/dylan/2.5.0pre2/x86-linux-gcc/libmelange-support-dylan.a /usr/lib/dylan/2.5.0pre2/x86-linux-gcc/libdylan-dylan.a /usr/lib/dylan/2.5.0pre2/x86-linux-gcc/libruntime.a /usr/lib/libgc.so -ldl -lpthread -lm
Optimize called 2948 times.
Compilation finished with 1 Warning and 0 Errors
(if [ "partialsums" = "random" ]; then	\
	    mv randum partialsums.gwydion_run;		\
	else				\
	    mv partialsums partialsums.gwydion_run;			\
	fi)
rm partialsums.[co]
rm -rf .libs
rm partialsums.dylan

=================================================================
COMMAND LINE (%A is single numeric argument):

partialsums.gwydion_run %A
************************************************************
*   TEST (partialsums.gwydion_run) FAILED - ERROR:  partialsums.gwydion_out differs from Output.25000
************************************************************
-rw-r--r-- 1 brent brent 214 Feb  4 00:19 Output.25000
-rw-r--r-- 1 brent brent 206 Mar 18 12:19 partialsums.gwydion_out


PROGRAM OUTPUT
==============
3.0	(2/3)^k
314.770573775	k^-0.5
0.999960002	1/k(k+1)
30.314520404	Flint Hills
42.994899946	Cookson Hills
10.703866769	Harmonic
1.644894068	Riemann Zeta
0.693127181	Alternating Harmonic
0.785388163	Gregory
