BUILD COMMANDS FOR: partialsums.java14

Fri Jan 12 19:55:04 PST 2007

if [ ! -d partialsums.java14_run ] ; then mkdir partialsums.java14_run ; fi
cp /opt/shootout/shootout/bench/partialsums/partialsums.java14 partialsums.java14_run/partialsums.java
/usr/lib/j2se/1.4/bin/javac  -d partialsums.java14_run partialsums.java14_run/partialsums.java
touch partialsums.java14_run

=================================================================
COMMAND LINE (%A is single numeric argument):

 /usr/lib/j2se/1.4/bin/java -server -classpath  partialsums.java14_run  partialsums %A
************************************************************
*   TEST (partialsums.java14_run) FAILED - ERROR:  partialsums.java14_out differs from Output.25000
************************************************************
-rw-r--r-- 1 brent brent   0 2007-01-12 10:19 Output.25000
-rw-r--r-- 1 brent brent 214 2007-01-12 19:55 partialsums.java14_out


PROGRAM OUTPUT
==============
3.000000000	(2/3)^k
314.770573775	k^-0.5
0.999960002	1/k(k+1)
30.314520404	Flint Hills
42.994899946	Cookson Hills
10.703866769	Harmonic
1.644894068	Riemann Zeta
0.693127181	Alternating Harmonic
0.785388163	Gregory
