BUILD COMMANDS FOR: partialsums.cmucl-2.cmucl

Wed Jun  7 22:18:52 PDT 2006

CMUCL built with: /usr/bin/lisp -noinit -batch -eval '(load "partialsums.cmucl-2.cmucl_compile")'
### START partialsums.cmucl-2.cmucl_compile
(proclaim '(optimize (speed 3) (safety 0) (debug 0) (compilation-speed 0) (space 0)))
(compile-file "partialsums.cmucl-2.cmucl" :block-compile t  :entry-points '(main))
(quit)
### END partialsums.cmucl-2.cmucl_compile

Couldn't mmap at 0xbe000000, len 1048576; got mapping at 0xa60c2000 insteadensure_space: Failed to validate 1048576 bytes at 0xbe000000
### START partialsums.cmucl-2.cmucl_run
(proclaim '(optimize (speed 3) (safety 0) (debug 0) (compilation-speed 0) (space 0)))
(setq *gc-verbose* nil)
(load "partialsums.cmucl-2.x86f" :verbose nil :print nil)
(main) (quit)
### END partialsums.cmucl-2.cmucl_run


=================================================================
COMMAND LINE (%A is single numeric argument):

 /usr/bin/lisp -noinit -batch -eval '(load "partialsums.cmucl-2.cmucl_run" :verbose nil :print nil)' %A
Couldn't mmap at 0xbe000000, len 1048576; got mapping at 0xa60fe000 insteadensure_space: Failed to validate 1048576 bytes at 0xbe000000
TEST FAILED - Child processed exited with error code (1)


PROGRAM OUTPUT
==============
