BUILD COMMANDS FOR: partialsums.ghc

Sat Feb  4 00:21:54 PST 2006

cp /opt/shootout/shootout/bench/partialsums/partialsums.ghc partialsums.hs
/usr/bin/ghc -O3 -optc-O3 -fglasgow-exts -O2 -fexcess-precision -optc-ffast-math partialsums.hs -o partialsums.ghc_run

=================================================================
COMMAND LINE (%A is single numeric argument):

 partialsums.ghc_run %A $MB_GHCRTS
************************************************************
*   TEST (partialsums.ghc_run) FAILED - ERROR:  partialsums.ghc_out differs from Output.2500000
************************************************************
-rw-r--r-- 1 brent brent 215 Feb  4 00:19 Output.2500000
-rw-r--r-- 1 brent brent   0 Feb  4 00:22 partialsums.ghc_out


PROGRAM OUTPUT
==============
3.000000000	(2/3)^k
3160.817621887	k^-0.5
0.999999600	1/k(k+1)
30.314541510	Flint Hills
42.995233998	Cookson Hills
15.309017155	Harmonic
1.644933667	Riemann Zeta
0.693146981	Alternating Harmonic
0.785398063	Gregory
