BUILD COMMANDS FOR: partialsums.gfortran-2.gfortran

Fri Jan 12 19:53:39 PST 2007

/usr/bin/gfortran -pipe -Wall -O3 -fomit-frame-pointer -march=athlon-tbird  partialsums.gfortran-2.f90 -o partialsums.gfortran-2.gfortran_run
rm partialsums.gfortran-2.f90

=================================================================
COMMAND LINE (%A is single numeric argument):

partialsums.gfortran-2.gfortran_run %A
************************************************************
*   TEST (partialsums.gfortran-2.gfortran_run) FAILED - ERROR:  partialsums.gfortran-2.gfortran_out differs from Output.25000
************************************************************
-rw-r--r-- 1 brent brent   0 2007-01-12 10:19 Output.25000
-rw-r--r-- 1 brent brent 214 2007-01-12 19:53 partialsums.gfortran-2.gfortran_out


PROGRAM OUTPUT
==============
3.000000000	(2/3)^k
314.770573775	k^-0.5
0.999960002	1/k(k+1)
30.314520404	Flint Hills
42.994899946	Cookson Hills
10.703866769	Harmonic
1.644894068	Riemann Zeta
0.693127181	Alternating Harmonic
0.785388163	Gregory
