BUILD COMMANDS FOR: partialsums.parrot-2.parrot

Sun Feb 19 15:21:07 PST 2006

rm -f partialsums.parrot-2.pir partialsums.parrot-2.pbc
cp /opt/shootout/shootout/bench/partialsums/partialsums.parrot-2.parrot partialsums.parrot-2.pir
/usr/bin/parrot -o partialsums.parrot-2.pbc partialsums.parrot-2.pir
touch partialsums.parrot-2.parrot_run

=================================================================
COMMAND LINE (%A is single numeric argument):

 /usr/bin/parrot $PARROTOPTS partialsums.parrot-2.pbc %A


PROGRAM OUTPUT
==============
3.000000000	(2/3)^k
3160.817621887	k^-0.5
0.999999600	1/k(k+1)
30.314541510	Flint Hills
42.995233998	Cookson Hills
15.309017155	Harmonic
1.644933667	Riemann Zeta
0.693146981	Alternating Harmonic
0.785398063	Gregory
