BUILD COMMANDS FOR: partialsums.ocaml-2.ocaml

Fri Jan 12 19:55:45 PST 2007

cp /opt/shootout/shootout/bench/partialsums/partialsums.ocaml-2.ocaml partialsums.ocaml-2.ml
/usr/bin/ocamlopt -noassert -unsafe -I /usr/lib/ocaml/contrib -ccopt -O3 -ccopt -fomit-frame-pointer -ccopt -march=athlon-tbird  partialsums.ocaml-2.ml -o partialsums.ocaml-2.ocaml_run
rm partialsums.ocaml-2.ml

=================================================================
COMMAND LINE (%A is single numeric argument):

partialsums.ocaml-2.ocaml_run %A
************************************************************
*   TEST (partialsums.ocaml-2.ocaml_run) FAILED - ERROR:  partialsums.ocaml-2.ocaml_out differs from Output.25000
************************************************************
-rw-r--r-- 1 brent brent   0 2007-01-12 10:19 Output.25000
-rw-r--r-- 1 brent brent 214 2007-01-12 19:55 partialsums.ocaml-2.ocaml_out


PROGRAM OUTPUT
==============
3.000000000	(2/3)^k
314.770573775	k^-0.5
0.999960002	1/k(k+1)
30.314520404	Flint Hills
42.994899946	Cookson Hills
10.703866769	Harmonic
1.644894068	Riemann Zeta
0.693127181	Alternating Harmonic
0.785388163	Gregory
