RUNNING SCRIPT: partialsums.regina-2.regina

Thu Mar 16 03:08:24 PST 2006


=================================================================
COMMAND LINE (%A is single numeric argument):

 /usr/bin/regina -a -tO ../partialsums.regina-2.regina %A
************************************************************
*   TEST (partialsums.regina-2.regina) FAILED - ERROR:  partialsums.regina-2.regina_out differs from Output.25000
************************************************************
-rw-r--r-- 1 brent brent 214 Feb  4 00:19 Output.25000
-rw-r--r-- 1 brent brent 245 Mar 16 03:09 partialsums.regina-2.regina_out


PROGRAM OUTPUT
==============
3.000000000     (2/3)^k
314.770573775   k^-0.5
0.999960002     1/k(k+1)
30.314520404    Flint Hills
42.994899946    Cookson Hills
10.703866769    Harmonic
1.644894068     Riemann Zeta
0.693127181     Alternating Harmonic
0.785388163     Gregory
