BUILD COMMANDS FOR: partialsums.erlang-2.erlang

Sat Feb  4 00:20:41 PST 2006

cp /opt/shootout/shootout/bench/partialsums/partialsums.erlang-2.erlang partialsums.erlang-2.erl
(if [ "partialsums.erlang-2" = "lists" ]; then		\
	    mv lists.erl lists_test.erl;	\
	    /usr/bin/erlc lists_test.erl;		\
	else					\
	    /usr/bin/erlc partialsums.erlang-2.erl;			\
	fi)
./partialsums.erlang-2.erl:17: syntax error before: ')'
./partialsums.erlang-2.erl:6: function main/1 undefined
./partialsums.erlang-2.erl:37: Warning: variable 'Alt' is unused
./partialsums.erlang-2.erl:37: Warning: variable 'K' is unused
./partialsums.erlang-2.erl:37: Warning: variable 'N' is unused
./partialsums.erlang-2.erl:39: Warning: function loop/12 is unused
make[2]: [partialsums.erlang-2.erlang_run] Error 1 (ignored)
rm partialsums.erlang-2.erl

=================================================================
COMMAND LINE (%A is single numeric argument):

 /usr/bin/erl -noshell $ERLFLAGS -run partialsums main %A

Crash dump was written to: erl_crash.dump
init terminating in do_boot ()
TEST FAILED - Child processed exited with error code (1)


PROGRAM OUTPUT
==============
{"init terminating in do_boot",{undef,[{partialsums,main,[["25000"]]},{init,start_it,1},{init,start_em,1}]}}
