BUILD COMMANDS FOR: partialsums.java15

Sat Mar 11 00:05:59 PST 2006

if [ ! -d partialsums.java15_run ] ; then mkdir partialsums.java15_run ; fi
cp /opt/shootout/shootout/bench/partialsums/partialsums.java partialsums.java15_run/partialsums.java
/usr/lib/jdk1.5.0_06/bin/javac  -d partialsums.java15_run partialsums.java15_run/partialsums.java
touch partialsums.java15_run

=================================================================
COMMAND LINE (%A is single numeric argument):

 /usr/lib/jdk1.5.0_06/bin/java -server -classpath  partialsums.java15_run  partialsums %A


PROGRAM OUTPUT
==============
3.000000000	(2/3)^k
3160.817621887	k^-0.5
0.999999600	1/k(k+1)
30.314541510	Flint Hills
42.995233998	Cookson Hills
15.309017155	Harmonic
1.644933667	Riemann Zeta
0.693146981	Alternating Harmonic
0.785398063	Gregory
