BUILD COMMANDS FOR: partialsums.sablevm-2.sablevm

Fri Sep 15 01:41:02 PDT 2006

( if [ ! -d partialsums.sablevm-2.sablevm_run ] ; then mkdir partialsums.sablevm-2.sablevm_run ; fi )
cp /opt/shootout/shootout/bench/partialsums/partialsums.sablevm-2.sablevm partialsums.sablevm-2.sablevm_run/partialsums.java
( cd partialsums.sablevm-2.sablevm_run ; /usr/lib/j2se/1.5/bin/javac  -classpath '.' partialsums.java )
touch partialsums.sablevm-2.sablevm_run

=================================================================
COMMAND LINE (%A is single numeric argument):

 /usr/bin/sablevm -Y --classpath="partialsums.sablevm-2.sablevm_run" partialsums %A
java.lang.UnsupportedClassVersionError
   at java.lang.VMClassLoader.nativeDefineClass (VMClassLoader.java)
   at java.lang.VMClassLoader.defineClass (VMClassLoader.java:94)
   at java.lang.ClassLoader.defineClass (ClassLoader.java:673)
   at java.security.SecureClassLoader.defineClass (SecureClassLoader.java:108)
   at java.net.URLClassLoader.findClass (URLClassLoader.java:926)
   at java.lang.ClassLoader.loadClass (ClassLoader.java:360)
   at java.lang.ClassLoader$1.loadClass (ClassLoader.java:1285)
   at java.lang.ClassLoader.loadClass (ClassLoader.java:304)
   at java.lang.VirtualMachine.main (VirtualMachine.java:99)
TEST FAILED - Child processed exited with error code (1)


PROGRAM OUTPUT
==============
