BUILD COMMANDS FOR: partialsums.icon

Fri Jan 12 19:54:46 PST 2007

cp /opt/shootout/shootout/bench/partialsums/partialsums.icon partialsums.icn
(unset STRSIZE BLOCKSIZE COEXPSIZE MSTKSIZE TRACE NOERRBUF ; \
	/usr/bin/icont -o partialsums.icon_run partialsums.icn )
Translating:
partialsums.icn:
  main
No errors
Linking:
rm partialsums.icn

=================================================================
COMMAND LINE (%A is single numeric argument):

 unset STRSIZE BLOCKSIZE COEXPSIZE TRACE NOERRBUF;export MSTKSIZE=250000;partialsums.icon_run %A
360
************************************************************
*   TEST (partialsums.icon_run) FAILED - ERROR:  partialsums.icon_out differs from Output.25000
************************************************************
-rw-r--r-- 1 brent brent   0 2007-01-12 10:19 Output.25000
-rw-r--r-- 1 brent brent 214 2007-01-12 19:54 partialsums.icon_out


PROGRAM OUTPUT
==============
2.000000000	(2/3)^k
314.770573775	k^-0.5
0.999960001	1/k(k+1)
30.314520404	Flint Hills
42.994899946	Cookson Hills
10.703866768	Harmonic
1.644894067	Riemann Zeta
0.693127181	Alternating Harmonic
0.785388163	Gregory
