BUILD COMMANDS FOR: partialsums.ghc-3.ghc

Sat Feb  4 00:22:42 PST 2006

cp /opt/shootout/shootout/bench/partialsums/partialsums.ghc-3.ghc partialsums.ghc-3.hs
/usr/bin/ghc -O3 -optc-O3 -fglasgow-exts -O2 -fexcess-precision -optc-ffast-math partialsums.ghc-3.hs -o partialsums.ghc-3.ghc_run

=================================================================
COMMAND LINE (%A is single numeric argument):

 partialsums.ghc-3.ghc_run %A $MB_GHCRTS
************************************************************
*   TEST (partialsums.ghc-3.ghc_run) FAILED - ERROR:  partialsums.ghc-3.ghc_out differs from Output.25000
************************************************************
-rw-r--r-- 1 brent brent 214 Feb  4 00:19 Output.25000
-rw-r--r-- 1 brent brent 209 Feb  4 00:22 partialsums.ghc-3.ghc_out


PROGRAM OUTPUT
==============
1.000000000	(2/3)^k
1.000000000	k^-0.5
0.500000000	1/k(k+1)
1.412282927	Flint Hills
3.425518821	Cookson Hills
1.000000000	Harmonic
1.000000000	Riemann Zeta
1.000000000	Alternating Harmonic
1.000000000	Gregory
