BUILD COMMANDS FOR: partialsums.nice

Wed Apr 26 04:19:25 PDT 2006

( if [ ! -d partialsums.nice_run ] ; then mkdir nice_build ; mkdir nice_build/partialsums ; fi)
cp /opt/shootout/shootout/bench/partialsums/partialsums.nice nice_build/partialsums/partialsums.nice
( cd nice_build/partialsums ; /usr/bin/nicec -d . --sourcepath "..:../../../.." -a o.jar partialsums )
Exception in thread "main" java.lang.NullPointerException
	at java.util.jar.JarFile.initializeVerifier(JarFile.java:312)
	at java.util.jar.JarFile.getInputStream(JarFile.java:385)
	at sun.misc.URLClassPath$JarLoader$1.getInputStream(URLClassPath.java:620)
	at sun.misc.Resource.cachedInputStream(Resource.java:58)
	at sun.misc.Resource.getByteBuffer(Resource.java:113)
	at java.net.URLClassLoader.defineClass(URLClassLoader.java:249)
	at java.net.URLClassLoader.access$100(URLClassLoader.java:56)
	at java.net.URLClassLoader$1.run(URLClassLoader.java:195)
	at java.security.AccessController.doPrivileged(Native Method)
	at java.net.URLClassLoader.findClass(URLClassLoader.java:188)
	at java.lang.ClassLoader.loadClass(ClassLoader.java:306)
	at sun.misc.Launcher$AppClassLoader.loadClass(Launcher.java:268)
	at java.lang.ClassLoader.loadClass(ClassLoader.java:251)
	at java.lang.ClassLoader.loadClassInternal(ClassLoader.java:319)
make[3]: [partialsums.nice_run] Error 1 (ignored)
cp nice_build/partialsums/o.jar o.jar
cp: cannot stat `nice_build/partialsums/o.jar': No such file or directory
make[3]: [partialsums.nice_run] Error 1 (ignored)
touch partialsums.nice_run

=================================================================
COMMAND LINE (%A is single numeric argument):

 /usr/lib/jdk1.5.0_06/bin/java -server -jar o.jar %A
Unable to access jarfile o.jar
TEST FAILED - Child processed exited with error code (1)


PROGRAM OUTPUT
==============
