RUNNING SCRIPT: partialsums.gforth

Sat Feb  4 00:21:44 PST 2006


=================================================================
COMMAND LINE (%A is single numeric argument):

 /usr/bin/gforth-fast $GFORTH_FLAGS ../partialsums.gforth %A
************************************************************
*   TEST (partialsums.gforth) FAILED - ERROR:  partialsums.gforth_out differs from Output.2500000
************************************************************
-rw-r--r-- 1 brent brent 215 Feb  4 00:19 Output.2500000
-rw-r--r-- 1 brent brent   0 Feb  4 00:21 partialsums.gforth_out


PROGRAM OUTPUT
==============
3.000000000	(2/3)^k
3160.817621887	k^-0.5
0.999999600	1/k(k+1)
30.314541510	Flint Hills
42.995233998	Cookson Hills
15.309017155	Harmonic
1.644933667	Riemann Zeta
0.693146981	Alternating Harmonic
0.785398063	Gregory
