BUILD COMMANDS FOR: partialsums.psyco-2.psyco

Fri Jan 12 19:56:03 PST 2007

rm -f partialsums.psyco-2.pyo partialsums.psyco-2.pyc
cp /opt/shootout/shootout/bench/partialsums/partialsums.psyco-2.psyco partialsums.psyco-2.py
/usr/bin/python2.4 -OO -c "from py_compile import compile; compile('/opt/shootout/shootout/bench/partialsums/tmp/partialsums.psyco-2.py')"
touch partialsums.psyco-2.psyco_run

=================================================================
COMMAND LINE (%A is single numeric argument):

 /usr/bin/python2.4 partialsums.psyco-2.py %A
************************************************************
*   TEST (partialsums.psyco-2.psyco_run) FAILED - ERROR:  partialsums.psyco-2.psyco_out differs from Output.25000
************************************************************
-rw-r--r-- 1 brent brent   0 2007-01-12 10:19 Output.25000
-rw-r--r-- 1 brent brent 214 2007-01-12 19:56 partialsums.psyco-2.psyco_out


PROGRAM OUTPUT
==============
3.000000000	(2/3)^k
314.770573775	k^-0.5
0.999960002	1/k(k+1)
30.314520404	Flint Hills
42.994899946	Cookson Hills
10.703866769	Harmonic
1.644894068	Riemann Zeta
0.693127181	Alternating Harmonic
0.785388163	Gregory
