BUILD COMMANDS FOR: partialsums.fpascal

Sat Feb  4 00:20:44 PST 2006

cp /opt/shootout/shootout/bench/partialsums/partialsums.fpascal partialsums.pas
/usr/bin/fpc -XX -Xs -O3p3r -oFPASCAL_RUN partialsums.pas
Free Pascal Compiler version 2.0.0 [2005/09/09] for i386
Copyright (c) 1993-2005 by Florian Klaempfl
Target OS: Linux for i386
Compiling partialsums.pas
partialsums.pas(27,20) Warning: Variable "sum1" does not seem to be initialized
partialsums.pas(28,20) Warning: Variable "sum2" does not seem to be initialized
partialsums.pas(29,20) Warning: Variable "sum3" does not seem to be initialized
partialsums.pas(30,20) Warning: Variable "sum4" does not seem to be initialized
partialsums.pas(31,20) Warning: Variable "sum5" does not seem to be initialized
partialsums.pas(32,20) Warning: Variable "sum6" does not seem to be initialized
partialsums.pas(33,20) Warning: Variable "sum7" does not seem to be initialized
partialsums.pas(34,20) Warning: Variable "sum8" does not seem to be initialized
partialsums.pas(35,20) Warning: Variable "sum9" does not seem to be initialized
partialsums.pas(13,7) Note: Local variable "code" is assigned but never used
Linking FPASCAL_RUN
47 Lines compiled, 0.7 sec
mv FPASCAL_RUN partialsums.fpascal_run
rm partialsums.pas

=================================================================
COMMAND LINE (%A is single numeric argument):

partialsums.fpascal_run %A
************************************************************
*   TEST (partialsums.fpascal_run) FAILED - ERROR:  partialsums.fpascal_out differs from Output.250000
************************************************************
-rw-r--r-- 1 brent brent 214 Feb  4 00:19 Output.250000
-rw-r--r-- 1 brent brent 209 Feb  4 00:20 partialsums.fpascal_out


PROGRAM OUTPUT
==============
0.000000000	(2/3)^k
0.000000000	k^-0.5
0.000000000	1/k(k+1)
0.000000000	Flint Hills
0.000000000	Cookson Hills
0.000000000	Harmonic
0.000000000	Riemann Zeta
0.000000000	Alternating Harmonic
0.000000000	Gregory
