BUILD COMMANDS FOR: partialsums.erlang

Tue Feb 14 22:26:52 PST 2006

cp /opt/shootout/shootout/bench/partialsums/partialsums.erlang partialsums.erl
(if [ "partialsums" = "lists" ]; then		\
	    mv lists.erl lists_test.erl;	\
	    /usr/bin/erlc lists_test.erl;		\
	else					\
	    /usr/bin/erlc partialsums.erl;			\
	fi)
./partialsums.erl:37: Warning: variable 'Alt' is unused
./partialsums.erl:37: Warning: variable 'K' is unused
./partialsums.erl:37: Warning: variable 'N' is unused
rm partialsums.erl

=================================================================
COMMAND LINE (%A is single numeric argument):

 /usr/bin/erl -noshell $ERLFLAGS -run partialsums main %A
Error, could not exec  (Inappropriate ioctl for device)
PATH=/opt/shootout/shootout/bench/partialsums:/opt/shootout/shootout/bench/partialsums/tmp:/opt/xds_x86/bin:/opt/intel/fc/9.0/bin:/opt/intel/cc/9.0/bin:/usr/lib/poplog/current-poplog/pop/pop:/usr/lib/smarteiffel/bin:/usr/local/Acrobat5/bin:/usr/lib/postgresql/bin:/home/brent/GNUstep/Tools:/usr/local/lib/GNUstep/Local/Tools:/usr/local/lib/GNUstep/Network/Tools:/usr/lib/GNUstep/System/Tools:/usr/local/bin:/usr/bin:/bin:/usr/bin/X11:/usr/games:/usr/lib/poplog/current-poplog/pop/com
TEST FAILED - Child processed exited with error code (1)


PROGRAM OUTPUT
==============
