BUILD COMMANDS FOR: partialsums.java14-2.java14

Mon Jun 18 12:45:43 PDT 2007

if [ ! -d partialsums.java14-2.java14_run ] ; then mkdir partialsums.java14-2.java14_run ; fi
cp /opt/shootout/shootout/bench/partialsums/partialsums.java14-2.java14 partialsums.java14-2.java14_run/partialsums.java
/usr/lib/j2se/1.4/bin/javac  -d partialsums.java14-2.java14_run partialsums.java14-2.java14_run/partialsums.java
partialsums.java14-2.java14_run/partialsums.java:31: cannot resolve symbol
symbol  : method printf (java.lang.String,double)
location: class java.io.PrintStream
      System.out.printf("%.9f\t(2/3)^k\n", a1);
                ^
partialsums.java14-2.java14_run/partialsums.java:32: cannot resolve symbol
symbol  : method printf (java.lang.String,double)
location: class java.io.PrintStream
      System.out.printf("%.9f\tk^-0.5\n", a2);
                ^
partialsums.java14-2.java14_run/partialsums.java:33: cannot resolve symbol
symbol  : method printf (java.lang.String,double)
location: class java.io.PrintStream
      System.out.printf("%.9f\t1/k(k+1)\n", a3);
                ^
partialsums.java14-2.java14_run/partialsums.java:34: cannot resolve symbol
symbol  : method printf (java.lang.String,double)
location: class java.io.PrintStream
      System.out.printf("%.9f\tFlint Hills\n", a4);
                ^
partialsums.java14-2.java14_run/partialsums.java:35: cannot resolve symbol
symbol  : method printf (java.lang.String,double)
location: class java.io.PrintStream
      System.out.printf("%.9f\tCookson Hills\n", a5);
                ^
partialsums.java14-2.java14_run/partialsums.java:36: cannot resolve symbol
symbol  : method printf (java.lang.String,double)
location: class java.io.PrintStream
      System.out.printf("%.9f\tHarmonic\n", a6);
                ^
partialsums.java14-2.java14_run/partialsums.java:37: cannot resolve symbol
symbol  : method printf (java.lang.String,double)
location: class java.io.PrintStream
      System.out.printf("%.9f\tRiemann Zeta\n", a7);
                ^
partialsums.java14-2.java14_run/partialsums.java:38: cannot resolve symbol
symbol  : method printf (java.lang.String,double)
location: class java.io.PrintStream
      System.out.printf("%.9f\tAlternating Harmonic\n", a8);
                ^
partialsums.java14-2.java14_run/partialsums.java:39: cannot resolve symbol
symbol  : method printf (java.lang.String,double)
location: class java.io.PrintStream
      System.out.printf("%.9f\tGregory\n", a9);
                ^
9 errors
make[3]: [partialsums.java14-2.java14_run] Error 1 (ignored)
touch partialsums.java14-2.java14_run

=================================================================
COMMAND LINE (%A is single numeric argument):

 /usr/lib/j2se/1.4/bin/java -server -classpath  partialsums.java14-2.java14_run  partialsums %A
Exception in thread "main" java.lang.NoClassDefFoundError: partialsums
TEST FAILED - Child processed exited with error code (1)


PROGRAM OUTPUT
==============
