BUILD COMMANDS FOR: partialsums.gcc-3.gcc

Fri Mar 31 20:33:02 PST 2006

/usr/bin/gcc -pipe -Wall -O3 -static -fomit-frame-pointer -funroll-loops -lm partialsums.gcc-3.c -o partialsums.gcc-3.gcc_run
/tmp/ccwlBtli.o: In function `main':partialsums.gcc-3.c:(.text+0x85e): undefined reference to `cos'
:partialsums.gcc-3.c:(.text+0x8b0): undefined reference to `cos'
:partialsums.gcc-3.c:(.text+0x8e8): undefined reference to `cos'
:partialsums.gcc-3.c:(.text+0x93b): undefined reference to `cos'
:partialsums.gcc-3.c:(.text+0x967): undefined reference to `cos'
/tmp/ccwlBtli.o:partialsums.gcc-3.c:(.text+0x996): more undefined references to `cos' follow
/tmp/ccwlBtli.o: In function `main':partialsums.gcc-3.c:(.text+0xa54): undefined reference to `pow'
:partialsums.gcc-3.c:(.text+0xac3): undefined reference to `pow'
:partialsums.gcc-3.c:(.text+0xaea): undefined reference to `pow'
:partialsums.gcc-3.c:(.text+0xb11): undefined reference to `pow'
:partialsums.gcc-3.c:(.text+0xb38): undefined reference to `pow'
/tmp/ccwlBtli.o:partialsums.gcc-3.c:(.text+0xb5f): more undefined references to `pow' follow
/tmp/ccwlBtli.o: In function `main':partialsums.gcc-3.c:(.text+0xd38): undefined reference to `sin'
:partialsums.gcc-3.c:(.text+0xd8a): undefined reference to `sin'
:partialsums.gcc-3.c:(.text+0xdc2): undefined reference to `sin'
:partialsums.gcc-3.c:(.text+0xe0b): undefined reference to `sin'
:partialsums.gcc-3.c:(.text+0xe37): undefined reference to `sin'
/tmp/ccwlBtli.o:partialsums.gcc-3.c:(.text+0xe66): more undefined references to `sin' follow
/tmp/ccwlBtli.o: In function `main':partialsums.gcc-3.c:(.text+0xf76): undefined reference to `sqrt'
:partialsums.gcc-3.c:(.text+0xff9): undefined reference to `sqrt'
:partialsums.gcc-3.c:(.text+0x10b1): undefined reference to `sqrt'
:partialsums.gcc-3.c:(.text+0x123b): undefined reference to `sqrt'
:partialsums.gcc-3.c:(.text+0x125b): undefined reference to `sqrt'
/tmp/ccwlBtli.o:partialsums.gcc-3.c:(.text+0x126b): more undefined references to `sqrt' follow
collect2: ld returned 1 exit status
make[3]: [partialsums.gcc-3.gcc_run] Error 1 (ignored)

=================================================================
COMMAND LINE (%A is single numeric argument):

partialsums.gcc-3.gcc_run %A
Error, could not exec partialsums.gcc-3.gcc_run 25000 (No such file or directory)
PATH=/opt/shootout/shootout/bench/partialsums:/opt/shootout/shootout/bench/partialsums/tmp:/opt/xds_x86/bin:/opt/intel/fc/9.0/bin:/opt/intel/cc/9.0/bin:/usr/lib/poplog/current-poplog/pop/pop:/usr/lib/smarteiffel/bin:/usr/local/Acrobat5/bin:/usr/lib/postgresql/bin:/home/brent/GNUstep/Tools:/usr/local/lib/GNUstep/Local/Tools:/usr/local/lib/GNUstep/Network/Tools:/usr/lib/GNUstep/System/Tools:/usr/local/bin:/usr/bin:/bin:/usr/bin/X11:/usr/games:/usr/lib/poplog/current-poplog/pop/com
TEST FAILED - Child processed exited with error code (1)


PROGRAM OUTPUT
==============
