BUILD COMMANDS FOR: partialsums.javaclient-2.javaclient

Fri Jan 12 19:55:10 PST 2007

( if [ ! -d partialsums.javaclient-2.javaclient_run ] ; then mkdir partialsums.javaclient-2.javaclient_run ; fi)
cp /opt/shootout/shootout/bench/partialsums/partialsums.javaclient-2.javaclient partialsums.javaclient-2.javaclient_run/partialsums.java
/usr/lib/j2se/1.5/bin/javac  -d partialsums.javaclient-2.javaclient_run partialsums.javaclient-2.javaclient_run/partialsums.java
touch partialsums.javaclient-2.javaclient_run

=================================================================
COMMAND LINE (%A is single numeric argument):

 /usr/lib/j2se/1.5/bin/java -client -classpath partialsums.javaclient-2.javaclient_run partialsums %A
************************************************************
*   TEST (partialsums.javaclient-2.javaclient_run) FAILED - ERROR:  partialsums.javaclient-2.javaclient_out differs from Output.25000
************************************************************
-rw-r--r-- 1 brent brent   0 2007-01-12 10:19 Output.25000
-rw-r--r-- 1 brent brent 214 2007-01-12 19:55 partialsums.javaclient-2.javaclient_out


PROGRAM OUTPUT
==============
3.000000000	(2/3)^k
314.770573775	k^-0.5
0.999960002	1/k(k+1)
30.314520404	Flint Hills
42.994899946	Cookson Hills
10.703866769	Harmonic
1.644894068	Riemann Zeta
0.693127181	Alternating Harmonic
0.785388163	Gregory
