BUILD COMMANDS FOR: partialsums.gcc-4.gcc

Fri Mar 31 20:33:03 PST 2006

/usr/bin/gcc -pipe -Wall -O3 -static -fomit-frame-pointer -funroll-loops -lm partialsums.gcc-4.c -o partialsums.gcc-4.gcc_run
partialsums.gcc-4.c: In function 'main':
partialsums.gcc-4.c:33: warning: implicit declaration of function 'atoi'
partialsums.gcc-4.c: In function 'sum_vec':
partialsums.gcc-4.c:21: warning: SSE vector argument without SSE enabled changes the ABI
/tmp/ccRxPGhf.o: In function `main':partialsums.gcc-4.c:(.text+0x7e9): undefined reference to `pow'
:partialsums.gcc-4.c:(.text+0x816): undefined reference to `sqrt'
:partialsums.gcc-4.c:(.text+0x858): undefined reference to `sin'
:partialsums.gcc-4.c:(.text+0x86c): undefined reference to `cos'
collect2: ld returned 1 exit status
make[3]: [partialsums.gcc-4.gcc_run] Error 1 (ignored)

=================================================================
COMMAND LINE (%A is single numeric argument):

partialsums.gcc-4.gcc_run %A
Error, could not exec partialsums.gcc-4.gcc_run 25000 (No such file or directory)
PATH=/opt/shootout/shootout/bench/partialsums:/opt/shootout/shootout/bench/partialsums/tmp:/opt/xds_x86/bin:/opt/intel/fc/9.0/bin:/opt/intel/cc/9.0/bin:/usr/lib/poplog/current-poplog/pop/pop:/usr/lib/smarteiffel/bin:/usr/local/Acrobat5/bin:/usr/lib/postgresql/bin:/home/brent/GNUstep/Tools:/usr/local/lib/GNUstep/Local/Tools:/usr/local/lib/GNUstep/Network/Tools:/usr/lib/GNUstep/System/Tools:/usr/local/bin:/usr/bin:/bin:/usr/bin/X11:/usr/games:/usr/lib/poplog/current-poplog/pop/com
TEST FAILED - Child processed exited with error code (1)


PROGRAM OUTPUT
==============
