BUILD COMMANDS FOR: pidigits.bigloo

Wed Apr 27 21:14:27 PDT 2005

cp /opt/shootout/shootout/bench/pidigits/pidigits.bigloo pidigits.scm
/usr/bin/bigloo -fsharing -Obench -unsafe -farithmetic pidigits.scm -o pidigits.bigloo_run
pidigits.scm:

=================================================================
COMMAND LINE (%A is single numeric argument):

pidigits.bigloo_run %A
************************************************************
*   TEST (pidigits.bigloo_run) FAILED:  pidigits.bigloo_out differs from Output.100
************************************************************
-rw-r--r--  1 brent brent 151 Apr  3 19:27 Output.100
-rw-r--r--  1 brent brent 161 Apr 27 21:14 pidigits.bigloo_out


PROGRAM OUTPUT
==============
3141592653	 :10
5897932384	 :20
6264338327	 :30
9502884197	 :40
1693993751	 :50
0582097494	 :60
4592307816	 :70
4062862089	 :80
9862803482	 :90
5342117067	 :100
