BUILD COMMANDS FOR: pidigits.gcj-2.gcj

Mon Dec  3 23:27:45 PST 2007

/usr/bin/gcj-4.2 -O3 -fomit-frame-pointer -march=athlon-tbird  -o pidigits.gcj-2.gcj_run --main=pidigits pidigits.java
pidigits.java:82: warning: This method has a constructor name
	void pidigits()
	     ^^^^^^^^^^
1 problem (1 warning)
/tmp/ccdiyvsk.o: In function `GmpInteger::GmpInteger(int)':
ccgXtnSq.jar:(.text+0x6a6): undefined reference to `void GmpInteger::mpz_set_si(long long, int)'
/tmp/ccdiyvsk.o: In function `void GmpInteger::set(int)':
ccgXtnSq.jar:(.text+0x6cd): undefined reference to `void GmpInteger::mpz_set_si(long long, int)'
/tmp/ccdiyvsk.o: In function `void GmpInteger::mul(GmpInteger*, int)':
ccgXtnSq.jar:(.text+0x70f): undefined reference to `void GmpInteger::mpz_mul_si(long long, long long, int)'
/tmp/ccdiyvsk.o: In function `void GmpInteger::add(GmpInteger*, GmpInteger*)':
ccgXtnSq.jar:(.text+0x759): undefined reference to `void GmpInteger::mpz_add(long long, long long, long long)'
/tmp/ccdiyvsk.o: In function `void GmpInteger::div(GmpInteger*, GmpInteger*)':
ccgXtnSq.jar:(.text+0x7a9): undefined reference to `void GmpInteger::mpz_tdiv_q(long long, long long, long long)'
/tmp/ccdiyvsk.o: In function `int GmpInteger::intValue()':
ccgXtnSq.jar:(.text+0x7d5): undefined reference to `int GmpInteger::mpz_get_si(long long)'
/tmp/ccdiyvsk.o: In function `double GmpInteger::doubleValue()':
ccgXtnSq.jar:(.text+0x7f5): undefined reference to `double GmpInteger::mpz_get_d(long long)'
/tmp/ccdiyvsk.o: In function `void GmpInteger::finalize()':
ccgXtnSq.jar:(.text+0x819): undefined reference to `void GmpInteger::mpz_clear(long long)'
/tmp/ccdiyvsk.o: In function `GmpInteger::GmpInteger()':
ccgXtnSq.jar:(.text+0x679): undefined reference to `void GmpInteger::mpz_init()'
/tmp/ccdiyvsk.o:(.data+0x3b4): undefined reference to `void GmpInteger::mpz_init()'
/tmp/ccdiyvsk.o:(.data+0x3c8): undefined reference to `void GmpInteger::mpz_clear(long long)'
/tmp/ccdiyvsk.o:(.data+0x3dc): undefined reference to `void GmpInteger::mpz_mul_si(long long, long long, int)'
/tmp/ccdiyvsk.o:(.data+0x3f0): undefined reference to `void GmpInteger::mpz_add(long long, long long, long long)'
/tmp/ccdiyvsk.o:(.data+0x404): undefined reference to `void GmpInteger::mpz_tdiv_q(long long, long long, long long)'
/tmp/ccdiyvsk.o:(.data+0x418): undefined reference to `void GmpInteger::mpz_set_si(long long, int)'
/tmp/ccdiyvsk.o:(.data+0x42c): undefined reference to `int GmpInteger::mpz_get_si(long long)'
/tmp/ccdiyvsk.o:(.data+0x440): undefined reference to `double GmpInteger::mpz_get_d(long long)'
collect2: ld returned 1 exit status
make[1]: [pidigits.gcj-2.gcj_run] Error 1 (ignored)
rm pidigits.gcj-2.gcj

=================================================================
COMMAND LINE (%A is single numeric argument):

pidigits.gcj-2.gcj_run %A
Error, could not exec pidigits.gcj-2.gcj_run 1500 (No such file or directory)
PATH=/opt/shootout/shootout/bench/pidigits:/opt/shootout/shootout/bench/pidigits/tmp:/home/brent/bin:/usr/share/smlnj/bin:/usr/local/bin:/usr/bin:/bin:/usr/bin/X11:/usr/games
TEST FAILED - Child processed exited with error code (1)


PROGRAM OUTPUT
==============
