BUILD COMMANDS FOR: pidigits.se

Sat Nov 19 12:06:15 PST 2005

cp /opt/shootout/shootout/bench/pidigits/pidigits.se pidigits.e
../../../bin/split_file.bash /opt/shootout/shootout/bench/pidigits/pidigits.se 
splitfile  pi_digits.e
splitfile  pi_digit_spigot.e
splitfile  transformation.e
rm -f pidigits.se_run
/usr/lib/smarteiffel/bin/compile -boost -no_split -O3 -fomit-frame-pointer -funroll-loops  -o pidigits.se_run pidigits ; /usr/lib/smarteiffel/bin/clean pidigits
****** Fatal Error: File "/opt/shootout/shootout/bench/pidigits/tmp/pidigits.e"
does not contain class "PIDIGITS".
Line 2 column 7 in PIDIGITS (/opt/shootout/shootout/bench/pidigits/tmp/pidigits.e):
class PI_DIGITS
      ^        
------
Error occurs while compiling. Compilation process aborted.
rm pidigits.e

=================================================================
COMMAND LINE (%A is single numeric argument):

pidigits.se_run %A
Error, could not exec pidigits.se_run 600 (No such file or directory)
PATH=/opt/shootout/shootout/bench/pidigits:/opt/shootout/shootout/bench/pidigits/tmp:/opt/xds_x86/bin:/opt/intel/fc/9.0/bin:/opt/intel/cc/9.0/bin:/usr/lib/poplog/current-poplog/pop/pop:/usr/lib/smarteiffel/bin:/usr/local/Acrobat5/bin:/usr/lib/postgresql/bin:/home/brent/GNUstep/Tools:/usr/local/lib/GNUstep/Local/Tools:/usr/local/lib/GNUstep/Network/Tools:/usr/lib/GNUstep/System/Tools:/usr/local/bin:/usr/bin:/bin:/usr/bin/X11:/usr/games:/usr/lib/poplog/current-poplog/pop/com
TEST FAILED - Child processed exited with error code (1)


PROGRAM OUTPUT
==============
