RUNNING SCRIPT: pidigits.lua-3.lua

Tue Dec  4 01:09:14 PST 2007


=================================================================
COMMAND LINE (%A is single numeric argument):

 /usr/bin/lua5.1 $LUA_EXTRAS ../pidigits.lua-3.lua %A
/usr/bin/lua5.1: ../pidigits.lua-3.lua:9: module 'gmp' not found:
	no field package.preload['gmp']
	no file './gmp.lua'
	no file '/usr/local/share/lua/5.1/gmp.lua'
	no file '/usr/local/share/lua/5.1/gmp/init.lua'
	no file '/usr/local/lib/lua/5.1/gmp.lua'
	no file '/usr/local/lib/lua/5.1/gmp/init.lua'
	no file '/usr/share/lua/5.1/gmp.lua'
	no file '/usr/share/lua/5.1/gmp/init.lua'
	no file './gmp.so'
	no file '/usr/local/lib/lua/5.1/gmp.so'
	no file '/usr/lib/lua/5.1/gmp.so'
	no file '/usr/local/lib/lua/5.1/loadall.so'
stack traceback:
	[C]: in function 'require'
	../pidigits.lua-3.lua:9: in main chunk
	[C]: ?
TEST FAILED - Child processed exited with error code (1)


PROGRAM OUTPUT
==============
