BUILD COMMANDS FOR: pidigits.pike

Fri Sep 16 21:10:53 PDT 2005

rm -f pidigits.o
cp /opt/shootout/shootout/bench/pidigits/pidigits.pike pidigits.pike
/usr/bin/pike -x dump pidigits.pike
touch pidigits.pike_run

=================================================================
COMMAND LINE (%A is single numeric argument):

 /usr/bin/pike pidigits.pike %A
************************************************************
*   TEST (pidigits.pike_run) FAILED - ERROR:  pidigits.pike_out differs from Output.100
************************************************************
-rw-r--r--  1 brent brent 151 Apr  3 19:27 Output.100
-rw-r--r--  1 brent brent 161 Sep 16 21:10 pidigits.pike_out


PROGRAM OUTPUT
==============
3141592653	 :10
5897932384	 :20
6264338327	 :30
9502884197	 :40
1693993751	 :50
0582097494	 :60
4592307816	 :70
4062862089	 :80
9862803482	 :90
5342117067	 :100
