BUILD COMMANDS FOR: pidigits.erlang

Sun Apr  2 22:39:32 PDT 2006

cp /opt/shootout/shootout/bench/pidigits/pidigits.erlang pidigits.erl
(if [ "pidigits" = "lists" ]; then		\
	    mv lists.erl lists_test.erl;	\
	    /usr/bin/erlc lists_test.erl;		\
	else					\
	    /usr/bin/erlc pidigits.erl;			\
	fi)
rm pidigits.erl

=================================================================
COMMAND LINE (%A is single numeric argument):

 /usr/bin/erl -noshell -noinput -noshell -run pidigits main %A
************************************************************
*   TEST HALTED - TIMEOUT AFTER --maxtime 3000 SECS
************************************************************
************************************************************
*   TEST HALTED - TIMEOUT AFTER --maxtime 3000 SECS
************************************************************


PROGRAM OUTPUT
==============
