RUNNING SCRIPT: pidigits.lua

Wed May 16 15:15:01 PDT 2007


=================================================================
COMMAND LINE (%A is single numeric argument):

 /usr/bin/lua5.1 $LUA_EXTRAS ../pidigits.lua %A
/usr/bin/lua5.1: ../pidigits.lua:10: module 'BigNum.lua' not found:
	no field package.preload['BigNum.lua']
	no file './BigNum/lua.lua'
	no file '/usr/local/share/lua/5.1/BigNum/lua.lua'
	no file '/usr/local/share/lua/5.1/BigNum/lua/init.lua'
	no file '/usr/local/lib/lua/5.1/BigNum/lua.lua'
	no file '/usr/local/lib/lua/5.1/BigNum/lua/init.lua'
	no file '/usr/share/lua/5.1/BigNum/lua.lua'
	no file '/usr/share/lua/5.1/BigNum/lua/init.lua'
	no file './BigNum/lua.so'
	no file '/usr/local/lib/lua/5.1/BigNum/lua.so'
	no file '/usr/lib/lua/5.1/BigNum/lua.so'
	no file '/usr/local/lib/lua/5.1/loadall.so'
	no file './BigNum.so'
	no file '/usr/local/lib/lua/5.1/BigNum.so'
	no file '/usr/lib/lua/5.1/BigNum.so'
	no file '/usr/local/lib/lua/5.1/loadall.so'
stack traceback:
	[C]: in function 'require'
	../pidigits.lua:10: in main chunk
	[C]: ?
TEST FAILED - Child processed exited with error code (1)


PROGRAM OUTPUT
==============
