BUILD COMMANDS FOR: process.mlton

Sun May  8 17:11:41 PDT 2005

cp /opt/shootout/shootout/bench/process/process.mlton process.sml
echo 'Include/mlton-src/lib.mlb process.sml' >process.mlb
/usr/bin/mlton  -output process.mlton_run process.mlb
Error: process.mlb 1.1.
  File Include/mlton-src/lib.mlb does not exist.
Error: process.sml 13.36.
  Undefined structure CML.
Error: process.sml 14.20.
  Undefined structure CML.
Error: process.sml 14.33.
  Undefined structure CML.
Error: process.sml 14.44.
  Undefined variable +.
Error: process.sml 15.13.
  Undefined variable ignore.
Error: process.sml 15.21.
  Undefined structure CML.
Error: process.sml 15.44.
  Undefined variable -.
Error: process.sml 13.15.
  Function with argument of different types.
    argument: [??? -> (?.int32 -> ???)] * _
    previous: [?.int32] * _
    in: build (0, c) = c | build (n, s) = l  ...  ) ; build (n - 1, p)) end
Error: process.sml 21.18.
  Undefined structure TextIO.
Error: process.sml 21.33.
  Undefined structure TextIO.
Error: process.sml 22.14.
  Undefined structure CML.
Error: process.sml 23.24.
  Undefined structure Int.
Error: process.sml 23.38.
  Undefined structure CML.
Error: process.sml 23.50.
  Undefined variable ^.
Error: process.sml 24.5.
  Undefined variable ignore.
Error: process.sml 24.13.
  Undefined structure CML.
Error: process.sml 27.21.
  Undefined structure CML.
Error: process.sml 28.20.
  Undefined structure RunCML.
Error: process.sml 28.41.
  Undefined variable NONE.
compilation aborted: too many errors
make[2]: [process.mlton_run] Error 1 (ignored)
rm -f process.mlb process.sml

=================================================================
COMMAND LINE (%A is single numeric argument):

process.mlton_run %A
Error, could not exec process.mlton_run 1000 (No such file or directory)
PATH=/opt/shootout/shootout/bench/process:/opt/shootout/shootout/bench/process/tmp:/usr/local/Acrobat5/bin:/usr/lib/postgresql/bin:/home/brent/GNUstep/Tools:/usr/local/lib/GNUstep/Local/Tools:/usr/local/lib/GNUstep/Network/Tools:/usr/lib/GNUstep/System/Tools:/usr/local/bin:/usr/bin:/bin:/usr/bin/X11:/usr/games
Child processed exited with error code (1)


PROGRAM OUTPUT
==============
