BUILD COMMANDS FOR: procinst.hipe

Wed Nov 10 23:32:22 PST 2004

cp /opt/shootout/shootout/bench/procinst/procinst.erlang procinst.erl
if [ "procinst" = "plugin" ]; then		\
    cp /opt/shootout/shootout/bench/procinst/plugin_2.erlang plugin_2.erl; \
    cp /opt/shootout/shootout/bench/procinst/plugin_3.erlang plugin_3.erl; \
fi
if [ "procinst" = "lists" ]; then		\
    mv lists.erl lists_test.erl;	\
    /usr/bin/erlc +native +"{hipe, [o3]}" lists_test.erl;	\
else					\
    if [ "procinst" = "plugin" ]; then	\
        /usr/bin/erlc +native +"{hipe, [o3]}" procinst.erl;		\
        /usr/bin/erlc +native +"{hipe, [o3]}" plugin_2.erl;	\
        /usr/bin/erlc +native +"{hipe, [o3]}" plugin_3.erl;	\
    else				\
        /usr/bin/erlc +native +"{hipe, [o3]}" procinst.erl;	\
            fi;					\
fi
rm procinst.erl

=================================================================
COMMAND LINE (%A is single numeric argument):

 /usr/bin/erl +P 150000 -noinput -noshell -s procinst main %A


PROGRAM OUTPUT
==============
128000
