BUILD COMMANDS FOR: process.erlang

Sat Sep 17 12:07:32 PDT 2005

(if [ "process" = "lists" ]; then		\
    mv lists.erl lists_test.erl;	\
    /usr/bin/erlc lists_test.erl;		\
else					\
    /usr/bin/erlc process.erl;			\
fi)
./process.erl:none: no such file or directory
make[3]: [process.erlang_run] Error 1 (ignored)

=================================================================
COMMAND LINE (%A is single numeric argument):

 /usr/bin/erl -noinput -noshell -run process main %A

Crash dump was written to: erl_crash.dump
init terminating in do_boot ()

Crash dump was written to: erl_crash.dump
init terminating in do_boot ()
TEST FAILED - Child processed exited with error code (1)
TEST FAILED - Child processed exited with error code (1)


PROGRAM OUTPUT
==============
{"init terminating in do_boot",{undef,[{process,main,[["1000"]]},{init,start_it,1},{init,start_em,1}]}}
