BUILD COMMANDS FOR: process.sablevm

Fri Mar 31 22:18:58 PST 2006

( if [ ! -d process.sablevm_run ] ; then mkdir process.sablevm_run ; fi )
cp /opt/shootout/shootout/bench/process/process.sablevm process.sablevm_run/process.java
( cd process.sablevm_run ; /usr/lib/jdk1.5.0_06/bin/javac  -classpath '.' process.java )
touch process.sablevm_run

=================================================================
COMMAND LINE (%A is single numeric argument):

 /usr/bin/sablevm -Y --classpath="process.sablevm_run" process %A
java.lang.UnsupportedClassVersionError
   at java.lang.VMClassLoader.nativeDefineClass (VMClassLoader.java)
   at java.lang.VMClassLoader.defineClass (VMClassLoader.java:130)
   at java.lang.ClassLoader.defineClass (ClassLoader.java:679)
   at java.security.SecureClassLoader.defineClass (SecureClassLoader.java:108)
   at java.net.URLClassLoader.findClass (URLClassLoader.java:955)
   at java.lang.ClassLoader.loadClass (ClassLoader.java:359)
   at java.lang.ClassLoader$1.loadClass (ClassLoader.java:1333)
   at java.lang.ClassLoader.loadClass (ClassLoader.java:310)
   at java.lang.VirtualMachine.main (VirtualMachine.java:99)
TEST FAILED - Child processed exited with error code (1)


PROGRAM OUTPUT
==============
