BUILD COMMANDS FOR: process.gij

Thu Jan 12 02:00:40 PST 2006

if [ ! -d process.gij_run ] ; then mkdir process.gij_run ; fi
cp /opt/shootout/shootout/bench/process/process.gij process.gij_run/process.java
( cd process.gij_run ; /usr/bin/gcj -C -classpath '.' process.java )
/bin/sh: /usr/bin/gcj: No such file or directory
make[3]: [process.gij_run] Error 127 (ignored)
touch process.gij_run

=================================================================
COMMAND LINE (%A is single numeric argument):

 /usr/bin/gij --classpath process.gij_run process %A
Exception in thread "main" java.lang.NoClassDefFoundError: process
   at gnu.java.lang.MainThread.run() (/usr/lib/libgcj.so.6.0.0)
Caused by: java.lang.ClassNotFoundException: process not found in gnu.gcj.runtime.SystemClassLoader{urls=[file:process.gij_run/], parent=gnu.gcj.runtime.ExtensionClassLoader{urls=[], parent=null}}
   at java.net.URLClassLoader.findClass(java.lang.String) (/usr/lib/libgcj.so.6.0.0)
   at java.lang.ClassLoader.loadClass(java.lang.String, boolean) (/usr/lib/libgcj.so.6.0.0)
   at java.lang.ClassLoader.loadClass(java.lang.String) (/usr/lib/libgcj.so.6.0.0)
   at java.lang.Class.forName(java.lang.String, boolean, java.lang.ClassLoader) (/usr/lib/libgcj.so.6.0.0)
   at gnu.java.lang.MainThread.run() (/usr/lib/libgcj.so.6.0.0)
TEST FAILED - Child processed exited with error code (1)


PROGRAM OUTPUT
==============
