BUILD COMMANDS FOR: process.chicken

Sat Sep 17 12:07:28 PDT 2005

rm -f process.chicken_run
/usr/bin/csc process.chicken -O3 -d0 -lambda-lrm -f process.chicken_run
/usr/Error: (delete-file) can not delete file: "process.c"

make[3]: [process/usr/bin/ld: BFD 2.16.91 20050902 Debian GNU/Linux internal error, aborting at ../../bfd/cache.c line 496 in bfd_cache_lookup_worker

/usr/bin/ld: Please report this bug.

collect2: ld returned 1 exit status
*** Shell command terminated with exit status 1: gcc -o process.chicken_run process.o -lchicken -lsrfi-chicken -lstuffed-chicken -L/usr/lib -Wl,-R/usr/lib -ldl -lpcre -lm  -ldl -lpcre
make[3]: [process.chicken_run] Error 1 (ignored)
rm process.chicken

=================================================================
COMMAND LINE (%A is single numeric argument):

process.chicken_run %A
Error, could not exec process.chicken_run 1000 (No such file or directory)
PATH=/opt/shootout/shootout/bench/process:/opt/shootout/shootout/bench/process/tmp:/opt/xds_c/bin:/opt/intel_fc_80/bin:/opt/intel_cc_80/bin:/usr/lib/poplog/current-poplog/pop/pop:/usr/bin:/bin:/usr/lib/poplog/current-poplog/pop/com
TEST FAILED - Child processed exited with error code (1)
TEST FAILED - Child processed exited with error code (1)


PROGRAM OUTPUT
==============
