BUILD COMMANDS FOR: process.psyco

Thu Jan 12 02:02:37 PST 2006

rm -f process.pyo process.pyc
cp /opt/shootout/shootout/bench/process/process.psyco process.py
/usr/bin/python2.4 -OO -c "from py_compile import compile; compile('/opt/shootout/shootout/bench/process/tmp/process.py')"
touch process.psyco_run

=================================================================
COMMAND LINE (%A is single numeric argument):

 /usr/bin/python2.4 process.py %A
Traceback (most recent call last):
  File "process.py", line 48, in ?
    tasks[i].start()
  File "/usr/lib/python2.4/threading.py", line 416, in start
    _start_new_thread(self.__bootstrap, ())
  File "/usr/lib/python2.4/site-packages/psyco/profiler.py", line 375, in psyco_start_new_thread
    return original_start_new_thread(psyco_thread_stub, (callable, args, kw))
thread.error: can't start new thread

************************************************************
*   TEST HALTED - TIMEOUT AFTER --maxtime 3000 SECS
************************************************************


PROGRAM OUTPUT
==============
