BUILD COMMANDS FOR: prodcons.mlton

Sun May  8 17:11:43 PDT 2005

cp /opt/shootout/shootout/bench/prodcons/prodcons.mlton prodcons.sml
echo 'Include/mlton-src/lib.mlb prodcons.sml' >prodcons.mlb
/usr/bin/mlton  -output prodcons.mlton_run prodcons.mlb
Error: prodcons.mlb 1.1.
  File Include/mlton-src/lib.mlb does not exist.
Error: prodcons.sml 19.58.
  Undefined type list.
Error: prodcons.sml 19.63.
  Undefined type ref.
Error: prodcons.sml 19.39.
  Undefined type list.
Error: prodcons.sml 19.44.
  Undefined type ref.
Error: prodcons.sml 21.31.
  Undefined variable ref.
Error: prodcons.sml 21.46.
  Undefined variable ref.
Error: prodcons.sml 23.43.
  Undefined variable :=.
Error: prodcons.sml 23.48.
  Undefined variable ::.
Error: prodcons.sml 23.51.
  Undefined variable !.
Error: prodcons.sml 23.38.
  Function applied to incorrect argument.
    expects: [???]
    but got: [??? -> (??? -> (??? -> (??? -> (??? -> ???))))]
    in: ((((back :=) x) ::) !) back
Error: prodcons.sml 26.8.
  Undefined variable !.
Error: prodcons.sml 27.18.
  Undefined variable !.
Error: prodcons.sml 28.15.
  Undefined variable NONE.
Error: prodcons.sml 29.26.
  Undefined variable rev.
Error: prodcons.sml 31.22.
  Undefined variable Fail.
Error: prodcons.sml 32.10.
  Non-constructor applied to argument in pattern.
    in: x :: l
Error: prodcons.sml 32.26.
  Undefined variable :=.
Error: prodcons.sml 32.39.
  Undefined variable :=.
Error: prodcons.sml 32.45.
  Undefined variable SOME.
compilation aborted: too many errors
make[2]: [prodcons.mlton_run] Error 1 (ignored)
rm -f prodcons.mlb prodcons.sml

=================================================================
COMMAND LINE (%A is single numeric argument):

prodcons.mlton_run %A
Error, could not exec prodcons.mlton_run 30000 (No such file or directory)
PATH=/opt/shootout/shootout/bench/prodcons:/opt/shootout/shootout/bench/prodcons/tmp:/usr/local/Acrobat5/bin:/usr/lib/postgresql/bin:/home/brent/GNUstep/Tools:/usr/local/lib/GNUstep/Local/Tools:/usr/local/lib/GNUstep/Network/Tools:/usr/lib/GNUstep/System/Tools:/usr/local/bin:/usr/bin:/bin:/usr/bin/X11:/usr/games
Child processed exited with error code (1)


PROGRAM OUTPUT
==============
