BUILD COMMANDS FOR: prodcons.erlang

Sat Sep 17 12:07:50 PDT 2005

(if [ "prodcons" = "lists" ]; then		\
    mv lists.erl lists_test.erl;	\
    /usr/bin/erlc lists_test.erl;		\
else					\
    /usr/bin/erlc prodcons.erl;			\
fi)
./prodcons.erl:30: Warning: variable 'Value' is unused
s.erl;			\
fi)
./prodcons.erl:30: Warning: variable 'Value' is unused
rm prodcons.erl

=================================================================
COMMAND LINE (%A is single numeric argument):

 /usr/bin/erl -noinput -run prodcons main %A

Crash dump was written to: erl_crash.dump
init terminating in do_boot ()
TEST FAILED - Child processed exited with error code (1)

Crash dump was written to: erl_crash.dump
init terminating in do_boot ()
TEST FAILED - Child processed exited with error code (1)


PROGRAM OUTPUT
==============
{"init terminating in do_boot",{badarg,[{erlang,atom_to_list,["30000"]},{prodcons,main,1},{init,start_it,1},{init,start_em,1}]}}
