BUILD COMMANDS FOR: prodcons.gij

Thu Jan 12 23:58:02 PST 2006

if [ ! -d prodcons.gij_run ] ; then mkdir prodcons.gij_run ; fi
cp /opt/shootout/shootout/bench/prodcons/prodcons.gij prodcons.gij_run/prodcons.java
( cd prodcons.gij_run ; /usr/bin/gcj -C -classpath '.' prodcons.java )
/bin/sh: /usr/bin/gcj: No such file or directory
make[3]: [prodcons.gij_run] Error 127 (ignored)
touch prodcons.gij_run

=================================================================
COMMAND LINE (%A is single numeric argument):

 /usr/bin/gij --classpath prodcons.gij_run prodcons %A
Exception in thread "main" java.lang.NoClassDefFoundError: prodcons
   at gnu.java.lang.MainThread.run() (/usr/lib/libgcj.so.6.0.0)
Caused by: java.lang.ClassNotFoundException: prodcons not found in gnu.gcj.runtime.SystemClassLoader{urls=[file:prodcons.gij_run/], parent=gnu.gcj.runtime.ExtensionClassLoader{urls=[], parent=null}}
   at java.net.URLClassLoader.findClass(java.lang.String) (/usr/lib/libgcj.so.6.0.0)
   at java.lang.ClassLoader.loadClass(java.lang.String, boolean) (/usr/lib/libgcj.so.6.0.0)
   at java.lang.ClassLoader.loadClass(java.lang.String) (/usr/lib/libgcj.so.6.0.0)
   at java.lang.Class.forName(java.lang.String, boolean, java.lang.ClassLoader) (/usr/lib/libgcj.so.6.0.0)
   at gnu.java.lang.MainThread.run() (/usr/lib/libgcj.so.6.0.0)
TEST FAILED - Child processed exited with error code (1)


PROGRAM OUTPUT
==============
