BUILD COMMANDS FOR: prodcons.hipe

Wed Jun  7 03:07:44 PDT 2006

cp /opt/shootout/shootout/bench/prodcons/prodcons.erlang prodcons.erl
(if [ "prodcons" = "lists" ]; then		\
	    mv lists.erl lists_test.erl;	\
	    /usr/bin/erlc +native +"{hipe, [o3]}" lists_test.erl;	\
	else					\
	    /usr/bin/erlc +native +"{hipe, [o3]}" prodcons.erl;	\
	fi)
./prodcons.erl:30: Warning: variable 'Value' is unused
rm prodcons.erl

=================================================================
COMMAND LINE (%A is single numeric argument):

 /usr/bin/erl -noinput -noshell -run prodcons main %A

Crash dump was written to: erl_crash.dump
init terminating in do_boot ()
TEST FAILED - Child processed exited with error code (1)


PROGRAM OUTPUT
==============
{"init terminating in do_boot",{badarg,[]}}
