BUILD COMMANDS FOR: prodcons.nice

Mon Nov  8 21:11:47 PST 2004

JAVA=/usr/lib/j2sdk1.4.2_05/bin/java /usr/bin/nicec --source ../.. -d prodcons.nice_run.tmp -a prodcons.nice_run.tmp/o.jar prodcons

Classpath component prodcons.nice_run.tmp does not exist

Path /opt/shootout/shootout/bench/prodcons/tmp/prodcons.nice_run.tmp does not exist
nice.lang: parsing
ackermann: parsing
prodcons: parsing
ackermann: typechecking
ackermann: generating code
prodcons: typechecking
prodcons: generating code
prodcons: linking
prodcons: writing in archive
ackermann: writing in archive
nice.lang: writing in archive

=================================================================
COMMAND LINE (%A is single numeric argument):

 /usr/lib/j2sdk1.4.2_05/bin/java $JAVAOPTS -jar prodcons.nice_run.tmp/o.jar %A


PROGRAM OUTPUT
==============
150000 150000
