BUILD COMMANDS FOR: random.ocamlb

Sun Sep 18 20:07:31 PDT 2005

cp /opt/shootout/shootout/bench/random/random.ocaml random.ml
/usr/bin/ocamlc -noassert -unsafe -I /usr/lib/ocaml/contrib  random.ml -o random.ocamlb_run
rm random.ml

=================================================================
COMMAND LINE (%A is single numeric argument):

random.ocamlb_run %A
************************************************************
*   TEST (random.ocamlb_run) FAILED - ERROR:  random.ocamlb_out differs from Output.9000
************************************************************
-rw-r--r--  1 brent brent  0 Sep 17 12:08 Output.9000
-rw-r--r--  1 brent brent 13 Sep 18 20:07 random.ocamlb_out
************************************************************
*   TEST (random.ocamlb_run) FAILED - ERROR:  random.ocamlb_out differs from Output.9000
************************************************************
-rw-r--r--  1 brent brent  0 Sep 17 12:08 Output.9000
-rw-r--r--  1 brent brent 13 Sep 18 20:07 random.ocamlb_out


PROGRAM OUTPUT
==============
28.785150892
