BUILD COMMANDS FOR: random.smlnj

Wed Nov  2 20:49:44 PST 2005

cp /opt/shootout/shootout/bench/random/random.smlnj random.sml
cp /opt/shootout/shootout/bench/random/cm_random.cm random.cm
/usr/bin/ml-build random.cm Test.main random
Standard ML of New Jersey v110.52 [built: Fri Jan 21 16:42:10 2005]
[scanning random.cm]
[parsing (random.cm):random.sml]
[creating directory .cm/SKEL]
[compiling (random.cm):random.sml]
[creating directory .cm/GUID]
[creating directory .cm/x86-unix]
[code: 1444, data: 44, env: 248 bytes]
[scanning 11837-export.cm]
[scanning (11837-export.cm):random.cm]
[parsing (11837-export.cm):11837-export.sml]
[compiling (11837-export.cm):11837-export.sml]
[code: 219, data: 35, env: 42 bytes]

=================================================================
COMMAND LINE (%A is single numeric argument):

 /usr/bin/sml @SMLload=random %A


PROGRAM OUTPUT
==============
75.544410151
