BUILD COMMANDS FOR: random.ghc-2.ghc

Sat Feb  4 00:38:23 PST 2006

cp /opt/shootout/shootout/bench/random/random.ghc-2.ghc random.ghc-2.hs
/usr/bin/ghc -O3 -optc-O3 -fglasgow-exts -fexcess-precision -fglasgow-exts random.ghc-2.hs -o random.ghc-2.ghc_run

=================================================================
COMMAND LINE (%A is single numeric argument):

 random.ghc-2.ghc_run %A +RTS -K16000000
************************************************************
*   FILE COMPARISON ERROR
************************************************************
L1: 28.785150892

L2: 75.544410151

************************************************************
*   TEST (random.ghc-2.ghc_run) FAILED - ERROR:  random.ghc-2.ghc_out differs from Output.900000
************************************************************
-rw-r--r-- 1 brent brent 13 Oct 30 14:17 Output.900000
-rw-r--r-- 1 brent brent 13 Feb  4 00:38 random.ghc-2.ghc_out


PROGRAM OUTPUT
==============
75.544410151
