BUILD COMMANDS FOR: random.xds

Tue Nov  8 23:49:11 PST 2005

cp /opt/shootout/shootout/bench/random/random.xds random.ob2
/opt/xds_x86/bin/xc =m =a  ../../Include/xds/Shootout random.ob2
O2/M2 development system v2.51 (c) 1999-2003 Excelsior, LLC. (build 10.05.2005)
XDS Oberon-2 v2.40 [x86, v1.50] - build 10.05.2005
Compiling "random.ob2"

* [random.ob2 34.08 E020]
* undeclared identifier "LongRealFix"
   Out.$LongRealFix(result,0,9); Out.Ln;
errors  1, no warnings, lines   35, time  0.01
make[3]: [random.xds_run] Error 1 (ignored)
mv random random.xds_run
mv: cannot stat `random': No such file or directory
make[3]: [random.xds_run] Error 1 (ignored)

=================================================================
COMMAND LINE (%A is single numeric argument):

random.xds_run %A
Error, could not exec random.xds_run 9000 (No such file or directory)
PATH=/opt/shootout/shootout/bench/random:/opt/shootout/shootout/bench/random/tmp:/opt/xds_x86/bin:/opt/intel/fc/9.0/bin:/opt/intel/cc/9.0/bin:/usr/lib/poplog/current-poplog/pop/pop:/usr/local/Acrobat5/bin:/usr/lib/postgresql/bin:/home/brent/GNUstep/Tools:/usr/local/lib/GNUstep/Local/Tools:/usr/local/lib/GNUstep/Network/Tools:/usr/lib/GNUstep/System/Tools:/usr/local/bin:/usr/bin:/bin:/usr/bin/X11:/usr/games:/usr/lib/poplog/current-poplog/pop/com
TEST FAILED - Child processed exited with error code (1)


PROGRAM OUTPUT
==============
