BUILD COMMANDS FOR: random.ifc

Sun Sep 18 20:06:41 PDT 2005

/opt/intel_fc_80/bin/ifort -O3 -static-libcxa -ip random.f90 -o random.ifc_run
rm random.f90
rm: cannot remove `random.f90': No such file or directory
make[3]: [random.ifc_run] Error 1 (ignored)

=================================================================
COMMAND LINE (%A is single numeric argument):

random.ifc_run %A
************************************************************
*   TEST (random.ifc_run) FAILED - ERROR:  random.ifc_out differs from Output.9000
************************************************************
-rw-r--r--  1 brent brent  0 Sep 17 12:08 Output.9000
-rw-r--r--  1 brent brent 13 Sep 18 20:06 random.ifc_out
************************************************************
*   TEST (random.ifc_run) FAILED - ERROR:  random.ifc_out differs from Output.9000
************************************************************
-rw-r--r--  1 brent brent  0 Sep 17 12:08 Output.9000
-rw-r--r--  1 brent brent 13 Sep 18 20:06 random.ifc_out


PROGRAM OUTPUT
==============
28.785150892
