BUILD COMMANDS FOR: random.mzc

Tue Apr  5 22:49:52 PDT 2005

cp /opt/shootout/shootout/bench/random/random.mzscheme random.ss
( if [ "random" = "plugin" ]; then		\
    cp /opt/shootout/shootout/bench/random/plugin_2.mzscheme plugin_2.ss; \
    cp /opt/shootout/shootout/bench/random/plugin_3.mzscheme plugin_3.ss; \
fi )
/usr/bin/mzc random.ss
MzScheme compiler (mzc) version 209, Copyright (c) 2004 PLT Scheme, Inc.
"random.ss": 
 [output to "./random.so"]
( if [ "random" = "plugin" ]; then	\
    /usr/bin/mzc plugin_2.ss;		\
    /usr/bin/mzc plugin_3.ss;		\
fi )
echo "#!/usr/bin/mzscheme -r" > random.mzc_run
echo "(load-extension \"random.so\")" >> random.mzc_run
chmod a+rwx random.mzc_run
rm random.ss

=================================================================
COMMAND LINE (%A is single numeric argument):

random.mzc_run %A
************************************************************
*   TEST (random.mzc_run) FAILED:  random.mzc_out differs from Output.9000
************************************************************
-rw-r--r--  1 brent brent 13 Apr  3 19:05 Output.9000
-rw-r--r--  1 brent brent 19 Apr  5 22:49 random.mzc_out


PROGRAM OUTPUT
==============
28.785150891632373
