BUILD COMMANDS FOR: random.gnat

Sun Sep 18 20:06:28 PDT 2005

cp /opt/shootout/shootout/bench/random/random.gnat random.ada
/usr/bin/gnatchop -w random.ada
splitting random.ada into:
   random.adb
/usr/bin/gnatmake -gnatp -Wall -O3 -fomit-frame-pointer -funroll-loops  -f random.adb -o random.gnat_run
gcc-4.0 -c -gnatp -Wall -O3 -fomit-frame-pointer -funroll-loops random.adb
gnatbind -x random.ali
gnatlink random.ali -fomit-frame-pointer -funroll-loops -o random.gnat_run
rm random.ada

=================================================================
COMMAND LINE (%A is single numeric argument):

random.gnat_run %A
************************************************************
*   TEST (random.gnat_run) FAILED - ERROR:  random.gnat_out differs from Output.9000
************************************************************
-rw-r--r--  1 brent brent  0 Sep 17 12:08 Output.9000
-rw-r--r--  1 brent brent 13 Sep 18 20:06 random.gnat_out


PROGRAM OUTPUT
==============
28.785150892
