BUILD COMMANDS FOR: random.cyc

Wed Jun 21 22:42:56 PDT 2006

/usr/local/bin/cyclone  -o random.cyc_run random.cyc
***Warnings***
random.cyc:21: implicit cast from char ?`GE129 to const char @`GE129
random.cyc:21: inserted null check due to implicit cast from *@fat (?) to @ type
**************

=================================================================
COMMAND LINE (%A is single numeric argument):

 random.cyc_run %A
************************************************************
*   FILE COMPARISON ERROR
************************************************************
L1: 21.158407636

L2: 28.785150892

************************************************************
*   TEST (random.cyc_run) FAILED - ERROR:  random.cyc_out differs from Output.9000
************************************************************
-rw-r--r-- 1 brent brent 13 Oct 30  2005 Output.9000
-rw-r--r-- 1 brent brent 13 Jun 21 22:42 random.cyc_out


PROGRAM OUTPUT
==============
21.158407636
