BUILD COMMANDS FOR: random.gcl

Wed Nov  2 08:08:43 PST 2005

cp /opt/shootout/shootout/bench/random/random.gcl random.gcl
(GCL_ANSI=1; export GCL_ANSI; \
  /usr/bin/gclcvs -compile random.gcl)

;; Compiling random.gcl.
; (DEFUN GEN-RANDOM ...) is being compiled.
;; Warning: Type declaration was found for not bound variable THE-LAST
;; Warning: Type declaration was found for not bound variable IC
;; Warning: Type declaration was found for not bound variable IA
;; Warning: Type declaration was found for not bound variable IM
;; End of Pass 1.  
;; End of Pass 2.  
;; OPTIMIZE levels: Safety=0 (No runtime error checking), Space=0, Speed=3, (Debug quality ignored)
;; Finished compiling random.gcl.
touch random.gcl_run

=================================================================
COMMAND LINE (%A is single numeric argument):

 /usr/bin/gclcvs -batch -load random.o -eval '(main)' -f random.gcl %A
************************************************************
*   TEST (random.gcl_run) FAILED - ERROR:  random.gcl_out differs from Output.9000
************************************************************
-rw-r--r--  1 brent brent  13 Oct 30 14:17 Output.9000
-rw-r--r--  1 brent brent 270 Nov  2 20:39 random.gcl_out


PROGRAM OUTPUT
==============

Error in SYSTEM::GCL-TOP-LEVEL [or a callee]: Cannot open the file random.o.

Fast links are on: do (si::use-fast-links nil) for debugging
Broken at SYSTEM::SET-UP-TOP-LEVEL.  Type :H for Help.
 1 (Continue) Retry loading file "random.o".
 2 Return to top level.
dbl:>>