BUILD COMMANDS FOR: random.fpascal

Sat Sep 17 12:31:35 PDT 2005

/usr/bin/fpc -XX -Xs -O3p3r -oFPASCAL_RUN random.pas
Free Pascal Compiler version 2.0.0 [2005/09/09] for i386
Copyright (c) 1993-2005 by Florian Klaempfl
Target OS: Linux for i386
Compiling random.pas
Linking FPASCAL_RUN
/usr/bin/ld: BFD 2.16.91 20050902 Debian GNU/Linux internal error, aborting at ../../bfd/cache.c line 496 in bfd_cache_lookup_worker

/usr/bin/ld: Please report this bug.

random.pas(28,1) Error: Error while linking
Error: /usr/bin/ppc386 returned an error exitcode (normal if you did not specifiy a source file to be compiled)
make[3]: [random.fpascal_run] Error 1 (ignored)
mv FPASCAL_RUN random.fpascal_run
mv: cannot stat `FPASCAL_RUN': No such file or directory
make[3]: [random.fpascal_run] Error 1 (ignored)
ile or directory
make[3]: [random.fpascal_run] Error 1 (ignored)

=================================================================
COMMAND LINE (%A is single numeric argument):

random.fpascal_run %A
************************************************************
*   TEST (random.fpascal_run) FAILED - ERROR:  random.fpascal_out differs from Output.9000
************************************************************
-rw-r--r--  1 brent brent  0 Sep 17 12:08 Output.9000
-rw-r--r--  1 brent brent 13 Sep 17 12:31 random.fpascal_out
************************************************************
*   TEST (random.fpascal_run) FAILED - ERROR:  random.fpascal_out differs from Output.9000
************************************************************
-rw-r--r--  1 brent brent  0 Sep 17 12:08 Output.9000
-rw-r--r--  1 brent brent 13 Sep 17 12:31 random.fpascal_out


PROGRAM OUTPUT
==============
28.785150892
