BUILD COMMANDS FOR: random.fpascal-2.fpascal

Sat Sep 17 12:31:39 PDT 2005

/usr/bin/fpc -XX -Xs -O3p3r -oFPASCAL_RUN random.fpascal-2.pas
Free Pascal Compiler version 2.0.0 [2005/09/09] for i386
Copyright (c) 1993-2005 by Florian Klaempfl
Target OS: Linux for i386
Compiling random.fpascal-2.pas
Linking FPASCAL_RUN
29 Lines compiled, 0.8 sec
mv FPASCAL_RUN random.fpascal-2.fpascal_run
mv: cannot stat `FPASCAL_RUN': No such file or directory
make[3]: [random.fpascal-2.fpascal_run] Error 1 (ignored)

=================================================================
COMMAND LINE (%A is single numeric argument):

random.fpascal-2.fpascal_run %A
************************************************************
*   TEST (random.fpascal-2.fpascal_run) FAILED - ERROR:  random.fpascal-2.fpascal_out differs from Output.9000
************************************************************
-rw-r--r--  1 brent brent  0 Sep 17 12:08 Output.9000
-rw-r--r--  1 brent brent 13 Sep 17 12:31 random.fpascal-2.fpascal_out
************************************************************
*   TEST (random.fpascal-2.fpascal_run) FAILED - ERROR:  random.fpascal-2.fpascal_out differs from Output.9000
************************************************************
-rw-r--r--  1 brent brent  0 Sep 17 12:08 Output.9000
-rw-r--r--  1 brent brent 13 Sep 17 12:31 random.fpascal-2.fpascal_out


PROGRAM OUTPUT
==============
28.785150892
