BUILD COMMANDS FOR: random.poly

Tue Apr  5 22:50:00 PDT 2005

echo "PolyML.make_database \"random.test_dbase\"; PolyML.quit();" \
	| /usr/bin/poly
/bin/sh: line 1: 31336 Done                    echo "PolyML.make_database \"random.test_dbase\"; PolyML.quit();"
     31337 Segmentation fault      | /usr/bin/poly
make[1]: [random.test_dbase] Error 139 (ignored)
cat /opt/shootout/shootout/bench/random/random.poly | /usr/bin/poly random.test_dbase
/bin/sh: line 1: 31339 Broken pipe             cat /opt/shootout/shootout/bench/random/random.poly
     31340 Segmentation fault      | /usr/bin/poly random.test_dbase
make[1]: [random.test_dbase] Error 139 (ignored)

=================================================================
COMMAND LINE (%A is single numeric argument):

random.poly_run %A
Error, could not exec random.poly_run 9000 (No such file or directory)
PATH=/opt/shootout/shootout/bench/random:/opt/shootout/shootout/bench/random/tmp:/opt/intel_fc_80/bin:/opt/intel_cc_80/bin:/usr/lib/poplog/current-poplog/pop/pop:/usr/local/Acrobat5/bin:/usr/lib/postgresql/bin:/home/brent/GNUstep/Tools:/usr/local/lib/GNUstep/Local/Tools:/usr/local/lib/GNUstep/Network/Tools:/usr/lib/GNUstep/System/Tools:/usr/local/bin:/usr/bin:/bin:/usr/bin/X11:/usr/games:/usr/lib/poplog/current-poplog/pop/com
************************************************************
*   TEST (random.poly_run) FAILED:  random.poly_out differs from Output.9000
************************************************************
-rw-r--r--  1 brent brent 13 Apr  3 19:05 Output.9000
-rw-r--r--  1 brent brent  0 Apr  5 22:50 random.poly_out


PROGRAM OUTPUT
==============
