BUILD COMMANDS FOR: random.sablevm

Sun Sep 18 20:07:45 PDT 2005

( if [ ! -d random.sablevm_run ] ; then mkdir random.sablevm_run ; fi )
cp /opt/shootout/shootout/bench/random/random.sablevm random.sablevm_run/random.java
( cd random.sablevm_run ; /usr/lib/j2sdk1.4.2_05/bin/javac  -classpath '.' random.java )
touch random.sablevm_run

=================================================================
COMMAND LINE (%A is single numeric argument):

 /usr/bin/sablevm -Y --classpath="random.sablevm_run" random %A
************************************************************
*   TEST (random.sablevm_run) FAILED - ERROR:  random.sablevm_out differs from Output.9000
************************************************************
-rw-r--r--  1 brent brent  0 Sep 17 12:08 Output.9000
-rw-r--r--  1 brent brent 13 Sep 18 20:07 random.sablevm_out
************************************************************
*   TEST (random.sablevm_run) FAILED - ERROR:  random.sablevm_out differs from Output.9000
************************************************************
-rw-r--r--  1 brent brent  0 Sep 17 12:08 Output.9000
-rw-r--r--  1 brent brent 13 Sep 18 20:07 random.sablevm_out


PROGRAM OUTPUT
==============
28.785150892
