BUILD COMMANDS FOR: random.nice

Sat Feb  4 00:38:39 PST 2006

( if [ ! -d random.nice_run ] ; then mkdir nice_build ; mkdir nice_build/random ; fi)
mkdir: cannot create directory `nice_build': File exists
mkdir: cannot create directory `nice_build/random': File exists
make[2]: [random.nice_run] Error 1 (ignored)
cp /opt/shootout/shootout/bench/random/random.nice nice_build/random/random.nice
( cd nice_build/random ; /usr/bin/nicec -d . --sourcepath .. -a o.jar random )
nice.lang: parsing

/opt/shootout/shootout/bench/random/tmp/nice_build/random/random.nice: line 5, column 8:
Package Include is not available.
The source  path is: ..
The package path is: <empty>
compilation failed with 1 error
make[2]: [random.nice_run] Error 2 (ignored)
cp nice_build/random/o.jar o.jar
touch random.nice_run

=================================================================
COMMAND LINE (%A is single numeric argument):

 /usr/lib/j2sdk1.4.2_05/bin/java -server -jar o.jar %A
************************************************************
*   TEST (random.nice_run) FAILED - ERROR:  random.nice_out differs from Output.9000
************************************************************
-rw-r--r-- 1 brent brent 13 Oct 30 14:17 Output.9000
-rw-r--r-- 1 brent brent  0 Feb  4 00:38 random.nice_out


PROGRAM OUTPUT
==============
75.544410151
