BUILD COMMANDS FOR: random.erlang

Sat Sep 17 12:31:17 PDT 2005

(if [ "random" = "lists" ]; then		\
    mv lists.erl lists_test.erl;	\
    /usr/bin/erlc lists_test.erl;		\
else					\
    /usr/bin/erlc random.erl;			\
fi)
./random.erl:20: Warning: variable 'Rand' is unused

=================================================================
COMMAND LINE (%A is single numeric argument):

 /usr/bin/erl -noinput -run random main %A
************************************************************
*   TEST (random.erlang_run) FAILED - ERROR:  random.erlang_out differs from Output.9000
************************************************************
-rw-r--r--  1 brent brent  0 Sep 17 12:08 Output.9000
-rw-r--r--  1 brent brent 13 Sep 17 12:31 random.erlang_out

Crash dump was written to: erl_crash.dump
init terminating in do_boot ()
************************************************************
*   TEST (random.erlang_run) FAILED - ERROR:  random.erlang_out differs from Output.9000
************************************************************
-rw-r--r--  1 brent brent  0 Sep 17 12:08 Output.9000
-rw-r--r--  1 brent brent 13 Sep 17 12:31 random.erlang_out
TEST FAILED - Child processed exited with error code (1)


PROGRAM OUTPUT
==============
28.785150892
