BUILD COMMANDS FOR: recursive.gnat

Sat Feb  4 01:36:27 PST 2006

cp /opt/shootout/shootout/bench/recursive/recursive.gnat recursive.ada
/usr/bin/gnatchop -w recursive.ada
splitting recursive.ada into:
   recursive.adb
/usr/bin/gnatmake -gnatp -Wall -O3 -fomit-frame-pointer -funroll-loops  -f recursive.adb -o recursive.gnat_run
gcc-4.0 -c -gnatp -Wall -O3 -fomit-frame-pointer -funroll-loops recursive.adb
gnatbind -x recursive.ali
gnatlink recursive.ali -fomit-frame-pointer -funroll-loops -o recursive.gnat_run
rm recursive.ada

=================================================================
COMMAND LINE (%A is single numeric argument):

recursive.gnat_run %A


PROGRAM OUTPUT
==============
Ack(3,11): 16381
Fib(38.0): 63245986.0
Tak(30,20,10): 11
Fib(3): 3
Tak(3.0,2.0,1.0): 2.0
