BUILD COMMANDS FOR: recursive.csharp

Sat Feb  4 00:39:36 PST 2006

cp /opt/shootout/shootout/bench/recursive/recursive.csharp recursive.cs
rm -f recursive.csharp_run
/usr/bin/mcs  -out:recursive.csharp_run recursive.cs
rm recursive.cs

=================================================================
COMMAND LINE (%A is single numeric argument):

 /usr/bin/mono recursive.csharp_run %A
************************************************************
*   TEST (recursive.csharp_run) FAILED - ERROR:  recursive.csharp_out differs from Output.11
************************************************************
-rw-r--r-- 1 brent brent 89 Feb  4 00:39 Output.11
-rw-r--r-- 1 brent brent  0 Feb  4 00:40 recursive.csharp_out


PROGRAM OUTPUT
==============
Ack(3,11): 16381
Fib(38.0): 63245986.0
Tak(30,20,10): 11
Fib(3): 3
Tak(3.0,2.0,1.0): 2.0
