BUILD COMMANDS FOR: recursive.java14

Fri Mar 31 01:39:02 PST 2006

if [ ! -d recursive.java14_run ] ; then mkdir recursive.java14_run ; fi
cp /opt/shootout/shootout/bench/recursive/recursive.java recursive.java14_run/recursive.java
/usr/lib/j2sdk1.4.2_05/bin/javac  -d recursive.java14_run recursive.java14_run/recursive.java
recursive.java14_run/recursive.java:16: cannot resolve symbol
symbol  : method printf (java.lang.String,int,int)
location: class java.io.PrintStream
    System.out.printf("Ack(3,%d): %d\n", n, ack(3, n));
              ^
recursive.java14_run/recursive.java:17: cannot resolve symbol
symbol  : method printf (java.lang.String,double,double)
location: class java.io.PrintStream
    System.out.printf("Fib(%.1f): %.1f\n", 27.0 + n, fib(27.0 + n));
              ^
recursive.java14_run/recursive.java:20: cannot resolve symbol
symbol  : method printf (java.lang.String,int,int,int,int)
location: class java.io.PrintStream
    System.out.printf("Tak(%d,%d,%d): %d\n", n * 3, n * 2, n, tak(n * 3, n * 2, n));
              ^
recursive.java14_run/recursive.java:22: cannot resolve symbol
symbol  : method printf (java.lang.String,int)
location: class java.io.PrintStream
    System.out.printf("Fib(3): %d\n", fib(3));
              ^
recursive.java14_run/recursive.java:23: cannot resolve symbol
symbol  : method printf (java.lang.String,double)
location: class java.io.PrintStream
    System.out.printf("Tak(3.0,2.0,1.0): %.1f\n", tak(3.0, 2.0, 1.0));
              ^
5 errors
make[3]: [recursive.java14_run] Error 1 (ignored)
touch recursive.java14_run

=================================================================
COMMAND LINE (%A is single numeric argument):

 /usr/lib/j2sdk1.4.2_05/bin/java -server -classpath  recursive.java14_run  recursive %A
Exception in thread "main" java.lang.NoClassDefFoundError: recursive
TEST FAILED - Child processed exited with error code (1)


PROGRAM OUTPUT
==============
