BUILD COMMANDS FOR: recursive.nice

Sat Feb  4 04:55:48 PST 2006

( if [ ! -d recursive.nice_run ] ; then mkdir nice_build ; mkdir nice_build/recursive ; fi)
cp /opt/shootout/shootout/bench/recursive/recursive.nice nice_build/recursive/recursive.nice
( cd nice_build/recursive ; /usr/bin/nicec -d . --sourcepath .. -a o.jar recursive )
nice.lang: parsing

/opt/shootout/shootout/bench/recursive/tmp/nice_build/recursive/recursive.nice: line 6, column 8:
Package Include is not available.
The source  path is: ..
The package path is: <empty>
compilation failed with 1 error
make[2]: [recursive.nice_run] Error 2 (ignored)
cp nice_build/recursive/o.jar o.jar
cp: cannot stat `nice_build/recursive/o.jar': No such file or directory
make[2]: [recursive.nice_run] Error 1 (ignored)
touch recursive.nice_run

=================================================================
COMMAND LINE (%A is single numeric argument):

 /usr/lib/j2sdk1.4.2_05/bin/java -server -jar o.jar %A
Unable to access jarfile o.jar
TEST FAILED - Child processed exited with error code (1)


PROGRAM OUTPUT
==============
