BUILD COMMANDS FOR: recursive.hipe

Wed Jun  7 03:11:22 PDT 2006

cp /opt/shootout/shootout/bench/recursive/recursive.erlang recursive.erl
(if [ "recursive" = "lists" ]; then		\
	    mv lists.erl lists_test.erl;	\
	    /usr/bin/erlc +native +"{hipe, [o3]}" lists_test.erl;	\
	else					\
	    /usr/bin/erlc +native +"{hipe, [o3]}" recursive.erl;	\
	fi)
rm recursive.erl

=================================================================
COMMAND LINE (%A is single numeric argument):

 /usr/bin/erl $ERLFLAGS -noshell -run recursive main %A


PROGRAM OUTPUT
==============
Ack(3,11): 16381
Fib(38.0): 63245986.0
Tak(30,20,10): 11
Fib(3): 3
Tak(3.0,2.0,1.0): 2.0
