BUILD COMMANDS FOR: recursive.python

Thu Apr 20 23:33:50 PDT 2006

rm -f recursive.pyo recursive.pyc
cp /opt/shootout/shootout/bench/recursive/recursive.python recursive.py
/usr/bin/python2.4 -OO -c "from py_compile import compile; compile('/opt/shootout/shootout/bench/recursive/tmp/recursive.py')"
touch recursive.python_run

=================================================================
COMMAND LINE (%A is single numeric argument):

 /usr/bin/python2.4 recursive.pyo %A
************************************************************
*   TEST (recursive.python_run) FAILED - ERROR:  recursive.python_out differs from Output.11
************************************************************
-rw-r--r-- 1 brent brent 89 Feb  4 00:39 Output.11
-rw-r--r-- 1 brent brent  0 Apr 20 23:51 recursive.python_out


PROGRAM OUTPUT
==============
Ack(3,11): 16381
Fib(38.0): 63245986.0
Tak(30,20,10): 11
Fib(3): 3
Tak(3.0,2.0,1.0): 2.0
