BUILD COMMANDS FOR: recursive.xds

Sat Jan 13 07:48:23 PST 2007

cp /opt/shootout/shootout/bench/recursive/recursive.xds recursive.ob2
/opt/xds_x86/bin/xc =m =a  ../../Include/xds/Shootout recursive.ob2
O2/M2 development system v2.51 (c) 1999-2003 Excelsior, LLC. (build 10.05.2005)
XDS Oberon-2 v2.40 [x86, v1.50] - build 10.05.2005
Compiling "recursive.ob2"

* [recursive.ob2 47.28 E020]
* undeclared identifier "LongRealFix"
   Out.String("Fib("); Out.$LongRealFix(27.0+n,0,1); Out.String("): "); 

* [recursive.ob2 48.08 E020]
* undeclared identifier "LongRealFix"
   Out.$LongRealFix(Fibr(27.0+n),0,1); Out.Ln;

* [recursive.ob2 55.42 E020]
* undeclared identifier "LongRealFix"
   Out.String("Tak(3.0,2.0,1.0): "); Out.$LongRealFix(Takr(3.0,2.0,1.0),...
errors  3, no warnings, lines   56, time  0.05
make[2]: [recursive.xds_run] Error 1 (ignored)
mv recursive recursive.xds_run
mv: cannot stat `recursive': No such file or directory
make[2]: [recursive.xds_run] Error 1 (ignored)

=================================================================
COMMAND LINE (%A is single numeric argument):

recursive.xds_run %A
Error, could not exec recursive.xds_run 3 (No such file or directory)
PATH=/opt/shootout/shootout/bench/recursive:/opt/shootout/shootout/bench/recursive/tmp:/home/brent/bin:/usr/local/bin:/usr/bin:/bin:/usr/bin/X11:/usr/games
TEST FAILED - Child processed exited with error code (1)


PROGRAM OUTPUT
==============
