BUILD COMMANDS FOR: recursive.scala

Wed Apr  4 21:02:03 PDT 2007

( if [ ! -d recursive.scala_run ] ; then mkdir recursive.scala_run ; fi)
cp /opt/shootout/shootout/bench/recursive/recursive.scala recursive.scala_run/recursive.scala
( cd recursive.scala_run ; /usr/bin/scalac -target:jvm-1.5 -Xcloselim recursive.scala )
recursive.scala:30 error: wrong number of arguments for method printf: (java.lang.String)(scala.Any*)scala.Unit
    Console.printf("Fib({0,number,.#}): {1,number,.#}\n", (27.0+n), fib(27.0+n))
                  ^
one error found
make[3]: [recursive.scala_run] Error 1 (ignored)
touch recursive.scala_run

=================================================================
COMMAND LINE (%A is single numeric argument):

 JAVACMD="/usr/lib/j2se/1.5/bin/java -server" /usr/bin/scala -classpath recursive.scala_run recursive %A
************************************************************
*   TEST (recursive.scala_run) FAILED - ERROR:  recursive.scala_out differs from Output.3
************************************************************
-rw-r--r-- 1 brent brent 80 2007-01-12 20:39 Output.3
-rw-r--r-- 1 brent brent 24 2007-04-04 21:02 recursive.scala_out


PROGRAM OUTPUT
==============
no such file: recursive
