BUILD COMMANDS FOR: recursive.ooc

Sat Feb  4 04:59:23 PST 2006

cp /opt/shootout/shootout/bench/recursive/recursive.ooc recursive.ooc
/usr/bin/oo2c -r ../../Include/ooc -r . -A --no-rtc -M recursive.ooc
obj/recursive.c: In function 'OOC_recursive_init':
obj/recursive.c:113: warning: pointer targets in passing argument 1 of 'Out__String' differ in signedness
obj/recursive.c:116: warning: pointer targets in passing argument 1 of 'Out__String' differ in signedness
obj/recursive.c:121: warning: pointer targets in passing argument 1 of 'Out__String' differ in signedness
obj/recursive.c:124: warning: pointer targets in passing argument 1 of 'Out__String' differ in signedness
obj/recursive.c:131: warning: pointer targets in passing argument 1 of 'Out__String' differ in signedness
obj/recursive.c:134: warning: pointer targets in passing argument 1 of 'Out__String' differ in signedness
obj/recursive.c:137: warning: pointer targets in passing argument 1 of 'Out__String' differ in signedness
obj/recursive.c:140: warning: pointer targets in passing argument 1 of 'Out__String' differ in signedness
obj/recursive.c:145: warning: pointer targets in passing argument 1 of 'Out__String' differ in signedness
obj/recursive.c:149: warning: pointer targets in passing argument 1 of 'Out__String' differ in signedness
mv bin/* recursive.ooc_run
rm -rf obj sym bin	
rm recursive.ooc

=================================================================
COMMAND LINE (%A is single numeric argument):

recursive.ooc_run %A


PROGRAM OUTPUT
==============
Ack(3,11): 16381
Fib(38.0): 63245986.0
Tak(30,20,10): 11
Fib(3): 3
Tak(3.0,2.0,1.0): 2.0
