RUNNING SCRIPT: regexdna.perl-3.perl

Sun Apr  9 19:58:39 PDT 2006


=================================================================
COMMAND LINE (%A is single numeric argument):

 /usr/bin/perl ../regexdna.perl-3.perl %A
************************************************************
*   FILE COMPARISON ERROR
************************************************************
L1: agggtaa[cgt]|[acg]ttaccct 40

L2: agggtaa[cgt]|[acg]ttaccct 43

************************************************************
*   TEST (regexdna.perl-3.perl) FAILED - ERROR:  regexdna.perl-3.perl_out differs from Output.100000
************************************************************
-rw-r--r-- 1 brent brent 278 Oct 30 14:18 Output.100000
-rw-r--r-- 1 brent brent 278 Apr  9 19:58 regexdna.perl-3.perl_out


PROGRAM OUTPUT
==============
agggtaaa|tttaccct 6
[cgt]gggtaaa|tttaccc[acg] 26
a[act]ggtaaa|tttacc[agt]t 86
ag[act]gtaaa|tttac[agt]ct 58
agg[act]taaa|ttta[agt]cct 113
aggg[acg]aaa|ttt[cgt]ccct 31
agggt[cgt]aa|tt[acg]accct 31
agggta[cgt]a|t[acg]taccct 32
agggtaa[cgt]|[acg]ttaccct 40

1016745
1000000
1336326
