BUILD COMMANDS FOR: regexdna.parrot

Sat Dec 17 23:34:29 PST 2005

rm -f regexdna.pir regexdna.pbc
cp /opt/shootout/shootout/bench/regexdna/regexdna.parrot regexdna.pir
/usr/bin/parrot -o regexdna.pbc regexdna.pir
touch regexdna.parrot_run

=================================================================
COMMAND LINE (%A is single numeric argument):

 /usr/bin/parrot $PARROTOPTS regexdna.pbc %A
************************************************************
*   TEST HALTED - TIMEOUT AFTER --maxtime 600 SECS
************************************************************


PROGRAM OUTPUT
==============
agggtaaa|tttaccct 22
[cgt]gggtaaa|tttaccc[acg] 73
a[act]ggtaaa|tttacc[agt]t 253
ag[act]gtaaa|tttac[agt]ct 171
agg[act]taaa|ttta[agt]cct 329
aggg[acg]aaa|ttt[cgt]ccct 91
agggt[cgt]aa|tt[acg]accct 84
agggta[cgt]a|t[acg]taccct 97
agggtaa[cgt]|[acg]ttaccct 132

3050077
3000000
4007262
