BUILD COMMANDS FOR: regexmatch.gcl

Sat Nov  5 23:51:29 PST 2005

cp /opt/shootout/shootout/bench/regexmatch/regexmatch.gcl regexmatch.gcl
(GCL_ANSI=1; export GCL_ANSI; \
  /usr/bin/gclcvs -compile regexmatch.gcl)

;; Compiling regexmatch.gcl.
Error in USE-PACKAGE [or a callee]: A package error occurred on :META: "A package with this name does not exist".

Fast links are on: do (si::use-fast-links nil) for debugging
Broken at USE-PACKAGE.  Type :H for Help.
 1 (Continue) 
 2 (SYSTEM:ERROR-SET '(EVAL '(USE-PACKAGE :META)))
 3 (SYSTEM:ERROR-SET
       '(PROGN
          (COMPILE-FILE (SYSTEM::GET-COMMAND-ARG "-compile")
              :OUTPUT-FILE
              (OR (SYSTEM::GET-COMMAND-ARG "-o")
                  (SYSTEM::GET-COMMAND-ARG "-compile"))
              :O-FILE
              (COND
                ((EQUALP (SYSTEM::GET-COMMAND-ARG "-o-file") "nil")
                 NIL)
                ((SYSTEM::GET-COMMAND-ARG "-o-file" T))
                (T T))
              :C-FILE (SYSTEM::GET-COMMAND-ARG "-c-file" T) :H-FILE
              (SYSTEM::GET-COMMAND-ARG "-h-file" T) :DATA-FILE
              (SYSTEM::GET-COMMAND-ARG "-data-file" T) :SYSTEM-P
              (SYSTEM::GET-COMMAND-ARG "-system-p" T))))
 4 Return to top level.
dbl:>>touch regexmatch.gcl_run

=================================================================
COMMAND LINE (%A is single numeric argument):

 /usr/bin/gclcvs -batch -load regexmatch.gcl -eval \'(main)\' %A
sh: -c: line 0: syntax error near unexpected token `('
sh: -c: line 0: `/usr/bin/gclcvs -batch -load regexmatch.gcl -eval \'(main)\' 100'
TEST FAILED - Child processed exited with error code (2)
Error, could not exec  (Inappropriate ioctl for device)
PATH=/opt/shootout/shootout/bench/regexmatch:/opt/shootout/shootout/bench/regexmatch/tmp:/usr/local/Acrobat5/bin:/usr/lib/postgresql/bin:/home/brent/GNUstep/Tools:/usr/local/lib/GNUstep/Local/Tools:/usr/local/lib/GNUstep/Network/Tools:/usr/lib/GNUstep/System/Tools:/usr/local/bin:/usr/bin:/bin:/usr/bin/X11:/usr/games


PROGRAM OUTPUT
==============
