BUILD COMMANDS FOR: regexdna.icon-2.icon

Tue Jan 16 14:02:05 PST 2007

cp /opt/shootout/shootout/bench/regexdna/regexdna.icon-2.icon regexdna.icon-2.icn
(unset STRSIZE BLOCKSIZE COEXPSIZE MSTKSIZE TRACE NOERRBUF ; \
	/usr/bin/icont -o regexdna.icon-2.icon_run regexdna.icon-2.icn )
Translating:
regexdna.icon-2.icn:
  main
  lmap
  findeach
No errors
Linking:
rm regexdna.icon-2.icn

=================================================================
COMMAND LINE (%A is single numeric argument):

 unset STRSIZE BLOCKSIZE COEXPSIZE TRACE NOERRBUF;export MSTKSIZE=250000;regexdna.icon-2.icon_run %A


PROGRAM OUTPUT
==============
agggtaaa|tttaccct 36
[cgt]gggtaaa|tttaccc[acg] 125
a[act]ggtaaa|tttacc[agt]t 426
ag[act]gtaaa|tttac[agt]ct 290
agg[act]taaa|ttta[agt]cct 536
aggg[acg]aaa|ttt[cgt]ccct 153
agggt[cgt]aa|tt[acg]accct 143
agggta[cgt]a|t[acg]taccct 160
agggtaa[cgt]|[acg]ttaccct 219

5083411
5000000
6678892
