BUILD COMMANDS FOR: regexmatch.gij-2.gij

Fri Jan 13 00:19:19 PST 2006

if [ ! -d regexmatch.gij-2.gij_run ] ; then mkdir regexmatch.gij-2.gij_run ; fi
cp /opt/shootout/shootout/bench/regexmatch/regexmatch.gij-2.gij regexmatch.gij-2.gij_run/regexmatch.java
( cd regexmatch.gij-2.gij_run ; /usr/bin/gcj -C -classpath '.' regexmatch.java )
/bin/sh: /usr/bin/gcj: No such file or directory
make[3]: [regexmatch.gij-2.gij_run] Error 127 (ignored)
touch regexmatch.gij-2.gij_run

=================================================================
COMMAND LINE (%A is single numeric argument):

 /usr/bin/gij --classpath regexmatch.gij-2.gij_run regexmatch %A
Exception in thread "main" java.lang.NoClassDefFoundError: regexmatch
   at gnu.java.lang.MainThread.run() (/usr/lib/libgcj.so.6.0.0)
Caused by: java.lang.ClassNotFoundException: regexmatch not found in gnu.gcj.runtime.SystemClassLoader{urls=[file:regexmatch.gij-2.gij_run/], parent=gnu.gcj.runtime.ExtensionClassLoader{urls=[], parent=null}}
   at java.net.URLClassLoader.findClass(java.lang.String) (/usr/lib/libgcj.so.6.0.0)
   at java.lang.ClassLoader.loadClass(java.lang.String, boolean) (/usr/lib/libgcj.so.6.0.0)
   at java.lang.ClassLoader.loadClass(java.lang.String) (/usr/lib/libgcj.so.6.0.0)
   at java.lang.Class.forName(java.lang.String, boolean, java.lang.ClassLoader) (/usr/lib/libgcj.so.6.0.0)
   at gnu.java.lang.MainThread.run() (/usr/lib/libgcj.so.6.0.0)
TEST FAILED - Child processed exited with error code (1)


PROGRAM OUTPUT
==============
