BUILD COMMANDS FOR: regexmatch.gcj-2.gcj

Fri Mar 31 03:23:47 PST 2006

/usr/bin/gcj -O3 -fomit-frame-pointer -funroll-loops -o regexmatch.gcj-2.gcj_run --main=regexmatch regexmatch.gcj-2.java
rm regexmatch.gcj-2.java

=================================================================
COMMAND LINE (%A is single numeric argument):

regexmatch.gcj-2.gcj_run %A
************************************************************
*   TEST (regexmatch.gcj-2.gcj_run) FAILED - ERROR:  regexmatch.gcj-2.gcj_out differs from Output.100
************************************************************
-rw-r--r-- 1 brent brent 219 Oct 30 14:20 Output.100
-rw-r--r-- 1 brent brent 189 Mar 31 03:23 regexmatch.gcj-2.gcj_out


PROGRAM OUTPUT
==============
1: (111) 111-1111
2:  222-2222
3: (111) 333-3333
4:  444-4444
5: (111) 555-5555
6:  666-6666
7: (111) 777-7777
8:  888-8888
9: (111) 999-9999
10:  000-0000
11: (111) 232-1111
12:  242-1111
