BUILD COMMANDS FOR: regexdna.gcj-2.gcj

Fri Dec  7 23:01:03 PST 2007

/usr/bin/gcj-4.2 -O3 -fomit-frame-pointer -march=athlon-tbird  -o regexdna.gcj-2.gcj_run --main=regexdna regexdna.java
regexdna.java:9: warning: The import java.lang is never used
	import java.lang.*;
	       ^^^^^^^^^
1 problem (1 warning)
rm regexdna.gcj-2.gcj

=================================================================
COMMAND LINE (%A is single numeric argument):

regexdna.gcj-2.gcj_run %A


PROGRAM OUTPUT
==============
agggtaaa|tttaccct 36
[cgt]gggtaaa|tttaccc[acg] 125
a[act]ggtaaa|tttacc[agt]t 426
ag[act]gtaaa|tttac[agt]ct 290
agg[act]taaa|ttta[agt]cct 536
aggg[acg]aaa|ttt[cgt]ccct 153
agggt[cgt]aa|tt[acg]accct 143
agggta[cgt]a|t[acg]taccct 160
agggtaa[cgt]|[acg]ttaccct 219

5083411
5000000
6678892
