BUILD COMMANDS FOR: regexmatch.icon

Tue Sep 21 21:11:50 PDT 2004

cp /opt/shootout/shootout/bench/regexmatch/regexmatch.icon regexmatch.icn
unset STRSIZE BLOCKSIZE COEXPSIZE MSTKSIZE TRACE NOERRBUF ; \
/usr/bin/icont -o regexmatch.icon_run regexmatch.icn
Translating:
regexmatch.icn:
  main
No errors
Linking:
rm regexmatch.icn

=================================================================
COMMAND LINE (%A is single numeric argument):

 unset STRSIZE BLOCKSIZE COEXPSIZE TRACE NOERRBUF;export MSTKSIZE=70000;regexmatch.icon_run %A


PROGRAM OUTPUT
==============

1: (111) 111-1111
2: (111) 222-2222
3: (111) 333-3333
4: (111) 444-4444
5: (111) 555-5555
6: (111) 666-6666
7: (111) 777-7777
8: (111) 888-8888
9: (111) 999-9999
10: (111) 000-0000
11: (111) 232-1111
12: (111) 242-1111
