RUNNING SCRIPT: regexdna.lua

Thu Sep 29 21:10:17 PDT 2005


=================================================================
COMMAND LINE (%A is single numeric argument):

 /usr/bin/lua $LUA_EXTRAS ../regexdna.lua %A
************************************************************
*   TEST (regexdna.lua) FAILED - ERROR:  regexdna.lua_out differs from Output.500000
************************************************************
-rw-r--r--  1 brent brent 107 Sep 24 15:12 Output.500000
-rw-r--r--  1 brent brent 286 Sep 29 21:11 regexdna.lua_out


PROGRAM OUTPUT
==============
agggtaaa|tttaccct 36
[cgt]gggtaaa|tttaccc[acg] 125
a[act]ggtaaa|tttacc[agt]t 426
ag[act]gtaaa|tttac[agt]ct 290
agg[act]taaa|ttta[agt]cct 536
aggg[acg]aaa|ttt[cgt]ccct 153
agggt[cgt]aa|tt[acg]accct 143
agggta[cgt]a|t[acg]taccct 160
agggtaa[cgt]|[acg]ttaccct 219

5083411
5000000
6678892
