BUILD COMMANDS FOR: regexdna.javaclient-2.javaclient

Sun Oct 14 00:01:32 PDT 2007

( if [ ! -d regexdna.javaclient-2.javaclient_run ] ; then mkdir regexdna.javaclient-2.javaclient_run ; fi)
cp /opt/shootout/shootout/bench/regexdna/regexdna.javaclient-2.javaclient regexdna.javaclient-2.javaclient_run/regexdna.java
/usr/lib/jvm/java-6-sun-1.6.0.00/bin/javac  -d regexdna.javaclient-2.javaclient_run regexdna.javaclient-2.javaclient_run/regexdna.java
touch regexdna.javaclient-2.javaclient_run

=================================================================
COMMAND LINE (%A is single numeric argument):

 /usr/lib/jvm/java-6-sun-1.6.0.00/bin/java -client -classpath regexdna.javaclient-2.javaclient_run regexdna %A


PROGRAM OUTPUT
==============
agggtaaa|tttaccct 36
[cgt]gggtaaa|tttaccc[acg] 125
a[act]ggtaaa|tttacc[agt]t 426
ag[act]gtaaa|tttac[agt]ct 290
agg[act]taaa|ttta[agt]cct 536
aggg[acg]aaa|ttt[cgt]ccct 153
agggt[cgt]aa|tt[acg]accct 143
agggta[cgt]a|t[acg]taccct 160
agggtaa[cgt]|[acg]ttaccct 219

5083411
5000000
6678892
