BUILD COMMANDS FOR: regexdna.scala

Tue Jan 16 15:23:44 PST 2007

( if [ ! -d regexdna.scala_run ] ; then mkdir regexdna.scala_run ; fi)
cp /opt/shootout/shootout/bench/regexdna/regexdna.scala regexdna.scala_run/regexdna.scala
( cd regexdna.scala_run ; /usr/bin/scalac -target:jvm-1.5 -Xcloselim regexdna.scala )
touch regexdna.scala_run

=================================================================
COMMAND LINE (%A is single numeric argument):

 JAVACMD="/usr/lib/j2se/1.5/bin/java -server" /usr/bin/scala -classpath regexdna.scala_run regexdna %A


PROGRAM OUTPUT
==============
agggtaaa|tttaccct 36
[cgt]gggtaaa|tttaccc[acg] 125
a[act]ggtaaa|tttacc[agt]t 426
ag[act]gtaaa|tttac[agt]ct 290
agg[act]taaa|ttta[agt]cct 536
aggg[acg]aaa|ttt[cgt]ccct 153
agggt[cgt]aa|tt[acg]accct 143
agggta[cgt]a|t[acg]taccct 160
agggtaa[cgt]|[acg]ttaccct 219

5083411
5000000
6678892
