BUILD COMMANDS FOR: regexmatch.python

Sun Sep 18 21:14:43 PDT 2005

rm -f regexmatch.pyo regexmatch.pyc
cp /opt/shootout/shootout/bench/regexmatch/regexmatch.python regexmatch.py
/usr/bin/python2.4 -OO -c "from py_compile import compile; compile('/opt/shootout/shootout/bench/regexmatch/tmp/regexmatch.py')"
touch regexmatch.python_run

=================================================================
COMMAND LINE (%A is single numeric argument):

 /usr/bin/python2.4 regexmatch.pyo %A
************************************************************
*   TEST (regexmatch.python_run) FAILED - ERROR:  regexmatch.python_out differs from Output.9000
************************************************************
-rw-r--r--  1 brent brent 219 Sep 17 12:32 Output.9000
-rw-r--r--  1 brent brent   0 Sep 18 21:15 regexmatch.python_out


PROGRAM OUTPUT
==============
1: (111) 111-1111
2: (111) 222-2222
3: (111) 333-3333
4: (111) 444-4444
5: (111) 555-5555
6: (111) 666-6666
7: (111) 777-7777
8: (111) 888-8888
9: (111) 999-9999
10: (111) 000-0000
11: (111) 232-1111
12: (111) 242-1111
