BUILD COMMANDS FOR: regexdna.java

Fri Mar 31 01:47:35 PST 2006

if [ ! -d regexdna.java_run ] ; then mkdir regexdna.java_run ; fi
cp /opt/shootout/shootout/bench/regexdna/regexdna.java regexdna.java_run/regexdna.java
/usr/lib/jdk1.5.0_06/bin/javac  -d regexdna.java_run regexdna.java_run/regexdna.java
touch regexdna.java_run

=================================================================
COMMAND LINE (%A is single numeric argument):

 /usr/lib/jdk1.5.0_06/bin/java -server -classpath  regexdna.java_run  regexdna %A


PROGRAM OUTPUT
==============
agggtaaa|tttaccct 36
[cgt]gggtaaa|tttaccc[acg] 125
a[act]ggtaaa|tttacc[agt]t 426
ag[act]gtaaa|tttac[agt]ct 290
agg[act]taaa|ttta[agt]cct 536
aggg[acg]aaa|ttt[cgt]ccct 153
agggt[cgt]aa|tt[acg]accct 143
agggta[cgt]a|t[acg]taccct 160
agggtaa[cgt]|[acg]ttaccct 219

5083411
5000000
6678892
