BUILD COMMANDS FOR: regexdna.fpascal-2.fpascal

Wed Nov 28 23:48:46 PST 2007

cp /opt/shootout/shootout/bench/regexdna/regexdna.fpascal-2.fpascal regexdna.fpascal-2.pas
/usr/bin/fpc -XX -Xs -O3p3r -Fi../../Include/fpascal -Fu../../Include/fpascal -I../../Include/fpascal  -oFPASCAL_RUN regexdna.fpascal-2.pas
Free Pascal Compiler version 2.0.4 [2007/01/28] for i386
Copyright (c) 1993-2006 by Florian Klaempfl
Target OS: Linux for i386
Compiling regexdna.fpascal-2.pas
regexdna.fpascal-2.pas(14,2) Warning: Illegal compiler directive "$OPTIMIZATION"
regexdna.fpascal-2.pas(54,64) Error: Wrong number of parameters specified
regexdna.fpascal-2.pas(56,9) Warning: Local variable "cregexp" does not seem to be initialized
regexdna.fpascal-2.pas(191) Fatal: There were 1 errors compiling module, stopping
regexdna.fpascal-2.pas(191) Fatal: Compilation aborted
Error: /usr/bin/ppc386 returned an error exitcode (normal if you did not specify a source file to be compiled)
make[3]: [regexdna.fpascal-2.fpascal_run] Error 1 (ignored)
mv FPASCAL_RUN regexdna.fpascal-2.fpascal_run
mv: cannot stat `FPASCAL_RUN': No such file or directory
make[3]: [regexdna.fpascal-2.fpascal_run] Error 1 (ignored)
rm regexdna.fpascal-2.pas

=================================================================
COMMAND LINE (%A is single numeric argument):

regexdna.fpascal-2.fpascal_run %A
Error, could not exec regexdna.fpascal-2.fpascal_run 1 (No such file or directory)
PATH=/opt/shootout/shootout/bench/regexdna:/opt/shootout/shootout/bench/regexdna/tmp:/opt/IronPython/bin:/opt/xds_x86/bin:/opt/intel/fc/9.0/bin:/opt/intel/cc/9.0/bin:/home/brent/bin:/usr/share/smlnj/bin:/usr/local/bin:/usr/bin:/bin:/usr/bin/X11:/usr/games
TEST FAILED - Child processed exited with error code (1)


PROGRAM OUTPUT
==============
