BUILD COMMANDS FOR: regexdna.fpascal-3.fpascal

Sat Nov 24 23:14:34 PST 2007

cp /opt/shootout/shootout/bench/regexdna/regexdna.fpascal-3.fpascal regexdna.fpascal-3.pas
/usr/bin/fpc -XX -Xs -O3p3r -Fi../../Include/fpascal -Fu../../Include/fpascal -I../../Include/fpascal  -oFPASCAL_RUN regexdna.fpascal-3.pas
Free Pascal Compiler version 2.0.4 [2007/01/28] for i386
Copyright (c) 1993-2006 by Florian Klaempfl
Target OS: Linux for i386
Compiling regexdna.fpascal-3.pas
Linking FPASCAL_RUN
485 Lines compiled, 0.4 sec
mv FPASCAL_RUN regexdna.fpascal-3.fpascal_run
rm regexdna.fpascal-3.pas

=================================================================
COMMAND LINE (%A is single numeric argument):

regexdna.fpascal-3.fpascal_run %A


PROGRAM OUTPUT
==============
agggtaaa|tttaccct 36
[cgt]gggtaaa|tttaccc[acg] 125
a[act]ggtaaa|tttacc[agt]t 426
ag[act]gtaaa|tttac[agt]ct 290
agg[act]taaa|ttta[agt]cct 536
aggg[acg]aaa|ttt[cgt]ccct 153
agggt[cgt]aa|tt[acg]accct 143
agggta[cgt]a|t[acg]taccct 160
agggtaa[cgt]|[acg]ttaccct 219

5083411
5000000
6678892
