BUILD COMMANDS FOR: regexmatch.javaclient-2.javaclient

Fri Mar 31 03:24:47 PST 2006

( if [ ! -d regexmatch.javaclient-2.javaclient_run ] ; then mkdir regexmatch.javaclient-2.javaclient_run ; fi)
cp /opt/shootout/shootout/bench/regexmatch/regexmatch.javaclient-2.javaclient regexmatch.javaclient-2.javaclient_run/regexmatch.java
/usr/lib/jdk1.5.0_06/bin/javac  -d regexmatch.javaclient-2.javaclient_run regexmatch.javaclient-2.javaclient_run/regexmatch.java
Note: regexmatch.javaclient-2.javaclient_run/regexmatch.java uses unchecked or unsafe operations.
Note: Recompile with -Xlint:unchecked for details.
touch regexmatch.javaclient-2.javaclient_run

=================================================================
COMMAND LINE (%A is single numeric argument):

 /usr/lib/jdk1.5.0_06/bin/java -client -classpath regexmatch.javaclient-2.javaclient_run regexmatch %A


PROGRAM OUTPUT
==============
1: (111) 111-1111
2: (111) 222-2222
3: (111) 333-3333
4: (111) 444-4444
5: (111) 555-5555
6: (111) 666-6666
7: (111) 777-7777
8: (111) 888-8888
9: (111) 999-9999
10: (111) 000-0000
11: (111) 232-1111
12: (111) 242-1111
