BUILD COMMANDS FOR: regexmatch.mzc

Sun Sep 18 20:59:01 PDT 2005

/usr/bin/mzc regexmatch.ss
MzScheme compiler (mzc) version 209, Copyright (c) 2004 PLT Scheme, Inc.
s:compile: could not open regexmatch.ss for input
make[3]: [regexmatch.mzc_run] Error 1 (ignored)
echo "#!/usr/bin/mzscheme -r" > regexmatch.mzc_run
echo "(load-extension \"regexmatch.so\")" >> regexmatch.mzc_run
chmod a+rwx regexmatch.mzc_run
od a+rwx regexmatch.mzc_run
rm regexmatch.ss

=================================================================
COMMAND LINE (%A is single numeric argument):

regexmatch.mzc_run %A
************************************************************
*   TEST (regexmatch.mzc_run) FAILED - ERROR:  regexmatch.mzc_out differs from Output.6000
************************************************************
-rw-r--r--  1 brent brent 219 Sep 17 12:32 Output.6000
-rw-r--r--  1 brent brent   0 Sep 18 20:59 regexmatch.mzc_out


PROGRAM OUTPUT
==============
1: (111) 111-1111
2: (111) 222-2222
3: (111) 333-3333
4: (111) 444-4444
5: (111) 555-5555
6: (111) 666-6666
7: (111) 777-7777
8: (111) 888-8888
9: (111) 999-9999
10: (111) 000-0000
11: (111) 232-1111
12: (111) 242-1111
