RUNNING SCRIPT: regexdna.perl-4.perl

Sun Oct 14 00:04:59 PDT 2007


=================================================================
COMMAND LINE (%A is single numeric argument):

 /usr/bin/perl ../regexdna.perl-4.perl %A
************************************************************
*   TEST (regexdna.perl-4.perl) FAILED - ERROR:  regexdna.perl-4.perl_out differs from Output.100000
************************************************************
-rw-r--r-- 1 brent brent 278 2007-01-13 07:48 Output.100000
-rw-r--r-- 1 brent brent 269 2007-10-14 00:04 regexdna.perl-4.perl_out


PROGRAM OUTPUT
==============
agggtaaa|tttaccct 1
[cgt]gggtaaa|tttaccc[acg] 1
a[act]ggtaaa|tttacc[agt]t 1
ag[act]gtaaa|tttac[agt]ct 1
agg[act]taaa|ttta[agt]cct 1
aggg[acg]aaa|ttt[cgt]ccct 1
agggt[cgt]aa|tt[acg]accct 1
agggta[cgt]a|t[acg]taccct 1
agggtaa[cgt]|[acg]ttaccct 1

1016745
1000000
1336326
