BUILD COMMANDS FOR: regexmatch.java

Sun Mar 13 16:45:49 PST 2005

if [ ! -d regexmatch.java_run ] ; then mkdir regexmatch.java_run ; fi
cp /opt/shootout/shootout/bench/regexmatch/regexmatch.java regexmatch.java_run/regexmatch.java
/usr/lib/j2sdk1.4.2_05/bin/javac  -d regexmatch.java_run regexmatch.java_run/regexmatch.java
touch regexmatch.java_run

=================================================================
COMMAND LINE (%A is single numeric argument):

 /usr/lib/j2sdk1.4.2_05/bin/java -server -classpath  regexmatch.java_run  regexmatch %A


PROGRAM OUTPUT
==============
1: (111) 111-1111
2: (111) 222-2222
3: (111) 333-3333
4: (111) 444-4444
5: (111) 555-5555
6: (111) 666-6666
7: (111) 777-7777
8: (111) 888-8888
9: (111) 999-9999
10: (111) 000-0000
11: (111) 232-1111
12: (111) 242-1111
