BUILD COMMANDS FOR: regexdna.psyco

Sat Dec  1 14:50:09 PST 2007

rm -f regexdna.pyo regexdna.pyc
cp /opt/shootout/shootout/bench/regexdna/regexdna.psyco regexdna.py
/usr/bin/python2.5 -OO -c "from py_compile import compile; compile('/opt/shootout/shootout/bench/regexdna/tmp/regexdna.py')"
touch regexdna.psyco_run

=================================================================
COMMAND LINE (%A is single numeric argument):

 /usr/bin/python2.5 regexdna.py %A


PROGRAM OUTPUT
==============
agggtaaa|tttaccct 36
[cgt]gggtaaa|tttaccc[acg] 125
a[act]ggtaaa|tttacc[agt]t 426
ag[act]gtaaa|tttac[agt]ct 290
agg[act]taaa|ttta[agt]cct 536
aggg[acg]aaa|ttt[cgt]ccct 153
agggt[cgt]aa|tt[acg]accct 143
agggta[cgt]a|t[acg]taccct 160
agggtaa[cgt]|[acg]ttaccct 219

5083411
5000000
6678892
