BUILD COMMANDS FOR: regexdna.nice-2.nice

Wed Jan 18 22:11:07 PST 2006

( if [ ! -d regexdna.nice-2.nice_run ] ; then mkdir nice_build ; mkdir nice_build/regexdna.nice-2 ; fi)
mkdir: cannot create directory `nice_build': File exists
cp /opt/shootout/shootout/bench/regexdna/regexdna.nice-2.nice nice_build/regexdna.nice-2/regexdna.nice-2.nice
( cd nice_build/regexdna.nice-2 ; /usr/bin/nicec -d . --sourcepath .. -a o.jar regexdna.nice-2 )
nice.lang: parsing

Command line:
Package regexdna.nice-2 is not available.
The source  path is: ..
The package path is: <empty>
compilation failed with 1 error
make[3]: [regexdna.nice-2.nice_run] Error 2 (ignored)
cp nice_build/regexdna.nice-2/o.jar o.jar
cp: cannot stat `nice_build/regexdna.nice-2/o.jar': No such file or directory
make[3]: [regexdna.nice-2.nice_run] Error 1 (ignored)
touch regexdna.nice-2.nice_run

=================================================================
COMMAND LINE (%A is single numeric argument):

 /usr/lib/j2sdk1.4.2_05/bin/java -server -jar o.jar %A


PROGRAM OUTPUT
==============
agggtaaa|tttaccct 36
[cgt]gggtaaa|tttaccc[acg] 125
a[act]ggtaaa|tttacc[agt]t 426
ag[act]gtaaa|tttac[agt]ct 290
agg[act]taaa|ttta[agt]cct 536
aggg[acg]aaa|ttt[cgt]ccct 153
agggt[cgt]aa|tt[acg]accct 143
agggta[cgt]a|t[acg]taccct 160
agggtaa[cgt]|[acg]ttaccct 219

5083411
5000000
6678892
