BUILD COMMANDS FOR: regexmatch.kaffe-2.kaffe

Fri Mar 31 03:32:35 PST 2006

( if [ ! -d regexmatch.kaffe-2.kaffe_run ] ; then mkdir regexmatch.kaffe-2.kaffe_run ; fi)
cp /opt/shootout/shootout/bench/regexmatch/regexmatch.kaffe-2.kaffe regexmatch.kaffe-2.kaffe_run/regexmatch.java
( cd regexmatch.kaffe-2.kaffe_run ; /usr/lib/jdk1.5.0_06/bin/javac  -classpath '.' regexmatch.java )
Note: regexmatch.java uses unchecked or unsafe operations.
Note: Recompile with -Xlint:unchecked for details.
touch regexmatch.kaffe-2.kaffe_run

=================================================================
COMMAND LINE (%A is single numeric argument):

 /usr/bin/kaffe -classpath regexmatch.kaffe-2.kaffe_run  regexmatch %A
************************************************************
*   TEST (regexmatch.kaffe-2.kaffe_run) FAILED - ERROR:  regexmatch.kaffe-2.kaffe_out differs from Output.100
************************************************************
-rw-r--r-- 1 brent brent 219 Oct 30 14:20 Output.100
-rw-r--r-- 1 brent brent 189 Mar 31 03:32 regexmatch.kaffe-2.kaffe_out


PROGRAM OUTPUT
==============
1: (111) 111-1111
2:  222-2222
3: (111) 333-3333
4:  444-4444
5: (111) 555-5555
6:  666-6666
7: (111) 777-7777
8:  888-8888
9: (111) 999-9999
10:  000-0000
11: (111) 232-1111
12:  242-1111
