BUILD COMMANDS FOR: regexdna.gcj

Sat Sep 30 03:21:55 PDT 2006

/usr/bin/gcj-4.1 -O3 -fomit-frame-pointer -march=athlon-tbird  -o regexdna.gcj_run --main=regexdna regexdna.java
rm regexdna.gcj

=================================================================
COMMAND LINE (%A is single numeric argument):

regexdna.gcj_run %A
GC Warning: Repeated allocation of very large block (appr. size 9441280):
	May lead to memory leak and poor performance.
GC Warning: Repeated allocation of very large block (appr. size 9441280):
	May lead to memory leak and poor performance.
GC Warning: Repeated allocation of very large block (appr. size 18878464):
	May lead to memory leak and poor performance.
GC Warning: Repeated allocation of very large block (appr. size 4722688):
	May lead to memory leak and poor performance.


PROGRAM OUTPUT
==============
agggtaaa|tttaccct 36
[cgt]gggtaaa|tttaccc[acg] 125
a[act]ggtaaa|tttacc[agt]t 426
ag[act]gtaaa|tttac[agt]ct 290
agg[act]taaa|ttta[agt]cct 536
aggg[acg]aaa|ttt[cgt]ccct 153
agggt[cgt]aa|tt[acg]accct 143
agggta[cgt]a|t[acg]taccct 160
agggtaa[cgt]|[acg]ttaccct 219

5083411
5000000
6678892
