BUILD COMMANDS FOR: regexdna.javaxint

Sat Mar 11 02:14:51 PST 2006

( if [ ! -d regexdna.javaxint_run ] ; then mkdir regexdna.javaxint_run ; fi)
cp /opt/shootout/shootout/bench/regexdna/regexdna.javaxint regexdna.javaxint_run/regexdna.java
/usr/lib/j2sdk1.4.2_05/bin/javac  -d regexdna.javaxint_run regexdna.javaxint_run/regexdna.java
touch regexdna.javaxint_run

=================================================================
COMMAND LINE (%A is single numeric argument):

 /usr/lib/j2sdk1.4.2_05/bin/java -server -Xint -classpath regexdna.javaxint_run regexdna %A


PROGRAM OUTPUT
==============
agggtaaa|tttaccct 36
[cgt]gggtaaa|tttaccc[acg] 125
a[act]ggtaaa|tttacc[agt]t 426
ag[act]gtaaa|tttac[agt]ct 290
agg[act]taaa|ttta[agt]cct 536
aggg[acg]aaa|ttt[cgt]ccct 153
agggt[cgt]aa|tt[acg]accct 143
agggta[cgt]a|t[acg]taccct 160
agggtaa[cgt]|[acg]ttaccct 219

5083411
5000000
6678892
