BUILD COMMANDS FOR: regexmatch.iron

Sat Apr 22 11:50:58 PDT 2006

rm -f regexmatch.py regexmatch.pyo regexmatch.pyc
cp /opt/shootout/shootout/bench/regexmatch/regexmatch.iron regexmatch.iron
#-/opt/IronPython/IronPython-0.5/bin/IronPythonConsole.exe -OO -c "from py_compile import compile; compile('/opt/shootout/shootout/bench/regexmatch/tmp/regexmatch.py')"
touch regexmatch.iron_run

=================================================================
COMMAND LINE (%A is single numeric argument):

 /opt/IronPython/IronPython-0.5/bin/IronPythonConsole.exe $IRON_FLAGS regexmatch.iron %A


PROGRAM OUTPUT
==============
1: (111) 111-1111
2: (111) 222-2222
3: (111) 333-3333
4: (111) 444-4444
5: (111) 555-5555
6: (111) 666-6666
7: (111) 777-7777
8: (111) 888-8888
9: (111) 999-9999
10: (111) 000-0000
11: (111) 232-1111
12: (111) 242-1111
