BUILD COMMANDS FOR: regexmatch.gnat

Mon Apr  4 02:43:50 PDT 2005

cp /opt/shootout/shootout/bench/regexmatch/regexmatch.gnat regexmatch.ada
/usr/bin/gnatchop -w regexmatch.ada
splitting regexmatch.ada into:
   regexmatch.adb
/usr/bin/gnatmake -gnatp -Wall -O3 -fomit-frame-pointer -funroll-loops  -f regexmatch.adb -o regexmatch.gnat_run
gcc-3.4 -c -gnatp -Wall -O3 -fomit-frame-pointer -funroll-loops regexmatch.adb
gnatbind -x regexmatch.ali
gnatlink regexmatch.ali -o regexmatch.gnat_run
rm regexmatch.ada

=================================================================
COMMAND LINE (%A is single numeric argument):

regexmatch.gnat_run %A


PROGRAM OUTPUT
==============
1: (111) 111-1111
2: (111) 222-2222
3: (111) 333-3333
4: (111) 444-4444
5: (111) 555-5555
6: (111) 666-6666
7: (111) 777-7777
8: (111) 888-8888
9: (111) 999-9999
10: (111) 000-0000
11: (111) 232-1111
12: (111) 242-1111
