BUILD COMMANDS FOR: regexmatch.icpp

Tue Apr  5 22:55:11 PDT 2005

/opt/intel_cc_80/bin/icpc -c -O3 -ip -static -unroll  regexmatch.c++ -o regexmatch.c++.o &&  \
        /opt/intel_cc_80/bin/icpc regexmatch.c++.o -o regexmatch.icpp_run -O3 -ip -static -unroll  
regexmatch.c++(8): catastrophic error: could not open source file "zopyra/regx"
  #include <zopyra/regx>
                        ^

compilation aborted for regexmatch.c++ (code 4)
make[1]: [regexmatch.icpp_run] Error 4 (ignored)
rm: cannot remove `regexmatch.c++.o': No such file or directory
rm: cannot remove `regexmatch.o': No such file or directory
make[1]: [regexmatch.icpp_run] Error 1 (ignored)

=================================================================
COMMAND LINE (%A is single numeric argument):

regexmatch.icpp_run %A
Error, could not exec regexmatch.icpp_run 100 (No such file or directory)
PATH=/opt/shootout/shootout/bench/regexmatch:/opt/shootout/shootout/bench/regexmatch/tmp:/opt/intel_fc_80/bin:/opt/intel_cc_80/bin:/usr/lib/poplog/current-poplog/pop/pop:/opt/intel_fc_80/bin:/opt/intel_cc_80/bin:/usr/lib/poplog/current-poplog/pop/pop:/usr/local/Acrobat5/bin:/usr/lib/postgresql/bin:/home/brent/GNUstep/Tools:/usr/local/lib/GNUstep/Local/Tools:/usr/local/lib/GNUstep/Network/Tools:/usr/lib/GNUstep/System/Tools:/usr/local/bin:/usr/bin:/bin:/usr/bin/X11:/usr/games:/usr/lib/poplog/current-poplog/pop/com:/usr/lib/poplog/current-poplog/pop/com
************************************************************
*   TEST (regexmatch.icpp_run) FAILED:  regexmatch.icpp_out differs from Output.100
************************************************************
-rw-r--r--  1 brent brent 219 Apr  1 21:32 Output.100
-rw-r--r--  1 brent brent   0 Apr  5 22:55 regexmatch.icpp_out


PROGRAM OUTPUT
==============
