BUILD COMMANDS FOR: regexdna.dlang

Sat Apr 29 23:29:04 PDT 2006

cp /opt/shootout/shootout/bench/regexdna/regexdna.dlang regexdna.d
/usr/bin/dmd -O -inline -release  -ofregexdna.dlang_run regexdna.d
gcc regexdna.o -o regexdna.dlang_run -lphobos -lpthread -lm 
rm regexdna.d

=================================================================
COMMAND LINE (%A is single numeric argument):

regexdna.dlang_run %A
************************************************************
*   TEST HALTED - TIMEOUT AFTER --maxtime 3600 SECS
************************************************************


PROGRAM OUTPUT
==============
agggtaaa|tttaccct 36
[cgt]gggtaaa|tttaccc[acg] 125
a[act]ggtaaa|tttacc[agt]t 426
ag[act]gtaaa|tttac[agt]ct 290
agg[act]taaa|ttta[agt]cct 536
aggg[acg]aaa|ttt[cgt]ccct 153
agggt[cgt]aa|tt[acg]accct 143
agggta[cgt]a|t[acg]taccct 160
agggtaa[cgt]|[acg]ttaccct 219

5083411
5000000
6678892
