BUILD COMMANDS FOR: regexmatch.cmucl

Sun Nov  7 22:33:49 PST 2004

CMUCL built with: /usr/bin/lisp -noinit -batch -eval '(load "regexmatch.cmucl_compile")'
### START regexmatch.cmucl_compile
(proclaim '(optimize (speed 3) (safety 0) (debug 0) (compilation-speed 0) (space 0)))
(compile-file "meta.lisp" :block-compile t ) (load "meta.lisp" :verbose nil :print nil)
(compile-file "regexmatch.cmucl" :block-compile t  :entry-points '(main))
(quit)
### END regexmatch.cmucl_compile

; Loading #p"/opt/shootout/shootout/bench/regexmatch/tmp/regexmatch.cmucl_compile".

; Python version 1.1, VM version Intel x86 on 07 NOV 04 10:33:50 pm.
; Compiling: /opt/shootout/shootout/bench/regexmatch/tmp/meta.lisp 07 NOV 04 10:33:49 pm

; Converted STRING-MATCH.
; Converted STRING-MATCH-TYPE.
; Converted LIST-MATCH.
; Converted LIST-MATCH-TYPE.
; Converted COMPILE-LIST.
; Converted STREAM-MATCH.
; Converted STREAM-MATCH-TYPE.
; Converted MAKE-META.
; Converted COMPILEIT.
; Converted META-READER.
; Converted WITH-STREAM-META.
; Converted WITH-STRING-META.
; Converted WITH-LIST-META.
; Converted ENABLE-META-SYNTAX.
; Converted DISABLE-META-SYNTAX.
; Compiling DEFMACRO STRING-MATCH: 
; Compiling DEFMACRO STRING-MATCH-TYPE: 
; Compiling DEFUN COMPILEIT: 
; Compiling DEFMACRO LIST-MATCH-TYPE: 
; Compiling DEFMACRO STREAM-MATCH: 
; Compiling DEFMACRO STREAM-MATCH-TYPE: 
; Compiling EVAL-WHEN (COMPILE LOAD EVAL): 
; Compiling DEFSTRUCT META: 

; 
; 
; File: /opt/shootout/shootout/bench/regexmatch/tmp/meta.lisp

; In: DEFSTRUCT META

;   (FORMAT S "{窿}" FORM)
; ==>
;   (FORMAT C::DEST (FORMATTER "{窿}") #:G422)
; Note: Unable to optimize due to type uncertainty:
;     The first argument is a (OR STREAM
;                                 (MEMBER NIL T)
;                                 BASE-STRING), not a STREAM.
; 
; Note: Unable to optimize due to type uncertainty:
;     The first argument is a (OR STREAM
;                                 (MEMBER NIL T)
;                                 BASE-STRING), not a (MEMBER T).
; 
;   (FORMAT S "[窿]" FORM)
; ==>
;   (FORMAT C::DEST (FORMATTER "[窿]") #:G407)
; Note: Unable to optimize due to type uncertainty:
;     The first argument is a (OR STREAM
;                                 (MEMBER NIL T)
;                                 BASE-STRING), not a STREAM.
; 
; Note: Unable to optimize due to type uncertainty:
;     The first argument is a (OR STREAM
;                                 (MEMBER NIL T)
;                                 BASE-STRING), not a (MEMBER T).
; 
;   (FORMAT S "AA" CHAR FORM)
; ==>
;   (FORMAT C::DEST (FORMATTER "AA") #:G391 #:G392)
; Note: Unable to optimize due to type uncertainty:
;     The first argument is a (OR STREAM
;                                 (MEMBER NIL T)
;                                 BASE-STRING), not a STREAM.
; 
; Note: Unable to optimize due to type uncertainty:
;     The first argument is a (OR STREAM
;                                 (MEMBER NIL T)
;                                 BASE-STRING), not a (MEMBER T).
; 
; Compiling EVAL-WHEN (COMPILE LOAD EVAL): 
; Compiling EVAL-WHEN (COMPILE LOAD EVAL): 
; Compiling EVAL-WHEN (COMPILE LOAD EVAL): 
; Compiling DEFMACRO WITH-STREAM-META: 
; Compiling DEFMACRO WITH-STRING-META: 
; Compiling DEFMACRO WITH-LIST-META: 
; Compiling DEFUN ENABLE-META-SYNTAX: 
; Compiling DEFUN DISABLE-META-SYNTAX: 
; Byte Compiling Top-Level Form: 
; Byte Compiling Creation Form for #<KERNEL::CLASS-CELL META>: 
; Byte Compiling Top-Level Form: 
; Byte Compiling Top-Level Form: 

; Compilation unit finished.
;   6 notes


; meta.x86f written.
; Compilation finished in 0:00:03.
; Compiling LAMBDA (PCL::.PV-CELL. PCL::.NEXT-METHOD-CALL. KERNEL::OBJECT STREAM): 

; In:
;     LAMBDA (PCL::.PV-CELL. PCL::.NEXT-METHOD-CALL. KERNEL::OBJECT STREAM)

;   (FORMAT S "{窿}" FORM)
; ==>
;   (FORMAT C::DEST (FORMATTER "{窿}") #:G75)
; Note: Unable to optimize due to type uncertainty:
;     The first argument is a (OR STREAM
;                                 (MEMBER NIL T)
;                                 BASE-STRING), not a STREAM.
; 
; Note: Unable to optimize due to type uncertainty:
;     The first argument is a (OR STREAM
;                                 (MEMBER NIL T)
;                                 BASE-STRING), not a (MEMBER T).
; 
;   (FORMAT S "[窿]" FORM)
; ==>
;   (FORMAT C::DEST (FORMATTER "[窿]") #:G60)
; Note: Unable to optimize due to type uncertainty:
;     The first argument is a (OR STREAM
;                                 (MEMBER NIL T)
;                                 BASE-STRING), not a STREAM.
; 
; Note: Unable to optimize due to type uncertainty:
;     The first argument is a (OR STREAM
;                                 (MEMBER NIL T)
;                                 BASE-STRING), not a (MEMBER T).
; 
;   (FORMAT S "AA" CHAR FORM)
; ==>
;   (FORMAT C::DEST (FORMATTER "AA") #:G44 #:G45)
; Note: Unable to optimize due to type uncertainty:
;     The first argument is a (OR STREAM
;                                 (MEMBER NIL T)
;                                 BASE-STRING), not a STREAM.
; 
; Note: Unable to optimize due to type uncertainty:
;     The first argument is a (OR STREAM
;                                 (MEMBER NIL T)
;                                 BASE-STRING), not a (MEMBER T).
; 
; Compiling Top-Level Form: 

; Compilation unit finished.
;   6 notes


; Python version 1.1, VM version Intel x86 on 07 NOV 04 10:33:54 pm.
; Compiling: /opt/shootout/shootout/bench/regexmatch/tmp/regexmatch.cmucl 07 NOV 04 10:33:49 pm

; Converted DIGIT-CHARP.
; Converted NON-DIGIT-CHARP.
; Converted PARSE-TEL.
; Converted MAIN.
; Compiling DEFUN MAIN: 
; Compiling DEFTYPE DIGIT: 
; Compiling DEFTYPE NON-DIGIT: ; [GC threshold exceeded with 12,013,232 bytes in use.  Commencing GC.]
; [GC completed with 1,828,440 bytes retained and 10,184,792 bytes freed.]
; [GC will next occur when at least 13,828,440 bytes are in use.]

; Byte Compiling Top-Level Form: 

; regexmatch.x86f written.
; Compilation finished in 0:00:04.
### START regexmatch.cmucl_run
(proclaim '(optimize (speed 3) (safety 0) (debug 0) (compilation-speed 0) (space 0)))
(setq *gc-verbose* nil)
(load "meta.x86f" :verbose nil :print nil)
(load "regexmatch.x86f" :verbose nil :print nil)
(main) (quit)
### END regexmatch.cmucl_run


=================================================================
COMMAND LINE (%A is single numeric argument):

 /usr/bin/lisp -noinit -batch -eval '(load "regexmatch.cmucl_run" :verbose nil :print nil)' %A


PROGRAM OUTPUT
==============
1: (111) 111-1111
2: (111) 222-2222
3: (111) 333-3333
4: (111) 444-4444
5: (111) 555-5555
6: (111) 666-6666
7: (111) 777-7777
8: (111) 888-8888
9: (111) 999-9999
10: (111) 000-0000
11: (111) 232-1111
12: (111) 242-1111
