BUILD COMMANDS FOR: regexdna.csharp-2.csharp

Fri Feb 22 05:59:54 PST 2008

cp /opt/shootout/shootout/bench/regexdna/regexdna.csharp-2.csharp regexdna.csharp-2.cs
rm -f regexdna.csharp-2.csharp_run
/usr/bin/gmcs  -out:regexdna.csharp-2.csharp_run regexdna.csharp-2.cs
rm regexdna.csharp-2.cs

=================================================================
COMMAND LINE (%A is single numeric argument):

 /usr/bin/mono regexdna.csharp-2.csharp_run %A
************************************************************
*   FILE COMPARISON ERROR
************************************************************
L1: 1016746

L2: 1016745

************************************************************
*   TEST (regexdna.csharp-2.csharp_run) FAILED - ERROR:  regexdna.csharp-2.csharp_out differs from Output.100000
************************************************************
-rw-r--r-- 1 brent brent 278 2007-01-13 07:48 Output.100000
-rw-r--r-- 1 brent brent 278 2008-02-22 06:00 regexdna.csharp-2.csharp_out


PROGRAM OUTPUT
==============
agggtaaa|tttaccct 6
[cgt]gggtaaa|tttaccc[acg] 26
a[act]ggtaaa|tttacc[agt]t 86
ag[act]gtaaa|tttac[agt]ct 58
agg[act]taaa|ttta[agt]cct 113
aggg[acg]aaa|ttt[cgt]ccct 31
agggt[cgt]aa|tt[acg]accct 31
agggta[cgt]a|t[acg]taccct 32
agggtaa[cgt]|[acg]ttaccct 43

1016746
1000000
1000000
