BUILD COMMANDS FOR: regexdna.oz

Fri Jun  2 23:59:04 PDT 2006

cp /opt/shootout/shootout/bench/regexdna/regexdna.oz regexdna.oz
/usr/bin/ozc  -x regexdna.oz
mv regexdna regexdna.oz_run
rm regexdna.oz

=================================================================
COMMAND LINE (%A is single numeric argument):

regexdna.oz_run %A
************************************************************
*   TEST HALTED - TIMEOUT AFTER --maxtime 3600 SECS
************************************************************


PROGRAM OUTPUT
==============
agggtaaa|tttaccct 6
[cgt]gggtaaa|tttaccc[acg] 26
a[act]ggtaaa|tttacc[agt]t 86
ag[act]gtaaa|tttac[agt]ct 58
agg[act]taaa|ttta[agt]cct 113
aggg[acg]aaa|ttt[cgt]ccct 31
agggt[cgt]aa|tt[acg]accct 31
agggta[cgt]a|t[acg]taccct 32
agggtaa[cgt]|[acg]ttaccct 43
