BUILD COMMANDS FOR: regexmatch.chicken

Sun Apr 23 17:47:57 PDT 2006

cp /opt/shootout/shootout/bench/regexmatch/regexmatch.chicken regexmatch.chicken
rm -f regexmatch.chicken_run
/usr/bin/csc regexmatch.chicken -O3 -d0 -lambda-lift -b  -o regexmatch.chicken_run
rm regexmatch.chicken

=================================================================
COMMAND LINE (%A is single numeric argument):

regexmatch.chicken_run %A


PROGRAM OUTPUT
==============
1: (111) 111-1111
2: (111) 222-2222
3: (111) 333-3333
4: (111) 444-4444
5: (111) 555-5555
6: (111) 666-6666
7: (111) 777-7777
8: (111) 888-8888
9: (111) 999-9999
10: (111) 000-0000
11: (111) 232-1111
12: (111) 242-1111
