BUILD COMMANDS FOR: regexdna.nice

Sun Jan 15 02:54:29 PST 2006

( if [ ! -d regexdna.nice_run ] ; then mkdir nice_build ; mkdir nice_build/regexdna ; fi)
cp /opt/shootout/shootout/bench/regexdna/regexdna.nice nice_build/regexdna/regexdna.nice
( cd nice_build/regexdna ; /usr/bin/nicec -d . --sourcepath .. -a o.jar regexdna )
nice.lang: parsing
regexdna: parsing
regexdna: typechecking
regexdna: generating code
regexdna: linking
regexdna: writing in archive
nice.lang: writing in archive
cp nice_build/regexdna/o.jar o.jar
touch regexdna.nice_run

=================================================================
COMMAND LINE (%A is single numeric argument):

 /usr/lib/j2sdk1.4.2_05/bin/java -server -jar o.jar %A


PROGRAM OUTPUT
==============
agggtaaa|tttaccct 36
[cgt]gggtaaa|tttaccc[acg] 125
a[act]ggtaaa|tttacc[agt]t 426
ag[act]gtaaa|tttac[agt]ct 290
agg[act]taaa|ttta[agt]cct 536
aggg[acg]aaa|ttt[cgt]ccct 153
agggt[cgt]aa|tt[acg]accct 143
agggta[cgt]a|t[acg]taccct 160
agggtaa[cgt]|[acg]ttaccct 219

5083411
5000000
6678892
