BUILD COMMANDS FOR: revcomp.java14

Mon Jun 18 13:19:33 PDT 2007

if [ ! -d revcomp.java14_run ] ; then mkdir revcomp.java14_run ; fi
cp /opt/shootout/shootout/bench/revcomp/revcomp.java14 revcomp.java14_run/revcomp.java
/usr/lib/j2se/1.4/bin/javac  -d revcomp.java14_run revcomp.java14_run/revcomp.java
revcomp.java14_run/revcomp.java:35: <identifier> expected
	private static void formatAndPrint(List<byte[]> lineBuffer) {
                                               ^
revcomp.java14_run/revcomp.java:82: ')' expected
}
^
2 errors
make[3]: [revcomp.java14_run] Error 1 (ignored)
touch revcomp.java14_run

=================================================================
COMMAND LINE (%A is single numeric argument):

 /usr/lib/j2se/1.4/bin/java -server -classpath  revcomp.java14_run  revcomp %A
Exception in thread "main" java.lang.NoClassDefFoundError: revcomp
TEST FAILED - Child processed exited with error code (1)


PROGRAM OUTPUT
==============
