BUILD COMMANDS FOR: revcomp.objc

Sat May 27 22:16:14 PDT 2006

cp /opt/shootout/shootout/bench/revcomp/revcomp.objc revcomp.m
/usr/bin/gcc -pipe -Wall -O3 -static -fomit-frame-pointer -funroll-loops -lobjc  revcomp.m -o revcomp.objc_run
revcomp.m: In function '-[Seq print:seq]':
revcomp.m:92: warning: control reaches end of non-void function
revcomp.m: In function '-[Seq reverse:in:place]':
revcomp.m:87: warning: control reaches end of non-void function
/tmp/ccnW0OrY.o: In function `_i_Seq__init':
revcomp.m:(.text+0x44): undefined reference to `objc_msg_lookup_super'
/tmp/ccnW0OrY.o: In function `_i_Seq(float, long double,...)(...)':
revcomp.m:(.text+0x95): undefined reference to `objc_msg_lookup_super'
/tmp/ccnW0OrY.o: In function `main':
revcomp.m:(.text+0x22b): undefined reference to `objc_get_class'
revcomp.m:(.text+0x23e): undefined reference to `objc_msg_lookup'
revcomp.m:(.text+0x25a): undefined reference to `objc_msg_lookup'
revcomp.m:(.text+0x282): undefined reference to `objc_msg_lookup'
revcomp.m:(.text+0x29e): undefined reference to `objc_msg_lookup'
revcomp.m:(.text+0x2bd): undefined reference to `objc_msg_lookup'
/tmp/ccnW0OrY.o: In function `__objc_gnu_init':
revcomp.m:(.text+0x2eb): undefined reference to `__objc_exec_class'
/tmp/ccnW0OrY.o:(.data+0x4): undefined reference to `__objc_class_name_Object'
collect2: ld returned 1 exit status
make[3]: [revcomp.objc_run] Error 1 (ignored)
rm revcomp.m

=================================================================
COMMAND LINE (%A is single numeric argument):

revcomp.objc_run %A
Error, could not exec revcomp.objc_run 1 (No such file or directory)
PATH=/opt/shootout/shootout/bench/revcomp:/opt/shootout/shootout/bench/revcomp/tmp:/opt/IronPython/bin:/opt/xds_x86/bin:/opt/intel/fc/9.0/bin:/opt/intel/cc/9.0/bin:/usr/lib/poplog/current-poplog/pop/pop:/usr/lib/smarteiffel/bin:/usr/local/Acrobat5/bin:/usr/lib/postgresql/bin:/home/brent/GNUstep/Tools:/usr/local/lib/GNUstep/Local/Tools:/usr/local/lib/GNUstep/Network/Tools:/usr/lib/GNUstep/System/Tools:/usr/local/bin:/usr/bin:/bin:/usr/bin/X11:/usr/games:/usr/lib/poplog/current-poplog/pop/com
TEST FAILED - Child processed exited with error code (1)


PROGRAM OUTPUT
==============
