BUILD COMMANDS FOR: revcomp.sbcl-3.sbcl

Sun Sep 18 21:20:33 PDT 2005

SBCL built with: /usr/bin/sbcl --userinit /dev/null --sysinit /dev/null -batch -eval '(load "revcomp.sbcl-3.sbcl_compile")'
### START revcomp.sbcl-3.sbcl_compile
(proclaim '(optimize (speed 3) (safety 0) (debug 0) (compilation-speed 0) (space 0)))
(handler-bind ((sb-ext:defconstant-uneql      (lambda (c) (abort c))))      (load (compile-file "revcomp.sbcl-3.sbcl" ))) (save-lisp-and-die "sbcl.core" :purify t)
### END revcomp.sbcl-3.sbcl_compile


; compiling file "/opt/shootout/shootout/bench/revcomp/tmp/revcomp.sbcl-3.sbcl" (written 18 SEP 2005 09:20:33 PM):
; compiling (DEFPARAMETER *LINE* ...)
; compiling (DEFPARAMETER +TRANS-TABLE+ ...)
; file: /opt/shootout/shootout/bench/revcomp/tmp/revcomp.sbcl-3.sbcl
; in: DEFPARAMETER +TRANS-TABLE+
;     (CHAR-DOWNCASE CH)
; 
; note: unable to
;   open code
; due to type uncertainty:
;   The first argument is a CHARACTER, not a BASE-CHAR.

; compiling (DECLAIM (TYPE # ...))
; compiling (DEFMACRO COMPLEM ...)
; compiling (DEFUN WRITE-FIX-LINES ...)
; compiling (DEFUN WRITE-REVERSE-COMPLEMENT ...)
; compiling (DEFUN READ-POP ...)
; compiling (DEFUN GET-BODY ...)
; file: /opt/shootout/shootout/bench/revcomp/tmp/revcomp.sbcl-3.sbcl
; in: DEFUN GET-BODY
;     (AREF LINE 0)
; --> LET* 
; ==>
;   (SB-KERNEL:HAIRY-DATA-VECTOR-REF ARRAY SB-INT:INDEX)
; 
; note: unable to
;   optimize
; due to type uncertainty:
;   The first argument is a VECTOR, not a SIMPLE-STRING.
; 
; note: unable to
;   avoid runtime dispatch on array element type
; because:
;   Upgraded element type of array is not known at compile time.

; compiling (DEFUN MAIN ...); 
; compilation unit finished
;   printed 3 notes


; /opt/shootout/shootout/bench/revcomp/tmp/revcomp.sbcl-3.fasl written
; compilation finished in 0:00:01
[doing purification: roots handlers stack bindings static cleanup done]
[undoing binding stack and other enclosing state... done]
[saving current Lisp image into /opt/shootout/shootout/bench/revcomp/tmp/sbcl.core:
writing 20887992 bytes from the read-only space at 0x01000000
writing 6725952 bytes from the static space at 0x05000000
writing 4096 bytes from the dynamic space at 0x09000000
done]
### START revcomp.sbcl-3.sbcl_run
(proclaim '(optimize (speed 3) (safety 0) (debug 0) (compilation-speed 0) (space 0)))
(main) (quit)
### END revcomp.sbcl-3.sbcl_run


=================================================================
COMMAND LINE (%A is single numeric argument):

 /usr/bin/sbcl --noinform --core sbcl.core --userinit /dev/null --sysinit /dev/null --load revcomp.sbcl-3.sbcl_run %A
unhandled SIMPLE-ERROR in thread #<SB-THREAD:THREAD "initial thread" {9003439}>:
  Error during processing of --eval option "(|LOAD| \"revcomp.sbcl-3.sbcl_run\")":

  encoding error on stream #<SB-SYS:FD-STREAM for "standard output" {9003669}>
  (:EXTERNAL-FORMAT :ASCII):
    the character with code 2114336 cannot be encoded.

0: (BACKTRACE 128 #<SYNONYM-STREAM :SYMBOL SB-SYS:*STDERR* {514B549}>)
1: (SB-DEBUG::DEBUGGER-DISABLED-HOOK
    #<SIMPLE-ERROR {90FB891}>
    #<unavailable argument>)
2: (INVOKE-DEBUGGER #<SIMPLE-ERROR {90FB891}>)
3: (ERROR
    "Error during processing of --eval ~
                                              option ~S:~%~%  ~A")
4: ((LAMBDA (SB-IMPL::E)) #<SB-INT:STREAM-ENCODING-ERROR {90FB5E1}>)
5: ((LAMBDA (SB-IMPL::E)) #<SB-INT:STREAM-ENCODING-ERROR {90FB5E1}>)
6: (SIGNAL #<SB-INT:STREAM-ENCODING-ERROR {90FB5E1}>)
7: (ERROR SB-INT:STREAM-ENCODING-ERROR)
8: (SB-INT:STREAM-ENCODING-ERROR
    #<SB-SYS:FD-STREAM for "standard output" {9003669}>
    2114336)
9: (SB-IMPL::STREAM-ENCODING-ERROR-AND-HANDLE
    #<SB-SYS:FD-STREAM for "standard output" {9003669}>
    2114336)
10: (SB-IMPL::OUTPUT-BYTES/ASCII
     #<SB-SYS:FD-STREAM for "standard output" {9003669}>
Argh! error within --disable-debugger error handling
TEST FAILED - Child processed exited with error code (1)


PROGRAM OUTPUT
==============
>ONE Homo sapiens alu
