BUILD COMMANDS FOR: revcomp.mzc

Mon Jun 12 20:44:57 PDT 2006

cp /opt/shootout/shootout/bench/revcomp/revcomp.mzscheme revcomp.ss
/usr/bin/mzc revcomp.ss
mzc version 301.16, Copyright (c) 2004-2006 PLT Scheme Inc.
"revcomp.ss": 
 [output to "./revcomp.so"]
echo "#!/usr/bin/mzscheme -r" > revcomp.mzc_run
echo "(load-extension \"revcomp.so\")" >> revcomp.mzc_run
chmod a+rwx revcomp.mzc_run
rm revcomp.ss

=================================================================
COMMAND LINE (%A is single numeric argument):

revcomp.mzc_run %A
************************************************************
*   TEST (revcomp.mzc_run) FAILED - ERROR:  revcomp.mzc_out differs from Output.25000
************************************************************
-rw-r--r-- 1 brent brent 254245 Oct 30  2005 Output.25000
-rw-r--r-- 1 brent brent      0 Jun 12 20:45 revcomp.mzc_out


PROGRAM OUTPUT
==============
