BUILD COMMANDS FOR: revcomp.cmucl-2.cmucl

Sun Jun 26 16:31:35 PDT 2005

CMUCL built with: /usr/bin/lisp -noinit -batch -eval '(load "revcomp.cmucl-2.cmucl_compile")'
### START revcomp.cmucl-2.cmucl_compile
(proclaim '(optimize (speed 3) (safety 0) (debug 0) (compilation-speed 0) (space 0)))
(compile-file "revcomp.cmucl-2.cmucl" :block-compile t  :entry-points '(main))
(quit)
### END revcomp.cmucl-2.cmucl_compile


; Compilation unit aborted.

Error in batch processing:
Read error at 2:
 "##/\# START revcomp-2.cmucl"
Reader error at 26 on #<Stream for file "/opt/shootout/shootout/bench/revcomp/tmp/revcomp.cmucl-2.cmucl">:
Missing label for ##.

### START revcomp.cmucl-2.cmucl_run
(proclaim '(optimize (speed 3) (safety 0) (debug 0) (compilation-speed 0) (space 0)))
(setq *gc-verbose* nil)
(load "revcomp.cmucl-2.x86f" :verbose nil :print nil)
(main) (quit)
### END revcomp.cmucl-2.cmucl_run


=================================================================
COMMAND LINE (%A is single numeric argument):

 /usr/bin/lisp -noinit -batch -eval '(load "revcomp.cmucl-2.cmucl_run" :verbose nil :print nil)' %A
Error in batch processing:

File-error in function LISP::INTERNAL-LOAD:
   "revcomp.cmucl-2.x86f" does not exist.
TEST FAILED - Child processed exited with error code (1)


PROGRAM OUTPUT
==============
