BUILD COMMANDS FOR: revcomp.cmucl

Fri Aug 18 00:37:57 PDT 2006

CMUCL built with: /usr/bin/lisp -noinit -batch -eval '(load "revcomp.cmucl_compile")'
### START revcomp.cmucl_compile
(proclaim '(optimize (speed 3) (safety 0) (debug 0) (compilation-speed 0) (space 0)))
(asdf:operate 'asdf:load-op 'cl-ppcre)
(compile-file "revcomp.cmucl" :block-compile t  :entry-points '(main))
(quit)
### END revcomp.cmucl_compile

Couldn't mmap at 0xbe000000, len 1048576; got mapping at 0xa6093000 insteadensure_space: Failed to validate 1048576 bytes at 0xbe000000
### START revcomp.cmucl_run
(proclaim '(optimize (speed 3) (safety 0) (debug 0) (compilation-speed 0) (space 0)))
(setq *gc-verbose* nil)
(load "revcomp.x86f" :verbose nil :print nil)
(main) (quit)
### END revcomp.cmucl_run


=================================================================
COMMAND LINE (%A is single numeric argument):

 /usr/bin/lisp -noinit -batch -eval '(load "revcomp.cmucl_run" :verbose nil :print nil)' %A
Couldn't mmap at 0xbe000000, len 1048576; got mapping at 0xa6086000 insteadensure_space: Failed to validate 1048576 bytes at 0xbe000000
TEST FAILED - Child processed exited with error code (1)


PROGRAM OUTPUT
==============
