BUILD COMMANDS FOR: revcomp.gfortran

Sat Dec 31 06:46:00 PST 2005

/usr/bin/gfortran -pipe -Wall -O3 -fomit-frame-pointer -funroll-loops  revcomp.f90 -o revcomp.gfortran_run
 In file revcomp.f90:63

    character(len=*), dimension(:), allocatable, intent(in) :: data
                                                                  1
Error: ALLOCATABLE attribute conflicts with DUMMY attribute at (1)
 In file revcomp.f90:72

             write(*,'(a1)') complement(data(i)(j:j))
                                              1
Error: Syntax error in argument list at (1)
 In file revcomp.f90:75

             write(*,'(a1)',advance='no') complement(data(i)(j:j))
                                                           1
Error: Syntax error in argument list at (1)
 In file revcomp.f90:61

  subroutine printReverseFasta(data, bcount)
                                  1
Error: Symbol 'data' at (1) has no IMPLICIT type
 In file revcomp.f90:69

       do j=len(trim(data(i))),1,-1
                    1
Error: Function 'data' at (1) has no IMPLICIT type
 In file revcomp.f90:33

           call printReverseFasta(data, bcount)
                                 1
Error: Type/rank mismatch in argument 'data' at (1)
 In file revcomp.f90:57

  call printReverseFasta(data, bcount)
                        1
Error: Type/rank mismatch in argument 'data' at (1)
make[3]: [revcomp.gfortran_run] Error 1 (ignored)
rm revcomp.f90

=================================================================
COMMAND LINE (%A is single numeric argument):

revcomp.gfortran_run %A
Error, could not exec revcomp.gfortran_run 1 (No such file or directory)
PATH=/opt/shootout/shootout/bench/revcomp:/opt/shootout/shootout/bench/revcomp/tmp:/opt/xds_x86/bin:/opt/intel/fc/9.0/bin:/opt/intel/cc/9.0/bin:/usr/lib/poplog/current-poplog/pop/pop:/usr/lib/smarteiffel/bin:/usr/local/Acrobat5/bin:/usr/lib/postgresql/bin:/home/brent/GNUstep/Tools:/usr/local/lib/GNUstep/Local/Tools:/usr/local/lib/GNUstep/Network/Tools:/usr/lib/GNUstep/System/Tools:/usr/local/bin:/usr/bin:/bin:/usr/bin/X11:/usr/games:/usr/lib/poplog/current-poplog/pop/com
TEST FAILED - Child processed exited with error code (1)


PROGRAM OUTPUT
==============
