BUILD COMMANDS FOR: revcomp.kaffe-3.kaffe

Thu Jan  5 04:18:56 PST 2006

( if [ ! -d revcomp.kaffe-3.kaffe_run ] ; then mkdir revcomp.kaffe-3.kaffe_run ; fi)
cp /opt/shootout/shootout/bench/revcomp/revcomp.kaffe-3.kaffe revcomp.kaffe-3.kaffe_run/revcomp.java
( cd revcomp.kaffe-3.kaffe_run ; /usr/lib/j2sdk1.4.2_05/bin/javac  -classpath '.' revcomp.java )
touch revcomp.kaffe-3.kaffe_run

=================================================================
COMMAND LINE (%A is single numeric argument):

 /usr/bin/kaffe -classpath revcomp.kaffe-3.kaffe_run  revcomp %A
java.lang.OutOfMemoryError: unable to allocate memory for direct byte buffer
   at java.lang.VMThrowable.fillInStackTrace (VMThrowable.java:native)
   at java.lang.VMThrowable.fillInStackTrace (VMThrowable.java:79)
   at java.lang.Throwable.fillInStackTrace (Throwable.java:498)
   at java.lang.Throwable.<init> (Throwable.java:159)
   at java.lang.Error.<init> (Error.java:81)
   at java.lang.VirtualMachineError.<init> (VirtualMachineError.java:71)
   at java.lang.OutOfMemoryError.<init> (OutOfMemoryError.java:71)
   at java.nio.VMDirectByteBuffer.allocate (VMDirectByteBuffer.java:native)
   at java.nio.DirectByteBufferImpl.<init> (DirectByteBufferImpl.java:109)
   at java.nio.DirectByteBufferImpl$ReadWrite.<init> (DirectByteBufferImpl.java:89)
   at java.nio.DirectByteBufferImpl.allocate (DirectByteBufferImpl.java:126)
   at java.nio.ByteBuffer.allocateDirect (ByteBuffer.java:62)
   at revcomp.main (revcomp.java:57)
TEST FAILED - Child processed exited with error code (1)


PROGRAM OUTPUT
==============
