BUILD COMMANDS FOR: reversefile.mzscheme

Sun Sep 18 21:40:00 PDT 2005

cp /opt/shootout/shootout/bench/reversefile/reversefile.mzscheme reversefile.ss
cp reversefile.ss reversefile.mzscheme_run
rm reversefile.ss

=================================================================
COMMAND LINE (%A is single numeric argument):

reversefile.mzscheme_run %A
************************************************************
*   TEST (reversefile.mzscheme_run) FAILED - ERROR:  reversefile.mzscheme_out differs from Output.20
************************************************************
-rw-r--r--  1 brent brent 2000000 Sep 17 12:39 Output.20
-rw-r--r--  1 brent brent       0 Sep 18 21:42 reversefile.mzscheme_out


PROGRAM OUTPUT
==============
diacritical
diachronic
diabolical
diabetic
diabetes
dexterity
dewy
dewdrops
dewdrop
dew
devoutness
devoutly
devout
devours
devourer
devoured
devour
devotions
devotion
devoting
devotes
devotees
devotee
devotedly
devoted
devote
devolve
devoid
devisings
devising
devises
devised
devise
devious
devils
devilishly
devilish
devil
devices
device
deviations
deviation
deviating
deviates
deviated
deviate
deviants
deviant
develops
developments
===================================
!!! Note: Truncated to 50 lines !!!
===================================
