BUILD COMMANDS FOR: reversefile.gij

Mon Mar 14 21:47:23 PST 2005

if [ ! -d reversefile.gij_run ] ; then mkdir reversefile.gij_run ; fi
cp /opt/shootout/shootout/bench/reversefile/reversefile.gij reversefile.gij_run/reversefile.java
( cd reversefile.gij_run ; /usr/bin/gcj-3.4 -C -classpath '.' reversefile.java )
touch reversefile.gij_run

=================================================================
COMMAND LINE (%A is single numeric argument):

 /usr/bin/gij-3.4 --classpath reversefile.gij_run reversefile %A


PROGRAM OUTPUT
==============
diacritical
diachronic
diabolical
diabetic
diabetes
dexterity
dewy
dewdrops
dewdrop
dew
devoutness
devoutly
devout
devours
devourer
devoured
devour
devotions
devotion
devoting
devotes
devotees
devotee
devotedly
devoted
devote
devolve
devoid
devisings
devising
devises
devised
devise
devious
devils
devilishly
devilish
devil
devices
device
deviations
deviation
deviating
deviates
deviated
deviate
deviants
deviant
develops
developments
===================================
!!! Note: Truncated to 50 lines !!!
===================================


PROGRAM OUTPUT
==============
diacritical
diachronic
diabolical
diabetic
diabetes
dexterity
dewy
dewdrops
dewdrop
dew
devoutness
devoutly
devout
devours
devourer
devoured
devour
devotions
devotion
devoting
devotes
devotees
devotee
devotedly
devoted
devote
devolve
devoid
devisings
devising
devises
devised
devise
devious
devils
devilishly
devilish
devil
devices
device
deviations
deviation
deviating
deviates
deviated
deviate
deviants
deviant
develops
developments
===================================
!!! Note: Truncated to 50 lines !!!
===================================
