BUILD COMMANDS FOR: reversefile.gcj

Sun Dec  4 22:21:03 PST 2005

/usr/bin/gcj -O3 -fomit-frame-pointer -funroll-loops -o reversefile.gcj_run --main=reversefile reversefile.java
rm reversefile.java

=================================================================
COMMAND LINE (%A is single numeric argument):

reversefile.gcj_run %A


PROGRAM OUTPUT
==============
diacritical
diachronic
diabolical
diabetic
diabetes
dexterity
dewy
dewdrops
dewdrop
dew
devoutness
devoutly
devout
devours
devourer
devoured
devour
devotions
devotion
devoting
devotes
devotees
devotee
devotedly
devoted
devote
devolve
devoid
devisings
devising
devises
devised
devise
devious
devils
devilishly
devilish
devil
devices
device
deviations
deviation
deviating
deviates
deviated
deviate
deviants
deviant
develops
developments
===================================
!!! Note: Truncated to 50 lines !!!
===================================
