BUILD COMMANDS FOR: reversefile.java14

Fri Mar 31 03:42:43 PST 2006

if [ ! -d reversefile.java14_run ] ; then mkdir reversefile.java14_run ; fi
cp /opt/shootout/shootout/bench/reversefile/reversefile.java reversefile.java14_run/reversefile.java
/usr/lib/j2sdk1.4.2_05/bin/javac  -d reversefile.java14_run reversefile.java14_run/reversefile.java
touch reversefile.java14_run

=================================================================
COMMAND LINE (%A is single numeric argument):

 /usr/lib/j2sdk1.4.2_05/bin/java -server -classpath  reversefile.java14_run  reversefile %A


PROGRAM OUTPUT
==============
diacritical
diachronic
diabolical
diabetic
diabetes
dexterity
dewy
dewdrops
dewdrop
dew
devoutness
devoutly
devout
devours
devourer
devoured
devour
devotions
devotion
devoting
devotes
devotees
devotee
devotedly
devoted
devote
devolve
devoid
devisings
devising
devises
devised
devise
devious
devils
devilishly
devilish
devil
devices
device
deviations
deviation
deviating
deviates
deviated
deviate
deviants
deviant
develops
developments
===================================
!!! Note: Truncated to 50 lines !!!
===================================
