BUILD COMMANDS FOR: reversefile.pike

Sat Dec 31 06:55:28 PST 2005

rm -f reversefile.o
cp /opt/shootout/shootout/bench/reversefile/reversefile.pike reversefile.pike
/usr/bin/pike -x dump reversefile.pike
touch reversefile.pike_run

=================================================================
COMMAND LINE (%A is single numeric argument):

 /usr/bin/pike reversefile.pike %A


PROGRAM OUTPUT
==============
diacritical
diachronic
diabolical
diabetic
diabetes
dexterity
dewy
dewdrops
dewdrop
dew
devoutness
devoutly
devout
devours
devourer
devoured
devour
devotions
devotion
devoting
devotes
devotees
devotee
devotedly
devoted
devote
devolve
devoid
devisings
devising
devises
devised
devise
devious
devils
devilishly
devilish
devil
devices
device
deviations
deviation
deviating
deviates
deviated
deviate
deviants
deviant
develops
developments
===================================
!!! Note: Truncated to 50 lines !!!
===================================
