BUILD COMMANDS FOR: reversefile.clean

Sat Oct 16 00:01:50 PDT 2004

cp /opt/shootout/shootout/bench/reversefile/reversefile.clean reversefile.icl
/usr/bin/clm -b -nt -nr -l /usr/lib/clean/lib/ArgEnvUnix/ArgEnvC.o -I ../Include/clean -I ../../Include/clean reversefile -o reversefile.clean_run
Warning [StdFile.abc,10,stdio;33]: no inline code for this rule
Warning [StdFile.abc,10,fclose;30]: no inline code for this rule
Compiling reversefile
Generating code for reversefile
Linking reversefile
rm reversefile.icl

=================================================================
COMMAND LINE (%A is single numeric argument):

 reversefile.clean_run -h 20000000 %A


PROGRAM OUTPUT
==============
diacritical
diachronic
diabolical
diabetic
diabetes
dexterity
dewy
dewdrops
dewdrop
dew
devoutness
devoutly
devout
devours
devourer
devoured
devour
devotions
devotion
devoting
devotes
devotees
devotee
devotedly
devoted
devote
devolve
devoid
devisings
devising
devises
devised
devise
devious
devils
devilishly
devilish
devil
devices
device
deviations
deviation
deviating
deviates
deviated
deviate
deviants
deviant
develops
developments
===================================
!!! Note: Truncated to 50 lines !!!
===================================
