BUILD COMMANDS FOR: reversefile.rep

Sun Sep 18 21:47:00 PDT 2005

cp /opt/shootout/shootout/bench/reversefile/reversefile.rep reversefile.jl
/usr/bin/rep --batch --no-rc -l compiler -f compile-batch reversefile.jl
rm reversefile.jl

=================================================================
COMMAND LINE (%A is single numeric argument):

 /usr/bin/rep reversefile.jlc --num %A
************************************************************
*   TEST (reversefile.rep_run) FAILED - ERROR:  reversefile.rep_out differs from Output.25
************************************************************
-rw-r--r--  1 brent brent 2500000 Sep 17 12:39 Output.25
-rw-r--r--  1 brent brent 1000000 Sep 18 21:47 reversefile.rep_out


PROGRAM OUTPUT
==============
diacritical
diachronic
diabolical
diabetic
diabetes
dexterity
dewy
dewdrops
dewdrop
dew
devoutness
devoutly
devout
devours
devourer
devoured
devour
devotions
devotion
devoting
devotes
devotees
devotee
devotedly
devoted
devote
devolve
devoid
devisings
devising
devises
devised
devise
devious
devils
devilishly
devilish
devil
devices
device
deviations
deviation
deviating
deviates
deviated
deviate
deviants
deviant
develops
developments
===================================
!!! Note: Truncated to 50 lines !!!
===================================
