BUILD COMMANDS FOR: reversefile.icc

Thu Mar 17 19:31:53 PST 2005

/opt/intel_cc_80/bin/icc -O3 -ipo -static   reversefile.c -o reversefile.icc_run
reversefile.c(23): warning #880: omission of explicit type is nonstandard ("int" assumed)
  static print_string( char *data, size_t len,
         ^

reversefile.c(36): warning #880: omission of explicit type is nonstandard ("int" assumed)
  static print_line( char *pos, char *end, buf_t **p_loh,
         ^

IPO: performing single-file optimizations
IPO: generating object file ipo_iccWVgoy.o
IPO Error: unresolved : dl_iterate_phdr
        Referenced in libgcc_eh.a(unwind-dw2-fde-glibc.o)

=================================================================
COMMAND LINE (%A is single numeric argument):

reversefile.icc_run %A


PROGRAM OUTPUT
==============
diacritical
diachronic
diabolical
diabetic
diabetes
dexterity
dewy
dewdrops
dewdrop
dew
devoutness
devoutly
devout
devours
devourer
devoured
devour
devotions
devotion
devoting
devotes
devotees
devotee
devotedly
devoted
devote
devolve
devoid
devisings
devising
devises
devised
devise
devious
devils
devilishly
devilish
devil
devices
device
deviations
deviation
deviating
deviates
deviated
deviate
deviants
deviant
develops
developments
===================================
!!! Note: Truncated to 50 lines !!!
===================================
