BUILD COMMANDS FOR: reversefile.hipe

Sun May 15 11:21:28 PDT 2005

cp /opt/shootout/shootout/bench/reversefile/reversefile.erlang reversefile.erl
(if [ "reversefile" = "lists" ]; then		\
    mv lists.erl lists_test.erl;	\
    /usr/bin/erlc +native +"{hipe, [o3]}" lists_test.erl;	\
else					\
    /usr/bin/erlc +native +"{hipe, [o3]}" reversefile.erl;	\
fi)
rm reversefile.erl

=================================================================
COMMAND LINE (%A is single numeric argument):

 /usr/bin/erl -noinput -noshell -noshell -run reversefile main %A

Crash dump was written to: erl_crash.dump
init terminating in do_boot ()
TEST FAILED - Child processed exited with error code (1)

Crash dump was written to: erl_crash.dump
init terminating in do_boot ()
TEST FAILED - Child processed exited with error code (1)
************************************************************
*   TEST (reversefile.hipe_run) FAILED - ERROR:  reversefile.hipe_out differs from Output.20
************************************************************
-rw-r--r--  1 brent brent 2000000 Apr  1 22:51 Output.20
-rw-r--r--  1 brent brent       0 May 15 11:37 reversefile.hipe_out


PROGRAM OUTPUT
==============
diacritical
diachronic
diabolical
diabetic
diabetes
dexterity
dewy
dewdrops
dewdrop
dew
devoutness
devoutly
devout
devours
devourer
devoured
devour
devotions
devotion
devoting
devotes
devotees
devotee
devotedly
devoted
devote
devolve
devoid
devisings
devising
devises
devised
devise
devious
devils
devilishly
devilish
devil
devices
device
deviations
deviation
deviating
deviates
deviated
deviate
deviants
deviant
develops
developments
===================================
!!! Note: Truncated to 50 lines !!!
===================================
