BUILD COMMANDS FOR: reversefile.hugs

Wed Apr 13 02:14:41 PDT 2005

cp /opt/shootout/shootout/bench/reversefile/reversefile.hugs reversefile.hs
touch reversefile.hugs_run

=================================================================
COMMAND LINE (%A is single numeric argument):

 /usr/bin/runhugs $HUGS_FLAGS +l reversefile %A
runhugs: Error occurred

ERROR - Garbage collection fails to reclaim sufficient space


************************************************************
*   TEST (reversefile.hugs_run) FAILED:  reversefile.hugs_out differs from Output.10
************************************************************
-rw-r--r--  1 brent brent 1000000 Apr  1 22:51 Output.10
-rw-r--r--  1 brent brent       0 Apr 13 02:14 reversefile.hugs_out
runhugs: Error occurred

ERROR - Garbage collection fails to reclaim sufficient space


************************************************************
*   TEST (reversefile.hugs_run) FAILED:  reversefile.hugs_out differs from Output.10
************************************************************
-rw-r--r--  1 brent brent 1000000 Apr  1 22:51 Output.10
-rw-r--r--  1 brent brent       0 Apr 13 02:14 reversefile.hugs_out


PROGRAM OUTPUT
==============
