BUILD COMMANDS FOR: ringmsg.erlang

Sun Oct 10 20:24:34 PDT 2004

cp /opt/shootout/shootout/bench/ringmsg/ringmsg.erlang ringmsg.erl
if [ "ringmsg" = "plugin" ]; then		\
    cp /opt/shootout/shootout/bench/ringmsg/plugin_2.erlang plugin_2.erl; \
    cp /opt/shootout/shootout/bench/ringmsg/plugin_3.erlang plugin_3.erl; \
fi
if [ "ringmsg" = "lists" ]; then		\
    mv lists.erl lists_test.erl;	\
    /usr/bin/erlc lists_test.erl;		\
else					\
    if [ "ringmsg" = "plugin" ]; then	\
        /usr/bin/erlc ringmsg.erl;			\
        /usr/bin/erlc plugin_2.erl;		\
        /usr/bin/erlc plugin_3.erl;		\
    else				\
        /usr/bin/erlc ringmsg.erl;			\
            fi;					\
fi
rm ringmsg.erl

=================================================================
COMMAND LINE (%A is single numeric argument):

 /usr/bin/erl -noinput -noshell -s ringmsg main %A


PROGRAM OUTPUT
==============

the_ring
