RUNNING SCRIPT: sieve.gst

Thu Nov 17 21:30:25 PST 2005


=================================================================
COMMAND LINE (%A is single numeric argument):

 /usr/bin/gst -QI /usr/share/gnu-smalltalk/gst.im ../sieve.gst -a %A
../sieve.gst:25: Aborted
../sieve.gst:25: Error occurred while not in byte code interpreter!!
[0xffffe420]
/lib/tls/libc.so.6(abort+0xeb)[0xb7e7204b]
/usr/bin/gst[0x8059f7f]
/usr/bin/gst[0x808c7ca]
[0xffffe420]
/usr/bin/gst[0x805ac22]
/usr/bin/gst[0x805ac22]
/usr/bin/gst[0x805ac22]
/usr/bin/gst[0x805ac22]
/usr/bin/gst[0x805ac22]
TEST FAILED - Child processed exited with error code (0), halted by signal 6


PROGRAM OUTPUT
==============
