BUILD COMMANDS FOR: sieve.hugs

Wed Apr 13 02:36:45 PDT 2005

cp /opt/shootout/shootout/bench/sieve/sieve.hugs sieve.hs
touch sieve.hugs_run

=================================================================
COMMAND LINE (%A is single numeric argument):

 /usr/bin/runhugs $HUGS_FLAGS +l sieve %A
************************************************************
*   TEST KILLED BECAUSE IT EXCEEDED --maxtime 600 SECS
************************************************************
************************************************************
*   TEST KILLED BECAUSE IT EXCEEDED --maxtime 600 SECS
************************************************************
************************************************************
*   TEST KILLED BECAUSE IT EXCEEDED --maxtime 600 SECS
************************************************************

Unexpected signal

Unexpected signal

Unexpected signal


PROGRAM OUTPUT
==============
Count: 

PROGRAM OUTPUT
==============
Count: 