BUILD COMMANDS FOR: sieve.gij

Fri Jan 13 00:30:51 PST 2006

if [ ! -d sieve.gij_run ] ; then mkdir sieve.gij_run ; fi
cp /opt/shootout/shootout/bench/sieve/sieve.gij sieve.gij_run/sieve.java
( cd sieve.gij_run ; /usr/bin/gcj -C -classpath '.' sieve.java )
/bin/sh: /usr/bin/gcj: No such file or directory
make[3]: [sieve.gij_run] Error 127 (ignored)
touch sieve.gij_run

=================================================================
COMMAND LINE (%A is single numeric argument):

 /usr/bin/gij --classpath sieve.gij_run sieve %A
Exception in thread "main" java.lang.NoClassDefFoundError: sieve
   at gnu.java.lang.MainThread.run() (/usr/lib/libgcj.so.6.0.0)
Caused by: java.lang.ClassNotFoundException: sieve not found in gnu.gcj.runtime.SystemClassLoader{urls=[file:sieve.gij_run/], parent=gnu.gcj.runtime.ExtensionClassLoader{urls=[], parent=null}}
   at java.net.URLClassLoader.findClass(java.lang.String) (/usr/lib/libgcj.so.6.0.0)
   at java.lang.ClassLoader.loadClass(java.lang.String, boolean) (/usr/lib/libgcj.so.6.0.0)
   at java.lang.ClassLoader.loadClass(java.lang.String) (/usr/lib/libgcj.so.6.0.0)
   at java.lang.Class.forName(java.lang.String, boolean, java.lang.ClassLoader) (/usr/lib/libgcj.so.6.0.0)
   at gnu.java.lang.MainThread.run() (/usr/lib/libgcj.so.6.0.0)
TEST FAILED - Child processed exited with error code (1)


PROGRAM OUTPUT
==============
