BUILD COMMANDS FOR: sieve.mercury

Sun Apr  3 23:20:29 PDT 2005

mmc --generate-dependencies --grade asm_fast.gc          mytest
mmc --compile-to-c --grade asm_fast.gc          mytest > mytest.err 2>&1
mgnuc --grade asm_fast.gc        --      -c mytest.c -o mytest.o
mytest.c: In function `mytest_module0':
mytest.c:185: warning: use of cast expressions as lvalues is deprecated
mytest.c:187: warning: use of cast expressions as lvalues is deprecated
mytest.c:199: warning: use of cast expressions as lvalues is deprecated
mytest.c:208: warning: use of cast expressions as lvalues is deprecated
mytest.c:216: warning: use of cast expressions as lvalues is deprecated
mytest.c:220: warning: use of cast expressions as lvalues is deprecated
mytest.c:223: warning: use of cast expressions as lvalues is deprecated
mytest.c:233: warning: use of cast expressions as lvalues is deprecated
mytest.c:234: warning: use of cast expressions as lvalues is deprecated
mytest.c: In function `mytest_module1':
mytest.c:247: warning: use of cast expressions as lvalues is deprecated
mytest.c:253: warning: use of cast expressions as lvalues is deprecated
mytest.c:259: warning: use of cast expressions as lvalues is deprecated
mytest.c:260: warning: use of cast expressions as lvalues is deprecated
mytest.c: In function `mytest_module2':
mytest.c:273: warning: use of cast expressions as lvalues is deprecated
mytest.c:279: warning: use of cast expressions as lvalues is deprecated
mytest.c:286: warning: use of cast expressions as lvalues is deprecated
mytest.c:287: warning: use of cast expressions as lvalues is deprecated
mytest.c:293: warning: use of cast expressions as lvalues is deprecated
mytest.c:302: warning: use of cast expressions as lvalues is deprecated
mytest.c:307: warning: use of cast expressions as lvalues is deprecated
mytest.c:314: warning: use of cast expressions as lvalues is deprecated
mytest.c:320: warning: use of cast expressions as lvalues is deprecated
mytest.c:325: warning: use of cast expressions as lvalues is deprecated
mytest.c: In function `mytest_module3':
mytest.c:337: warning: use of cast expressions as lvalues is deprecated
mytest.c:344: warning: use of cast expressions as lvalues is deprecated
mytest.c:351: warning: use of cast expressions as lvalues is deprecated
mytest.c:352: warning: use of cast expressions as lvalues is deprecated
mytest.c:360: warning: use of cast expressions as lvalues is deprecated
mytest.c:366: warning: use of cast expressions as lvalues is deprecated
mytest.c:372: warning: use of cast expressions as lvalues is deprecated
mgnuc --grade asm_fast.gc        --      -c mytest_init.c -o mytest_init.o
ml --grade asm_fast.gc              --    -o mytest mytest_init.o \
	mytest.o \
	      

=================================================================
COMMAND LINE (%A is single numeric argument):

sieve.mercury_run %A


PROGRAM OUTPUT
==============
Count: 1028
