BUILD COMMANDS FOR: sieve.mzscheme

Sun Jan 22 11:37:56 PST 2006

cp /opt/shootout/shootout/bench/sieve/sieve.mzscheme sieve.ss
cp sieve.ss sieve.mzscheme_run
rm sieve.ss

=================================================================
COMMAND LINE (%A is single numeric argument):

sieve.mzscheme_run %A
standard-module-name-resolver: collection not found: "readline" in any of: (#<path:/home/brent/.plt-scheme/301/collects> #<path:/usr/lib/plt/collects>)
standard-module-name-resolver: collection not found: "readline" in any of: (#<path:/home/brent/.plt-scheme/301/collects> #<path:/usr/lib/plt/collects>)
standard-module-name-resolver: collection not found: "readline" in any of: (#<path:/home/brent/.plt-scheme/301/collects> #<path:/usr/lib/plt/collects>)
standard-module-name-resolver: collection not found: "readline" in any of: (#<path:/home/brent/.plt-scheme/301/collects> #<path:/usr/lib/plt/collects>)
standard-module-name-resolver: collection not found: "readline" in any of: (#<path:/home/brent/.plt-scheme/301/collects> #<path:/usr/lib/plt/collects>)
standard-module-name-resolver: collection not found: "readline" in any of: (#<path:/home/brent/.plt-scheme/301/collects> #<path:/usr/lib/plt/collects>)
standard-module-name-resolver: collection not found: "readline" in any of: (#<path:/home/brent/.plt-scheme/301/collects> #<path:/usr/lib/plt/collects>)
standard-module-name-resolver: collection not found: "readline" in any of: (#<path:/home/brent/.plt-scheme/301/collects> #<path:/usr/lib/plt/collects>)
standard-module-name-resolver: collection not found: "readline" in any of: (#<path:/home/brent/.plt-scheme/301/collects> #<path:/usr/lib/plt/collects>)
standard-module-name-resolver: collection not found: "readline" in any of: (#<path:/home/brent/.plt-scheme/301/collects> #<path:/usr/lib/plt/collects>)
standard-module-name-resolver: collection not found: "readline" in any of: (#<path:/home/brent/.plt-scheme/301/collects> #<path:/usr/lib/plt/collects>)
standard-module-name-resolver: collection not found: "readline" in any of: (#<path:/home/brent/.plt-scheme/301/collects> #<path:/usr/lib/plt/collects>)


PROGRAM OUTPUT
==============
Count: 1028
