BUILD COMMANDS FOR: sieve.dlang

Sat Sep 17 12:59:58 PDT 2005

cp /opt/shootout/shootout/bench/sieve/sieve.dlang sieve.d
/usr/bin/dmd -O -inline -release  -ofsieve.dlang_run sieve.d
gcc sieve.o -o sieve.dlang_run -lphobos -lpthread -lm 
rm sieve.d

=================================================================
COMMAND LINE (%A is single numeric argument):

sieve.dlang_run %A
************************************************************
*   TEST (sieve.dlang_run) FAILED - ERROR:  sieve.dlang_out differs from Output.300
************************************************************
-rw-r--r--  1 brent brent 12 Sep 17 12:59 Output.300
-rw-r--r--  1 brent brent  0 Sep 17 13:00 sieve.dlang_out
************************************************************
*   TEST (sieve.dlang_run) FAILED - ERROR:  sieve.dlang_out differs from Output.900
************************************************************
-rw-r--r--  1 brent brent 12 Sep 17 12:59 Output.900
-rw-r--r--  1 brent brent  0 Sep 17 13:00 sieve.dlang_out


PROGRAM OUTPUT
==============
Count: 1028
