BUILD COMMANDS FOR: sieve.icon

Sun Sep 18 22:37:09 PDT 2005

cp /opt/shootout/shootout/bench/sieve/sieve.icon sieve.icn
(unset STRSIZE BLOCKSIZE COEXPSIZE MSTKSIZE TRACE NOERRBUF ; \
/usr/bin/icont -o sieve.icon_run sieve.icn )
Translating:
sieve.icn:
  main
  sieve
No errors
Linking:
rm sieve.icn

=================================================================
COMMAND LINE (%A is single numeric argument):

 unset STRSIZE BLOCKSIZE COEXPSIZE TRACE NOERRBUF;export MSTKSIZE=250000;sieve.icon_run %A
************************************************************
*   TEST (sieve.icon_run) FAILED - ERROR:  sieve.icon_out differs from Output.1200
************************************************************
-rw-r--r--  1 brent brent 12 Sep 17 12:59 Output.1200
-rw-r--r--  1 brent brent  0 Sep 18 22:45 sieve.icon_out


PROGRAM OUTPUT
==============
Count: 1028
