BUILD COMMANDS FOR: spectralnorm.icon

Sat May  6 01:26:55 PDT 2006

cp /opt/shootout/shootout/bench/spectralnorm/spectralnorm.icon spectralnorm.icn
(unset STRSIZE BLOCKSIZE COEXPSIZE MSTKSIZE TRACE NOERRBUF ; \
	/usr/bin/icont -o spectralnorm.icon_run spectralnorm.icn )
Translating:
spectralnorm.icn:
  main
  approximate
  A
  mulAv
  mulAtV
  mulAtAv
No errors
Linking:
rm spectralnorm.icn

=================================================================
COMMAND LINE (%A is single numeric argument):

 unset STRSIZE BLOCKSIZE COEXPSIZE TRACE NOERRBUF;export MSTKSIZE=250000;spectralnorm.icon_run %A
************************************************************
*   FILE COMPARISON ERROR
************************************************************
L1: 1.274224152

L2: 1.274224153

************************************************************
*   TEST (spectralnorm.icon_run) FAILED - ERROR:  spectralnorm.icon_out differs from Output.2500
************************************************************
-rw-r--r-- 1 brent brent 12 Jan  6 23:38 Output.2500
-rw-r--r-- 1 brent brent 12 May  6 02:46 spectralnorm.icon_out


PROGRAM OUTPUT
==============
1.274224152
