BUILD COMMANDS FOR: spectralnorm.gfortran

Sat Sep 30 05:33:12 PDT 2006

/usr/bin/gfortran -pipe -Wall -O3 -fomit-frame-pointer -march=athlon-tbird  spectralnorm.f90 -o spectralnorm.gfortran_run
 In file spectralnorm.f90:68

          Atv(i) = Atv(i) + A(j,i)*v(j)
            1
Error: The FORALL with index 'j' cause more than one assignment to this object at (1)
 In file spectralnorm.f90:56

          Av(i) = Av(i) + A(i,j)*v(j)
           1
Error: The FORALL with index 'j' cause more than one assignment to this object at (1)
make[3]: [spectralnorm.gfortran_run] Error 1 (ignored)
rm spectralnorm.f90

=================================================================
COMMAND LINE (%A is single numeric argument):

spectralnorm.gfortran_run %A
Error, could not exec spectralnorm.gfortran_run 500 (No such file or directory)
PATH=/opt/shootout/shootout/bench/spectralnorm:/opt/shootout/shootout/bench/spectralnorm/tmp:/opt/IronPython/bin:/opt/xds_x86/bin:/opt/intel/fc/9.0/bin:/opt/intel/cc/9.0/bin:/home/brent/bin:/usr/local/bin:/usr/bin:/bin:/usr/bin/X11:/usr/games
TEST FAILED - Child processed exited with error code (1)


PROGRAM OUTPUT
==============
