BUILD COMMANDS FOR: spectralnorm.gcl

Mon Sep 19 00:39:15 PDT 2005

cp /opt/shootout/shootout/bench/spectralnorm/spectralnorm.gcl spectralnorm.gcl
(GCL_ANSI=1; export GCL_ANSI; \
  /usr/bin/gclcvs -compile spectralnorm.gcl)

;; Compiling spectralnorm.gcl.
;; End of Pass 1.  
;; End of Pass 2.  
;; OPTIMIZE levels: Safety=0 (No runtime error checking), Space=0, Speed=3, (Debug quality ignored)
;; Finished compiling spectralnorm.gcl.
touch spectralnorm.gcl_run

=================================================================
COMMAND LINE (%A is single numeric argument):

 /usr/bin/gclcvs -batch -load spectralnorm.o -eval '(main)' -f spectralnorm.gcl %A
************************************************************
*   TEST (spectralnorm.gcl_run) FAILED - ERROR:  spectralnorm.gcl_out differs from Output.100
************************************************************
-rw-r--r--  1 brent brent  46 Sep 17 13:06 Output.100
-rw-r--r--  1 brent brent 282 Sep 19 00:39 spectralnorm.gcl_out


PROGRAM OUTPUT
==============

Error in SYSTEM::GCL-TOP-LEVEL [or a callee]: Cannot open the file spectralnorm.o.

Fast links are on: do (si::use-fast-links nil) for debugging
Broken at SYSTEM::SET-UP-TOP-LEVEL.  Type :H for Help.
 1 (Continue) Retry loading file "spectralnorm.o".
 2 Return to top level.
dbl:>>