BUILD COMMANDS FOR: spectralnorm.gwydion

Thu Nov  3 06:57:13 PST 2005

cp /opt/shootout/shootout/bench/spectralnorm/spectralnorm.gwydion spectralnorm.dylan
(if [ "spectralnorm" = "random" ]; then	\
    cp random.dylan randum.dylan;	\
fi)
/usr/bin/d2c -s  spectralnorm.dylan
Entering single file mode.
Compiling library spectralnorm
[Loading library Dylan...]
Using custom library import list...
[Loading library common-dylan...
  [Loading library melange-support...]
  [Loading library threads...]
  [Loading library table-extensions...]
  [Loading library Random...
   [Loading library transcendental...]]]
[Loading library io...In Define Library spectralnorm.:
unknown source locationWarning: Can't tell if argument <unknown-type> is a subtype of type-union(<false>, <type>),
so can't tell if method:
  type-for-file-stream{<object>, <unknown-type>, <object>}
is congruent to GF
  type-for-file-stream
]
Parsing spectralnorm.dylan
Finalizing library.
Converting top level forms.
                      Optimizing top level forms.
                      Emitting C code.
                      Emitting Library Heap.
Emitting Global Heap.
Building inits.
spectralnorm.dylan: In function 'inits':
spectralnorm.dylan:59052: warning: implicit declaration of function 'dylan_Library_init'
spectralnorm.dylan:59053: warning: implicit declaration of function 'melange_support_Library_init'
spectralnorm.dylan:59054: warning: implicit declaration of function 'threads_Library_init'
spectralnorm.dylan:59055: warning: implicit declaration of function 'table_extensions_Library_init'
spectralnorm.dylan:59056: warning: implicit declaration of function 'transcendental_Library_init'
spectralnorm.dylan:59057: warning: implicit declaration of function 'random_Library_init'
spectralnorm.dylan:59058: warning: implicit declaration of function 'common_dylan_Library_init'
spectralnorm.dylan:59059: warning: implicit declaration of function 'io_Library_init'
mkdir .libs
gcc -o spectralnorm spectralnorm.o  /usr/lib/dylan/2.5.0pre2/x86-linux-gcc/libio-dylan.a /usr/lib/dylan/2.5.0pre2/x86-linux-gcc/libcommon-dylan-dylan.a /usr/lib/dylan/2.5.0pre2/x86-linux-gcc/librandom-dylan.a /usr/lib/dylan/2.5.0pre2/x86-linux-gcc/libtranscendental-dylan.a /usr/lib/dylan/2.5.0pre2/x86-linux-gcc/libtable-extensions-dylan.a /usr/lib/dylan/2.5.0pre2/x86-linux-gcc/libthreads-dylan.a /usr/lib/dylan/2.5.0pre2/x86-linux-gcc/libmelange-support-dylan.a /usr/lib/dylan/2.5.0pre2/x86-linux-gcc/libdylan-dylan.a /usr/lib/dylan/2.5.0pre2/x86-linux-gcc/libruntime.a /usr/lib/libgc.so -ldl -lpthread -lm
Optimize called 7410 times.
Compilation finished with 1 Warning and 0 Errors
(if [ "spectralnorm" = "random" ]; then	\
    mv randum spectralnorm.gwydion_run;		\
else				\
    mv spectralnorm spectralnorm.gwydion_run;			\
fi)
rm spectralnorm.[co]
rm -rf .libs
rm spectralnorm.dylan

=================================================================
COMMAND LINE (%A is single numeric argument):

spectralnorm.gwydion_run %A


PROGRAM OUTPUT
==============
1.274224116
