BUILD COMMANDS FOR: spellcheck.sablevm

Mon Sep 19 00:54:54 PDT 2005

( if [ ! -d spellcheck.sablevm_run ] ; then mkdir spellcheck.sablevm_run ; fi )
cp /opt/shootout/shootout/bench/spellcheck/spellcheck.sablevm spellcheck.sablevm_run/spellcheck.java
( cd spellcheck.sablevm_run ; /usr/lib/j2sdk1.4.2_05/bin/javac  -classpath '.' spellcheck.java )
touch spellcheck.sablevm_run

=================================================================
COMMAND LINE (%A is single numeric argument):

 /usr/bin/sablevm -Y --classpath="spellcheck.sablevm_run" spellcheck %A
************************************************************
*   TEST (spellcheck.sablevm_run) FAILED - ERROR:  spellcheck.sablevm_out differs from Output.4
************************************************************
-rw-r--r--  1 brent brent  0 Sep 17 13:12 Output.4
-rw-r--r--  1 brent brent 20 Sep 19 00:54 spellcheck.sablevm_out


PROGRAM OUTPUT
==============
zuul
zuul
zuul
zuul
