BUILD COMMANDS FOR: spellcheck.javaxint-2.javaxint

Thu Jan  5 04:30:21 PST 2006

( if [ ! -d spellcheck.javaxint-2.javaxint_run ] ; then mkdir spellcheck.javaxint-2.javaxint_run ; fi)
cp /opt/shootout/shootout/bench/spellcheck/spellcheck.javaxint-2.javaxint spellcheck.javaxint-2.javaxint_run/spellcheck.java
/usr/lib/j2sdk1.4.2_05/bin/javac  -d spellcheck.javaxint-2.javaxint_run spellcheck.javaxint-2.javaxint_run/spellcheck.java
touch spellcheck.javaxint-2.javaxint_run

=================================================================
COMMAND LINE (%A is single numeric argument):

 /usr/lib/j2sdk1.4.2_05/bin/java -server -Xint -classpath spellcheck.javaxint-2.javaxint_run spellcheck %A


PROGRAM OUTPUT
==============
zuul
zuul
zuul
zuul
zuul
zuul
zuul
zuul
zuul
zuul
zuul
zuul
zuul
zuul
zuul
