BUILD COMMANDS FOR: spellcheck.gij-2.gij

Sun Jan  1 18:15:35 PST 2006

if [ ! -d spellcheck.gij-2.gij_run ] ; then mkdir spellcheck.gij-2.gij_run ; fi
cp /opt/shootout/shootout/bench/spellcheck/spellcheck.gij-2.gij spellcheck.gij-2.gij_run/spellcheck.java
( cd spellcheck.gij-2.gij_run ; /usr/bin/gcj -C -classpath '.' spellcheck.java )
touch spellcheck.gij-2.gij_run

=================================================================
COMMAND LINE (%A is single numeric argument):

 /usr/bin/gij --classpath spellcheck.gij-2.gij_run spellcheck %A


PROGRAM OUTPUT
==============
zuul
zuul
zuul
zuul
zuul
zuul
zuul
zuul
zuul
zuul
zuul
zuul
zuul
zuul
zuul
