BUILD COMMANDS FOR: spellcheck.kaffe

Fri Mar 31 04:20:33 PST 2006

( if [ ! -d spellcheck.kaffe_run ] ; then mkdir spellcheck.kaffe_run ; fi)
cp /opt/shootout/shootout/bench/spellcheck/spellcheck.kaffe spellcheck.kaffe_run/spellcheck.java
( cd spellcheck.kaffe_run ; /usr/lib/jdk1.5.0_06/bin/javac  -classpath '.' spellcheck.java )
Note: spellcheck.java uses unchecked or unsafe operations.
Note: Recompile with -Xlint:unchecked for details.
touch spellcheck.kaffe_run

=================================================================
COMMAND LINE (%A is single numeric argument):

 /usr/bin/kaffe -classpath spellcheck.kaffe_run  spellcheck %A


PROGRAM OUTPUT
==============
zuul
zuul
zuul
zuul
zuul
zuul
zuul
zuul
zuul
zuul
zuul
zuul
zuul
zuul
zuul
