EXECUTING SCRIPT: spellcheck.slang

Thu Mar 31 00:09:39 PST 2005


=================================================================
COMMAND LINE (%A is single numeric argument):

 /usr/bin/slsh ../spellcheck.slang %A
************************************************************
*   TEST (spellcheck.slang) FAILED:  spellcheck.slang_out differs from Output.10
************************************************************
-rw-r--r--  1 brent brent 50 Nov 14 19:25 Output.10
-rw-r--r--  1 brent brent 75 Mar 31 00:11 spellcheck.slang_out


PROGRAM OUTPUT
==============
zuul
zuul
zuul
zuul
zuul
zuul
zuul
zuul
zuul
zuul
zuul
zuul
zuul
zuul
zuul
