BUILD COMMANDS FOR: spellcheck.clean

Sat Sep 17 13:28:07 PDT 2005

cp /opt/shootout/shootout/bench/spellcheck/spellcheck.clean spellcheck.icl
/usr/bin/clm -b -nt -ou -l /usr/lib/clean/lib/ArgEnv/ArgEnvC.o -I ../Include/clean -I ../../Include/clean -I /usr/lib/clean/lib/ArgEnv spellcheck -o spellcheck.clean_run
Warning [StdFile.abc,27,stdio;33]: no inline code for this rule
Warning [StdInt.abc,59,abs;13]: no inline code for this rule
Warning [StdFile.abc,14,fopen;31]: no inline code for this rule
Compiling spellcheck
Generating code for spellcheck
Linking spellcheck
rm spellcheck.icl

=================================================================
COMMAND LINE (%A is single numeric argument):

 spellcheck.clean_run -h 10000000 %A
************************************************************
*   TEST (spellcheck.clean_run) FAILED - ERROR:  spellcheck.clean_out differs from Output.4
************************************************************
-rw-r--r--  1 brent brent  0 Sep 17 13:12 Output.4
-rw-r--r--  1 brent brent 20 Sep 17 13:28 spellcheck.clean_out


PROGRAM OUTPUT
==============
zuul
zuul
zuul
zuul
