RUNNING SCRIPT: spellcheck.guile

Mon Sep 19 00:42:12 PDT 2005


=================================================================
COMMAND LINE (%A is single numeric argument):

spellcheck.guile %A
************************************************************
*   TEST (spellcheck.guile) FAILED - ERROR:  spellcheck.guile_out differs from Output.15
************************************************************
-rw-r--r--  1 brent brent  0 Sep 17 13:28 Output.15
-rw-r--r--  1 brent brent 75 Sep 19 00:44 spellcheck.guile_out


PROGRAM OUTPUT
==============
zuul
zuul
zuul
zuul
zuul
zuul
zuul
zuul
zuul
zuul
zuul
zuul
zuul
zuul
zuul
