BUILD COMMANDS FOR: spellcheck.python

Sat Oct  2 00:20:47 PDT 2004

cp /opt/shootout/shootout/bench/spellcheck/spellcheck.python spellcheck.py
/usr/bin/python -OO -c "from py_compile import compile; compile('/opt/shootout/shootout/bench/spellcheck/spellcheck.python')"
touch spellcheck.python_run

=================================================================
COMMAND LINE (%A is single numeric argument):

 /usr/bin/python spellcheck.pyo %A


PROGRAM OUTPUT
==============

zuul
zuul
zuul
zuul
zuul
zuul
zuul
zuul
zuul
zuul
zuul
zuul
zuul
zuul
zuul
