BUILD COMMANDS FOR: spellcheck.gij

Thu Sep 29 21:42:51 PDT 2005

if [ ! -d spellcheck.gij_run ] ; then mkdir spellcheck.gij_run ; fi
cp /opt/shootout/shootout/bench/spellcheck/spellcheck.gij spellcheck.gij_run/spellcheck.java
( cd spellcheck.gij_run ; /usr/bin/gcj -C -classpath '.' spellcheck.java )
touch spellcheck.gij_run

=================================================================
COMMAND LINE (%A is single numeric argument):

 /usr/bin/gij --classpath spellcheck.gij_run spellcheck %A


PROGRAM OUTPUT
==============
zuul
zuul
zuul
zuul
zuul
zuul
zuul
zuul
zuul
zuul
zuul
zuul
zuul
zuul
zuul
