BUILD COMMANDS FOR: spellcheck.csharp

Thu Sep 29 21:30:57 PDT 2005

cp /opt/shootout/shootout/bench/spellcheck/spellcheck.csharp spellcheck.cs
rm -f spellcheck.csharp_run
/usr/bin/mcs  -out:spellcheck.csharp_run spellcheck.cs
rm spellcheck.cs

=================================================================
COMMAND LINE (%A is single numeric argument):

 /usr/bin/mono spellcheck.csharp_run %A


PROGRAM OUTPUT
==============
zuul
zuul
zuul
zuul
zuul
zuul
zuul
zuul
zuul
zuul
zuul
zuul
zuul
zuul
zuul
