BUILD COMMANDS FOR: spellcheck.ocamlb

Mon Nov 29 22:17:54 PST 2004

cp /opt/shootout/shootout/bench/spellcheck/spellcheck.ocaml spellcheck.ml
/usr/bin/ocamlc -noassert -unsafe -I /usr/lib/ocaml/contrib  spellcheck.ml -o spellcheck.ocamlb_run
rm spellcheck.ml

=================================================================
COMMAND LINE (%A is single numeric argument):

spellcheck.ocamlb_run %A


PROGRAM OUTPUT
==============
zuul
zuul
zuul
zuul
zuul
zuul
zuul
zuul
zuul
zuul
zuul
zuul
zuul
zuul
zuul
