BUILD COMMANDS FOR: spellcheck.oberon2

Sun May  1 17:22:44 PDT 2005

cp /opt/shootout/shootout/bench/spellcheck/spellcheck.oberon2 Spellcheck.Mod
/usr/bin/oo2c -r ../../Include/oberon2 -r . -A --no-rtc -M Spellcheck.Mod
Error: Unknown option -r
make[3]: [spellcheck.oberon2_run] Error 1 (ignored)
mv bin/Spellcheck spellcheck.oberon2_run
mv: cannot stat `bin/Spellcheck': No such file or directory
make[3]: [spellcheck.oberon2_run] Error 1 (ignored)
rm -rf obj sym bin

=================================================================
COMMAND LINE (%A is single numeric argument):

spellcheck.oberon2_run %A


PROGRAM OUTPUT
==============
zuul
zuul
zuul
zuul
zuul
zuul
zuul
zuul
zuul
zuul
zuul
zuul
zuul
zuul
zuul
