BUILD COMMANDS FOR: spellcheck.g++

Thu Sep 16 00:59:49 PDT 2004

/usr/bin/g++ -c -pipe -Wall -O2 -fomit-frame-pointer  spellcheck.c++ -o spellcheck.c++.o &&  \
        /usr/bin/g++ spellcheck.c++.o -o spellcheck.g++_run -L/usr/local/lib  
rm spellcheck.c++

=================================================================
COMMAND LINE (%A is single numeric argument):

spellcheck.g++_run %A


PROGRAM OUTPUT
==============

zuul
zuul
zuul
zuul
zuul
zuul
zuul
zuul
zuul
zuul
zuul
zuul
zuul
zuul
zuul
