BUILD COMMANDS FOR: spellcheck.java15

Thu Jan  5 04:28:18 PST 2006

if [ ! -d spellcheck.java15_run ] ; then mkdir spellcheck.java15_run ; fi
cp /opt/shootout/shootout/bench/spellcheck/spellcheck.java spellcheck.java15_run/spellcheck.java
/usr/lib/jdk1.5.0_06/bin/javac  -d spellcheck.java15_run spellcheck.java15_run/spellcheck.java
Note: spellcheck.java15_run/spellcheck.java uses unchecked or unsafe operations.
Note: Recompile with -Xlint:unchecked for details.
touch spellcheck.java15_run

=================================================================
COMMAND LINE (%A is single numeric argument):

 /usr/lib/jdk1.5.0_06/bin/java -server -classpath  spellcheck.java15_run  spellcheck %A


PROGRAM OUTPUT
==============
zuul
zuul
zuul
zuul
zuul
zuul
zuul
zuul
zuul
zuul
zuul
zuul
zuul
zuul
zuul
