BUILD COMMANDS FOR: spellcheck.chicken

Fri Jun  9 15:41:53 PDT 2006

cp /opt/shootout/shootout/bench/spellcheck/spellcheck.chicken spellcheck.chicken
rm -f spellcheck.chicken_run
/usr/bin/csc spellcheck.chicken -O3 -d0 -lambda-lift -b  -o spellcheck.chicken_run
rm spellcheck.chicken

=================================================================
COMMAND LINE (%A is single numeric argument):

spellcheck.chicken_run %A


PROGRAM OUTPUT
==============
zuul
zuul
zuul
zuul
zuul
zuul
zuul
zuul
zuul
zuul
zuul
zuul
zuul
zuul
zuul
