BUILD COMMANDS FOR: spellcheck.mercury

Sun Sep 12 13:25:23 PDT 2004

mmc --generate-dependencies --grade asm_fast.gc          mytest
mmc --compile-to-c --grade asm_fast.gc          mytest > mytest.err 2>&1
mgnuc --grade asm_fast.gc        --      -c mytest.c -o mytest.o
mytest.c: In function `mytest_module0':
mytest.c:330: warning: use of cast expressions as lvalues is deprecated
mytest.c:338: warning: use of cast expressions as lvalues is deprecated
mytest.c:345: warning: use of cast expressions as lvalues is deprecated
mytest.c:346: warning: use of cast expressions as lvalues is deprecated
mytest.c:351: warning: use of cast expressions as lvalues is deprecated
mytest.c:354: warning: use of cast expressions as lvalues is deprecated
mytest.c:355: warning: use of cast expressions as lvalues is deprecated
mytest.c: In function `mytest_module2':
mytest.c:386: warning: use of cast expressions as lvalues is deprecated
mytest.c:390: warning: use of cast expressions as lvalues is deprecated
mytest.c:399: warning: use of cast expressions as lvalues is deprecated
mytest.c:403: warning: use of cast expressions as lvalues is deprecated
mytest.c:408: warning: use of cast expressions as lvalues is deprecated
mytest.c:412: warning: use of cast expressions as lvalues is deprecated
mytest.c:415: warning: use of cast expressions as lvalues is deprecated
mytest.c:418: warning: use of cast expressions as lvalues is deprecated
mytest.c:423: warning: use of cast expressions as lvalues is deprecated
mytest.c:424: warning: use of cast expressions as lvalues is deprecated
mytest.c: In function `mytest_module3':
mytest.c:438: warning: use of cast expressions as lvalues is deprecated
mytest.c:442: warning: use of cast expressions as lvalues is deprecated
mytest.c:452: warning: use of cast expressions as lvalues is deprecated
mytest.c:453: warning: use of cast expressions as lvalues is deprecated
mytest.c:457: warning: use of cast expressions as lvalues is deprecated
mytest.c:460: warning: use of cast expressions as lvalues is deprecated
mytest.c:461: warning: use of cast expressions as lvalues is deprecated
mytest.c:468: warning: use of cast expressions as lvalues is deprecated
mytest.c:476: warning: use of cast expressions as lvalues is deprecated
mytest.c:480: warning: use of cast expressions as lvalues is deprecated
mytest.c:483: warning: use of cast expressions as lvalues is deprecated
mytest.c: In function `mytest_module4':
mytest.c:496: warning: use of cast expressions as lvalues is deprecated
mytest.c:500: warning: use of cast expressions as lvalues is deprecated
mytest.c:510: warning: use of cast expressions as lvalues is deprecated
mytest.c:511: warning: use of cast expressions as lvalues is deprecated
mytest.c:515: warning: use of cast expressions as lvalues is deprecated
mytest.c:518: warning: use of cast expressions as lvalues is deprecated
mytest.c:519: warning: use of cast expressions as lvalues is deprecated
mytest.c:526: warning: use of cast expressions as lvalues is deprecated
mytest.c:538: warning: use of cast expressions as lvalues is deprecated
mytest.c:543: warning: use of cast expressions as lvalues is deprecated
mytest.c:546: warning: use of cast expressions as lvalues is deprecated
mgnuc --grade asm_fast.gc        --      -c mytest_init.c -o mytest_init.o
ml --grade asm_fast.gc              --    -o mytest mytest_init.o \
	mytest.o \
	      

=================================================================
COMMAND LINE (%A is single numeric argument):

spellcheck.mercury_run %A


PROGRAM OUTPUT
==============
zuul
zuul
zuul
zuul
zuul
zuul
zuul
zuul
zuul
zuul
zuul
zuul
zuul
zuul
zuul
