BUILD COMMANDS FOR: strcat.erlang

Mon Mar 14 23:16:55 PST 2005

cp /opt/shootout/shootout/bench/strcat/strcat.erlang strcat.erl
(if [ "strcat" = "plugin" ]; then		\
    cp /opt/shootout/shootout/bench/strcat/plugin_2.erlang plugin_2.erl; \
    cp /opt/shootout/shootout/bench/strcat/plugin_3.erlang plugin_3.erl; \
fi)
(if [ "strcat" = "lists" ]; then		\
    mv lists.erl lists_test.erl;	\
    /usr/bin/erlc lists_test.erl;		\
else					\
    if [ "strcat" = "plugin" ]; then	\
        /usr/bin/erlc strcat.erl;			\
        /usr/bin/erlc plugin_2.erl;		\
        /usr/bin/erlc plugin_3.erl;		\
    else				\
        /usr/bin/erlc strcat.erl;			\
            fi;					\
fi)
rm strcat.erl

=================================================================
COMMAND LINE (%A is single numeric argument):

 /usr/bin/erl -noinput -noshell -run strcat main %A


PROGRAM OUTPUT
==============
240000
