BUILD COMMANDS FOR: strcat.sablevm-2.sablevm

Mon Sep 19 01:28:16 PDT 2005

( if [ ! -d strcat.sablevm-2.sablevm_run ] ; then mkdir strcat.sablevm-2.sablevm_run ; fi )
cp /opt/shootout/shootout/bench/strcat/strcat.sablevm-2.sablevm strcat.sablevm-2.sablevm_run/strcat.java
( cd strcat.sablevm-2.sablevm_run ; /usr/lib/j2sdk1.4.2_05/bin/javac  -classpath '.' strcat.java )
touch strcat.sablevm-2.sablevm_run

=================================================================
COMMAND LINE (%A is single numeric argument):

 /usr/bin/sablevm -Y --classpath="strcat.sablevm-2.sablevm_run" strcat %A
************************************************************
*   TEST (strcat.sablevm-2.sablevm_run) FAILED - ERROR:  strcat.sablevm-2.sablevm_out differs from Output.30000
************************************************************
-rw-r--r--  1 brent brent 7 Sep 17 13:47 Output.30000
-rw-r--r--  1 brent brent 0 Sep 19 01:34 strcat.sablevm-2.sablevm_out
java.lang.OutOfMemoryError
   at java.lang.StringBuffer.ensureCapacity_unsynchronized (StringBuffer.java:902)
   at java.lang.StringBuffer.append (StringBuffer.java:313)
   at strcat.main (strcat.java:13)
   at java.lang.VirtualMachine.invokeMain (VirtualMachine.java)
   at java.lang.VirtualMachine.main (VirtualMachine.java:108)
TEST FAILED - Child processed exited with error code (1)


PROGRAM OUTPUT
==============
