BUILD COMMANDS FOR: strcat.nice

Sat Nov 19 22:40:02 PST 2005

( if [ ! -d strcat.nice_run ] ; then mkdir nice_build ; mkdir nice_build/strcat ; fi)
cp /opt/shootout/shootout/bench/strcat/strcat.nice nice_build/strcat/strcat.nice
( cd nice_build/strcat ; /usr/bin/nicec -d . --sourcepath .. -a o.jar strcat )
nice.lang: parsing
strcat: parsing
strcat: typechecking
strcat: generating code
strcat: linking
strcat: writing in archive
nice.lang: writing in archive
cp nice_build/strcat/o.jar o.jar
touch strcat.nice_run

=================================================================
COMMAND LINE (%A is single numeric argument):

 /usr/lib/j2sdk1.4.2_05/bin/java -server -jar o.jar %A


PROGRAM OUTPUT
==============
240000
