BUILD COMMANDS FOR: strcat.hipe

Mon May  2 23:46:00 PDT 2005

cp /opt/shootout/shootout/bench/strcat/strcat.erlang strcat.erl
(if [ "strcat" = "lists" ]; then		\
    mv lists.erl lists_test.erl;	\
    /usr/bin/erlc +native +"{hipe, [o3]}" lists_test.erl;	\
else					\
    /usr/bin/erlc +native +"{hipe, [o3]}" strcat.erl;	\
fi)
rm strcat.erl

=================================================================
COMMAND LINE (%A is single numeric argument):

 /usr/bin/erl -noinput -noshell -run strcat main %A

Crash dump was written to: erl_crash.dump
init terminating in do_boot ()
************************************************************
*   TEST (strcat.hipe_run) FAILED:  strcat.hipe_out differs from Output.10000
************************************************************
-rw-r--r--  1 brent brent  6 Apr  2 03:13 Output.10000
-rw-r--r--  1 brent brent 45 May  2 23:46 strcat.hipe_out


PROGRAM OUTPUT
==============
{"init terminating in do_boot",{badarg,[]}}
