BUILD COMMANDS FOR: strcat.cmucl

Thu Mar 31 02:39:48 PST 2005

CMUCL built with: /usr/bin/lisp -noinit -batch -eval '(load "strcat.cmucl_compile")'
### START strcat.cmucl_compile
(proclaim '(optimize (speed 3) (safety 0) (debug 0) (compilation-speed 0) (space 0)))
(compile-file "strcat.cmucl" :block-compile t  :entry-points '(main))
(quit)
### END strcat.cmucl_compile

; Loading #p"/opt/shootout/shootout/bench/strcat/tmp/strcat.cmucl_compile".

; Python version 1.1, VM version Intel x86 on 31 MAR 05 02:39:53 am.
; Compiling: /opt/shootout/shootout/bench/strcat/tmp/strcat.cmucl 31 MAR 05 02:39:51 am

; Converted MAIN.

; 
; 
; File: /opt/shootout/shootout/bench/strcat/tmp/strcat.cmucl

; In: DEFUN STRING-CONCAT1

;   (LET (# # # #)
;     (DECLARE #)
;     (DECLARE #)
;     (DECLARE #)
;     ...)
; Note: Abbreviated type declaration: (SIMPLE-BASE-STRING STR).
; 
; Converted STRING-CONCAT1.
; Compiling DEFUN STRING-CONCAT1: 
; Byte Compiling Top-Level Form: 

; Compilation unit finished.
;   1 note


; strcat.x86f written.
; Compilation finished in 0:00:01.
### START strcat.cmucl_run
(proclaim '(optimize (speed 3) (safety 0) (debug 0) (compilation-speed 0) (space 0)))
(setq *gc-verbose* nil)
(load "strcat.x86f" :verbose nil :print nil)
(main) (quit)
### END strcat.cmucl_run


=================================================================
COMMAND LINE (%A is single numeric argument):

 /usr/bin/lisp -noinit -batch -eval '(load "strcat.cmucl_run" :verbose nil :print nil)' %A


PROGRAM OUTPUT
==============
240000
