BUILD COMMANDS FOR: strcat.poly

Thu Nov  3 01:35:20 PST 2005

echo "PolyML.make_database \"strcat.test_dbase\"; PolyML.quit();" \
	| /usr/bin/poly
Poly/ML RTS version I386-4.1.3 (21:08:52 Nov 16 2004)
Copyright (c) 2002 CUTS and contributors.
Running with heap parameters (h=10240K,ib=2048K,ip=100%,mb=6144K,mp=20%)

Unable to open ML_dbase
make[1]: [strcat.test_dbase] Error 1 (ignored)
cat /opt/shootout/shootout/bench/strcat/strcat.poly | /usr/bin/poly strcat.test_dbase
Poly/ML RTS version I386-4.1.3 (21:08:52 Nov 16 2004)
Copyright (c) 2002 CUTS and contributors.
Running with heap parameters (h=10240K,ib=2048K,ip=100%,mb=6144K,mp=20%)

Unable to open strcat.test_dbase
make[1]: [strcat.test_dbase] Error 1 (ignored)

=================================================================
COMMAND LINE (%A is single numeric argument):

 /usr/bin/poly -q strcat.test_dbase -- %A
TEST FAILED - Child processed exited with error code (1)


PROGRAM OUTPUT
==============
Unknown option -q
Poly/ML RTS version I386-4.1.3 (21:08:52 Nov 16 2004)
Copyright (c) 2002 CUTS and contributors.
Running with heap parameters (h=10240K,ib=2048K,ip=100%,mb=6144K,mp=20%)

Unable to open strcat.test_dbase
