BUILD COMMANDS FOR: strcat.hugs

Wed Apr 13 05:35:42 PDT 2005

cp /opt/shootout/shootout/bench/strcat/strcat.hugs strcat.hs
touch strcat.hugs_run

=================================================================
COMMAND LINE (%A is single numeric argument):

 /usr/bin/runhugs $HUGS_FLAGS +l strcat %A
************************************************************
*   TEST (strcat.hugs_run) FAILED:  strcat.hugs_out differs from Output.10000
************************************************************
-rw-r--r--  1 brent brent 6 Apr  2 03:13 Output.10000
-rw-r--r--  1 brent brent 0 Apr 13 05:38 strcat.hugs_out
************************************************************
*   TEST (strcat.hugs_run) FAILED:  strcat.hugs_out differs from Output.10000
************************************************************
-rw-r--r--  1 brent brent 6 Apr  2 03:13 Output.10000
-rw-r--r--  1 brent brent 0 Apr 13 05:38 strcat.hugs_out


PROGRAM OUTPUT
==============
240000
