BUILD COMMANDS FOR: strcat.mlton

Sun May  8 17:14:09 PDT 2005

cp /opt/shootout/shootout/bench/strcat/strcat.mlton strcat.sml
echo 'Include/mlton-src/lib.mlb strcat.sml' >strcat.mlb
/usr/bin/mlton  -output strcat.mlton_run strcat.mlb
Error: strcat.mlb 1.1.
  File Include/mlton-src/lib.mlb does not exist.
Error: strcat.sml 7.19.
  Undefined structure Int.
Error: strcat.sml 7.39.
  Undefined constructor SOME.
Error: strcat.sml 7.51.
  Undefined variable num.
Error: strcat.sml 8.17.
  Undefined variable print.
Error: strcat.sml 8.37.
  Non-constructor applied to argument in pattern.
    in: h :: t
Error: strcat.sml 8.47.
  Undefined variable print.
Error: strcat.sml 8.53.
  Undefined variable h.
Error: strcat.sml 8.64.
  Undefined variable t.
Error: strcat.sml 23.17.
  Undefined type array.
Error: strcat.sml 23.23.
  Undefined type ref.
Error: strcat.sml 22.16.
  Undefined type int.
Error: strcat.sml 22.20.
  Undefined type ref.
Error: strcat.sml 27.14.
  Undefined variable !.
Error: strcat.sml 28.14.
  Undefined variable !.
Error: strcat.sml 29.15.
  Undefined structure Array.
Error: strcat.sml 30.15.
  Undefined structure Array.
Error: strcat.sml 32.14.
  Undefined variable +.
Error: strcat.sml 32.19.
  Undefined variable >=.
Error: strcat.sml 35.12.
  Undefined structure Array.
compilation aborted: too many errors
make[2]: [strcat.mlton_run] Error 1 (ignored)
rm -f strcat.mlb strcat.sml

=================================================================
COMMAND LINE (%A is single numeric argument):

strcat.mlton_run %A


PROGRAM OUTPUT
==============
240000
