BUILD COMMANDS FOR: strcat.gnat

Mon Oct 18 00:01:11 PDT 2004

cp /opt/shootout/shootout/bench/strcat/strcat.gnat strcat.adb
/usr/bin/gnatmake -f -u strcat.adb
gcc-3.4 -c strcat.adb
/usr/bin/gnatbind strcat
/usr/bin/gnatlink strcat
mv strcat strcat.gnat_run
rm strcat.adb

=================================================================
COMMAND LINE (%A is single numeric argument):

strcat.gnat_run %A
************************************************************
*   TEST (strcat.gnat) FAILED:  strcat.gnat_out differs from Output.10000
************************************************************
-rw-r--r--  1 brent brent  6 Sep 12 13:38 Output.10000
-rw-r--r--  1 brent brent 12 Oct 18 00:01 strcat.gnat_out


PROGRAM OUTPUT
==============

      60000
