BUILD COMMANDS FOR: strcat.cmucl-2.cmucl

Thu Nov  3 00:02:13 PST 2005

CMUCL built with: /usr/bin/lisp -noinit -batch -eval '(load "strcat.cmucl-2.cmucl_compile")'
### START strcat.cmucl-2.cmucl_compile
(proclaim '(optimize (speed 3) (safety 0) (debug 0) (compilation-speed 0) (space 0)))
(compile-file "strcat.cmucl-2.cmucl" :block-compile t  :entry-points '(main))
(quit)
### END strcat.cmucl-2.cmucl_compile

; Loading #P"/opt/shootout/shootout/bench/strcat/tmp/strcat.cmucl-2.cmucl_compile".

; Python version 1.1, VM version Intel x86 on 03 NOV 05 12:02:14 am.
; Compiling: /opt/shootout/shootout/bench/strcat/tmp/strcat.cmucl-2.cmucl 03 NOV 05 12:02:13 am

; Converted MAIN.
; Converted STRING-CONCAT.
; Compiling DEFUN STRING-CONCAT: 
; Byte Compiling Top-Level Form: 

; strcat.cmucl-2.x86f written.
; Compilation finished in 0:00:01.
### START strcat.cmucl-2.cmucl_run
(proclaim '(optimize (speed 3) (safety 0) (debug 0) (compilation-speed 0) (space 0)))
(setq *gc-verbose* nil)
(load "strcat.cmucl-2.x86f" :verbose nil :print nil)
(main) (quit)
### END strcat.cmucl-2.cmucl_run


=================================================================
COMMAND LINE (%A is single numeric argument):

 /usr/bin/lisp -noinit -batch -eval '(load "strcat.cmucl-2.cmucl_run" :verbose nil :print nil)' %A


PROGRAM OUTPUT
==============
240000
