BUILD COMMANDS FOR: strcat.gcl-2.gcl

Thu Nov  3 00:03:36 PST 2005

cp /opt/shootout/shootout/bench/strcat/strcat.gcl-2.gcl strcat.gcl-2.gcl
(GCL_ANSI=1; export GCL_ANSI; \
  /usr/bin/gclcvs -compile strcat.gcl-2.gcl)

;; Compiling strcat.gcl-2.gcl.
;; End of Pass 1.  
;; End of Pass 2.  
;; OPTIMIZE levels: Safety=0 (No runtime error checking), Space=0, Speed=3, (Debug quality ignored)
;; Finished compiling strcat.gcl-2.gcl.
touch strcat.gcl-2.gcl_run

=================================================================
COMMAND LINE (%A is single numeric argument):

 /usr/bin/gclcvs -batch -load strcat.o -eval '(main)' -f strcat.gcl %A
************************************************************
*   TEST HALTED - TIMEOUT AFTER --maxtime 600 SECS
************************************************************


PROGRAM OUTPUT
==============

Error in SYSTEM::GCL-TOP-LEVEL [or a callee]: Cannot open the file strcat.o.

Fast links are on: do (si::use-fast-links nil) for debugging
Broken at SYSTEM::SET-UP-TOP-LEVEL.  Type :H for Help.
 1 (Continue) Retry loading file "strcat.o".
 2 Return to top level.
dbl:>>