BUILD COMMANDS FOR: sumcol.gpp-3.gpp

Mon Jan 15 00:01:03 PST 2007

/usr/bin/g++ -c -pipe -Wall -O3 -fomit-frame-pointer -march=athlon-tbird  sumcol.gpp-3.c++ -o sumcol.gpp-3.c++.o &&  \
        /usr/bin/g++ sumcol.gpp-3.c++.o -o sumcol.gpp-3.gpp_run -L/usr/local/lib  
sumcol.gpp-3.c++:9: warning: ISO C++ forbids declaration of ‘main’ with no type

=================================================================
COMMAND LINE (%A is single numeric argument):

sumcol.gpp-3.gpp_run %A
************************************************************
*   FILE COMPARISON ERROR
************************************************************
L1: -4239

L2: -4389

************************************************************
*   TEST (sumcol.gpp-3.gpp_run) FAILED - ERROR:  sumcol.gpp-3.gpp_out differs from Output.400
************************************************************
-rw-r--r-- 1 brent brent 6 2007-01-14 23:41 Output.400
-rw-r--r-- 1 brent brent 6 2007-01-15 00:01 sumcol.gpp-3.gpp_out


PROGRAM OUTPUT
==============
-4239
