BUILD COMMANDS FOR: sumcol.gcl

Sat Feb 19 02:40:48 PST 2005

cp /opt/shootout/shootout/bench/sumcol/sumcol.gcl sumcol.gcl
GCL_ANSI=1; export GCL_ANSI; \
  /usr/bin/gclcvs -compile sumcol.gcl

Compiling sumcol.gcl.
End of Pass 1.  
End of Pass 2.  
OPTIMIZE levels: Safety=0 (No runtime error checking), Space=0, Speed=3, (Debug quality ignored)
Finished compiling sumcol.gcl.
touch sumcol.gcl_run

=================================================================
COMMAND LINE (%A is single numeric argument):

 /usr/bin/gclcvs -batch -load sumcol.o -eval '(main)' -f sumcol.gcl %A
************************************************************
*   TEST (sumcol.gcl) FAILED:  sumcol.gcl_out differs from Output.400
************************************************************
-rw-r--r--  1 brent brent 0 Feb 19 02:34 Output.400
-rw-r--r--  1 brent brent 7 Feb 19 02:41 sumcol.gcl_out


PROGRAM OUTPUT
==============
200000
