BUILD COMMANDS FOR: sumcol.g95

Sat Sep 17 14:06:56 PDT 2005

/usr/bin/gfortran-4.0 -pipe -Wall -O3 -fomit-frame-pointer -funroll-loops  sumcol.f90 -o sumcol.g95_run
rm sumcol.f90
rm: cannot remove `sumcol.f90': No such file or directory
make[3]: [sumcol.g95_run] Error 1 (ignored)

=================================================================
COMMAND LINE (%A is single numeric argument):

sumcol.g95_run %A
************************************************************
*   TEST (sumcol.g95_run) FAILED - ERROR:  sumcol.g95_out differs from Output.400
************************************************************
-rw-r--r--  1 brent brent 0 Sep 17 13:52 Output.400
-rw-r--r--  1 brent brent 7 Sep 17 14:07 sumcol.g95_out
************************************************************
*   TEST (sumcol.g95_run) FAILED - ERROR:  sumcol.g95_out differs from Output.400
************************************************************
-rw-r--r--  1 brent brent 0 Sep 17 13:52 Output.400
-rw-r--r--  1 brent brent 7 Sep 17 14:07 sumcol.g95_out


PROGRAM OUTPUT
==============
200000
