BUILD COMMANDS FOR: sumcol.gpp-2.gpp

Mon Sep 19 01:40:12 PDT 2005

/usr/bin/g++-4.0 -c -pipe -Wall -O3 -fomit-frame-pointer -funroll-loops  sumcol.gpp-2.c++ -o sumcol.gpp-2.c++.o &&  \
        /usr/bin/g++-4.0 sumcol.gpp-2.c++.o -o sumcol.gpp-2.gpp_run -L/usr/local/lib  
g++-4.0: sumcol.gpp-2.c++.o: No such file or directory
g++-4.0: no input files
make[3]: [sumcol.gpp-2.gpp_run] Error 1 (ignored)

=================================================================
COMMAND LINE (%A is single numeric argument):

sumcol.gpp-2.gpp_run %A
************************************************************
*   TEST (sumcol.gpp-2.gpp_run) FAILED - ERROR:  sumcol.gpp-2.gpp_out differs from Output.400
************************************************************
-rw-r--r--  1 brent brent 0 Sep 17 13:52 Output.400
-rw-r--r--  1 brent brent 7 Sep 19 01:40 sumcol.gpp-2.gpp_out
************************************************************
*   TEST (sumcol.gpp-2.gpp_run) FAILED - ERROR:  sumcol.gpp-2.gpp_out differs from Output.400
************************************************************
-rw-r--r--  1 brent brent 0 Sep 17 13:52 Output.400
-rw-r--r--  1 brent brent 7 Sep 19 01:40 sumcol.gpp-2.gpp_out


PROGRAM OUTPUT
==============
200000
