BUILD COMMANDS FOR: sumcol.pike

Mon Sep 19 01:43:23 PDT 2005

rm -f sumcol.o
cp /opt/shootout/shootout/bench/sumcol/sumcol.pike sumcol.pike
/usr/bin/pike -x dump sumcol.pike
touch sumcol.pike_run

=================================================================
COMMAND LINE (%A is single numeric argument):

 /usr/bin/pike sumcol.pike %A
************************************************************
*   TEST (sumcol.pike_run) FAILED - ERROR:  sumcol.pike_out differs from Output.400
************************************************************
-rw-r--r--  1 brent brent 0 Sep 17 13:52 Output.400
-rw-r--r--  1 brent brent 7 Sep 19 01:43 sumcol.pike_out
************************************************************
*   TEST (sumcol.pike_run) FAILED - ERROR:  sumcol.pike_out differs from Output.400
************************************************************
-rw-r--r--  1 brent brent 0 Sep 17 13:52 Output.400
-rw-r--r--  1 brent brent 7 Sep 19 01:43 sumcol.pike_out


PROGRAM OUTPUT
==============
200000
