BUILD COMMANDS FOR: sumcol.mzscheme

Mon Sep 19 01:41:45 PDT 2005

cp /opt/shootout/shootout/bench/sumcol/sumcol.mzscheme sumcol.ss
cp sumcol.ss sumcol.mzscheme_run
rm sumcol.ss

=================================================================
COMMAND LINE (%A is single numeric argument):

sumcol.mzscheme_run %A
************************************************************
*   TEST (sumcol.mzscheme_run) FAILED - ERROR:  sumcol.mzscheme_out differs from Output.1000
************************************************************
-rw-r--r--  1 brent brent 7 Sep 17 14:07 Output.1000
-rw-r--r--  1 brent brent 0 Sep 19 01:42 sumcol.mzscheme_out
************************************************************
*   FILE COMPARISON ERROR
************************************************************
L1: 500000

L2: 200000

************************************************************
*   TEST (sumcol.mzscheme_run) FAILED - ERROR:  sumcol.mzscheme_out differs from Output.1000
************************************************************
-rw-r--r--  1 brent brent 7 Sep 17 14:07 Output.1000
-rw-r--r--  1 brent brent 7 Sep 19 01:42 sumcol.mzscheme_out


PROGRAM OUTPUT
==============
500000
