BUILD COMMANDS FOR: sumcol.objc

Mon Jan 15 00:03:22 PST 2007

cp /opt/shootout/shootout/bench/sumcol/sumcol.objc sumcol.m
/usr/bin/gcc -pipe -Wall -O3 -fomit-frame-pointer -march=athlon-tbird -lobjc  sumcol.m -o sumcol.objc_run
sumcol.m: In function ‘-[Sumcol read:stdin]’:
sumcol.m:25: warning: control reaches end of non-void function
sumcol.m: In function ‘-[Sumcol print:result]’:
sumcol.m:29: warning: control reaches end of non-void function
rm sumcol.m

=================================================================
COMMAND LINE (%A is single numeric argument):

sumcol.objc_run %A
************************************************************
*   FILE COMPARISON ERROR
************************************************************
L1: -4239

L2: -4389

************************************************************
*   TEST (sumcol.objc_run) FAILED - ERROR:  sumcol.objc_out differs from Output.400
************************************************************
-rw-r--r-- 1 brent brent 6 2007-01-14 23:41 Output.400
-rw-r--r-- 1 brent brent 6 2007-01-15 00:03 sumcol.objc_out


PROGRAM OUTPUT
==============
-4239
