BUILD COMMANDS FOR: sumcol.bigloo

Sun Jan 14 23:57:57 PST 2007

cp /opt/shootout/shootout/bench/sumcol/sumcol.bigloo sumcol.scm
rm -f sumcol.bigloo_run
/usr/bin/bigloo -fsharing -Obench -unsafe  sumcol.scm -o sumcol.bigloo_run

=================================================================
COMMAND LINE (%A is single numeric argument):

sumcol.bigloo_run %A
************************************************************
*   FILE COMPARISON ERROR
************************************************************
L1: -4239

L2: -4389

************************************************************
*   TEST (sumcol.bigloo_run) FAILED - ERROR:  sumcol.bigloo_out differs from Output.400
************************************************************
-rw-r--r-- 1 brent brent 6 2007-01-14 23:41 Output.400
-rw-r--r-- 1 brent brent 6 2007-01-14 23:58 sumcol.bigloo_out


PROGRAM OUTPUT
==============
-4239
