BUILD COMMANDS FOR: sumcol.dlang-2.dlang

Sun Jan 14 23:58:13 PST 2007

cp /opt/shootout/shootout/bench/sumcol/sumcol.dlang-2.dlang sumcol.d
/usr/bin/dmd -O -inline -release  -ofsumcol.dlang-2.dlang_run sumcol.d
gcc sumcol.o -o sumcol.dlang-2.dlang_run -m32 -lphobos -lpthread -lm 

=================================================================
COMMAND LINE (%A is single numeric argument):

sumcol.dlang-2.dlang_run %A
************************************************************
*   FILE COMPARISON ERROR
************************************************************
L1: -4239

L2: -4389

************************************************************
*   TEST (sumcol.dlang-2.dlang_run) FAILED - ERROR:  sumcol.dlang-2.dlang_out differs from Output.400
************************************************************
-rw-r--r-- 1 brent brent 6 2007-01-14 23:41 Output.400
-rw-r--r-- 1 brent brent 6 2007-01-14 23:58 sumcol.dlang-2.dlang_out


PROGRAM OUTPUT
==============
-4239
