BUILD COMMANDS FOR: sumcol.sbcl-4.sbcl

Wed Dec  5 23:35:58 PST 2007

SBCL built with: /usr/bin/sbcl --userinit /dev/null --sysinit /dev/null -batch -eval '(load "sumcol.sbcl-4.sbcl_compile")'
### START sumcol.sbcl-4.sbcl_compile
(proclaim '(optimize (speed 3) (safety 0) (debug 0) (compilation-speed 0) (space 0)))
(asdf:operate 'asdf:load-op 'cl-ppcre)
(handler-bind ((sb-ext:defconstant-uneql      (lambda (c) (abort c))))      (load (compile-file "sumcol.sbcl-4.sbcl" ))) (save-lisp-and-die "sbcl.core" :purify t)
### END sumcol.sbcl-4.sbcl_compile

; loading system definition from /usr/share/common-lisp/systems/cl-ppcre.asd
; into #<PACKAGE "ASDF0">
; registering #<SYSTEM :CL-PPCRE {A8E1349}> as CL-PPCRE
; compiling file "/opt/shootout/shootout/bench/sumcol/tmp/sumcol.sbcl-4.sbcl" (written 05 DEC 2007 11:35:58 PM):
; compiling (DEFUN MAIN ...)

; /opt/shootout/shootout/bench/sumcol/tmp/sumcol.sbcl-4.fasl written
; compilation finished in 0:00:00
[doing purification: roots handlers stack bindings static cleanup done]
[undoing binding stack and other enclosing state... done]
[saving current Lisp image into /opt/shootout/shootout/bench/sumcol/tmp/sbcl.core:
writing 21555256 bytes from the read-only space at 0x01000000
writing 5496448 bytes from the static space at 0x05000000
writing 4096 bytes from the dynamic space at 0x09000000
done]
### START sumcol.sbcl-4.sbcl_run
(proclaim '(optimize (speed 3) (safety 0) (debug 0) (compilation-speed 0) (space 0)))
(main) (quit)
### END sumcol.sbcl-4.sbcl_run


=================================================================
COMMAND LINE (%A is single numeric argument):

 /usr/bin/sbcl --noinform --core sbcl.core --userinit /dev/null --sysinit /dev/null --load sumcol.sbcl-4.sbcl_run %A


PROGRAM OUTPUT
==============
10500000
