BUILD COMMANDS FOR: sumcol.mzc

Sun Jan 22 11:42:11 PST 2006

cp /opt/shootout/shootout/bench/sumcol/sumcol.mzscheme sumcol.ss
/usr/bin/mzc sumcol.ss
mzc version 301, Copyright (c) 2004-2005 PLT Scheme Inc.
"sumcol.ss": 
 [output to "./sumcol.so"]
echo "#!/usr/bin/mzscheme -r" > sumcol.mzc_run
echo "(load-extension \"sumcol.so\")" >> sumcol.mzc_run
chmod a+rwx sumcol.mzc_run
rm sumcol.ss

=================================================================
COMMAND LINE (%A is single numeric argument):

sumcol.mzc_run %A
standard-module-name-resolver: collection not found: "readline" in any of: (#<path:/home/brent/.plt-scheme/301/collects> #<path:/usr/lib/plt/collects>)
standard-module-name-resolver: collection not found: "readline" in any of: (#<path:/home/brent/.plt-scheme/301/collects> #<path:/usr/lib/plt/collects>)
standard-module-name-resolver: collection not found: "readline" in any of: (#<path:/home/brent/.plt-scheme/301/collects> #<path:/usr/lib/plt/collects>)
standard-module-name-resolver: collection not found: "readline" in any of: (#<path:/home/brent/.plt-scheme/301/collects> #<path:/usr/lib/plt/collects>)
standard-module-name-resolver: collection not found: "readline" in any of: (#<path:/home/brent/.plt-scheme/301/collects> #<path:/usr/lib/plt/collects>)
standard-module-name-resolver: collection not found: "readline" in any of: (#<path:/home/brent/.plt-scheme/301/collects> #<path:/usr/lib/plt/collects>)
standard-module-name-resolver: collection not found: "readline" in any of: (#<path:/home/brent/.plt-scheme/301/collects> #<path:/usr/lib/plt/collects>)
standard-module-name-resolver: collection not found: "readline" in any of: (#<path:/home/brent/.plt-scheme/301/collects> #<path:/usr/lib/plt/collects>)
standard-module-name-resolver: collection not found: "readline" in any of: (#<path:/home/brent/.plt-scheme/301/collects> #<path:/usr/lib/plt/collects>)
standard-module-name-resolver: collection not found: "readline" in any of: (#<path:/home/brent/.plt-scheme/301/collects> #<path:/usr/lib/plt/collects>)
standard-module-name-resolver: collection not found: "readline" in any of: (#<path:/home/brent/.plt-scheme/301/collects> #<path:/usr/lib/plt/collects>)
standard-module-name-resolver: collection not found: "readline" in any of: (#<path:/home/brent/.plt-scheme/301/collects> #<path:/usr/lib/plt/collects>)


PROGRAM OUTPUT
==============
4000000
