BUILD COMMANDS FOR: sumcol.sbcl-3.sbcl

Wed Dec  5 23:33:23 PST 2007

SBCL built with: /usr/bin/sbcl --userinit /dev/null --sysinit /dev/null -batch -eval '(load "sumcol.sbcl-3.sbcl_compile")'
### START sumcol.sbcl-3.sbcl_compile
(proclaim '(optimize (speed 3) (safety 0) (debug 0) (compilation-speed 0) (space 0)))
(asdf:operate 'asdf:load-op 'cl-ppcre)
(handler-bind ((sb-ext:defconstant-uneql      (lambda (c) (abort c))))      (load (compile-file "sumcol.sbcl-3.sbcl" ))) (save-lisp-and-die "sbcl.core" :purify t)
### END sumcol.sbcl-3.sbcl_compile

; loading system definition from /usr/share/common-lisp/systems/cl-ppcre.asd
; into #<PACKAGE "ASDF0">
; registering #<SYSTEM :CL-PPCRE {A8E1349}> as CL-PPCRE
; compiling file "/opt/shootout/shootout/bench/sumcol/tmp/sumcol.sbcl-3.sbcl" (written 05 DEC 2007 11:33:23 PM):
; compiling (DEFUN MAIN ...)
; file: /opt/shootout/shootout/bench/sumcol/tmp/sumcol.sbcl-3.sbcl
; in: DEFUN MAIN
;     (LOOP FOR LINE = (READ-LINE *STANDARD-INPUT* NIL) WHILE (NOT (EQ LINE NIL))
;         SUMMING (PARSE-INTEGER LINE) INTO TOTAL FINALLY ...)
; --> BLOCK LET LET SB-LOOP::LOOP-BODY TAGBODY SETQ THE 
; ==>
;   (+ TOTAL (PARSE-INTEGER LINE))
; 
; note: forced to do GENERIC-+ (cost 10)
;       unable to do inline fixnum arithmetic (cost 2) because:
;       The first argument is a INTEGER, not a FIXNUM.
;       The second argument is a INTEGER, not a FIXNUM.
;       The result is a (VALUES INTEGER &OPTIONAL), not a (VALUES FIXNUM &REST T).
;       unable to do inline (signed-byte 32) arithmetic (cost 5) because:
;       The first argument is a INTEGER, not a (SIGNED-BYTE 32).
;       The second argument is a INTEGER, not a (SIGNED-BYTE 32).
;       The result is a (VALUES INTEGER &OPTIONAL), not a (VALUES
;                                                          (SIGNED-BYTE 32) &REST
;                                                          T).
;       etc.
; 
; compilation unit finished
;   printed 1 note


; /opt/shootout/shootout/bench/sumcol/tmp/sumcol.sbcl-3.fasl written
; compilation finished in 0:00:00
[doing purification: roots handlers stack bindings static cleanup done]
[undoing binding stack and other enclosing state... done]
[saving current Lisp image into /opt/shootout/shootout/bench/sumcol/tmp/sbcl.core:
writing 21556424 bytes from the read-only space at 0x01000000
writing 5502208 bytes from the static space at 0x05000000
writing 4096 bytes from the dynamic space at 0x09000000
done]
### START sumcol.sbcl-3.sbcl_run
(proclaim '(optimize (speed 3) (safety 0) (debug 0) (compilation-speed 0) (space 0)))
(main) (quit)
### END sumcol.sbcl-3.sbcl_run


=================================================================
COMMAND LINE (%A is single numeric argument):

 /usr/bin/sbcl --noinform --core sbcl.core --userinit /dev/null --sysinit /dev/null --load sumcol.sbcl-3.sbcl_run %A


PROGRAM OUTPUT
==============
10500000
