BUILD COMMANDS FOR: sumcol.icon

Mon Jan 15 00:02:15 PST 2007

cp /opt/shootout/shootout/bench/sumcol/sumcol.icon sumcol.icn
(unset STRSIZE BLOCKSIZE COEXPSIZE MSTKSIZE TRACE NOERRBUF ; \
	/usr/bin/icont -o sumcol.icon_run sumcol.icn )
Translating:
sumcol.icn:
  main
No errors
Linking:
rm sumcol.icn

=================================================================
COMMAND LINE (%A is single numeric argument):

 unset STRSIZE BLOCKSIZE COEXPSIZE TRACE NOERRBUF;export MSTKSIZE=250000;sumcol.icon_run %A

Run-time error 102
File sumcol.icn; Line 7
numeric expected
offending value: ""
Traceback:
main(list_1 = ["400"])
{0 + ""} from line 7 in sumcol.icnTEST FAILED - Child processed exited with error code (1)


PROGRAM OUTPUT
==============
