BUILD COMMANDS FOR: sumcol.erlang

Wed Sep 21 03:52:20 PDT 2005

cp /opt/shootout/shootout/bench/sumcol/sumcol.erlang sumcol.erl
(if [ "sumcol" = "lists" ]; then		\
    mv lists.erl lists_test.erl;	\
    /usr/bin/erlc lists_test.erl;		\
else					\
    /usr/bin/erlc sumcol.erl;			\
fi)
rm sumcol.erl

=================================================================
COMMAND LINE (%A is single numeric argument):

 /usr/bin/erl -noinput -noshell -run sumcol main %A
************************************************************
*   TEST (sumcol.erlang_run) FAILED - ERROR:  sumcol.erlang_out differs from Output.700
************************************************************
-rw-r--r--  1 brent brent 7 Sep 20 22:33 Output.700
-rw-r--r--  1 brent brent 0 Sep 21 03:52 sumcol.erlang_out
************************************************************
*   TEST HALTED - TIMEOUT AFTER --maxtime 600 SECS
************************************************************


PROGRAM OUTPUT
==============
4000000
