BUILD COMMANDS FOR: sumcol.sbcl

Sat Feb 19 02:54:02 PST 2005

SBCL built with: /usr/bin/sbcl --userinit /dev/null --sysinit /dev/null -batch -eval '(load "sumcol.sbcl_compile")'
### START sumcol.sbcl_compile
(proclaim '(optimize (speed 3) (safety 0) (debug 0) (compilation-speed 0) (space 0)))
(handler-bind ((sb-ext:defconstant-uneql      (lambda (c) (abort c))))      (load (compile-file "sumcol.sbcl" ))) (save-lisp-and-die "sbcl.core" :purify t)
### END sumcol.sbcl_compile

; compiling file "/opt/shootout/shootout/bench/sumcol/tmp/sumcol.sbcl" (written 19 FEB 2005 02:54:02 AM):
; recognizing DEFUN MAIN
; compiling DEFUN MAIN: 
; compiling top level form: 

; /opt/shootout/shootout/bench/sumcol/tmp/sumcol.fasl written
; compilation finished in 0:00:01
[doing purification: roots handlers stack bindings static cleanup done]
[undoing binding stack and other enclosing state... done]
[saving current Lisp image into /opt/shootout/shootout/bench/sumcol/tmp/sbcl.core:
writing 20029064 bytes from the read-only space at 0x01000000
writing 6198208 bytes from the static space at 0x05000000
writing 4096 bytes from the dynamic space at 0x09000000
done]
### START sumcol.sbcl_run
(proclaim '(optimize (speed 3) (safety 0) (debug 0) (compilation-speed 0) (space 0)))
(main) (quit)
### END sumcol.sbcl_run


=================================================================
COMMAND LINE (%A is single numeric argument):

 /usr/bin/sbcl --noinform --core sbcl.core --userinit /dev/null --sysinit /dev/null --load sumcol.sbcl_run %A
************************************************************
*   TEST (sumcol.sbcl) FAILED:  sumcol.sbcl_out differs from Output.400
************************************************************
-rw-r--r--  1 brent brent 0 Feb 19 02:34 Output.400
-rw-r--r--  1 brent brent 7 Feb 19 02:54 sumcol.sbcl_out


PROGRAM OUTPUT
==============
200000
