BUILD COMMANDS FOR: sumcol.oz

Sun Oct 30 23:48:15 PST 2005

cp /opt/shootout/shootout/bench/sumcol/sumcol.oz sumcol.oz
/usr/bin/ozc  -x sumcol.oz
Mozart Compiler 1.3.1 (20050826) playing Oz 3

%%% feeding file sumcol.oz

%******************** binding analysis warning ******************
%**
%** local variable OS used only once
%**
%** in file "./sumcol.oz", line 8, column 4
% -------------------- accepted
mv sumcol sumcol.oz_run
rm sumcol.oz

=================================================================
COMMAND LINE (%A is single numeric argument):

sumcol.oz_run %A


PROGRAM OUTPUT
==============
4000000
