BUILD COMMANDS FOR: sumcol.gij

Sun May 15 13:36:35 PDT 2005

if [ ! -d sumcol.gij_run ] ; then mkdir sumcol.gij_run ; fi
cp /opt/shootout/shootout/bench/sumcol/sumcol.gij sumcol.gij_run/sumcol.java
( cd sumcol.gij_run ; /usr/bin/gcj-3.4 -C -classpath '.' sumcol.java )
touch sumcol.gij_run

=================================================================
COMMAND LINE (%A is single numeric argument):

 /usr/bin/gij-3.4 --classpath sumcol.gij_run sumcol %A
************************************************************
*   FILE COMPARISON ERROR
************************************************************
L1: 350000

L2: 200000

************************************************************
*   TEST (sumcol.gij_run) FAILED - ERROR:  sumcol.gij_out differs from Output.400
************************************************************
-rw-r--r--  1 brent brent 7 Apr  2 03:36 Output.400
-rw-r--r--  1 brent brent 0 May 15 13:56 sumcol.gij_out
************************************************************
*   TEST HALTED - TIMEOUT AFTER --maxtime 600 SECS
************************************************************
************************************************************
*   TEST HALTED - TIMEOUT AFTER --maxtime 600 SECS
************************************************************
************************************************************
*   TEST HALTED - TIMEOUT AFTER --maxtime 600 SECS
************************************************************
************************************************************
*   TEST HALTED - TIMEOUT AFTER --maxtime 600 SECS
************************************************************
************************************************************
*   TEST HALTED - TIMEOUT AFTER --maxtime 600 SECS
************************************************************


PROGRAM OUTPUT
==============
4000000
