BUILD COMMANDS FOR: sumcol.scala

Tue Jan 16 15:43:57 PST 2007

( if [ ! -d sumcol.scala_run ] ; then mkdir sumcol.scala_run ; fi)
cp /opt/shootout/shootout/bench/sumcol/sumcol.scala sumcol.scala_run/sumcol.scala
( cd sumcol.scala_run ; /usr/bin/scalac -target:jvm-1.5 -Xcloselim sumcol.scala )
touch sumcol.scala_run

=================================================================
COMMAND LINE (%A is single numeric argument):

 JAVACMD="/usr/lib/j2se/1.5/bin/java -server" /usr/bin/scala -classpath sumcol.scala_run sumcol %A
java.lang.NumberFormatException: For input string: ""
	at java.lang.NumberFormatException.forInputString(NumberFormatException.java:48)
	at java.lang.Integer.parseInt(Integer.java:468)
	at java.lang.Integer.parseInt(Integer.java:497)
	at sumcol$.main(sumcol.scala:18)
	at sumcol.main(sumcol.scala)
	at sun.reflect.NativeMethodAccessorImpl.invoke0(Native Method)
	at sun.reflect.NativeMethodAccessorImpl.invoke(NativeMethodAccessorImpl.java:39)
	at sun.reflect.DelegatingMethodAccessorImpl.invoke(DelegatingMethodAccessorImpl.java:25)
	at java.lang.reflect.Method.invoke(Method.java:585)
	at scala.tools.nsc.ObjectRunner$.run(ObjectRunner.scala:76)
	at scala.tools.nsc.MainGenericRunner$.main(MainGenericRunner.scala:100)
	at scala.tools.nsc.MainGenericRunner.main(MainGenericRunner.scala)
************************************************************
*   TEST (sumcol.scala_run) FAILED - ERROR:  sumcol.scala_out differs from Output.400
************************************************************
-rw-r--r-- 1 brent brent 6 2007-01-14 23:41 Output.400
-rw-r--r-- 1 brent brent 0 2007-01-16 15:44 sumcol.scala_out


PROGRAM OUTPUT
==============
