BUILD COMMANDS FOR: takfp.sbcl

Mon Sep 19 03:19:57 PDT 2005

SBCL built with: /usr/bin/sbcl --userinit /dev/null --sysinit /dev/null -batch -eval '(load "takfp.sbcl_compile")'
### START takfp.sbcl_compile
(proclaim '(optimize (speed 3) (safety 0) (debug 0) (compilation-speed 0) (space 0)))
(handler-bind ((sb-ext:defconstant-uneql      (lambda (c) (abort c))))      (load (compile-file "takfp.sbcl" ))) (save-lisp-and-die "sbcl.core" :purify t)
### END takfp.sbcl_compile


; compiling file "/opt/shootout/shootout/bench/takfp/tmp/takfp.sbcl" (written 19 SEP 2005 03:19:57 AM):
; compiling (DECLAIM (OPTIMIZE # ...))
; compiling (DEFUN TAK ...)
; file: /opt/shootout/shootout/bench/takfp/tmp/takfp.sbcl
; in: DEFUN TAK
;     (DEFUN TAK (X Y Z)
;     (DECLARE (SINGLE-FLOAT X Y Z))
;     (IF (NOT (< Y X))
;         Z
;         (TAK (TAK (- X 1) Y Z) (TAK (- Y 1) Z X) (TAK (- Z 1) X Y))))
; --> PROGN EVAL-WHEN SB-IMPL::%DEFUN SB-IMPL::%DEFUN SB-INT:NAMED-LAMBDA 
; ==>
;   #'(SB-INT:NAMED-LAMBDA TAK
;                          (X Y Z)
;                          (DECLARE (SINGLE-FLOAT X Y Z))
;                          (BLOCK TAK
;                            (IF (NOT (< Y X))
;                                Z
;                                (TAK (TAK # Y Z) (TAK # Z X) (TAK # X Y)))))
; 
; note: doing float to pointer coercion (cost 13) from Z to "<return value>"

; compiling (DEFUN MAIN ...)
; file: /opt/shootout/shootout/bench/takfp/tmp/takfp.sbcl
; in: DEFUN MAIN
;     (LAST *POSIX-ARGV*)
; ==>
;   (SB-IMPL::LAST1 *POSIX-ARGV*)
; 
; caught STYLE-WARNING:
;   Assignment to argument: LIST
;     prevents use of assertion from function type previous declaration:
;     LIST
;   

;     (* 1.0 (PARSE-INTEGER (OR (CAR (LAST *POSIX-ARGV*)) "1")))
; --> * * FLOAT 
; ==>
;   (SB-KERNEL:%SINGLE-FLOAT SB-C::N)
; 
; note: forced to do full call
;       unable to do inline float coercion (cost 5) because:
;       The first argument is a INTEGER, not a (SIGNED-BYTE 32).
;       unable to do inline float coercion (cost 6) because:
;       The first argument is a INTEGER, not a (UNSIGNED-BYTE 32).

;     (TAK (* N 3.0) (* N 2.0) (* N 1.0))
; 
; note: doing float to pointer coercion (cost 13)
; 
; note: doing float to pointer coercion (cost 13)
; 
; compilation unit finished
;   caught 1 STYLE-WARNING condition
;   printed 4 notes


; /opt/shootout/shootout/bench/takfp/tmp/takfp.fasl written
; compilation finished in 0:00:00
[doing purification: roots handlers stack bindings static cleanup done]
[undoing binding stack and other enclosing state... done]
[saving current Lisp image into /opt/shootout/shootout/bench/takfp/tmp/sbcl.core:
writing 20833504 bytes from the read-only space at 0x01000000
writing 6673736 bytes from the static space at 0x05000000
writing 4096 bytes from the dynamic space at 0x09000000
done]
### START takfp.sbcl_run
(proclaim '(optimize (speed 3) (safety 0) (debug 0) (compilation-speed 0) (space 0)))
(main) (quit)
### END takfp.sbcl_run


=================================================================
COMMAND LINE (%A is single numeric argument):

 /usr/bin/sbcl --noinform --core sbcl.core --userinit /dev/null --sysinit /dev/null --load takfp.sbcl_run %A


PROGRAM OUTPUT
==============
11.0
