BUILD COMMANDS FOR: takfp.hipe

Mon Sep 19 01:44:54 PDT 2005

cp /opt/shootout/shootout/bench/takfp/takfp.erlang takfp.erl
(if [ "takfp" = "lists" ]; then		\
    mv lists.erl lists_test.erl;	\
    /usr/bin/erlc +native +"{hipe, [o3]}" lists_test.erl;	\
else					\
    /usr/bin/erlc +native +"{hipe, [o3]}" takfp.erl;	\
fi)
./takfp.erl:none: Warning: this system is not configured for native-code compilation.
rm takfp.erl

=================================================================
COMMAND LINE (%A is single numeric argument):

 /usr/bin/erl -noinput -noshell -noshell -run takfp main %A
************************************************************
*   TEST (takfp.hipe_run) FAILED - ERROR:  takfp.hipe_out differs from Output.8
************************************************************
-rw-r--r--  1 brent brent 4 Sep 17 14:12 Output.8
-rw-r--r--  1 brent brent 0 Sep 19 01:44 takfp.hipe_out


PROGRAM OUTPUT
==============
11.0
