BUILD COMMANDS FOR: takfp.gpp

Mon Sep 19 01:44:49 PDT 2005

/usr/bin/g++-4.0 -c -pipe -Wall -O3 -fomit-frame-pointer -funroll-loops  takfp.c++ -o takfp.c++.o &&  \
        /usr/bin/g++-4.0 takfp.c++.o -o takfp.gpp_run -L/usr/local/lib  
/usr/bin/ld: BFD 2.16.91 20050902 Debian GNU/Linux internal error, aborting at ../../bfd/cache.c line 496 in bfd_cache_lookup_worker

/usr/bin/ld: Please report this bug.

collect2: ld returned 1 exit status
make[3]: [takfp.gpp_run] Error 1 (ignored)

=================================================================
COMMAND LINE (%A is single numeric argument):

takfp.gpp_run %A
Error, could not exec takfp.gpp_run 8 (No such file or directory)
PATH=/opt/shootout/shootout/bench/takfp:/opt/shootout/shootout/bench/takfp/tmp:/opt/xds_x86/bin:/opt/intel_fc_80/bin:/opt/intel_cc_80/bin:/usr/lib/poplog/current-poplog/pop/pop:/usr/local/Acrobat5/bin:/usr/lib/postgresql/bin:/home/brent/GNUstep/Tools:/usr/local/lib/GNUstep/Local/Tools:/usr/local/lib/GNUstep/Network/Tools:/usr/lib/GNUstep/System/Tools:/usr/local/bin:/usr/bin:/bin:/usr/bin/X11:/usr/games:/usr/lib/poplog/current-poplog/pop/com
************************************************************
*   TEST (takfp.gpp_run) FAILED - ERROR:  takfp.gpp_out differs from Output.8
************************************************************
-rw-r--r--  1 brent brent 4 Sep 17 14:12 Output.8
-rw-r--r--  1 brent brent 0 Sep 19 01:44 takfp.gpp_out
TEST FAILED - Child processed exited with error code (1)


PROGRAM OUTPUT
==============
