BUILD COMMANDS FOR: takfp.cmucl

Fri Nov 26 17:55:05 PST 2004

CMUCL built with: /usr/bin/lisp -noinit -batch -eval '(load "takfp.cmucl_compile")'
### START takfp.cmucl_compile
(proclaim '(optimize (speed 3) (safety 0) (debug 0) (compilation-speed 0) (space 0)))
(compile-file "takfp.cmucl" :block-compile t  :entry-points '(main))
(quit)
### END takfp.cmucl_compile

; Loading #p"/opt/shootout/shootout/bench/takfp/tmp/takfp.cmucl_compile".

; Python version 1.1, VM version Intel x86 on 26 NOV 04 05:55:06 pm.
; Compiling: /opt/shootout/shootout/bench/takfp/tmp/takfp.cmucl 26 NOV 04 05:55:05 pm


; Compilation unit aborted.

; Compilation aborted after 0:00:00.
Error in batch processing:
Read error in form starting at 0:
 "(declaim (optimize (speed 3) (debug 0) (safety 0) (space 0) (compilation-speed 0))"
End-of-File on #<Stream for file "/opt/shootout/shootout/bench/takfp/tmp/takfp.cmucl">
### START takfp.cmucl_run
(proclaim '(optimize (speed 3) (safety 0) (debug 0) (compilation-speed 0) (space 0)))
(setq *gc-verbose* nil)
(load "takfp.x86f" :verbose nil :print nil)
(main) (quit)
### END takfp.cmucl_run


=================================================================
COMMAND LINE (%A is single numeric argument):

 /usr/bin/lisp -noinit -batch -eval '(load "takfp.cmucl_run" :verbose nil :print nil)' %A


PROGRAM OUTPUT
==============
