BUILD COMMANDS FOR: takfp.fpascal-2.fpascal

Sat Sep 17 14:19:47 PDT 2005

cp /opt/shootout/shootout/bench/takfp/takfp.fpascal-2.fpascal takfp.fpascal-2.pas
/usr/bin/fpc -XX -Xs -O3p3r -oFPASCAL_RUN takfp.fpascal-2.pas
Free Pascal Compiler version 2.0.0 [2005/09/09] for i386
Copyright (c) 1993-2005 by Florian Klaempfl
Target OS: Linux for i386
Compiling takfp.fpascal-2.pas
Linking FPASCAL_RUN
20 Lines compiled, 1.8 sec
mv FPASCAL_RUN takfp.fpascal-2.fpascal_run
rm takfp.fpascal-2.pas

=================================================================
COMMAND LINE (%A is single numeric argument):

takfp.fpascal-2.fpascal_run %A
************************************************************
*   TEST (takfp.fpascal-2.fpascal_run) FAILED - ERROR:  takfp.fpascal-2.fpascal_out differs from Output.9
************************************************************
-rw-r--r--  1 brent brent 5 Sep 17 14:12 Output.9


PROGRAM OUTPUT
==============
11.0
