BUILD COMMANDS FOR: takfp.gij

Fri Jan 13 02:10:43 PST 2006

if [ ! -d takfp.gij_run ] ; then mkdir takfp.gij_run ; fi
cp /opt/shootout/shootout/bench/takfp/takfp.gij takfp.gij_run/takfp.java
( cd takfp.gij_run ; /usr/bin/gcj -C -classpath '.' takfp.java )
/bin/sh: /usr/bin/gcj: No such file or directory
make[3]: [takfp.gij_run] Error 127 (ignored)
touch takfp.gij_run

=================================================================
COMMAND LINE (%A is single numeric argument):

 /usr/bin/gij --classpath takfp.gij_run takfp %A
Exception in thread "main" java.lang.NoClassDefFoundError: takfp
   at gnu.java.lang.MainThread.run() (/usr/lib/libgcj.so.6.0.0)
Caused by: java.lang.ClassNotFoundException: takfp not found in gnu.gcj.runtime.SystemClassLoader{urls=[file:takfp.gij_run/], parent=gnu.gcj.runtime.ExtensionClassLoader{urls=[], parent=null}}
   at java.net.URLClassLoader.findClass(java.lang.String) (/usr/lib/libgcj.so.6.0.0)
   at java.lang.ClassLoader.loadClass(java.lang.String, boolean) (/usr/lib/libgcj.so.6.0.0)
   at java.lang.ClassLoader.loadClass(java.lang.String) (/usr/lib/libgcj.so.6.0.0)
   at java.lang.Class.forName(java.lang.String, boolean, java.lang.ClassLoader) (/usr/lib/libgcj.so.6.0.0)
   at gnu.java.lang.MainThread.run() (/usr/lib/libgcj.so.6.0.0)
TEST FAILED - Child processed exited with error code (1)


PROGRAM OUTPUT
==============
