BUILD COMMANDS FOR: takfp.nice

Thu Dec  9 23:07:18 PST 2004

JAVA=/usr/lib/j2sdk1.4.2_05/bin/java /usr/bin/nicec --source ../.. -d takfp.nice_run.tmp -a takfp.nice_run.tmp/o.jar takfp

Classpath component takfp.nice_run.tmp does not exist

Path /opt/shootout/shootout/bench/takfp/tmp/takfp.nice_run.tmp does not exist
nice.lang: parsing
ackermann: parsing
takfp: parsing
ackermann: typechecking
ackermann: generating code
takfp: typechecking
takfp: generating code
takfp: linking
takfp: writing in archive
ackermann: writing in archive
nice.lang: writing in archive
touch takfp.nice_run

=================================================================
COMMAND LINE (%A is single numeric argument):

 /usr/lib/j2sdk1.4.2_05/bin/java $JAVAOPTS -jar takfp.nice_run.tmp/o.jar %A


PROGRAM OUTPUT
==============
11.0
