BUILD COMMANDS FOR: tcpecho.nice

Sat Nov 19 22:41:59 PST 2005

( if [ ! -d tcpecho.nice_run ] ; then mkdir nice_build ; mkdir nice_build/tcpecho ; fi)
cp /opt/shootout/shootout/bench/tcpecho/tcpecho.nice nice_build/tcpecho/tcpecho.nice
( cd nice_build/tcpecho ; /usr/bin/nicec -d . --sourcepath .. -a o.jar tcpecho )
nice.lang: parsing
tcpecho: parsing
tcpecho: typechecking
tcpecho: generating code
tcpecho: linking
tcpecho: writing in archive
nice.lang: writing in archive
cp nice_build/tcpecho/o.jar o.jar
touch tcpecho.nice_run

=================================================================
COMMAND LINE (%A is single numeric argument):

 /usr/lib/j2sdk1.4.2_05/bin/java -server -jar o.jar %A
Exception in thread "main" java.net.UnknownHostException: hopper: hopper
	at java.net.InetAddress.getLocalHost(InetAddress.java:1191)
	at tcpecho.fun.main(tcpecho.nice:21)
	at tcpecho.dispatch.main(Unknown Source)
************************************************************
*   TEST HALTED - TIMEOUT AFTER --maxtime 600 SECS
************************************************************


PROGRAM OUTPUT
==============
