BUILD COMMANDS FOR: tcpecho.csharp

Sun Oct 30 14:26:06 PST 2005

cp /opt/shootout/shootout/bench/tcpecho/tcpecho.csharp tcpecho.cs
rm -f tcpecho.csharp_run
/usr/bin/mcs  -out:tcpecho.csharp_run tcpecho.cs
rm tcpecho.cs

=================================================================
COMMAND LINE (%A is single numeric argument):

 /usr/bin/mono tcpecho.csharp_run %A

Unhandled Exception: System.Net.Sockets.SocketException: Address already in use
in <0x000dd> System.Net.Sockets.Socket:Bind (System.Net.EndPoint local_end)
in <0x00023> System.Net.Sockets.TcpListener:Start ()
in <0x00046> tcpecho+Listener:Start ()
in <0x000b8> tcpecho:Main (System.String[] args)
************************************************************
*   TEST HALTED - TIMEOUT AFTER --maxtime 600 SECS
************************************************************


PROGRAM OUTPUT
==============
replies: 38400	bytes: 2457600
