BUILD COMMANDS FOR: tcprequest.ocaml

Mon Mar 28 23:21:44 PST 2005

cp /opt/shootout/shootout/bench/tcprequest/tcprequest.ocaml tcprequest.ml
/usr/bin/ocamlopt -noassert -unsafe -I /usr/lib/ocaml/contrib -ccopt -O3  tcprequest.ml -o tcprequest.ocaml_run
No implementations provided for the following modules:
  Unix referenced from tcprequest.cmx
make[3]: [tcprequest.ocaml_run] Error 2 (ignored)
rm tcprequest.ml

=================================================================
COMMAND LINE (%A is single numeric argument):

tcprequest.ocaml_run %A
Error, could not exec tcprequest.ocaml_run 120 (No such file or directory)
PATH=/opt/shootout/shootout/bench/tcprequest:/opt/shootout/shootout/bench/tcprequest/tmp:/opt/intel_fc_80/bin:/opt/intel_cc_80/bin:/usr/lib/poplog/current-poplog/pop/pop:/usr/bin:/bin:/usr/lib/poplog/current-poplog/pop/com
************************************************************
*   TEST (tcprequest.ocaml) FAILED:  tcprequest.ocaml_out differs from Output.120
************************************************************
-rw-r--r--  1 brent brent 31 Mar 11 22:17 Output.120
-rw-r--r--  1 brent brent  0 Mar 28 23:21 tcprequest.ocaml_out


PROGRAM OUTPUT
==============
