BUILD COMMANDS FOR: tcprequest.nice

Sat Nov 19 22:52:06 PST 2005

( if [ ! -d tcprequest.nice_run ] ; then mkdir nice_build ; mkdir nice_build/tcprequest ; fi)
cp /opt/shootout/shootout/bench/tcprequest/tcprequest.nice nice_build/tcprequest/tcprequest.nice
( cd nice_build/tcprequest ; /usr/bin/nicec -d . --sourcepath .. -a o.jar tcprequest )
nice.lang: parsing
tcprequest: parsing
tcprequest: typechecking
tcprequest: generating code
tcprequest: linking
tcprequest: writing in archive
nice.lang: writing in archive
cp nice_build/tcprequest/o.jar o.jar
touch tcprequest.nice_run

=================================================================
COMMAND LINE (%A is single numeric argument):

 /usr/lib/j2sdk1.4.2_05/bin/java -server -jar o.jar %A
Exception in thread "main" java.net.UnknownHostException: hopper: hopper
	at java.net.InetAddress.getLocalHost(InetAddress.java:1191)
	at tcprequest.fun.main(tcprequest.nice:21)
	at tcprequest.dispatch.main(Unknown Source)
************************************************************
*   TEST HALTED - TIMEOUT AFTER --maxtime 600 SECS
************************************************************


PROGRAM OUTPUT
==============
