BUILD COMMANDS FOR: tcpsocket.se

Sat Mar 18 12:42:10 PST 2006

copying /opt/shootout/shootout/bench/tcpsocket/tcpsocket.se to tcpsocket.e
cp /opt/shootout/shootout/bench/tcpsocket/tcpsocket.se tcpsocket.e
../../../bin/split_file.bash /opt/shootout/shootout/bench/tcpsocket/tcpsocket.se tcpsocket.e
splitfile  tcpclient.e
splitfile  tcpconnection.e
splitfile  tcpconnection_big.e
splitfile  tcpconnection_medium.e
splitfile  tcpconnection_small.e
splitfile  tcpserver.e
splitfile  tcpsocket.e
rm -f tcpsocket.se_run
/usr/lib/smarteiffel/bin/compile -boost -no_split -O3 -fomit-frame-pointer -funroll-loops  -o tcpsocket.se_run tcpsocket ; /usr/lib/smarteiffel/bin/clean tcpsocket
rm tcpsocket.e

=================================================================
COMMAND LINE (%A is single numeric argument):

tcpsocket.se_run %A
************************************************************
*   TEST (tcpsocket.se_run) FAILED - ERROR:  tcpsocket.se_out differs from Output.1000
************************************************************
-rw-r--r-- 1 brent brent 32 Dec  4 22:55 Output.1000
-rw-r--r-- 1 brent brent 20 Mar 18 12:42 tcpsocket.se_out


PROGRAM OUTPUT
==============
replies: 0	bytes: 0
