BUILD COMMANDS FOR: wc.chicken

Wed Apr 13 07:25:04 PDT 2005

/usr/bin/csc wc.chicken -O3 -d0 -lambda-lift -b  -o wc.chicken_run
collect2: ld terminated with signal 11 [Segmentation fault]
/usr/bin/ld:wc.o: bfd_stat failed: No such file or directory
*** Shell command terminated with exit status 1: gcc -o wc.chicken_run wc.o -lchicken -lsrfi-chicken -lstuffed-chicken -L/usr/lib -Wl,-R/usr/lib -ldl -lpcre -lm  -ldl -lpcre
make[3]: [wc.chicken_run] Error 1 (ignored)

=================================================================
COMMAND LINE (%A is single numeric argument):

wc.chicken_run %A
Error, could not exec wc.chicken_run 1000 (No such file or directory)
PATH=/opt/shootout/shootout/bench/wc:/opt/shootout/shootout/bench/wc/tmp:/opt/intel_fc_80/bin:/opt/intel_cc_80/bin:/usr/lib/poplog/current-poplog/pop/pop:/usr/bin:/bin:/usr/lib/poplog/current-poplog/pop/com
************************************************************
*   TEST (wc.chicken_run) FAILED:  wc.chicken_out differs from Output.1000
************************************************************
-rw-r--r--  1 brent brent 21 Apr  2 18:24 Output.1000
-rw-r--r--  1 brent brent  0 Apr 13 07:25 wc.chicken_out
Error, could not exec wc.chicken_run 1000 (No such file or directory)
PATH=/opt/shootout/shootout/bench/wc:/opt/shootout/shootout/bench/wc/tmp:/opt/intel_fc_80/bin:/opt/intel_cc_80/bin:/usr/lib/poplog/current-poplog/pop/pop:/usr/bin:/bin:/usr/lib/poplog/current-poplog/pop/com
************************************************************
*   TEST (wc.chicken_run) FAILED:  wc.chicken_out differs from Output.1000
************************************************************
-rw-r--r--  1 brent brent 21 Apr  2 18:24 Output.1000
-rw-r--r--  1 brent brent  0 Apr 13 07:29 wc.chicken_out


PROGRAM OUTPUT
==============
