BUILD COMMANDS FOR: wc.dlang

Fri Sep 15 03:59:43 PDT 2006

cp /opt/shootout/shootout/bench/wc/wc.dlang wc.d
/usr/bin/dmd -O -inline -release  -ofwc.dlang_run wc.d
wc.d(15): undefined identifier stdin
wc.d(15): undefined identifier stdin
wc.d(15): no property 'readBlock' for type 'int'
wc.d(15): function expected before (), not 1 of type int
wc.d(36): undefined identifier stdout
wc.d(36): undefined identifier stdout
wc.d(36): no property 'writefln' for type 'int'
wc.d(36): function expected before (), not 1 of type int
make[3]: [wc.dlang_run] Error 1 (ignored)
rm wc.d

=================================================================
COMMAND LINE (%A is single numeric argument):

wc.dlang_run %A
Error, could not exec wc.dlang_run 1000 (No such file or directory)
PATH=/opt/shootout/shootout/bench/wc:/opt/shootout/shootout/bench/wc/tmp:/opt/IronPython/bin:/opt/xds_x86/bin:/opt/intel/fc/9.0/bin:/opt/intel/cc/9.0/bin:/home/brent/bin:/usr/local/bin:/usr/bin:/bin:/usr/bin/X11:/usr/games
TEST FAILED - Child processed exited with error code (1)


PROGRAM OUTPUT
==============
