BUILD COMMANDS FOR: wc.gwydion

Wed Apr 13 07:45:00 PDT 2005

cp /opt/shootout/shootout/bench/wc/wc.gwydion wc.dylan
/usr/bin/d2c -s  wc.dylan
Entering single file mode.
Compiling library wc
[Loading library Dylan...]
Using custom library import list...
[Loading library common-dylan...
  [Loading library melange-support...]
  [Loading library streams...]
  [Loading library Threads...]
  [Loading library table-extensions...]
  [Loading library Random...
   [Loading library transcendental...]]]
[Loading library io...
  [Loading library print...]
  [Loading library format...]
  [Loading library standard-io...]
  [Loading library format-out...]]
Parsing wc.dylan
seeding representations
Finalizing definitions
inheriting slots
inheriting overrides
laying out instances
Processing wc.dylan
.make[3]: *** [wc.gwydion_run] Terminated
(if [ "wc" = "random" ]; then	\
    mv randum wc.gwydion_run;		\
else				\
    mv wc wc.gwydion_run;			\
fi)
mv: cannot stat `wc': No such file or directory
make[3]: [wc.gwydion_run] Error 1 (ignored)
rm wc.[co]
rm -rf .libs
rm wc.dylan

=================================================================
COMMAND LINE (%A is single numeric argument):

wc.gwydion_run %A
Error, could not exec wc.gwydion_run 1000 (No such file or directory)
PATH=/opt/shootout/shootout/bench/wc:/opt/shootout/shootout/bench/wc/tmp:/opt/intel_fc_80/bin:/opt/intel_cc_80/bin:/usr/lib/poplog/current-poplog/pop/pop:/usr/bin:/bin:/usr/lib/poplog/current-poplog/pop/com
************************************************************
*   TEST (wc.gwydion_run) FAILED:  wc.gwydion_out differs from Output.1000
************************************************************
-rw-r--r--  1 brent brent 21 Apr  2 18:24 Output.1000
-rw-r--r--  1 brent brent  0 Apr 13 07:45 wc.gwydion_out


PROGRAM OUTPUT
==============


PROGRAM OUTPUT
==============
