RUNNING SCRIPT: wc.gforth-2.gforth

Sat Sep 17 14:39:08 PDT 2005


=================================================================
COMMAND LINE (%A is single numeric argument):

 /usr/bin/gforth-fast $GFORTH_FLAGS ../wc.gforth-2.gforth %A
redefined nl  redefined nl  ************************************************************
*   TEST (wc.gforth-2.gforth) FAILED - ERROR:  wc.gforth-2.gforth_out differs from Output.1000
************************************************************
-rw-r--r--  1 brent brent 21 Sep 17 14:25 Output.1000
-rw-r--r--  1 brent brent  0 Sep 17 14:39 wc.gforth-2.gforth_out
************************************************************
*   TEST (wc.gforth-2.gforth) FAILED - ERROR:  wc.gforth-2.gforth_out differs from Output.1000
************************************************************
-rw-r--r--  1 brent brent 21 Sep 17 14:25 Output.1000
-rw-r--r--  1 brent brent  0 Sep 17 14:39 wc.gforth-2.gforth_out
************************************************************
*   TEST (wc.gforth-2.gforth) FAILED - ERROR:  wc.gforth-2.gforth_out differs from Output.1000
************************************************************
-rw-r--r--  1 brent brent 21 Sep 17 14:25 Output.1000
-rw-r--r--  1 brent brent  0 Sep 17 14:39 wc.gforth-2.gforth_out
redefined nl  redefined nl  redefined nl  redefined nl  redefined nl  redefined nl  redefined nl  redefined nl  redefined nl  redefined nl  redefined nl  

PROGRAM OUTPUT
==============
62500 342500 15240000
