BUILD COMMANDS FOR: wc.mzscheme

Sat Feb 19 03:32:41 PST 2005

cp /opt/shootout/shootout/bench/wc/wc.mzscheme wc.ss
if [ "wc" = "plugin" ]; then		\
    cp /opt/shootout/shootout/bench/wc/plugin_2.mzscheme plugin_2.ss; \
    cp /opt/shootout/shootout/bench/wc/plugin_3.mzscheme plugin_3.ss; \
fi
cp wc.ss wc.mzscheme_run
if [ "wc" = "plugin" ]; then		\
    cp /opt/shootout/shootout/bench/wc/plugin_2.mzscheme plugin_2.ss; \
    cp /opt/shootout/shootout/bench/wc/plugin_3.mzscheme plugin_3.ss; \
fi
rm wc.ss

=================================================================
COMMAND LINE (%A is single numeric argument):

wc.mzscheme_run %A


PROGRAM OUTPUT
==============
62500 342500 15240000


PROGRAM OUTPUT
==============
62500 342500 15240000
