BUILD COMMANDS FOR: wc.sbcl

Sat Nov 27 21:27:09 PST 2004

SBCL built with: /usr/bin/sbcl --userinit /dev/null --sysinit /dev/null -batch -eval '(load "wc.sbcl_compile")'
### START wc.sbcl_compile
(proclaim '(optimize (speed 3) (safety 0) (debug 0) (compilation-speed 0) (space 0)))
(handler-bind ((sb-ext:defconstant-uneql      (lambda (c) (abort c))))      (load (compile-file "wc.sbcl" ))) (save-lisp-and-die "sbcl.core" :purify t)
### END wc.sbcl_compile

; compiling file "/opt/shootout/shootout/bench/wc/tmp/wc.cmucl" (written 27 NOV 2004 09:27:09 PM):
; compiling top level form: 
; recognizing DEFUN MAIN
; compiling DEFUN MAIN: 
; compiling top level form: 

; /opt/shootout/shootout/bench/wc/tmp/wc.fasl written
; compilation finished in 0:00:01
[doing purification: roots handlers stack bindings static cleanup done]
[undoing binding stack and other enclosing state... done]
[saving current Lisp image into /opt/shootout/shootout/bench/wc/tmp/sbcl.core:
writing 18063672 bytes from the read-only space at 0x01000000
writing 5842296 bytes from the static space at 0x05000000
writing 4096 bytes from the dynamic space at 0x09000000
done]
### START wc.sbcl_run
(proclaim '(optimize (speed 3) (safety 0) (debug 0) (compilation-speed 0) (space 0)))
(main) (quit)
### END wc.sbcl_run


=================================================================
COMMAND LINE (%A is single numeric argument):

 /usr/bin/sbcl --noinform --core sbcl.core --userinit /dev/null --sysinit /dev/null --load wc.sbcl_run %A


PROGRAM OUTPUT
==============
62500 342500 15240000
