BUILD COMMANDS FOR: wc.smlnj

Mon Nov 29 22:52:41 PST 2004

cp /opt/shootout/shootout/bench/wc/wc.smlnj wc.sml
cp /opt/shootout/shootout/bench/wc/cm_wc.cm wc.cm
/usr/bin/ml-build wc.cm Test.main wc
Standard ML of New Jersey v110.50 [built: November 10, 2004 21:00:53 (-1)]
[scanning wc.cm]
[parsing (wc.cm):wc.sml]
[compiling (wc.cm):wc.sml]
[code: 2744, env: 248 bytes]
[scanning 27278-export.cm]
[scanning (27278-export.cm):wc.cm]
[parsing (27278-export.cm):27278-export.sml]
[compiling (27278-export.cm):27278-export.sml]
[code: 215, data: 31, env: 42 bytes]

=================================================================
COMMAND LINE (%A is single numeric argument):

 /usr/bin/sml @SMLload=wc %A


PROGRAM OUTPUT
==============
62500 342500 15240000
