BUILD COMMANDS FOR: wordfreq.gcl

Sun Oct 30 17:30:14 PST 2005

cp /opt/shootout/shootout/bench/wordfreq/wordfreq.gcl wordfreq.gcl
(GCL_ANSI=1; export GCL_ANSI; \
  /usr/bin/gclcvs -compile wordfreq.gcl)

;; Compiling wordfreq.gcl.
;; End of Pass 1.  
;; End of Pass 2.  
;; OPTIMIZE levels: Safety=0 (No runtime error checking), Space=0, Speed=3, (Debug quality ignored)
;; Finished compiling wordfreq.gcl.
touch wordfreq.gcl_run

=================================================================
COMMAND LINE (%A is single numeric argument):

 /usr/bin/gclcvs -batch -load wordfreq.o -eval '(main)' -f wordfreq.gcl %A
TEST FAILED - Child processed exited with error code (0), halted by signal 6


PROGRAM OUTPUT
==============

Error in SYSTEM::GCL-TOP-LEVEL [or a callee]: Cannot open the file wordfreq.o.

Fast links are on: do (si::use-fast-links nil) for debugging
Broken at SYSTEM::SET-UP-TOP-LEVEL.  Type :H for Help.
 1 (Continue) Retry loading file "wordfreq.o".
 2 Return to top level.
dbl:>>
No such restart.
NIL
dbl:>>
Error in EVALHOOK [or a callee]: The variable THE is unbound.

Fast links are on: do (si::use-fast-links nil) for debugging
Broken at EVALHOOK.
 1 (Abort) Return to debug level 1.
 2 Retry loading file "wordfreq.o".
 3 Return to top level.
dbl:>>>Universal error handler called recursively (:UNBOUND-VARIABLE
                                                   NIL EVALHOOK ""
                                                   "The variable ~S is unbound.")
#<OBJNULL>
dbl:>>>Universal error handler called recursively (:UNBOUND-VARIABLE
                                                   NIL EVALHOOK ""
                                                   "The variable ~S is unbound.")
#<OBJNULL>
dbl:>>>Universal error handler called recursively (:UNBOUND-VARIABLE
                                                   NIL EVALHOOK ""
                                                   "The variable ~S is unbound.")
#<OBJNULL>
dbl:>>>Universal error handler called recursively (:UNBOUND-VARIABLE
                                                   NIL EVALHOOK ""
                                                   "The variable ~S is unbound.")
#<OBJNULL>
dbl:>>>Universal error handler called recursively (:UNBOUND-VARIABLE
                                                   NIL EVALHOOK ""
                                                   "The variable ~S is unbound.")
#<OBJNULL>
dbl:>>>Universal error handler called recursively (:UNBOUND-VARIABLE
                                                   NIL EVALHOOK ""
                                                   "The variable ~S is unbound.")
#<OBJNULL>
dbl:>>>Universal error handler called recursively (:UNBOUND-VARIABLE
                                                   NIL EVALHOOK ""
                                                   "The variable ~S is unbound.")
#<OBJNULL>
dbl:>>>Universal error handler called recursively (:UNBOUND-VARIABLE
                                                   NIL EVALHOOK ""
                                                   "The variable ~S is unbound.")
#<OBJNULL>
===================================
!!! Note: Truncated to 50 lines !!!
===================================
