BUILD COMMANDS FOR: wordfreq.chicken

Sat Sep 17 14:40:08 PDT 2005

rm -f wordfreq.chicken_run
/usr/bin/csc wordfreq.chicken -O3 -d0 -lambda-lift -b  -o wordfreq.chicken_run
Error: (delete-file) can not delete file: "wordfreq.c"

make[3]: [wordfreq.chicken_run] Error 70 (ignored)
2 Debian GNU/Linux internal error, aborting at ../../bfd/cache.c line 496 in bfd_cache_lookup_worker

/usr/bin/ld: Please report this bug.

collect2: ld returned 1 exit status
*** Shell command terminated with exit status 1: gcc -o wordfreq.chicken_run wordfreq.o -lchicken -lsrfi-chicken -lstuffed-chicken -L/usr/lib -Wl,-R/usr/lib -ldl -lpcre -lm  -ldl -lpcre
make[3]: [wordfreq.chicken_run] Error 1 (ignored)
rm wordfreq.chicken

=================================================================
COMMAND LINE (%A is single numeric argument):

wordfreq.chicken_run %A
TEST FAILED - Child processed exited with error code (1)
TEST FAILED - Child processed exited with error code (1)
Error, could not exec wordfreq.chicken_run 5 (No such file or directory)
PATH=/opt/shootout/shootout/bench/wordfreq:/opt/shootout/shootout/bench/wordfreq/tmp:/opt/xds_c/bin:/opt/intel_fc_80/bin:/opt/intel_cc_80/bin:/usr/lib/poplog/current-poplog/pop/pop:/usr/bin:/bin:/usr/lib/poplog/current-poplog/pop/com
TEST FAILED - Child processed exited with error code (1)


PROGRAM OUTPUT
==============
