BUILD COMMANDS FOR: wordfreq.mzc

Sat Jun 10 13:53:56 PDT 2006

cp /opt/shootout/shootout/bench/wordfreq/wordfreq.mzscheme wordfreq.ss
/usr/bin/mzc wordfreq.ss
mzc version 301.16, Copyright (c) 2004-2006 PLT Scheme Inc.
"wordfreq.ss": 
 [output to "./wordfreq.so"]
echo "#!/usr/bin/mzscheme -r" > wordfreq.mzc_run
echo "(load-extension \"wordfreq.so\")" >> wordfreq.mzc_run
chmod a+rwx wordfreq.mzc_run
rm wordfreq.ss

=================================================================
COMMAND LINE (%A is single numeric argument):

wordfreq.mzc_run %A
************************************************************
*   TEST (wordfreq.mzc_run) FAILED - ERROR:  wordfreq.mzc_out differs from Output.5
************************************************************
-rw-r--r-- 1 brent brent 54123 Oct 30  2005 Output.5
-rw-r--r-- 1 brent brent     0 Jun 10 13:54 wordfreq.mzc_out


PROGRAM OUTPUT
==============
