
=================================================================
COMMAND LINE (%A is single numeric argument):

wordfreq.guile %A


PROGRAM OUTPUT
==============

  42425 the
  33175 to
  29725 and
  22375 of
  13775 in
  13725 he
  11975 that
  11050 a
   9850 it
   9000 his
   8975 not
   8675 be
   8475 is
   8250 by
   7575 have
   7500 they
   7425 for
   6800 him
   6300 them
   6250 who
   5975 with
   5975 one
   5875 are
   5550 which
   5475 as
   4975 but
   4825 this
   4500 prince
   4200 will
   4075 their
   3900 had
   3875 or
   3775 so
   3725 was
   3725 from
   3625 those
   3350 because
   3325 if
   3300 you
   3300 has
   3225 i
   3125 all
   3075 been
   3025 when
   2850 more
   2675 would
   2675 on
   2550 himself
   2475 were
   2475 there
   2375 people
   2300 other
   2275 can
   2225 at
   2175 being
   2150 than
   2150 ought
   2150 men
   2125 such
   1950 should
   1900 therefore
   1875 these
   1850 may
   1800 own
   1775 state
   1775 others
   1775 always
   1725 against
   1700 any
   1675 do
   1625 only
   1625 no
   1625 having
   1600 new
   1600 either
   1525 how
   1500 many
   1500 cannot
   1450 time
   1450 good
   1400 never
   1375 necessary
   1325 nor
   1325 great
   1300 princes
   1275 arms
   1250 without
   1250 things
   1250 man
   1250 did
   1225 much
   1225 make
   1225 made
   1225 king
   1225 an
   1200 way
   1150 themselves
   1125 some
   1125 italy
   1125 fear
   1100 well
   1100 soldiers
   1100 first
   1100 above
   1075 fortune
   1075 able
   1050 whom
   1050 keep
   1000 what
   1000 under
   1000 hold
    975 two
    975 take
    975 every
    975 could
    950 into
    925 yet
    925 does
    900 out
    900 duke
    900 alexander
    850 thus
    825 your
    825 pope
    825 france
    825 country
    825 considered
    800 subjects
    800 seen
    800 found
    800 although
    800 also
    775 wish
    775 very
    775 kingdom
    775 its
    750 war
    750 times
    750 another
    750 after
    725 shall
    725 power
    725 most
    725 long
    725 both
    725 become
    725 afterwards
    725 affairs
    700 up
    700 through
    700 say
    700 our
    700 nevertheless
    675 then
    675 states
    675 principalities
    675 entirely
    675 citizens
    650 chapter
    650 acquired
    625 venetians
    625 secure
    625 said
    625 principality
    625 must
    625 little
    625 her
    625 find
    625 difficulties
    600 wise
    600 whilst
    600 order
    600 nobles
    600 let
    600 know
    600 concerning
    575 forces
    575 armed
    575 ability
    550 upon
    550 she
    550 consider
    550 church
    550 army
    525 ruin
    525 reputation
    525 might
    525 hated
    525 friends
    525 come
    525 before
    500 rome
    500 powerful
    500 now
    500 nothing
    500 done
    500 actions
    475 valour
    475 reasons
    475 opportunity
    475 old
    475 neither
    475 mind
    475 less
    475 kept
    475 government
    475 few
    475 favour
    475 avoid
    475 authority
    450 see
    450 once
    450 lost
    450 held
    450 hatred
    450 given
    450 defend
    450 came
    450 away
    425 where
    425 taken
    425 reason
    425 private
    425 me
    425 like
    425 give
    425 difficulty
    425 cause
    425 brought
    400 ways
    400 use
    400 romans
    400 present
    400 orsini
    400 need
    400 mercenaries
    400 means
    400 life
    400 follow
    400 examples
    400 everything
    400 empire
    400 easily
    400 cruelty
    400 course
    400 called
    400 better
    400 attack
    400 among
    375 wishing
    375 unless
    375 subject
    375 over
    375 milan
    375 live
    375 liberality
    375 laws
    375 hand
    375 except
    375 example
    375 enemies
    375 case
    350 we
    350 us
    350 too
    350 spain
    350 romagna
    350 rather
    350 compelled
    350 became
    350 armies
    350 again
    325 years
    325 whether
    325 turned
    325 second
    325 rules
    325 otherwise
    325 ones
    325 killed
    325 hostile
    325 hence
    325 greatness
    325 giovanni
    325 gain
    325 fortresses
    325 ever
    325 enemy
    325 end
    325 discuss
    325 death
    325 cities
    325 bad
    325 appear
    325 anything
    325 accustomed
    300 sufficient
    300 seeing
    300 same
    300 rule
    300 powers
    300 master
    300 louis
    300 leave
    300 knew
    300 infantry
    300 greece
    300 god
    300 get
    300 french
    300 foundations
    300 former
    300 force
    300 florentines
    300 feared
    300 factions
    300 especially
    300 enough
    300 emperor
    300 else
    300 easy
    300 down
    300 difficult
    300 conquered
    300 city
    300 change
    300 believe
    275 wished
    275 trouble
    275 taking
    275 still
    275 stand
    275 speak
    275 sent
    275 roman
    275 raised
    275 quickly
    275 place
    275 often
    275 nature
    275 lose
    275 longer
    275 latter
    275 laid
    275 known
    275 julius
    275 further
    275 forced
    275 faithful
    275 faith
    275 destroyed
    275 danger
    275 causes
    275 caused
    275 bring
    275 beginning
    275 auxiliaries
    275 already
    275 about
    250 willing
    250 whole
    250 understand
    250 turk
    250 thing
    250 switzers
    250 strength
    250 soon
    250 son
    250 shown
    250 show
    250 sforza
    250 security
    250 s
    250 rest
    250 reproach
    250 person
    250 peace
    250 oppressed
    250 opinion
    250 none
    250 necessity
    250 naples
    250 methods
    250 loved
    250 lombardy
    250 liberal
    250 injure
    250 hereditary
    250 greater
    250 go
    250 friendly
    250 followed
    250 family
    250 evil
    250 each
    250 despised
    250 courage
    250 comes
    250 changes
    250 care
    250 attacked
    250 arise
    250 ancient
    250 alone
    250 aid
    250 according
    225 yourself
    225 turn
    225 thousand
    225 support
    225 severus
    225 senate
    225 ruined
    225 resist
    225 remain
    225 rely
    225 put
    225 observed
    225 my
    225 military
    225 messer
    225 maintain
    225 hope
    225 happens
    225 hands
    225 glory
    225 follows
    225 established
    225 enterprises
    225 ease
    225 desire
    225 dangers
    225 cyrus
    225 contrary
    225 cesare
    225 around
    225 arose
    200 within
    200 wishes
    200 wisdom
    200 whenever
    200 vitelli
    200 truth
    200 towards
    200 third
    200 succeeded
    200 soldiery
    200 side
    200 short
    200 servant
    200 rise
    200 republics
    200 ready
    200 qualities
    200 property
    200 possession
    200 position
    200 point
    200 pass
    200 partly
    200 owing
    200 overcome
    200 marcus
    200 lived
    200 keeping
    200 italian
    200 impossible
    200 head
    200 happened
    200 greatest
    200 governed
    200 goodwill
    200 giving
    200 gave
    200 foreigners
    200 fight
    200 father
    200 far
    200 fail
    200 expect
    200 enterprise
    200 emperors
    200 designs
    200 defence
    200 deceived
    200 dangerous
    200 conduct
    200 colonna
    200 charles
    200 character
    200 captain
    200 borgia
    200 body
    200 benefits
    200 avoided
    200 assistance
    200 arises
    200 amongst
    200 action
    200 act
    200 account
    175 whoever
    175 virtue
    175 useful
    175 unarmed
    175 true
    175 troubles
    175 towns
    175 took
    175 thought
    175 someone
    175 servants
    175 satisfy
    175 ruled
    175 remedy
    175 remains
    175 recognize
    175 rapacious
    175 quiet
    175 proper
    175 possible
    175 poor
    175 party
    175 outside
    175 opposite
    175 natural
    175 money
    175 memory
    175 matter
    175 maintained
    175 lord
    175 left
    175 knowing
    175 kind
    175 house
    175 honour
    175 help
    175 friend
    175 free
    175 francesco
    175 form
    175 excellent
    175 even
    175 esteemed
    175 elected
    175 dominions
    175 doing
    175 discussed
    175 deeds
    175 cruel
    175 contempt
    175 conspired
    175 conquer
    175 circumstances
    175 cavalry
    175 captains
    175 bologna
    175 besides
    175 becomes
    175 barons
    175 art
    175 ambition
    175 advantage
    150 yield
    150 year
    150 world
    150 work
    150 united
    150 temporal
    150 successful
    150 study
    150 stood
    150 spaniards
    150 set
    150 seize
    150 securely
    150 scipio
    150 san
    150 reply
    150 renown
    150 recall
    150 reasonable
    150 quite
    150 question
    150 prudent
    150 prepared
    150 pisa
    150 pertinax
    150 part
    150 open
    150 offend
    150 off
    150 obedience
    150 notwithstanding
    150 named
    150 name
    150 moses
    150 measures
    150 maximinus
    150 matters
    150 making
    150 lords
    150 lion
    150 liberty
    150 itself
    150 infinite
    150 inasmuch
    150 imitate
    150 illustrious
    150 ii
    150 here
    150 happen
    150 half
    150 full
    150 fox
    150 firstly
    150 field
    150 fermo
    150 extraordinary
    150 exterminated
    150 experience
    150 exercise
    150 effect
    150 driven
    150 doubtful
    150 divided
    150 distrusted
    150 depend
    150 defended
    150 deceive
    150 da
    150 conclusion
    150 command
    150 colonies
    150 civil
    150 blame
    150 beyond
    150 best
    150 becoming
    150 back
    150 assist
    150 allowed
    150 agathocles
    150 adversity
    150 acquiring
    125 yours
    125 yielded
    125 win
    125 whereas
    125 want
    125 violence
    125 victory
    125 vi
    125 utmost
    125 useless
    125 until
    125 tuscany
    125 together
    125 throne
    125 think
    125 territory
    125 syracuse
    125 strong
    125 speaking
    125 sooner
    125 since
    125 send
    125 seizing
    125 saying
    125 satisfied
    125 satisfaction
    125 rouen
    125 rose
    125 risen
    125 respected
    125 republic
    125 remained
    125 relied
    125 receive
    125 reach
    125 philip
    125 overthrown
    125 ordinances
    125 occupied
    125 obtained
    125 observe
    125 obey
    125 number
    125 murdered
    125 moved
    125 mercenary
    125 mentioned
    125 makes
    125 majesty
    125 loss
    125 length
    125 knowledge
    125 italians
    125 injured
    125 inclined
    125 human
    125 honoured
    125 honest
    125 happy
    125 guard
    125 govern
    125 gentlemen
    125 generally
    125 general
    125 gained
    125 founded
    125 forget
    125 foreign
    125 fidelity
    125 ferrara
    125 fall
    125 fails
    125 fact
    125 excuse
    125 endless
    125 effeminate
    125 drive
    125 discipline
    125 different
    125 died
    125 die
    125 destroy
    125 degree
    125 day
    125 consideration
    125 commodus
    125 choice
    125 chance
    125 cautious
    125 caution
    125 caesar
    125 bound
    125 bentivoglio
    125 belongs
    125 began
    125 beaten
    125 appears
    125 appearing
    125 antiochus
    125 answer
    125 albinus
    125 advantageous
    125 acquisition
    125 acquire
    125 achaeans
    100 xii
    100 written
    100 worthy
    100 withstand
    100 whose
    100 went
    100 warlike
    100 wanting
    100 virtues
    100 vices
    100 valiant
    100 used
    100 urbino
    100 unite
    100 unable
    100 tumults
    100 trust
    100 told
    100 three
    100 theseus
    100 takes
    100 sufficiently
    100 success
    100 steadfast
    100 station
    100 stated
    100 spoken
    100 spirit
    100 spartans
    100 similar
    100 self
    100 seek
    100 scattered
    100 saw
    100 revered
    100 returning
    100 retain
    100 resources
    100 resolved
    100 reside
    100 reputed
    100 render
    100 religion
    100 regard
    100 recognized
    100 recent
    100 received
    100 real
    100 rash
    100 rank
    100 prudence
    100 provided
    100 protection
    100 profession
    100 preserved
    100 praised
    100 praise
    100 popular
    100 places
    100 permitted
    100 permit
    100 peril
    100 pay
    100 passed
    100 particular
    100 paolo
    100 pandolfo
    100 oppose
    100 opinions
    100 oliverotto
    100 offer
    100 noted
    100 next
    100 neutral
    100 neighbours
    100 myself
    100 modern
    100 mixed
    100 minds
    100 method
    100 merciful
    100 meet
    100 measure
    100 meanness
    100 mean
    100 manifest
    100 malcontents
    100 maintaining
    100 love
    100 look
    100 lives
    100 legate
    100 led
    100 lay
    100 last
    100 language
    100 julian
    100 judgment
    100 injuries
    100 important
    100 holding
    100 highly
    100 hardships
    100 genius
    100 future
    100 freedom
    100 foundation
    100 formerly
    100 foreigner
    100 following
    100 flatterers
    100 fixed
    100 firm
    100 finds
    100 finding
    100 everybody
    100 entering
    100 energy
    100 endeavour
    100 enable
    100 during
    100 dominion
    100 distant
    100 disposed
    100 disorders
    100 discretion
    100 difference
    100 deprived
    100 declare
    100 darius
    100 customs
    100 crushed
    100 cruelties
    100 credit
    100 created
    100 countries
    100 control
    100 content
    100 conspirator
    100 considers
    100 consented
    100 conquers
    100 conqueror
    100 conditions
    100 common
    100 clear
    100 certain
    100 carthaginians
    100 carefully
    100 cardinal
    100 capable
    100 brings
    100 born
    100 bind
    100 beloved
    100 bear
    100 battle
    100 attributed
    100 attain
    100 assisted
    100 antoninus
    100 annexed
    100 ambitions
    100 altogether
    100 almost
    100 allow
    100 allies
    100 africa
    100 aetolians
    100 adherents
    100 added
    100 accordingly
     75 writers
     75 won
     75 winning
     75 willingly
     75 wickedness
     75 why
     75 while
     75 wherein
     75 whence
     75 weak
     75 vincula
     75 valentino
     75 vaila
     75 usurper
     75 usual
     75 using
     75 urged
     75 troubled
     75 treated
     75 town
     75 thoroughly
     75 ten
     75 sustained
     75 successors
     75 succeed
     75 steps
     75 sought
     75 sons
     75 sometimes
     75 something
     75 solely
     75 soldan
     75 skill
     75 sins
     75 sight
     75 siena
     75 showing
     75 showed
     75 settled
     75 serve
     75 seems
     75 secured
     75 save
     75 safe
     75 run
     75 routed
     75 romulus
     75 robbery
     75 rivers
     75 rising
     75 restored
     75 remarkable
     75 religious
     75 relations
     75 refuse
     75 reduced
     75 recourse
     75 recognizing
     75 rebellion
     75 rebelled
     75 reaching
     75 reached
     75 rare
     75 raise
     75 provision
     75 provinces
     75 province
     75 proved
     75 prosperity
     75 properly
     75 proceed
     75 prime
     75 pretext
     75 practised
     75 potentates
     75 possessed
     75 possess
     75 pontificate
     75 pontiff
     75 please
     75 plains
     75 pietro
     75 persians
     75 past
     75 parties
     75 overthrow
     75 overcoming
     75 organized
     75 oppressing
     75 opportunities
     75 offending
     75 odious
     75 obligation
     75 niger
     75 newly
     75 neglect
     75 needed
     75 namely
     75 murders
     75 moreover
     75 mistake
     75 miserly
     75 mercy
     75 medes
     75 masters
     75 mark
     75 manner
     75 manage
     75 magistrates
     75 looks
     75 listen
     75 lesser
     75 least
     75 lead
     75 later
     75 late
     75 land
     75 knife
     75 kingdoms
     75 kinds
     75 keeps
     75 justice
     75 just
     75 irresolute
     75 intention
     75 instance
     75 insolence
     75 injury
     75 increase
     75 impression
     75 immediately
     75 imitation
     75 imitated
     75 hurt
     75 hundred
     75 humanity
     75 humane
     75 honours
     75 honourably
     75 histories
     75 higher
     75 high
     75 hesitate
     75 grave
     75 got
     75 giorgio
     75 friendship
     75 fostered
     75 forth
     75 forli
     75 foreseen
     75 fogliani
     75 florence
     75 five
     75 fighting
     75 ferdinand
     75 fellow
     75 favours
     75 favouring
     75 favoured
     75 fatigue
     75 fame
     75 faenza
     75 extinguished
     75 expected
     75 exercises
     75 examine
     75 evils
     75 establish
     75 errors
     75 endured
     75 endure
     75 easier
     75 durable
     75 duchy
     75 dread
     75 drawn
     75 doubt
     75 double
     75 disturbed
     75 dispersed
     75 disgusted
     75 discussion
     75 discover
     75 discourse
     75 discontented
     75 disarmed
     75 dignity
     75 devoted
     75 destruction
     75 despoiled
     75 desires
     75 desired
     75 deferred
     75 defect
     75 decided
     75 dead
     75 days
     75 daily
     75 custom
     75 craft
     75 cowardly
     75 count
     75 counsels
     75 counsel
     75 contributed
     75 continued
     75 contemptible
     75 conspiracies
     75 considering
     75 consent
     75 confer
     75 composed
     75 complete
     75 compass
     75 closely
     75 citizen
     75 chief
     75 characteristics
     75 changed
     75 cares
     75 cardinals
     75 caracalla
     75 builds
     75 build
     75 boldness
     75 bold
     75 blood
     75 blamed
     75 birth
     75 between
     75 beat
     75 beast
     75 barriers
     75 barbarous
     75 badly
     75 avoiding
     75 avail
     75 attention
     75 attacks
     75 athenians
     75 asia
     75 ascanio
     75 arbiter
     75 answered
     75 annibale
     75 ambitious
     75 am
     75 allied
     75 aim
     75 aggrandized
     75 afraid
     75 affection
     75 advice
     75 adventurous
     75 advance
     75 admired
     75 admirable
     75 administration
     75 adduce
     75 ad
     75 achievements
     75 accomplished
     50 xi
     50 xenophon
     50 wrote
     50 wrongs
     50 write
     50 works
     50 working
     50 word
     50 wonderful
     50 wondered
     50 wonder
     50 women
     50 woman
     50 wolves
     50 wiped
     50 willingness
     50 wicked
     50 whereby
     50 weigh
     50 weakness
     50 weakest
     50 walls
     50 wait
     50 vulgar
     50 vitellozzo
     50 viii
     50 vii
     50 vigorous
     50 victories
     50 victor
     50 vent
     50 venafro
     50 various
     50 valued
     50 value
     50 valleys
     50 vain
     50 upright
     50 unstable
     50 unlike
     50 union
     50 unfaithful
     50 unexpectedly
     50 unexpected
     50 undertaken
     50 undertake
     50 understands
     50 understanding
     50 uncertain
     50 twenty
     50 turns
     50 trusting
     50 trusted
     50 tributary
     50 treatment
     50 title
     50 thrown
     50 though
     50 thinking
     50 theirs
     50 th
     50 terrify
     50 tell
     50 taxes
     50 tax
     50 system
     50 syracusans
     50 syracusan
     50 sword
     50 swiss
     50 survived
     50 supreme
     50 superior
     50 superfluous
     50 suffice
     50 suffered
     50 submit
     50 strengthened
     50 strengthen
     50 step
     50 started
     50 standing
     50 sprung
     50 spirits
     50 spends
     50 spanish
     50 sovereignty
     50 source
     50 soul
     50 soft
     50 snares
     50 slow
     50 sloth
     50 slavery
     50 sinigaglia
     50 single
     50 simply
     50 simple
     50 similarly
     50 siege
     50 sicily
     50 shows
     50 shortness
     50 shelter
     50 share
     50 severities
     50 service
     50 select
     50 seized
     50 sees
     50 seeks
     50 seeking
     50 secret
     50 seated
     50 seat
     50 saved
     50 saul
     50 safer
     50 ruling
     50 round
     50 rock
     50 robbed
     50 rob
     50 rimini
     50 riches
     50 rewarded
     50 revolt
     50 revenge
     50 retreat
     50 retained
     50 respect
     50 resolutions
     50 resemblance
     50 repeated
     50 repeat
     50 remembered
     50 reliable
     50 related
     50 rejected
     50 reign
     50 reduce
     50 redemption
     50 recover
     50 reconciled
     50 reasoned
     50 readily
     50 ravenna
     50 rarely
     50 rapidly
     50 rapacity
     50 ranks
     50 ramiro
     50 rally
     50 quietly
     50 quarrels
     50 putting
     50 pursue
     50 purpose
     50 punishment
     50 punish
     50 proves
     50 prove
     50 protected
     50 protect
     50 prospered
     50 proof
     50 progress
     50 profit
     50 privileges
     50 principal
     50 princedom
     50 prevail
     50 pretexts
     50 presumptuous
     50 preserving
     50 precept
     50 pre
     50 praiseworthy
     50 praises
     50 practise
     50 possessions
     50 pontiffs
     50 pledge
     50 placed
     50 pistoia
     50 piombino
     50 petrucci
     50 perugia
     50 persuaded
     50 personally
     50 permission
     50 perhaps
     50 peaceful
     50 patrimony
     50 patient
     50 patience
     50 paths
     50 parts
     50 partition
     50 partisans
     50 owed
     50 overrun
     50 orders
     50 ordered
     50 oppress
     50 opponents
     50 opened
     50 oligarchy
     50 offends
     50 occur
     50 obtain
     50 observing
     50 obliged
     50 obligations
     50 object
     50 numerous
     50 note
     50 nobility
     50 night
     50 nicolo
     50 neglected
     50 near
     50 natures
     50 naturally
     50 native
     50 nabis
     50 murder
     50 multitude
     50 mouths
     50 morning
     50 mitigate
     50 minor
     50 ministers
     50 minister
     50 milanese
     50 midst
     50 met
     50 meeting
     50 maximilian
     50 material
     50 marshes
     50 marriage
     50 mankind
     50 managed
     50 malady
     50 macrinus
     50 macedon
     50 lukewarm
     50 luck
     50 loyalty
     50 loyal
     50 lower
     50 losing
     50 loses
     50 lodovico
     50 line
     50 liable
     50 letting
     50 leaving
     50 leaves
     50 learns
     50 leaders
     50 leader
     50 lands
     50 lacks
     50 labours
     50 l
     50 knows
     50 iv
     50 issue
     50 israel
     50 introduce
     50 intolerable
     50 interests
     50 interest
     50 intended
     50 intellect
     50 insecure
     50 inquire
     50 injurious
     50 injures
     50 inhumanity
     50 inhabitants
     50 ingratitude
     50 influence
     50 inflict
     50 inferior
     50 individual
     50 indeed
     50 increasing
     50 impetuous
     50 imperial
     50 immediate
     50 ill
     50 humours
     50 humble
     50 however
     50 houses
     50 hopes
     50 hoped
     50 honouring
     50 holds
     50 hit
     50 hindered
     50 hinder
     50 highest
     50 hiero
     50 herself
     50 heliogabalus
     50 heir
     50 height
     50 hectic
     50 health
     50 hard
     50 handling
     50 grow
     50 ground
     50 grace
     50 governor
     50 governments
     50 goodness
     50 girolamo
     50 germany
     50 germans
     50 genoa
     50 garrison
     50 gaining
     50 frivolous
     50 friendships
     50 fresh
     50 freely
     50 framed
     50 fra
     50 four
     50 foster
     50 forward
     50 fortunes
     50 fortify
     50 fortified
     50 formidable
     50 formed
     50 footsteps
     50 footing
     50 foothold
     50 flight
     50 fix
     50 finished
     50 fickle
     50 ferocity
     50 fell
     50 fears
     50 fearing
     50 fate
     50 famous
     50 falls
     50 fair
     50 extreme
     50 external
     50 exterminate
     50 expenses
     50 expense
     50 expedition
     50 exercised
     50 excuses
     50 excessive
     50 excepted
     50 examining
     50 examined
     50 et
     50 esteem
     50 establishing
     50 error
     50 err
     50 enumerated
     50 entered
     50 enter
     50 enslaved
     50 ennobled
     50 enlisted
     50 enlist
     50 enjoyed
     50 enjoy
     50 english
     50 enduring
     50 endangered
     50 encouraged
     50 encourage
     50 enables
     50 employed
     50 employ
     50 eminent
     50 elsewhere
     50 elements
     50 election
     50 ecclesiastical
     50 e
     50 due
     50 draw
     50 door
     50 disunited
     50 distrust
     50 distinguished
     50 disposition
     50 disorder
     50 disgrace
     50 discussing
     50 discourses
     50 disarm
     50 directed
     50 direct
     50 differing
     50 detect
     50 design
     50 dependants
     50 deliberately
     50 defences
     50 defects
     50 decline
     50 declares
     50 decision
     50 deaths
     50 dealt
     50 deal
     50 david
     50 dare
     50 damage
     50 cure
     50 curb
     50 cunning
     50 cry
     50 crush
     50 create
     50 court
     50 courses
     50 courageous
     50 corrupted
     50 correct
     50 conveys
     50 contented
     50 consume
     50 constituted
     50 conspires
     50 conspire
     50 conquerors
     50 conquering
     50 confronted
     50 conform
     50 conclude
     50 concerns
     50 comprehends
     50 composite
     50 community
     50 committed
     50 commit
     50 commencement
     50 commenced
     50 coming
     50 combat
     50 college
     50 collectively
     50 clever
     50 clemency
     50 choosing
     50 choose
     50 chiefly
     50 characters
     50 characteristic
     50 chalk
     50 centurion
     50 carry
     50 careful
     50 capua
     50 captive
     50 canneschi
     50 burnt
     50 built
     50 brother
     50 briefly
     50 braccio
     50 bondage
     50 blows
     50 bit
     50 bestowed
     50 besieging
     50 besieged
     50 believes
     50 believed
     50 begin
     50 bears
     50 baron
     50 barbarity
     50 awaited
     50 average
     50 avenge
     50 attains
     50 attained
     50 attacking
     50 attach
     50 associate
     50 aspire
     50 ask
     50 arrival
     50 arranged
     50 arm
     50 arisen
     50 aragon
     50 appeared
     50 anxious
     50 anxiety
     50 anxieties
     50 antiquity
     50 anger
     50 amid
     50 along
     50 alliances
     50 alliance
     50 alive
     50 alike
     50 agree
     50 aggrandizement
     50 aggrandize
     50 adopt
     50 adds
     50 adding
     50 acting
     50 acquires
     50 acknowledged
     50 acknowledge
     50 achilles
     50 accomplish
     50 accompanied
     50 accepted
     50 abundance
     50 absolute
     50 abolished
     50 abject
     50 abandoned
     25 zeal
     25 youth
     25 young
     25 xxvi
     25 xxv
     25 xxiv
     25 xxiii
     25 xxii
     25 xxi
     25 xx
     25 xviii
     25 xvii
     25 xvi
     25 xv
     25 xix
     25 xiv
     25 xiii
     25 x
     25 wrong
     25 writes
     25 wrested
     25 wounds
     25 worth
     25 worst
     25 worse
     25 wont
     25 wondering
     25 witness
     25 withstood
     25 wit
     25 wiser
     25 winter
     25 winds
     25 wilt
     25 wiles
     25 wickednesses
     25 wholly
     25 whither
     25 whencesoever
     25 whatever
     25 west
     25 weighing
     25 weather
     25 weapons
     25 weaker
     25 weakening
     25 weakened
     25 weaken
     25 waters
     25 water
     25 watched
     25 watch
     25 wastes
     25 waste
     25 wars
     25 warning
     25 warn
     25 wanted
     25 walking
     25 waits
     25 waited
     25 w
     25 void
     25 vitality
     25 visit
     25 virtuous
     25 virtu
     25 virgil
     25 violent
     25 violator
     25 vile
     25 vigour
     25 view
     25 victorious
     25 victims
     25 vicinity
     25 vice
     25 viands
     25 veterans
     25 verified
     25 vengeance
     25 venerated
     25 varying
     25 vary
     25 varies
     25 variations
     25 variation
     25 variable
     25 valorous
     25 valore
     25 valiantly
     25 valentinois
     25 v
     25 utterly
     25 usually
     25 upset
     25 upholds
     25 uphold
     25 upheld
     25 upbraided
     25 unwillingly
     25 unwilling
     25 unusual
     25 untrue
     25 unto
     25 unsuccessful
     25 unsettling
     25 unsettled
     25 unrestrained
     25 unprotected
     25 unnecessary
     25 unmake
     25 unknown
     25 unjudged
     25 unity
     25 uninjured
     25 uniformity
     25 unified
     25 unheard
     25 unhappy
     25 unguarded
     25 ungrateful
     25 uneasy
     25 unduly
     25 undone
     25 undoes
     25 undismayed
     25 undertaking
     25 understood
     25 unconquerable
     25 uncle
     25 unbelieving
     25 unbelievers
     25 unaspiring
     25 unaccustomed
     25 ultimately
     25 ultimate
     25 twice
     25 twelve
     25 tuscan
     25 turning
     25 turks
     25 tueri
     25 truly
     25 truer
     25 trite
     25 trifle
     25 tried
     25 tribute
     25 trial
     25 trembles
     25 trees
     25 treaties
     25 tread
     25 treachery
     25 treacheries
     25 translated
     25 transgress
     25 tranquillity
     25 training
     25 trained
     25 trade
     25 touching
     25 touched
     25 touch
     25 torn
     25 toothing
     25 token
     25 titus
     25 timidity
     25 timid
     25 till
     25 tightly
     25 tighter
     25 throw
     25 thriftiness
     25 threw
     25 threatened
     25 thrace
     25 thoughts
     25 thither
     25 thirst
     25 thirds
     25 thirdly
     25 thinks
     25 thereupon
     25 thebes
     25 thebans
     25 theatre
     25 testament
     25 test
     25 terrified
     25 terrible
     25 terms
     25 term
     25 temporize
     25 tempest
     25 temperate
     25 tedious
     25 tears
     25 teaches
     25 teacher
     25 taxing
     25 taught
     25 tasted
     25 taste
     25 taro
     25 talia
     25 talent
     25 tactics
     25 swindling
     25 swift
     25 sweeping
     25 sway
     25 sustain
     25 suspicion
     25 suspense
     25 suspects
     25 surround
     25 surprised
     25 surprise
     25 supporting
     25 supported
     25 supplied
     25 summit
     25 suits
     25 suggestions
     25 suggested
     25 sudden
     25 successor
     25 successfully
     25 succeeds
     25 subtlety
     25 subsisting
     25 subordinated
     25 submitted
     25 studies
     25 stubborn
     25 strongest
     25 stroke
     25 strive
     25 strenuously
     25 strangled
     25 storm
     25 stopped
     25 stockade
     25 stipulated
     25 stipend
     25 stinks
     25 sternness
     25 steadily
     25 statement
     25 statecraft
     25 standard
     25 stable
     25 squandering
     25 squander
     25 springs
     25 spring
     25 sprang
     25 spot
     25 spoke
     25 spiritual
     25 spirited
     25 spent
     25 spend
     25 spectacles
     25 spectacle
     25 special
     25 spartan
     25 sparta
     25 spark
     25 sparing
     25 spaniard
     25 sound
     25 sort
     25 sores
     25 solid
     25 solemn
     25 sole
     25 soldier
     25 soil
     25 societies
     25 smallest
     25 small
     25 slowly
     25 slip
     25 sling
     25 slightly
     25 slay
     25 slaves
     25 slaughtered
     25 skilful
     25 sixtus
     25 sixth
     25 situation
     25 sir
     25 sinister
     25 singly
     25 sincere
     25 simplicity
     25 silent
     25 silence
     25 signor
     25 signal
     25 sienese
     25 sickness
     25 sick
     25 sicilian
     25 shut
     25 shun
     25 shrewdness
     25 shortsighted
     25 shores
     25 shock
     25 shifts
     25 shifting
     25 shields
     25 sheltering
     25 sheltered
     25 sheep
     25 sharing
     25 shape
     25 shameless
     25 shadow
     25 severity
     25 severino
     25 severe
     25 settle
     25 setting
     25 servitude
     25 serving
     25 seriously
     25 serious
     25 sequel
     25 separately
     25 sends
     25 senators
     25 seigniors
     25 seemed
     25 seem
     25 secretly
     25 secretive
     25 secretaries
     25 secondly
     25 seasons
     25 sea
     25 scruple
     25 scourings
     25 sclavonia
     25 school
     25 schemes
     25 scarcity
     25 scarcely
     25 scanty
     25 scali
     25 says
     25 savour
     25 savonarola
     25 satisfactorily
     25 sanjaks
     25 safest
     25 safely
     25 sad
     25 sack
     25 runs
     25 running
     25 rulers
     25 ruining
     25 rs
     25 rout
     25 roots
     25 rode
     25 roberto
     25 robberies
     25 risk
     25 rightly
     25 righteous
     25 right
     25 rid
     25 richest
     25 riaxis
     25 rewards
     25 rewarding
     25 reward
     25 revolutions
     25 revenues
     25 revealed
     25 returned
     25 return
     25 retainers
     25 results
     25 result
     25 rests
     25 restrain
     25 restore
     25 resting
     25 respects
     25 respectful
     25 resorted
     25 resort
     25 resolution
     25 resisting
     25 resistance
     25 resides
     25 reservation
     25 res
     25 requisite
     25 required
     25 require
     25 repute
     25 repudiated
     25 reproaches
     25 replied
     25 replete
     25 replace
     25 rendered
     25 removal
     25 remedies
     25 remarked
     25 remark
     25 remaining
     25 relying
     25 reluctance
     25 relies
     25 relationship
     25 relating
     25 reigned
     25 regulated
     25 regni
     25 regards
     25 regained
     25 regain
     25 refuge
     25 reflected
     25 redressed
     25 redeemed
     25 recur
     25 record
     25 recollection
     25 reckoned
     25 reckon
     25 recently
     25 recalled
     25 rebellious
     25 rebellions
     25 rebel
     25 reassure
     25 reap
     25 realms
     25 really
     25 realize
     25 reads
     25 read
     25 reaches
     25 razed
     25 ravaging
     25 ravaged
     25 rashness
     25 ransom
     25 ran
     25 rallying
     25 rained
     25 raging
     25 raffaells
     25 races
     25 quit
     25 quintius
     25 queen
     25 quarters
     25 quality
     25 qualifications
     25 pyrrhus
     25 pusillanimity
     25 pursuit
     25 punishing
     25 punished
     25 public
     25 prudently
     25 provoked
     25 provide
     25 proverb
     25 prospering
     25 prosper
     25 prospective
     25 prospect
     25 proposed
     25 proportionate
     25 propitious
     25 prophets
     25 prompt
     25 promoted
     25 promises
     25 promise
     25 proficient
     25 professions
     25 produce
     25 proclaimed
     25 prisoners
     25 prisoner
     25 prior
     25 principle
     25 priests
     25 price
     25 prey
     25 previous
     25 prevent
     25 pretender
     25 pretence
     25 presupposes
     25 president
     25 preserves
     25 preservation
     25 presently
     25 prerogatives
     25 prepare
     25 preparations
     25 prendera
     25 prelates
     25 preferred
     25 prefects
     25 predominancy
     25 precepts
     25 preceptor
     25 precautions
     25 preaches
     25 prayers
     25 praetorian
     25 praetor
     25 practice
     25 powerless
     25 pow
     25 poverty
     25 poured
     25 pounced
     25 potter
     25 posture
     25 possessors
     25 possessing
     25 possesses
     25 positions
     25 portentous
     25 pondering
     25 policy
     25 poison
     25 plundering
     25 plundered
     25 plot
     25 pliant
     25 plebeians
     25 pleasure
     25 pleases
     25 plea
     25 plans
     25 pitigliano
     25 pisans
     25 pious
     25 pillaged
     25 pillage
     25 pikes
     25 pieces
     25 pictured
     25 piazza
     25 physicians
     25 philosopher
     25 philopoemen
     25 philistine
     25 petrarch
     25 pest
     25 pesaro
     25 persuasions
     25 persuasion
     25 persuades
     25 persuade
     25 persons
     25 personages
     25 persisted
     25 perpetrated
     25 permitting
     25 period
     25 perils
     25 perilous
     25 perform
     25 perfectly
     25 perceiving
     25 perceived
     25 perceive
     25 peoples
     25 pensioner
     25 penalty
     25 peaceably
     25 payments
     25 patron
     25 path
     25 passive
     25 passing
     25 particulars
     25 particularly
     25 parricide
     25 parliament
     25 papacy
     25 paltry
     25 palace
     25 paid
     25 owe
     25 overreached
     25 overflows
     25 overcame
     25 ourselves
     25 orphan
     25 originated
     25 originate
     25 oriental
     25 ordinary
     25 ordinance
     25 ordained
     25 orco
     25 opposition
     25 opposing
     25 opposed
     25 opening
     25 oneself
     25 omit
     25 officials
     25 official
     25 office
     25 offers
     25 offering
     25 offered
     25 offended
     25 offence
     25 occurred
     25 occupy
     25 occasioned
     25 obtains
     25 obstructed
     25 obstinate
     25 obstacles
     25 observes
     25 observation
     25 observances
     25 observance
     25 objects
     25 objections
     25 obedient
     25 oaths
     25 nursed
     25 nurse
     25 numberless
     25 numantia
     25 novitas
     25 notice
     25 noteworthy
     25 notable
     25 normandy
     25 nonobservance
     25 non
     25 nobody
     25 nobly
     25 noblemen
     25 neutrality
     25 nephew
     25 negli
     25 neglects
     25 nefarious
     25 necessities
     25 necessarily
     25 natives
     25 national
     25 narrowly
     25 nantes
     25 multiply
     25 mud
     25 movements
     25 movement
     25 move
     25 mouth
     25 mounted
     25 mountains
     25 mount
     25 mould
     25 motives
     25 mother
     25 morto
     25 morrow
     25 moors
     25 monument
     25 months
     25 month
     25 monarchy
     25 moliri
     25 modest
     25 moderated
     25 moderate
     25 misuse
     25 mistakes
     25 misfortunes
     25 miracle
     25 minority
     25 mild
     25 milano
     25 mestre
     25 merits
     25 merited
     25 mere
     25 mentioning
     25 mention
     25 memories
     25 members
     25 member
     25 meets
     25 medicine
     25 mediation
     25 measured
     25 meaning
     25 maximus
     25 maternal
     25 mastered
     25 marvel
     25 martial
     25 marriott
     25 marquess
     25 mantua
     25 manna
     25 manifestly
     25 manifested
     25 management
     25 malignity
     25 malcontent
     25 majority
     25 maintains
     25 mainly
     25 magnificence
     25 magnanimous
     25 magistrate
     25 magistracy
     25 magione
     25 machiavelli
     25 macedonia
     25 luxuries
     25 lukewarmly
     25 lucchesi
     25 lucca
     25 luca
     25 low
     25 loving
     25 lovers
     25 lover
     25 losses
     25 lorqua
     25 lordship
     25 looked
     25 longest
     25 lofty
     25 lodged
     25 locrians
     25 locality
     25 localities
     25 living
     25 lively
     25 listener
     25 lips
     25 link
     25 limits
     25 limbs
     25 liking
     25 likewise
     25 lightly
     25 lighter
     25 lie
     25 licentiously
     25 licence
     25 liberator
     25 liberating
     25 liberated
     25 liberate
     25 lets
     25 lest
     25 lessen
     25 leo
     25 legitimate
     25 learning
     25 learned
     25 leads
     25 leading
     25 leadership
     25 lawful
     25 law
     25 lately
     25 lascivious
     25 large
     25 lapse
     25 laps
     25 lap
     25 lady
     25 ladder
     25 laboured
     25 labour
     25 knowingly
     25 kings
     25 kindnesses
     25 killing
     25 keys
     25 k
     25 justified
     25 justification
     25 judgments
     25 judges
     25 judge
     25 joined
     25 join
     25 john
     25 johanna
     25 jealousy
     25 ix
     25 italici
     25 issued
     25 irrevocable
     25 ionia
     25 inwardly
     25 invited
     25 invent
     25 invasion
     25 invariably
     25 introduction
     25 introduced
     25 intrigue
     25 intervention
     25 internal
     25 interfering
     25 interfered
     25 interfere
     25 intentions
     25 intends
     25 intending
     25 intellects
     25 integrity
     25 insurrections
     25 insulted
     25 insufficiency
     25 instrumentality
     25 institutions
     25 instances
     25 inspire
     25 insomuch
     25 insolencies
     25 insignificant
     25 insight
     25 inquires
     25 inquirer
     25 inquired
     25 inordinate
     25 innovators
     25 innovator
     25 innovations
     25 injuring
     25 initiative
     25 iniquity
     25 inhuman
     25 inherited
     25 inherent
     25 information
     25 inflicted
     25 infidels
     25 inferred
     25 infelicity
     25 infantries
     25 infant
     25 infamous
     25 infamies
     25 inexperience
     25 industry
     25 indulgence
     25 indulge
     25 induces
     25 induced
     25 induce
     25 indignity
     25 indicated
     25 indebted
     25 incurring
     25 incurred
     25 incurable
     25 incur
     25 incredulity
     25 increased
     25 inconstant
     25 inconsiderable
     25 income
     25 inclines
     25 incessantly
     25 incautious
     25 imputation
     25 impulse
     25 impugn
     25 improving
     25 improvements
     25 improved
     25 impotence
     25 imposing
     25 importance
     25 impetuously
     25 imperilled
     25 imola
     25 imagined
     25 imagine
     25 imagination
     25 imaginary
     25 illustrated
     25 illustrate
     25 ills
     25 il
     25 iii
     25 ignominies
     25 idle
     25 idea
     25 hurtful
     25 humbling
     25 humbled
     25 hot
     25 horses
     25 horsemen
     25 horseback
     25 hoping
     25 honestly
     25 home
     25 homage
     25 holy
     25 holiness
     25 hindrance
     25 hills
     25 hill
     25 hidden
     25 hesitation
     25 hereafter
     25 helps
     25 helpless
     25 hellespont
     25 heirs
     25 hebrews
     25 hears
     25 heard
     25 heal
     25 heads
     25 hazards
     25 hazardous
     25 hawkwood
     25 haughty
     25 hate
     25 hat
     25 haste
     25 harsh
     25 harm
     25 hardship
     25 harbour
     25 hannibal
     25 handled
     25 handed
     25 hamilcar
     25 hallowed
     25 guilds
     25 guidubaldo
     25 guided
     25 guerdon
     25 guelph
     25 guards
     25 guarding
     25 greed
     25 gravity
     25 gratify
     25 granted
     25 grandfather
     25 granada
     25 gracious
     25 gracchi
     25 governs
     25 governance
     25 goths
     25 gone
     25 goliath
     25 going
     25 goes
     25 goal
     25 gloriously
     25 glorious
     25 gladiators
     25 giver
     25 ghibelline
     25 getting
     25 gets
     25 german
     25 generous
     25 generality
     25 gates
     25 gascony
     25 garrisons
     25 gallantly
     25 gaeta
     25 fury
     25 furore
     25 fullest
     25 fulfilled
     25 frustrated
     25 fruit
     25 frequently
     25 frequent
     25 frenchmen
     25 fray
     25 fraud
     25 fourthly
     25 fourteen
     25 founder
     25 fought
     25 fortunate
     25 fortress
     25 fortitude
     25 forsook
     25 forms
     25 foreseeing
     25 foremost
     25 forefathers
     25 forbearance
     25 foot
     25 food
     25 folly
     25 foe
     25 fly
     25 florentine
     25 flood
     25 flies
     25 fled
     25 flavour
     25 fit
     25 firmly
     25 firing
     25 fines
     25 fine
     25 finally
     25 final
     25 filippo
     25 figuratively
     25 fifteen
     25 fia
     25 fewer
     25 fevers
     25 fever
     25 festivals
     25 festered
     25 fermans
     25 felt
     25 feeling
     25 feel
     25 favourable
     25 fault
     25 fathers
     25 fatherland
     25 fatal
     25 fast
     25 families
     25 false
     25 falling
     25 fallacious
     25 faithlessness
     25 faithless
     25 failing
     25 failed
     25 facilitates
     25 fabius
     25 eyes
     25 eye
     25 extricating
     25 extremity
     25 extraordinarily
     25 extracts
     25 extortion
     25 extinguish
     25 exterminating
     25 extent
     25 extended
     25 express
     25 experiment
     25 experienced
     25 expedients
     25 expects
     25 expecting
     25 expectation
     25 expansion
     25 expanded
     25 exist
     25 exhorting
     25 exhortation
     25 exhibit
     25 exhausted
     25 exemplar
     25 executor
     25 executions
     25 execution
     25 executed
     25 exchange
     25 excess
     25 exasperated
     25 exalted
     25 evidence
     25 event
     25 estate
     25 essential
     25 escaped
     25 escape
     25 erroneous
     25 erred
     25 equals
     25 equally
     25 equal
     25 epaminondas
     25 envy
     25 envoys
     25 envied
     25 entry
     25 entreats
     25 entreated
     25 entreat
     25 entire
     25 entertainments
     25 entertain
     25 enters
     25 enriching
     25 enormous
     25 enmities
     25 enlisting
     25 enlarged
     25 engagements
     25 engaged
     25 engage
     25 enforced
     25 ends
     25 endowed
     25 encounter
     25 encampments
     25 enabling
     25 enabled
     25 employs
     25 eminence
     25 embroil
     25 elevated
     25 elect
     25 eight
     25 egyptians
     25 egypt
     25 efficacious
     25 effeminacy
     25 effects
     25 edifice
     25 economy
     25 eating
     25 earned
     25 earn
     25 early
     25 duty
     25 duties
     25 duration
     25 dura
     25 dukes
     25 duels
     25 drove
     25 driving
     25 drives
     25 drinking
     25 drilled
     25 drew
     25 drawing
     25 downright
     25 dividing
     25 divides
     25 diverted
     25 divers
     25 diverge
     25 ditches
     25 ditch
     25 disunion
     25 disturbance
     25 distributed
     25 distracted
     25 distinguish
     25 distinct
     25 dissolving
     25 dissolution
     25 dissensions
     25 dissembler
     25 disregard
     25 disputes
     25 dispossessed
     25 dispositions
     25 display
     25 dispensed
     25 dismayed
     25 dismantled
     25 dismantle
     25 disloyal
     25 disguise
     25 disdain
     25 discussions
     25 discrimination
     25 discriminating
     25 discoursed
     25 discourage
     25 discontent
     25 discerning
     25 discern
     25 disastrous
     25 disaster
     25 disadvantageous
     25 disadvantage
     25 directs
     25 diminished
     25 diligence
     25 dignified
     25 differently
     25 differences
     25 dido
     25 di
     25 dexterity
     25 devotion
     25 devised
     25 deviated
     25 deviate
     25 deterred
     25 detected
     25 destructive
     25 destroys
     25 despiser
     25 desperation
     25 desperate
     25 despair
     25 desolation
     25 desist
     25 desiring
     25 desirable
     25 designing
     25 description
     25 describe
     25 descending
     25 depriving
     25 deprives
     25 depots
     25 dependent
     25 depended
     25 depart
     25 deny
     25 denouncing
     25 demonstrate
     25 demolish
     25 demands
     25 demand
     25 delivered
     25 deliverance
     25 deliver
     25 delinquents
     25 delicate
     25 delayed
     25 defiance
     25 defends
     25 defending
     25 defenders
     25 defender
     25 defeated
     25 defeat
     25 deeming
     25 decrease
     25 deceits
     25 dearer
     25 dealings
     25 dealing
     25 de
     25 dastardy
     25 dashed
     25 d
     25 cut
     25 custode
     25 cuor
     25 crime
     25 credited
     25 cowardice
     25 covetous
     25 courts
     25 courtesy
     25 countess
     25 counterfeit
     25 counteract
     25 counter
     25 counsellors
     25 councillors
     25 council
     25 costly
     25 cost
     25 corto
     25 corruption
     25 corrupting
     25 corrupter
     25 corrupt
     25 copiously
     25 coolness
     25 cooled
     25 converting
     25 converge
     25 convenient
     25 contumeliously
     25 contro
     25 continue
     25 continuance
     25 continual
     25 contesting
     25 contended
     25 contend
     25 consummating
     25 consummate
     25 consulted
     25 constraint
     25 constrain
     25 constitutions
     25 constitution
     25 constantinople
     25 constant
     25 conspiracy
     25 consort
     25 consolidated
     25 consists
     25 consisting
     25 consistent
     25 considerations
     25 conquests
     25 conquest
     25 conjecture
     25 conio
     25 confusions
     25 confront
     25 conformed
     25 confirming
     25 confining
     25 confidence
     25 confess
     25 conferred
     25 condottieri
     25 condition
     25 condemn
     25 concur
     25 conclusions
     25 concerned
     25 conceived
     25 conceded
     25 concealed
     25 conceal
     25 comprehensively
     25 comprehend
     25 completely
     25 complained
     25 complacent
     25 compete
     25 compels
     25 compassionate
     25 comparison
     25 compared
     25 compare
     25 companions
     25 companion
     25 communicate
     25 commotion
     25 commerce
     25 commended
     25 commencing
     25 commanded
     25 combatter
     25 combats
     25 colony
     25 colleague
     25 coldly
     25 cogunt
     25 cloud
     25 closed
     25 close
     25 cloak
     25 clement
     25 clearing
     25 clearer
     25 cleanse
     25 classes
     25 citta
     25 cite
     25 circumvent
     25 circumstance
     25 circumspect
     25 christian
     25 christendom
     25 chose
     25 chooses
     25 chiron
     25 children
     25 childhood
     25 chiefs
     25 cherish
     25 che
     25 chastity
     25 chastisements
     25 chaste
     25 chase
     25 charge
     25 changeful
     25 changeable
     25 chances
     25 champion
     25 chamber
     25 challenge
     25 cesena
     25 centaur
     25 celebrated
     25 cautiously
     25 castle
     25 castile
     25 castello
     25 carthaginian
     25 carthage
     25 carrying
     25 carried
     25 carmignola
     25 caring
     25 career
     25 caravaggio
     25 captured
     25 capacity
     25 capabilities
     25 cancel
     25 canal
     25 campaigns
     25 campaign
     25 camp
     25 camerino
     25 calm
     25 calls
     25 callings
     25 call
     25 buy
     25 business
     25 burn
     25 burgundy
     25 burdening
     25 burden
     25 buildings
     25 building
     25 brutal
     25 broken
     25 brittany
     25 bridle
     25 breeds
     25 breasts
     25 brave
     25 branch
     25 bracceschi
     25 bow
     25 bounds
     25 boundless
     25 borne
     25 borders
     25 bondmen
     25 bond
     25 bolognese
     25 boldly
     25 bodyguard
     25 bodies
     25 blunder
     25 blow
     25 bloody
     25 bloodshed
     25 block
     25 blacksmith
     25 binds
     25 binding
     25 billets
     25 bid
     25 betook
     25 bestows
     25 besiege
     25 beset
     25 bernabo
     25 bergamo
     25 bentivogli
     25 benignant
     25 benefited
     25 benefit
     25 benefactor
     25 belong
     25 behoved
     25 behind
     25 behave
     25 begun
     25 begets
     25 befall
     25 beasts
     25 bearing
     25 battalions
     25 baseness
     25 based
     25 bartolomeo
     25 barbarians
     25 banquets
     25 banquet
     25 banner
     25 balanced
     25 baglioni
     25 backwards
     25 axiom
     25 awed
     25 aware
     25 avoids
     25 avenged
     25 avaricious
     25 avarice
     25 available
     25 auspices
     25 aurelius
     25 audacity
     25 attribute
     25 attraction
     25 attracted
     25 attract
     25 attentively
     25 attentions
     25 attempt
     25 attachment
     25 atop
     25 athens
     25 astuteness
     25 astute
     25 astonished
     25 assured
     25 assumed
     25 assume
     25 assists
     25 assisting
     25 assigned
     25 asserting
     25 asserted
     25 assent
     25 assembled
     25 assault
     25 assassination
     25 assailed
     25 aspired
     25 aspect
     25 asks
     25 aside
     25 asiatic
     25 ascent
     25 ascends
     25 ascendancy
     25 artillery
     25 artfully
     25 arrow
     25 arrive
     25 array
     25 arrangement
     25 arrange
     25 arming
     25 arme
     25 argue
     25 architect
     25 archers
     25 arc
     25 arbiters
     25 aquileia
     25 appropriate
     25 approaches
     25 approach
     25 apprehends
     25 appreciates
     25 appreciate
     25 appointed
     25 applied
     25 applicable
     25 apparel
     25 antonio
     25 antico
     25 anticipating
     25 anticipated
     25 annoyances
     25 animosity
     25 ancor
     25 ancestors
     25 anarchy
     25 amusing
     25 amity
     25 altered
     25 ally
     25 allows
     25 allowing
     25 alleged
     25 allege
     25 aliens
     25 alienate
     25 alexandria
     25 alessandria
     25 alberigo
     25 alba
     25 al
     25 air
     25 aims
     25 agriculture
     25 agrees
     25 agreement
     25 agreeable
     25 ago
     25 agility
     25 ages
     25 age
     25 affirm
     25 affections
     25 affected
     25 affair
     25 affable
     25 affability
     25 advocates
     25 advisers
     25 advisable
     25 adverse
     25 advances
     25 adroitly
     25 adorned
     25 admits
     25 admit
     25 admire
     25 admiration
     25 administrators
     25 adhered
     25 address
     25 additional
     25 addict
     25 add
     25 acuto
     25 acts
     25 acted
     25 acquainted
     25 achieved
     25 accustoms
     25 accuse
     25 accumulate
     25 accorded
     25 accord
     25 accommodate
     25 accident
     25 accession
     25 acceptable
     25 accept
     25 abstains
     25 abstain
     25 absolutely
     25 absence
     25 abates
     25 abate
     25 abandonment
     25 abandon
