BUILD COMMANDS FOR: wordfreq.nhc98

Wed Apr 13 07:53:47 PDT 2005

cp /opt/shootout/shootout/bench/wordfreq/wordfreq.nhc98 wordfreq.hs
/usr/bin/nhc98 -package base wordfreq.hs -o wordfreq.nhc98_run

Fail: user error (Can't open any of:
 ./Data/Array/IO.hi
 /usr/include/nhc98/base/Data/Array/IO.hi
 /usr/include/nhc98/Data/Array/IO.hi
 when trying to read Data.Array.IO.
)

make[3]: [wordfreq.nhc98_run] Error 1 (ignored)

=================================================================
COMMAND LINE (%A is single numeric argument):

 wordfreq.nhc98_run %A +RTS -H40M
Error, could not exec  wordfreq.nhc98_run 5 +RTS -H40M (No such file or directory)
PATH=/opt/shootout/shootout/bench/wordfreq:/opt/shootout/shootout/bench/wordfreq/tmp:/opt/intel_fc_80/bin:/opt/intel_cc_80/bin:/usr/lib/poplog/current-poplog/pop/pop:/usr/bin:/bin:/usr/lib/poplog/current-poplog/pop/com
************************************************************
*   TEST (wordfreq.nhc98_run) FAILED:  wordfreq.nhc98_out differs from Output.5
************************************************************
-rw-r--r--  1 brent brent 54123 Apr  2 21:32 Output.5
-rw-r--r--  1 brent brent     0 Apr 13 07:53 wordfreq.nhc98_out


PROGRAM OUTPUT
==============
