
Fri, 29 Jan 2010 04:36:48 GMT

MAKE:
mv binarytrees.fsharp binarytrees.fs
/usr/local/src/mono-2.6.1/bin/mono /usr/local/src/FSharp-1.9.7.8/bin/fsc.exe -r FSharp.PowerPack.dll --platform:x86 -O  -o binarytrees.fsharp_run.exe binarytrees.fs
Microsoft F# Compiler, (c) Microsoft Corporation, All Rights Reserved
F# Version 1.9.7.8, compiling for .NET Framework Version v2.0.50727

\home\dunham\benchmarksgame_onecore\binarytrees\tmp\binarytrees.fs(20,31): warning FS0062: This construct is for compatibility with OCaml. The expression form 'expr.(expr)' is considered deprecated for F# code. In F# code you may use 'expr.[expr]'. A type annotation may be required to indicate the first expression is an array. This warning can be disabled using '--mlcompatibility', '--nowarn 62' or '#nowarn "62"'.

\home\dunham\benchmarksgame_onecore\binarytrees\tmp\binarytrees.fs(20,17): warning FS0062: This construct is for compatibility with OCaml. Consider using the operator 'int' instead. This warning can be disabled using '--mlcompatibility', '--nowarn 62' or '#nowarn "62"'.

\home\dunham\benchmarksgame_onecore\binarytrees\tmp\binarytrees.fs(20,31): warning FS0062: This construct is for compatibility with OCaml. Consider using 'arr.[idx]' instead. This warning can be disabled using '--mlcompatibility', '--nowarn 62' or '#nowarn "62"'.

\home\dunham\benchmarksgame_onecore\binarytrees\tmp\binarytrees.fs(20,31): warning FS0062: This construct is for compatibility with OCaml. This warning can be disabled using '--mlcompatibility', '--nowarn 62' or '#nowarn "62"'.

\home\dunham\benchmarksgame_onecore\binarytrees\tmp\binarytrees.fs(20,31): warning FS0062: This construct is for compatibility with OCaml. Consider using System.Environment.GetCommandLineArgs directly. This warning can be disabled using '--mlcompatibility', '--nowarn 62' or '#nowarn "62"'.
rm binarytrees.fs
4.60s to complete and log all make actions

COMMAND LINE:
/usr/local/src/mono-2.6.1/bin/mono binarytrees.fsharp_run.exe 20

PROGRAM OUTPUT:
stretch tree of depth 21	 check: -1
2097152	 trees of depth 4	 check: -2097152
524288	 trees of depth 6	 check: -524288
131072	 trees of depth 8	 check: -131072
32768	 trees of depth 10	 check: -32768
8192	 trees of depth 12	 check: -8192
2048	 trees of depth 14	 check: -2048
512	 trees of depth 16	 check: -512
128	 trees of depth 18	 check: -128
32	 trees of depth 20	 check: -32
long lived tree of depth 20	 check: -1
