
Fri, 29 Jan 2010 04:13:09 GMT

MAKE:
mv binarytrees.fpascal binarytrees.pas
/usr/local/src/fpc-2.4.0.i386-linux/bin/fpc -FuInclude/fpascal -XXs -Oppentiumm -Cppentiumm -O3 -Cfsse2  -oFPASCAL_RUN binarytrees.pas
Free Pascal Compiler version 2.4.0 [2009/12/28] for i386
Copyright (c) 1993-2009 by Florian Klaempfl
Target OS: Linux for i386
Compiling binarytrees.pas
Linking FPASCAL_RUN
/usr/bin/ld: warning: link.res contains output sections; did you forget -T?
140 lines compiled, 0.2 sec 
mv FPASCAL_RUN binarytrees.fpascal_run
rm binarytrees.pas
0.34s to complete and log all make actions

COMMAND LINE:
./binarytrees.fpascal_run 20

PROGRAM OUTPUT:
stretch tree of depth 21	 check: -1
2097152	 trees of depth 4	 check: -2097152
524288	 trees of depth 6	 check: -524288
131072	 trees of depth 8	 check: -131072
32768	 trees of depth 10	 check: -32768
8192	 trees of depth 12	 check: -8192
2048	 trees of depth 14	 check: -2048
512	 trees of depth 16	 check: -512
128	 trees of depth 18	 check: -128
32	 trees of depth 20	 check: -32
long lived tree of depth 20	 check: -1
