
Tue, 15 Feb 2011 12:04:13 GMT

COMMAND LINE:
/usr/local/src/racket-5.1/bin/racket chameneosredux.racket 6000000

PROGRAM OUTPUT:
blue + blue -> blue
blue + red -> yellow
blue + yellow -> red
red + blue -> yellow
red + red -> red
red + yellow -> blue
yellow + blue -> red
yellow + red -> blue
yellow + yellow -> yellow

 blue red yellow
4000010 zero
3999986 zero
4000004 zero
 one two zero zero zero zero zero zero

 blue red yellow red yellow blue red yellow red blue
1199998 zero
1200002 zero
1199998 zero
1199998 zero
1200002 zero
1199998 zero
1200001 zero
1200001 zero
1200000 zero
1200002 zero
 one two zero zero zero zero zero zero

