
Thu, 19 Mar 2009 05:34:14 GMT

MAKE:
mv chameneosredux.javaxint-2.javaxint chameneosredux.java
/usr/bin/javac chameneosredux.java
0.49s to complete and log all make actions

COMMAND LINE:
/usr/bin/java  -server -Xint chameneosredux 6000000

PROGRAM OUTPUT:
blue + blue -> blue
blue + red -> yellow
blue + yellow -> red
red + blue -> yellow
red + red -> red
red + yellow -> blue
yellow + blue -> red
yellow + red -> blue
yellow + yellow -> yellow

 blue red yellow
4001054 zero
4018367 zero
3980579 zero
 one two zero zero zero zero zero zero

 blue red yellow red yellow blue red yellow red blue
1212191 zero
1220402 zero
1217311 zero
1217678 zero
1209693 zero
1195946 zero
1189377 zero
1188924 zero
1184739 zero
1163739 zero
 one two zero zero zero zero zero zero

