
Sun, 14 Sep 2008 20:29:23 GMT

MAKE:
/usr/bin/nicec -d . --sourcepath ".:.." -a chameneosredux.jar tmp
nice.lang: parsing
tmp: parsing
tmp: typechecking
tmp: generating code
tmp: linking
tmp: writing in archive
nice.lang: writing in archive

COMMAND LINE:
/usr/bin/java -server -jar chameneosredux.jar 6000000

PROGRAM OUTPUT:
blue + blue -> blue
blue + red -> yellow
blue + yellow -> red
red + blue -> yellow
red + red -> red
red + yellow -> blue
yellow + blue -> red
yellow + red -> blue
yellow + yellow -> yellow

 blue red yellow
4170058 zero
3675619 zero
4154323 zero
 one two zero zero zero zero zero zero

 blue red yellow red yellow blue red yellow red blue
1491693 zero
1343530 zero
1108744 zero
958753 zero
1119221 zero
1058712 zero
1347428 zero
1306847 zero
1353881 zero
911191 zero
 one two zero zero zero zero zero zero

