
Fri, 18 Mar 2011 01:22:00 GMT

MAKE:
mv chameneosredux.jruby chameneosredux.rb
0.01s to complete and log all make actions

COMMAND LINE:
/usr/local/src/jruby-1.6.0/bin/jruby --server  chameneosredux.rb 6000000

PROGRAM OUTPUT:
blue + blue -> blue
blue + red -> yellow
blue + yellow -> red
red + blue -> yellow
red + red -> red
red + yellow -> blue
yellow + blue -> red
yellow + red -> blue
yellow + yellow -> yellow

blue red yellow 
3988573 zero
4006393 zero
4005034 zero
 one two zero zero zero zero zero zero

blue red yellow red yellow blue red yellow red blue 
1203298 zero
1197265 zero
1204172 zero
1207724 zero
1197399 zero
1199072 zero
1210946 zero
1197106 zero
1193720 zero
1189298 zero
 one two zero zero zero zero zero zero

