
Fri, 13 May 2011 08:36:42 GMT

MAKE:
mv chameneosredux.java chameneosredux.java
mv: `chameneosredux.java' and `chameneosredux.java' are the same file
make: [chameneosredux.java_run] Error 1 (ignored)
/usr/local/src/jdk1.6.0_25/bin/javac chameneosredux.java
0.51s to complete and log all make actions

COMMAND LINE:
/usr/local/src/jdk1.6.0_25/bin/java  -server -XX:+TieredCompilation -XX:+AggressiveOpts chameneosredux 6000000

PROGRAM OUTPUT:
blue + blue -> blue
blue + red -> yellow
blue + yellow -> red
red + blue -> yellow
red + red -> red
red + yellow -> blue
yellow + blue -> red
yellow + red -> blue
yellow + yellow -> yellow

 blue red yellow
4156884 zero
3969910 zero
3873206 zero
 one two zero zero zero zero zero zero

 blue red yellow red yellow blue red yellow red blue
1205739 zero
1020047 zero
1419112 zero
1223759 zero
1168034 zero
1105563 zero
1334472 zero
1068382 zero
1033147 zero
1421745 zero
 one two zero zero zero zero zero zero

