
Thu, 19 Mar 2009 05:37:21 GMT

MAKE:
mv chameneosredux.javaxint chameneosredux.java
/usr/bin/javac chameneosredux.java
0.50s to complete and log all make actions

COMMAND LINE:
/usr/bin/java  -server -Xint chameneosredux 6000000

PROGRAM OUTPUT:
blue + blue -> blue
blue + red -> yellow
blue + yellow -> red
red + blue -> yellow
red + red -> red
red + yellow -> blue
yellow + blue -> red
yellow + red -> blue
yellow + yellow -> yellow

 blue red yellow
4005011 zero
3988473 zero
4006516 zero
 one two zero zero zero zero zero zero

 blue red yellow red yellow blue red yellow red blue
1204362 zero
1224435 zero
1226189 zero
1198407 zero
1205663 zero
1212322 zero
1180000 zero
1196618 zero
1198438 zero
1153566 zero
 one two zero zero zero zero zero zero

