
Sun, 22 Nov 2009 08:00:26 GMT

MAKE:
mv chameneosredux.javaxint-3.javaxint chameneosredux.java
/usr/lib/jvm/java-6-sun/bin/javac chameneosredux.java
0.62s to complete and log all make actions

COMMAND LINE:
/usr/lib/jvm/java-6-sun/bin/java  -server -Xint chameneosredux 6000000

PROGRAM OUTPUT:
blue + blue -> blue
blue + red -> yellow
blue + yellow -> red
red + blue -> yellow
red + red -> red
red + yellow -> blue
yellow + blue -> red
yellow + red -> blue
yellow + yellow -> yellow

 blue red yellow
3968948 zero
4032610 zero
3998442 zero
 one two zero zero zero zero zero zero

 blue red yellow red yellow blue red yellow red blue
1182962 zero
1254365 zero
1125132 zero
1224265 zero
1186391 zero
1157331 zero
1210301 zero
1188484 zero
1294599 zero
1176170 zero
 one two zero zero zero zero zero zero

