
Wed, 04 May 2011 08:51:49 GMT

MAKE:
mv chameneosredux.csharp chameneosredux.cs
/usr/local/src/mono-2.10.2/bin/mcs  -optimize+ -out:chameneosredux.csharp_run chameneosredux.cs
rm chameneosredux.cs
0.85s to complete and log all make actions

COMMAND LINE:
/usr/local/src/mono-2.10.2/bin/mono-sgen --gc=sgen chameneosredux.csharp_run 6000000

PROGRAM OUTPUT:
blue + blue -> blue
blue + red -> yellow
blue + yellow -> red
red + blue -> yellow
red + red -> red
red + yellow -> blue
yellow + blue -> red
yellow + red -> blue
yellow + yellow -> yellow

 blue red yellow
3995186 zero
4021339 zero
3983475 zero
 one two zero zero zero zero zero zero

 blue red yellow red yellow blue red yellow red blue
1219991 zero
1217526 zero
1213723 zero
1211121 zero
1200014 zero
1192268 zero
1188782 zero
1181074 zero
1192747 zero
1182754 zero
 one two zero zero zero zero zero zero

