
Sun, 28 Mar 2010 00:53:58 GMT

COMMAND LINE:
/usr/local/src/mono-2.6.1/bin/mono /usr/local/src/IronPython-2.6.1/ipy.exe -O chameneosredux.ironpy-2.ironpy 6000000

PROGRAM OUTPUT:
blue + blue -> blue
blue + red -> yellow
blue + yellow -> red
red + blue -> yellow
red + red -> red
red + yellow -> blue
yellow + blue -> red
yellow + red -> blue
yellow + yellow -> yellow

 blue red yellow
4009312 zero
3986036 zero
4004652 zero
 one two zero zero zero zero zero zero

 blue red yellow red yellow blue red yellow red blue
2168993 zero
1909416 zero
1282732 zero
775428 zero
934020 zero
670102 zero
998384 zero
902338 zero
1065020 zero
1293567 zero
 one two zero zero zero zero zero zero

