
Wed, 28 Oct 2009 17:00:34 GMT

MAKE:
/usr/bin/g++ -c -pipe -O3 -fomit-frame-pointer -march=native  -I/usr/local/src/threadpool-0_2_5-src chameneosredux.gpp-4.c++ -o chameneosredux.gpp-4.c++.o &&  \
        /usr/bin/g++ chameneosredux.gpp-4.c++.o -o chameneosredux.gpp-4.gpp_run -lboost_thread-mt 
rm chameneosredux.gpp-4.c++
0.67s to complete and log all make actions

COMMAND LINE:
./chameneosredux.gpp-4.gpp_run 6000000

PROGRAM OUTPUT:
blue + blue -> blue
blue + red -> yellow
blue + yellow -> red
red + blue -> yellow
red + red -> red
red + yellow -> blue
yellow + blue -> red
yellow + red -> blue
yellow + yellow -> yellow

 blue red yellow
4021273 zero
4010669 zero
3968058 zero
 one two zero zero zero zero zero zero

 blue red yellow red yellow blue red yellow red blue
1260697 zero
1295460 zero
1220013 zero
1170406 zero
1178332 zero
1166120 zero
1180866 zero
1176010 zero
1174376 zero
1177720 zero
 one two zero zero zero zero zero zero

