
Wed, 10 Sep 2008 02:38:57 GMT

MAKE:
/usr/bin/g++ -c -pipe -O3 -fomit-frame-pointer  chameneosredux.gpp-3.c++ -o chameneosredux.gpp-3.c++.o &&  \
        /usr/bin/g++ chameneosredux.gpp-3.c++.o -o chameneosredux.gpp-3.gpp_run -L/usr/lib -lpthread 
rm chameneosredux.gpp-3.c++

COMMAND LINE:
./chameneosredux.gpp-3.gpp_run 60000

UNEXPECTED OUTPUT 

14c14
< 950 zero
--- field 1	relative error 3.33e+01
> 32622 zero
19c19
< 59944 zero
--- field 1	relative error 1.07e+00
> 28933 zero
20c20
< 114 zero
--- field 1	relative error 2.04e+02
> 23457 zero
21c21
< 0 zero
--- field 1	relative error 1.0e+00
> 12933 zero
22c22
< 0 zero
--- field 1	relative error 1.0e+00
> 6904 zero
23c23
< 0 zero
--- field 1	relative error 1.0e+00
> 6089 zero

PROGRAM OUTPUT:
blue + blue -> blue
blue + red -> yellow
blue + yellow -> red
red + blue -> yellow
red + red -> red
red + yellow -> blue
yellow + blue -> red
yellow + red -> blue
yellow + yellow -> yellow

blue red yellow 
59525 zero
59525 zero
950 zero
 one two zero zero zero zero

blue red yellow red yellow blue red yellow red blue 
59942 zero
59944 zero
114 zero
0 zero
0 zero
0 zero
0 zero
0 zero
0 zero
0 zero
 one two zero zero zero zero

