
Fri, 13 Nov 2009 02:13:48 GMT

MAKE:
/usr/local/src/go/bin/8g -o chameneosredux.go.6 chameneosredux.go && \
	/usr/local/src/go/bin/8l -o chameneosredux.go_run chameneosredux.go.6
0.22s to complete and log all make actions

COMMAND LINE:
./chameneosredux.go_run 6000000

PROGRAM OUTPUT:
blue + blue -> blue
blue + red -> yellow
blue + yellow -> red
red + blue -> yellow
red + red -> red
red + yellow -> blue
yellow + blue -> red
yellow + red -> blue
yellow + yellow -> yellow

 blue red yellow
4015180  zero
4015179  zero
3969641  zero
 one two zero zero zero zero zero zero

 blue red yellow red yellow blue red yellow red blue
1273479  zero
1273479  zero
1220493  zero
1201322  zero
1190151  zero
1181183  zero
1173800  zero
1167407  zero
1161830  zero
1156856  zero
 one two zero zero zero zero zero zero

