
Sun, 14 Sep 2008 20:20:41 GMT

MAKE:
/usr/bin/nicec -d . --sourcepath ".:.." -a chameneosredux.jar tmp
nice.lang: parsing
tmp: parsing
tmp: typechecking
tmp: generating code
tmp: linking
tmp: writing in archive
nice.lang: writing in archive

COMMAND LINE:
/usr/bin/java -server -jar chameneosredux.jar 6000000

PROGRAM OUTPUT:
blue + blue -> blue
blue + red -> yellow
blue + yellow -> red
red + blue -> yellow
red + red -> red
red + yellow -> blue
yellow + blue -> red
yellow + red -> blue
yellow + yellow -> yellow

 blue red yellow
3971157 zero
4066548 zero
3962295 zero
 one two zero zero zero zero zero zero

 blue red yellow red yellow blue red yellow red blue
1244665 zero
1259957 zero
1314382 zero
1169608 zero
1122157 zero
1166438 zero
1141286 zero
1201538 zero
1209420 zero
1170549 zero
 one two zero zero zero zero zero zero

