
Thu, 28 Apr 2011 23:44:36 GMT

MAKE:
/usr/bin/gcc -pipe -Wall -O3 -fomit-frame-pointer -march=native -lpthread chameneosredux.gcc-2.c -o chameneosredux.gcc-2.gcc_run
rm chameneosredux.gcc-2.c
0.19s to complete and log all make actions

COMMAND LINE:
./chameneosredux.gcc-2.gcc_run 6000000

PROGRAM OUTPUT:
blue + blue -> blue
blue + red -> yellow
blue + yellow -> red
red + blue -> yellow
red + red -> red
red + yellow -> blue
yellow + blue -> red
yellow + red -> blue
yellow + yellow -> yellow

blue red yellow 
3613899 zero
3556296 zero
4829805 zero
 one two zero zero zero zero zero zero

blue red yellow red yellow blue red yellow red blue 
1216199 zero
1162868 zero
1157118 zero
1192218 zero
1216431 zero
1229815 zero
1183845 zero
1195173 zero
1234023 zero
1212310 zero
 one two zero zero zero zero zero zero

