
Sun, 14 Sep 2008 20:38:25 GMT

MAKE:
/usr/bin/g++ -c -pipe -O3 -fomit-frame-pointer  chameneosredux.gpp-2.c++ -o chameneosredux.gpp-2.c++.o &&  \
        /usr/bin/g++ chameneosredux.gpp-2.c++.o -o chameneosredux.gpp-2.gpp_run -L/usr/lib -lpthread 
rm chameneosredux.gpp-2.c++

COMMAND LINE:
./chameneosredux.gpp-2.gpp_run 6000000

PROGRAM OUTPUT:
blue + blue -> blue
blue + red -> yellow
blue + yellow -> red
red + blue -> yellow
red + red -> red
red + yellow -> blue
yellow + blue -> red
yellow + red -> blue
yellow + yellow -> yellow

blue red yellow 
4063551 zero
3982413 zero
3954036 zero
 one two zero zero zero zero zero zero

blue red yellow red yellow blue red yellow red blue 
1337436 zero
1276225 zero
1241847 zero
1224477 zero
1196535 zero
1184321 zero
1166663 zero
1143190 zero
1120804 zero
1108502 zero
 one two zero zero zero zero zero zero

