
Sat, 04 Oct 2008 02:17:36 GMT

MAKE:
mv chameneosredux.ghc-2.ghc chameneosredux.ghc-2.hs
/usr/bin/ghc --make -O2 -fglasgow-exts -fbang-patterns -funbox-strict-fields chameneosredux.ghc-2.hs -o chameneosredux.ghc-2.ghc_run
[1 of 1] Compiling Main             ( chameneosredux.ghc-2.hs, chameneosredux.ghc-2.o )
Linking chameneosredux.ghc-2.ghc_run ...
rm chameneosredux.ghc-2.hs

COMMAND LINE:
./chameneosredux.ghc-2.ghc_run +RTS -K100M -RTS 6000000

PROGRAM OUTPUT:
blue + blue -> blue
blue + red -> yellow
blue + yellow -> red
red + blue -> yellow
red + red -> red
red + yellow -> blue
yellow + blue -> red
yellow + red -> blue
yellow + yellow -> yellow

 blue red yellow
3000015 zero
3000016 zero
5999969 zero
 one two zero zero zero zero zero zero

 blue red yellow red yellow blue red yellow red blue
1200000 zero
1200001 zero
1200001 zero
1200001 zero
1200000 zero
1200000 zero
1200000 zero
1200000 zero
1199999 zero
1199998 zero
 one two zero zero zero zero zero zero

