
Fri, 29 Apr 2011 05:41:44 GMT

COMMAND LINE:
/usr/bin/perl chameneosredux.perl 6000000

PROGRAM OUTPUT:
blue + blue -> blue
blue + red -> yellow
blue + yellow -> red
red + blue -> yellow
red + red -> red
red + yellow -> blue
yellow + blue -> red
yellow + red -> blue
yellow + yellow -> yellow

 blue red yellow
3999958 zero
4000035 zero
4000007 zero
 one two zero zero zero zero zero zero

 blue red yellow red yellow blue red yellow red blue
1200056 zero
1200052 zero
1200048 zero
1200044 zero
1200046 zero
1200052 zero
1199926 zero
1199922 zero
1199928 zero
1199926 zero
 one two zero zero zero zero zero zero

