
Mon, 24 Aug 2009 22:25:00 GMT

MAKE:
mv chameneosredux.python3-2.python3 chameneosredux.python3-2.py
/usr/local/src/Python-3.1.1/bin/python3.1 -OO -c "from py_compile import compile; compile('chameneosredux.python3-2.py')"
0.06s to complete and log all make actions

COMMAND LINE:
/usr/local/src/Python-3.1.1/bin/python3.1 chameneosredux.python3-2.pyo 6000000

PROGRAM OUTPUT:
blue + blue -> blue
blue + red -> yellow
blue + yellow -> red
red + blue -> yellow
red + red -> red
red + yellow -> blue
yellow + blue -> red
yellow + red -> blue
yellow + yellow -> yellow

 blue red yellow
4000000 zero
4000000 zero
4000000 zero
 one two zero zero zero zero zero zero

 blue red yellow red yellow blue red yellow red blue
1200000 zero
1200000 zero
1200000 zero
1200000 zero
1200000 zero
1200000 zero
1200000 zero
1200000 zero
1200000 zero
1200000 zero
 one two zero zero zero zero zero zero

