
Fri, 18 Feb 2011 19:47:29 GMT

MAKE:
cp: `fannkuchredux.sbcl-4.sbcl' and `./fannkuchredux.sbcl-4.sbcl' are the same file
SBCL built with: /usr/local/bin/sbcl --userinit /dev/null --batch --eval '(load "fannkuchredux.sbcl-4.sbcl_compile")'
### START fannkuchredux.sbcl-4.sbcl_compile
(handler-bind ((sb-ext:defconstant-uneql      (lambda (c) (abort c))))      (load (compile-file "fannkuchredux.sbcl-4.sbcl" ))) (save-lisp-and-die "sbcl.core" :purify t)
### END fannkuchredux.sbcl-4.sbcl_compile


; compiling file "/home/dunham/shootout/bench/fannkuchredux/fannkuchredux.sbcl-4.sbcl" (written 18 FEB 2011 10:56:13 AM):
; compiling (DECLAIM (OPTIMIZE # ...))
; compiling (DEFMACRO SB ...)
; compiling (DEFTYPE SB ...)
; compiling (DEFMACRO SETLAMBDA ...)
; compiling (DEFMACRO COUNTFLIPLAMBDA ...)
; compiling (DEFUN FACTORIAL ...)
; file: /home/dunham/shootout/bench/fannkuchredux/fannkuchredux.sbcl-4.sbcl
; in: DEFUN FACTORIAL
;     (* N (FACTORIAL (- N 1)))
; 
; note: unable to
;   optimize
; due to type uncertainty:
;   The second argument is a NUMBER, not a FLOAT.
; 
; note: unable to
;   optimize
; due to type uncertainty:
;   The second argument is a NUMBER, not a (COMPLEX SINGLE-FLOAT).
; 
; note: unable to
;   optimize
; due to type uncertainty:
;   The second argument is a NUMBER, not a (COMPLEX DOUBLE-FLOAT).
; 
; note: unable to
;   convert x*2^k to shift
; due to type uncertainty:
;   The second argument is a NUMBER, not a INTEGER.
; 
; note: forced to do GENERIC-* (cost 30)
;       unable to do inline fixnum arithmetic (cost 4) because:
;       The second argument is a NUMBER, not a FIXNUM.
;       The result is a (VALUES NUMBER &OPTIONAL), not a (VALUES FIXNUM &REST T).
;       unable to do inline (signed-byte 32) arithmetic (cost 5) because:
;       The second argument is a NUMBER, not a (SIGNED-BYTE 32).
;       The result is a (VALUES NUMBER &OPTIONAL), not a (VALUES (SIGNED-BYTE 32)
;                                                                &REST T).
;       etc.

; compiling (LET (#) ...)
; compiling (DEFUN NTH-PERMUTATION ...)
; compiling (DEFUN NEXT-PERMUTATION ...)
; compiling (DEFUN FANNKUCH ...)
; compiling (DEFUN MAIN ...); 
; compilation unit finished
;   printed 5 notes


; /home/dunham/benchmarksgame_onecore/fannkuchredux/tmp/fannkuchredux.sbcl-4.fasl written
; compilation finished in 0:00:00.082
[undoing binding stack and other enclosing state... done]
[saving current Lisp image into sbcl.core:
writing 3512 bytes from the read-only space at 0x01000000
writing 2256 bytes from the static space at 0x01100000
writing 27684864 bytes from the dynamic space at 0x09000000
done]
### START fannkuchredux.sbcl-4.sbcl_run
(main) (quit)
### END fannkuchredux.sbcl-4.sbcl_run

0.58s to complete and log all make actions

COMMAND LINE:
/usr/local/bin/sbcl   --noinform --core sbcl.core --userinit /dev/null --load fannkuchredux.sbcl-4.sbcl_run 12

PROGRAM OUTPUT:
3968050
Pfannkuchen(12) = 65
