
Thu, 09 Oct 2008 01:12:37 GMT

MAKE:
/usr/local/src/ats-lang-anairiats-0.0.1/bin/atscc -D_ATS_MULTITHREAD -lpthread -pipe -Wall -O3 -fomit-frame-pointer  fannkuch.dats -o fannkuch.ats-4.ats_run
/usr/local/src/ats-lang-anairiats-0.0.1/bin/atsopt --output fannkuch_dats.c --dynamic fannkuch.dats
GC initialization is done.
The 1st translation (fixity) of [fannkuch.dats] is successfully completed!
The 2nd translation (binding) of [fannkuch.dats] is successfully completed!
The 3rd translation (typechecking) of [fannkuch.dats] is successfully completed!
The 4th translation (proof erasure) of [fannkuch.dats] is successfully completed!
The 5th translation (code emission) of [fannkuch.dats] is successfully completed!
/usr/local/src/ats-lang-anairiats-0.0.1/ccomp/runtime/ats_prelude.c: In function ‘ats_caseof_failure’:
/usr/local/src/ats-lang-anairiats-0.0.1/ccomp/runtime/ats_prelude.c:99: warning: implicit declaration of function ‘ats_exit_errmsg’
/usr/local/src/ats-lang-anairiats-0.0.1/ccomp/runtime/ats_prelude.c: In function ‘ats_pthread_create_detached_cloptr’:
/usr/local/src/ats-lang-anairiats-0.0.1/ccomp/runtime/ats_prelude.c:480: warning: implicit declaration of function ‘pthread_create’
/usr/local/src/ats-lang-anairiats-0.0.1/ccomp/runtime/ats_prelude.c: In function ‘ats_pthread_exit’:
/usr/local/src/ats-lang-anairiats-0.0.1/ccomp/runtime/ats_prelude.c:503: warning: implicit declaration of function ‘pthread_exit’
In file included from fannkuch_dats.c:19:
/usr/local/src/ats-lang-anairiats-0.0.1/prelude/CATS/char.cats: In function ‘atspre_char_isblank’:
/usr/local/src/ats-lang-anairiats-0.0.1/prelude/CATS/char.cats:185: warning: implicit declaration of function ‘isblank’
In file included from fannkuch_dats.c:32:
/usr/local/src/ats-lang-anairiats-0.0.1/libc/CATS/pthread.cats:3:1: warning: "/*" within comment
/usr/local/src/ats-lang-anairiats-0.0.1/libc/CATS/pthread.cats:4:1: warning: "/*" within comment
/usr/local/src/ats-lang-anairiats-0.0.1/libc/CATS/pthread.cats:5:1: warning: "/*" within comment
/usr/local/src/ats-lang-anairiats-0.0.1/libc/CATS/pthread.cats:6:1: warning: "/*" within comment
/usr/local/src/ats-lang-anairiats-0.0.1/libc/CATS/pthread.cats:7:1: warning: "/*" within comment
In file included from fannkuch_dats.c:32:
/usr/local/src/ats-lang-anairiats-0.0.1/libc/CATS/pthread.cats: In function ‘atslib_pthread_mutex_init’:
/usr/local/src/ats-lang-anairiats-0.0.1/libc/CATS/pthread.cats:64: warning: ‘return’ with no value, in function returning non-void
fannkuch_dats.c: In function ‘print_intarr_0’:
fannkuch_dats.c:180: warning: label ‘__ats_lab_0’ defined but not used
fannkuch_dats.c:170: warning: label ‘__ats_lab_print_intarr_0’ defined but not used
fannkuch_dats.c: In function ‘perm_rotate_1’:
fannkuch_dats.c:207: warning: label ‘__ats_lab_2’ defined but not used
fannkuch_dats.c:196: warning: label ‘__ats_lab_perm_rotate_1’ defined but not used
fannkuch_dats.c: In function ‘perm_next_2’:
fannkuch_dats.c:239: warning: label ‘__ats_lab_5_0’ defined but not used
fannkuch_dats.c:231: warning: label ‘__ats_lab_4_1’ defined but not used
fannkuch_dats.c:230: warning: label ‘__ats_lab_4_0’ defined but not used
fannkuch_dats.c: In function ‘fannkuch_one_3’:
fannkuch_dats.c:313: warning: label ‘__ats_lab_fannkuch_one_3’ defined but not used
fannkuch_dats.c: In function ‘fannkuch_all_6’:
fannkuch_dats.c:358: warning: label ‘__ats_lab_fannkuch_all_6’ defined but not used
fannkuch_dats.c: In function ‘fannkuch_worker_9’:
fannkuch_dats.c:399: warning: label ‘__ats_lab_fannkuch_worker_9’ defined but not used
fannkuch_dats.c: In function ‘__ats_fun_12’:
fannkuch_dats.c:416: warning: label ‘__ats_lab___ats_fun_12’ defined but not used
fannkuch_dats.c: In function ‘fannkuch_locklst_gen_10’:
fannkuch_dats.c:518: warning: label ‘__ats_lab_fannkuch_locklst_gen_10’ defined but not used
fannkuch_dats.c: In function ‘loop_14’:
fannkuch_dats.c:579: warning: label ‘__ats_lab_7_1’ defined but not used
fannkuch_dats.c:549: warning: label ‘__ats_lab_6_1’ defined but not used
fannkuch_dats.c:547: warning: label ‘__ats_lab_6_0’ defined but not used
fannkuch_dats.c: In function ‘fannkuch_locklst_free_13’:
fannkuch_dats.c:591: warning: label ‘__ats_lab_fannkuch_locklst_free_13’ defined but not used
fannkuch_dats.c: In function ‘usage_15’:
fannkuch_dats.c:601: warning: label ‘__ats_lab_usage_15’ defined but not used
fannkuch_dats.c: In function ‘mainats’:
fannkuch_dats.c:662: warning: label ‘__ats_lab_mainats’ defined but not used
fannkuch_dats.c: In function ‘main’:
fannkuch_dats.c:735: warning: implicit declaration of function ‘ats_gc_init’
fannkuch_dats.c:736: warning: implicit declaration of function ‘mainats_prelude’
fannkuch_dats.c: At top level:
/usr/local/src/ats-lang-anairiats-0.0.1/prelude/CATS/pointer.cats:53: warning: ‘atspre_null_ptr’ defined but not used
/usr/local/src/ats-lang-anairiats-0.0.1/prelude/CATS/printf.cats:50: warning: ‘atspre_fprintf_err’ defined but not used
/usr/local/src/ats-lang-anairiats-0.0.1/prelude/CATS/printf.cats:61: warning: ‘atspre_fprintf_exn’ defined but not used
/usr/local/src/ats-lang-anairiats-0.0.1/prelude/CATS/printf.cats:73: warning: ‘atspre_printf_err’ defined but not used
/usr/local/src/ats-lang-anairiats-0.0.1/prelude/CATS/printf.cats:98: warning: ‘atspre_prerrf_exn’ defined but not used
/usr/local/src/ats-lang-anairiats-0.0.1/prelude/CATS/string.cats:308: warning: ‘atspre_string_tolower’ defined but not used
/usr/local/src/ats-lang-anairiats-0.0.1/prelude/CATS/string.cats:321: warning: ‘atspre_string_toupper’ defined but not used
/usr/local/src/ats-lang-anairiats-0.0.1/prelude/CATS/string.cats:337: warning: ‘atspre_stropt_none’ defined but not used
gcc -I/usr/local/src/ats-lang-anairiats-0.0.1/ -I/usr/local/src/ats-lang-anairiats-0.0.1/ccomp/runtime/ -L/usr/local/src/ats-lang-anairiats-0.0.1/ccomp/lib/ /usr/local/src/ats-lang-anairiats-0.0.1/ccomp/runtime/ats_prelude.c -D_ATS_MULTITHREAD -lpthread -pipe -Wall -O3 -fomit-frame-pointer fannkuch_dats.c -o fannkuch.ats-4.ats_run -lats 

COMMAND LINE:
./fannkuch.ats-4.ats_run 11

PROGRAM OUTPUT:
1234567891011
2134567891011
2314567891011
3214567891011
3124567891011
1324567891011
2341567891011
3241567891011
3421567891011
4321567891011
4231567891011
2431567891011
3412567891011
4312567891011
4132567891011
1432567891011
1342567891011
3142567891011
4123567891011
1423567891011
1243567891011
2143567891011
2413567891011
4213567891011
2345167891011
3245167891011
3425167891011
4325167891011
4235167891011
2435167891011
Pfannkuchen(11) = 51
