
Fri, 23 Apr 2010 18:12:00 GMT

MAKE:
mv fannkuch.python3 fannkuch.py
/usr/local/src/Python-3.1.1/bin/python3.1 -OO -c "from py_compile import compile; compile('fannkuch.py')"
0.06s to complete and log all make actions

COMMAND LINE:
/usr/local/src/Python-3.1.1/bin/python3.1 fannkuch.pyo 12

PROGRAM OUTPUT:
123456789101112
213456789101112
231456789101112
321456789101112
312456789101112
132456789101112
234156789101112
324156789101112
342156789101112
432156789101112
423156789101112
243156789101112
341256789101112
431256789101112
413256789101112
143256789101112
134256789101112
314256789101112
412356789101112
142356789101112
124356789101112
214356789101112
241356789101112
421356789101112
234516789101112
324516789101112
342516789101112
432516789101112
423516789101112
243516789101112
Pfannkuchen(12) = 65
