
Mon, 01 Sep 2008 05:45:08 GMT

MAKE:
mv fannkuch.ghc-3.ghc fannkuch.ghc-3.hs
/usr/bin/ghc --make -O2 -fglasgow-exts -fparr fannkuch.ghc-3.hs -o fannkuch.ghc-3.ghc_run
[1 of 1] Compiling Main             ( fannkuch.ghc-3.hs, fannkuch.ghc-3.o )
Linking fannkuch.ghc-3.ghc_run ...
rm fannkuch.ghc-3.hs

COMMAND LINE:
./fannkuch.ghc-3.ghc_run  11

PROGRAM OUTPUT:
1234567891011
2134567891011
2314567891011
3214567891011
3124567891011
1324567891011
2341567891011
3241567891011
3421567891011
4321567891011
4231567891011
2431567891011
3412567891011
4312567891011
4132567891011
1432567891011
1342567891011
3142567891011
4123567891011
1423567891011
1243567891011
2143567891011
2413567891011
4213567891011
2345167891011
3245167891011
3425167891011
4325167891011
4235167891011
2435167891011
Pfannkuchen(11) = 51
