
Thu, 07 Jan 2010 23:10:33 GMT

MAKE:
cp fannkuch.lisaac fannkuch.li
split_file.bash fannkuch.li fannkuch.li
/usr/local/src/lisaac_0.39_rc1/bin/lisaac -i 20 fannkuch
--WARNING----------
Added ';'.
Line 17 column 41 in FANNKUCH(/home/dunham/benchmarksgame_onecore/fannkuch/tmp/fannkuch.li):
  ( + perm            :FAST_ARRAY[INTEGER];
                                         ^
--WARNING----------
Sorry, not yet implemented.
Line 17 column 42 in FANNKUCH(/home/dunham/benchmarksgame_onecore/fannkuch/tmp/fannkuch.li):
  ( + perm            :FAST_ARRAY[INTEGER];
                                          ^
--WARNING----------
Added ';'.
Line 18 column 41 in FANNKUCH(/home/dunham/benchmarksgame_onecore/fannkuch/tmp/fannkuch.li):
    + perm1           :FAST_ARRAY[INTEGER];
                                         ^
--WARNING----------
Sorry, not yet implemented.
Line 18 column 42 in FANNKUCH(/home/dunham/benchmarksgame_onecore/fannkuch/tmp/fannkuch.li):
    + perm1           :FAST_ARRAY[INTEGER];
                                          ^
--WARNING----------
Added ';'.
Line 19 column 41 in FANNKUCH(/home/dunham/benchmarksgame_onecore/fannkuch/tmp/fannkuch.li):
    + count           :FAST_ARRAY[INTEGER];
                                         ^
--WARNING----------
Sorry, not yet implemented.
Line 19 column 42 in FANNKUCH(/home/dunham/benchmarksgame_onecore/fannkuch/tmp/fannkuch.li):
    + count           :FAST_ARRAY[INTEGER];
                                          ^
--WARNING----------
Added ';'.
Line 20 column 41 in FANNKUCH(/home/dunham/benchmarksgame_onecore/fannkuch/tmp/fannkuch.li):
    + max_perm        :FAST_ARRAY[INTEGER];
                                         ^
--WARNING----------
Sorry, not yet implemented.
Line 20 column 42 in FANNKUCH(/home/dunham/benchmarksgame_onecore/fannkuch/tmp/fannkuch.li):
    + max_perm        :FAST_ARRAY[INTEGER];
                                          ^
--WARNING----------
Added ')'.
Line 31 column 26 in FANNKUCH(/home/dunham/benchmarksgame_onecore/fannkuch/tmp/fannkuch.li):
    perm     := FAST_ARRAY[INTEGER].create n;
                          ^
--WARNING----------
Added ';'.
Line 31 column 34 in FANNKUCH(/home/dunham/benchmarksgame_onecore/fannkuch/tmp/fannkuch.li):
    perm     := FAST_ARRAY[INTEGER].create n;
                                  ^
--WARNING----------
Added ';'.
Line 31 column 35 in FANNKUCH(/home/dunham/benchmarksgame_onecore/fannkuch/tmp/fannkuch.li):
    perm     := FAST_ARRAY[INTEGER].create n;
                                   ^
--SYNTAX-----------
Incorrect symbol.
Line 31 column 35 in FANNKUCH(/home/dunham/benchmarksgame_onecore/fannkuch/tmp/fannkuch.li):
    perm     := FAST_ARRAY[INTEGER].create n;
                                   ^
make: [fannkuch.lisaac_run] Error 1 (ignored)
/usr/bin/gcc -O3 -fomit-frame-pointer -march=native -lpthread -lpthread fannkuch.c -o fannkuch.lisaac_run
gcc: fannkuch.c: No such file or directory
make: [fannkuch.lisaac_run] Error 1 (ignored)
rm fannkuch.li
0.12s to complete and log all make actions

COMMAND LINE:
./fannkuch.lisaac_run 10

MAKE ERROR 

