
Sun, 13 Sep 2009 08:19:20 GMT

MAKE:
mv fannkuch.scala fannkuch.scala
mv: `fannkuch.scala' and `fannkuch.scala' are the same file
make: [fannkuch.scala_run] Error 1 (ignored)
/usr/local/src/scala-2.7.6.final/bin/scalac -optimise fannkuch.scala
fannkuch.scala:13: warning: match is not exhaustive!
missing combination            Nil

  def flips(l: List[int]): int = l match {
                                 ^
warning: there were deprecation warnings; re-run with -deprecation for details
two warnings found
3.08s to complete and log all make actions

COMMAND LINE:
 /usr/bin/java -server -Xbootclasspath/a:/usr/local/src/scala-2.7.6.final/lib/scala-library.jar fannkuch 12

PROGRAM OUTPUT:
123456789101112
213456789101112
231456789101112
321456789101112
312456789101112
132456789101112
234156789101112
324156789101112
342156789101112
432156789101112
423156789101112
243156789101112
341256789101112
431256789101112
413256789101112
143256789101112
134256789101112
314256789101112
412356789101112
142356789101112
124356789101112
214356789101112
241356789101112
421356789101112
234516789101112
324516789101112
342516789101112
432516789101112
423516789101112
243516789101112
Pfannkuchen(12) = 65
