
Mon, 22 Dec 2008 07:46:56 GMT

MAKE:
mv knucleotide.python3 knucleotide.py
/usr/local/src/Python-3.0/python -OO -c "from py_compile import compile; compile('knucleotide.py')"
0.04s to complete and log all make actions

COMMAND LINE:
/usr/local/src/Python-3.0/python knucleotide.pyo 0 < knucleotide-input5000000.txt

PROGRAM OUTPUT:
A 30.296
T 30.149
C 19.800
G 19.754

AA 9.177
TA 9.132
AT 9.130
TT 9.091
CA 6.002
AC 6.001
AG 5.987
GA 5.984
CT 5.971
TC 5.971
GT 5.957
TG 5.956
CC 3.917
GC 3.911
CG 3.909
GG 3.902

294331	GGT
89290	GGTA
9462	GGTATT
178	GGTATTTTAATT
178	GGTATTTTAATTTATAGT
