
Fri, 29 Jan 2010 15:52:41 GMT

MAKE:
/usr/bin/gcc -pipe -Wall -O3 -fomit-frame-pointer -march=native -std=c99 -include Include/simple_hash3.h -lpthread -pthread knucleotide.gcc-6.c -o knucleotide.gcc-6.gcc_run
In file included from <command-line>:0:
./Include/simple_hash3.h: In function ‘ht_find’:
./Include/simple_hash3.h:156: warning: ‘ht_hashcode’ is static but used in inline function ‘ht_find’ which is not static
./Include/simple_hash3.h: In function ‘ht_find_new’:
./Include/simple_hash3.h:173: warning: ‘ht_hashcode’ is static but used in inline function ‘ht_find_new’ which is not static
./Include/simple_hash3.h:191: warning: ‘ht_node_create’ is static but used in inline function ‘ht_find_new’ which is not static
./Include/simple_hash3.h:195: warning: ‘ht_node_create’ is static but used in inline function ‘ht_find_new’ which is not static
knucleotide.gcc-6.c: In function ‘read_stdin’:
knucleotide.gcc-6.c:117: warning: ignoring return value of ‘fgets_unlocked’, declared with attribute warn_unused_result
rm knucleotide.gcc-6.c
0.41s to complete and log all make actions

COMMAND LINE:
./knucleotide.gcc-6.gcc_run 0 < knucleotide-input25000000.txt

PROGRAM OUTPUT:
A 30.295
T 30.151
C 19.800
G 19.754

AA 9.177
TA 9.132
AT 9.131
TT 9.091
CA 6.002
AC 6.001
AG 5.987
GA 5.984
CT 5.971
TC 5.971
GT 5.957
TG 5.956
CC 3.917
GC 3.911
CG 3.909
GG 3.902

1471758	GGT
446535	GGTA
47336	GGTATT
893	GGTATTTTAATT
893	GGTATTTTAATTTATAGT
