
Sat, 26 Dec 2009 18:57:03 GMT

MAKE:
/usr/bin/gcc -pipe -Wall -O3 -fomit-frame-pointer -march=native -I/usr/include/glib-2.0 -I/usr/lib/glib-2.0/include  -lglib-2.0 -fopenmp knucleotide.gcc-3.c -o knucleotide.gcc-3.gcc_run
rm knucleotide.gcc-3.c
0.35s to complete and log all make actions

COMMAND LINE:
./knucleotide.gcc-3.gcc_run 0 < knucleotide-input25000000.txt

PROGRAM OUTPUT:
A 30.295
T 30.151
C 19.800
G 19.754

AA 9.177
TA 9.132
AT 9.131
TT 9.091
CA 6.002
AC 6.001
AG 5.987
GA 5.984
CT 5.971
TC 5.971
GT 5.957
TG 5.956
CC 3.917
GC 3.911
CG 3.909
GG 3.902

1471758	GGT
446535	GGTA
47336	GGTATT
893	GGTATTTTAATT
893	GGTATTTTAATTTATAGT
