
Thu, 05 Feb 2009 04:22:22 GMT

MAKE:
mv knucleotide.fpascal knucleotide.pas
/usr/local/bin/fpc -FuInclude/fpascal -XXs -Oppentiumm -Cppentiumm -O3 -Cfsse2  -oFPASCAL_RUN knucleotide.pas
Free Pascal Compiler version 2.2.2 [2008/07/29] for i386
Copyright (c) 1993-2008 by Florian Klaempfl
Target OS: Linux for i386
Compiling knucleotide.pas
Linking FPASCAL_RUN
395 lines compiled, 0.5 sec 
mv FPASCAL_RUN knucleotide.fpascal_run
rm knucleotide.pas
0.67s to complete and log all make actions

COMMAND LINE:
./knucleotide.fpascal_run 0 < knucleotide-input25000000.txt

UNEXPECTED OUTPUT 

1,4c1,4
< A -4.064
< T -4.209
< C -14.560
< G -14.605
---
> A 30.295
> T 30.151
> C 19.800
> G 19.754

PROGRAM OUTPUT:
A -4.064
T -4.209
C -14.560
G -14.605

AA 9.177
TA 9.132
AT 9.131
TT 9.091
CA 6.002
AC 6.001
AG 5.987
GA 5.984
CT 5.971
TC 5.971
GT 5.957
TG 5.956
CC 3.917
GC 3.911
CG 3.909
GG 3.902

1471758	GGT
446535	GGTA
47336	GGTATT
893	GGTATTTTAATT
893	GGTATTTTAATTTATAGT
