
Thu, 10 Feb 2011 01:15:25 GMT

MAKE:
cp: `mandelbrot.sbcl-3.sbcl' and `./mandelbrot.sbcl-3.sbcl' are the same file
SBCL built with: /usr/local/bin/sbcl --userinit /dev/null --batch --eval '(load "mandelbrot.sbcl-3.sbcl_compile")'
### START mandelbrot.sbcl-3.sbcl_compile
(handler-bind ((sb-ext:defconstant-uneql      (lambda (c) (abort c))))      (load (compile-file "mandelbrot.sbcl-3.sbcl" ))) (save-lisp-and-die "sbcl.core" :purify t)
### END mandelbrot.sbcl-3.sbcl_compile


; compiling file "/home/dunham/shootout/bench/mandelbrot/mandelbrot.sbcl-3.sbcl" (written 09 FEB 2011 10:23:55 AM):
; compiling (DEFUN RENDER ...)
; compiling (DEFUN PAR-RENDER ...)
; file: /home/dunham/shootout/bench/mandelbrot/mandelbrot.sbcl-3.sbcl
; in: DEFUN PAR-RENDER
;     (* SIZE SIZE)
; 
; note: forced to do GENERIC-* (cost 30)
;       unable to do inline fixnum arithmetic (cost 4) because:
;       The result is a (VALUES (UNSIGNED-BYTE 32) &OPTIONAL), not a (VALUES
;                                                                     FIXNUM
;                                                                     &REST T).
;       unable to do inline (signed-byte 32) arithmetic (cost 5) because:
;       The result is a (VALUES (UNSIGNED-BYTE 32) &OPTIONAL), not a (VALUES
;                                                                     (SIGNED-BYTE
;                                                                      32)
;                                                                     &REST T).
;       etc.

;     (CEILING (THE (UNSIGNED-BYTE 32) (* SIZE SIZE)) 32)
; --> LET 
; ==>
;   (+ SB-C::X 31)
; 
; note: forced to do GENERIC-+ (cost 10)
;       unable to do inline fixnum arithmetic (cost 1) because:
;       The first argument is a (UNSIGNED-BYTE 32), not a FIXNUM.
;       The result is a (VALUES (INTEGER 31 4294967326) &OPTIONAL), not a (VALUES
;                                                                          FIXNUM
;                                                                          &REST
;                                                                          T).
;       unable to do inline fixnum arithmetic (cost 2) because:
;       The first argument is a (UNSIGNED-BYTE 32), not a FIXNUM.
;       The result is a (VALUES (INTEGER 31 4294967326) &OPTIONAL), not a (VALUES
;                                                                          FIXNUM
;                                                                          &REST
;                                                                          T).
;       etc.

; --> LET VALUES 
; ==>
;   (ASH SB-C::X -5)
; 
; note: forced to do full call
;       unable to do inline ASH (cost 2) because:
;       The first argument is a (INTEGER 31 4294967326), not a FIXNUM.
;       unable to do inline ASH (cost 3) because:
;       The first argument is a (INTEGER 31 4294967326), not a (UNSIGNED-BYTE 32).
;       etc.

;     (= Y Y-END)
; --> EQL IF EQL EQL IF 
; ==>
;   (EQL SB-C::Y SB-C::X)
; 
; note: forced to do GENERIC-EQL (cost 10)
;       unable to do inline fixnum comparison (cost 4) because:
;       The first argument is a (INTEGER -536870912 536870912), not a FIXNUM.
;       The second argument is a (UNSIGNED-BYTE 32), not a FIXNUM.

;     (LAMBDA () (RENDER-SUB START END IDX))
; --> FUNCTION SB-C::%%ALLOCATE-CLOSURES 
; ==>
;   (SB-C::%ALLOCATE-CLOSURES
;    '(#<SB-C::CLAMBDA
;        :%SOURCE-NAME SB-C::.ANONYMOUS.
;        :%DEBUG-NAME (LAMBDA #)
;        :KIND NIL
;        :TYPE #<SB-KERNEL:FUN-TYPE #>
;        :WHERE-FROM :DEFINED
;        :VARS NIL {ABFB571}>))
; 
; note: doing signed word to integer coercion (cost 20), for:
;       the second argument of CLOSURE-INIT

;     (= Y Y-END)
; --> EQL IF EQL EQL IF 
; ==>
;   (EQL SB-C::Y SB-C::X)
; 
; note: doing unsigned word to integer coercion (cost 20) from Y, for:
;       the second argument of GENERIC-EQL

; compiling (DEFUN MAIN ...); 
; compilation unit finished
;   printed 6 notes


; /home/dunham/benchmarksgame_onecore/mandelbrot/tmp/mandelbrot.sbcl-3.fasl written
; compilation finished in 0:00:00.052
[undoing binding stack and other enclosing state... done]
[saving current Lisp image into sbcl.core:
writing 3512 bytes from the read-only space at 0x01000000
writing 2256 bytes from the static space at 0x01100000
writing 27525120 bytes from the dynamic space at 0x09000000
done]
### START mandelbrot.sbcl-3.sbcl_run
(main) (quit)
### END mandelbrot.sbcl-3.sbcl_run

0.56s to complete and log all make actions

COMMAND LINE:
/usr/local/bin/sbcl   --noinform --core sbcl.core --userinit /dev/null --load mandelbrot.sbcl-3.sbcl_run 16000

(BINARY) PROGRAM OUTPUT NOT SHOWN
