
Fri, 14 May 2010 01:03:00 GMT

MAKE:
mv meteor.jruby-2.jruby meteor.rb
0.01s to complete and log all make actions

COMMAND LINE:
/usr/local/src/jruby-1.5.0/bin/jruby --fast -J-server  meteor.rb 2098

PROGRAM FAILED 


PROGRAM OUTPUT:

RubyArray.java:775:in `eltInternalSet': java.lang.ArrayIndexOutOfBoundsException: 0
	from AsetCallSite.java:20:in `call'
	from RuntimeHelpers.java:80:in `doAttrAsgn'
	from meteor.rb:200:in `block_11$RUBY$__block__'
	from null:65535:in `call'
	from CompiledBlock.java:115:in `yield'
	from CompiledBlock.java:98:in `yield'
	from Block.java:194:in `yield'
	from RubyInteger.java:151:in `fixnumUpto'
	from RubyInteger.java:132:in `upto'
	from org/jruby/RubyInteger$i_method_1_0$RUBYFRAMEDINVOKER$upto.gen:65535:in `call'
	from CachingCallSite.java:319:in `cacheAndCall'
	from CachingCallSite.java:157:in `callBlock'
	from CachingCallSite.java:172:in `callIter'
	from meteor.rb:198:in `method__10$RUBY$initialize'
	from meteorInvokermethod__10$RUBY$initializeFixed2#initialize:65535:in `call'
	from CachingCallSite.java:339:in `cacheAndCall'
	from CachingCallSite.java:197:in `callBlock'
	from CachingCallSite.java:202:in `call'
	from RubyClass.java:815:in `call'
	from DynamicMethod.java:194:in `call'
	from CachingCallSite.java:329:in `cacheAndCall'
	from CachingCallSite.java:188:in `call'
	from meteor.rb:539:in `__file__'
	from meteor.rb:-1:in `load'
	from Ruby.java:684:in `runScript'
	from Ruby.java:567:in `runNormally'
	from Ruby.java:413:in `runFromMain'
	from Main.java:286:in `run'
	from Main.java:128:in `run'
	from Main.java:97:in `main'
