
Fri, 04 Mar 2011 21:51:38 GMT

MAKE:
mv meteor.ghc-3.ghc meteor.ghc-3.hs
/usr/local/src/ghc-7.0.2/bin/ghc --make -O2 -fglasgow-exts -rtsopts  meteor.ghc-3.hs -o meteor.ghc-3.ghc_run
[1 of 1] Compiling Main             ( meteor.ghc-3.hs, meteor.ghc-3.o )
SpecConstr
    Function `$j_s33r{v} [lid]'
      has six call patterns, but the limit is 3
    Use -fspec-constr-count=n to set the bound
    Use -dppr-debug to see specialisations

on the commandline:
    Warning: -fglasgow-exts is deprecated: Use individual extensions instead

meteor.ghc-3.hs:1:12:
    Warning: -fglasgow-exts is deprecated: Use individual extensions instead
Linking meteor.ghc-3.ghc_run ...
rm meteor.ghc-3.hs
1.49s to complete and log all make actions

COMMAND LINE:
./meteor.ghc-3.ghc_run  2098

PROGRAM OUTPUT:
2098 solutions found

0 0 0 0 1 
 2 2 2 0 1 
2 6 6 1 1 
 2 6 1 5 5 
8 6 5 5 5 
 8 6 3 3 3 
4 8 8 9 3 
 4 4 8 9 3 
4 7 4 7 9 
 7 7 7 9 9 

9 9 9 9 8 
 9 6 6 8 5 
6 6 8 8 5 
 6 8 2 5 5 
7 7 7 2 5 
 7 4 7 2 0 
1 4 2 2 0 
 1 4 4 0 3 
1 4 0 0 3 
 1 1 3 3 3 

