
Fri, 06 Nov 2009 15:08:57 GMT

MAKE:
/usr/local/src/ats-lang-anairiats-0.1.6/bin/atscc  -pipe -Wall -O3 -fomit-frame-pointer -march=native -lm -mfpmath=sse -msse3 nbody.dats -o nbody.ats-2.ats_run
/usr/local/src/ats-lang-anairiats-0.1.6/bin/atsopt --output nbody_dats.c --dynamic nbody.dats
/usr/local/src/ats-lang-anairiats-0.1.6/ccomp/runtime/ats_prelude.c:210:17: warning: "/*" within comment
In file included from nbody_dats.c:25:
/usr/local/src/ats-lang-anairiats-0.1.6/prelude/CATS/integer_fixed.cats: In function ‘atspre_fprint_uint64’:
/usr/local/src/ats-lang-anairiats-0.1.6/prelude/CATS/integer_fixed.cats:1286: warning: format ‘%hhu’ expects type ‘int’, but argument 3 has type ‘ats_uint64_type’
nbody_dats.c: In function ‘advance_0’:
nbody_dats.c:367: warning: label ‘__ats_lab_advance_0’ defined but not used
nbody_dats.c: In function ‘energy_4’:
nbody_dats.c:504: warning: label ‘__ats_lab_energy_4’ defined but not used
nbody_dats.c: In function ‘offmoment_7’:
nbody_dats.c:578: warning: label ‘__ats_lab_1’ defined but not used
nbody_dats.c:575: warning: label ‘__ats_lab_2’ defined but not used
nbody_dats.c:548: warning: label ‘__ats_lab_offmoment_7’ defined but not used
nbody_dats.c: In function ‘mainats’:
nbody_dats.c:640: warning: label ‘__ats_lab_4’ defined but not used
nbody_dats.c:637: warning: label ‘__ats_lab_5’ defined but not used
nbody_dats.c:619: warning: label ‘__ats_lab_mainats’ defined but not used
nbody_dats.c: At top level:
/usr/local/src/ats-lang-anairiats-0.1.6/prelude/CATS/pointer.cats:52: warning: ‘atspre_null_ptr’ defined but not used
/usr/local/src/ats-lang-anairiats-0.1.6/prelude/CATS/printf.cats:49: warning: ‘atspre_fprintf_err’ defined but not used
/usr/local/src/ats-lang-anairiats-0.1.6/prelude/CATS/printf.cats:61: warning: ‘atspre_fprintf_exn’ defined but not used
/usr/local/src/ats-lang-anairiats-0.1.6/prelude/CATS/printf.cats:73: warning: ‘atspre_printf_err’ defined but not used
/usr/local/src/ats-lang-anairiats-0.1.6/prelude/CATS/printf.cats:98: warning: ‘atspre_prerrf_exn’ defined but not used
/usr/local/src/ats-lang-anairiats-0.1.6/prelude/CATS/string.cats:357: warning: ‘atspre_stropt_none’ defined but not used
nbody_dats.c: In function ‘mainats’:
nbody_dats.c:583: warning: dereferencing pointer ‘arg0.429’ does break strict-aliasing rules
nbody_dats.c:583: note: initialized from here
nbody_dats.c:588: warning: dereferencing pointer ‘arg0.429’ does break strict-aliasing rules
nbody_dats.c:588: note: initialized from here
nbody_dats.c:593: warning: dereferencing pointer ‘arg0.429’ does break strict-aliasing rules
nbody_dats.c:593: note: initialized from here
nbody_dats.c:468: warning: dereferencing pointer ‘arg0.416’ does break strict-aliasing rules
nbody_dats.c:468: note: initialized from here
nbody_dats.c:469: warning: dereferencing pointer ‘arg0.416’ does break strict-aliasing rules
nbody_dats.c:469: note: initialized from here
nbody_dats.c:470: warning: dereferencing pointer ‘arg0.416’ does break strict-aliasing rules
nbody_dats.c:470: note: initialized from here
nbody_dats.c:471: warning: dereferencing pointer ‘arg0.416’ does break strict-aliasing rules
nbody_dats.c:471: note: initialized from here
nbody_dats.c:407: warning: dereferencing pointer ‘arg0.398’ does break strict-aliasing rules
nbody_dats.c:407: note: initialized from here
nbody_dats.c:408: warning: dereferencing pointer ‘arg1.399’ does break strict-aliasing rules
nbody_dats.c:408: note: initialized from here
nbody_dats.c:410: warning: dereferencing pointer ‘arg0.398’ does break strict-aliasing rules
nbody_dats.c:410: note: initialized from here
nbody_dats.c:411: warning: dereferencing pointer ‘arg1.399’ does break strict-aliasing rules
nbody_dats.c:411: note: initialized from here
nbody_dats.c:413: warning: dereferencing pointer ‘arg0.398’ does break strict-aliasing rules
nbody_dats.c:413: note: initialized from here
nbody_dats.c:414: warning: dereferencing pointer ‘arg1.399’ does break strict-aliasing rules
nbody_dats.c:414: note: initialized from here
nbody_dats.c:422: warning: dereferencing pointer ‘arg0.398’ does break strict-aliasing rules
nbody_dats.c:422: note: initialized from here
nbody_dats.c:423: warning: dereferencing pointer ‘arg1.399’ does break strict-aliasing rules
nbody_dats.c:423: note: initialized from here
nbody_dats.c:331: warning: dereferencing pointer ‘arg0.388’ does break strict-aliasing rules
nbody_dats.c:331: note: initialized from here
nbody_dats.c:332: warning: dereferencing pointer ‘arg0.388’ does break strict-aliasing rules
nbody_dats.c:332: note: initialized from here
nbody_dats.c:335: warning: dereferencing pointer ‘arg0.388’ does break strict-aliasing rules
nbody_dats.c:335: note: initialized from here
nbody_dats.c:336: warning: dereferencing pointer ‘arg0.388’ does break strict-aliasing rules
nbody_dats.c:336: note: initialized from here
nbody_dats.c:337: warning: dereferencing pointer ‘arg0.388’ does break strict-aliasing rules
nbody_dats.c:337: note: initialized from here
nbody_dats.c:340: warning: dereferencing pointer ‘arg0.388’ does break strict-aliasing rules
nbody_dats.c:340: note: initialized from here
nbody_dats.c:341: warning: dereferencing pointer ‘arg0.388’ does break strict-aliasing rules
nbody_dats.c:341: note: initialized from here
nbody_dats.c:342: warning: dereferencing pointer ‘arg0.388’ does break strict-aliasing rules
nbody_dats.c:342: note: initialized from here
nbody_dats.c:345: warning: dereferencing pointer ‘arg0.388’ does break strict-aliasing rules
nbody_dats.c:345: note: initialized from here
nbody_dats.c:335: warning: dereferencing pointer ‘arg0.388’ does break strict-aliasing rules
nbody_dats.c:335: note: initialized from here
nbody_dats.c:340: warning: dereferencing pointer ‘arg0.388’ does break strict-aliasing rules
nbody_dats.c:340: note: initialized from here
nbody_dats.c:345: warning: dereferencing pointer ‘arg0.388’ does break strict-aliasing rules
nbody_dats.c:345: note: initialized from here
nbody_dats.c:331: warning: dereferencing pointer ‘arg0.388’ does break strict-aliasing rules
nbody_dats.c:331: note: initialized from here
nbody_dats.c:332: warning: dereferencing pointer ‘arg0.388’ does break strict-aliasing rules
nbody_dats.c:332: note: initialized from here
nbody_dats.c:335: warning: dereferencing pointer ‘arg0.388’ does break strict-aliasing rules
nbody_dats.c:335: note: initialized from here
nbody_dats.c:336: warning: dereferencing pointer ‘arg0.388’ does break strict-aliasing rules
nbody_dats.c:336: note: initialized from here
nbody_dats.c:337: warning: dereferencing pointer ‘arg0.388’ does break strict-aliasing rules
nbody_dats.c:337: note: initialized from here
nbody_dats.c:340: warning: dereferencing pointer ‘arg0.388’ does break strict-aliasing rules
nbody_dats.c:340: note: initialized from here
nbody_dats.c:341: warning: dereferencing pointer ‘arg0.388’ does break strict-aliasing rules
nbody_dats.c:341: note: initialized from here
nbody_dats.c:342: warning: dereferencing pointer ‘arg0.388’ does break strict-aliasing rules
nbody_dats.c:342: note: initialized from here
nbody_dats.c:345: warning: dereferencing pointer ‘arg0.388’ does break strict-aliasing rules
nbody_dats.c:345: note: initialized from here
nbody_dats.c:331: warning: dereferencing pointer ‘arg0.388’ does break strict-aliasing rules
nbody_dats.c:331: note: initialized from here
nbody_dats.c:332: warning: dereferencing pointer ‘arg0.388’ does break strict-aliasing rules
nbody_dats.c:332: note: initialized from here
nbody_dats.c:335: warning: dereferencing pointer ‘arg0.388’ does break strict-aliasing rules
nbody_dats.c:335: note: initialized from here
nbody_dats.c:336: warning: dereferencing pointer ‘arg0.388’ does break strict-aliasing rules
nbody_dats.c:336: note: initialized from here
nbody_dats.c:337: warning: dereferencing pointer ‘arg0.388’ does break strict-aliasing rules
nbody_dats.c:337: note: initialized from here
nbody_dats.c:340: warning: dereferencing pointer ‘arg0.388’ does break strict-aliasing rules
nbody_dats.c:340: note: initialized from here
nbody_dats.c:341: warning: dereferencing pointer ‘arg0.388’ does break strict-aliasing rules
nbody_dats.c:341: note: initialized from here
nbody_dats.c:342: warning: dereferencing pointer ‘arg0.388’ does break strict-aliasing rules
nbody_dats.c:342: note: initialized from here
nbody_dats.c:345: warning: dereferencing pointer ‘arg0.388’ does break strict-aliasing rules
nbody_dats.c:345: note: initialized from here
nbody_dats.c:331: warning: dereferencing pointer ‘arg0.388’ does break strict-aliasing rules
nbody_dats.c:331: note: initialized from here
nbody_dats.c:332: warning: dereferencing pointer ‘arg0.388’ does break strict-aliasing rules
nbody_dats.c:332: note: initialized from here
nbody_dats.c:335: warning: dereferencing pointer ‘arg0.388’ does break strict-aliasing rules
nbody_dats.c:335: note: initialized from here
nbody_dats.c:336: warning: dereferencing pointer ‘arg0.388’ does break strict-aliasing rules
nbody_dats.c:336: note: initialized from here
nbody_dats.c:337: warning: dereferencing pointer ‘arg0.388’ does break strict-aliasing rules
nbody_dats.c:337: note: initialized from here
nbody_dats.c:340: warning: dereferencing pointer ‘arg0.388’ does break strict-aliasing rules
nbody_dats.c:340: note: initialized from here
nbody_dats.c:341: warning: dereferencing pointer ‘arg0.388’ does break strict-aliasing rules
nbody_dats.c:341: note: initialized from here
nbody_dats.c:342: warning: dereferencing pointer ‘arg0.388’ does break strict-aliasing rules
nbody_dats.c:342: note: initialized from here
nbody_dats.c:345: warning: dereferencing pointer ‘arg0.388’ does break strict-aliasing rules
nbody_dats.c:345: note: initialized from here
nbody_dats.c:215: warning: dereferencing pointer ‘arg0.351’ does break strict-aliasing rules
nbody_dats.c:215: note: initialized from here
nbody_dats.c:216: warning: dereferencing pointer ‘arg1.352’ does break strict-aliasing rules
nbody_dats.c:216: note: initialized from here
nbody_dats.c:218: warning: dereferencing pointer ‘arg0.351’ does break strict-aliasing rules
nbody_dats.c:218: note: initialized from here
nbody_dats.c:219: warning: dereferencing pointer ‘arg1.352’ does break strict-aliasing rules
nbody_dats.c:219: note: initialized from here
nbody_dats.c:221: warning: dereferencing pointer ‘arg0.351’ does break strict-aliasing rules
nbody_dats.c:221: note: initialized from here
nbody_dats.c:222: warning: dereferencing pointer ‘arg1.352’ does break strict-aliasing rules
nbody_dats.c:222: note: initialized from here
nbody_dats.c:232: warning: dereferencing pointer ‘arg1.352’ does break strict-aliasing rules
nbody_dats.c:232: note: initialized from here
nbody_dats.c:233: warning: dereferencing pointer ‘arg0.351’ does break strict-aliasing rules
nbody_dats.c:233: note: initialized from here
nbody_dats.c:237: warning: dereferencing pointer ‘arg0.351’ does break strict-aliasing rules
nbody_dats.c:237: note: initialized from here
nbody_dats.c:238: warning: dereferencing pointer ‘arg0.351’ does break strict-aliasing rules
nbody_dats.c:238: note: initialized from here
nbody_dats.c:242: warning: dereferencing pointer ‘arg0.351’ does break strict-aliasing rules
nbody_dats.c:242: note: initialized from here
nbody_dats.c:243: warning: dereferencing pointer ‘arg0.351’ does break strict-aliasing rules
nbody_dats.c:243: note: initialized from here
nbody_dats.c:247: warning: dereferencing pointer ‘arg0.351’ does break strict-aliasing rules
nbody_dats.c:247: note: initialized from here
nbody_dats.c:248: warning: dereferencing pointer ‘arg0.351’ does break strict-aliasing rules
nbody_dats.c:248: note: initialized from here
nbody_dats.c:249: warning: dereferencing pointer ‘arg1.352’ does break strict-aliasing rules
nbody_dats.c:249: note: initialized from here
nbody_dats.c:253: warning: dereferencing pointer ‘arg1.352’ does break strict-aliasing rules
nbody_dats.c:253: note: initialized from here
nbody_dats.c:254: warning: dereferencing pointer ‘arg1.352’ does break strict-aliasing rules
nbody_dats.c:254: note: initialized from here
nbody_dats.c:258: warning: dereferencing pointer ‘arg1.352’ does break strict-aliasing rules
nbody_dats.c:258: note: initialized from here
nbody_dats.c:259: warning: dereferencing pointer ‘arg1.352’ does break strict-aliasing rules
nbody_dats.c:259: note: initialized from here
nbody_dats.c:263: warning: dereferencing pointer ‘arg1.352’ does break strict-aliasing rules
nbody_dats.c:263: note: initialized from here
nbody_dats.c:468: warning: dereferencing pointer ‘arg0.416’ does break strict-aliasing rules
nbody_dats.c:468: note: initialized from here
nbody_dats.c:469: warning: dereferencing pointer ‘arg0.416’ does break strict-aliasing rules
nbody_dats.c:469: note: initialized from here
nbody_dats.c:470: warning: dereferencing pointer ‘arg0.416’ does break strict-aliasing rules
nbody_dats.c:470: note: initialized from here
nbody_dats.c:471: warning: dereferencing pointer ‘arg0.416’ does break strict-aliasing rules
nbody_dats.c:471: note: initialized from here
nbody_dats.c:407: warning: dereferencing pointer ‘arg0.398’ does break strict-aliasing rules
nbody_dats.c:407: note: initialized from here
nbody_dats.c:408: warning: dereferencing pointer ‘arg1.399’ does break strict-aliasing rules
nbody_dats.c:408: note: initialized from here
nbody_dats.c:410: warning: dereferencing pointer ‘arg0.398’ does break strict-aliasing rules
nbody_dats.c:410: note: initialized from here
nbody_dats.c:411: warning: dereferencing pointer ‘arg1.399’ does break strict-aliasing rules
nbody_dats.c:411: note: initialized from here
nbody_dats.c:413: warning: dereferencing pointer ‘arg0.398’ does break strict-aliasing rules
nbody_dats.c:413: note: initialized from here
nbody_dats.c:414: warning: dereferencing pointer ‘arg1.399’ does break strict-aliasing rules
nbody_dats.c:414: note: initialized from here
nbody_dats.c:422: warning: dereferencing pointer ‘arg0.398’ does break strict-aliasing rules
nbody_dats.c:422: note: initialized from here
nbody_dats.c:423: warning: dereferencing pointer ‘arg1.399’ does break strict-aliasing rules
nbody_dats.c:423: note: initialized from here
cc1: warning: dereferencing pointer ‘pretmp.585’ does break strict-aliasing rules
cc1: warning: dereferencing pointer ‘pretmp.585’ does break strict-aliasing rules
cc1: warning: dereferencing pointer ‘pretmp.585’ does break strict-aliasing rules
cc1: note: initialized from here
gcc -I/usr/local/src/ats-lang-anairiats-0.1.6/ -I/usr/local/src/ats-lang-anairiats-0.1.6/ccomp/runtime/ -L/usr/local/src/ats-lang-anairiats-0.1.6/ccomp/lib/ /usr/local/src/ats-lang-anairiats-0.1.6/ccomp/runtime/ats_prelude.c -pipe -Wall -O3 -fomit-frame-pointer -march=native -lm -mfpmath=sse -msse3 nbody_dats.c -o nbody.ats-2.ats_run -lats 
0.38s to complete and log all make actions

COMMAND LINE:
./nbody.ats-2.ats_run 50000000

PROGRAM OUTPUT:
-0.169075164
-0.169059907
