
Sat, 30 Jan 2010 11:57:49 GMT

COMMAND LINE:
/usr/bin/lua  pidigits.lua-5.lua 2000

PROGRAM FAILED 


PROGRAM OUTPUT:

/usr/bin/lua: pidigits.lua-5.lua:8: module 'c-gmp' not found:
	no field package.preload['c-gmp']
	no file './c-gmp.lua'
	no file '/usr/local/share/lua/5.1/c-gmp.lua'
	no file '/usr/local/share/lua/5.1/c-gmp/init.lua'
	no file '/usr/local/lib/lua/5.1/c-gmp.lua'
	no file '/usr/local/lib/lua/5.1/c-gmp/init.lua'
	no file '/usr/share/lua/5.1/c-gmp.lua'
	no file '/usr/share/lua/5.1/c-gmp/init.lua'
	no file './c-gmp.so'
	no file '/usr/local/lib/lua/5.1/c-gmp.so'
	no file '/usr/lib/lua/5.1/c-gmp.so'
	no file '/usr/local/lib/lua/5.1/loadall.so'
stack traceback:
	[C]: in function 'require'
	pidigits.lua-5.lua:8: in main chunk
	[C]: ?
