
Fri, 29 Jan 2010 20:41:44 GMT

MAKE:
/usr/local/src/ats-lang-anairiats-0.1.7/bin/atscc  -pipe -Wall -O3 -fomit-frame-pointer -march=native -lgmp pidigits.dats -o pidigits.ats-3.ats_run
/usr/local/src/ats-lang-anairiats-0.1.7/share/ats-anairiats-0.1.7/bin/atsopt --output pidigits_dats.c --dynamic pidigits.dats
pidigits_dats.c: In function ‘extract_digit_0’:
pidigits_dats.c:195: warning: label ‘__ats_lab_1_0’ defined but not used
pidigits_dats.c:188: warning: label ‘__ats_lab_0_1’ defined but not used
pidigits_dats.c:187: warning: label ‘__ats_lab_0_0’ defined but not used
pidigits_dats.c:183: warning: label ‘__ats_lab_extract_digit_0’ defined but not used
pidigits_dats.c: In function ‘next_term_1’:
pidigits_dats.c:228: warning: label ‘__ats_lab_next_term_1’ defined but not used
pidigits_dats.c: In function ‘eliminate_digit_2’:
pidigits_dats.c:249: warning: label ‘__ats_lab_eliminate_digit_2’ defined but not used
pidigits_dats.c: In function ‘pidigits_3’:
pidigits_dats.c:281: warning: label ‘__ats_lab_pidigits_3’ defined but not used
pidigits_dats.c: In function ‘mainats’:
pidigits_dats.c:346: warning: label ‘__ats_lab_mainats’ defined but not used
pidigits_dats.c: At top level:
/usr/local/src/ats-lang-anairiats-0.1.7/share/ats-anairiats-0.1.7/prelude/CATS/pointer.cats:52: warning: ‘atspre_null_ptr’ defined but not used
/usr/local/src/ats-lang-anairiats-0.1.7/share/ats-anairiats-0.1.7/prelude/CATS/printf.cats:48: warning: ‘atspre_fprintf_err’ defined but not used
/usr/local/src/ats-lang-anairiats-0.1.7/share/ats-anairiats-0.1.7/prelude/CATS/printf.cats:72: warning: ‘atspre_printf_err’ defined but not used
/usr/local/src/ats-lang-anairiats-0.1.7/share/ats-anairiats-0.1.7/prelude/CATS/printf.cats:83: warning: ‘atspre_printf_exn’ defined but not used
/usr/local/src/ats-lang-anairiats-0.1.7/share/ats-anairiats-0.1.7/prelude/CATS/printf.cats:97: warning: ‘atspre_prerrf_exn’ defined but not used
/usr/local/src/ats-lang-anairiats-0.1.7/share/ats-anairiats-0.1.7/prelude/CATS/string.cats:357: warning: ‘atspre_stropt_none’ defined but not used
/tmp/cc8ikor1.o: In function `_2home_2dunham_2benchmarksgame_onecore_2pidigits_2tmp_2pidigits_2edats__staload':
pidigits_dats.c:(.text+0x1b): undefined reference to `ATS_2d0_2e1_2e7_2libc_2SATS_2gmp_2esats__staload'
/tmp/cc8ikor1.o: In function `_2home_2dunham_2benchmarksgame_onecore_2pidigits_2tmp_2pidigits_2edats__dynload':
pidigits_dats.c:(.text+0x98): undefined reference to `ATS_2d0_2e1_2e7_2libc_2SATS_2gmp_2esats__staload'
collect2: ld returned 1 exit status
Exit: [gcc] failed.
gcc -I/usr/local/src/ats-lang-anairiats-0.1.7/share/ats-anairiats-0.1.7/ -I/usr/local/src/ats-lang-anairiats-0.1.7/share/ats-anairiats-0.1.7/ccomp/runtime/ -L/usr/local/src/ats-lang-anairiats-0.1.7/share/ats-anairiats-0.1.7/ccomp/lib/ /usr/local/src/ats-lang-anairiats-0.1.7/share/ats-anairiats-0.1.7/ccomp/runtime/ats_prelude.c -pipe -Wall -O3 -fomit-frame-pointer -march=native -lgmp pidigits_dats.c -o pidigits.ats-3.ats_run -lats 
0.40s to complete and log all make actions

COMMAND LINE:
./pidigits.ats-3.ats_run 2000

MAKE ERROR 

