
Fri, 05 Sep 2008 17:06:50 GMT

COMMAND LINE:
/usr/bin/tclsh pidigits.tcl-2.tcl 2000

UNEXPECTED OUTPUT 

1,200c1,200
< 31410-1-10	:10
< 0-20000100	:20
< -10-10-1-1	:30
< 0000-1-1-1	:40
< -20-1-1-1-	:50
< 1-1-1-1-10	:60
< 0-1-11010-	:70
< 100-20-211	:80
< -110-1-100	:90
< 000-21-1-1	:100
< 0-100-2-1-	:110
< 1-10-11000	:120
< 00-1-211-1	:130
< 0-2-2101-2	:140
< 0-1-2010-2	:150
< -10-11-100	:160
< -1-1-10-20	:170
< 00-11-110-	:180
< 1-1-1-2010	:190
< -11-1000-2	:200
< -110-10-10	:210
< 0-200-201-	:220
< 11-1-1-10-	:230
< 211-11000-	:240
< 10000-100-	:250
< 1-2-2-1000	:260
< -200-10010	:270
< 0-10-1-200	:280
< -1-101-1-1	:290
< 0-1-1-11-1	:300
< 010-11-2-1	:310
< 0000-1-21-	:320
< 1-10-1-20-	:330
< 2-101-2000	:340
< -10-11-1-1	:350
< -20000001-	:360
< 1-20-10-21	:370
< 01-10-11-1	:380
< -10-1-1-1-	:390
< 2-1-20-100	:400
< 0-111-10-1	:410
< -1-10-101-	:420
< 100-101-10	:430
< 10-100-10-	:440
< 100-1-1-10	:450
< -210-1000-	:460
< 1-1-20-210	:470
< -101-1001-	:480
< 11-1-20-10	:490
< 0-1-1-10-1	:500
< 0-100-2-10	:510
< 1-10-20-1-	:520
< 2-1-2-1010	:530
< 0-2-1-1-10	:540
< -1-10-1-20	:550
< 0-101-110-	:560
< 1-20-10000	:570
< 011-20-1-1	:580
< 11-2-10-2-	:590
< 1-10-2-111	:600
< 1011-100-1	:610
< -21-1-1010	:620
< 1-10-1-1-1	:630
< 100-100-1-	:640
< 11-1-1-100	:650
< 00-2-100-1	:660
< 0-2-1-1-10	:670
< 000000-2-1	:680
< 00-210-10-	:690
< 1-10001-1-	:700
< 100-1-1111	:710
< -10-2-10-1	:720
< -2-2000-10	:730
< -100-11000	:740
< 0-10-1-1-1	:750
< -100-1-1-1	:760
< 0-21-100-1	:770
< 0-21001-10	:780
< -10-1-10-1	:790
< 0-1-1-10-1	:800
< 0-100-2-10	:810
< 0-10-1-21-	:820
< 101-1-100-	:830
< 1-2001-1-1	:840
< -110-2-1-1	:850
< -10000-10-	:860
< 10010-1-1-	:870
< 1-20-1-100	:880
< 0-11000011	:890
< -10-1-2-1-	:900
< 1-2-10-100	:910
< 0-20-1-10-	:920
< 2010110-1-	:930
< 1-10-1-1-1	:940
< 00-20-2-1-	:950
< 2-100-10-1	:960
< -1-1000010	:970
< -1-20010-2	:980
< -10-1-10-1	:990
< -1-1-1-1-2	:1000
< -10001-1-1	:1010
< 0-2-1-1-10	:1020
< -1-1000-10	:1030
< -1000-10-1	:1040
< -2-1011001	:1050
< 0-10-1-100	:1060
< 0-10-100-1	:1070
< 0-2-1-1-10	:1080
< 0-1-1-10-1	:1090
< 1-2-2-1-10	:1100
< 1-1000-1-1	:1110
< 10000-1001	:1120
< 0-10-1-1-1	:1130
< 00000-1-1-	:1140
< 10-1-1-1-1	:1150
< -100-10-2-	:1160
< 1-2-1-1-11	:1170
< -100-1-1-1	:1180
< 00-1-10-1-	:1190
< 1-1-200110	:1200
< 0-20-1-10-	:1210
< 1-1-2-2-21	:1220
< -1110-100-	:1230
< 1-10-1000-	:1240
< 11-1100-11	:1250
< 1-1-1-100-	:1260
< 10-10-11-1	:1270
< -10-200-1-	:1280
< 10-1101-20	:1290
< 01-11000-1	:1300
< 000-10-10-	:1310
< 20-100-1-1	:1320
< 1-1-110010	:1330
< 0-1-1-1-2-	:1340
< 1-1-100000	:1350
< -1-10-10-2	:1360
< 0100-11-10	:1370
< 00-10001-2	:1380
< 1-1-1-210-	:1390
< 1-210-1-1-	:1400
< 1-11010-1-	:1410
< 1-10000-1-	:1420
< 2110-10100	:1430
< -110100-10	:1440
< -2-1-1-1-1	:1450
< 0-1-20-1-1	:1460
< -1-1-1-1-2	:1470
< 0-1-10-1-1	:1480
< 0-1-2-1-11	:1490
< 0010-1-1-1	:1500
< 001-10-10-	:1510
< 10-1-20-1-	:1520
< 1110-20-10	:1530
< 0-210-1001	:1540
< 10000-1-2-	:1550
< 2-2-1-1-21	:1560
< 0-20-2-1-1	:1570
< 10-1-1-1-1	:1580
< -211-10-10	:1590
< 0-10-21-1-	:1600
< 1-110100-1	:1610
< 001-1000-1	:1620
< -11-1-1011	:1630
< 0000-101-1	:1640
< 0-1-2-1-10	:1650
< 01-1-1-1-2	:1660
< 0-10-2-100	:1670
< -11-10000-	:1680
< 10-1-2001-	:1690
< 1-10-100-1	:1700
< -10-1-1-10	:1710
< -10-100000	:1720
< 000-10010-	:1730
< 2-1-1-1-11	:1740
< -1-10-10-1	:1750
< 0-21000-10	:1760
< 0-1-1-1-10	:1770
< 00-1-1000-	:1780
< 10-1-10-2-	:1790
< 100-1-10-1	:1800
< -10-20-110	:1810
< -11-100-2-	:1820
< 100-20-10-	:1830
< 1-10-20100	:1840
< 00-2-1-1-1	:1850
< 0-11-201-1	:1860
< 010-100-1-	:1870
< 100-110-1-	:1880
< 1-20-10100	:1890
< 0-1-10-2-2	:1900
< -100-100-1	:1910
< 0-2-10-1-1	:1920
< 0-11-110-1	:1930
< 000-10-101	:1940
< 0-1-1-1-20	:1950
< 00100-1000	:1960
< -20-10-100	:1970
< 10-10010-1	:1980
< 00-2-1-10-	:1990
< 11-100-11-1	:2000
---
> 3141592653	:10
> 5897932384	:20
> 6264338327	:30
> 9502884197	:40
> 1693993751	:50
> 0582097494	:60
> 4592307816	:70
> 4062862089	:80
> 9862803482	:90
> 5342117067	:100
> 9821480865	:110
> 1328230664	:120
> 7093844609	:130
> 5505822317	:140
> 2535940812	:150
> 8481117450	:160
> 2841027019	:170
> 3852110555	:180
> 9644622948	:190
> 9549303819	:200
> 6442881097	:210
> 5665933446	:220
> 1284756482	:230
> 3378678316	:240
> 5271201909	:250
> 1456485669	:260
> 2346034861	:270
> 0454326648	:280
> 2133936072	:290
> 6024914127	:300
> 3724587006	:310
> 6063155881	:320
> 7488152092	:330
> 0962829254	:340
> 0917153643	:350
> 6789259036	:360
> 0011330530	:370
> 5488204665	:380
> 2138414695	:390
> 1941511609	:400
> 4330572703	:410
> 6575959195	:420
> 3092186117	:430
> 3819326117	:440
> 9310511854	:450
> 8074462379	:460
> 9627495673	:470
> 5188575272	:480
> 4891227938	:490
> 1830119491	:500
> 2983367336	:510
> 2440656643	:520
> 0860213949	:530
> 4639522473	:540
> 7190702179	:550
> 8609437027	:560
> 7053921717	:570
> 6293176752	:580
> 3846748184	:590
> 6766940513	:600
> 2000568127	:610
> 1452635608	:620
> 2778577134	:630
> 2757789609	:640
> 1736371787	:650
> 2146844090	:660
> 1224953430	:670
> 1465495853	:680
> 7105079227	:690
> 9689258923	:700
> 5420199561	:710
> 1212902196	:720
> 0864034418	:730
> 1598136297	:740
> 7477130996	:750
> 0518707211	:760
> 3499999983	:770
> 7297804995	:780
> 1059731732	:790
> 8160963185	:800
> 9502445945	:810
> 5346908302	:820
> 6425223082	:830
> 5334468503	:840
> 5261931188	:850
> 1710100031	:860
> 3783875288	:870
> 6587533208	:880
> 3814206171	:890
> 7766914730	:900
> 3598253490	:910
> 4287554687	:920
> 3115956286	:930
> 3882353787	:940
> 5937519577	:950
> 8185778053	:960
> 2171226806	:970
> 6130019278	:980
> 7661119590	:990
> 9216420198	:1000
> 9380952572	:1010
> 0106548586	:1020
> 3278865936	:1030
> 1533818279	:1040
> 6823030195	:1050
> 2035301852	:1060
> 9689957736	:1070
> 2259941389	:1080
> 1249721775	:1090
> 2834791315	:1100
> 1557485724	:1110
> 2454150695	:1120
> 9508295331	:1130
> 1686172785	:1140
> 5889075098	:1150
> 3817546374	:1160
> 6493931925	:1170
> 5060400927	:1180
> 7016711390	:1190
> 0984882401	:1200
> 2858361603	:1210
> 5637076601	:1220
> 0471018194	:1230
> 2955596198	:1240
> 9467678374	:1250
> 4944825537	:1260
> 9774726847	:1270
> 1040475346	:1280
> 4620804668	:1290
> 4259069491	:1300
> 2933136770	:1310
> 2898915210	:1320
> 4752162056	:1330
> 9660240580	:1340
> 3815019351	:1350
> 1253382430	:1360
> 0355876402	:1370
> 4749647326	:1380
> 3914199272	:1390
> 6042699227	:1400
> 9678235478	:1410
> 1636009341	:1420
> 7216412199	:1430
> 2458631503	:1440
> 0286182974	:1450
> 5557067498	:1460
> 3850549458	:1470
> 8586926995	:1480
> 6909272107	:1490
> 9750930295	:1500
> 5321165344	:1510
> 9872027559	:1520
> 6023648066	:1530
> 5499119881	:1540
> 8347977535	:1550
> 6636980742	:1560
> 6542527862	:1570
> 5518184175	:1580
> 7467289097	:1590
> 7772793800	:1600
> 0816470600	:1610
> 1614524919	:1620
> 2173217214	:1630
> 7723501414	:1640
> 4197356854	:1650
> 8161361157	:1660
> 3525521334	:1670
> 7574184946	:1680
> 8438523323	:1690
> 9073941433	:1700
> 3454776241	:1710
> 6862518983	:1720
> 5694855620	:1730
> 9921922218	:1740
> 4272550254	:1750
> 2568876717	:1760
> 9049460165	:1770
> 3466804988	:1780
> 6272327917	:1790
> 8608578438	:1800
> 3827967976	:1810
> 6814541009	:1820
> 5388378636	:1830
> 0950680064	:1840
> 2251252051	:1850
> 1739298489	:1860
> 6084128488	:1870
> 6269456042	:1880
> 4196528502	:1890
> 2210661186	:1900
> 3067442786	:1910
> 2203919494	:1920
> 5047123713	:1930
> 7869609563	:1940
> 6437191728	:1950
> 7467764657	:1960
> 5739624138	:1970
> 9086583264	:1980
> 5995813390	:1990
> 4780275900	:2000

PROGRAM OUTPUT:
31410-1-10	:10
0-20000100	:20
-10-10-1-1	:30
0000-1-1-1	:40
-20-1-1-1-	:50
1-1-1-1-10	:60
0-1-11010-	:70
100-20-211	:80
-110-1-100	:90
000-21-1-1	:100
0-100-2-1-	:110
1-10-11000	:120
00-1-211-1	:130
0-2-2101-2	:140
0-1-2010-2	:150
-10-11-100	:160
-1-1-10-20	:170
00-11-110-	:180
1-1-1-2010	:190
-11-1000-2	:200
-110-10-10	:210
0-200-201-	:220
11-1-1-10-	:230
211-11000-	:240
10000-100-	:250
1-2-2-1000	:260
-200-10010	:270
0-10-1-200	:280
-1-101-1-1	:290
0-1-1-11-1	:300
010-11-2-1	:310
0000-1-21-	:320
1-10-1-20-	:330
2-101-2000	:340
-10-11-1-1	:350
-20000001-	:360
1-20-10-21	:370
01-10-11-1	:380
-10-1-1-1-	:390
2-1-20-100	:400
0-111-10-1	:410
-1-10-101-	:420
100-101-10	:430
10-100-10-	:440
100-1-1-10	:450
-210-1000-	:460
1-1-20-210	:470
-101-1001-	:480
11-1-20-10	:490
0-1-1-10-1	:500
0-100-2-10	:510
1-10-20-1-	:520
2-1-2-1010	:530
0-2-1-1-10	:540
-1-10-1-20	:550
0-101-110-	:560
1-20-10000	:570
011-20-1-1	:580
11-2-10-2-	:590
1-10-2-111	:600
1011-100-1	:610
-21-1-1010	:620
1-10-1-1-1	:630
100-100-1-	:640
11-1-1-100	:650
00-2-100-1	:660
0-2-1-1-10	:670
000000-2-1	:680
00-210-10-	:690
1-10001-1-	:700
100-1-1111	:710
-10-2-10-1	:720
-2-2000-10	:730
-100-11000	:740
0-10-1-1-1	:750
-100-1-1-1	:760
0-21-100-1	:770
0-21001-10	:780
-10-1-10-1	:790
0-1-1-10-1	:800
0-100-2-10	:810
0-10-1-21-	:820
101-1-100-	:830
1-2001-1-1	:840
-110-2-1-1	:850
-10000-10-	:860
10010-1-1-	:870
1-20-1-100	:880
0-11000011	:890
-10-1-2-1-	:900
1-2-10-100	:910
0-20-1-10-	:920
2010110-1-	:930
1-10-1-1-1	:940
00-20-2-1-	:950
2-100-10-1	:960
-1-1000010	:970
-1-20010-2	:980
-10-1-10-1	:990
-1-1-1-1-2	:1000
-10001-1-1	:1010
0-2-1-1-10	:1020
-1-1000-10	:1030
-1000-10-1	:1040
-2-1011001	:1050
0-10-1-100	:1060
0-10-100-1	:1070
0-2-1-1-10	:1080
0-1-1-10-1	:1090
1-2-2-1-10	:1100
1-1000-1-1	:1110
10000-1001	:1120
0-10-1-1-1	:1130
00000-1-1-	:1140
10-1-1-1-1	:1150
-100-10-2-	:1160
1-2-1-1-11	:1170
-100-1-1-1	:1180
00-1-10-1-	:1190
1-1-200110	:1200
0-20-1-10-	:1210
1-1-2-2-21	:1220
-1110-100-	:1230
1-10-1000-	:1240
11-1100-11	:1250
1-1-1-100-	:1260
10-10-11-1	:1270
-10-200-1-	:1280
10-1101-20	:1290
01-11000-1	:1300
000-10-10-	:1310
20-100-1-1	:1320
1-1-110010	:1330
0-1-1-1-2-	:1340
1-1-100000	:1350
-1-10-10-2	:1360
0100-11-10	:1370
00-10001-2	:1380
1-1-1-210-	:1390
1-210-1-1-	:1400
1-11010-1-	:1410
1-10000-1-	:1420
2110-10100	:1430
-110100-10	:1440
-2-1-1-1-1	:1450
0-1-20-1-1	:1460
-1-1-1-1-2	:1470
0-1-10-1-1	:1480
0-1-2-1-11	:1490
0010-1-1-1	:1500
001-10-10-	:1510
10-1-20-1-	:1520
1110-20-10	:1530
0-210-1001	:1540
10000-1-2-	:1550
2-2-1-1-21	:1560
0-20-2-1-1	:1570
10-1-1-1-1	:1580
-211-10-10	:1590
0-10-21-1-	:1600
1-110100-1	:1610
001-1000-1	:1620
-11-1-1011	:1630
0000-101-1	:1640
0-1-2-1-10	:1650
01-1-1-1-2	:1660
0-10-2-100	:1670
-11-10000-	:1680
10-1-2001-	:1690
1-10-100-1	:1700
-10-1-1-10	:1710
-10-100000	:1720
000-10010-	:1730
2-1-1-1-11	:1740
-1-10-10-1	:1750
0-21000-10	:1760
0-1-1-1-10	:1770
00-1-1000-	:1780
10-1-10-2-	:1790
100-1-10-1	:1800
-10-20-110	:1810
-11-100-2-	:1820
100-20-10-	:1830
1-10-20100	:1840
00-2-1-1-1	:1850
0-11-201-1	:1860
010-100-1-	:1870
100-110-1-	:1880
1-20-10100	:1890
0-1-10-2-2	:1900
-100-100-1	:1910
0-2-10-1-1	:1920
0-11-110-1	:1930
000-10-101	:1940
0-1-1-1-20	:1950
00100-1000	:1960
-20-10-100	:1970
10-10010-1	:1980
00-2-1-10-	:1990
11-100-11-1	:2000
