
Sun, 17 Apr 2011 21:38:08 GMT

MAKE:
/usr/local/src/go/bin/8g -B -o regexdna.go.8 regexdna.go && \
	/usr/local/src/go/bin/8l -o regexdna.go_run regexdna.go.8
0.21s to complete and log all make actions

COMMAND LINE:
./regexdna.go_run 0 < regexdna-input5000000.txt

PROGRAM FAILED 


PROGRAM OUTPUT:
agggtaaa|tttaccct 356
[cgt]gggtaaa|tttaccc[acg] 1250

throw: out of memory

runtime.throw+0x43 /usr/local/src/go/src/pkg/runtime/runtime.c:102
	runtime.throw(0x8100e1d, 0x6423)
runtime.mallocgc+0x2cd /usr/local/src/go/src/pkg/runtime/malloc.c:60
	runtime.mallocgc(0x6422dd0, 0x1, 0x1, 0x1, 0x94d08740, ...)
makeslice1+0x71 /usr/local/src/go/src/pkg/runtime/slice.c:44
	makeslice1(0x808b9ac, 0x6422dd0, 0x6422dd0, 0x876f2c8c, 0xa, ...)
runtime.makeslice+0x95 /usr/local/src/go/src/pkg/runtime/slice.c:24
	runtime.makeslice(0x808b9ac, 0x6422dd0, 0x0, 0x6422dd0, 0x0, ...)
bytes.*Buffer·grow+0x17b /usr/local/src/go/src/pkg/bytes/buffer.go:85
	bytes.*Buffer·grow(0x9774bf60, 0x17d7840, 0x9fde1100, 0x0)
bytes.*Buffer·Write+0x46 /usr/local/src/go/src/pkg/bytes/buffer.go:99
	bytes.*Buffer·Write(0x9774bf60, 0xa6baf840, 0x17d7840, 0x2628784, 0x0, ...)
regexp.*Regexp·ReplaceAllFunc+0x135 /usr/local/src/go/src/pkg/regexp/regexp.go:1129
	regexp.*Regexp·ReplaceAllFunc(0xac94fd00, 0xa53d8000, 0x2faf080, 0x3dfffc4, 0xac950a20, ...)
regexp.*Regexp·ReplaceAll+0x70 /usr/local/src/go/src/pkg/regexp/regexp.go:1086
	regexp.*Regexp·ReplaceAll(0xac94fd00, 0xa53d8000, 0x2faf080, 0x3dfffc4, 0x97748ef8, ...)
main._func_002+0xe6 /home/dunham/benchmarksgame_onecore/regexdna/tmp/regexdna.go:86
	main._func_002(0xac931850, 0x97748248, 0x8053cbf)
runtime.goexit /usr/local/src/go/src/pkg/runtime/proc.c:178
	runtime.goexit()
----- goroutine created by -----
main.main+0x3b0 /home/dunham/benchmarksgame_onecore/regexdna/tmp/regexdna.go:89

goroutine 10 [1]:
runtime.gosched+0x6d /usr/local/src/go/src/pkg/runtime/proc.c:600
	runtime.gosched()
runtime.mallocgc+0x34b /usr/local/src/go/src/pkg/runtime/malloc.c:34
	runtime.mallocgc(0x8, 0x1, 0x1, 0x1, 0x0, ...)
makeslice1+0x71 /usr/local/src/go/src/pkg/runtime/slice.c:44
	makeslice1(0x808b72c, 0x2, 0x2, 0x876f18bc, 0x0, ...)
runtime.makeslice+0x95 /usr/local/src/go/src/pkg/runtime/slice.c:24
	runtime.makeslice(0x808b72c, 0x2, 0x0, 0x2, 0x0, ...)
regexp.*matchArena·new+0x115 /usr/local/src/go/src/pkg/regexp/regexp.go:678
	regexp.*matchArena·new(0x97749ef0, 0x2, 0x2)
regexp.*matchArena·copy+0x29 /usr/local/src/go/src/pkg/regexp/regexp.go:692
	regexp.*matchArena·copy(0x97749ef0, 0xad37af40, 0x3, 0xa)
regexp.*matchArena·addState+0x329 /usr/local/src/go/src/pkg/regexp/regexp.go:745
	regexp.*matchArena·addState(0x97749ef0, 0xad37cf00, 0x3, 0xa, 0xac950b60, ...)
regexp.*Regexp·doExecute+0xf59 /usr/local/src/go/src/pkg/regexp/regexp.go:893
	regexp.*Regexp·doExecute(0x97761f40, 0x97759510, 0x97749ee0, 0x989682, 0x97749ee0, ...)
regexp.*Regexp·FindIndex+0x73 /usr/local/src/go/src/pkg/regexp/regexp.go:1221
	regexp.*Regexp·FindIndex(0x97761f40, 0xa53d8000, 0x2faf080, 0x3dfffc4, 0x0, ...)
main.countMatches+0x54 /home/dunham/benchmarksgame_onecore/regexdna/tmp/regexdna.go:51
	main.countMatches(0x80b10fc, 0x19, 0xa53d8000, 0x2faf080, 0x3dfffc4, ...)
main._func_001+0x38 /home/dunham/benchmarksgame_onecore/regexdna/tmp/regexdna.go:78
	main._func_001(0x97748240, 0x97749270, 0x8053cbf, 0x80b10fc, 0x19, ...)
runtime.goexit /usr/local/src/go/src/pkg/runtime/proc.c:178
	runtime.goexit()
----- goroutine created by -----
main.main+0x308 /home/dunham/benchmarksgame_onecore/regexdna/tmp/regexdna.go:79

goroutine 9 [2]:
runtime.gosched+0x6d /usr/local/src/go/src/pkg/runtime/proc.c:600
	runtime.gosched()
runtime.mallocgc+0x16e /usr/local/src/go/src/pkg/runtime/malloc.c:69
	runtime.mallocgc(0xad37c330, 0x4, 0x4, 0xad37c300, 0x4, ...)
----- goroutine created by -----
main.main+0x308 /home/dunham/benchmarksgame_onecore/regexdna/tmp/regexdna.go:79

goroutine 8 [2]:
runtime.gosched+0x6d /usr/local/src/go/src/pkg/runtime/proc.c:600
	runtime.gosched()
runtime.mallocgc+0x16e /usr/local/src/go/src/pkg/runtime/malloc.c:69
	runtime.mallocgc(0xad37b124, 0x3, 0x3, 0xad37b100, 0x3, ...)
----- goroutine created by -----
main.main+0x308 /home/dunham/benchmarksgame_onecore/regexdna/tmp/regexdna.go:79

goroutine 7 [2]:
runtime.gosched+0x6d /usr/local/src/go/src/pkg/runtime/proc.c:600
	runtime.gosched()
runtime.mallocgc+0x16e /usr/local/src/go/src/pkg/runtime/malloc.c:69
	runtime.mallocgc(0xa9b221a4, 0x3, 0x3, 0xa9b22180, 0x3, ...)
----- goroutine created by -----
main.main+0x308 /home/dunham/benchmarksgame_onecore/regexdna/tmp/regexdna.go:79

goroutine 6 [1]:
runtime.gosched+0x6d /usr/local/src/go/src/pkg/runtime/proc.c:600
	runtime.gosched()
runtime.mallocgc+0x34b /usr/local/src/go/src/pkg/runtime/malloc.c:34
	runtime.mallocgc(0xc, 0x0, 0x1, 0x1, 0x2, ...)
runtime.mal+0x43 /usr/local/src/go/src/pkg/runtime/malloc.c:289
	runtime.mal(0xc, 0x5)
runtime.new+0x29 /usr/local/src/go/src/pkg/runtime/malloc.c:296
	runtime.new(0xc, 0x5, 0xa)
regexp.newInputBytes+0x29 /usr/local/src/go/src/pkg/regexp/regexp.go:793
	regexp.newInputBytes(0xa831385c, 0x73824, 0xec4768, 0x1b0e, 0x9b08ebc0, ...)
regexp.*Regexp·FindIndex+0x36 /usr/local/src/go/src/pkg/regexp/regexp.go:1221
	regexp.*Regexp·FindIndex(0xac94f840, 0xa831385c, 0x73824, 0xec4768, 0x0, ...)
main.countMatches+0x54 /home/dunham/benchmarksgame_onecore/regexdna/tmp/regexdna.go:51
	main.countMatches(0x80b106c, 0x19, 0xa831385c, 0x73824, 0xec4768, ...)
main._func_001+0x38 /home/dunham/benchmarksgame_onecore/regexdna/tmp/regexdna.go:78
	main._func_001(0x97748220, 0x97749270, 0x8053cbf, 0x80b106c, 0x19, ...)
runtime.goexit /usr/local/src/go/src/pkg/runtime/proc.c:178
	runtime.goexit()
----- goroutine created by -----
main.main+0x308 /home/dunham/benchmarksgame_onecore/regexdna/tmp/regexdna.go:79

goroutine 5 [4]:
runtime.gosched+0x6d /usr/local/src/go/src/pkg/runtime/proc.c:600
	runtime.gosched()
runtime.chansend+0x33f /usr/local/src/go/src/pkg/runtime/chan.c:222
	runtime.chansend(0x97761e40, 0x876ecf9c, 0x0, 0x0)
runtime.chansend1+0x4e /usr/local/src/go/src/pkg/runtime/chan.c:408
	runtime.chansend1(0x97761e40, 0xb4e)
main._func_001+0x4e /home/dunham/benchmarksgame_onecore/regexdna/tmp/regexdna.go:78
	main._func_001(0x97748218, 0x97749270, 0x8053cbf, 0x80b1048, 0x19, ...)
runtime.goexit /usr/local/src/go/src/pkg/runtime/proc.c:178
	runtime.goexit()
----- goroutine created by -----
main.main+0x308 /home/dunham/benchmarksgame_onecore/regexdna/tmp/regexdna.go:79

goroutine 4 [4]:
runtime.gosched+0x6d /usr/local/src/go/src/pkg/runtime/proc.c:600
	runtime.gosched()
runtime.chansend+0x33f /usr/local/src/go/src/pkg/runtime/chan.c:222
	runtime.chansend(0x97761e80, 0x876ebf9c, 0x0, 0x0)
runtime.chansend1+0x4e /usr/local/src/go/src/pkg/runtime/chan.c:408
	runtime.chansend1(0x97761e80, 0x109c)
main._func_001+0x4e /home/dunham/benchmarksgame_onecore/regexdna/tmp/regexdna.go:78
	main._func_001(0x97748208, 0x97749270, 0x8053cbf, 0x80b1024, 0x19, ...)
runtime.goexit /usr/local/src/go/src/pkg/runtime/proc.c:178
	runtime.goexit()
----- goroutine created by -----
main.main+0x308 /home/dunham/benchmarksgame_onecore/regexdna/tmp/regexdna.go:79

goroutine 3 [1]:
runtime.gosched+0x6d /usr/local/src/go/src/pkg/runtime/proc.c:600
	runtime.gosched()
runtime.chansend+0x33f /usr/local/src/go/src/pkg/runtime/chan.c:222
	runtime.chansend(0x97761ec0, 0x876eaf9c, 0x0, 0x0)
runtime.chansend1+0x4e /usr/local/src/go/src/pkg/runtime/chan.c:408
	runtime.chansend1(0x97761ec0, 0x4e2)
main._func_001+0x4e /home/dunham/benchmarksgame_onecore/regexdna/tmp/regexdna.go:78
	main._func_001(0x97748300, 0x97749270, 0x8053cbf, 0x80b1000, 0x19, ...)
runtime.goexit /usr/local/src/go/src/pkg/runtime/proc.c:178
	runtime.goexit()
----- goroutine created by -----
main.main+0x308 /home/dunham/benchmarksgame_onecore/regexdna/tmp/regexdna.go:79

goroutine 1 [1]:
runtime.gosched+0x6d /usr/local/src/go/src/pkg/runtime/proc.c:600
	runtime.gosched()
runtime.exitsyscall+0x6d /usr/local/src/go/src/pkg/runtime/proc.c:665
	runtime.exitsyscall()
syscall.Syscall+0x53 /usr/local/src/go/src/pkg/syscall/asm_linux_386.s:33
	syscall.Syscall()
syscall.Write+0x5c /usr/local/src/go/src/pkg/syscall/zsyscall_linux_386.go:734
	syscall.Write(0x1, 0x977703d8, 0x1f, 0x40, 0x16, ...)
os.*File·Write+0x61 /usr/local/src/go/src/pkg/os/file.go:132
	os.*File·Write(0x97763480, 0x977703d8, 0x1f, 0x40, 0x804dc0f, ...)
bytes.*Buffer·WriteTo+0xc1 /usr/local/src/go/src/pkg/bytes/buffer.go:163
	bytes.*Buffer·WriteTo(0x977703c4, 0xace4b740, 0x97763480, 0x0, 0x0, ...)
fmt.Fprintf+0x6d /usr/local/src/go/src/pkg/fmt/print.go:164
	fmt.Fprintf(0xace4b740, 0x97763480, 0x80a9f20, 0x6, 0x97749b80, ...)
fmt.Printf+0x6d /usr/local/src/go/src/pkg/fmt/print.go:172
	fmt.Printf(0x80a9f20, 0x6, 0x97749b80, 0x2, 0x2, ...)
main.main+0x4d6 /home/dunham/benchmarksgame_onecore/regexdna/tmp/regexdna.go:92
	main.main()
runtime.mainstart+0xf /usr/local/src/go/src/pkg/runtime/386/asm.s:93
	runtime.mainstart()
runtime.goexit /usr/local/src/go/src/pkg/runtime/proc.c:178
	runtime.goexit()
----- goroutine created by -----
_rt0_386+0xc1 /usr/local/src/go/src/pkg/runtime/386/asm.s:80
