
Tue, 23 Sep 2008 00:28:02 GMT

MAKE:
mv regexdna.ghc-3.ghc regexdna.ghc-3.hs
/usr/bin/ghc --make -O2 -fglasgow-exts -package regex-posix -optc-O3 -threaded regexdna.ghc-3.hs -o regexdna.ghc-3.ghc_run
[1 of 1] Compiling Main             ( regexdna.ghc-3.hs, regexdna.ghc-3.o )
Linking regexdna.ghc-3.ghc_run ...
rm regexdna.ghc-3.hs

COMMAND LINE:
./regexdna.ghc-3.ghc_run +RTS -N4 -qw -RTS 0 < regexdna-input5000000.txt

PROGRAM OUTPUT:
agggtaaa|tttaccct 356
[cgt]gggtaaa|tttaccc[acg] 1250
a[act]ggtaaa|tttacc[agt]t 4252
ag[act]gtaaa|tttac[agt]ct 2894
agg[act]taaa|ttta[agt]cct 5435
aggg[acg]aaa|ttt[cgt]ccct 1537
agggt[cgt]aa|tt[acg]accct 1431
agggta[cgt]a|t[acg]taccct 1608
agggtaa[cgt]|[acg]ttaccct 2178

50833411
50000000
66800214
