
Mon, 27 Apr 2009 23:04:43 GMT

MAKE:
/usr/bin/g++ -c -pipe -O3 -fomit-frame-pointer -fopenmp regexdna.gpp-7.c++ -o regexdna.gpp-7.c++.o &&  \
        /usr/bin/g++ regexdna.gpp-7.c++.o -o regexdna.gpp-7.gpp_run -lboost_regex -fopenmp 
rm regexdna.gpp-7.c++
15.04s to complete and log all make actions

COMMAND LINE:
./regexdna.gpp-7.gpp_run 0 < regexdna-input5000000.txt

PROGRAM OUTPUT:
agggtaaa|tttaccct 356
[cgt]gggtaaa|tttaccc[acg] 1250
a[act]ggtaaa|tttacc[agt]t 4252
ag[act]gtaaa|tttac[agt]ct 2894
agg[act]taaa|ttta[agt]cct 5435
aggg[acg]aaa|ttt[cgt]ccct 1537
agggt[cgt]aa|tt[acg]accct 1431
agggta[cgt]a|t[acg]taccct 1608
agggtaa[cgt]|[acg]ttaccct 2178

50833411
50000000
66800214
