
Sat, 12 Jun 2010 06:20:35 GMT

MAKE:
/usr/local/src/go/bin/8g -o regexdna.go-2.go.8 regexdna.go-2.go && \
	/usr/local/src/go/bin/8l -o regexdna.go-2.go_run regexdna.go-2.go.8
0.24s to complete and log all make actions

COMMAND LINE:
./regexdna.go-2.go_run 0 < regexdna-input5000000.txt

PROGRAM OUTPUT:
agggtaaa|tttaccct 356
[cgt]gggtaaa|tttaccc[acg] 1250
a[act]ggtaaa|tttacc[agt]t 4252
ag[act]gtaaa|tttac[agt]ct 2894
agg[act]taaa|ttta[agt]cct 5435
aggg[acg]aaa|ttt[cgt]ccct 1537
agggt[cgt]aa|tt[acg]accct 1431
agggta[cgt]a|t[acg]taccct 1608
agggtaa[cgt]|[acg]ttaccct 2178

50833411
50000000
66800214
