
Fri, 29 Jan 2010 22:54:32 GMT

MAKE:
mv regexdna.java-5.java regexdna.java
/usr/local/src/jdk1.6.0_18/bin/javac regexdna.java
0.55s to complete and log all make actions

COMMAND LINE:
/usr/local/src/jdk1.6.0_18/bin/java  -server regexdna 0 < regexdna-input5000000.txt

PROGRAM OUTPUT:
agggtaaa|tttaccct 356
[cgt]gggtaaa|tttaccc[acg] 1250
a[act]ggtaaa|tttacc[agt]t 4252
ag[act]gtaaa|tttac[agt]ct 2894
agg[act]taaa|ttta[agt]cct 5435
aggg[acg]aaa|ttt[cgt]ccct 1537
agggt[cgt]aa|tt[acg]accct 1431
agggta[cgt]a|t[acg]taccct 1608
agggtaa[cgt]|[acg]ttaccct 2178

50833411
50000000
66800214
