
Mon, 22 Nov 2010 23:15:14 GMT

MAKE:
mv regexdna.python-4.python regexdna.python-4.py
/usr/local/src/Python-2.7/bin/python2.7 -OO -c "from py_compile import compile; compile('regexdna.python-4.py')"
0.03s to complete and log all make actions

COMMAND LINE:
/usr/local/src/Python-2.7/bin/python2.7 regexdna.python-4.pyo 0 < regexdna-input5000000.txt

PROGRAM OUTPUT:
agggtaaa|tttaccct 356
[cgt]gggtaaa|tttaccc[acg] 1250
a[act]ggtaaa|tttacc[agt]t 4252
ag[act]gtaaa|tttac[agt]ct 2894
agg[act]taaa|ttta[agt]cct 5435
aggg[acg]aaa|ttt[cgt]ccct 1537
agggt[cgt]aa|tt[acg]accct 1431
agggta[cgt]a|t[acg]taccct 1608
agggtaa[cgt]|[acg]ttaccct 2178

50833411
50000000
66800214
