
Sat, 02 Oct 2010 06:53:17 GMT

MAKE:
cp: `regexdna.sbcl-3.sbcl' and `./regexdna.sbcl-3.sbcl' are the same file
SBCL built with: /usr/local/bin/sbcl --userinit /dev/null --batch --eval '(load "regexdna.sbcl-3.sbcl_compile")'
### START regexdna.sbcl-3.sbcl_compile
(handler-bind ((sb-ext:defconstant-uneql      (lambda (c) (abort c))))      (load (compile-file "regexdna.sbcl-3.sbcl" ))) (save-lisp-and-die "sbcl.core" :purify t)
### END regexdna.sbcl-3.sbcl_compile


; compiling file "/home/dunham/shootout/bench/regexdna/regexdna.sbcl-3.sbcl" (written 11 MAR 2009 02:06:35 PM):
; compiling (REQUIRE :ASDF)
; compiling (REQUIRE :CL-PPCRE)
; compiling (DEFINE-ALIEN-ROUTINE SYSCONF ...)
; compiling (USE-PACKAGE :SB-THREAD)
; compiling (DEFCONSTANT +REGEX-LIST+ ...)
; compiling (DEFCONSTANT +ALTERNATIVES+ ...)
; compiling (DEFCONSTANT +CPU-COUNT+ ...)
; compiling (DEFVAR *MUTEX* ...)
; compiling (DEFVAR *AUX-MUTEX* ...)
; compiling (DEFMACRO BG ...)
; compiling (DEFMACRO JOIN-ALL ...)
; compiling (DEFUN READ-ALL ...)
; compiling (DEFUN LENGTH-TO-REPLACE ...)
; compiling (DEFUN REPLACE-AUX ...)
; compiling (DEFUN PARTS ...)
; compiling (DEFUN REPLACE-ALL ...)
; compiling (DEFUN MAIN ...)

; /home/dunham/benchmarksgame_onecore/regexdna/tmp/regexdna.sbcl-3.fasl written
; compilation finished in 0:00:00.615
[undoing binding stack and other enclosing state... done]
[saving current Lisp image into sbcl.core:
writing 3512 bytes from the read-only space at 0x01000000
writing 2256 bytes from the static space at 0x01100000
writing 29372416 bytes from the dynamic space at 0x09000000
done]
### START regexdna.sbcl-3.sbcl_run
(main) (quit)
### END regexdna.sbcl-3.sbcl_run

1.24s to complete and log all make actions

COMMAND LINE:
/usr/local/bin/sbcl --noinform --core sbcl.core --userinit /dev/null --load regexdna.sbcl-3.sbcl_run 0 < regexdna-input5000000.txt

TIMED OUT after 300s


PROGRAM OUTPUT:

Heap exhausted during allocation: 22859776 bytes available, 56600016 requested.
 Gen StaPg UbSta LaSta LUbSt Boxed Unboxed LB   LUB  !move  Alloc  Waste   Trig    WP  GCs Mem-age
   0: 58078     0     0     0  2003     0     0  6104  6115 33128336 77936 27014712    0   1  0.0000
   1:     0     0     0     0  3054     0     0 13526 13558 67862872 48808 69862872 3022   1  0.0000
   2: 87161     0     0     0 12923     5     0 75019 63408 359928912 302000  2000000 12846   0  0.5206
   3:     0     0     0     0     0     0     0     0     0        0     0  2000000    0   0  0.0000
   4:     0     0     0     0     0     0     0     0     0        0     0  2000000    0   0  0.0000
   5:     0     0     0     0     0     0     0     0     0        0     0  2000000    0   0  0.0000
   6:     0     0     0     0  5943  1228     0     0     0 29372416     0  2000000 5884   0  0.0000
   Total bytes allocated    = 490292536
   Dynamic-space-size bytes = 536870912
GC control variables:
   *GC-INHIBIT* = false
   *GC-PENDING* = false
   *STOP-FOR-GC-PENDING* = false

debugger invoked on a SB-KERNEL::HEAP-EXHAUSTED-ERROR in thread #<THREAD
                                                                  RUNNING
                                                                  {10E53931}>:
  Heap exhausted (no more space for allocation).
There are still 22859776 bytes available; the request was for 56600016 bytes.

PROCEED WITH CAUTION.
