
Mon, 11 Apr 2011 17:26:53 GMT

MAKE:
/usr/local/src/ats-lang-anairiats-0.2.4/bin/atscc -D_GNU_SOURCE -D_ATS_MULTITHREAD -lpthread -pipe -Wall -O3 -fomit-frame-pointer -march=native -mfpmath=sse -msse2 -lm spectralnorm.dats -o spectralnorm.ats-4.ats_run
/usr/local/src/ats-lang-anairiats-0.2.4/lib/ats-anairiats-0.2.4/bin/atsopt --output spectralnorm_dats.c --dynamic spectralnorm.dats
In file included from /usr/local/src/ats-lang-anairiats-0.2.4/lib/ats-anairiats-0.2.4/libats/CATS/parworkshop.cats:45,
                 from spectralnorm_dats.c:45:
/usr/local/src/ats-lang-anairiats-0.2.4/lib/ats-anairiats-0.2.4/libc/CATS/pthread.cats:60: warning: return type defaults to ‘int’
/usr/local/src/ats-lang-anairiats-0.2.4/lib/ats-anairiats-0.2.4/libc/CATS/pthread.cats: In function ‘atslib_pthread_attr_init_exn’:
/usr/local/src/ats-lang-anairiats-0.2.4/lib/ats-anairiats-0.2.4/libc/CATS/pthread.cats:64: warning: ‘return’ with no value, in function returning non-void
/usr/local/src/ats-lang-anairiats-0.2.4/lib/ats-anairiats-0.2.4/libc/CATS/pthread.cats: At top level:
/usr/local/src/ats-lang-anairiats-0.2.4/lib/ats-anairiats-0.2.4/libc/CATS/pthread.cats:69: warning: return type defaults to ‘int’
/usr/local/src/ats-lang-anairiats-0.2.4/lib/ats-anairiats-0.2.4/libc/CATS/pthread.cats: In function ‘atslib_pthread_attr_destroy_exn’:
/usr/local/src/ats-lang-anairiats-0.2.4/lib/ats-anairiats-0.2.4/libc/CATS/pthread.cats:73: warning: ‘return’ with no value, in function returning non-void
spectralnorm_dats.c: In function ‘eval_A_0_0’:
spectralnorm_dats.c:329: warning: label ‘__ats_lab_eval_A_0_0’ defined but not used
spectralnorm_dats.c: In function ‘eval_A_1_1’:
spectralnorm_dats.c:378: warning: label ‘__ats_lab_eval_A_1_1’ defined but not used
spectralnorm_dats.c: In function ‘fwork_2’:
spectralnorm_dats.c:416: warning: label ‘__ats_lab_fwork_2’ defined but not used
spectralnorm_dats.c: In function ‘loop1__7’:
spectralnorm_dats.c:680: warning: label ‘__ats_lab_loop1__7’ defined but not used
spectralnorm_dats.c: In function ‘__ats_fun_9’:
spectralnorm_dats.c:723: warning: label ‘__ats_lab___ats_fun_9’ defined but not used
spectralnorm_dats.c: In function ‘DEQUEptrnxt_01750_ats_clo_ptr_type’:
spectralnorm_dats.c:778: warning: label ‘__ats_lab_DEQUEptrnxt_01750_ats_clo_ptr_type’ defined but not used
spectralnorm_dats.c: In function ‘deque_insert_end_01731_ats_clo_ptr_type’:
spectralnorm_dats.c:807: warning: label ‘__ats_lab_deque_insert_end_01731_ats_clo_ptr_type’ defined but not used
spectralnorm_dats.c: In function ‘queue_insert_01708_ats_clo_ptr_type’:
spectralnorm_dats.c:828: warning: label ‘__ats_lab_queue_insert_01708_ats_clo_ptr_type’ defined but not used
spectralnorm_dats.c: In function ‘workshop_insert_work_01687_ats_clo_ptr_type’:
spectralnorm_dats.c:891: warning: label ‘__ats_lab_workshop_insert_work_01687_ats_clo_ptr_type’ defined but not used
spectralnorm_dats.c: In function ‘eval_A_times_u_3’:
spectralnorm_dats.c:982: warning: label ‘__ats_lab_eval_A_times_u_3’ defined but not used
spectralnorm_dats.c: In function ‘eval_AtA_times_u_15’:
spectralnorm_dats.c:1009: warning: label ‘__ats_lab_eval_AtA_times_u_15’ defined but not used
spectralnorm_dats.c: In function ‘_2home_2dunham_2benchmarksgame_onecore_2spectralnorm_2tmp_2spectralnorm_2edats__ncore_get’:
spectralnorm_dats.c:1062: warning: label ‘__ats_lab_1’ defined but not used
spectralnorm_dats.c:1059: warning: label ‘__ats_lab_2’ defined but not used
spectralnorm_dats.c:1036: warning: label ‘__ats_lab__2home_2dunham_2benchmarksgame_onecore_2spectralnorm_2tmp_2spectralnorm_2edats__ncore_get’ defined but not used
spectralnorm_dats.c: In function ‘workshop_make_01680_ats_clo_ptr_type’:
spectralnorm_dats.c:1076: warning: label ‘__ats_lab_workshop_make_01680_ats_clo_ptr_type’ defined but not used
spectralnorm_dats.c: In function ‘deque_remove_beg_01734_ats_clo_ptr_type’:
spectralnorm_dats.c:1096: warning: label ‘__ats_lab_deque_remove_beg_01734_ats_clo_ptr_type’ defined but not used
spectralnorm_dats.c: In function ‘queue_remove_01710_ats_clo_ptr_type’:
spectralnorm_dats.c:1118: warning: label ‘__ats_lab_queue_remove_01710_ats_clo_ptr_type’ defined but not used
spectralnorm_dats.c: In function ‘workshop_remove_work_01688_ats_clo_ptr_type’:
spectralnorm_dats.c:1196: warning: label ‘__ats_lab_workshop_remove_work_01688_ats_clo_ptr_type’ defined but not used
spectralnorm_dats.c: In function ‘worker_22’:
spectralnorm_dats.c:1295: warning: label ‘__ats_lab_5_0’ defined but not used
spectralnorm_dats.c:1261: warning: label ‘__ats_lab_4_0’ defined but not used
spectralnorm_dats.c:1253: warning: label ‘__ats_lab_3_1’ defined but not used
spectralnorm_dats.c:1252: warning: label ‘__ats_lab_3_0’ defined but not used
spectralnorm_dats.c: In function ‘workshop_add_worker_01685_ats_clo_ptr_type’:
spectralnorm_dats.c:1338: warning: label ‘__ats_lab_workshop_add_worker_01685_ats_clo_ptr_type’ defined but not used
spectralnorm_dats.c: In function ‘workshop_add_nworker_01686_ats_clo_ptr_type’:
spectralnorm_dats.c:1390: warning: label ‘__ats_lab_workshop_add_nworker_01686_ats_clo_ptr_type’ defined but not used
spectralnorm_dats.c: In function ‘mainats’:
spectralnorm_dats.c:1529: warning: label ‘__ats_lab_13’ defined but not used
spectralnorm_dats.c:1514: warning: label ‘__ats_lab_10’ defined but not used
spectralnorm_dats.c:1511: warning: label ‘__ats_lab_11’ defined but not used
spectralnorm_dats.c:1492: warning: label ‘__ats_lab_7’ defined but not used
spectralnorm_dats.c:1489: warning: label ‘__ats_lab_8’ defined but not used
spectralnorm_dats.c:1453: warning: label ‘__ats_lab_mainats’ defined but not used
spectralnorm_dats.c: At top level:
/usr/local/src/ats-lang-anairiats-0.2.4/lib/ats-anairiats-0.2.4/prelude/CATS/pointer.cats:52: warning: ‘atspre_null_ptr’ defined but not used
/usr/local/src/ats-lang-anairiats-0.2.4/lib/ats-anairiats-0.2.4/prelude/CATS/printf.cats:57: warning: ‘atspre_fprintf_err’ defined but not used
/usr/local/src/ats-lang-anairiats-0.2.4/lib/ats-anairiats-0.2.4/prelude/CATS/printf.cats:69: warning: ‘atspre_fprintf_exn’ defined but not used
/usr/local/src/ats-lang-anairiats-0.2.4/lib/ats-anairiats-0.2.4/prelude/CATS/printf.cats:105: warning: ‘atspre_prerrf_exn’ defined but not used
/usr/local/src/ats-lang-anairiats-0.2.4/lib/ats-anairiats-0.2.4/prelude/CATS/string.cats:351: warning: ‘atspre_stropt_none’ defined but not used
spectralnorm_dats.c:489: warning: ‘loop2_0_4_closure_make’ defined but not used
spectralnorm_dats.c:553: warning: ‘loop2_1_5_closure_make’ defined but not used
spectralnorm_dats.c:665: warning: ‘loop1_6_closure_make’ defined but not used
spectralnorm_dats.c:708: warning: ‘loop1__7_closure_make’ defined but not used
spectralnorm_dats.c:955: warning: ‘split_8_closure_make’ defined but not used
gcc -I/usr/local/src/ats-lang-anairiats-0.2.4/lib/ats-anairiats-0.2.4/ -I/usr/local/src/ats-lang-anairiats-0.2.4/lib/ats-anairiats-0.2.4/ccomp/runtime/ -L/usr/local/src/ats-lang-anairiats-0.2.4/lib/ats-anairiats-0.2.4/ccomp/lib/ /usr/local/src/ats-lang-anairiats-0.2.4/lib/ats-anairiats-0.2.4/ccomp/runtime/ats_prelude.c -D_GNU_SOURCE -D_ATS_MULTITHREAD -lpthread -pipe -Wall -O3 -fomit-frame-pointer -march=native -mfpmath=sse -msse2 -lm spectralnorm_dats.c -o spectralnorm.ats-4.ats_run -lats_mt -lats 
0.57s to complete and log all make actions

COMMAND LINE:
./spectralnorm.ats-4.ats_run 5500

PROGRAM OUTPUT:
1.274224153
