
Fri, 26 Nov 2010 02:06:46 GMT

MAKE:
cp: `spectralnorm.sbcl' and `./spectralnorm.sbcl' are the same file
SBCL built with: /usr/local/bin/sbcl --userinit /dev/null --batch --eval '(load "spectralnorm.sbcl_compile")'
### START spectralnorm.sbcl_compile
(handler-bind ((sb-ext:defconstant-uneql      (lambda (c) (abort c))))      (load (compile-file "spectralnorm.sbcl" ))) (save-lisp-and-die "sbcl.core" :purify t)
### END spectralnorm.sbcl_compile


; compiling file "/home/dunham/shootout/bench/spectralnorm/spectralnorm.sbcl" (written 07 JUN 2010 05:58:46 PM):
; compiling (DEFUN EVAL-ATA-TIMES-U ...)
; compiling (DECLAIM (INLINE EVAL-A))
; compiling (DEFUN EVAL-A ...)
; compiling (DEFUN EVAL-A-TIMES-U ...)
; compiling (DEFUN EVAL-AT-TIMES-U ...)
; compiling (DEFUN MAIN ...)

; /home/dunham/benchmarksgame_onecore/spectralnorm/tmp/spectralnorm.fasl written
; compilation finished in 0:00:00.074
[undoing binding stack and other enclosing state... done]
[saving current Lisp image into sbcl.core:
writing 3512 bytes from the read-only space at 0x01000000
writing 2256 bytes from the static space at 0x01100000
writing 27279360 bytes from the dynamic space at 0x09000000
done]
### START spectralnorm.sbcl_run
(main) (quit)
### END spectralnorm.sbcl_run

0.57s to complete and log all make actions

COMMAND LINE:
/usr/local/bin/sbcl --noinform --core sbcl.core --userinit /dev/null --load spectralnorm.sbcl_run 5500

PROGRAM OUTPUT:
1.274224153
