
Thu, 15 Oct 2009 01:10:13 GMT

MAKE:
/usr/local/src/ats-lang-anairiats-0.1.6/bin/atscc  -pipe -Wall -O3 -fomit-frame-pointer -march=native -lpthread threadring.dats -o threadring.ats_run
/usr/local/src/ats-lang-anairiats-0.1.6/bin/atsopt --output threadring_dats.c --dynamic threadring.dats
/usr/local/src/ats-lang-anairiats-0.1.6/ccomp/runtime/ats_prelude.c:210:17: warning: "/*" within comment
In file included from threadring_dats.c:22:
/usr/local/src/ats-lang-anairiats-0.1.6/prelude/CATS/char.cats: In function ‘atspre_char_isblank’:
/usr/local/src/ats-lang-anairiats-0.1.6/prelude/CATS/char.cats:219: warning: implicit declaration of function ‘isblank’
In file included from threadring_dats.c:25:
/usr/local/src/ats-lang-anairiats-0.1.6/prelude/CATS/integer_fixed.cats: In function ‘atspre_fprint_uint64’:
/usr/local/src/ats-lang-anairiats-0.1.6/prelude/CATS/integer_fixed.cats:1286: warning: format ‘%hhu’ expects type ‘int’, but argument 3 has type ‘ats_uint64_type’
threadring_dats.c: In function ‘mainats’:
threadring_dats.c:199: warning: label ‘__ats_lab_mainats’ defined but not used
threadring_dats.c: At top level:
/usr/local/src/ats-lang-anairiats-0.1.6/prelude/CATS/pointer.cats:52: warning: ‘atspre_null_ptr’ defined but not used
/usr/local/src/ats-lang-anairiats-0.1.6/prelude/CATS/printf.cats:50: warning: ‘atspre_fprintf_err’ defined but not used
/usr/local/src/ats-lang-anairiats-0.1.6/prelude/CATS/printf.cats:61: warning: ‘atspre_fprintf_exn’ defined but not used
/usr/local/src/ats-lang-anairiats-0.1.6/prelude/CATS/printf.cats:73: warning: ‘atspre_printf_err’ defined but not used
/usr/local/src/ats-lang-anairiats-0.1.6/prelude/CATS/printf.cats:84: warning: ‘atspre_printf_exn’ defined but not used
/usr/local/src/ats-lang-anairiats-0.1.6/prelude/CATS/printf.cats:98: warning: ‘atspre_prerrf_exn’ defined but not used
/usr/local/src/ats-lang-anairiats-0.1.6/prelude/CATS/string.cats:357: warning: ‘atspre_stropt_none’ defined but not used
gcc -I/usr/local/src/ats-lang-anairiats-0.1.6/ -I/usr/local/src/ats-lang-anairiats-0.1.6/ccomp/runtime/ -L/usr/local/src/ats-lang-anairiats-0.1.6/ccomp/lib/ /usr/local/src/ats-lang-anairiats-0.1.6/ccomp/runtime/ats_prelude.c -pipe -Wall -O3 -fomit-frame-pointer -march=native -lpthread threadring_dats.c -o threadring.ats_run -lats 
rm threadring.dats
0.35s to complete and log all make actions

COMMAND LINE:
./threadring.ats_run 50000000

PROGRAM OUTPUT:
292

PTHREAD_STACK_MIN = 16384
