
Tue, 17 Mar 2009 15:15:50 GMT

MAKE:
cp: `threadring.sbcl-2.sbcl' and `./threadring.sbcl-2.sbcl' are the same file
SBCL built with: /usr/local/bin/sbcl --userinit /dev/null --batch --eval '(load "threadring.sbcl-2.sbcl_compile")'
### START threadring.sbcl-2.sbcl_compile
(proclaim '(optimize (speed 3) (safety 0) (debug 0) (compilation-speed 0) (space 0)))
(handler-bind ((sb-ext:defconstant-uneql      (lambda (c) (abort c))))      (load (compile-file "threadring.sbcl-2.sbcl" ))) (save-lisp-and-die "sbcl.core" :purify t)
### END threadring.sbcl-2.sbcl_compile


; compiling file "/home/dunham/shootout/bench/threadring/threadring.sbcl-2.sbcl" (written 22 DEC 2008 03:40:35 PM):
; compiling (DEFCONSTANT +THREADS+ ...)
; compiling (DEFPARAMETER *COUNTER* ...)
; compiling (DEFPARAMETER *CURRENT* ...)
; compiling (DEFPARAMETER *SEMAPHORE* ...)
; compiling (DEFPARAMETER *SEMAPHORES* ...)
; compiling (DECLAIM (TYPE FIXNUM ...))
; compiling (DEFMACRO WAIT ...)
; compiling (DEFMACRO WAKE ...)
; compiling (DEFMACRO KILL ...)
; compiling (DEFUN THREAD-BODY ...)
; compiling (DEFUN START ...)
; compiling (DEFUN MAIN ...)

; /home/dunham/benchmarksgame_onecore/threadring/tmp/threadring.sbcl-2.fasl written
; compilation finished in 0:00:00.024
[undoing binding stack and other enclosing state... done]
[saving current Lisp image into /home/dunham/benchmarksgame_onecore/threadring/tmp/sbcl.core:
writing 3488 bytes from the read-only space at 0x01000000
writing 2160 bytes from the static space at 0x01100000
writing 26198016 bytes from the dynamic space at 0x09000000
done]
### START threadring.sbcl-2.sbcl_run
(proclaim '(optimize (speed 3) (safety 0) (debug 0) (compilation-speed 0) (space 0)))
(main) (quit)
### END threadring.sbcl-2.sbcl_run

0.53s to complete and log all make actions

COMMAND LINE:
/usr/local/bin/sbcl --noinform --core sbcl.core --userinit /dev/null --load threadring.sbcl-2.sbcl_run 50000000

PROGRAM OUTPUT:
292
