
Sun, 30 Jan 2011 21:36:02 GMT
copy chameneosredux.java chameneosredux.java
The file cannot be copied onto itself.
        0 file(s) copied.
make: [chameneosredux.java_run] Error 1 (ignored)
C:/Program Files/Java/jdk1.6.0_23/bin/javac chameneosredux.java
0.71s to complete and log all make actions

COMMAND LINE:
C:/Program Files/Java/jdk1.6.0_23/bin/java  -server chameneosredux 6000000

PROGRAM OUTPUT NOT CHECKED:
blue + blue -> blue
blue + red -> yellow
blue + yellow -> red
red + blue -> yellow
red + red -> red
red + yellow -> blue
yellow + blue -> red
yellow + red -> blue
yellow + yellow -> yellow

 blue red yellow
3993173 zero
3980693 zero
4026134 zero
 one two zero zero zero zero zero zero

 blue red yellow red yellow blue red yellow red blue
1145697 zero
1194303 zero
1225740 zero
1197982 zero
1177150 zero
1186135 zero
1226524 zero
1222347 zero
1200746 zero
1223376 zero
 one two zero zero zero zero zero zero

