
Wed, 31 Mar 2010 21:11:21 GMT

COMMAND LINE:
ipy -O chameneosredux.ironpy-2.ironpy 6000000

PROGRAM OUTPUT NOT CHECKED:
blue + blue -> blue
blue + red -> yellow
blue + yellow -> red
red + blue -> yellow
red + red -> red
red + yellow -> blue
yellow + blue -> red
yellow + red -> blue
yellow + yellow -> yellow

 blue red yellow
3637235 zero
2902575 zero
5460190 zero
 one two zero zero zero zero zero zero

 blue red yellow red yellow blue red yellow red blue
1361792 zero
1480648 zero
1024240 zero
1043128 zero
1258846 zero
1188442 zero
898843 zero
1085957 zero
1426104 zero
1232000 zero
 one two zero zero zero zero zero zero

