
Mon, 31 Jan 2011 22:47:24 GMT
copy chameneosredux.javaxint chameneosredux.java
        1 file(s) copied.
C:/Program Files/Java/jdk1.6.0_23/bin/javac chameneosredux.java
0.63s to complete and log all make actions

COMMAND LINE:
C:/Program Files/Java/jdk1.6.0_23/bin/java  -server -Xint chameneosredux 6000000

PROGRAM OUTPUT NOT CHECKED:
blue + blue -> blue
blue + red -> yellow
blue + yellow -> red
red + blue -> yellow
red + red -> red
red + yellow -> blue
yellow + blue -> red
yellow + red -> blue
yellow + yellow -> yellow

 blue red yellow
4004243 zero
4003741 zero
3992016 zero
 one two zero zero zero zero zero zero

 blue red yellow red yellow blue red yellow red blue
1198831 zero
1199635 zero
1199588 zero
1197340 zero
1200822 zero
1197123 zero
1200493 zero
1201403 zero
1202468 zero
1202297 zero
 one two zero zero zero zero zero zero

