
Wed, 10 Mar 2010 22:56:32 GMT
copy chameneosredux.java-4.java chameneosredux.java
        1 file(s) copied.
C:/Program Files/Java/jdk1.6.0_18/bin/javac chameneosredux.java
0.55s to complete and log all make actions

COMMAND LINE:
C:/Program Files/Java/jdk1.6.0_18/bin/java  -server chameneosredux 6000000

PROGRAM OUTPUT NOT CHECKED:
blue + blue -> blue
blue + red -> yellow
blue + yellow -> red
red + blue -> yellow
red + red -> red
red + yellow -> blue
yellow + blue -> red
yellow + red -> blue
yellow + yellow -> yellow

 blue red yellow
4184356 zero
4473017 zero
3342627 zero
 one two zero zero zero zero zero zero

 blue red yellow red yellow blue red yellow red blue
1093076 zero
1192515 zero
1227726 zero
1091220 zero
1109213 zero
1040618 zero
1230104 zero
1348125 zero
1301817 zero
1365586 zero
 one two zero zero zero zero zero zero

