
Sun, 30 Jan 2011 07:20:45 GMT
copy chameneosredux.csharp chameneosredux.cs
        1 file(s) copied.
csc /optimize+ /platform:x86 /out:chameneosredux.exe chameneosredux.cs
Microsoft (R) Visual C# 2010 Compiler version 4.0.30319.1
Copyright (C) Microsoft Corporation. All rights reserved.

0.42s to complete and log all make actions

COMMAND LINE:
chameneosredux.exe 6000000

PROGRAM OUTPUT NOT CHECKED:
blue + blue -> blue
blue + red -> yellow
blue + yellow -> red
red + blue -> yellow
red + red -> red
red + yellow -> blue
yellow + blue -> red
yellow + red -> blue
yellow + yellow -> yellow

 blue red yellow
4098775 zero
3457665 zero
4443560 zero
 one two zero zero zero zero zero zero

 blue red yellow red yellow blue red yellow red blue
955415 zero
1005123 zero
1595485 zero
1405235 zero
1001129 zero
990663 zero
1513319 zero
1563686 zero
992444 zero
977501 zero
 one two zero zero zero zero zero zero

