
Sun, 30 Jan 2011 22:36:56 GMT
copy knucleotide.java knucleotide.java
The file cannot be copied onto itself.
        0 file(s) copied.
make: [knucleotide.java_run] Error 1 (ignored)
C:/Program Files/Java/jdk1.6.0_23/bin/javac knucleotide.java
0.59s to complete and log all make actions

COMMAND LINE:
C:/Program Files/Java/jdk1.6.0_23/bin/java  -server knucleotide 0 < knucleotide-input25000000.txt

PROGRAM OUTPUT:
A 30.295
T 30.151
C 19.800
G 19.754

AA 9.177
TA 9.132
AT 9.131
TT 9.091
CA 6.002
AC 6.001
AG 5.987
GA 5.984
CT 5.971
TC 5.971
GT 5.957
TG 5.956
CC 3.917
GC 3.911
CG 3.909
GG 3.902

1471758	GGT
446535	GGTA
47336	GGTATT
893	GGTATTTTAATT
893	GGTATTTTAATTTATAGT
