
Tue, 30 Mar 2010 23:40:45 GMT
copy pidigits.fsharp pidigits.fs
        1 file(s) copied.
fsc --platform:x86 --optimize+ --out:pidigits.exe pidigits.fs
Microsoft (R) F# 2.0 Compiler build 1.9.9.9
Copyright (c) Microsoft Corporation. All Rights Reserved.

pidigits.fs(8,10): error FS0784: This numeric literal requires that a module 'NumericLiteralN' defining functions FromZero, FromOne, FromInt32, FromInt64 and FromString be in scope

pidigits.fs(8,14): error FS0784: This numeric literal requires that a module 'NumericLiteralN' defining functions FromZero, FromOne, FromInt32, FromInt64 and FromString be in scope

pidigits.fs(8,18): error FS0784: This numeric literal requires that a module 'NumericLiteralN' defining functions FromZero, FromOne, FromInt32, FromInt64 and FromString be in scope

pidigits.fs(8,22): error FS0784: This numeric literal requires that a module 'NumericLiteralN' defining functions FromZero, FromOne, FromInt32, FromInt64 and FromString be in scope

pidigits.fs(15,48): error FS0784: This numeric literal requires that a module 'NumericLiteralN' defining functions FromZero, FromOne, FromInt32, FromInt64 and FromString be in scope

pidigits.fs(16,12): error FS0784: This numeric literal requires that a module 'NumericLiteralN' defining functions FromZero, FromOne, FromInt32, FromInt64 and FromString be in scope

pidigits.fs(19,21): error FS0784: This numeric literal requires that a module 'NumericLiteralN' defining functions FromZero, FromOne, FromInt32, FromInt64 and FromString be in scope

pidigits.fs(20,26): error FS0784: This numeric literal requires that a module 'NumericLiteralN' defining functions FromZero, FromOne, FromInt32, FromInt64 and FromString be in scope

pidigits.fs(22,15): error FS0784: This numeric literal requires that a module 'NumericLiteralN' defining functions FromZero, FromOne, FromInt32, FromInt64 and FromString be in scope

pidigits.fs(23,6): error FS0784: This numeric literal requires that a module 'NumericLiteralN' defining functions FromZero, FromOne, FromInt32, FromInt64 and FromString be in scope

pidigits.fs(23,25): error FS0784: This numeric literal requires that a module 'NumericLiteralN' defining functions FromZero, FromOne, FromInt32, FromInt64 and FromString be in scope

pidigits.fs(28,21): error FS0784: This numeric literal requires that a module 'NumericLiteralN' defining functions FromZero, FromOne, FromInt32, FromInt64 and FromString be in scope

pidigits.fs(29,29): error FS0784: This numeric literal requires that a module 'NumericLiteralN' defining functions FromZero, FromOne, FromInt32, FromInt64 and FromString be in scope

pidigits.fs(30,23): error FS0784: This numeric literal requires that a module 'NumericLiteralN' defining functions FromZero, FromOne, FromInt32, FromInt64 and FromString be in scope

pidigits.fs(30,33): error FS0784: This numeric literal requires that a module 'NumericLiteralN' defining functions FromZero, FromOne, FromInt32, FromInt64 and FromString be in scope

pidigits.fs(30,37): error FS0784: This numeric literal requires that a module 'NumericLiteralN' defining functions FromZero, FromOne, FromInt32, FromInt64 and FromString be in scope

pidigits.fs(30,47): error FS0784: This numeric literal requires that a module 'NumericLiteralN' defining functions FromZero, FromOne, FromInt32, FromInt64 and FromString be in scope

pidigits.fs(50,22): error FS0039: The namespace or module 'Sys' is not defined

pidigits.fs(50,22): error FS0752: The operator 'expr.[idx]' has been used an object of indeterminate type based on information prior to this program point. Consider adding further type constraints

pidigits.fs(17,34): error FS0332: Could not resolve the ambiguity inherent in the use of the operator '( * )' at or near this program point. Consider using type annotations to resolve the ambiguity.

pidigits.fs(17,46): error FS0332: Could not resolve the ambiguity inherent in the use of the operator '( * )' at or near this program point. Consider using type annotations to resolve the ambiguity.

pidigits.fs(29,27): error FS0332: Could not resolve the ambiguity inherent in the use of the operator '( + )' at or near this program point. Consider using type annotations to resolve the ambiguity.

pidigits.fs(30,26): error FS0332: Could not resolve the ambiguity inherent in the use of the operator '( * )' at or near this program point. Consider using type annotations to resolve the ambiguity.

pidigits.fs(30,40): error FS0332: Could not resolve the ambiguity inherent in the use of the operator '( * )' at or near this program point. Consider using type annotations to resolve the ambiguity.
make: [pidigits.fsharp_run] Error 1 (ignored)
3.03s to complete and log all make actions

COMMAND LINE:
pidigits.exe 2000

PROGRAM FAILED 


PROGRAM OUTPUT:
