
Thu, 11 Mar 2010 02:34:55 GMT
copy regexdna.javaxint-5.javaxint regexdna.java
        1 file(s) copied.
C:/Program Files/Java/jdk1.6.0_18/bin/javac regexdna.java
0.61s to complete and log all make actions

COMMAND LINE:
C:/Program Files/Java/jdk1.6.0_18/bin/java  -server -Xint regexdna 0 < regexdna-input5000000.txt

PROGRAM OUTPUT:
agggtaaa|tttaccct 356
[cgt]gggtaaa|tttaccc[acg] 1250
a[act]ggtaaa|tttacc[agt]t 4252
ag[act]gtaaa|tttac[agt]ct 2894
agg[act]taaa|ttta[agt]cct 5435
aggg[acg]aaa|ttt[cgt]ccct 1537
agggt[cgt]aa|tt[acg]accct 1431
agggta[cgt]a|t[acg]taccct 1608
agggtaa[cgt]|[acg]ttaccct 2178

50833411
50000000
66800214
