BUILD COMMANDS FOR: ackermann.sbcl

Mon Oct 31 23:46:33 UTC 2005

SBCL built with: /usr/bin/sbcl --userinit /dev/null --sysinit /dev/null -batch -eval '(load "ackermann.sbcl_compile")'
### START ackermann.sbcl_compile
(proclaim '(optimize (speed 3) (safety 0) (debug 0) (compilation-speed 0) (space 0)))
(handler-bind ((sb-ext:defconstant-uneql      (lambda (c) (abort c))))      (load (compile-file "ackermann.sbcl" ))) (save-lisp-and-die "sbcl.core" :purify t)
### END ackermann.sbcl_compile


; compiling file "/home/dunham/gp4/shootout/bench/ackermann/tmp/ackermann.sbcl" (written 31 OCT 2005 11:46:33 PM):
; compiling (DEFUN FAST-ACK ...)
; compiling (DEFUN MAIN ...)
; file: /home/dunham/gp4/shootout/bench/ackermann/tmp/ackermann.sbcl
; in: DEFUN MAIN
;     (LAST *POSIX-ARGV*)
; ==>
;   (SB-IMPL::LAST1 *POSIX-ARGV*)
; 
; caught STYLE-WARNING:
;   Assignment to argument: LIST
;     prevents use of assertion from function type previous declaration:
;     LIST
;   
; 
; compilation unit finished
;   caught 1 STYLE-WARNING condition


; /home/dunham/gp4/shootout/bench/ackermann/tmp/ackermann.fasl written
; compilation finished in 0:00:01
[doing purification: roots handlers stack bindings static cleanup done]
[undoing binding stack and other enclosing state... done]
[saving current Lisp image into /home/dunham/gp4/shootout/bench/ackermann/tmp/sbcl.core:
writing 18491688 bytes from the read-only space at 0x01000000
writing 6219832 bytes from the static space at 0x05000000
writing 4096 bytes from the dynamic space at 0x09000000
done]
### START ackermann.sbcl_run
(proclaim '(optimize (speed 3) (safety 0) (debug 0) (compilation-speed 0) (space 0)))
(main) (quit)
### END ackermann.sbcl_run


=================================================================
COMMAND LINE (%A is single numeric argument):

 /usr/bin/sbcl --noinform --core sbcl.core --userinit /dev/null --sysinit /dev/null --load ackermann.sbcl_run %A


PROGRAM OUTPUT
==============
Ack(3,9): 4093
