RUNNING SCRIPT: ackermann.lua

Fri Oct 28 00:43:32 UTC 2005


=================================================================
COMMAND LINE (%A is single numeric argument):

 /usr/bin/lua $LUA_EXTRAS ../ackermann.lua %A
/usr/bin/lua: ../ackermann.lua:9: stack overflow
stack traceback:
	../ackermann.lua:9: in function `Ack'
	../ackermann.lua:11: in function `Ack'
	../ackermann.lua:11: in function `Ack'
	../ackermann.lua:11: in function `Ack'
	../ackermann.lua:11: in function `Ack'
	../ackermann.lua:11: in function `Ack'
	../ackermann.lua:11: in function `Ack'
	../ackermann.lua:11: in function `Ack'
	../ackermann.lua:11: in function `Ack'
	../ackermann.lua:11: in function `Ack'
	../ackermann.lua:11: in function `Ack'
	...
	../ackermann.lua:11: in function `Ack'
	../ackermann.lua:11: in function `Ack'
	../ackermann.lua:11: in function `Ack'
	../ackermann.lua:11: in function `Ack'
	../ackermann.lua:11: in function `Ack'
	../ackermann.lua:11: in function `Ack'
	../ackermann.lua:11: in function `Ack'
	../ackermann.lua:11: in function `Ack'
	../ackermann.lua:15: in main chunk
	[C]: ?
TEST FAILED - Child processed exited with error code (1)


PROGRAM OUTPUT
==============
