BUILD COMMANDS FOR: ackermann.smlnj-2.smlnj

Sun Dec  4 16:43:12 PST 2005

cp /home/dunham/gp4/shootout/bench/ackermann/ackermann.smlnj-2.smlnj ackermann.sml
cp /home/dunham/gp4/shootout/bench/ackermann/cm_ackermann.cm ackermann.cm
/usr/bin/ml-build ackermann.cm Test.main ackermann
Standard ML of New Jersey v110.45 [FLINT v1.5], February 13, 2004
[scanning ackermann.cm]
[parsing (ackermann.cm):ackermann.sml]
ackermann.sml:9.1-9.78 Warning: definition not tracked by CM
ackermann.sml:10.1-10.77 Warning: definition not tracked by CM
ackermann.sml:11.1-11.78 Warning: definition not tracked by CM
ackermann.cm:14.2-14.15 Warning: no module exports from (ackermann.cm):ackermann.sml
ackermann.cm:10.2-10.16 Error: exported structure not defined: Test
Error: Compiler bug: build: undefined export
/usr/lib/smlnj/bin/sml: Fatal error -- Uncaught exception Error with 0
 raised at ../compiler/Basics/errormsg/errormsg.sml:55.14-55.19


=================================================================
COMMAND LINE (%A is single numeric argument):

 /usr/bin/sml @SMLload=ackermann.smlnj-2 %A
/usr/bin/sml: Fatal error -- unable to open heap image "ackermann.smlnj-2"

TEST FAILED - Child processed exited with error code (1)


PROGRAM OUTPUT
==============
