BUILD COMMANDS FOR: binarytrees.pnet

Fri May 18 00:05:19 PDT 2007

cp /home/dunham/gp4/shootout/bench/binarytrees/binarytrees.pnet binarytrees.cs
rm -f binarytrees.pnet_run
/usr/bin/cscc  /out:binarytrees.pnet_run binarytrees.cs
rm binarytrees.cs

=================================================================
COMMAND LINE (%A is single numeric argument):

 /usr/bin/ilrun $PNETFLAGS binarytrees.pnet_run %A


PROGRAM OUTPUT
==============
stretch tree of depth 17	 check: -1
131072	 trees of depth 4	 check: -131072
32768	 trees of depth 6	 check: -32768
8192	 trees of depth 8	 check: -8192
2048	 trees of depth 10	 check: -2048
512	 trees of depth 12	 check: -512
128	 trees of depth 14	 check: -128
32	 trees of depth 16	 check: -32
long lived tree of depth 16	 check: -1
