BUILD COMMANDS FOR: binarytrees.se

Tue Nov  1 13:33:42 UTC 2005

copying /home/dunham/gp4/shootout/bench/binarytrees/binarytrees.se to binarytrees.e
cp /home/dunham/gp4/shootout/bench/binarytrees/binarytrees.se binarytrees.e
../../../bin/split_file.bash /home/dunham/gp4/shootout/bench/binarytrees/binarytrees.se binarytrees.e
splitfile  tree.e
splitfile  node.e
splitfile  sheet.e
splitfile  binarytree.e
rm -f binarytrees.se_run
(echo . ; echo ../ ; echo ../../Include/eiffel) > loadpath.se
/usr/lib/SmartEiffel/bin/compile -boost -no_split -O3 -fomit-frame-pointer -funroll-loops  -o binarytrees.se_run binarytrees ; /usr/lib/SmartEiffel/bin/clean binarytrees
****** Fatal Error: File "./binarytrees.e" does not contain class
"BINARYTREES".
Line 7 column 16 in BINARYTREES (./binarytrees.e):
deferred class TREE feature
               ^           
------
File "binarytrees.make" not found. Error(s) during `compile_to_c'.
rm binarytrees.e

=================================================================
COMMAND LINE (%A is single numeric argument):

binarytrees.se_run %A
Error, could not exec binarytrees.se_run 12 (No such file or directory)
PATH=/home/dunham/gp4/shootout/bench/binarytrees:/home/dunham/gp4/shootout/bench/binarytrees/tmp:/opt/xds_x86/bin:/opt/intel/fc/9.0/bin:/opt/intel/cc/9.0/bin:/usr/local/bin:/usr/bin:/bin:/opt/bin:/usr/i686-pc-linux-gnu/gcc-bin/3.3.5-20050130:/opt/ghc/bin:/opt/blackdown-jdk-1.4.2.02/bin:/opt/blackdown-jdk-1.4.2.02/jre/bin:/usr/qt/3/bin:/usr/kde/3.4/bin
TEST FAILED - Child processed exited with error code (1)


PROGRAM OUTPUT
==============
