BUILD COMMANDS FOR: binarytrees.dlang

Sat Jan  5 18:46:45 PST 2008

cp /home/dunham/gp4/shootout/bench/binarytrees/binarytrees.dlang binarytrees.d
/opt/dmd/bin/dmd -O -inline -release  -ofbinarytrees.dlang_run binarytrees.d
gcc binarytrees.o -o binarytrees.dlang_run -m32 -Xlinker -L/opt/dmd/bin/../lib -lphobos -lpthread -lm 
rm binarytrees.d

=================================================================
COMMAND LINE (%A is single numeric argument):

binarytrees.dlang_run %A


PROGRAM OUTPUT
==============
stretch tree of depth 17	 check: -1
131072	 trees of depth 4	 check: -131072
32768	 trees of depth 6	 check: -32768
8192	 trees of depth 8	 check: -8192
2048	 trees of depth 10	 check: -2048
512	 trees of depth 12	 check: -512
128	 trees of depth 14	 check: -128
32	 trees of depth 16	 check: -32
long lived tree of depth 16	 check: -1
