BUILD COMMANDS FOR: binarytrees.cal

Tue Jun 19 16:47:12 PDT 2007

( if [ ! -d binarytrees.cal_run ] ; then mkdir binarytrees.cal_run ; fi)
cp /home/dunham/gp4/shootout/bench/binarytrees/binarytrees.cal binarytrees.cal_run
( cd binarytrees.cal_run ; ../../../Include/cal/compile.sh binarytrees.cal )
Open Quark Standalone JAR Tool (version 1.5.0_0)
Initializing the CAL workspace...
...CAL workspace initialized.
Building the standalone JAR /home/dunham/gp4/shootout/bench/binarytrees/tmp/binarytrees.cal_run/binarytrees.jar
Done building the standalone JAR /home/dunham/gp4/shootout/bench/binarytrees/tmp/binarytrees.cal_run/binarytrees.jar
touch binarytrees.cal_run

=================================================================
COMMAND LINE (%A is single numeric argument):

 QUARK_JAVACMD=/opt/sun-jdk-1.6.0.01/bin/java QUARK_VMARGS="$JDKFLAGS -server -Xbatch" /opt/Quark/quarklaunch.sh binarytrees.cal_run/binarytrees.jar binarytrees.main %A


PROGRAM OUTPUT
==============
stretch tree of depth 17	 check: -1
131072	 trees of depth 4	 check: -131072
32768	 trees of depth 6	 check: -32768
8192	 trees of depth 8	 check: -8192
2048	 trees of depth 10	 check: -2048
512	 trees of depth 12	 check: -512
128	 trees of depth 14	 check: -128
32	 trees of depth 16	 check: -32
long lived tree of depth 16	 check: -1
