BUILD COMMANDS FOR: binarytrees.fpascal-2.fpascal

Fri Sep 21 21:14:11 PDT 2007

cp /home/dunham/gp4/shootout/bench/binarytrees/binarytrees.fpascal-2.fpascal binarytrees.fpascal-2.pas
/usr/bin/fpc -Fu../../Include/fpascal -XX -Xs -O3ppentium4 -Cppentium4 -oFPASCAL_RUN binarytrees.fpascal-2.pas
Free Pascal Compiler version 2.2.0 [2007/09/14] for i386
Copyright (c) 1993-2007 by Florian Klaempfl
Target OS: Linux for i386
Compiling binarytrees.fpascal-2.pas
Linking FPASCAL_RUN
91 lines compiled, 0.3 sec
mv FPASCAL_RUN binarytrees.fpascal-2.fpascal_run
rm binarytrees.fpascal-2.pas

=================================================================
COMMAND LINE (%A is single numeric argument):

binarytrees.fpascal-2.fpascal_run %A


PROGRAM OUTPUT
==============
stretch tree of depth 17	 check: -1
131072	 trees of depth 4	 check: -131072
32768	 trees of depth 6	 check: -32768
8192	 trees of depth 8	 check: -8192
2048	 trees of depth 10	 check: -2048
512	 trees of depth 12	 check: -512
128	 trees of depth 14	 check: -128
32	 trees of depth 16	 check: -32
long lived tree of depth 16	 check: -1
