BUILD COMMANDS FOR: binarytrees.csharpaot

Fri Jan 26 22:02:13 PST 2007

cp /home/dunham/gp4/shootout/bench/binarytrees/binarytrees.csharp binarytrees.cs
rm -f binarytrees.csharpaot_run
/usr/bin/mcs  -out:binarytrees.csharpaot_run binarytrees.cs
/usr/bin/mono --aot binarytrees.csharpaot_run
Mono Ahead of Time compiler - compiling assembly /home/dunham/gp4/shootout/bench/binarytrees/tmp/binarytrees.csharpaot_run
Code: 862 Info: 42 Ex Info: 23 Class Info: 53 PLT: 9 GOT Info: 5 GOT Info Offsets: 12 GOT: 24
Executing the native assembler: as  /tmp/mono_aot_TC3NMT -o /tmp/mono_aot_TC3NMT.o
Executing the native linker: ld -shared -o /home/dunham/gp4/shootout/bench/binarytrees/tmp/binarytrees.csharpaot_run.so /tmp/mono_aot_TC3NMT.o
Compiled 6 out of 6 methods (100%)
0 methods contain absolute addresses (0%)
0 methods contain wrapper references (0%)
0 methods contain lmf pointers (0%)
0 methods have other problems (0%)
Methods without GOT slots: 4 (66%)
Direct calls: 7 (53%)
GOT slot distribution:
	image: 1
	vtable: 2
	ldstr: 3
AOT RESULT 0
rm binarytrees.cs

=================================================================
COMMAND LINE (%A is single numeric argument):

 /usr/bin/mono binarytrees.csharpaot_run %A


PROGRAM OUTPUT
==============
stretch tree of depth 17	 check: -1
131072	 trees of depth 4	 check: -131072
32768	 trees of depth 6	 check: -32768
8192	 trees of depth 8	 check: -8192
2048	 trees of depth 10	 check: -2048
512	 trees of depth 12	 check: -512
128	 trees of depth 14	 check: -128
32	 trees of depth 16	 check: -32
long lived tree of depth 16	 check: -1
