BUILD COMMANDS FOR: binarytrees.gcl-2.gcl

Sat Oct 29 02:08:52 UTC 2005

cp /home/dunham/gp4/shootout/bench/binarytrees/binarytrees.gcl-2.gcl binarytrees.gcl-2.gcl
(GCL_ANSI=1; export GCL_ANSI; \
  /usr/bin/gcl -compile binarytrees.gcl-2.gcl)

Compiling binarytrees.gcl-2.gcl.
Warning: The declaration specifier VALUES is unknown.
End of Pass 1.  
End of Pass 2.  
OPTIMIZE levels: Safety=0 (No runtime error checking), Space=0, Speed=3
Finished compiling binarytrees.gcl-2.gcl.
touch binarytrees.gcl-2.gcl_run

=================================================================
COMMAND LINE (%A is single numeric argument):

 /usr/bin/gcl -batch -load binarytrees.o -eval '(main)' -f binarytrees.gcl %A
************************************************************
*   TEST (binarytrees.gcl-2.gcl_run) FAILED - ERROR:  binarytrees.gcl-2.gcl_out differs from Output.12
************************************************************
-rw-r--r--  1 dunham users 254 Oct 29 02:05 Output.12
-rw-r--r--  1 dunham users 278 Oct 29 02:08 binarytrees.gcl-2.gcl_out


PROGRAM OUTPUT
==============
stretch tree of depth 13Tab check: -1
8192Tab trees of depth 4Tab check: -8192
2048Tab trees of depth 6Tab check: -2048
512Tab trees of depth 8Tab check: -512
128Tab trees of depth 10Tab check: -128
32Tab trees of depth 12Tab check: -32
long lived tree of depth 12Tab check: -1
