BUILD COMMANDS FOR: binarytrees.xds

Wed Nov  2 16:25:18 UTC 2005

cp /home/dunham/gp4/shootout/bench/binarytrees/binarytrees.xds binarytrees.xds
/usr/local/xds/bin/xc =m =a  binarytrees.xds
gcc  -o binarytrees Shootout.o binarytrees.o   /usr/local/xds/lib/x86/libxds.a  -lm -lncurses
O2/M2 development system v2.51 (c) 1999-2003 Excelsior, LLC. (build 10.05.2005)
XDS Oberon-2 v2.40 [x86, v1.50] - build 10.05.2005
Compiling "../../Include/xds/Shootout.xds"

* [../../Include/xds/Shootout.xds 46.22 W330]
* function Swap inlined
      IF i <= j THEN $Swap(i, j); INC(i); DEC(j); END;
no errors, warnings  1, lines   57, time  0.03, new symfile
XDS Oberon-2 v2.40 [x86, v1.50] - build 10.05.2005
Compiling "binarytrees.xds"

* [binarytrees.xds 48.14 W330]
* function NewTree inlined
      RETURN $NewTree(

* [binarytrees.xds 54.14 W330]
* function NewTreeNode inlined
      RETURN $NewTreeNode(item);

* [binarytrees.xds 106.07 W330]
* function ShowCheck inlined
      $ShowCheck(iterations*2,depth,check);
no errors, warnings  3, lines  110, time  0.03, new symfile
New "tmp.mkf" is generated using template "/usr/local/xds/bin/xc.tem"
-------------------------------------------------------------------
files: 2  errors: 0(4)  lines 167  time: 0:00  speed 10000 l/m
mv binarytrees binarytrees.xds_run

=================================================================
COMMAND LINE (%A is single numeric argument):

binarytrees.xds_run %A


PROGRAM OUTPUT
==============
stretch tree of depth 17	 check: -1
131072	 trees of depth 4	 check: -131072
32768	 trees of depth 6	 check: -32768
8192	 trees of depth 8	 check: -8192
2048	 trees of depth 10	 check: -2048
512	 trees of depth 12	 check: -512
128	 trees of depth 14	 check: -128
32	 trees of depth 16	 check: -32
long lived tree of depth 16	 check: -1
