BUILD COMMANDS FOR: binarytrees.icpp-2.icpp

Tue Mar  4 21:49:16 PST 2008

/opt/intel/cc/10.1.012/bin/icpc -c -O3 -ipo -static binarytrees.icpp-2.c++ -o binarytrees.icpp-2.c++.o &&  \
        /opt/intel/cc/10.1.012/bin/icpc binarytrees.icpp-2.c++.o -o binarytrees.icpp-2.icpp_run -O3 -ipo -static 
ipo: remark #11001: performing single-file optimizations
ipo: remark #11005: generating object file /tmp/ipo_icpcZtdCYM.o
rm: cannot remove `binarytrees.icpp-2.o': No such file or directory
make[3]: [binarytrees.icpp-2.icpp_run] Error 1 (ignored)

=================================================================
COMMAND LINE (%A is single numeric argument):

binarytrees.icpp-2.icpp_run %A


PROGRAM OUTPUT
==============
stretch tree of depth 17	 check: -1
131072	 trees of depth 4	 check: -131072
32768	 trees of depth 6	 check: -32768
8192	 trees of depth 8	 check: -8192
2048	 trees of depth 10	 check: -2048
512	 trees of depth 12	 check: -512
128	 trees of depth 14	 check: -128
32	 trees of depth 16	 check: -32
long lived tree of depth 16	 check: -1
