BUILD COMMANDS FOR: binarytrees.hipe

Sat Oct 29 02:16:17 UTC 2005

cp /home/dunham/gp4/shootout/bench/binarytrees/binarytrees.erlang binarytrees.erl
(ERLC) +native +"{hipe, [o3]}" binarytrees.erl
/bin/sh: -c: line 0: syntax error near unexpected token `+native'
/bin/sh: -c: line 0: `(ERLC) +native +"{hipe, [o3]}" binarytrees.erl'
make[3]: [binarytrees.hipe_run] Error 2 (ignored)
rm binarytrees.erl

=================================================================
COMMAND LINE (%A is single numeric argument):

 /usr/local/bin/erl $ERLFLAGS -noshell -run binarytrees main %A


PROGRAM OUTPUT
==============
stretch tree of depth 17	 check: -1
131072	 trees of depth 4	 check: -131072
32768	 trees of depth 6	 check: -32768
8192	 trees of depth 8	 check: -8192
2048	 trees of depth 10	 check: -2048
512	 trees of depth 12	 check: -512
128	 trees of depth 14	 check: -128
32	 trees of depth 16	 check: -32
long lived tree of depth 16	 check: -1
