BUILD COMMANDS FOR: binarytrees.gnat

Thu Sep 14 00:26:56 PDT 2006

cp /home/dunham/gp4/shootout/bench/binarytrees/binarytrees.gnat binarytrees.ada
/usr/bin/gnatchop -w binarytrees.ada
splitting binarytrees.ada into:
   binarytrees.adb
   treenodes.ads
   treenodes.adb
/usr/bin/gnatmake -gnatp -Wall -O3 -fomit-frame-pointer -funroll-loops  -f binarytrees.adb -o binarytrees.gnat_run
gnatgcc -c -gnatp -Wall -O3 -fomit-frame-pointer -funroll-loops binarytrees.adb
gnatgcc -c -gnatp -Wall -O3 -fomit-frame-pointer -funroll-loops treenodes.adb
gnatbind -x binarytrees.ali
gnatlink binarytrees.ali -o binarytrees.gnat_run
rm binarytrees.ada

=================================================================
COMMAND LINE (%A is single numeric argument):

binarytrees.gnat_run %A


PROGRAM OUTPUT
==============
stretch tree of depth 17	 check: -1
131072	 trees of depth 4	 check: -131072
32768	 trees of depth 6	 check: -32768
8192	 trees of depth 8	 check: -8192
2048	 trees of depth 10	 check: -2048
512	 trees of depth 12	 check: -512
128	 trees of depth 14	 check: -128
32	 trees of depth 16	 check: -32
long lived tree of depth 16	 check: -1
