BUILD COMMANDS FOR: binarytrees.scala

Tue Sep 11 13:31:28 PDT 2007

( if [ ! -d binarytrees.scala_run ] ; then mkdir binarytrees.scala_run ; fi)
cp /home/dunham/gp4/shootout/bench/binarytrees/binarytrees.scala binarytrees.scala_run/binarytrees.scala
( cd binarytrees.scala_run ; /opt/scala-2.6.0/bin/scalac binarytrees.scala )
touch binarytrees.scala_run

=================================================================
COMMAND LINE (%A is single numeric argument):

 JAVACMD="/opt/sun-jdk-1.6.0.02/bin/java $JDKFLAGS -server -Xbatch" /opt/scala-2.6.0/bin/scala -classpath binarytrees.scala_run binarytrees %A


PROGRAM OUTPUT
==============
stretch tree of depth 17	 check: -1
131072	 trees of depth 4	 check: -131072
32768	 trees of depth 6	 check: -32768
8192	 trees of depth 8	 check: -8192
2048	 trees of depth 10	 check: -2048
512	 trees of depth 12	 check: -512
128	 trees of depth 14	 check: -128
32	 trees of depth 16	 check: -32
long lived tree of depth 16	 check: -1
