BUILD COMMANDS FOR: binarytrees.oz-3.oz

Fri Jul 14 21:08:57 PDT 2006

cp /home/dunham/gp4/shootout/bench/binarytrees/binarytrees.oz-3.oz binarytrees.oz-3.oz
/opt/mozart/bin/ozc  -x binarytrees.oz-3.oz
mv binarytrees.oz-3 binarytrees.oz-3.oz_run
rm binarytrees.oz-3.oz

=================================================================
COMMAND LINE (%A is single numeric argument):

binarytrees.oz-3.oz_run %A


PROGRAM OUTPUT
==============
stretch tree of depth 17	 check: -1
131072	 trees of depth 4	 check: -131072
32768	 trees of depth 6	 check: -32768
8192	 trees of depth 8	 check: -8192
2048	 trees of depth 10	 check: -2048
512	 trees of depth 12	 check: -512
128	 trees of depth 14	 check: -128
32	 trees of depth 16	 check: -32
long lived tree of depth 16	 check: -1
