BUILD COMMANDS FOR: chameneosredux.nice-3.nice

Fri Nov 23 23:36:00 PST 2007

( if [ ! -d chameneosredux.nice-3.nice_run ] ; then mkdir chameneosredux.nice-3.nice_run ; mkdir chameneosredux.nice-3.nice_run/chameneosredux ; fi)
cp /home/dunham/gp4/shootout/bench/chameneosredux/chameneosredux.nice-3.nice chameneosredux.nice-3.nice_run/chameneosredux/chameneosredux.nice
( cd chameneosredux.nice-3.nice_run/chameneosredux ; /opt/nice-0.9.12/bin/nicec -d . --sourcepath "..:../../../.." -a ../../chameneosredux.jar chameneosredux )
nice.lang: parsing
chameneosredux: parsing
chameneosredux: typechecking
chameneosredux: generating code
chameneosredux: linking
chameneosredux: writing in archive
nice.lang: writing in archive
touch chameneosredux.nice-3.nice_run

=================================================================
COMMAND LINE (%A is single numeric argument):

 /opt/sun-jdk-1.6.0.03/bin/java -server -Xbatch -jar chameneosredux.jar %A


PROGRAM OUTPUT
==============
blue + blue -> blue
blue + red -> yellow
blue + yellow -> red
red + blue -> yellow
red + red -> red
red + yellow -> blue
yellow + blue -> red
yellow + red -> blue
yellow + yellow -> yellow

 blue red yellow
3965941 zero
4029946 zero
4004113 zero
 one two zero zero zero zero zero zero

 blue red yellow red yellow blue red yellow red blue
1200042 zero
1200037 zero
1200037 zero
1200035 zero
1200035 zero
1200038 zero
1200033 zero
1199919 zero
1199913 zero
1199911 zero
 one two zero zero zero zero zero zero

