BUILD COMMANDS FOR: chameneos.python-2.python

Sun Mar 26 09:34:26 PST 2006

rm -f chameneos.python-2.pyo chameneos.python-2.pyc
cp /home/dunham/gp4/shootout/bench/chameneos/chameneos.python-2.python chameneos.python-2.py
/usr/bin/python -OO -c "from py_compile import compile; compile('/home/dunham/gp4/shootout/bench/chameneos/tmp/chameneos.python-2.py')"
touch chameneos.python-2.python_run

=================================================================
COMMAND LINE (%A is single numeric argument):

 /usr/bin/python chameneos.python-2.pyo %A
Traceback (most recent call last):
  File "/home/dunham/gp4/shootout/bench/chameneos/tmp/chameneos.python-2.py", line 104, in ?
    print t.timeit(5)
  File "/usr/lib/python2.4/timeit.py", line 161, in timeit
    timing = self.inner(it, self.timer)
  File "<timeit-src>", line 6, in inner
  File "/home/dunham/gp4/shootout/bench/chameneos/tmp/chameneos.python-2.py", line 88, in main
    meetingplace = MeetingPlace(n)
  File "/home/dunham/gp4/shootout/bench/chameneos/tmp/chameneos.python-2.py", line 28, in __init__
    self.entrylock = threading.Lock() #this locks the entry code
NameError: global name 'threading' is not defined
TEST FAILED - Child processed exited with error code (1)


PROGRAM OUTPUT
==============
