BUILD COMMANDS FOR: chameneos.csharpaot

Tue Dec 19 23:20:33 PST 2006

cp /home/dunham/gp4/shootout/bench/chameneos/chameneos.csharp chameneos.cs
rm -f chameneos.csharpaot_run
/usr/bin/mcs  -out:chameneos.csharpaot_run chameneos.cs
/usr/bin/mono --aot chameneos.csharpaot_run
Mono Ahead of Time compiler - compiling assembly /home/dunham/gp4/shootout/bench/chameneos/tmp/chameneos.csharpaot_run
Code: 1469 Info: 76 Ex Info: 42 Class Info: 176 PLT: 20 GOT Info: 44 GOT Info Offsets: 48 GOT: 60
Executing the native assembler: as  /tmp/mono_aot_1PYVKT -o /tmp/mono_aot_1PYVKT.o
Executing the native linker: ld -shared -o /home/dunham/gp4/shootout/bench/chameneos/tmp/chameneos.csharpaot_run.so /tmp/mono_aot_1PYVKT.o
Compiled 9 out of 9 methods (100%)
0 methods contain absolute addresses (0%)
0 methods contain wrapper references (0%)
0 methods contain lmf pointers (0%)
0 methods have other problems (0%)
Methods without GOT slots: 6 (66%)
Direct calls: 4 (80%)
GOT slot distribution:
	methodconst: 1
	switch: 1
	image: 1
	vtable: 8
	sflda: 3
	ldstr: 1
AOT RESULT 0
rm chameneos.cs

=================================================================
COMMAND LINE (%A is single numeric argument):

 /usr/bin/mono chameneos.csharpaot_run %A


PROGRAM OUTPUT
==============
10000000
