BUILD COMMANDS FOR: chameneos.java

Sat Nov 10 13:45:37 PST 2007

( if [ ! -d chameneos.java_run ] ; then mkdir chameneos.java_run ; fi)
cp /home/dunham/gp4/shootout/bench/chameneos/chameneos.java chameneos.java_run/chameneos.java
( cd chameneos.java_run ; rm -rf *.class; /opt/sun-jdk-1.6.0.03/bin/javac -classpath '.' chameneos.java )
chameneos.java:90: cannot find symbol
symbol  : class chameneos0
location: class chameneos
    chameneos0 cham = new chameneos0(n);
    ^
chameneos.java:90: cannot find symbol
symbol  : class chameneos0
location: class chameneos
    chameneos0 cham = new chameneos0(n);
                          ^
2 errors
make[3]: [chameneos.java_run] Error 1 (ignored)
touch chameneos.java_run

=================================================================
COMMAND LINE (%A is single numeric argument):

 /opt/sun-jdk-1.6.0.03/bin/java $JDKFLAGS -server -Xbatch -classpath chameneos.java_run chameneos %A
Exception in thread "main" java.lang.NoClassDefFoundError: chameneos
TEST FAILED - Child processed exited with error code (1)


PROGRAM OUTPUT
==============
