BUILD COMMANDS FOR: chameneos.gpp

Mon Jan  2 20:04:52 PST 2006

/usr/bin/g++ -c -pipe -Wall -O3 -fomit-frame-pointer -funroll-loops  chameneos.c++ -o chameneos.c++.o &&  \
        /usr/bin/g++ chameneos.c++.o -o chameneos.gpp_run -L/usr/local/lib  
chameneos.c++.o(.text+0x28b): In function `main':
: undefined reference to `pthread_join'
chameneos.c++.o(.text+0x29f): In function `main':
: undefined reference to `pthread_join'
chameneos.c++.o(.text+0x2b3): In function `main':
: undefined reference to `pthread_join'
chameneos.c++.o(.text+0x2c7): In function `main':
: undefined reference to `pthread_join'
collect2: ld returned 1 exit status
make[3]: [chameneos.gpp_run] Error 1 (ignored)

=================================================================
COMMAND LINE (%A is single numeric argument):

chameneos.gpp_run %A
Error, could not exec chameneos.gpp_run 50000 (No such file or directory)
PATH=/home/dunham/gp4/shootout/bench/chameneos:/home/dunham/gp4/shootout/bench/chameneos/tmp:/usr/local/bin:/usr/bin:/bin:/opt/bin:/usr/i686-pc-linux-gnu/gcc-bin/3.3.5-20050130:/opt/ghc/bin:/opt/blackdown-jdk-1.4.2.02/bin:/opt/blackdown-jdk-1.4.2.02/jre/bin:/usr/qt/3/bin:/usr/kde/3.4/bin
TEST FAILED - Child processed exited with error code (1)


PROGRAM OUTPUT
==============
