BUILD COMMANDS FOR: chameneosredux.nice-2.nice

Fri Nov 23 16:16:41 PST 2007

( if [ ! -d chameneosredux.nice-2.nice_run ] ; then mkdir chameneosredux.nice-2.nice_run ; mkdir chameneosredux.nice-2.nice_run/chameneosredux ; fi)
cp /home/dunham/gp4/shootout/bench/chameneosredux/chameneosredux.nice-2.nice chameneosredux.nice-2.nice_run/chameneosredux/chameneosredux.nice
( cd chameneosredux.nice-2.nice_run/chameneosredux ; /opt/nice-0.9.12/bin/nicec -d . --sourcepath "..:../../../.." -a ../../chameneosredux.jar chameneosredux )
nice.lang: parsing
chameneosredux: parsing
chameneosredux: typechecking
chameneosredux: generating code
chameneosredux: linking
chameneosredux: writing in archive
nice.lang: writing in archive
touch chameneosredux.nice-2.nice_run

=================================================================
COMMAND LINE (%A is single numeric argument):

 /opt/sun-jdk-1.6.0.03/bin/java -server -Xbatch -jar chameneosredux.jar %A


PROGRAM OUTPUT
==============
blue + blue -> blue
blue + red -> yellow
blue + yellow -> red
red + blue -> yellow
red + red -> red
red + yellow -> blue
yellow + blue -> red
yellow + red -> blue
yellow + yellow -> yellow

 blue red yellow
4048158 zero
3984144 zero
3967698 zero
 one two zero zero zero zero zero zero

 blue red yellow red yellow blue red yellow red blue
1200076 zero
1200049 zero
1200059 zero
1200052 zero
1200061 zero
1200061 zero
1199804 zero
1199899 zero
1200035 zero
1199904 zero
 one two zero zero zero zero zero zero

