BUILD COMMANDS FOR: chameneosredux.gnat

Sat Nov 24 14:23:28 PST 2007

cp /home/dunham/gp4/shootout/bench/chameneosredux/chameneosredux.gnat chameneosredux.ada
/usr/i686-pc-linux-gnu/gnat-gcc-bin/4.1/gnatchop -w chameneosredux.ada
splitting chameneosredux.ada into:
   chameneosredux.adb
/usr/i686-pc-linux-gnu/gnat-gcc-bin/4.1/gnatmake -gnatp -O3 -fomit-frame-pointer -march=pentium4   -f chameneosredux.adb -o chameneosredux.gnat_run
gnatgcc -c -gnatp -O3 -fomit-frame-pointer -march=pentium4 chameneosredux.adb
gnatbind -x chameneosredux.ali
gnatlink chameneosredux.ali -fomit-frame-pointer -march=pentium4 -o chameneosredux.gnat_run
rm chameneosredux.ada

=================================================================
COMMAND LINE (%A is single numeric argument):

chameneosredux.gnat_run %A


PROGRAM OUTPUT
==============
blue + blue -> blue
blue + red -> yellow
blue + yellow -> red
red + blue -> yellow
red + red -> red
red + yellow -> blue
yellow + blue -> red
yellow + red -> blue
yellow + yellow -> yellow

 blue red yellow
4000013 zero
4000003 zero
3999984 zero
 one two zero zero zero zero zero zero

 blue red yellow red yellow blue red yellow red blue
1200022 zero
1200026 zero
1200022 zero
1200019 zero
1199997 zero
1199986 zero
1199982 zero
1199977 zero
1199984 zero
1199985 zero
 one two zero zero zero zero zero zero

