RUNNING SCRIPT: chameneosredux.vw-2.vw

Sun Mar 23 16:42:51 PDT 2008


=================================================================
COMMAND LINE (%A is single numeric argument):

 /opt/vw7/bin/linux86/vwlinux86 /opt/vw7/image/benchmarks.im -nogui -evaluate "Tests chameneosredux2" -a %A


PROGRAM OUTPUT
==============
blue + blue -> blue
blue + red -> yellow
blue + yellow -> red
red + blue -> yellow
red + red -> red
red + yellow -> blue
yellow + blue -> red
yellow + red -> blue
yellow + yellow -> yellow

 blue red yellow
4000000 zero
4000000 zero
4000000 zero
 one two zero zero zero zero zero zero

 blue red yellow red yellow blue red yellow red blue
1200000 zero
1200000 zero
1200000 zero
1200000 zero
1200000 zero
1200000 zero
1200000 zero
1200000 zero
1200000 zero
1200000 zero
 one two zero zero zero zero zero zero

