RUNNING SCRIPT: chameneos.iron

Fri Mar  3 13:24:31 PST 2006


=================================================================
COMMAND LINE (%A is single numeric argument):

 /usr/bin/mono /opt/IronPython-0.9.6/bin/IronPythonConsole.exe ../chameneos.iron %A
TEST FAILED - Child processed exited with error code (1)


PROGRAM OUTPUT
==============
Traceback (most recent call last):
in <0x000f9> IronPython.Modules.Builtin:__import__ (System.String name, System.Object globals, System.Object locals, System.Object fromList)
in <0x00059> ReflectOpt.IronPython.Modules.Builtin:__import__ (System.Object name, System.Object globals, System.Object locals, System.Object fromList)
in (wrapper delegate-invoke) System.MulticastDelegate:invoke_object_object_object_object_object (object,object,object,object)
in <0x00027> IronPython.Objects.BuiltinFunction:Call (System.Object arg0, System.Object arg1, System.Object arg2, System.Object arg3)
in <0x0005e> IronPython.Objects.Ops:Call (System.Object func, System.Object arg0, System.Object arg1, System.Object arg2, System.Object arg3)
in <0x00048> IronPython.Objects.Importer:Import (IronPython.Objects.PythonModule mod, System.String fullName, IronPython.Objects.List from)
in <0x0001d> IronPython.Objects.Ops:Import (IronPython.Objects.PythonModule mod, System.String fullName)
in <0x00041> __main__:Initialize ()
in <0x00058> IronPython.Objects.PythonModule:Initialize ()
in <0x00096> IronPython.Hosting.PythonEngine:RunFileInNewModule (System.String fileName, System.String moduleName)
in <0x00012> IronPython.Hosting.PythonEngine:RunFileInNewModule (System.String fileName)
in <0x0008e> IronPythonConsole.PythonCommandLine:RunFile (IronPython.Hosting.PythonEngine engine, System.String filename)
ImportError: No module named threading
