BUILD COMMANDS FOR: chameneosredux.java-2.java

Sun Mar 16 16:37:39 PDT 2008

( if [ ! -d chameneosredux.java-2.java_run ] ; then mkdir chameneosredux.java-2.java_run ; fi)
cp /home/dunham/gp4/shootout/bench/chameneosredux/chameneosredux.java-2.java chameneosredux.java-2.java_run/chameneosredux.java
( cd chameneosredux.java-2.java_run ; rm -rf *.class; /opt/sun-jdk-1.6.0.04/bin/javac -classpath '.' chameneosredux.java )
touch chameneosredux.java-2.java_run

=================================================================
COMMAND LINE (%A is single numeric argument):

 /opt/sun-jdk-1.6.0.04/bin/java $JDKFLAGS -server -Xbatch -classpath chameneosredux.java-2.java_run chameneosredux %A


PROGRAM OUTPUT
==============
blue + blue -> blue
blue + red -> yellow
blue + yellow -> red
red + blue -> yellow
red + red -> red
red + yellow -> blue
yellow + blue -> red
yellow + red -> blue
yellow + yellow -> yellow

 blue red yellow
4000001 zero
4000001 zero
3999998 zero
 one two zero zero zero zero zero zero

 blue red yellow red yellow blue red yellow red blue
1200210 zero
1200211 zero
1200054 zero
1200034 zero
1200044 zero
1200051 zero
1200051 zero
1199783 zero
1199783 zero
1199779 zero
 one two zero zero zero zero zero zero

