BUILD COMMANDS FOR: chameneosredux.javaxx-2.javaxx

Thu Jul 10 16:44:11 PDT 2008

( if [ ! -d chameneosredux.javaxx-2.javaxx_run ] ; then mkdir chameneosredux.javaxx-2.javaxx_run ; fi)
cp /home/dunham/gp4/shootout/bench/chameneosredux/chameneosredux.javaxx-2.javaxx chameneosredux.javaxx-2.javaxx_run/chameneosredux.java
( cd chameneosredux.javaxx-2.javaxx_run ; rm -rf *.class; /opt/sun-jdk-1.6.0.07/bin/javac -classpath '.' chameneosredux.java )
touch chameneosredux.javaxx-2.javaxx_run

=================================================================
COMMAND LINE (%A is single numeric argument):

 /opt/sun-jdk-1.6.0.07/bin/java $JDKFLAGS -server -Xms64m -Xbatch -classpath chameneosredux.javaxx-2.javaxx_run chameneosredux %A


PROGRAM OUTPUT
==============
blue + blue -> blue
blue + red -> yellow
blue + yellow -> red
red + blue -> yellow
red + red -> red
red + yellow -> blue
yellow + blue -> red
yellow + red -> blue
yellow + yellow -> yellow

 blue red yellow
4000000 zero
4000003 zero
3999997 zero
 one two zero zero zero zero zero zero

 blue red yellow red yellow blue red yellow red blue
1200031 zero
1200029 zero
1200015 zero
1200012 zero
1200011 zero
1199981 zero
1199982 zero
1199975 zero
1199989 zero
1199975 zero
 one two zero zero zero zero zero zero

