BUILD COMMANDS FOR: chameneosredux.python-2.python

Tue Apr  8 22:26:54 PDT 2008

rm -f chameneosredux.python-2.pyo chameneosredux.python-2.pyc
cp /home/dunham/gp4/shootout/bench/chameneosredux/chameneosredux.python-2.python chameneosredux.python-2.py
/usr/bin/python -OO -c "from py_compile import compile; compile('/home/dunham/gp4/shootout/bench/chameneosredux/tmp/chameneosredux.python-2.py')"
touch chameneosredux.python-2.python_run

=================================================================
COMMAND LINE (%A is single numeric argument):

 /usr/bin/python chameneosredux.python-2.pyo %A
************************************************************
*   TEST (chameneosredux.python-2.python_run) FAILED - ERROR:  chameneosredux.python-2.python_out differs from Output.60000
************************************************************
-rw-r--r-- 1 dunham users 463 Nov 22 10:01 Output.60000
-rw-r--r-- 1 dunham users 462 Apr  8 22:27 chameneosredux.python-2.python_out


PROGRAM OUTPUT
==============
blue + blue -> blue
blue + red -> yellow
blue + yellow -> red
red + blue -> yellow
red + red -> red
red + yellow -> blue
yellow + blue -> red
yellow + red -> blue
yellow + yellow -> yellow

 blue red yellow
40247 zero
40248 zero
39505 zero
 one two zero zero zero zero

 blue red yellow red yellow blue red yellow red blue
12143 zero
12143 zero
11966 zero
11964 zero
11964 zero
11964 zero
11964 zero
11964 zero
11964 zero
11964 zero
 one two zero zero zero zero
