BUILD COMMANDS FOR: chameneosredux.javaclient

Thu Jul 10 16:37:18 PDT 2008

( if [ ! -d chameneosredux.javaclient_run ] ; then mkdir chameneosredux.javaclient_run ; fi)
cp /home/dunham/gp4/shootout/bench/chameneosredux/chameneosredux.javaclient chameneosredux.javaclient_run/chameneosredux.java
( cd chameneosredux.javaclient_run ; rm -rf *.class; /opt/sun-jdk-1.6.0.07/bin/javac -classpath '.' chameneosredux.java )
touch chameneosredux.javaclient_run

=================================================================
COMMAND LINE (%A is single numeric argument):

 /opt/sun-jdk-1.6.0.07/bin/java $JDKFLAGS -client -Xbatch -classpath chameneosredux.javaclient_run chameneosredux %A


PROGRAM OUTPUT
==============
blue + blue -> blue
blue + red -> yellow
blue + yellow -> red
red + blue -> yellow
red + red -> red
red + yellow -> blue
yellow + blue -> red
yellow + red -> blue
yellow + yellow -> yellow

 blue red yellow
3999994 zero
4000003 zero
4000003 zero
 one two zero zero zero zero zero zero

 blue red yellow red yellow blue red yellow red blue
1200088 zero
1200036 zero
1199993 zero
1199993 zero
1199995 zero
1200003 zero
1199998 zero
1199964 zero
1199965 zero
1199965 zero
 one two zero zero zero zero zero zero

