BUILD COMMANDS FOR: chameneosredux.javaxint

Sun Mar 16 16:41:20 PDT 2008

( if [ ! -d chameneosredux.javaxint_run ] ; then mkdir chameneosredux.javaxint_run ; fi)
cp /home/dunham/gp4/shootout/bench/chameneosredux/chameneosredux.javaxint chameneosredux.javaxint_run/chameneosredux.java
( cd chameneosredux.javaxint_run ; rm -rf *.class; /opt/sun-jdk-1.6.0.04/bin/javac -classpath '.' chameneosredux.java )
touch chameneosredux.javaxint_run

=================================================================
COMMAND LINE (%A is single numeric argument):

 /opt/sun-jdk-1.6.0.04/bin/java $JDKFLAGS -server -Xint -classpath chameneosredux.javaxint_run chameneosredux %A


PROGRAM OUTPUT
==============
blue + blue -> blue
blue + red -> yellow
blue + yellow -> red
red + blue -> yellow
red + red -> red
red + yellow -> blue
yellow + blue -> red
yellow + red -> blue
yellow + yellow -> yellow

 blue red yellow
4000002 zero
3999998 zero
4000000 zero
 one two zero zero zero zero zero zero

 blue red yellow red yellow blue red yellow red blue
1200006 zero
1200000 zero
1199992 zero
1199994 zero
1200009 zero
1200004 zero
1199991 zero
1200005 zero
1199991 zero
1200008 zero
 one two zero zero zero zero zero zero

