BUILD COMMANDS FOR: chameneosredux.javaxx-2.javaxx

Sun Mar 16 16:45:45 PDT 2008

( if [ ! -d chameneosredux.javaxx-2.javaxx_run ] ; then mkdir chameneosredux.javaxx-2.javaxx_run ; fi)
cp /home/dunham/gp4/shootout/bench/chameneosredux/chameneosredux.javaxx-2.javaxx chameneosredux.javaxx-2.javaxx_run/chameneosredux.java
( cd chameneosredux.javaxx-2.javaxx_run ; rm -rf *.class; /opt/sun-jdk-1.6.0.04/bin/javac -classpath '.' chameneosredux.java )
touch chameneosredux.javaxx-2.javaxx_run

=================================================================
COMMAND LINE (%A is single numeric argument):

 /opt/sun-jdk-1.6.0.04/bin/java $JDKFLAGS -server -Xms64m -Xbatch -classpath chameneosredux.javaxx-2.javaxx_run chameneosredux %A


PROGRAM OUTPUT
==============
blue + blue -> blue
blue + red -> yellow
blue + yellow -> red
red + blue -> yellow
red + red -> red
red + yellow -> blue
yellow + blue -> red
yellow + red -> blue
yellow + yellow -> yellow

 blue red yellow
3999992 zero
4000010 zero
3999998 zero
 one two zero zero zero zero zero zero

 blue red yellow red yellow blue red yellow red blue
1200040 zero
1200017 zero
1200016 zero
1199994 zero
1200008 zero
1200009 zero
1199982 zero
1199974 zero
1199979 zero
1199981 zero
 one two zero zero zero zero zero zero

