BUILD COMMANDS FOR: chameneosredux.java

Sat Mar 15 16:08:06 PDT 2008

( if [ ! -d chameneosredux.java_run ] ; then mkdir chameneosredux.java_run ; fi)
cp /home/dunham/gp4/shootout/bench/chameneosredux/chameneosredux.java chameneosredux.java_run/chameneosredux.java
( cd chameneosredux.java_run ; rm -rf *.class; /opt/sun-jdk-1.6.0.04/bin/javac -classpath '.' chameneosredux.java )
touch chameneosredux.java_run

=================================================================
COMMAND LINE (%A is single numeric argument):

 /opt/sun-jdk-1.6.0.04/bin/java $JDKFLAGS -server -Xbatch -classpath chameneosredux.java_run chameneosredux %A
************************************************************
*   TEST (chameneosredux.java_run) FAILED - ERROR:  chameneosredux.java_out differs from Output.60000
************************************************************
-rw-r--r-- 1 dunham users 463 Nov 22 10:01 Output.60000
-rw-r--r-- 1 dunham users 462 Mar 15 16:08 chameneosredux.java_out


PROGRAM OUTPUT
==============
blue + blue -> blue
blue + red -> yellow
blue + yellow -> red
red + blue -> yellow
red + red -> red
red + yellow -> blue
yellow + blue -> red
yellow + red -> blue
yellow + yellow -> yellow

 blue red yellow
40000 zero
39999 zero
40001 zero
 one two zero zero zero zero

 blue red yellow red yellow blue red yellow red blue
12000 zero
12002 zero
12002 zero
12000 zero
11999 zero
12000 zero
11998 zero
11999 zero
12000 zero
12000 zero
 one two zero zero zero zero
