BUILD COMMANDS FOR: chameneosredux.javaclient

Sat Mar 15 16:08:16 PDT 2008

( if [ ! -d chameneosredux.javaclient_run ] ; then mkdir chameneosredux.javaclient_run ; fi)
cp /home/dunham/gp4/shootout/bench/chameneosredux/chameneosredux.javaclient chameneosredux.javaclient_run/chameneosredux.java
( cd chameneosredux.javaclient_run ; rm -rf *.class; /opt/sun-jdk-1.6.0.04/bin/javac -classpath '.' chameneosredux.java )
touch chameneosredux.javaclient_run

=================================================================
COMMAND LINE (%A is single numeric argument):

 /opt/sun-jdk-1.6.0.04/bin/java $JDKFLAGS -client -Xbatch -classpath chameneosredux.javaclient_run chameneosredux %A
************************************************************
*   TEST (chameneosredux.javaclient_run) FAILED - ERROR:  chameneosredux.javaclient_out differs from Output.60000
************************************************************
-rw-r--r-- 1 dunham users 463 Nov 22 10:01 Output.60000
-rw-r--r-- 1 dunham users 462 Mar 15 16:08 chameneosredux.javaclient_out


PROGRAM OUTPUT
==============
blue + blue -> blue
blue + red -> yellow
blue + yellow -> red
red + blue -> yellow
red + red -> red
red + yellow -> blue
yellow + blue -> red
yellow + red -> blue
yellow + yellow -> yellow

 blue red yellow
40000 zero
40001 zero
39999 zero
 one two zero zero zero zero

 blue red yellow red yellow blue red yellow red blue
12002 zero
12001 zero
12000 zero
12001 zero
11999 zero
12000 zero
12000 zero
11999 zero
11999 zero
11999 zero
 one two zero zero zero zero
