BUILD COMMANDS FOR: chameneosredux.nice-2.nice

Fri Nov 23 23:30:30 PST 2007

( if [ ! -d chameneosredux.nice-2.nice_run ] ; then mkdir chameneosredux.nice-2.nice_run ; mkdir chameneosredux.nice-2.nice_run/chameneosredux ; fi)
cp /home/dunham/gp4/shootout/bench/chameneosredux/chameneosredux.nice-2.nice chameneosredux.nice-2.nice_run/chameneosredux/chameneosredux.nice
( cd chameneosredux.nice-2.nice_run/chameneosredux ; /opt/nice-0.9.12/bin/nicec -d . --sourcepath "..:../../../.." -a ../../chameneosredux.jar chameneosredux )
nice.lang: parsing
chameneosredux: parsing
chameneosredux: typechecking
chameneosredux: generating code
chameneosredux: linking
chameneosredux: writing in archive
nice.lang: writing in archive
touch chameneosredux.nice-2.nice_run

=================================================================
COMMAND LINE (%A is single numeric argument):

 /opt/sun-jdk-1.6.0.03/bin/java -server -Xbatch -jar chameneosredux.jar %A


PROGRAM OUTPUT
==============
blue + blue -> blue
blue + red -> yellow
blue + yellow -> red
red + blue -> yellow
red + red -> red
red + yellow -> blue
yellow + blue -> red
yellow + red -> blue
yellow + yellow -> yellow

 blue red yellow
4069947 zero
3989642 zero
3940411 zero
 one two zero zero zero zero zero zero

 blue red yellow red yellow blue red yellow red blue
1200090 zero
1200062 zero
1200048 zero
1200054 zero
1200066 zero
1199997 zero
1199979 zero
1199651 zero
1200010 zero
1200043 zero
 one two zero zero zero zero zero zero

