BUILD COMMANDS FOR: chameneosredux.javaxx

Sun Mar 16 16:44:53 PDT 2008

( if [ ! -d chameneosredux.javaxx_run ] ; then mkdir chameneosredux.javaxx_run ; fi)
cp /home/dunham/gp4/shootout/bench/chameneosredux/chameneosredux.javaxx chameneosredux.javaxx_run/chameneosredux.java
( cd chameneosredux.javaxx_run ; rm -rf *.class; /opt/sun-jdk-1.6.0.04/bin/javac -classpath '.' chameneosredux.java )
touch chameneosredux.javaxx_run

=================================================================
COMMAND LINE (%A is single numeric argument):

 /opt/sun-jdk-1.6.0.04/bin/java $JDKFLAGS -server -Xms64m -Xbatch -classpath chameneosredux.javaxx_run chameneosredux %A


PROGRAM OUTPUT
==============
blue + blue -> blue
blue + red -> yellow
blue + yellow -> red
red + blue -> yellow
red + red -> red
red + yellow -> blue
yellow + blue -> red
yellow + red -> blue
yellow + yellow -> yellow

 blue red yellow
4000001 zero
3999993 zero
4000006 zero
 one two zero zero zero zero zero zero

 blue red yellow red yellow blue red yellow red blue
1200025 zero
1200006 zero
1200009 zero
1200013 zero
1200001 zero
1200003 zero
1199986 zero
1199987 zero
1199983 zero
1199987 zero
 one two zero zero zero zero zero zero

