BUILD COMMANDS FOR: chameneosredux.javaclient-2.javaclient

Sun Mar 16 16:39:48 PDT 2008

( if [ ! -d chameneosredux.javaclient-2.javaclient_run ] ; then mkdir chameneosredux.javaclient-2.javaclient_run ; fi)
cp /home/dunham/gp4/shootout/bench/chameneosredux/chameneosredux.javaclient-2.javaclient chameneosredux.javaclient-2.javaclient_run/chameneosredux.java
( cd chameneosredux.javaclient-2.javaclient_run ; rm -rf *.class; /opt/sun-jdk-1.6.0.04/bin/javac -classpath '.' chameneosredux.java )
touch chameneosredux.javaclient-2.javaclient_run

=================================================================
COMMAND LINE (%A is single numeric argument):

 /opt/sun-jdk-1.6.0.04/bin/java $JDKFLAGS -client -Xbatch -classpath chameneosredux.javaclient-2.javaclient_run chameneosredux %A


PROGRAM OUTPUT
==============
blue + blue -> blue
blue + red -> yellow
blue + yellow -> red
red + blue -> yellow
red + red -> red
red + yellow -> blue
yellow + blue -> red
yellow + red -> blue
yellow + yellow -> yellow

 blue red yellow
4000008 zero
3999995 zero
3999997 zero
 one two zero zero zero zero zero zero

 blue red yellow red yellow blue red yellow red blue
1200004 zero
1200102 zero
1200104 zero
1200095 zero
1200100 zero
1199928 zero
1199916 zero
1199906 zero
1199928 zero
1199917 zero
 one two zero zero zero zero zero zero

