BUILD COMMANDS FOR: fannkuch.gcl-3.gcl

Wed Nov  2 16:31:29 UTC 2005

cp /home/dunham/gp4/shootout/bench/fannkuch/fannkuch.gcl-3.gcl fannkuch.gcl-3.gcl
(GCL_ANSI=1; export GCL_ANSI; \
  /usr/bin/gcl -compile fannkuch.gcl-3.gcl)

Compiling fannkuch.gcl-3.gcl.
End of Pass 1.  

;; Note: Tail-recursive call of AUX was replaced by iteration.
;; Note: Tail-recursive call of AUX was replaced by iteration.
;; Note: Tail-recursive call of AUX was replaced by iteration.
End of Pass 2.  
OPTIMIZE levels: Safety=0 (No runtime error checking), Space=0, Speed=3
Finished compiling fannkuch.gcl-3.gcl.
touch fannkuch.gcl-3.gcl_run

=================================================================
COMMAND LINE (%A is single numeric argument):

 /usr/bin/gcl -batch -load fannkuch.o -eval '(main)' -f fannkuch.gcl %A


PROGRAM OUTPUT
==============
Pfannkuchen(9) = 30
