BUILD COMMANDS FOR: fannkuch.smlnj

Sun Nov 13 02:02:17 UTC 2005

cp /home/dunham/gp4/shootout/bench/fannkuch/fannkuch.smlnj fannkuch.sml
cp /home/dunham/gp4/shootout/bench/fannkuch/cm_fannkuch.cm fannkuch.cm
/usr/bin/ml-build fannkuch.cm Test.main fannkuch
Standard ML of New Jersey v110.45 [FLINT v1.5], February 13, 2004
[scanning fannkuch.cm]
[parsing (fannkuch.cm):fannkuch.sml]
[creating directory .cm/SKEL]
[compiling (fannkuch.cm):fannkuch.sml]
[creating directory .cm/GUID]
[creating directory .cm/x86-unix]
[code: 4138, data: 50, env: 248 bytes]
[scanning 25176-export.cm]
[scanning (25176-export.cm):fannkuch.cm]
[parsing (25176-export.cm):25176-export.sml]
[compiling (25176-export.cm):25176-export.sml]
[code: 221, data: 37, env: 42 bytes]

=================================================================
COMMAND LINE (%A is single numeric argument):

 /usr/bin/sml @SMLload=fannkuch %A


PROGRAM OUTPUT
==============
Pfannkuchen(9) = 30
