BUILD COMMANDS FOR: fannkuch.psyco

Mon Sep 25 08:23:00 PDT 2006

rm -f fannkuch.pyo fannkuch.pyc
cp /home/dunham/gp4/shootout/bench/fannkuch/fannkuch.psyco fannkuch.py
/usr/bin/python -OO -c "from py_compile import compile; compile('/home/dunham/gp4/shootout/bench/fannkuch/tmp/fannkuch.py')"
touch fannkuch.psyco_run

=================================================================
COMMAND LINE (%A is single numeric argument):

 /usr/bin/python fannkuch.py %A


PROGRAM OUTPUT
==============
12345678910
21345678910
23145678910
32145678910
31245678910
13245678910
23415678910
32415678910
34215678910
43215678910
42315678910
24315678910
34125678910
43125678910
41325678910
14325678910
13425678910
31425678910
41235678910
14235678910
12435678910
21435678910
24135678910
42135678910
23451678910
32451678910
34251678910
43251678910
42351678910
24351678910
Pfannkuchen(10) = 38
