BUILD COMMANDS FOR: fannkuch.swiprolog

Sun May 18 22:50:01 PDT 2008

rm -f fannkuch.pl
cp /home/dunham/gp4/shootout/bench/fannkuch/fannkuch.swiprolog fannkuch.pl
/usr/local/bin/pl -O -t halt --goal=main --stand_alone=true -o fannkuch.swiprolog_run -c fannkuch.pl
% fannkuch.pl compiled 0.00 sec, 8,104 bytes
rm -f fannkuch.p[lo]

=================================================================
COMMAND LINE (%A is single numeric argument):

 fannkuch.swiprolog_run -q -g main -- %A
************************************************************
*   TEST HALTED - TIMEOUT AFTER --maxtime 3600 SECS
************************************************************


PROGRAM OUTPUT
==============
1234567891011
2134567891011
2314567891011
3214567891011
3124567891011
1324567891011
2341567891011
3241567891011
3421567891011
4321567891011
4231567891011
2431567891011
3412567891011
4312567891011
4132567891011
1432567891011
1342567891011
3142567891011
4123567891011
1423567891011
1243567891011
2143567891011
2413567891011
4213567891011
2345167891011
3245167891011
3425167891011
4325167891011
4235167891011
2435167891011
