BUILD COMMANDS FOR: fannkuch.gpp

Tue Dec  6 10:25:30 PST 2005

/usr/bin/g++ -c -pipe -Wall -O3 -fomit-frame-pointer -funroll-loops  fannkuch.c++ -o fannkuch.c++.o &&  \
        /usr/bin/g++ fannkuch.c++.o -o fannkuch.gpp_run -L/usr/local/lib  

=================================================================
COMMAND LINE (%A is single numeric argument):

fannkuch.gpp_run %A
************************************************************
*   TEST (fannkuch.gpp_run) FAILED - ERROR:  fannkuch.gpp_out differs from Output.7
************************************************************
-rw-r--r--  1 dunham users 260 Nov 21 11:31 Output.7
-rw-r--r--  1 dunham users 259 Dec  6 10:25 fannkuch.gpp_out


PROGRAM OUTPUT
==============
Pfannkuchen(7) = 1234567
2134567
2314567
3214567
3124567
1324567
2341567
3241567
3421567
4321567
4231567
2431567
3412567
4312567
4132567
1432567
1342567
3142567
4123567
1423567
1243567
2143567
2413567
4213567
2345167
3245167
3425167
4325167
4235167
2435167
16