BUILD COMMANDS FOR: fannkuch.clean

Sun Jul 23 23:10:32 PDT 2006

cp /home/dunham/gp4/shootout/bench/fannkuch/fannkuch.clean fannkuch.icl
/opt/clean/bin/clm -b -nt -l /opt/clean/lib/ArgEnv/ArgEnvC.o -I ../../Include/clean -I /opt/clean/lib/ArgEnv  -h 32k -s 32k fannkuch -o fannkuch.clean_run
Warning [StdFile.abc,95,stdio;33]: no inline code for this rule
Warning [StdFile.abc,95,fclose;30]: no inline code for this rule
Compiling fannkuch
Generating code for fannkuch
Linking fannkuch
rm fannkuch.icl

=================================================================
COMMAND LINE (%A is single numeric argument):

 fannkuch.clean_run $CLEANFLAGS %A
************************************************************
*   TEST (fannkuch.clean_run) FAILED - ERROR:  fannkuch.clean_out differs from Output.8
************************************************************
-rw-r--r-- 1 dunham users 290 Dec 20  2005 Output.8
-rw-r--r-- 1 dunham users 299 Jul 23 23:10 fannkuch.clean_out


PROGRAM OUTPUT
==============
12345678
21345678
23145678
32145678
31245678
13245678
23415678
32415678
34215678
43215678
42315678
24315678
34125678
43125678
41325678
14325678
13425678
31425678
41235678
14235678
12435678
21435678
24135678
42135678
23451678
32451678
34251678
43251678
42351678
24351678
Pfannkuchen(8) = 22
True65536