BUILD COMMANDS FOR: fannkuch.gnat

Tue Nov 22 13:26:58 PST 2005

cp /home/dunham/gp4/shootout/bench/fannkuch/fannkuch.gnat fannkuch.ada
/usr/bin/gnatchop -w fannkuch.ada
splitting fannkuch.ada into:
   fannkuch.adb
/usr/bin/gnatmake -gnatp -Wall -O3 -fomit-frame-pointer -funroll-loops  -f fannkuch.adb -o fannkuch.gnat_run
gnatgcc -c -gnatp -Wall -O3 -fomit-frame-pointer -funroll-loops fannkuch.adb
gnatbind -x fannkuch.ali
gnatlink fannkuch.ali -o fannkuch.gnat_run
rm fannkuch.ada

=================================================================
COMMAND LINE (%A is single numeric argument):

fannkuch.gnat_run %A
************************************************************
*   TEST (fannkuch.gnat_run) FAILED - ERROR:  fannkuch.gnat_out differs from Output.7
************************************************************
-rw-r--r--  1 dunham users 260 Nov 21 11:31 Output.7
-rw-r--r--  1 dunham users  20 Nov 22 13:27 fannkuch.gnat_out


PROGRAM OUTPUT
==============
Pfannkuchen(7) = 16
