BUILD COMMANDS FOR: fannkuch.swiprolog

Sat Jun 17 23:04:48 PDT 2006

rm -f fannkuch.pl
cp /home/dunham/gp4/shootout/bench/fannkuch/fannkuch.swiprolog fannkuch.pl
/usr/local/bin/pl -O -t halt --goal=main --stand_alone=true -o fannkuch.swiprolog_run -c fannkuch.pl
% fannkuch.pl compiled 0.01 sec, 7,808 bytes
rm -f fannkuch.p[lo]

=================================================================
COMMAND LINE (%A is single numeric argument):

 fannkuch.swiprolog_run -q -g main -- %A
************************************************************
*   FILE COMPARISON ERROR
************************************************************
L1: 31245678

L2: 23145678

************************************************************
*   TEST (fannkuch.swiprolog_run) FAILED - ERROR:  fannkuch.swiprolog_out differs from Output.8
************************************************************
-rw-r--r-- 1 dunham users 290 Dec 20 15:27 Output.8
-rw-r--r-- 1 dunham users 290 Jun 17 23:04 fannkuch.swiprolog_out


PROGRAM OUTPUT
==============
12345678
21345678
31245678
13245678
23145678
32145678
41235678
14235678
24135678
42135678
12435678
21435678
34125678
43125678
13425678
31425678
41325678
14325678
23415678
32415678
42315678
24315678
34215678
43215678
51234678
15234678
25134678
52134678
12534678
21534678
Pfannkuchen(8) = 22
