BUILD COMMANDS FOR: fannkuch.fpascal-2.fpascal

Sat Nov 10 13:45:51 PST 2007

cp /home/dunham/gp4/shootout/bench/fannkuch/fannkuch.fpascal-2.fpascal fannkuch.fpascal-2.pas
/usr/bin/fpc -Fu../../Include/fpascal -XX -Xs -O3ppentium4 -Cppentium4 -oFPASCAL_RUN fannkuch.fpascal-2.pas
Free Pascal Compiler version 2.2.0 [2007/09/14] for i386
Copyright (c) 1993-2007 by Florian Klaempfl
Target OS: Linux for i386
Compiling fannkuch.fpascal-2.pas
Linking FPASCAL_RUN
117 lines compiled, 0.7 sec
mv FPASCAL_RUN fannkuch.fpascal-2.fpascal_run
rm fannkuch.fpascal-2.pas

=================================================================
COMMAND LINE (%A is single numeric argument):

fannkuch.fpascal-2.fpascal_run %A


PROGRAM OUTPUT
==============
1234567891011
2134567891011
2314567891011
3214567891011
3124567891011
1324567891011
2341567891011
3241567891011
3421567891011
4321567891011
4231567891011
2431567891011
3412567891011
4312567891011
4132567891011
1432567891011
1342567891011
3142567891011
4123567891011
1423567891011
1243567891011
2143567891011
2413567891011
4213567891011
2345167891011
3245167891011
3425167891011
4325167891011
4235167891011
2435167891011
Pfannkuchen(11) = 51
