BUILD COMMANDS FOR: fannkuch.sbcl-3.sbcl

Tue Nov 22 13:28:22 PST 2005

SBCL built with: /usr/bin/sbcl --userinit /dev/null --sysinit /dev/null -batch -eval '(load "fannkuch.sbcl-3.sbcl_compile")'
### START fannkuch.sbcl-3.sbcl_compile
(proclaim '(optimize (speed 3) (safety 0) (debug 0) (compilation-speed 0) (space 0)))
(handler-bind ((sb-ext:defconstant-uneql      (lambda (c) (abort c))))      (load (compile-file "fannkuch.sbcl-3.sbcl" ))) (save-lisp-and-die "sbcl.core" :purify t)
### END fannkuch.sbcl-3.sbcl_compile


; compiling file "/home/dunham/gp4/shootout/bench/fannkuch/tmp/fannkuch.sbcl-3.sbcl" (written 22 NOV 2005 01:28:22 PM):
; compiling (DEFUN FANNKUCH ...)
; compiling (DEFUN MAIN ...)
; file: /home/dunham/gp4/shootout/bench/fannkuch/tmp/fannkuch.sbcl-3.sbcl
; in: DEFUN MAIN
;     (LAST ARGS)
; ==>
;   (SB-IMPL::LAST1 ARGS)
; 
; caught STYLE-WARNING:
;   Assignment to argument: LIST
;     prevents use of assertion from function type previous declaration:
;     LIST
;   
; 
; compilation unit finished
;   caught 1 STYLE-WARNING condition


; /home/dunham/gp4/shootout/bench/fannkuch/tmp/fannkuch.sbcl-3.fasl written
; compilation finished in 0:00:00
[doing purification: roots handlers stack bindings static cleanup done]
[undoing binding stack and other enclosing state... done]
[saving current Lisp image into /home/dunham/gp4/shootout/bench/fannkuch/tmp/sbcl.core:
writing 19273656 bytes from the read-only space at 0x01000000
writing 6693144 bytes from the static space at 0x05000000
writing 4096 bytes from the dynamic space at 0x09000000
done]
### START fannkuch.sbcl-3.sbcl_run
(proclaim '(optimize (speed 3) (safety 0) (debug 0) (compilation-speed 0) (space 0)))
(main) (quit)
### END fannkuch.sbcl-3.sbcl_run


=================================================================
COMMAND LINE (%A is single numeric argument):

 /usr/bin/sbcl --noinform --core sbcl.core --userinit /dev/null --sysinit /dev/null --load fannkuch.sbcl-3.sbcl_run %A
************************************************************
*   TEST (fannkuch.sbcl-3.sbcl_run) FAILED - ERROR:  fannkuch.sbcl-3.sbcl_out differs from Output.7
************************************************************
-rw-r--r--  1 dunham users 260 Nov 21 11:31 Output.7
-rw-r--r--  1 dunham users  20 Nov 22 13:28 fannkuch.sbcl-3.sbcl_out


PROGRAM OUTPUT
==============
Pfannkuchen(7) = 16
