BUILD COMMANDS FOR: fannkuch.gcl

Sat Sep 17 10:03:54 PDT 2005

cp /opt/shootout/shootout/bench/fannkuch/fannkuch.gcl fannkuch.gcl
(GCL_ANSI=1; export GCL_ANSI; \
  /usr/bin/gclcvs -compile fannkuch.gcl)

;; Compiling fannkuch.gcl.
;; End of Pass 1.  
;; End of Pass 2.  
;; OPTIMIZE levels: Safety=0 (No runtime error checking), Space=0, Speed=3, (Debug quality ignored)
;; Finished compiling fannkuch.gcl.
touch fannkuch.gcl_run

=================================================================
COMMAND LINE (%A is single numeric argument):

 /usr/bin/gclcvs -batch -load fannkuch.o -eval '(main)' -f fannkuch.gcl %A
************************************************************
*   TEST (fannkuch.gcl_run) FAILED - ERROR:  fannkuch.gcl_out differs from Output.7
************************************************************
-rw-r--r--  1 brent brent  20 Sep 17 10:02 Output.7
-rw-r--r--  1 brent brent 274 Sep 17 10:03 fannkuch.gcl_out


PROGRAM OUTPUT
==============

Error in SYSTEM::GCL-TOP-LEVEL [or a callee]: Cannot open the file fannkuch.o.

Fast links are on: do (si::use-fast-links nil) for debugging
Broken at SYSTEM::SET-UP-TOP-LEVEL.  Type :H for Help.
 1 (Continue) Retry loading file "fannkuch.o".
 2 Return to top level.
dbl:>>