BUILD COMMANDS FOR: fannkuch.fpascal-3.fpascal

Tue Oct  3 10:19:39 PDT 2006

cp /home/dunham/gp4/shootout/bench/fannkuch/fannkuch.fpascal-3.fpascal fannkuch.fpascal-3.pas
/usr/bin/fpc -Fu../../Include/fpascal -XX -Xs -O3p3r -oFPASCAL_RUN fannkuch.fpascal-3.pas
Free Pascal Compiler version 2.0.4 [2006/09/11] for i386
Copyright (c) 1993-2006 by Florian Klaempfl
Target OS: Linux for i386
Compiling fannkuch.fpascal-3.pas
fannkuch.fpascal-3.pas(32,3) Error: Identifier not found "Result"
fannkuch.fpascal-3.pas(37,9) Error: Identifier not found "result"
fannkuch.fpascal-3.pas(58,4) Error: Identifier not found "Result"
fannkuch.fpascal-3.pas(91,21) Error: Identifier not found "Result"
fannkuch.fpascal-3.pas(92,13) Error: Identifier not found "Result"
fannkuch.fpascal-3.pas(109) Fatal: There were 5 errors compiling module, stopping
fannkuch.fpascal-3.pas(109) Fatal: Compilation aborted
Error: /usr/bin/ppc386 returned an error exitcode (normal if you did not specify a source file to be compiled)
make[3]: [fannkuch.fpascal-3.fpascal_run] Error 1 (ignored)
mv FPASCAL_RUN fannkuch.fpascal-3.fpascal_run
mv: cannot stat `FPASCAL_RUN': No such file or directory
make[3]: [fannkuch.fpascal-3.fpascal_run] Error 1 (ignored)
rm fannkuch.fpascal-3.pas

=================================================================
COMMAND LINE (%A is single numeric argument):

fannkuch.fpascal-3.fpascal_run %A
Error, could not exec fannkuch.fpascal-3.fpascal_run 8 (No such file or directory)
PATH=/home/dunham/gp4/shootout/bench/fannkuch:/home/dunham/gp4/shootout/bench/fannkuch/tmp:/usr/local/bin:/usr/bin:/bin:/opt/bin:/usr/i686-pc-linux-gnu/gcc-bin/4.1.1:/opt/ghc/bin:/usr/kde/3.5/bin:/usr/qt/3/bin:/opt/cint5.16:/opt/kroc-1.4.0/install/bin:/opt/dmd/bin:/opt/sun-jdk-1.5.0.08/bin:/opt/ibm-jdk-bin-1.5.0.2/bin:/opt/sun-jdk-1.4.2.12/bin:/opt/mozart/bin:/opt/groovy-1.0-JSR-06/bin:/opt/bigforth
TEST FAILED - Child processed exited with error code (1)


PROGRAM OUTPUT
==============
