BUILD COMMANDS FOR: fannkuch.gambit

Mon Dec 18 00:52:31 PST 2006

cp /home/dunham/gp4/shootout/bench/fannkuch/fannkuch.gambit fannkuch.gambit
rm -f fannkuch.gambit_run
rm -f *.c
/usr/bin/gsc-gambit -postlude '(main (cadr (command-line)))'  fannkuch.gambit 
/usr/bin/gcc -pipe -Wall -O3 -fomit-frame-pointer -march=pentium4   -D___SHARED_HOST fannkuch*.c -lgambc -o fannkuch.gambit_run
fannkuch.c: In function '___H__20_fannkuch':
fannkuch.c:189: warning: label '___L__20_fannkuch' defined but not used
fannkuch.c:179: warning: unused variable '___u64_temp'
fannkuch.c:179: warning: unused variable '___s64_temp'
fannkuch.c:179: warning: unused variable '___u32_temp'
fannkuch.c:179: warning: unused variable '___s32_temp'
fannkuch.c:179: warning: unused variable '___temp'
fannkuch.c: In function '___H_1_2b_':
fannkuch.c:221: warning: label '___L_1_2b_' defined but not used
fannkuch.c:212: warning: unused variable '___u64_temp'
fannkuch.c:212: warning: unused variable '___s64_temp'
fannkuch.c:212: warning: unused variable '___u32_temp'
fannkuch.c:212: warning: unused variable '___s32_temp'
fannkuch.c:212: warning: unused variable '___temp'
fannkuch.c: In function '___H_1_2d_':
fannkuch.c:246: warning: label '___L_1_2d_' defined but not used
fannkuch.c:237: warning: unused variable '___u64_temp'
fannkuch.c:237: warning: unused variable '___s64_temp'
fannkuch.c:237: warning: unused variable '___u32_temp'
fannkuch.c:237: warning: unused variable '___s32_temp'
fannkuch.c:237: warning: unused variable '___temp'
fannkuch.c: In function '___H_vector_2d_for_2d_each':
fannkuch.c:272: warning: label '___L_vector_2d_for_2d_each' defined but not used
fannkuch.c:262: warning: unused variable '___u64_temp'
fannkuch.c:262: warning: unused variable '___s64_temp'
fannkuch.c:262: warning: unused variable '___u32_temp'
fannkuch.c:262: warning: unused variable '___s32_temp'
fannkuch.c:262: warning: unused variable '___temp'
fannkuch.c: In function '___H_vector_2d_reverse_2d_slice_21_':
fannkuch.c:332: warning: label '___L_vector_2d_reverse_2d_slice_21_' defined but not used
fannkuch.c:317: warning: unused variable '___u64_temp'
fannkuch.c:317: warning: unused variable '___s64_temp'
fannkuch.c:317: warning: unused variable '___u32_temp'
fannkuch.c:317: warning: unused variable '___s32_temp'
fannkuch.c:317: warning: unused variable '___temp'
fannkuch.c: In function '___H_vector_2d_swap_21_':
fannkuch.c:415: warning: label '___L_vector_2d_swap_21_' defined but not used
fannkuch.c:406: warning: unused variable '___u64_temp'
fannkuch.c:406: warning: unused variable '___s64_temp'
fannkuch.c:406: warning: unused variable '___u32_temp'
fannkuch.c:406: warning: unused variable '___s32_temp'
fannkuch.c:406: warning: unused variable '___temp'
fannkuch.c: In function '___H_count_2d_flips':
fannkuch.c:445: warning: label '___L_count_2d_flips' defined but not used
fannkuch.c:434: warning: unused variable '___u64_temp'
fannkuch.c:434: warning: unused variable '___s64_temp'
fannkuch.c:434: warning: unused variable '___u32_temp'
fannkuch.c:434: warning: unused variable '___s32_temp'
fannkuch.c:434: warning: unused variable '___temp'
fannkuch.c: In function '___H_fannkuch':
fannkuch.c:512: warning: label '___L_fannkuch' defined but not used
fannkuch.c:491: warning: unused variable '___u64_temp'
fannkuch.c:491: warning: unused variable '___s64_temp'
fannkuch.c:491: warning: unused variable '___u32_temp'
fannkuch.c:491: warning: unused variable '___s32_temp'
fannkuch.c:491: warning: unused variable '___temp'
fannkuch.c: In function '___H_main':
fannkuch.c:733: warning: label '___L_main' defined but not used
fannkuch.c:717: warning: unused variable '___u64_temp'
fannkuch.c:717: warning: unused variable '___s64_temp'
fannkuch.c:717: warning: unused variable '___u32_temp'
fannkuch.c:717: warning: unused variable '___s32_temp'
fannkuch.c:717: warning: unused variable '___temp'
fannkuch_.c:7141: warning: dereferencing type-punned pointer will break strict-aliasing rules
fannkuch_.c:7144: warning: dereferencing type-punned pointer will break strict-aliasing rules
fannkuch_.c:7148: warning: dereferencing type-punned pointer will break strict-aliasing rules
fannkuch_.c:7152: warning: dereferencing type-punned pointer will break strict-aliasing rules
fannkuch_.c:7156: warning: dereferencing type-punned pointer will break strict-aliasing rules
fannkuch_.c:7161: warning: dereferencing type-punned pointer will break strict-aliasing rules
fannkuch_.c:7165: warning: dereferencing type-punned pointer will break strict-aliasing rules
rm fannkuch.gambit

=================================================================
COMMAND LINE (%A is single numeric argument):

fannkuch.gambit_run %A


PROGRAM OUTPUT
==============
12345678910
21345678910
23145678910
32145678910
31245678910
13245678910
23415678910
32415678910
34215678910
43215678910
42315678910
24315678910
34125678910
43125678910
41325678910
14325678910
13425678910
31425678910
41235678910
14235678910
12435678910
21435678910
24135678910
42135678910
23451678910
32451678910
34251678910
43251678910
42351678910
24351678910
Pfannkuchen(10) = 38
