BUILD COMMANDS FOR: harmonic.nice

Fri Jan 20 14:45:39 PST 2006

( if [ ! -d harmonic.nice_run ] ; then mkdir harmonic.nice_run ; mkdir harmonic.nice_run/harmonic ; fi)
cp /home/dunham/gp4/shootout/bench/harmonic/harmonic.nice harmonic.nice_run/harmonic/harmonic.nice
( cd harmonic.nice_run/harmonic ; /opt/nice-0.9.10/bin/nicec -d . --sourcepath .. -a ../../harmonic.jar harmonic )
nice.lang: parsing

~/gp4/shootout/bench/harmonic/tmp/harmonic.nice_run/harmonic/harmonic.nice: line 5, column 8:
Package include is not available.
The source  path is: ..
The package path is: <empty>
compilation failed with 1 error
make[3]: [harmonic.nice_run] Error 2 (ignored)
touch harmonic.nice_run

=================================================================
COMMAND LINE (%A is single numeric argument):

 /opt/jdk1.5.0_05/bin/java -server -jar harmonic.jar %A
Unable to access jarfile harmonic.jar
TEST FAILED - Child processed exited with error code (1)


PROGRAM OUTPUT
==============
