BUILD COMMANDS FOR: harmonic.smlnj

Mon Nov 21 02:49:59 PST 2005

cp /home/dunham/gp4/shootout/bench/harmonic/harmonic.smlnj harmonic.sml
cp /home/dunham/gp4/shootout/bench/harmonic/cm_harmonic.cm harmonic.cm
/usr/bin/ml-build harmonic.cm Test.main harmonic
Standard ML of New Jersey v110.45 [FLINT v1.5], February 13, 2004
[scanning harmonic.cm]
[parsing (harmonic.cm):harmonic.sml]
[compiling (harmonic.cm):harmonic.sml]
[code: 1317, data: 61, env: 248 bytes]
[scanning 3361-export.cm]
[scanning (3361-export.cm):harmonic.cm]
[parsing (3361-export.cm):3361-export.sml]
[compiling (3361-export.cm):3361-export.sml]
[code: 221, data: 37, env: 42 bytes]

=================================================================
COMMAND LINE (%A is single numeric argument):

 /usr/bin/sml @SMLload=harmonic %A


PROGRAM OUTPUT
==============
16.695311366
