BUILD COMMANDS FOR: hello.erlang

Wed Apr  2 10:43:27 PDT 2008

cp /home/dunham/gp4/shootout/bench/hello/hello.erlang hello.erl
/opt/otp_src_R12B-1/bin/erlc hello.erl
rm hello.erl

=================================================================
COMMAND LINE (%A is single numeric argument):

 repeat %A /opt/otp_src_R12B-1/bin/erl -noshell -run -noinput -run hello main


PROGRAM OUTPUT
==============
hello world
hello world
hello world
hello world
hello world
hello world
hello world
hello world
hello world
hello world
hello world
hello world
hello world
hello world
hello world
hello world
hello world
hello world
hello world
hello world
hello world
hello world
hello world
hello world
hello world
hello world
hello world
hello world
hello world
hello world
hello world
hello world
hello world
hello world
hello world
hello world
hello world
hello world
hello world
hello world
hello world
hello world
hello world
hello world
hello world
hello world
hello world
hello world
hello world
hello world
===================================
!!! Note: Truncated to 50 lines !!!
===================================
