BUILD COMMANDS FOR: hello.erlang

Sun Jul 23 21:08:55 PDT 2006

cp /home/dunham/gp4/shootout/bench/hello/hello.erlang hello.erl
/usr/bin/erlc hello.erl
rm hello.erl

=================================================================
COMMAND LINE (%A is single numeric argument):

 repeat %A /usr/bin/erl -noinput -noshell -run -noinput -run hello main


PROGRAM OUTPUT
==============
hello world
hello world
hello world
hello world
hello world
hello world
hello world
hello world
hello world
hello world
hello world
hello world
hello world
hello world
hello world
hello world
hello world
hello world
hello world
hello world
hello world
hello world
hello world
hello world
hello world
hello world
hello world
hello world
hello world
hello world
hello world
hello world
hello world
hello world
hello world
hello world
hello world
hello world
hello world
hello world
hello world
hello world
hello world
hello world
hello world
hello world
hello world
hello world
hello world
hello world
===================================
!!! Note: Truncated to 50 lines !!!
===================================
