BUILD COMMANDS FOR: hello.csharpaot

Fri May 18 00:02:49 PDT 2007

cp /home/dunham/gp4/shootout/bench/hello/hello.pnet hello.cs
rm -f hello.csharpaot_run
/usr/bin/mcs  -out:hello.csharpaot_run hello.cs
/usr/bin/mono --aot hello.csharpaot_run
Mono Ahead of Time compiler - compiling assembly /home/dunham/gp4/shootout/bench/hello/tmp/hello.csharpaot_run
Code: 39 Info: 8 Ex Info: 7 Class Info: 30 PLT: 2 GOT Info: 1 GOT Info Offsets: 4 GOT: 8
Executing the native assembler: as  /tmp/mono_aot_FLQHST -o /tmp/mono_aot_FLQHST.o
Executing the native linker: ld -shared -o /home/dunham/gp4/shootout/bench/hello/tmp/hello.csharpaot_run.so /tmp/mono_aot_FLQHST.o
Compiled 2 out of 2 methods (100%)
0 methods contain absolute addresses (0%)
0 methods contain wrapper references (0%)
0 methods contain lmf pointers (0%)
0 methods have other problems (0%)
Methods without GOT slots: 1 (50%)
Direct calls: 0 (100%)
GOT slot distribution:
	image: 1
	ldstr: 1
AOT RESULT 0
rm hello.cs

=================================================================
COMMAND LINE (%A is single numeric argument):

 repeat %A /usr/bin/mono hello.csharpaot_run


PROGRAM OUTPUT
==============
hello world
hello world
hello world
hello world
hello world
hello world
hello world
hello world
hello world
hello world
hello world
hello world
hello world
hello world
hello world
hello world
hello world
hello world
hello world
hello world
hello world
hello world
hello world
hello world
hello world
hello world
hello world
hello world
hello world
hello world
hello world
hello world
hello world
hello world
hello world
hello world
hello world
hello world
hello world
hello world
hello world
hello world
hello world
hello world
hello world
hello world
hello world
hello world
hello world
hello world
===================================
!!! Note: Truncated to 50 lines !!!
===================================
