BUILD COMMANDS FOR: hello.cal

Tue Jun 19 16:46:58 PDT 2007

( if [ ! -d hello.cal_run ] ; then mkdir hello.cal_run ; fi)
cp /home/dunham/gp4/shootout/bench/hello/hello.cal hello.cal_run
( cd hello.cal_run ; ../../../Include/cal/compile.sh hello.cal )
Open Quark Standalone JAR Tool (version 1.5.0_0)
Initializing the CAL workspace...
...CAL workspace initialized.
Building the standalone JAR /home/dunham/gp4/shootout/bench/hello/tmp/hello.cal_run/hello.jar
Done building the standalone JAR /home/dunham/gp4/shootout/bench/hello/tmp/hello.cal_run/hello.jar
touch hello.cal_run

=================================================================
COMMAND LINE (%A is single numeric argument):

 repeat %A QUARK_JAVACMD=/opt/sun-jdk-1.6.0.01/bin/java QUARK_VMARGS="$JDKFLAGS -server -Xbatch" /opt/Quark/quarklaunch.sh hello.cal_run/hello.jar hello.main
/home/dunham/gp4/shootout/bench/hello/repeat: line 5: -server: command not found
************************************************************
*   TEST (hello.cal_run) FAILED - ERROR:  hello.cal_out differs from Output.1
************************************************************
-rw-r--r-- 1 dunham users 12 Nov 22  2006 Output.1
-rw-r--r-- 1 dunham users  0 Jun 19 16:47 hello.cal_out


PROGRAM OUTPUT
==============
