BUILD COMMANDS FOR: hello.java14

Sun Jan  1 19:05:21 PST 2006

( if [ ! -d hello.java14_run ] ; then mkdir hello.java14_run ; fi)
cp /home/dunham/gp4/shootout/bench/hello/hello.java14 hello.java14_run/hello.java
( cd hello.java14_run ; /opt/j2sdk1.4.2_10/bin/javac -classpath '.' hello.java )
touch hello.java14_run

=================================================================
COMMAND LINE (%A is single numeric argument):

 repeat %A /opt/j2sdk1.4.2_10/bin/java -Xmx10 -server -classpath hello.java14_run hello


PROGRAM OUTPUT
==============
hello world
hello world
hello world
hello world
hello world
hello world
hello world
hello world
hello world
hello world
hello world
hello world
hello world
hello world
hello world
hello world
hello world
hello world
hello world
hello world
hello world
hello world
hello world
hello world
hello world
hello world
hello world
hello world
hello world
hello world
hello world
hello world
hello world
hello world
hello world
hello world
hello world
hello world
hello world
hello world
hello world
hello world
hello world
hello world
hello world
hello world
hello world
hello world
hello world
hello world
===================================
!!! Note: Truncated to 50 lines !!!
===================================
