BUILD COMMANDS FOR: hello.se

Fri Oct 28 23:35:17 UTC 2005

copying /home/dunham/gp4/shootout/bench/hello/hello.se to hello.e
cp /home/dunham/gp4/shootout/bench/hello/hello.se hello.e
../../../bin/split_file.bash /home/dunham/gp4/shootout/bench/hello/hello.se hello.e
make[3]: [hello.e] Error 1 (ignored)
rm -f hello.se_run
(echo . ; echo ../ ; echo ../../Include/eiffel) > loadpath.se
/usr/lib/SmartEiffel/bin/compile -boost -no_split -O3 -fomit-frame-pointer -funroll-loops  -o hello.se_run hello ; /usr/lib/SmartEiffel/bin/clean hello
rm hello.e

=================================================================
COMMAND LINE (%A is single numeric argument):

 repeat %A hello.se_run


PROGRAM OUTPUT
==============
hello world
hello world
hello world
hello world
hello world
hello world
hello world
hello world
hello world
hello world
hello world
hello world
hello world
hello world
hello world
hello world
hello world
hello world
hello world
hello world
hello world
hello world
hello world
hello world
hello world
hello world
hello world
hello world
hello world
hello world
hello world
hello world
hello world
hello world
hello world
hello world
hello world
hello world
hello world
hello world
hello world
hello world
hello world
hello world
hello world
hello world
hello world
hello world
hello world
hello world
===================================
!!! Note: Truncated to 50 lines !!!
===================================
