BUILD COMMANDS FOR: hello.petitnasm

Tue Jan 24 12:35:22 PST 2006

cp /home/dunham/gp4/shootout/bench/hello/hello.petitnasm hello.petitnasm
rm -f hello.petitnasm_run
( cd /opt/larceny-0.90-bin-petit-nasm-linux86 ; ./twobit twobit.heap -args /home/dunham/gp4/shootout/bench/hello/tmp hello.petitnasm ; cd /home/dunham/gp4/shootout/bench/hello/tmp )
Larceny v0.90 "Operation Drop-Kick" (precise:Linux:unified)
nasm -O1 -f elf -IRts/Intel/ -IRts/Build/ -o /home/dunham/gp4/shootout/bench/hello/tmp/.larceny.o /home/dunham/gp4/shootout/bench/hello/tmp/.larceny.asm
gcc  -shared -o /home/dunham/gp4/shootout/bench/hello/tmp/.larceny.3b.so /home/dunham/gp4/shootout/bench/hello/tmp/.larceny.o 
/usr/lib/gcc-lib/i686-pc-linux-gnu/3.3.5-20050130/../../../../i686-pc-linux-gnu/bin/ld: warning: creating a DT_TEXTREL in object.
echo "larceny" > hello.petitnasm_run
rm hello.petitnasm

=================================================================
COMMAND LINE (%A is single numeric argument):

 repeat %A /opt/larceny-0.90-bin-petit-nasm-linux86/petit /opt/larceny-0.90-bin-petit-nasm-linux86/petit.heap


PROGRAM OUTPUT
==============
hello world
hello world
hello world
hello world
hello world
hello world
hello world
hello world
hello world
hello world
hello world
hello world
hello world
hello world
hello world
hello world
hello world
hello world
hello world
hello world
hello world
hello world
hello world
hello world
hello world
hello world
hello world
hello world
hello world
hello world
hello world
hello world
hello world
hello world
hello world
hello world
hello world
hello world
hello world
hello world
hello world
hello world
hello world
hello world
hello world
hello world
hello world
hello world
hello world
hello world
===================================
!!! Note: Truncated to 50 lines !!!
===================================
