BUILD COMMANDS FOR: hello.csharp

Thu May 22 19:22:54 PDT 2008

cp /home/dunham/gp4/shootout/bench/hello/hello.csharp hello.cs
rm -f hello.csharp_run
/usr/local/bin/gmcs  -optimize+ -out:hello.csharp_run hello.cs
rm hello.cs

=================================================================
COMMAND LINE (%A is single numeric argument):

 repeat %A /usr/local/bin/mono hello.csharp_run


PROGRAM OUTPUT
==============
hello world
hello world
hello world
hello world
hello world
hello world
hello world
hello world
hello world
hello world
hello world
hello world
hello world
hello world
hello world
hello world
hello world
hello world
hello world
hello world
hello world
hello world
hello world
hello world
hello world
hello world
hello world
hello world
hello world
hello world
hello world
hello world
hello world
hello world
hello world
hello world
hello world
hello world
hello world
hello world
hello world
hello world
hello world
hello world
hello world
hello world
hello world
hello world
hello world
hello world
===================================
!!! Note: Truncated to 50 lines !!!
===================================
