BUILD COMMANDS FOR: hello.gnat

Tue Sep 26 14:09:33 PDT 2006

cp /home/dunham/gp4/shootout/bench/hello/hello.gnat hello.ada
/usr/bin/gnatchop -w hello.ada
splitting hello.ada into:
   hello.adb
/usr/bin/gnatmake -gnatp -O3 -fomit-frame-pointer -march=pentium4   -f hello.adb -o hello.gnat_run
gnatgcc -c -gnatp -O3 -fomit-frame-pointer -march=pentium4 hello.adb
gnatbind -x hello.ali
gnatlink hello.ali -march=pentium4 -o hello.gnat_run
rm hello.ada

=================================================================
COMMAND LINE (%A is single numeric argument):

 repeat %A hello.gnat_run


PROGRAM OUTPUT
==============
hello world
hello world
hello world
hello world
hello world
hello world
hello world
hello world
hello world
hello world
hello world
hello world
hello world
hello world
hello world
hello world
hello world
hello world
hello world
hello world
hello world
hello world
hello world
hello world
hello world
hello world
hello world
hello world
hello world
hello world
hello world
hello world
hello world
hello world
hello world
hello world
hello world
hello world
hello world
hello world
hello world
hello world
hello world
hello world
hello world
hello world
hello world
hello world
hello world
hello world
===================================
!!! Note: Truncated to 50 lines !!!
===================================
