BUILD COMMANDS FOR: hello.fpascal

Fri Feb 10 16:50:18 PST 2006

cp /home/dunham/gp4/shootout/bench/hello/hello.fpascal hello.pas
/usr/bin/fpc -XX -Xs -O3p3r -oFPASCAL_RUN hello.pas
Free Pascal Compiler version 2.0.2 [2006/02/08] for i386
Copyright (c) 1993-2005 by Florian Klaempfl
Target OS: Linux for i386
Compiling hello.pas
Linking FPASCAL_RUN
11 Lines compiled, 0.3 sec
mv FPASCAL_RUN hello.fpascal_run
rm hello.pas

=================================================================
COMMAND LINE (%A is single numeric argument):

 repeat %A hello.fpascal_run


PROGRAM OUTPUT
==============
hello world
hello world
hello world
hello world
hello world
hello world
hello world
hello world
hello world
hello world
hello world
hello world
hello world
hello world
hello world
hello world
hello world
hello world
hello world
hello world
hello world
hello world
hello world
hello world
hello world
hello world
hello world
hello world
hello world
hello world
hello world
hello world
hello world
hello world
hello world
hello world
hello world
hello world
hello world
hello world
hello world
hello world
hello world
hello world
hello world
hello world
hello world
hello world
hello world
hello world
===================================
!!! Note: Truncated to 50 lines !!!
===================================
