BUILD COMMANDS FOR: hello.oz

Sun Jul  6 19:50:52 PDT 2008

cp /home/dunham/gp4/shootout/bench/hello/hello.oz hello.oz
/opt/mozart/bin/ozc  -x hello.oz
mv hello hello.oz_run
rm hello.oz

=================================================================
COMMAND LINE (%A is single numeric argument):

 repeat %A hello.oz_run


PROGRAM OUTPUT
==============
hello world
hello world
hello world
hello world
hello world
hello world
hello world
hello world
hello world
hello world
hello world
hello world
hello world
hello world
hello world
hello world
hello world
hello world
hello world
hello world
hello world
hello world
hello world
hello world
hello world
hello world
hello world
hello world
hello world
hello world
hello world
hello world
hello world
hello world
hello world
hello world
hello world
hello world
hello world
hello world
hello world
hello world
hello world
hello world
hello world
hello world
hello world
hello world
hello world
hello world
===================================
!!! Note: Truncated to 50 lines !!!
===================================
