BUILD COMMANDS FOR: hello.javaxint

Sun Jul 23 21:18:53 PDT 2006

( if [ ! -d hello.javaxint_run ] ; then mkdir hello.javaxint_run ; fi)
cp /home/dunham/gp4/shootout/bench/hello/hello.javaxint hello.javaxint_run/hello.java
( cd hello.javaxint_run ; rm -rf *.class; /opt/jsun-jdk-1.5.0.07/bin/javac -classpath '.' hello.java )
/bin/sh: /opt/jsun-jdk-1.5.0.07/bin/javac: No such file or directory
make[3]: [hello.javaxint_run] Error 127 (ignored)
touch hello.javaxint_run

=================================================================
COMMAND LINE (%A is single numeric argument):

 repeat %A /opt/sun-jdk-1.5.0.07/bin/java $JDKFLAGS -server -Xint -classpath hello.javaxint_run hello
Exception in thread "main" java.lang.NoClassDefFoundError: hello
Exception in thread "main" java.lang.NoClassDefFoundError: hello
************************************************************
*   TEST (hello.javaxint_run) FAILED - ERROR:  hello.javaxint_out differs from Output.2
************************************************************
-rw-r--r-- 1 dunham users 24 Nov 12  2005 Output.2
-rw-r--r-- 1 dunham users  0 Jul 23 21:18 hello.javaxint_out


PROGRAM OUTPUT
==============
