BUILD COMMANDS FOR: hello.csharp

Sat Mar  4 09:27:42 PST 2006

cp /home/dunham/gp4/shootout/bench/hello/hello.csharp hello.cs
rm -f hello.csharp_run
/usr/bin/mcs  -out:hello.csharp_run hello.cs
rm hello.cs

=================================================================
COMMAND LINE (%A is single numeric argument):

 repeat %A /usr/bin/mono hello.csharp_run


PROGRAM OUTPUT
==============
hello world
hello world
hello world
hello world
hello world
hello world
hello world
hello world
hello world
hello world
hello world
hello world
hello world
hello world
hello world
hello world
hello world
hello world
hello world
hello world
hello world
hello world
hello world
hello world
hello world
hello world
hello world
hello world
hello world
hello world
hello world
hello world
hello world
hello world
hello world
hello world
hello world
hello world
hello world
hello world
hello world
hello world
hello world
hello world
hello world
hello world
hello world
hello world
hello world
hello world
===================================
!!! Note: Truncated to 50 lines !!!
===================================
