BUILD COMMANDS FOR: hello.ocaml

Sun Sep 24 17:27:30 PDT 2006

cp /home/dunham/gp4/shootout/bench/hello/hello.ocaml hello.ml
/usr/bin/ocamlopt -noassert -unsafe -I /usr/lib/ocaml/contrib -ccopt -O3 -ccopt -fomit-frame-pointer -ccopt -march=pentium4 -ccopt -msse2  hello.ml -o hello.ocaml_run
rm hello.ml

=================================================================
COMMAND LINE (%A is single numeric argument):

 repeat %A hello.ocaml_run


PROGRAM OUTPUT
==============
hello world
hello world
hello world
hello world
hello world
hello world
hello world
hello world
hello world
hello world
hello world
hello world
hello world
hello world
hello world
hello world
hello world
hello world
hello world
hello world
hello world
hello world
hello world
hello world
hello world
hello world
hello world
hello world
hello world
hello world
hello world
hello world
hello world
hello world
hello world
hello world
hello world
hello world
hello world
hello world
hello world
hello world
hello world
hello world
hello world
hello world
hello world
hello world
hello world
hello world
===================================
!!! Note: Truncated to 50 lines !!!
===================================
