BUILD COMMANDS FOR: hello.javaxx

Sun Sep  9 14:27:42 PDT 2007

( if [ ! -d hello.javaxx_run ] ; then mkdir hello.javaxx_run ; fi)
cp /home/dunham/gp4/shootout/bench/hello/hello.javaxx hello.javaxx_run/hello.java
( cd hello.javaxx_run ; rm -rf *.class; /opt/sun-jdk-1.6.0.02/bin/javac -classpath '.' hello.java )
touch hello.javaxx_run

=================================================================
COMMAND LINE (%A is single numeric argument):

 repeat %A /opt/sun-jdk-1.6.0.02/bin/java $JDKFLAGS -server -Xms64m -Xbatch -classpath hello.javaxx_run hello


PROGRAM OUTPUT
==============
hello world
hello world
hello world
hello world
hello world
hello world
hello world
hello world
hello world
hello world
hello world
hello world
hello world
hello world
hello world
hello world
hello world
hello world
hello world
hello world
hello world
hello world
hello world
hello world
hello world
hello world
hello world
hello world
hello world
hello world
hello world
hello world
hello world
hello world
hello world
hello world
hello world
hello world
hello world
hello world
hello world
hello world
hello world
hello world
hello world
hello world
hello world
hello world
hello world
hello world
===================================
!!! Note: Truncated to 50 lines !!!
===================================
