BUILD COMMANDS FOR: hello.lisaac

Sat Feb  9 17:32:13 PST 2008

cp /home/dunham/gp4/shootout/bench/hello/hello.lisaac hello.li
../../../bin/split_file.bash /home/dunham/gp4/shootout/bench/hello/hello.lisaac hello.li
make[3]: [hello.li] Error 1 (ignored)
rm -f hello.lisaac_run
/usr/bin/lisaac hello -O -i20 -o lisaac_run 
Depending pass: ........ (8)
Executing pass: *.......... (11)
 => 0 second(s).
Run `gcc ./hello.c -O3 -fomit-frame-pointer -lm -lX11 -o lisaac_run -L/usr/lib-march=pentium4' 	Ok
mv lisaac_run hello.lisaac_run
rm hello.li

=================================================================
COMMAND LINE (%A is single numeric argument):

 repeat %A hello.lisaac_run


PROGRAM OUTPUT
==============
hello world
hello world
hello world
hello world
hello world
hello world
hello world
hello world
hello world
hello world
hello world
hello world
hello world
hello world
hello world
hello world
hello world
hello world
hello world
hello world
hello world
hello world
hello world
hello world
hello world
hello world
hello world
hello world
hello world
hello world
hello world
hello world
hello world
hello world
hello world
hello world
hello world
hello world
hello world
hello world
hello world
hello world
hello world
hello world
hello world
hello world
hello world
hello world
hello world
hello world
===================================
!!! Note: Truncated to 50 lines !!!
===================================
