BUILD COMMANDS FOR: hello.mercury

Wed May 14 09:55:00 PDT 2008

/usr/bin/mmc --grade hlc.gc  hello.m -o hello.mercury_run
rm hello.m

=================================================================
COMMAND LINE (%A is single numeric argument):

 repeat %A hello.mercury_run


PROGRAM OUTPUT
==============
hello world
hello world
hello world
hello world
hello world
hello world
hello world
hello world
hello world
hello world
hello world
hello world
hello world
hello world
hello world
hello world
hello world
hello world
hello world
hello world
hello world
hello world
hello world
hello world
hello world
hello world
hello world
hello world
hello world
hello world
hello world
hello world
hello world
hello world
hello world
hello world
hello world
hello world
hello world
hello world
hello world
hello world
hello world
hello world
hello world
hello world
hello world
hello world
hello world
hello world
===================================
!!! Note: Truncated to 50 lines !!!
===================================
