BUILD COMMANDS FOR: hello.pike

Sat Jun  2 00:10:00 PDT 2007

rm -f hello.o
cp /home/dunham/gp4/shootout/bench/hello/hello.pike hello.pike
/usr/local/bin/pike -x dump hello.pike
touch hello.pike_run

=================================================================
COMMAND LINE (%A is single numeric argument):

 repeat %A /usr/local/bin/pike hello.pike


PROGRAM OUTPUT
==============
hello world
hello world
hello world
hello world
hello world
hello world
hello world
hello world
hello world
hello world
hello world
hello world
hello world
hello world
hello world
hello world
hello world
hello world
hello world
hello world
hello world
hello world
hello world
hello world
hello world
hello world
hello world
hello world
hello world
hello world
hello world
hello world
hello world
hello world
hello world
hello world
hello world
hello world
hello world
hello world
hello world
hello world
hello world
hello world
hello world
hello world
hello world
hello world
hello world
hello world
===================================
!!! Note: Truncated to 50 lines !!!
===================================
