BUILD COMMANDS FOR: hello.clean

Mon Nov 21 00:09:32 PST 2005

cp /home/dunham/gp4/shootout/bench/hello/hello.clean hello.icl
/opt/clean/bin/clm -b -nt -l /opt/clean/lib/ArgEnv/ArgEnvC.o -I ../../Include/clean -I /opt/clean/lib/ArgEnv  hello -o hello.clean_run
Compiling hello
Generating code for hello
Linking hello
rm hello.icl

=================================================================
COMMAND LINE (%A is single numeric argument):

 repeat %A hello.clean_run


PROGRAM OUTPUT
==============
hello world
hello world
hello world
hello world
hello world
hello world
hello world
hello world
hello world
hello world
hello world
hello world
hello world
hello world
hello world
hello world
hello world
hello world
hello world
hello world
hello world
hello world
hello world
hello world
hello world
hello world
hello world
hello world
hello world
hello world
hello world
hello world
hello world
hello world
hello world
hello world
hello world
hello world
hello world
hello world
hello world
hello world
hello world
hello world
hello world
hello world
hello world
hello world
hello world
hello world
===================================
!!! Note: Truncated to 50 lines !!!
===================================
