BUILD COMMANDS FOR: hello.ibmjava

Fri Sep 22 19:53:27 PDT 2006

( if [ ! -d hello.ibmjava_run ] ; then mkdir hello.ibmjava_run ; fi)
cp /home/dunham/gp4/shootout/bench/hello/hello.ibmjava hello.ibmjava_run/hello.java
( cd hello.ibmjava_run ; rm -rf *.class; /opt/ibm-jdk-bin-1.5.0.2/bin/javac -classpath '.' hello.java )
touch hello.ibmjava_run

=================================================================
COMMAND LINE (%A is single numeric argument):

 repeat %A /opt/ibm-jdk-bin-1.5.0.2/bin/java -classpath  hello.ibmjava_run  hello


PROGRAM OUTPUT
==============
hello world
hello world
hello world
hello world
hello world
hello world
hello world
hello world
hello world
hello world
hello world
hello world
hello world
hello world
hello world
hello world
hello world
hello world
hello world
hello world
hello world
hello world
hello world
hello world
hello world
hello world
hello world
hello world
hello world
hello world
hello world
hello world
hello world
hello world
hello world
hello world
hello world
hello world
hello world
hello world
hello world
hello world
hello world
hello world
hello world
hello world
hello world
hello world
hello world
hello world
===================================
!!! Note: Truncated to 50 lines !!!
===================================
