BUILD COMMANDS FOR: knucleotide.sbcl-3.sbcl

Fri Nov 10 09:37:05 PST 2006

SBCL built with: /usr/bin/sbcl --userinit /dev/null --sysinit /dev/null -batch -eval '(load "knucleotide.sbcl-3.sbcl_compile")'
### START knucleotide.sbcl-3.sbcl_compile
(proclaim '(optimize (speed 3) (safety 0) (debug 0) (compilation-speed 0) (space 0)))
(handler-bind ((sb-ext:defconstant-uneql      (lambda (c) (abort c))))      (load (compile-file "knucleotide.sbcl-3.sbcl" ))) (save-lisp-and-die "sbcl.core" :purify t)
### END knucleotide.sbcl-3.sbcl_compile

; compiling file "/home/dunham/gp4/shootout/bench/knucleotide/tmp/knucleotide.sbcl-3.sbcl" (written 10 NOV 2006 09:37:05 AM):
; compiling (DECLAIM (INLINE MAKE-GENE))
; compiling (DEFUN MAKE-GENE ...)
; file: /home/dunham/gp4/shootout/bench/knucleotide/tmp/knucleotide.sbcl-3.sbcl
; in: DEFUN MAKE-GENE
;     (MAKE-ARRAY N :ELEMENT-TYPE 'BASE-CHAR)
; 
; note: unable to
;   optimize
; due to type uncertainty:
;   The first argument is a (OR (MOD 536870911) CONS NULL), not a INTEGER.
; 
; note: unable to
;   optimize
; due to type uncertainty:
;   The first argument is a (OR (MOD 536870911) CONS NULL), not a LIST.

; compiling (DEFUN SLICE-NAME ...)
; compiling (DEFUN FREQ-NAME ...)
; compiling (DEFUN I-NAME ...)
; compiling (DEFUN %SINGLE-SLICER ...)
; compiling (DEFUN %SLICER ...); in: LAMBDA NIL
;     (= N 1)
; 
; note: unable to
;   open-code FLOAT to RATIONAL comparison
; due to type uncertainty:
;   The first argument is a NUMBER, not a FLOAT.
; 
; note: unable to
;   optimize
; due to type uncertainty:
;   The first argument is a NUMBER, not a (COMPLEX SINGLE-FLOAT).
; 
; note: unable to
;   optimize
; due to type uncertainty:
;   The first argument is a NUMBER, not a (COMPLEX DOUBLE-FLOAT).
; 
; note: unable to open code because: The operands might not be the same type.

;     (1- N)
; ==>
;   (- N 1)
; 
; note: unable to
;   optimize
; due to type uncertainty:
;   The first argument is a NUMBER, not a FLOAT.
; 
; note: unable to
;   optimize
; due to type uncertainty:
;   The first argument is a NUMBER, not a (COMPLEX SINGLE-FLOAT).
; 
; note: unable to
;   optimize
; due to type uncertainty:
;   The first argument is a NUMBER, not a (COMPLEX DOUBLE-FLOAT).
; 
; note: forced to do GENERIC-- (cost 10)
;       unable to do inline fixnum arithmetic (cost 1) because:
;       The first argument is a NUMBER, not a FIXNUM.
;       The result is a (VALUES NUMBER &OPTIONAL), not a (VALUES FIXNUM &REST T).
;       unable to do inline fixnum arithmetic (cost 2) because:
;       The first argument is a NUMBER, not a FIXNUM.
;       The result is a (VALUES NUMBER &OPTIONAL), not a (VALUES FIXNUM &REST T).
;       etc.

; file: /home/dunham/gp4/shootout/bench/knucleotide/tmp/knucleotide.sbcl-3.sbcl
; in: DEFUN %SLICER
;     (= N 1)
; 
; note: unable to
;   open-code FLOAT to RATIONAL comparison
; due to type uncertainty:
;   The first argument is a NUMBER, not a FLOAT.
; 
; note: unable to
;   optimize
; due to type uncertainty:
;   The first argument is a NUMBER, not a (COMPLEX SINGLE-FLOAT).
; 
; note: unable to
;   optimize
; due to type uncertainty:
;   The first argument is a NUMBER, not a (COMPLEX DOUBLE-FLOAT).
; 
; note: unable to open code because: The operands might not be the same type.

;     (1- N)
; ==>
;   (- N 1)
; 
; note: unable to
;   optimize
; due to type uncertainty:
;   The first argument is a NUMBER, not a FLOAT.
; 
; note: unable to
;   optimize
; due to type uncertainty:
;   The first argument is a NUMBER, not a (COMPLEX SINGLE-FLOAT).
; 
; note: unable to
;   optimize
; due to type uncertainty:
;   The first argument is a NUMBER, not a (COMPLEX DOUBLE-FLOAT).
; 
; note: forced to do GENERIC-- (cost 10)
;       unable to do inline fixnum arithmetic (cost 1) because:
;       The first argument is a NUMBER, not a FIXNUM.
;       The result is a (VALUES NUMBER &OPTIONAL), not a (VALUES FIXNUM &REST T).
;       unable to do inline fixnum arithmetic (cost 2) because:
;       The first argument is a NUMBER, not a FIXNUM.
;       The result is a (VALUES NUMBER &OPTIONAL), not a (VALUES FIXNUM &REST T).
;       etc.

; compiling (DEFUN DISCARD-DATA-HEADER ...)
; compiling (DECLAIM (INLINE READ-DATA-LINE))
; compiling (DEFUN READ-DATA-LINE ...)
; compiling (DEFMACRO SLICE-AND-DICE ...)
; compiling (DEFUN PRINT-PRECENTAGES ...)
; file: /home/dunham/gp4/shootout/bench/knucleotide/tmp/knucleotide.sbcl-3.sbcl
; in: DEFUN PRINT-PRECENTAGES
;     (> (CDR V1) (CDR V2))
; 
; note: unable to
;   optimize
; due to type uncertainty:
;   The first argument is a REAL, not a SINGLE-FLOAT.
;   The second argument is a REAL, not a DOUBLE-FLOAT.
; 
; note: unable to
;   optimize
; due to type uncertainty:
;   The first argument is a REAL, not a DOUBLE-FLOAT.
;   The second argument is a REAL, not a SINGLE-FLOAT.
; 
; note: unable to
;   open-code FLOAT to RATIONAL comparison
; due to type uncertainty:
;   The first argument is a REAL, not a FLOAT.
;   The second argument is a REAL, not a RATIONAL.

;     (< (CDR V1) (CDR V2))
; 
; note: unable to
;   optimize
; due to type uncertainty:
;   The first argument is a REAL, not a SINGLE-FLOAT.
;   The second argument is a REAL, not a DOUBLE-FLOAT.
; 
; note: unable to
;   optimize
; due to type uncertainty:
;   The first argument is a REAL, not a DOUBLE-FLOAT.
;   The second argument is a REAL, not a SINGLE-FLOAT.
; 
; note: unable to
;   open-code FLOAT to RATIONAL comparison
; due to type uncertainty:
;   The first argument is a REAL, not a FLOAT.
;   The second argument is a REAL, not a RATIONAL.

;     (STRING< (CAR V1) (CAR V2))
; ==>
;   (SB-KERNEL:STRING<* SB-C::STRING1 SB-C::STRING2 SB-C::START1 SB-C::END1
;                       SB-C::START2 SB-C::END2)
; 
; note: unable to
;   optimize
; due to type uncertainty:
;   The first argument is a (OR (VECTOR CHARACTER) (VECTOR NIL) BASE-STRING
;                               SYMBOL CHARACTER), not a SIMPLE-BASE-STRING.
;   The second argument is a (OR (VECTOR CHARACTER) (VECTOR NIL) BASE-STRING
;                                SYMBOL CHARACTER), not a SIMPLE-BASE-STRING.

;     (SORT SORTED-FREQUENCIES
;         #'(LAMBDA (V1 V2) (COND ((> # #) T) ((< # #) NIL) (T (STRING< # #)))))
; --> BLOCK LET TYPECASE LET COND IF COND IF PROGN LET 
; --> SB-KERNEL:WITH-ARRAY-DATA LET LET LET MULTIPLE-VALUE-BIND 
; --> MULTIPLE-VALUE-CALL IF 
; ==>
;   (SB-KERNEL:%WITH-ARRAY-DATA #:ONCE-ONLY-180 #:ONCE-ONLY-181 #:ONCE-ONLY-182)
; 
; note: unable to
;   inline non-SIMPLE-vector-handling logic
; because:
;   upgraded array element type not known at compile time

;     (/ (CDR ENTRY) (FLOAT SUM))
; 
; note: unable to
;   optimize
; due to type uncertainty:
;   The first argument is a NUMBER, not a RATIONAL.
; 
; note: unable to
;   optimize
; due to type uncertainty:
;   The first argument is a NUMBER, not a SINGLE-FLOAT.
;   The second argument is a FLOAT, not a DOUBLE-FLOAT.
; 
; note: unable to
;   optimize
; due to type uncertainty:
;   The first argument is a NUMBER, not a DOUBLE-FLOAT.
;   The second argument is a FLOAT, not a SINGLE-FLOAT.
; 
; note: unable to
;   optimize
; due to type uncertainty:
;   The first argument is a NUMBER, not a (COMPLEX SINGLE-FLOAT).
; 
; note: unable to
;   optimize
; due to type uncertainty:
;   The first argument is a NUMBER, not a (COMPLEX DOUBLE-FLOAT).

;     (* (/ (CDR ENTRY) (FLOAT SUM)) 100.0)
; 
; note: unable to
;   optimize
; due to type uncertainty:
;   The first argument is a NUMBER, not a RATIONAL.
; 
; note: unable to
;   optimize
; due to type uncertainty:
;   The first argument is a NUMBER, not a DOUBLE-FLOAT.
; 
; note: unable to
;   optimize
; due to type uncertainty:
;   The first argument is a NUMBER, not a (COMPLEX SINGLE-FLOAT).
; 
; note: unable to
;   optimize
; due to type uncertainty:
;   The first argument is a NUMBER, not a (COMPLEX DOUBLE-FLOAT).

;     (INCF SUM V)
; --> LET* 
; ==>
;   (+ SUM #:G172)
; 
; note: unable to
;   optimize
; due to type uncertainty:
;   The first argument is a NUMBER, not a RATIONAL.
;   The second argument is a NUMBER, not a FLOAT.
; 
; note: unable to
;   optimize
; due to type uncertainty:
;   The first argument is a NUMBER, not a FLOAT.
;   The second argument is a NUMBER, not a RATIONAL.
; 
; note: unable to
;   optimize
; due to type uncertainty:
;   The first argument is a NUMBER, not a SINGLE-FLOAT.
;   The second argument is a NUMBER, not a DOUBLE-FLOAT.
; 
; note: unable to
;   optimize
; due to type uncertainty:
;   The first argument is a NUMBER, not a DOUBLE-FLOAT.
;   The second argument is a NUMBER, not a SINGLE-FLOAT.
; 
; note: unable to
;   optimize
; due to type uncertainty:
;   The first argument is a NUMBER, not a (COMPLEX SINGLE-FLOAT).
;   The second argument is a NUMBER, not a (COMPLEX SINGLE-FLOAT).
; 
; note: unable to
;   optimize
; due to type uncertainty:
;   The first argument is a NUMBER, not a (COMPLEX SINGLE-FLOAT).
;   The second argument is a NUMBER, not a REAL.
; 
; note: unable to
;   optimize
; due to type uncertainty:
;   The first argument is a NUMBER, not a REAL.
;   The second argument is a NUMBER, not a (COMPLEX SINGLE-FLOAT).
; 
; note: unable to
;   optimize
; due to type uncertainty:
;   The first argument is a NUMBER, not a (COMPLEX DOUBLE-FLOAT).
;   The second argument is a NUMBER, not a (COMPLEX DOUBLE-FLOAT).
; 
; note: unable to
;   optimize
; due to type uncertainty:
;   The first argument is a NUMBER, not a (COMPLEX DOUBLE-FLOAT).
;   The second argument is a NUMBER, not a REAL.
; 
; note: unable to
;   optimize
; due to type uncertainty:
;   The first argument is a NUMBER, not a REAL.
;   The second argument is a NUMBER, not a (COMPLEX DOUBLE-FLOAT).
; 
; note: forced to do GENERIC-+ (cost 10)
;       unable to do inline float arithmetic (cost 2) because:
;       The first argument is a NUMBER, not a DOUBLE-FLOAT.
;       The second argument is a T, not a DOUBLE-FLOAT.
;       The result is a (VALUES NUMBER &OPTIONAL), not a (VALUES DOUBLE-FLOAT
;                                                                &REST T).
;       unable to do inline float arithmetic (cost 2) because:
;       The first argument is a NUMBER, not a SINGLE-FLOAT.
;       The second argument is a T, not a SINGLE-FLOAT.
;       The result is a (VALUES NUMBER &OPTIONAL), not a (VALUES SINGLE-FLOAT
;                                                                &REST T).
;       etc.

;     (FLOAT SUM)
; --> IF 
; ==>
;   (SB-KERNEL:%SINGLE-FLOAT SB-C::N)
; 
; note: forced to do full call
;       unable to do inline float coercion (cost 5) because:
;       The first argument is a RATIONAL, not a (SIGNED-BYTE 32).
;       unable to do inline float coercion (cost 6) because:
;       The first argument is a RATIONAL, not a (UNSIGNED-BYTE 32).

;     (/ (CDR ENTRY) (FLOAT SUM))
; 
; note: forced to do static-fun Two-arg-/ (cost 53)
;       unable to do inline float arithmetic (cost 12) because:
;       The first argument is a T, not a DOUBLE-FLOAT.
;       The second argument is a FLOAT, not a DOUBLE-FLOAT.
;       The result is a (VALUES NUMBER &OPTIONAL), not a (VALUES DOUBLE-FLOAT
;                                                                &REST T).
;       unable to do inline float arithmetic (cost 12) because:
;       The first argument is a T, not a SINGLE-FLOAT.
;       The second argument is a FLOAT, not a SINGLE-FLOAT.
;       The result is a (VALUES NUMBER &OPTIONAL), not a (VALUES SINGLE-FLOAT
;                                                                &REST T).

;     (* (/ (CDR ENTRY) (FLOAT SUM)) 100.0)
; 
; note: forced to do GENERIC-* (cost 30)
;       unable to do inline float arithmetic (cost 3) because:
;       The first argument is a NUMBER, not a SINGLE-FLOAT.
;       The result is a (VALUES NUMBER &OPTIONAL), not a (VALUES SINGLE-FLOAT
;                                                                &REST T).

;     (> (CDR V1) (CDR V2))
; 
; note: forced to do GENERIC-> (cost 10)
;       unable to do inline float comparison (cost 3) because:
;       The first argument is a REAL, not a DOUBLE-FLOAT.
;       The second argument is a REAL, not a DOUBLE-FLOAT.
;       unable to do inline float comparison (cost 3) because:
;       The first argument is a REAL, not a SINGLE-FLOAT.
;       The second argument is a REAL, not a SINGLE-FLOAT.
;       etc.

;     (< (CDR V1) (CDR V2))
; 
; note: forced to do GENERIC-< (cost 10)
;       unable to do inline float comparison (cost 3) because:
;       The first argument is a REAL, not a DOUBLE-FLOAT.
;       The second argument is a REAL, not a DOUBLE-FLOAT.
;       unable to do inline float comparison (cost 3) because:
;       The first argument is a REAL, not a SINGLE-FLOAT.
;       The second argument is a REAL, not a SINGLE-FLOAT.
;       etc.

;     (MAPHASH #'(LAMBDA (K V) (INCF SUM V) (PUSH (CONS K V) SORTED-FREQUENCIES))
;            FREQ)
; --> BLOCK LET DO BLOCK LET TAGBODY TAGBODY LET* 
; ==>
;   (AREF SB-IMPL::KV-VECTOR (* 2 SB-IMPL::I))
; 
; note: doing signed word to integer coercion (cost 20), for:
;       the first argument of CHECK-FIXNUM

; ==>
;   (AREF SB-IMPL::KV-VECTOR (1+ (* 2 SB-IMPL::I)))
; 
; note: doing signed word to integer coercion (cost 20), for:
;       the first argument of CHECK-FIXNUM

; compiling (DEFMACRO PRINT-OCCURENCE ...); in: LAMBDA NIL
;     (LENGTH GENE)
; 
; note: unable to
;   optimize
; due to type uncertainty:
;   The first argument is a SEQUENCE, not a (SIMPLE-ARRAY * (*)).
; 
; note: unable to
;   optimize
; due to type uncertainty:
;   The first argument is a SEQUENCE, not a VECTOR.

; file: /home/dunham/gp4/shootout/bench/knucleotide/tmp/knucleotide.sbcl-3.sbcl
; in: DEFMACRO PRINT-OCCURENCE
;     (LENGTH GENE)
; 
; note: unable to
;   optimize
; due to type uncertainty:
;   The first argument is a SEQUENCE, not a (SIMPLE-ARRAY * (*)).
; 
; note: unable to
;   optimize
; due to type uncertainty:
;   The first argument is a SEQUENCE, not a VECTOR.

; compiling (DEFMACRO PRINT-OCCURENCES ...)
; compiling (DEFUN MAIN ...)
; compiling (DEFUN TEST ...); 
; compilation unit finished
;   printed 57 notes


; /home/dunham/gp4/shootout/bench/knucleotide/tmp/knucleotide.sbcl-3.fasl written
; compilation finished in 0:00:02
STYLE-WARNING: redefining SLICE-NAME in DEFUN
STYLE-WARNING: redefining FREQ-NAME in DEFUN
STYLE-WARNING: redefining I-NAME in DEFUN
STYLE-WARNING: redefining %SINGLE-SLICER in DEFUN
STYLE-WARNING: redefining %SLICER in DEFUN
[doing purification: roots handlers stack bindings static cleanup done]
[undoing binding stack and other enclosing state... done]
[saving current Lisp image into /home/dunham/gp4/shootout/bench/knucleotide/tmp/sbcl.core:
writing 18829496 bytes from the read-only space at 0x01000000
writing 3799408 bytes from the static space at 0x05000000
writing 8192 bytes from the dynamic space at 0x09000000
done]
### START knucleotide.sbcl-3.sbcl_run
(proclaim '(optimize (speed 3) (safety 0) (debug 0) (compilation-speed 0) (space 0)))
(main) (quit)
### END knucleotide.sbcl-3.sbcl_run


=================================================================
COMMAND LINE (%A is single numeric argument):

 /usr/bin/sbcl --noinform --core sbcl.core --userinit /dev/null --sysinit /dev/null --load knucleotide.sbcl-3.sbcl_run %A


PROGRAM OUTPUT
==============
A 30.298
T 30.157
C 19.793
G 19.752

AA 9.177
TA 9.137
AT 9.136
TT 9.094
AC 6.000
CA 5.999
GA 5.986
AG 5.985
TC 5.970
CT 5.970
GT 5.957
TG 5.956
CC 3.915
CG 3.910
GC 3.908
GG 3.902

14717	GGT
4463	GGTA
472	GGTATT
9	GGTATTTTAATT
9	GGTATTTTAATTTATAGT
