BUILD COMMANDS FOR: knucleotide.chicken

Thu Jan 31 10:18:43 PST 2008

cp /home/dunham/gp4/shootout/bench/knucleotide/knucleotide.chicken knucleotide.chicken
rm -f knucleotide.chicken_run
/opt/chicken-3.0.0/csc knucleotide.chicken -O2 -d0 -no-trace -no-lambda-info -optimize-level 3 -disable-interrupts -block -lambda-lift  -C "-O3 -fomit-frame-pointer -march=pentium4  -fno-strict-aliasing" -o knucleotide.chicken_run
rm knucleotide.chicken

=================================================================
COMMAND LINE (%A is single numeric argument):

knucleotide.chicken_run %A


PROGRAM OUTPUT
==============
A 30.296
T 30.155
C 19.796
G 19.752

AA 9.177
TA 9.134
AT 9.133
TT 9.094
CA 6.001
AC 6.000
AG 5.986
GA 5.984
TC 5.971
CT 5.970
GT 5.957
TG 5.956
CC 3.916
GC 3.909
CG 3.908
GG 3.902

58888	GGT
17865	GGTA
1893	GGTATT
36	GGTATTTTAATT
36	GGTATTTTAATTTATAGT
