BUILD COMMANDS FOR: knucleotide.oz-2.oz

Mon Dec 18 06:35:09 PST 2006

cp /home/dunham/gp4/shootout/bench/knucleotide/knucleotide.oz-2.oz knucleotide.oz-2.oz
/opt/mozart/bin/ozc  -x knucleotide.oz-2.oz
mv knucleotide.oz-2 knucleotide.oz-2.oz_run
rm knucleotide.oz-2.oz

=================================================================
COMMAND LINE (%A is single numeric argument):

knucleotide.oz-2.oz_run %A


PROGRAM OUTPUT
==============
A 30.298
T 30.157
C 19.793
G 19.752

AA 9.177
TA 9.137
AT 9.136
TT 9.094
AC 6.000
CA 5.999
GA 5.986
AG 5.985
TC 5.970
CT 5.970
GT 5.957
TG 5.956
CC 3.915
CG 3.910
GC 3.908
GG 3.902

14717	GGT
4463	GGTA
472	GGTATT
9	GGTATTTTAATT
9	GGTATTTTAATTTATAGT
