BUILD COMMANDS FOR: knucleotide.hipe-2.hipe

Wed Apr  2 11:26:23 PDT 2008

cp /home/dunham/gp4/shootout/bench/knucleotide/knucleotide.hipe-2.hipe knucleotide.erl
/opt/otp_src_R12B-1/bin/erlc +native +"{hipe, [o3]}" knucleotide.erl

=================================================================
COMMAND LINE (%A is single numeric argument):

 /opt/otp_src_R12B-1/bin/erl -noshell -run knucleotide main %A


PROGRAM OUTPUT
==============
A 30.296
T 30.155
C 19.796
G 19.752

AA 9.177
TA 9.134
AT 9.133
TT 9.094
CA 6.001
AC 6.000
AG 5.986
GA 5.984
TC 5.971
CT 5.970
GT 5.957
TG 5.956
CC 3.916
GC 3.909
CG 3.908
GG 3.902

58888	GGT
17865	GGTA
1893	GGTATT
36	GGTATTTTAATT
36	GGTATTTTAATTTATAGT
