BUILD COMMANDS FOR: knucleotide.python

Mon Jul 31 12:39:59 PDT 2006

rm -f knucleotide.pyo knucleotide.pyc
cp /home/dunham/gp4/shootout/bench/knucleotide/knucleotide.python knucleotide.py
/usr/bin/python -OO -c "from py_compile import compile; compile('/home/dunham/gp4/shootout/bench/knucleotide/tmp/knucleotide.py')"
touch knucleotide.python_run

=================================================================
COMMAND LINE (%A is single numeric argument):

 /usr/bin/python knucleotide.pyo %A


PROGRAM OUTPUT
==============
A 30.298
T 30.157
C 19.793
G 19.752

AA 9.177
TA 9.137
AT 9.136
TT 9.094
AC 6.000
CA 5.999
GA 5.986
AG 5.985
TC 5.970
CT 5.970
GT 5.957
TG 5.956
CC 3.915
CG 3.910
GC 3.908
GG 3.902

14717	GGT
4463	GGTA
472	GGTATT
9	GGTATTTTAATT
9	GGTATTTTAATTTATAGT
