BUILD COMMANDS FOR: knucleotide.scala-3.scala

Fri Mar 30 04:51:31 PDT 2007

( if [ ! -d knucleotide.scala-3.scala_run ] ; then mkdir knucleotide.scala-3.scala_run ; fi)
cp /home/dunham/gp4/shootout/bench/knucleotide/knucleotide.scala-3.scala knucleotide.scala-3.scala_run/knucleotide.scala
( cd knucleotide.scala-3.scala_run ; /opt/scala-2.4.0/bin/scalac knucleotide.scala )
touch knucleotide.scala-3.scala_run

=================================================================
COMMAND LINE (%A is single numeric argument):

 JAVACMD="/opt/sun-jdk-1.6.0/bin/java $JDKFLAGS -server" /opt/scala-2.4.0/bin/scala -classpath knucleotide.scala-3.scala_run knucleotide %A


PROGRAM OUTPUT
==============
A 30.296
T 30.155
C 19.796
G 19.752

AA 9.177
TA 9.134
AT 9.133
TT 9.094
CA 6.001
AC 6.000
AG 5.986
GA 5.984
TC 5.971
CT 5.970
GT 5.957
TG 5.956
CC 3.916
GC 3.909
CG 3.908
GG 3.902

58888	GGT
17865	GGTA
1893	GGTATT
36	GGTATTTTAATT
36	GGTATTTTAATTTATAGT
