RUNNING SCRIPT: knucleotide.ruby

Wed Dec 21 20:13:12 PST 2005


=================================================================
COMMAND LINE (%A is single numeric argument):

 /usr/bin/ruby ../knucleotide.ruby %A
************************************************************
*   TEST (knucleotide.ruby) FAILED - ERROR:  knucleotide.ruby_out differs from Output.2500
************************************************************
-rw-r--r--  1 dunham users 243 Dec  1 22:25 Output.2500
-rw-r--r--  1 dunham users 309 Dec 21 20:13 knucleotide.ruby_out


PROGRAM OUTPUT
==============
 T: 30.128
 A: 30.000
 G: 20.624
 C: 19.248

AA: 9.081
AT: 9.009
TA: 8.985
TT: 8.945
TG: 6.321
GA: 6.216
GT: 6.152
AG: 6.120
CT: 6.024
TC: 5.880
AC: 5.792
CA: 5.720
GG: 4.352
GC: 3.904
CG: 3.824
CC: 3.672

176        GGT
59         GGTA
2          GGTATT
0          GGTATTTTAATT
0          GGTATTTTAATTTATAGT
