BUILD COMMANDS FOR: knucleotide.icpp-3.icpp

Tue Apr 29 16:28:10 PDT 2008

/opt/intel/cc/10.1.012/bin/icpc -c -O3 -ipo -static knucleotide.icpp-3.c++ -o knucleotide.icpp-3.c++.o &&  \
        /opt/intel/cc/10.1.012/bin/icpc knucleotide.icpp-3.c++.o -o knucleotide.icpp-3.icpp_run -O3 -ipo -static 
ipo: remark #11001: performing single-file optimizations
ipo: remark #11005: generating object file /tmp/ipo_icpcKw7WZu.o

=================================================================
COMMAND LINE (%A is single numeric argument):

knucleotide.icpp-3.icpp_run %A


PROGRAM OUTPUT
==============
A 30.296
T 30.155
C 19.796
G 19.752

AA 9.177
TA 9.134
AT 9.133
TT 9.094
CA 6.001
AC 6.000
AG 5.986
GA 5.984
TC 5.971
CT 5.970
GT 5.957
TG 5.956
CC 3.916
GC 3.909
CG 3.908
GG 3.902

58888	GGT
17865	GGTA
1893	GGTATT
36	GGTATTTTAATT
36	GGTATTTTAATTTATAGT
