RUNNING SCRIPT: knucleotide.gst

Tue Jan 31 14:18:48 PST 2006


=================================================================
COMMAND LINE (%A is single numeric argument):

 /usr/local/bin/gst -QI /usr/local/share/smalltalk/gst.im ../knucleotide.gst -a %A
************************************************************
*   FILE COMPARISON ERROR
************************************************************
L1: T 30.130

L2: T 30.128

************************************************************
*   TEST (knucleotide.gst) FAILED - ERROR:  knucleotide.gst_out differs from Output.2500
************************************************************
-rw-r--r--  1 dunham users 243 Dec  1 22:25 Output.2500
-rw-r--r--  1 dunham users 243 Jan 31 14:18 knucleotide.gst_out


PROGRAM OUTPUT
==============
T 30.130
A 30.002
G 20.626
C 19.242

AA 9.081
AT 9.009
TA 8.985
TT 8.945
TG 6.321
GA 6.217
GT 6.153
AG 6.121
CT 6.025
TC 5.881
AC 5.785
CA 5.721
GG 4.353
GC 3.905
CG 3.825
CC 3.673

176	GGT
59	GGTA
2	GGTATT
0	GGTATTTTAATT
0	GGTATTTTAATTTATAGT
