BUILD COMMANDS FOR: knucleotide.sbcl-2.sbcl

Fri Nov 10 09:37:03 PST 2006

SBCL built with: /usr/bin/sbcl --userinit /dev/null --sysinit /dev/null -batch -eval '(load "knucleotide.sbcl-2.sbcl_compile")'
### START knucleotide.sbcl-2.sbcl_compile
(proclaim '(optimize (speed 3) (safety 0) (debug 0) (compilation-speed 0) (space 0)))
(handler-bind ((sb-ext:defconstant-uneql      (lambda (c) (abort c))))      (load (compile-file "knucleotide.sbcl-2.sbcl" ))) (save-lisp-and-die "sbcl.core" :purify t)
### END knucleotide.sbcl-2.sbcl_compile

; compiling file "/home/dunham/gp4/shootout/bench/knucleotide/tmp/knucleotide.sbcl-2.sbcl" (written 10 NOV 2006 09:37:03 AM):
; compiling (DEFUN READ-DATA ...)
; compiling (DEFUN MAKE-FRAGMENT-HASH-TABLE ...)
; compiling (DEFUN CALCULATE-FREQUENCIES ...)
; compiling (DEFUN WRITE-FREQUENCIES ...)
; file: /home/dunham/gp4/shootout/bench/knucleotide/tmp/knucleotide.sbcl-2.sbcl
; in: DEFUN WRITE-FREQUENCIES
;     (SUBSEQ SEQUENCE FRAGMENT (+ FRAGMENT LENGTH))
; --> LET* IF 
; ==>
;   LENGTH
; 
; note: deleting unreachable code

;     (SUBSEQ SEQUENCE FRAGMENT2 (+ FRAGMENT2 LENGTH))
; --> LET* IF 
; ==>
;   LENGTH
; 
; note: deleting unreachable code

;     (SUBSEQ SEQUENCE FRAGMENT1 (+ FRAGMENT1 LENGTH))
; --> LET* IF 
; ==>
;   LENGTH
; 
; note: deleting unreachable code

;     (> COUNT1 COUNT2)
; 
; note: unable to
;   optimize
; due to type uncertainty:
;   The first argument is a REAL, not a SINGLE-FLOAT.
;   The second argument is a REAL, not a DOUBLE-FLOAT.
; 
; note: unable to
;   optimize
; due to type uncertainty:
;   The first argument is a REAL, not a DOUBLE-FLOAT.
;   The second argument is a REAL, not a SINGLE-FLOAT.
; 
; note: unable to
;   open-code FLOAT to RATIONAL comparison
; due to type uncertainty:
;   The first argument is a REAL, not a FLOAT.
;   The second argument is a REAL, not a RATIONAL.

;     (< COUNT1 COUNT2)
; 
; note: unable to
;   optimize
; due to type uncertainty:
;   The first argument is a REAL, not a SINGLE-FLOAT.
;   The second argument is a REAL, not a DOUBLE-FLOAT.
; 
; note: unable to
;   optimize
; due to type uncertainty:
;   The first argument is a REAL, not a DOUBLE-FLOAT.
;   The second argument is a REAL, not a SINGLE-FLOAT.
; 
; note: unable to
;   open-code FLOAT to RATIONAL comparison
; due to type uncertainty:
;   The first argument is a REAL, not a FLOAT.
;   The second argument is a REAL, not a RATIONAL.

;     (SORT FRAGMENT-COUNTS #'COMPARE-FRAGMENT-COUNTS)
; --> BLOCK LET TYPECASE LET COND IF COND IF PROGN LET 
; --> SB-KERNEL:WITH-ARRAY-DATA LET LET LET MULTIPLE-VALUE-BIND 
; --> MULTIPLE-VALUE-CALL IF 
; ==>
;   (SB-KERNEL:%WITH-ARRAY-DATA #:ONCE-ONLY-101 #:ONCE-ONLY-102 #:ONCE-ONLY-103)
; 
; note: unable to
;   inline non-SIMPLE-vector-handling logic
; because:
;   upgraded array element type not known at compile time

;     (+ FRAGMENT LENGTH)
; 
; note: unable to
;   optimize
; due to type uncertainty:
;   The first argument is a NUMBER, not a FLOAT.
; 
; note: unable to
;   optimize
; due to type uncertainty:
;   The first argument is a NUMBER, not a (COMPLEX SINGLE-FLOAT).
; 
; note: unable to
;   optimize
; due to type uncertainty:
;   The first argument is a NUMBER, not a (COMPLEX DOUBLE-FLOAT).

;     (/ COUNT SUM)
; 
; note: unable to
;   optimize
; due to type uncertainty:
;   The first argument is a NUMBER, not a RATIONAL.
;   The second argument is a NUMBER, not a FLOAT.
; 
; note: unable to
;   optimize
; due to type uncertainty:
;   The first argument is a NUMBER, not a FLOAT.
;   The second argument is a NUMBER, not a RATIONAL.
; 
; note: unable to
;   optimize
; due to type uncertainty:
;   The first argument is a NUMBER, not a SINGLE-FLOAT.
;   The second argument is a NUMBER, not a DOUBLE-FLOAT.
; 
; note: unable to
;   optimize
; due to type uncertainty:
;   The first argument is a NUMBER, not a DOUBLE-FLOAT.
;   The second argument is a NUMBER, not a SINGLE-FLOAT.
; 
; note: unable to
;   optimize
; due to type uncertainty:
;   The first argument is a NUMBER, not a (COMPLEX SINGLE-FLOAT).
;   The second argument is a NUMBER, not a (COMPLEX SINGLE-FLOAT).
; 
; note: unable to
;   optimize
; due to type uncertainty:
;   The first argument is a NUMBER, not a (COMPLEX SINGLE-FLOAT).
;   The second argument is a NUMBER, not a REAL.
; 
; note: unable to
;   optimize
; due to type uncertainty:
;   The first argument is a NUMBER, not a (COMPLEX DOUBLE-FLOAT).
;   The second argument is a NUMBER, not a (COMPLEX DOUBLE-FLOAT).
; 
; note: unable to
;   optimize
; due to type uncertainty:
;   The first argument is a NUMBER, not a (COMPLEX DOUBLE-FLOAT).
;   The second argument is a NUMBER, not a REAL.
; 
; note: unable to
;   convert x/2^k to shift
; due to type uncertainty:
;   The first argument is a NUMBER, not a INTEGER.
;   The second argument is a NUMBER, not a INTEGER.

;     (* (/ COUNT SUM) 100.0)
; 
; note: unable to
;   optimize
; due to type uncertainty:
;   The first argument is a NUMBER, not a RATIONAL.
; 
; note: unable to
;   optimize
; due to type uncertainty:
;   The first argument is a NUMBER, not a DOUBLE-FLOAT.
; 
; note: unable to
;   optimize
; due to type uncertainty:
;   The first argument is a NUMBER, not a (COMPLEX SINGLE-FLOAT).
; 
; note: unable to
;   optimize
; due to type uncertainty:
;   The first argument is a NUMBER, not a (COMPLEX DOUBLE-FLOAT).

;     (LOOP FOR FRAGMENT BEING THE HASH-KEY OF FREQUENCIES USING (HASH-VALUE COUNT)
;         SUM COUNT ...)
; --> BLOCK LET WITH-HASH-TABLE-ITERATOR LET MACROLET LET 
; --> SB-LOOP::WITH-LOOP-LIST-COLLECTION-HEAD LET* SB-LOOP::LOOP-BODY TAGBODY 
; --> SETQ THE 
; ==>
;   (+ TOTAL-COUNT COUNT)
; 
; note: unable to
;   optimize
; due to type uncertainty:
;   The first argument is a NUMBER, not a RATIONAL.
;   The second argument is a NUMBER, not a FLOAT.
; 
; note: unable to
;   optimize
; due to type uncertainty:
;   The first argument is a NUMBER, not a FLOAT.
;   The second argument is a NUMBER, not a RATIONAL.
; 
; note: unable to
;   optimize
; due to type uncertainty:
;   The first argument is a NUMBER, not a SINGLE-FLOAT.
;   The second argument is a NUMBER, not a DOUBLE-FLOAT.
; 
; note: unable to
;   optimize
; due to type uncertainty:
;   The first argument is a NUMBER, not a DOUBLE-FLOAT.
;   The second argument is a NUMBER, not a SINGLE-FLOAT.
; 
; note: unable to
;   optimize
; due to type uncertainty:
;   The first argument is a NUMBER, not a (COMPLEX SINGLE-FLOAT).
;   The second argument is a NUMBER, not a (COMPLEX SINGLE-FLOAT).
; 
; note: unable to
;   optimize
; due to type uncertainty:
;   The first argument is a NUMBER, not a (COMPLEX SINGLE-FLOAT).
;   The second argument is a NUMBER, not a REAL.
; 
; note: unable to
;   optimize
; due to type uncertainty:
;   The first argument is a NUMBER, not a REAL.
;   The second argument is a NUMBER, not a (COMPLEX SINGLE-FLOAT).
; 
; note: unable to
;   optimize
; due to type uncertainty:
;   The first argument is a NUMBER, not a (COMPLEX DOUBLE-FLOAT).
;   The second argument is a NUMBER, not a (COMPLEX DOUBLE-FLOAT).
; 
; note: unable to
;   optimize
; due to type uncertainty:
;   The first argument is a NUMBER, not a (COMPLEX DOUBLE-FLOAT).
;   The second argument is a NUMBER, not a REAL.
; 
; note: unable to
;   optimize
; due to type uncertainty:
;   The first argument is a NUMBER, not a REAL.
;   The second argument is a NUMBER, not a (COMPLEX DOUBLE-FLOAT).

;     (+ FRAGMENT1 LENGTH)
; 
; note: unable to
;   optimize
; due to type uncertainty:
;   The first argument is a NUMBER, not a RATIONAL.
;   The second argument is a NUMBER, not a FLOAT.
; 
; note: unable to
;   optimize
; due to type uncertainty:
;   The first argument is a NUMBER, not a FLOAT.
;   The second argument is a NUMBER, not a RATIONAL.
; 
; note: unable to
;   optimize
; due to type uncertainty:
;   The first argument is a NUMBER, not a SINGLE-FLOAT.
;   The second argument is a NUMBER, not a DOUBLE-FLOAT.
; 
; note: unable to
;   optimize
; due to type uncertainty:
;   The first argument is a NUMBER, not a DOUBLE-FLOAT.
;   The second argument is a NUMBER, not a SINGLE-FLOAT.
; 
; note: unable to
;   optimize
; due to type uncertainty:
;   The first argument is a NUMBER, not a (COMPLEX SINGLE-FLOAT).
;   The second argument is a NUMBER, not a (COMPLEX SINGLE-FLOAT).
; 
; note: unable to
;   optimize
; due to type uncertainty:
;   The first argument is a NUMBER, not a (COMPLEX SINGLE-FLOAT).
;   The second argument is a NUMBER, not a REAL.
; 
; note: unable to
;   optimize
; due to type uncertainty:
;   The first argument is a NUMBER, not a REAL.
;   The second argument is a NUMBER, not a (COMPLEX SINGLE-FLOAT).
; 
; note: unable to
;   optimize
; due to type uncertainty:
;   The first argument is a NUMBER, not a (COMPLEX DOUBLE-FLOAT).
;   The second argument is a NUMBER, not a (COMPLEX DOUBLE-FLOAT).
; 
; note: unable to
;   optimize
; due to type uncertainty:
;   The first argument is a NUMBER, not a (COMPLEX DOUBLE-FLOAT).
;   The second argument is a NUMBER, not a REAL.
; 
; note: unable to
;   optimize
; due to type uncertainty:
;   The first argument is a NUMBER, not a REAL.
;   The second argument is a NUMBER, not a (COMPLEX DOUBLE-FLOAT).

;     (+ FRAGMENT2 LENGTH)
; 
; note: unable to
;   optimize
; due to type uncertainty:
;   The first argument is a NUMBER, not a RATIONAL.
;   The second argument is a NUMBER, not a FLOAT.
; 
; note: unable to
;   optimize
; due to type uncertainty:
;   The first argument is a NUMBER, not a FLOAT.
;   The second argument is a NUMBER, not a RATIONAL.
; 
; note: unable to
;   optimize
; due to type uncertainty:
;   The first argument is a NUMBER, not a SINGLE-FLOAT.
;   The second argument is a NUMBER, not a DOUBLE-FLOAT.
; 
; note: unable to
;   optimize
; due to type uncertainty:
;   The first argument is a NUMBER, not a DOUBLE-FLOAT.
;   The second argument is a NUMBER, not a SINGLE-FLOAT.
; 
; note: unable to
;   optimize
; due to type uncertainty:
;   The first argument is a NUMBER, not a (COMPLEX SINGLE-FLOAT).
;   The second argument is a NUMBER, not a (COMPLEX SINGLE-FLOAT).
; 
; note: unable to
;   optimize
; due to type uncertainty:
;   The first argument is a NUMBER, not a (COMPLEX SINGLE-FLOAT).
;   The second argument is a NUMBER, not a REAL.
; 
; note: unable to
;   optimize
; due to type uncertainty:
;   The first argument is a NUMBER, not a REAL.
;   The second argument is a NUMBER, not a (COMPLEX SINGLE-FLOAT).
; 
; note: unable to
;   optimize
; due to type uncertainty:
;   The first argument is a NUMBER, not a (COMPLEX DOUBLE-FLOAT).
;   The second argument is a NUMBER, not a (COMPLEX DOUBLE-FLOAT).
; 
; note: unable to
;   optimize
; due to type uncertainty:
;   The first argument is a NUMBER, not a (COMPLEX DOUBLE-FLOAT).
;   The second argument is a NUMBER, not a REAL.
; 
; note: unable to
;   optimize
; due to type uncertainty:
;   The first argument is a NUMBER, not a REAL.
;   The second argument is a NUMBER, not a (COMPLEX DOUBLE-FLOAT).

;     (+ FRAGMENT LENGTH)
; 
; note: forced to do GENERIC-+ (cost 10)
;       unable to do inline fixnum arithmetic (cost 2) because:
;       The first argument is a NUMBER, not a FIXNUM.
;       The result is a (VALUES NUMBER &OPTIONAL), not a (VALUES FIXNUM &REST T).
;       unable to do inline (signed-byte 32) arithmetic (cost 5) because:
;       The first argument is a NUMBER, not a (SIGNED-BYTE 32).
;       The result is a (VALUES NUMBER &OPTIONAL), not a (VALUES (SIGNED-BYTE 32)
;                                                                &REST T).
;       etc.

;     (/ COUNT SUM)
; 
; note: forced to do static-fun Two-arg-/ (cost 53)
;       unable to do inline float arithmetic (cost 12) because:
;       The first argument is a NUMBER, not a DOUBLE-FLOAT.
;       The second argument is a NUMBER, not a DOUBLE-FLOAT.
;       The result is a (VALUES NUMBER &OPTIONAL), not a (VALUES DOUBLE-FLOAT
;                                                                &REST T).
;       unable to do inline float arithmetic (cost 12) because:
;       The first argument is a NUMBER, not a SINGLE-FLOAT.
;       The second argument is a NUMBER, not a SINGLE-FLOAT.
;       The result is a (VALUES NUMBER &OPTIONAL), not a (VALUES SINGLE-FLOAT
;                                                                &REST T).

;     (* (/ COUNT SUM) 100.0)
; 
; note: forced to do GENERIC-* (cost 30)
;       unable to do inline float arithmetic (cost 3) because:
;       The first argument is a NUMBER, not a SINGLE-FLOAT.
;       The result is a (VALUES NUMBER &OPTIONAL), not a (VALUES SINGLE-FLOAT
;                                                                &REST T).

;     (LOOP FOR FRAGMENT BEING THE HASH-KEY OF FREQUENCIES USING (HASH-VALUE COUNT)
;         SUM COUNT ...)
; --> BLOCK LET WITH-HASH-TABLE-ITERATOR LET MACROLET LET 
; --> SB-LOOP::WITH-LOOP-LIST-COLLECTION-HEAD LET* SB-LOOP::LOOP-BODY TAGBODY 
; --> SETQ THE 
; ==>
;   (+ TOTAL-COUNT COUNT)
; 
; note: forced to do GENERIC-+ (cost 10)
;       unable to do inline float arithmetic (cost 2) because:
;       The first argument is a NUMBER, not a DOUBLE-FLOAT.
;       The second argument is a NUMBER, not a DOUBLE-FLOAT.
;       The result is a (VALUES NUMBER &OPTIONAL), not a (VALUES DOUBLE-FLOAT
;                                                                &REST T).
;       unable to do inline float arithmetic (cost 2) because:
;       The first argument is a NUMBER, not a SINGLE-FLOAT.
;       The second argument is a NUMBER, not a SINGLE-FLOAT.
;       The result is a (VALUES NUMBER &OPTIONAL), not a (VALUES SINGLE-FLOAT
;                                                                &REST T).
;       etc.

;     (> COUNT1 COUNT2)
; 
; note: forced to do GENERIC-> (cost 10)
;       unable to do inline float comparison (cost 3) because:
;       The first argument is a REAL, not a DOUBLE-FLOAT.
;       The second argument is a REAL, not a DOUBLE-FLOAT.
;       unable to do inline float comparison (cost 3) because:
;       The first argument is a REAL, not a SINGLE-FLOAT.
;       The second argument is a REAL, not a SINGLE-FLOAT.
;       etc.

;     (< COUNT1 COUNT2)
; 
; note: forced to do GENERIC-< (cost 10)
;       unable to do inline float comparison (cost 3) because:
;       The first argument is a REAL, not a DOUBLE-FLOAT.
;       The second argument is a REAL, not a DOUBLE-FLOAT.
;       unable to do inline float comparison (cost 3) because:
;       The first argument is a REAL, not a SINGLE-FLOAT.
;       The second argument is a REAL, not a SINGLE-FLOAT.
;       etc.

;     (+ FRAGMENT1 LENGTH)
; 
; note: forced to do GENERIC-+ (cost 10)
;       unable to do inline float arithmetic (cost 2) because:
;       The first argument is a NUMBER, not a DOUBLE-FLOAT.
;       The second argument is a NUMBER, not a DOUBLE-FLOAT.
;       The result is a (VALUES NUMBER &OPTIONAL), not a (VALUES DOUBLE-FLOAT
;                                                                &REST T).
;       unable to do inline float arithmetic (cost 2) because:
;       The first argument is a NUMBER, not a SINGLE-FLOAT.
;       The second argument is a NUMBER, not a SINGLE-FLOAT.
;       The result is a (VALUES NUMBER &OPTIONAL), not a (VALUES SINGLE-FLOAT
;                                                                &REST T).
;       etc.

;     (+ FRAGMENT2 LENGTH)
; 
; note: forced to do GENERIC-+ (cost 10)
;       unable to do inline float arithmetic (cost 2) because:
;       The first argument is a NUMBER, not a DOUBLE-FLOAT.
;       The second argument is a NUMBER, not a DOUBLE-FLOAT.
;       The result is a (VALUES NUMBER &OPTIONAL), not a (VALUES DOUBLE-FLOAT
;                                                                &REST T).
;       unable to do inline float arithmetic (cost 2) because:
;       The first argument is a NUMBER, not a SINGLE-FLOAT.
;       The second argument is a NUMBER, not a SINGLE-FLOAT.
;       The result is a (VALUES NUMBER &OPTIONAL), not a (VALUES SINGLE-FLOAT
;                                                                &REST T).
;       etc.

; compiling (DEFUN WRITE-FREQUENCY ...)
; compiling (DEFUN MAIN ...); 
; compilation unit finished
;   printed 64 notes


; /home/dunham/gp4/shootout/bench/knucleotide/tmp/knucleotide.sbcl-2.fasl written
; compilation finished in 0:00:01
[doing purification: roots handlers stack bindings static cleanup done]
[undoing binding stack and other enclosing state... done]
[saving current Lisp image into /home/dunham/gp4/shootout/bench/knucleotide/tmp/sbcl.core:
writing 18789144 bytes from the read-only space at 0x01000000
writing 3882456 bytes from the static space at 0x05000000
writing 8192 bytes from the dynamic space at 0x09000000
done]
### START knucleotide.sbcl-2.sbcl_run
(proclaim '(optimize (speed 3) (safety 0) (debug 0) (compilation-speed 0) (space 0)))
(main) (quit)
### END knucleotide.sbcl-2.sbcl_run


=================================================================
COMMAND LINE (%A is single numeric argument):

 /usr/bin/sbcl --noinform --core sbcl.core --userinit /dev/null --sysinit /dev/null --load knucleotide.sbcl-2.sbcl_run %A
************************************************************
*   FILE COMPARISON ERROR
************************************************************
L1: T 30.130

L2: T 30.128

************************************************************
*   TEST (knucleotide.sbcl-2.sbcl_run) FAILED - ERROR:  knucleotide.sbcl-2.sbcl_out differs from Output.2500
************************************************************
-rw-r--r-- 1 dunham users 243 Dec  1  2005 Output.2500
-rw-r--r-- 1 dunham users 243 Nov 10 09:37 knucleotide.sbcl-2.sbcl_out


PROGRAM OUTPUT
==============
T 30.130
A 30.002
G 20.626
C 19.242

AA 9.081
AT 9.009
TA 8.985
TT 8.945
TG 6.321
GA 6.217
GT 6.153
AG 6.121
CT 6.025
TC 5.881
AC 5.785
CA 5.721
GG 4.353
GC 3.905
CG 3.825
CC 3.673

176	GGT
59	GGTA
2	GGTATT
0	GGTATTTTAATT
0	GGTATTTTAATTTATAGT
