BUILD COMMANDS FOR: knucleotide.ghc-2.ghc

Sat Jan 19 16:35:26 PST 2008

cp /home/dunham/gp4/shootout/bench/knucleotide/knucleotide.ghc-2.ghc knucleotide.ghc-2.hs
/usr/bin/ghc --make -O2 -fglasgow-exts  -optc-march=pentium4 knucleotide.ghc-2.hs -o knucleotide.ghc-2.ghc_run
[1 of 1] Compiling Main             ( knucleotide.ghc-2.hs, knucleotide.ghc-2.o )

knucleotide.ghc-2.hs:21:0:
    Warning: Deprecated use of `S.findSubstring'
             (imported from Data.ByteString.Char8, but defined in Data.ByteString):
             Do not use. The ByteString searching api is about to be replaced.
Linking knucleotide.ghc-2.ghc_run ...
rm knucleotide.ghc-2.hs

=================================================================
COMMAND LINE (%A is single numeric argument):

 knucleotide.ghc-2.ghc_run $MB_GHCRTS %A 
************************************************************
*   TEST (knucleotide.ghc-2.ghc_run) FAILED - ERROR:  knucleotide.ghc-2.ghc_out differs from Output.10000
************************************************************
-rw-r--r-- 1 dunham users 245 Dec 29  2006 Output.10000
-rw-r--r-- 1 dunham users 250 Jan 19 16:35 knucleotide.ghc-2.ghc_out


PROGRAM OUTPUT
==============
A 30.284
T 29.796
C 20.312
G 19.608

AA 9.212
AT 8.950
TT 8.948
TA 8.936
CA 6.166
CT 6.100
AC 6.086
TC 6.042
AG 6.036
GA 5.968
TG 5.868
GT 5.798
CC 4.140
GC 4.044
CG 3.906
GG 3.798

562	GGT
214	GCGG
227	GAGAGA
188	GGTACTATAGGA
186	GACCGGATCTTTGCGGAG
