BUILD COMMANDS FOR: knucleotide.ghc-6.ghc

Sun Jun  3 00:52:19 PDT 2007

cp /home/dunham/gp4/shootout/bench/knucleotide/knucleotide.ghc-6.ghc knucleotide.ghc-6.hs
/usr/local/bin/ghc -O -fglasgow-exts  -optc-march=pentium4 knucleotide.ghc-6.hs -o knucleotide.ghc-6.ghc_run
rm knucleotide.ghc-6.hs

=================================================================
COMMAND LINE (%A is single numeric argument):

 knucleotide.ghc-6.ghc_run $MB_GHCRTS %A 


PROGRAM OUTPUT
==============
A 30.296
T 30.155
C 19.796
G 19.752

AA 9.177
TA 9.134
AT 9.133
TT 9.094
CA 6.001
AC 6.000
AG 5.986
GA 5.984
TC 5.971
CT 5.970
GT 5.957
TG 5.956
CC 3.916
GC 3.909
CG 3.908
GG 3.902

58888	GGT
17865	GGTA
1893	GGTATT
36	GGTATTTTAATT
36	GGTATTTTAATTTATAGT
