BUILD COMMANDS FOR: knucleotide.nice

Sun Jun  3 02:07:33 PDT 2007

( if [ ! -d knucleotide.nice_run ] ; then mkdir knucleotide.nice_run ; mkdir knucleotide.nice_run/knucleotide ; fi)
cp /home/dunham/gp4/shootout/bench/knucleotide/knucleotide.nice knucleotide.nice_run/knucleotide/knucleotide.nice
( cd knucleotide.nice_run/knucleotide ; /opt/nice-0.9.12/bin/nicec -d . --sourcepath "..:../../../.." -a ../../knucleotide.jar knucleotide )
nice.lang: parsing
Include: parsing
knucleotide: parsing
Include: typechecking
Include: generating code
knucleotide: typechecking
knucleotide: generating code
knucleotide: linking
knucleotide: writing in archive
Include: writing in archive
nice.lang: writing in archive
touch knucleotide.nice_run

=================================================================
COMMAND LINE (%A is single numeric argument):

 /opt/sun-jdk-1.6.0/bin/java -server -Xbatch -jar knucleotide.jar %A


PROGRAM OUTPUT
==============
A 30.296
T 30.155
C 19.796
G 19.752

AA 9.177
TA 9.134
AT 9.133
TT 9.094
CA 6.001
AC 6.000
AG 5.986
GA 5.984
TC 5.971
CT 5.970
GT 5.957
TG 5.956
CC 3.916
GC 3.909
CG 3.908
GG 3.902

58888	GGT
17865	GGTA
1893	GGTATT
36	GGTATTTTAATT
36	GGTATTTTAATTTATAGT
