BUILD COMMANDS FOR: knucleotide.se

Thu Mar 13 14:44:29 PDT 2008

copying /home/dunham/gp4/shootout/bench/knucleotide/knucleotide.se to knucleotide.e
cp /home/dunham/gp4/shootout/bench/knucleotide/knucleotide.se knucleotide.e
../../../bin/split_file.bash /home/dunham/gp4/shootout/bench/knucleotide/knucleotide.se knucleotide.e
rm -f knucleotide.se_run
/opt/SmartEiffel/bin/se c -clean -boost -no_split -O3 -fomit-frame-pointer -march=pentium4   -o knucleotide.se_run knucleotide
rm knucleotide.e

=================================================================
COMMAND LINE (%A is single numeric argument):

knucleotide.se_run %A


PROGRAM OUTPUT
==============
A 30.296
T 30.155
C 19.796
G 19.752

AA 9.177
TA 9.134
AT 9.133
TT 9.094
CA 6.001
AC 6.000
AG 5.986
GA 5.984
TC 5.971
CT 5.970
GT 5.957
TG 5.956
CC 3.916
GC 3.909
CG 3.908
GG 3.902

58888	GGT
17865	GGTA
1893	GGTATT
36	GGTATTTTAATT
36	GGTATTTTAATTTATAGT
