BUILD COMMANDS FOR: knucleotide.dlang

Tue Jul  3 11:18:25 PDT 2007

cp /home/dunham/gp4/shootout/bench/knucleotide/knucleotide.dlang knucleotide.d
/opt/dmd/bin/dmd -O -inline -release ../../Include/dlang/hashtable.d -ofknucleotide.dlang_run knucleotide.d
knucleotide.d(37): Error: no property 'opCall' for type 'Pair'
knucleotide.d(37): Error: function expected before (), not 1 of type int
knucleotide.d(37): Error: cannot implicitly convert expression (1(k,v)) of type int to Pair
knucleotide.d(53): Error: undefined identifier readln
knucleotide.d(53): Error: function expected before (), not readln of type int
knucleotide.d(58): Error: undefined identifier readln
knucleotide.d(58): Error: function expected before (), not readln of type int
make[3]: [knucleotide.dlang_run] Error 1 (ignored)
rm knucleotide.d

=================================================================
COMMAND LINE (%A is single numeric argument):

knucleotide.dlang_run %A
Error, could not exec knucleotide.dlang_run 1 (No such file or directory)
PATH=/home/dunham/gp4/shootout/bench/knucleotide:/home/dunham/gp4/shootout/bench/knucleotide/tmp:/usr/local/bin:/usr/bin:/bin:/opt/bin:/usr/i686-pc-linux-gnu/gcc-bin/4.1.2:/opt/ghc/bin:/opt/sun-jdk-1.4.2.15/bin:/opt/sun-jdk-1.4.2.15/jre/bin:/opt/sun-jdk-1.4.2.15/jre/javaws:/usr/qt/3/bin:/usr/i686-pc-linux-gnu/gnat-gcc-bin/4.1:/usr/libexec/gnat-gcc/i686-pc-linux-gnu/4.1:/opt/cint-5.16.19:/opt/kroc-1.4.0/install/bin:/opt/dmd/bin:/opt/sun-jdk-1.6.0.01/bin:/opt/sun-jdk-1.4.2.14/bin:/opt/mozart/bin:/opt/groovy-1.0/bin:/opt/smlnj/bin:/usr/local/lib/squeak/3.9-8:/opt/stx:/opt/jruby-1.0/bin:/opt/Quark
TEST FAILED - Child processed exited with error code (1)


PROGRAM OUTPUT
==============
