BUILD COMMANDS FOR: knucleotide.gcc

Wed Dec 14 23:44:19 PST 2005

/usr/bin/gcc -pipe -Wall -O3 -fomit-frame-pointer -funroll-loops  knucleotide.c -o knucleotide.gcc_run

=================================================================
COMMAND LINE (%A is single numeric argument):

knucleotide.gcc_run %A
************************************************************
*   FILE COMPARISON ERROR
************************************************************
L1: T 30.130

L2: T 30.128

************************************************************
*   TEST (knucleotide.gcc_run) FAILED - ERROR:  knucleotide.gcc_out differs from Output.2500
************************************************************
-rw-r--r--  1 dunham users 243 Dec  1 22:25 Output.2500
-rw-r--r--  1 dunham users 243 Dec 14 23:44 knucleotide.gcc_out


PROGRAM OUTPUT
==============
T 30.130
A 30.002
G 20.626
C 19.242

AA 9.081
AT 9.009
TA 8.985
TT 8.945
TG 6.321
GA 6.217
GT 6.153
AG 6.121
CT 6.025
TC 5.881
AC 5.785
CA 5.721
GG 4.353
GC 3.905
CG 3.825
CC 3.673

176	GGT
59	GGTA
2	GGTATT
0	GGTATTTTAATT
0	GGTATTTTAATTTATAGT
