RUNNING SCRIPT: knucleotide.rebol

Tue Nov 15 11:13:41 UTC 2005


=================================================================
COMMAND LINE (%A is single numeric argument):

 /opt/rebol/rebol -q -w ../knucleotide.rebol %A
************************************************************
*   TEST (knucleotide.rebol) FAILED - ERROR:  knucleotide.rebol_out differs from Output.2500
************************************************************
-rw-r--r--  1 dunham users 243 Nov 13 03:16 Output.2500
-rw-r--r--  1 dunham users 253 Nov 15 11:13 knucleotide.rebol_out


PROGRAM OUTPUT
==============
t 30.128
a 30.000
g 20.624
c 19.248

aa 9.080
at 9.008
ta 8.984
tt 8.944
tg 6.320
ga 6.216
gt 6.152
ag 6.120
ct 6.024
tc 5.880
ac 5.792
ca 5.720
gg 4.352
gc 3.904
cg 3.824
cc 3.672

176 	 ggt
59 	 ggta
2 	 ggtatt
0 	 ggtattttaatt
0 	 ggtattttaatttatagt
