BUILD COMMANDS FOR: knucleotide.lisaac

Mon Feb 11 11:16:23 PST 2008

cp /home/dunham/gp4/shootout/bench/knucleotide/knucleotide.lisaac knucleotide.li
../../../bin/split_file.bash /home/dunham/gp4/shootout/bench/knucleotide/knucleotide.lisaac knucleotide.li
make[3]: [knucleotide.li] Error 1 (ignored)
rm -f knucleotide.lisaac_run
/usr/bin/lisaac knucleotide -O -i20 -o lisaac_run 
Depending pass: ......... (9)
Executing pass: *................. (18)
 => 1 second(s).
Run `gcc ./knucleotide.c -O3 -fomit-frame-pointer -lm -lX11 -o lisaac_run -L/usr/lib-march=pentium4' 	Ok
mv lisaac_run knucleotide.lisaac_run
rm knucleotide.li

=================================================================
COMMAND LINE (%A is single numeric argument):

knucleotide.lisaac_run %A


PROGRAM OUTPUT
==============
A 30.296
T 30.155
C 19.796
G 19.752

AA 9.177
TA 9.134
AT 9.133
TT 9.094
CA 6.001
AC 6.000
AG 5.986
GA 5.984
TC 5.971
CT 5.970
GT 5.957
TG 5.956
CC 3.916
GC 3.909
CG 3.908
GG 3.902

58888	GGT
17865	GGTA
1893	GGTATT
36	GGTATTTTAATT
36	GGTATTTTAATTTATAGT
