BUILD COMMANDS FOR: mandelbrot.gambit

Tue Jun  5 08:35:21 PDT 2007

cp /home/dunham/gp4/shootout/bench/mandelbrot/mandelbrot.gambit mandelbrot.gambit
rm -f mandelbrot.gambit_run
rm -f *.c
/usr/bin/gsc-gambit -link mandelbrot.gambit
/usr/bin/gcc -pipe -Wall -O3 -fomit-frame-pointer -march=pentium4  -D_ISOC9X_SOURCE -mfpmath=sse -msse2 -lm -D___SHARED_HOST mandelbrot*.c -lgambc -o mandelbrot.gambit_run
mandelbrot.c: In function '___H__20_mandelbrot':
mandelbrot.c:225: warning: label '___L__20_mandelbrot' defined but not used
mandelbrot.c:216: warning: unused variable '___u64_temp'
mandelbrot.c:216: warning: unused variable '___s64_temp'
mandelbrot.c:216: warning: unused variable '___u32_temp'
mandelbrot.c:216: warning: unused variable '___s32_temp'
mandelbrot.c:216: warning: unused variable '___temp'
mandelbrot.c: In function '___H_mandelbrot':
mandelbrot.c:285: warning: label '___L_mandelbrot' defined but not used
mandelbrot.c:244: warning: unused variable '___u64_temp'
mandelbrot.c:244: warning: unused variable '___s64_temp'
mandelbrot.c:244: warning: unused variable '___u32_temp'
mandelbrot.c:244: warning: unused variable '___s32_temp'
mandelbrot.c: In function '___H_main':
mandelbrot.c:1037: warning: label '___L_main' defined but not used
mandelbrot.c:993: warning: unused variable '___F64V4'
mandelbrot.c:993: warning: unused variable '___u64_temp'
mandelbrot.c:993: warning: unused variable '___s64_temp'
mandelbrot.c:993: warning: unused variable '___u32_temp'
mandelbrot.c:993: warning: unused variable '___s32_temp'
mandelbrot_.c:7846: warning: dereferencing type-punned pointer will break strict-aliasing rules
mandelbrot_.c:7850: warning: dereferencing type-punned pointer will break strict-aliasing rules
mandelbrot_.c:7854: warning: dereferencing type-punned pointer will break strict-aliasing rules
rm mandelbrot.gambit

=================================================================
COMMAND LINE (%A is single numeric argument):

mandelbrot.gambit_run %A
************************************************************
*   TEST (mandelbrot.gambit_run) FAILED - ERROR:  mandelbrot.gambit_out differs from Output.120
************************************************************
-rw-r--r-- 1 dunham users 1811 Jan  6  2006 Output.120
-rw-r--r-- 1 dunham users    0 Jun  5 08:35 mandelbrot.gambit_out


PROGRAM OUTPUT
==============
