BUILD COMMANDS FOR: message.pnet

Mon Apr 30 21:35:29 PDT 2007

cp /home/dunham/gp4/shootout/bench/message/message.pnet message.cs
rm -f message.pnet_run
/usr/bin/cscc  /out:message.pnet_run message.cs
message.cs:39: type name expected in generic type reference
message.cs:39: invalid type specification
message.cs:56: invalid operands to binary `>'
message.cs:56: no conversion from `int' to `bool'
message.cs:58: called object is not a method or delegate
message.cs:58: invalid operands to binary `+'
message.cs:70: invalid operands to binary `>'
message.cs:70: no conversion from `int' to `bool'
message.cs:72: called object is not a method or delegate
message.cs:72: invalid value supplied to cast
message.cs:83: called object is not a method or delegate
message.cs:39: type name expected in generic type reference
message.cs:39: invalid type specification
make[3]: [message.pnet_run] Error 1 (ignored)
rm message.cs

=================================================================
COMMAND LINE (%A is single numeric argument):

 /usr/bin/ilrun message.pnet_run %A
message.pnet_run.exe: No such file or directory
TEST FAILED - Child processed exited with error code (1)


PROGRAM OUTPUT
==============
