BUILD COMMANDS FOR: message.scala

Thu Jan 25 13:45:05 PST 2007

( if [ ! -d message.scala_run ] ; then mkdir message.scala_run ; fi)
cp /home/dunham/gp4/shootout/bench/message/message.scala message.scala_run/message.scala
( cd message.scala_run ; /opt/scala-2.3.2/bin/scalac message.scala )
Exception in thread "main" java.lang.AssertionError: assertion failed: class Message
	at scala.Predef$.assert(Predef.scala:89)
	at scala.tools.nsc.typechecker.RefChecks$RefCheckTransformer.transformStat(RefChecks.scala:489)
	at scala.tools.nsc.typechecker.RefChecks$RefCheckTransformer$$anonfun$9.apply(RefChecks.scala:453)
	at scala.tools.nsc.typechecker.RefChecks$RefCheckTransformer$$anonfun$9.apply(RefChecks.scala:453)
	at scala.List.flatMap(List.scala:965)
	at scala.tools.nsc.typechecker.RefChecks$RefCheckTransformer.transformStats(RefChecks.scala:453)
	at scala.tools.nsc.ast.Trees$Transformer.transform(Trees.scala:1129)
	at scala.tools.nsc.typechecker.RefChecks$RefCheckTransformer.transform(RefChecks.scala:631)
	at scala.tools.nsc.ast.Trees$Transformer$$anonfun$20.apply(Trees.scala:1108)
	at scala.tools.nsc.ast.Trees$Transformer$$anonfun$20.apply(Trees.scala:1107)
	at scala.tools.nsc.ast.Trees$Transformer.atOwner(Trees.scala:1217)
	at scala.tools.nsc.ast.Trees$Transformer.transform(Trees.scala:1106)
	at scala.tools.nsc.typechecker.RefChecks$RefCheckTransformer.transform(RefChecks.scala:631)
	at scala.tools.nsc.typechecker.RefChecks$RefCheckTransformer.transformStat(RefChecks.scala:520)
	at scala.tools.nsc.typechecker.RefChecks$RefCheckTransformer$$anonfun$9.apply(RefChecks.scala:453)
	at scala.tools.nsc.typechecker.RefChecks$RefCheckTransformer$$anonfun$9.apply(RefChecks.scala:453)
	at scala.List.flatMap(List.scala:965)
	at scala.tools.nsc.typechecker.RefChecks$RefCheckTransformer.transformStats(RefChecks.scala:453)
	at scala.tools.nsc.ast.Trees$Transformer.transform(Trees.scala:1127)
	at scala.tools.nsc.typechecker.RefChecks$RefCheckTransformer.transform(RefChecks.scala:631)
	at scala.tools.nsc.ast.Trees$Transformer.transformTemplate(Trees.scala:1197)
	at scala.tools.nsc.ast.Trees$Transformer$$anonfun$17.apply(Trees.scala:1095)
	at scala.tools.nsc.ast.Trees$Transformer$$anonfun$17.apply(Trees.scala:1094)
	at scala.tools.nsc.ast.Trees$Transformer.atOwner(Trees.scala:1217)
	at scala.tools.nsc.ast.Trees$Transformer.transform(Trees.scala:1093)
	at scala.tools.nsc.typechecker.RefChecks$RefCheckTransformer.transform(RefChecks.scala:631)
	at scala.tools.nsc.typechecker.RefChecks$RefCheckTransformer.transformStat(RefChecks.scala:465)
	at scala.tools.nsc.typechecker.RefChecks$RefCheckTransformer$$anonfun$9.apply(RefChecks.scala:453)
	at scala.tools.nsc.typechecker.RefChecks$RefCheckTransformer$$anonfun$9.apply(RefChecks.scala:453)
	at scala.List.flatMap(List.scala:965)
	at scala.tools.nsc.typechecker.RefChecks$RefCheckTransformer.transformStats(RefChecks.scala:453)
	at scala.tools.nsc.ast.Trees$Transformer$$anonfun$16.apply(Trees.scala:1090)
	at scala.tools.nsc.ast.Trees$Transformer$$anonfun$16.apply(Trees.scala:1090)
	at scala.tools.nsc.ast.Trees$Transformer.atOwner(Trees.scala:1217)
	at scala.tools.nsc.ast.Trees$Transformer.transform(Trees.scala:1089)
	at scala.tools.nsc.typechecker.RefChecks$RefCheckTransformer.transform(RefChecks.scala:631)
	at scala.tools.nsc.ast.Trees$Transformer.transformUnit(Trees.scala:1212)
	at scala.tools.nsc.transform.Transform$Phase.apply(Transform.scala:30)
	at scala.tools.nsc.Global$GlobalPhase.applyPhase(Global.scala:230)
	at scala.tools.nsc.Global$GlobalPhase$$anonfun$2.apply(Global.scala:219)
	at scala.tools.nsc.Global$GlobalPhase$$anonfun$2.apply(Global.scala:219)
	at scala.Iterator$class.foreach(Iterator.scala:377)
	at scala.collection.mutable.ListBuffer$$anon$0.foreach(ListBuffer.scala:244)
	at scala.tools.nsc.Global$GlobalPhase.run(Global.scala:219)
	at scala.tools.nsc.Global$Run.compileSources(Global.scala:484)
	at scala.tools.nsc.Global$Run.compile(Global.scala:555)
	at scala.tools.nsc.Main$.process(Main.scala:59)
	at scala.tools.nsc.Main$.main(Main.scala:81)
	at scala.tools.nsc.Main.main(Main.scala)
make[3]: [message.scala_run] Error 1 (ignored)
touch message.scala_run

=================================================================
COMMAND LINE (%A is single numeric argument):

 JAVACMD="/opt/sun-jdk-1.6.0/bin/java $JDKFLAGS -server" /opt/scala-2.3.2/bin/scala -classpath message.scala_run message %A
************************************************************
*   TEST (message.scala_run) FAILED - ERROR:  message.scala_out differs from Output.5000
************************************************************
-rw-r--r-- 1 dunham users  8 Nov 12  2005 Output.5000
-rw-r--r-- 1 dunham users 22 Jan 25 13:45 message.scala_out


PROGRAM OUTPUT
==============
no such file: message
