RUNNING SCRIPT: meteor.yarv

Fri Jan 26 14:02:54 PST 2007


=================================================================
COMMAND LINE (%A is single numeric argument):

 /opt/yarv-r590/ruby ../meteor.yarv %A
../meteor.yarv:255:in `fill_array': undefined method `offsets' for nil:NilClass (NoMethodError)
	from ../meteor.yarv:352:in `block in add_board'
	from ../meteor.yarv:351:in `each'
	from ../meteor.yarv:351:in `add_board'
	from ../meteor.yarv:329:in `block (2 levels) in find'
	from ../meteor.yarv:325:in `each'
	from ../meteor.yarv:325:in `block in find'
	from ../meteor.yarv:323:in `times'
	from ../meteor.yarv:323:in `find'
	 ... 43 levels...
	from ../meteor.yarv:304:in `times'
	from ../meteor.yarv:304:in `find_top'
	from ../meteor.yarv:289:in `find_all'
	from ../meteor.yarv:385:in `<main>'
TEST FAILED - Child processed exited with error code (1)


PROGRAM OUTPUT
==============
