BUILD COMMANDS FOR: meteor.cal

Thu Jul 26 12:34:29 PDT 2007

( if [ ! -d meteor.cal_run ] ; then mkdir meteor.cal_run ; fi)
cp /home/dunham/gp4/shootout/bench/meteor/meteor.cal meteor.cal_run
( cd meteor.cal_run ; ../../../Include/cal/compile.sh meteor.cal )
Open Quark Standalone JAR Tool (version 1.5.1_0)
Initializing the CAL workspace...
...CAL workspace initialized.
Building the standalone JAR /home/dunham/gp4/shootout/bench/meteor/tmp/meteor.cal_run/meteor.jar
Done building the standalone JAR /home/dunham/gp4/shootout/bench/meteor/tmp/meteor.cal_run/meteor.jar
touch meteor.cal_run

=================================================================
COMMAND LINE (%A is single numeric argument):

 QUARK_JAVACMD=/opt/sun-jdk-1.6.0.02/bin/java QUARK_VMARGS="$JDKFLAGS -server -Xbatch" /opt/Quark/quarklaunch.sh meteor.cal_run/meteor.jar meteor.main %A


PROGRAM OUTPUT
==============
2098 solutions found

0 0 0 0 1 
 2 2 2 0 1 
2 6 6 1 1 
 2 6 1 5 5 
8 6 5 5 5 
 8 6 3 3 3 
4 8 8 9 3 
 4 4 8 9 3 
4 7 4 7 9 
 7 7 7 9 9 

9 9 9 9 8 
 9 6 6 8 5 
6 6 8 8 5 
 6 8 2 5 5 
7 7 7 2 5 
 7 4 7 2 0 
1 4 2 2 0 
 1 4 4 0 3 
1 4 0 0 3 
 1 1 3 3 3 

