BUILD COMMANDS FOR: meteor.ghc

Sat Jan 19 19:35:26 PST 2008

cp /home/dunham/gp4/shootout/bench/meteor/meteor.ghc meteor.hs
/usr/bin/ghc --make -O2 -fglasgow-exts  -optc-march=pentium4 meteor.hs -o meteor.ghc_run
[1 of 1] Compiling Main             ( meteor.hs, meteor.o )
Linking meteor.ghc_run ...
rm meteor.hs

=================================================================
COMMAND LINE (%A is single numeric argument):

 meteor.ghc_run $MB_GHCRTS %A 


PROGRAM OUTPUT
==============
2098 solutions found

0 0 0 0 1 
 2 2 2 0 1 
2 6 6 1 1 
 2 6 1 5 5 
8 6 5 5 5 
 8 6 3 3 3 
4 8 8 9 3 
 4 4 8 9 3 
4 7 4 7 9 
 7 7 7 9 9 

9 9 9 9 8 
 9 6 6 8 5 
6 6 8 8 5 
 6 8 2 5 5 
7 7 7 2 5 
 7 4 7 2 0 
1 4 2 2 0 
 1 4 4 0 3 
1 4 0 0 3 
 1 1 3 3 3 

