BUILD COMMANDS FOR: meteor.javaxint

Thu Jan 25 14:35:16 PST 2007

( if [ ! -d meteor.javaxint_run ] ; then mkdir meteor.javaxint_run ; fi)
cp /home/dunham/gp4/shootout/bench/meteor/meteor.javaxint meteor.javaxint_run/meteor.java
( cd meteor.javaxint_run ; rm -rf *.class; /opt/sun-jdk-1.6.0/bin/javac -classpath '.' meteor.java )
touch meteor.javaxint_run

=================================================================
COMMAND LINE (%A is single numeric argument):

 /opt/sun-jdk-1.6.0/bin/java $JDKFLAGS -server -Xint -classpath meteor.javaxint_run meteor %A
************************************************************
*   TEST (meteor.javaxint_run) FAILED - ERROR:  meteor.javaxint_out differs from Output.2098
************************************************************
-rw-r--r-- 1 dunham users 254 Nov 14 16:55 Output.2098
-rw-r--r-- 1 dunham users 253 Jan 25 14:35 meteor.javaxint_out


PROGRAM OUTPUT
==============
2098 solutions found

0 0 0 0 1 
 2 2 2 0 1 
2 6 6 1 1 
 2 6 1 5 5 
8 6 5 5 5 
 8 6 3 3 3 
4 8 8 9 3 
 4 4 8 9 3 
4 7 4 7 9 
 7 7 7 9 9 

9 9 9 9 8 
 9 6 6 8 5 
6 6 8 8 5 
 6 8 2 5 5 
7 7 7 2 5 
 7 4 7 2 0 
1 4 2 2 0 
 1 4 4 0 3 
1 4 0 0 3 
 1 1 3 3 3 
