BUILD COMMANDS FOR: meteor.java

Tue May 29 00:04:53 PDT 2007

( if [ ! -d meteor.java_run ] ; then mkdir meteor.java_run ; fi)
cp /home/dunham/gp4/shootout/bench/meteor/meteor.java meteor.java_run/meteor.java
( cd meteor.java_run ; rm -rf *.class; /opt/sun-jdk-1.6.0/bin/javac -classpath '.' meteor.java )
touch meteor.java_run

=================================================================
COMMAND LINE (%A is single numeric argument):

 /opt/sun-jdk-1.6.0/bin/java $JDKFLAGS -server -Xbatch -classpath meteor.java_run meteor %A


PROGRAM OUTPUT
==============
2098 solutions found

0 0 0 0 1 
 2 2 2 0 1 
2 6 6 1 1 
 2 6 1 5 5 
8 6 5 5 5 
 8 6 3 3 3 
4 8 8 9 3 
 4 4 8 9 3 
4 7 4 7 9 
 7 7 7 9 9 

9 9 9 9 8 
 9 6 6 8 5 
6 6 8 8 5 
 6 8 2 5 5 
7 7 7 2 5 
 7 4 7 2 0 
1 4 2 2 0 
 1 4 4 0 3 
1 4 0 0 3 
 1 1 3 3 3 

