BUILD COMMANDS FOR: meteor.scala-3.scala

Tue Nov 14 09:09:09 PST 2006

( if [ ! -d meteor.scala-3.scala_run ] ; then mkdir meteor.scala-3.scala_run ; fi)
cp /home/dunham/gp4/shootout/bench/meteor/meteor.scala-3.scala meteor.scala-3.scala_run/meteor.scala
( cd meteor.scala-3.scala_run ; /opt/scala-2.2.0/bin/scalac -Xcloselim meteor.scala )
Replacing CONSTANT (Constant(null)) : DROP REFERENCE(scala.Null) by List()
Replacing CONSTANT (Constant(null)) : DROP REFERENCE(scala.Null) by List()
Replacing CONSTANT (Constant(null)) : DROP REFERENCE(scala.Null) by List()
Replacing CONSTANT (Constant(null)) : DROP REFERENCE(scala.Null) by List()
Replacing CONSTANT (Constant(null)) : DROP REFERENCE(scala.Null) by List()
Replacing CONSTANT (Constant(null)) : DROP REFERENCE(scala.Null) by List()
Replacing CONSTANT (Constant(null)) : DROP REFERENCE(scala.Null) by List()
Replacing CONSTANT (Constant(null)) : DROP REFERENCE(scala.Null) by List()
Replacing CONSTANT (Constant(null)) : DROP REFERENCE(scala.Null) by List()
Replacing CONSTANT (Constant(null)) : DROP REFERENCE(scala.Null) by List()
Replacing CONSTANT (Constant(null)) : DROP REFERENCE(scala.Null) by List()
Replacing CONSTANT (Constant(null)) : DROP REFERENCE(scala.Null) by List()
Replacing CONSTANT (Constant(null)) : DROP REFERENCE(scala.Null) by List()
Replacing CONSTANT (Constant(null)) : DROP REFERENCE(scala.Null) by List()
Replacing CONSTANT (Constant(null)) : DROP REFERENCE(scala.Null) by List()
Replacing CONSTANT (Constant(null)) : DROP REFERENCE(scala.Null) by List()
Replacing CONSTANT (Constant(null)) : DROP REFERENCE(scala.Null) by List()
Replacing CONSTANT (Constant(null)) : DROP REFERENCE(scala.Null) by List()
Replacing CONSTANT (Constant(null)) : DROP REFERENCE(scala.Null) by List()
Replacing CONSTANT (Constant(null)) : DROP REFERENCE(scala.Null) by List()
Replacing CONSTANT (Constant(null)) : DROP REFERENCE(scala.Null) by List()
Replacing CONSTANT (Constant(null)) : DROP REFERENCE(scala.Null) by List()
Replacing CONSTANT (Constant(null)) : DROP REFERENCE(scala.Null) by List()
Replacing CONSTANT (Constant(null)) : DROP REFERENCE(scala.Null) by List()
Replacing CONSTANT (Constant(null)) : DROP REFERENCE(scala.Null) by List()
Replacing CONSTANT (Constant(null)) : DROP REFERENCE(scala.Null) by List()
Replacing CONSTANT (Constant(null)) : DROP REFERENCE(scala.Null) by List()
Replacing CONSTANT (Constant(null)) : DROP REFERENCE(scala.Null) by List()
touch meteor.scala-3.scala_run

=================================================================
COMMAND LINE (%A is single numeric argument):

 JAVACMD="/opt/sun-jdk-1.5.0.08/bin/java -server" /opt/scala-2.2.0/bin/scala -classpath meteor.scala-3.scala_run meteor %A


PROGRAM OUTPUT
==============
2098 solutions found

0 0 0 0 1 
 2 2 2 0 1 
2 6 6 1 1 
 2 6 1 5 5 
8 6 5 5 5 
 8 6 3 3 3 
4 8 8 9 3 
 4 4 8 9 3 
4 7 4 7 9 
 7 7 7 9 9 

0 0 0 0 1 
 2 2 2 0 1 
2 7 7 1 1 
 2 7 1 4 8 
7 7 4 4 8 
 5 4 6 4 8 
5 5 9 6 8 
 5 9 6 8 3 
5 9 6 6 3 
 9 9 3 3 3 

0 0 0 0 1 
 2 2 2 0 1 
2 7 7 1 1 
 2 7 1 4 8 
7 7 4 4 8 
 5 4 9 4 8 
5 5 9 9 8 
 5 9 6 8 3 
5 9 6 6 3 
 6 6 3 3 3 

0 0 0 0 1 
 2 2 2 0 1 
2 7 7 1 1 
 2 7 1 4 8 
7 7 4 4 8 
 5 9 9 4 8 
5 5 9 4 8 
 5 9 6 8 3 
5 9 6 6 3 
 6 6 3 3 3 

0 0 0 0 1 
 2 2 2 0 1 
2 7 7 1 1 
 2 7 1 6 6 
===================================
!!! Note: Truncated to 50 lines !!!
===================================
