RUNNING SCRIPT: meteor.gforth-5.gforth

Wed Jan 31 15:21:04 PST 2007


=================================================================
COMMAND LINE (%A is single numeric argument):

 /usr/bin/gforth $GFORTH_FLAGS ../meteor.gforth-5.gforth %A
redefined table  redefined offset  redefined .line  ************************************************************
*   FILE COMPARISON ERROR
************************************************************
L1: 5 8 8 9 3 

L2: 4 8 8 9 3 

************************************************************
*   TEST (meteor.gforth-5.gforth) FAILED - ERROR:  meteor.gforth-5.gforth_out differs from Output.2098
************************************************************
-rw-r--r-- 1 dunham users 254 Nov 14 16:55 Output.2098
-rw-r--r-- 1 dunham users 254 Jan 31 15:21 meteor.gforth-5.gforth_out


PROGRAM OUTPUT
==============
2098 solutions found

0 0 0 0 1 
 2 2 2 0 1 
2 6 6 1 1 
 2 6 1 5 5 
8 6 5 5 5 
 8 6 3 3 3 
5 8 8 9 3 
 1 1 8 9 3 
1 7 0 7 9 
 7 7 7 9 9 

9 9 9 9 8 
 9 6 6 8 5 
6 6 8 8 5 
 6 8 2 5 5 
7 7 7 2 5 
 7 8 7 2 0 
1 2 2 2 0 
 1 9 3 0 3 
1 9 0 0 3 
 1 1 3 3 3 

