RUNNING SCRIPT: meteor.iron

Wed Jan 17 19:23:06 PST 2007


=================================================================
COMMAND LINE (%A is single numeric argument):

 /usr/bin/mono /opt/IronPython-1.0.1/ipy.exe -O ../meteor.iron %A
************************************************************
*   TEST (meteor.iron) FAILED - ERROR:  meteor.iron_out differs from Output.2098
************************************************************
-rw-r--r-- 1 dunham users 254 Nov 14 16:55 Output.2098
-rw-r--r-- 1 dunham users 234 Jan 17 19:24 meteor.iron_out


PROGRAM OUTPUT
==============
2098 solutions found

0 0 0 0 1
 2 2 2 0 1
2 6 6 1 1
 2 6 1 5 5
8 6 5 5 5
 8 6 3 3 3
4 8 8 9 3
 4 4 8 9 3
4 7 4 7 9
 7 7 7 9 9

9 9 9 9 8
 9 6 6 8 5
6 6 8 8 5
 6 8 2 5 5
7 7 7 2 5
 7 4 7 2 0
1 4 2 2 0
 1 4 4 0 3
1 4 0 0 3
 1 1 3 3 3

