RUNNING SCRIPT: meteor.bigforth-5.bigforth

Sat Jan 27 18:04:53 PST 2007


=================================================================
COMMAND LINE (%A is single numeric argument):

 /opt/bigforth/bigforth $BIGFORTH_FLAGS ../meteor.bigforth-5.bigforth %A
************************************************************
*   FILE COMPARISON ERROR
************************************************************
L1: 2 7 5 6 1 

L2: 2 6 6 1 1 

************************************************************
*   TEST (meteor.bigforth-5.bigforth) FAILED - ERROR:  meteor.bigforth-5.bigforth_out differs from Output.2098
************************************************************
-rw-r--r-- 1 dunham users 254 Nov 14 16:55 Output.2098
-rw-r--r-- 1 dunham users 254 Jan 27 18:04 meteor.bigforth-5.bigforth_out


PROGRAM OUTPUT
==============
2098 solutions found

0 0 0 0 1 
 2 2 2 0 1 
2 7 5 6 1 
 2 7 5 8 1 
7 7 5 5 8 
 7 3 5 1 8 
6 6 3 1 8 
 6 3 3 1 8 
6 3 1 1 9 
 6 9 9 9 9 

9 9 9 9 8 
 9 6 6 8 5 
6 6 8 8 5 
 6 8 2 5 5 
7 7 7 2 5 
 7 8 7 2 0 
1 2 2 2 0 
 1 9 3 0 3 
1 9 0 0 3 
 1 1 3 3 3 

