RUNNING SCRIPT: meteor.bigforth

Wed Jan 10 16:02:41 PST 2007


=================================================================
COMMAND LINE (%A is single numeric argument):

 /opt/bigforth/bigforth $BIGFORTH_FLAGS ../meteor.bigforth %A
************************************************************
*   TEST (meteor.bigforth) FAILED - ERROR:  meteor.bigforth_out differs from Output.2098
************************************************************
-rw-r--r-- 1 dunham users 254 Nov 14 16:55 Output.2098
-rw-r--r-- 1 dunham users 251 Jan 10 16:02 meteor.bigforth_out


PROGRAM OUTPUT
==============
0 solutions found

9 9 9 9 9 
 9 9 9 9 9 
9 9 9 9 9 
 9 9 9 9 9 
9 9 9 9 9 
 9 9 9 9 9 
9 9 9 9 9 
 9 9 9 9 9 
9 9 9 9 9 
 9 9 9 9 9 

0 0 0 0 0 
 0 0 0 0 0 
0 0 0 0 0 
 0 0 0 0 0 
0 0 0 0 0 
 0 0 0 0 0 
0 0 0 0 0 
 0 0 0 0 0 
0 0 0 0 0 
 0 0 0 0 0 

