RUNNING SCRIPT: meteor.jruby-2.jruby

Sat Nov  3 15:46:17 PDT 2007


=================================================================
COMMAND LINE (%A is single numeric argument):

 /opt/jruby-1.1b1/bin/jruby -J-server -J-Xbatch -O ../meteor.jruby-2.jruby %A


PROGRAM OUTPUT
==============
2098 solutions found

0 0 0 0 1 
 2 2 2 0 1 
2 6 6 1 1 
 2 6 1 5 5 
8 6 5 5 5 
 8 6 3 3 3 
4 8 8 9 3 
 4 4 8 9 3 
4 7 4 7 9 
 7 7 7 9 9 

9 9 9 9 8 
 9 6 6 8 5 
6 6 8 8 5 
 6 8 2 5 5 
7 7 7 2 5 
 7 4 7 2 0 
1 4 2 2 0 
 1 4 4 0 3 
1 4 0 0 3 
 1 1 3 3 3 

