BUILD COMMANDS FOR: meteor.ghc-5.ghc

Sun Nov 25 18:37:16 PST 2007

cp /home/dunham/gp4/shootout/bench/meteor/meteor.ghc-5.ghc meteor.ghc-5.hs
/usr/local/bin/ghc -O -fglasgow-exts  -optc-march=pentium4 meteor.ghc-5.hs -o meteor.ghc-5.ghc_run
rm meteor.ghc-5.hs

=================================================================
COMMAND LINE (%A is single numeric argument):

 meteor.ghc-5.ghc_run $MB_GHCRTS %A 
************************************************************
*   TEST (meteor.ghc-5.ghc_run) FAILED - ERROR:  meteor.ghc-5.ghc_out differs from Output.2098
************************************************************
-rw-r--r-- 1 dunham users 254 Nov 14  2006 Output.2098
-rw-r--r-- 1 dunham users 234 Nov 25 18:37 meteor.ghc-5.ghc_out


PROGRAM OUTPUT
==============
2098 solutions found

0 0 0 0 1
 2 2 2 0 1
2 6 6 1 1
 2 6 1 5 5
8 6 5 5 5
 8 6 3 3 3
4 8 8 9 3
 4 4 8 9 3
4 7 4 7 9
 7 7 7 9 9

9 9 9 9 8
 9 6 6 8 5
6 6 8 8 5
 6 8 2 5 5
7 7 7 2 5
 7 4 7 2 0
1 4 2 2 0
 1 4 4 0 3
1 4 0 0 3
 1 1 3 3 3

