BUILD COMMANDS FOR: nbody.nice-2.nice

Wed Jan 11 13:00:52 PST 2006

( if [ ! -d nbody.nice-2.nice_run ] ; then mkdir nbody.nice-2.nice_run ; mkdir nbody.nice-2.nice_run/nbody ; fi)
cp /home/dunham/gp4/shootout/bench/nbody/nbody.nice-2.nice nbody.nice-2.nice_run/nbody/nbody.nice
( cd nbody.nice-2.nice_run/nbody ; /opt/nice-0.9.10/bin/nicec -d . --sourcepath .. -a o.jar nbody )
nice.lang: parsing
nbody: parsing
nbody: typechecking
nbody: generating code
nbody: linking
nbody: writing in archive
nice.lang: writing in archive
touch nbody.nice-2.nice_run

=================================================================
COMMAND LINE (%A is single numeric argument):

 /opt/jdk1.5.0_05/bin/java -server -jar nbody.nice_run/nbody/o.jar %A


PROGRAM OUTPUT
==============
-0.169075164
-0.169083134
