BUILD COMMANDS FOR: nbody.smlnj

Sun Nov 13 11:03:36 UTC 2005

cp /home/dunham/gp4/shootout/bench/nbody/nbody.smlnj nbody.sml
cp /home/dunham/gp4/shootout/bench/nbody/cm_nbody.cm nbody.cm
/usr/bin/ml-build nbody.cm Test.main nbody
Standard ML of New Jersey v110.45 [FLINT v1.5], February 13, 2004
[scanning nbody.cm]
[parsing (nbody.cm):nbody.sml]
[creating directory .cm/SKEL]
[compiling (nbody.cm):nbody.sml]
[creating directory .cm/GUID]
[creating directory .cm/x86-unix]
[code: 7192, data: 484, env: 525 bytes]
[scanning 9398-export.cm]
[scanning (9398-export.cm):nbody.cm]
[parsing (9398-export.cm):9398-export.sml]
[compiling (9398-export.cm):9398-export.sml]
[code: 298, data: 34, env: 42 bytes]

=================================================================
COMMAND LINE (%A is single numeric argument):

 /usr/bin/sml @SMLload=nbody %A


PROGRAM OUTPUT
==============
-0.169075164
-0.169086185
