RUNNING SCRIPT: nbody.vw

Wed Apr 18 17:15:14 PDT 2007


=================================================================
COMMAND LINE (%A is single numeric argument):

 /opt/vw7/bin/linux86/vwlinux86 /opt/vw7/image/benchmarks.im -nogui -evaluate "Tests nbody" -a %A
************************************************************
*   TEST (nbody.vw) FAILED - ERROR:  nbody.vw_out differs from Output.200000
************************************************************
-rw-r--r-- 1 dunham users   26 Jun 15  2006 Output.200000
-rw-r--r-- 1 dunham users 4367 Apr 18 17:15 nbody.vw_out


PROGRAM OUTPUT
==============

---------------------------------------------------
NBodySystem(Object)>>doesNotUnderstand:
StandardIOStream(Stream)>>print:digits:
Tests class>>nbody
UndefinedObject>>unboundMethod
UndefinedObject(Object)>>performMethod:arguments:
UndefinedObject(Object)>>performMethod:
Compiler(SmalltalkCompiler)>>evaluate:in:allowReceiver:receiver:environment:notifying:ifFail:
Compiler class(SmalltalkCompiler class)>>evaluate:for:in:notifying:logged:
Compiler class(SmalltalkCompiler class)>>evaluate:notifying:logged:
Compiler class(SmalltalkCompiler class)>>evaluate:logged:
Compiler class(SmalltalkCompiler class)>>evaluate:
optimized [] in [] in ImageConfigurationSystem>>runCodeAndThenQuit:
OrderedCollection>>do:
optimized [] in ImageConfigurationSystem>>runCodeAndThenQuit:
BlockClosure>>ensure:
ImageConfigurationSystem>>runCodeAndThenQuit:
CommandLineInterest>>triggerWithTokenStream:
CommandLineInterest>>triggerOptionAt:
optimized [] in [] in Subsystem>>runActivationActions
SortedCollection(OrderedCollection)>>do:
optimized [] in Subsystem>>runActivationActions
SortedCollection(OrderedCollection)>>do:
ImageConfigurationSystem(Subsystem)>>runActivationActions
ImageConfigurationSystem>>runActivationActions
ImageConfigurationSystem(Subsystem)>>privateActivate
ImageConfigurationSystem class(Subsystem class)>>activate
optimized [] in Subsystem>>ensurePrerequisitesAreActive
Set>>do:
RuntimeSystem(Subsystem)>>ensurePrerequisitesAreActive
RuntimeSystem(Subsystem)>>privateActivate
RuntimeSystem class(Subsystem class)>>activate
optimized [] in Subsystem>>ensurePrerequisitesAreActive
Set>>do:
UserApplication(Subsystem)>>ensurePrerequisitesAreActive
UserApplication(Subsystem)>>privateActivate
UserApplication class(Subsystem class)>>activate
UserApplication class(Subsystem class)>>reactToEvent:
optimized [] in Subsystem class>>signalEvent:to:
Set>>do:
Subsystem class>>signalEvent:to:
Subsystem class>>signalEvent:
Snapshot>>signalSystemEvent:
Snapshot>>postSnapshotBootstrap
Snapshot>>privateSnapshot
optimized [] in [] in Snapshot>>snapshot
Cursor>>showWhile:
optimized [] in Snapshot>>snapshot
BlockClosure>>ensure:
===================================
!!! Note: Truncated to 50 lines !!!
===================================
