RUNNING SCRIPT: nbody.groovy

Sun Jun 10 00:10:39 PDT 2007


=================================================================
COMMAND LINE (%A is single numeric argument):

 /opt/groovy-1.0/bin/groovy ../nbody.groovy %A
org.codehaus.groovy.control.MultipleCompilationErrorsException: startup failed, ../nbody.groovy: 17: unable to resolve class Property unable to find class for annotation
 @ line 17, column 4.
     @Property double x, y, z, vx, vy, vz, mass
      ^
../nbody.groovy: 17: unable to resolve class Property unable to find class for annotation
 @ line 17, column 4.
     @Property double x, y, z, vx, vy, vz, mass
      ^
../nbody.groovy: 17: unable to resolve class Property unable to find class for annotation
 @ line 17, column 4.
     @Property double x, y, z, vx, vy, vz, mass
      ^
../nbody.groovy: 17: unable to resolve class Property unable to find class for annotation
 @ line 17, column 4.
     @Property double x, y, z, vx, vy, vz, mass
      ^
../nbody.groovy: 17: unable to resolve class Property unable to find class for annotation
 @ line 17, column 4.
     @Property double x, y, z, vx, vy, vz, mass
      ^
../nbody.groovy: 17: unable to resolve class Property unable to find class for annotation
 @ line 17, column 4.
     @Property double x, y, z, vx, vy, vz, mass
      ^
../nbody.groovy: 17: unable to resolve class Property unable to find class for annotation
 @ line 17, column 4.
     @Property double x, y, z, vx, vy, vz, mass
      ^

7 errors

TEST FAILED - Child processed exited with error code (1)


PROGRAM OUTPUT
==============
