BUILD COMMANDS FOR: nbody.pike

Fri Dec 22 19:39:03 PST 2006

rm -f nbody.o
cp /home/dunham/gp4/shootout/bench/nbody/nbody.pike nbody.pike
/usr/local/bin/pike -x dump nbody.pike
touch nbody.pike_run

=================================================================
COMMAND LINE (%A is single numeric argument):

 /usr/local/bin/pike nbody.pike %A
************************************************************
*   FILE COMPARISON ERROR
************************************************************
L1: -0.169083712

L2: -0.169083713

************************************************************
*   TEST (nbody.pike_run) FAILED - ERROR:  nbody.pike_out differs from Output.200000
************************************************************
-rw-r--r-- 1 dunham users 26 Jun 15  2006 Output.200000
-rw-r--r-- 1 dunham users 26 Dec 22 19:39 nbody.pike_out


PROGRAM OUTPUT
==============
-0.169075164
-0.169083712
