BUILD COMMANDS FOR: nbody.nice

Fri Jul 28 00:36:46 PDT 2006

( if [ ! -d nbody.nice_run ] ; then mkdir nbody.nice_run ; mkdir nbody.nice_run/nbody ; fi)
cp /home/dunham/gp4/shootout/bench/nbody/nbody.nice nbody.nice_run/nbody/nbody.nice
( cd nbody.nice_run/nbody ; /opt/nice-0.9.10/bin/nicec -d . --sourcepath "..:../../../.." -a ../../nbody.jar nbody )
nice.lang: parsing
Include: parsing
nbody: parsing
Include: typechecking
Include: generating code
nbody: typechecking
nbody: generating code
nbody: linking
nbody: writing in archive
Include: writing in archive
nice.lang: writing in archive
touch nbody.nice_run

=================================================================
COMMAND LINE (%A is single numeric argument):

 /opt/sun-jdk-1.5.0.07/bin/java -server -jar nbody.jar %A


PROGRAM OUTPUT
==============
-0.169075164
-0.169031665
