BUILD COMMANDS FOR: nbody.chicken-3.chicken

Mon Jan 28 23:22:41 PST 2008

cp /home/dunham/gp4/shootout/bench/nbody/nbody.chicken-3.chicken nbody.chicken-3.chicken
rm -f nbody.chicken-3.chicken_run
/opt/chicken-3.0.0/csc nbody.chicken-3.chicken -benchmark-mode  -C "-O3 -fomit-frame-pointer -march=pentium4 -mfpmath=sse -msse2  -fno-strict-aliasing" -o nbody.chicken-3.chicken_run
Warning: extension `format' is currently not installed
Warning: literal '3.14159265358979' is out of range - will be truncated to integer
Warning: literal '3.14159265358979' is out of range - will be truncated to integer
Warning: literal '4.84143144246472' is out of range - will be truncated to integer
Warning: literal '-1.16032004402743' is out of range - will be truncated to integer
Warning: literal '-0.103622044471123' is out of range - will be truncated to integer
Warning: literal '0.00166007664274404' is out of range - will be truncated to integer
Warning: literal '365.24' is out of range - will be truncated to integer
Warning: literal '0.0076990111841974' is out of range - will be truncated to integer
Warning: literal '365.24' is out of range - will be truncated to integer
Warning: literal '-6.90460016972063e-05' is out of range - will be truncated to integer
Warning: literal '365.24' is out of range - will be truncated to integer
Warning: literal '0.000954791938424327' is out of range - will be truncated to integer
Warning: literal '8.34336671824458' is out of range - will be truncated to integer
Warning: literal '4.1247985641243' is out of range - will be truncated to integer
Warning: literal '-0.403523417114321' is out of range - will be truncated to integer
Warning: literal '-0.00276742510726862' is out of range - will be truncated to integer
Warning: literal '365.24' is out of range - will be truncated to integer
Warning: literal '0.00499852801234917' is out of range - will be truncated to integer
Warning: literal '365.24' is out of range - will be truncated to integer
Warning: literal '2.30417297573764e-05' is out of range - will be truncated to integer
Warning: literal '365.24' is out of range - will be truncated to integer
Warning: literal '0.000285885980666131' is out of range - will be truncated to integer
Warning: literal '12.8943695621391' is out of range - will be truncated to integer
Warning: literal '-15.1111514016986' is out of range - will be truncated to integer
Warning: literal '-0.223307578892656' is out of range - will be truncated to integer
Warning: literal '0.00296460137564762' is out of range - will be truncated to integer
Warning: literal '365.24' is out of range - will be truncated to integer
Warning: literal '0.00237847173959481' is out of range - will be truncated to integer
Warning: literal '365.24' is out of range - will be truncated to integer
Warning: literal '-2.96589568540238e-05' is out of range - will be truncated to integer
Warning: literal '365.24' is out of range - will be truncated to integer
Warning: literal '4.36624404335156e-05' is out of range - will be truncated to integer
Warning: literal '15.3796971148509' is out of range - will be truncated to integer
Warning: literal '-25.919314609988' is out of range - will be truncated to integer
Warning: literal '0.179258772950371' is out of range - will be truncated to integer
Warning: literal '0.00268067772490389' is out of range - will be truncated to integer
Warning: literal '365.24' is out of range - will be truncated to integer
Warning: literal '0.00162824170038242' is out of range - will be truncated to integer
Warning: literal '365.24' is out of range - will be truncated to integer
Warning: literal '-9.51592254519716e-05' is out of range - will be truncated to integer
Warning: literal '365.24' is out of range - will be truncated to integer
Warning: literal '5.15138902046611e-05' is out of range - will be truncated to integer
Warning: literal '0.5' is out of range - will be truncated to integer
Warning: literal '0.01' is out of range - will be truncated to integer
Warning: global variable `body-mass-set!' is never used
Warning: global variable `body?' is never used
Warning: coerced inexact literal number `0.0' to fixnum 0
Warning: coerced inexact literal number `0.0' to fixnum 0
Warning: coerced inexact literal number `0.0' to fixnum 0
Warning: coerced inexact literal number `0.0' to fixnum 0
Warning: coerced inexact literal number `0.0' to fixnum 0
Warning: coerced inexact literal number `0.0' to fixnum 0
Warning: coerced inexact literal number `0.0' to fixnum 0
Warning: coerced inexact literal number `0.0' to fixnum 0
Warning: coerced inexact literal number `0.0' to fixnum 0
Warning: coerced inexact literal number `0.0' to fixnum 0
rm nbody.chicken-3.chicken

=================================================================
COMMAND LINE (%A is single numeric argument):

nbody.chicken-3.chicken_run %A
Error: (require) can not load extension: format
TEST FAILED - Child processed exited with error code (70)


PROGRAM OUTPUT
==============
