RUNNING SCRIPT: nbody.icon

Wed Jan 24 13:05:01 PST 2007


=================================================================
COMMAND LINE (%A is single numeric argument):

 /opt/icon.v943src/bin/icon ../nbody.icon %A
../nbody.icon: "i": undeclared identifier, procedure energy
../nbody.icon: "b": undeclared identifier, procedure energy
../nbody.icon: "j": undeclared identifier, procedure energy
../nbody.icon: "b2": undeclared identifier, procedure energy
../nbody.icon: "n": undeclared identifier, procedure main
../nbody.icon: "bodies": undeclared identifier, procedure main
../nbody.icon: "i": undeclared identifier, procedure energy
../nbody.icon: "b": undeclared identifier, procedure energy
../nbody.icon: "j": undeclared identifier, procedure energy
../nbody.icon: "b2": undeclared identifier, procedure energy
../nbody.icon: "n": undeclared identifier, procedure main
../nbody.icon: "bodies": undeclared identifier, procedure main
../nbody.icon: "i": undeclared identifier, procedure energy
../nbody.icon: "b": undeclared identifier, procedure energy
../nbody.icon: "j": undeclared identifier, procedure energy
../nbody.icon: "b2": undeclared identifier, procedure energy
../nbody.icon: "n": undeclared identifier, procedure main
../nbody.icon: "bodies": undeclared identifier, procedure main
../nbody.icon: "i": undeclared identifier, procedure energy
../nbody.icon: "b": undeclared identifier, procedure energy
../nbody.icon: "j": undeclared identifier, procedure energy
../nbody.icon: "b2": undeclared identifier, procedure energy
../nbody.icon: "n": undeclared identifier, procedure main
../nbody.icon: "bodies": undeclared identifier, procedure main
../nbody.icon: "i": undeclared identifier, procedure energy
../nbody.icon: "b": undeclared identifier, procedure energy
../nbody.icon: "j": undeclared identifier, procedure energy
../nbody.icon: "b2": undeclared identifier, procedure energy
../nbody.icon: "n": undeclared identifier, procedure main
../nbody.icon: "bodies": undeclared identifier, procedure main


PROGRAM OUTPUT
==============
-0.169075164
-0.169031665
