BUILD COMMANDS FOR: nbody.clean

Sun Oct 30 16:16:47 UTC 2005

cp /home/dunham/gp4/shootout/bench/nbody/nbody.clean nbody.icl
/usr/bin/clm -b -nt -l /usr/lib/clean/ArgEnv/ArgEnvC.o -I ../../Include/clean -I /usr/lib/clean/ArgEnv -I /usr/lib/clean/stdenv nbody -o nbody.clean_run
Warning [nbody,162,offset_momentum]: root annotations are ignored
Warning [StdFile.abc,10,stdio;33]: no inline code for this rule
Warning [StdFile.abc,10,fclose;30]: no inline code for this rule
Compiling nbody
Generating code for nbody
Linking nbody
rm nbody.icl

=================================================================
COMMAND LINE (%A is single numeric argument):

 nbody.clean_run $MB_CLRTS %A
************************************************************
*   TEST (nbody.clean_run) FAILED - ERROR:  nbody.clean_out differs from Output.10000
************************************************************
-rw-r--r--  1 dunham users 26 Oct 28 23:46 Output.10000
-rw-r--r--  1 dunham users 31 Oct 30 16:16 nbody.clean_out


PROGRAM OUTPUT
==============
-0.169075164
-0.169016441
65536