BUILD COMMANDS FOR: nbody.smlnj

Tue Mar 20 17:12:10 PDT 2007

cp /home/dunham/gp4/shootout/bench/nbody/nbody.smlnj nbody.sml
cp /home/dunham/gp4/shootout/bench/nbody/cm_nbody.cm cm_nbody.cm
/opt/smlnj/bin/ml-build cm_nbody.cm Test.main nbody
Standard ML of New Jersey v110.60 [built: Tue Mar 20 12:27:39 2007]
[scanning cm_nbody.cm]
[library $SMLNJ-BASIS/basis.cm is stable]
[library $SMLNJ-LIB/Util/smlnj-lib.cm is stable]
[parsing (cm_nbody.cm):nbody.sml]
binfile format error: bad magic number
[compiling (cm_nbody.cm):nbody.sml]
[code: 7184, data: 484, env: 524 bytes]
[scanning 13425-export.cm]
[scanning (13425-export.cm):cm_nbody.cm]
[parsing (13425-export.cm):13425-export.sml]
[compiling (13425-export.cm):13425-export.sml]
[code: 298, data: 34, env: 42 bytes]

=================================================================
COMMAND LINE (%A is single numeric argument):

 /opt/smlnj/bin/sml @SMLload=nbody %A


PROGRAM OUTPUT
==============
-0.169075164
-0.169031665
