BUILD COMMANDS FOR: nbody.csharpaot-2.csharpaot

Tue Sep  4 23:59:56 PDT 2007

cp /home/dunham/gp4/shootout/bench/nbody/nbody.csharpaot-2.csharpaot nbody.csharpaot-2.cs
rm -f nbody.csharpaot-2.csharpaot_run
/usr/local/bin/mcs  -out:nbody.csharpaot-2.csharpaot_run nbody.csharpaot-2.cs
/usr/local/bin/mono --aot nbody.csharpaot-2.csharpaot_run
Mono Ahead of Time compiler - compiling assembly /home/dunham/gp4/shootout/bench/nbody/tmp/nbody.csharpaot-2.csharpaot_run
Code: 2487 Info: 55 Ex Info: 54 Class Info: 76 PLT: 15 GOT Info: 14 GOT Info Offsets: 20 GOT: 28
Executing the native assembler: as  /tmp/mono_aot_MNU3XT -o /tmp/mono_aot_MNU3XT.o
Executing the native linker: ld -shared -o /home/dunham/gp4/shootout/bench/nbody/tmp/nbody.csharpaot-2.csharpaot_run.so /tmp/mono_aot_MNU3XT.o
Compiled 12 out of 12 methods (100%)
0 methods are generic (0%)
0 methods contain absolute addresses (0%)
0 methods contain wrapper references (0%)
0 methods contain lmf pointers (0%)
0 methods have other problems (0%)
Methods without GOT slots: 5 (41%)
Direct calls: 4 (40%)
GOT slot distribution:
	image: 1
	vtable: 4
	ldstr: 2
AOT RESULT 0
rm nbody.csharpaot-2.cs

=================================================================
COMMAND LINE (%A is single numeric argument):

 /usr/local/bin/mono nbody.csharpaot-2.csharpaot_run %A


PROGRAM OUTPUT
==============
-0.169075164
-0.169031665
