BUILD COMMANDS FOR: nbody.ghc-2.ghc

Sat Jan 14 06:40:13 PST 2006

cp /home/dunham/gp4/shootout/bench/nbody/nbody.ghc-2.ghc nbody.ghc-2.hs
/usr/bin/ghc -O3 -optc-O3 -fglasgow-exts -fno-excess-precision -fglasgow-exts -fallow-overlapping-instances -package mtl nbody.ghc-2.hs -o nbody.ghc-2.ghc_run

nbody.ghc-2.hs:13:0:
    Warning: No explicit method nor default method for `*'
	     In the instance declaration for `Num Vec'

nbody.ghc-2.hs:13:0:
    Warning: No explicit method nor default method for `abs'
	     In the instance declaration for `Num Vec'

nbody.ghc-2.hs:13:0:
    Warning: No explicit method nor default method for `signum'
	     In the instance declaration for `Num Vec'
rm nbody.ghc-2.hs

=================================================================
COMMAND LINE (%A is single numeric argument):

 nbody.ghc-2.ghc_run $MB_GHCRTS %A 


PROGRAM OUTPUT
==============
-0.169075164
-0.169083134
