BUILD COMMANDS FOR: nbody.gnat

Wed Sep 27 04:50:25 PDT 2006

cp /home/dunham/gp4/shootout/bench/nbody/nbody.gnat nbody.ada
/usr/bin/gnatchop -w nbody.ada
splitting nbody.ada into:
   nbody_pck.ads
   nbody_pck.adb
   nbody.adb
/usr/bin/gnatmake -gnatp -O3 -fomit-frame-pointer -march=pentium4 -mfpmath=sse -msse2   -f nbody.adb -o nbody.gnat_run
gnatgcc -c -gnatp -O3 -fomit-frame-pointer -march=pentium4 -mfpmath=sse -msse2 nbody.adb
gnatgcc -c -gnatp -O3 -fomit-frame-pointer -march=pentium4 -mfpmath=sse -msse2 nbody_pck.adb
gnatbind -x nbody.ali
gnatlink nbody.ali -march=pentium4 -mfpmath=sse -msse2 -o nbody.gnat_run
rm nbody.ada

=================================================================
COMMAND LINE (%A is single numeric argument):

nbody.gnat_run %A


PROGRAM OUTPUT
==============
-0.169075164
-0.169031665
