BUILD COMMANDS FOR: nbody.xds

Thu Nov  3 03:33:43 UTC 2005

cp /home/dunham/gp4/shootout/bench/nbody/nbody.xds nbody.xds
/usr/local/xds/bin/xc =m =a  nbody.xds
gcc  -o nbody Shootout.o nbody.o   /usr/local/xds/lib/x86/libxds.a  -lm -lncurses
O2/M2 development system v2.51 (c) 1999-2003 Excelsior, LLC. (build 10.05.2005)
XDS Oberon-2 v2.40 [x86, v1.50] - build 10.05.2005
Compiling "../../Include/xds/Shootout.xds"

* [../../Include/xds/Shootout.xds 46.22 W330]
* function Swap inlined
      IF i <= j THEN $Swap(i, j); INC(i); DEC(j); END;
no errors, warnings  1, lines   57, time  0.14, new symfile
XDS Oberon-2 v2.40 [x86, v1.50] - build 10.05.2005
Compiling "nbody.xds"
no errors, no warnings, lines  149, time  0.07, new symfile
New "tmp.mkf" is generated using template "/usr/local/xds/bin/xc.tem"
-------------------------------------------------------------------
files: 2  errors: 0(1)  lines 206  time: 0:00  speed 61800 l/m
mv nbody nbody.xds_run

=================================================================
COMMAND LINE (%A is single numeric argument):

nbody.xds_run %A


PROGRAM OUTPUT
==============
-0.169075164
-0.169086185
