Entering single file mode.
Compiling library nsieve
[Loading library Dylan...]
[Loading library common-dylan...
  [Loading library melange-support...]
  [Loading library threads...]
  [Loading library table-extensions...]
  [Loading library Random...
   [Loading library transcendental...]]]
[Loading library io...In Define Library nsieve.:
unknown source locationWarning: Can't tell if argument <unknown-type> is a subtype of type-union(<false>, <type>),
so can't tell if method:
  type-for-file-stream{<object>, <unknown-type>, <object>}
is congruent to GF
  type-for-file-stream
]
Parsing nsieve.dylan
Finalizing library.
Converting top level forms.
                    Optimizing top level forms.
                    Emitting C code.
                    Emitting Library Heap.
Emitting Global Heap.
Building inits.
nsieve.dylan: In function 'inits':
nsieve.dylan:58226: warning: implicit declaration of function 'dylan_Library_init'
nsieve.dylan:58227: warning: implicit declaration of function 'melange_support_Library_init'
nsieve.dylan:58228: warning: implicit declaration of function 'threads_Library_init'
nsieve.dylan:58229: warning: implicit declaration of function 'table_extensions_Library_init'
nsieve.dylan:58230: warning: implicit declaration of function 'transcendental_Library_init'
nsieve.dylan:58231: warning: implicit declaration of function 'random_Library_init'
nsieve.dylan:58232: warning: implicit declaration of function 'common_dylan_Library_init'
nsieve.dylan:58233: warning: implicit declaration of function 'io_Library_init'
gcc -o nsieve nsieve.o  /usr/lib/dylan/2.5.0pre2/x86-linux-gcc/libio-dylan.a /usr/lib/dylan/2.5.0pre2/x86-linux-gcc/libcommon-dylan-dylan.a /usr/lib/dylan/2.5.0pre2/x86-linux-gcc/librandom-dylan.a /usr/lib/dylan/2.5.0pre2/x86-linux-gcc/libtranscendental-dylan.a /usr/lib/dylan/2.5.0pre2/x86-linux-gcc/libtable-extensions-dylan.a /usr/lib/dylan/2.5.0pre2/x86-linux-gcc/libthreads-dylan.a /usr/lib/dylan/2.5.0pre2/x86-linux-gcc/libmelange-support-dylan.a /usr/lib/dylan/2.5.0pre2/x86-linux-gcc/libdylan-dylan.a /usr/lib/dylan/2.5.0pre2/x86-linux-gcc/libruntime.a /usr/lib/libgc.so -ldl -lpthread -lm
Optimize called 1696 times.
Compilation finished with 1 Warning and 0 Errors
(if [ "nsieve" = "random" ]; then	\
    mv randum nsieve.gwydion_run;		\
else				\
    mv nsieve nsieve.gwydion_run;			\
fi)
rm nsieve.[co]
rm -rf .libs

=================================================================
COMMAND LINE (%A is single numeric argument):

nsieve.gwydion_run %A


PROGRAM OUTPUT
==============
Primes up to  5120000   356244
Primes up to  2560000   187134
Primes up to  1280000    98610
