BUILD COMMANDS FOR: nsieve.fpascal

Sat Oct 29 12:55:09 UTC 2005

cp /home/dunham/gp4/shootout/bench/nsieve/nsieve.fpascal nsieve.pas
/usr/bin/fpc -XX -Xs -O3p3r -oFPASCAL_RUN nsieve.pas
Free Pascal Compiler version 2.0.0 [2005/10/20] for i386
Copyright (c) 1993-2005 by Florian Klaempfl
Target OS: Linux for i386
Compiling nsieve.pas
Linking FPASCAL_RUN
43 Lines compiled, 0.3 sec
mv FPASCAL_RUN nsieve.fpascal_run
rm nsieve.pas

=================================================================
COMMAND LINE (%A is single numeric argument):

nsieve.fpascal_run %A


PROGRAM OUTPUT
==============
Primes up to  5120000   356244
Primes up to  2560000   187134
Primes up to  1280000    98610
