BUILD COMMANDS FOR: nsievebits.fpascal

Tue Feb 21 20:31:00 PST 2006

cp /home/dunham/gp4/shootout/bench/nsievebits/nsievebits.fpascal nsievebits.pas
/usr/bin/fpc -XX -Xs -O3p3r -oFPASCAL_RUN nsievebits.pas
Free Pascal Compiler version 2.0.2 [2006/02/08] for i386
Copyright (c) 1993-2005 by Florian Klaempfl
Target OS: Linux for i386
Compiling nsievebits.pas
Linking FPASCAL_RUN
45 Lines compiled, 0.0 sec
mv FPASCAL_RUN nsievebits.fpascal_run
rm nsievebits.pas

=================================================================
COMMAND LINE (%A is single numeric argument):

nsievebits.fpascal_run %A


PROGRAM OUTPUT
==============
Primes up to  5120000   356244
Primes up to  2560000   187134
Primes up to  1280000    98610
