BUILD COMMANDS FOR: nsieve.fbasic

Sun Feb 26 09:25:11 PST 2006

cp /home/dunham/gp4/shootout/bench/nsieve/nsieve.fbasic nsieve.bas
/usr/bin/fbc  nsieve.bas
mv nsieve nsieve.fbasic_run
rm nsieve.bas

=================================================================
COMMAND LINE (%A is single numeric argument):

nsieve.fbasic_run %A
************************************************************
*   FILE COMPARISON ERROR
************************************************************
L1: Primes up to      128     9861

L2: Primes up to  1280000    98610

************************************************************
*   TEST (nsieve.fbasic_run) FAILED - ERROR:  nsieve.fbasic_out differs from Output.7
************************************************************
-rw-r--r--  1 dunham users 93 Nov 13 03:07 Output.7
-rw-r--r--  1 dunham users 93 Feb 26 09:25 nsieve.fbasic_out


PROGRAM OUTPUT
==============
Primes up to      128     9861
Primes up to       64    52074
Primes up to       32    27608
