BUILD COMMANDS FOR: nsievebits.sbcl-2.sbcl

Mon Dec  3 09:41:14 PST 2007

SBCL built with: /usr/bin/sbcl --userinit /dev/null --sysinit /etc/sbclrc -batch -eval '(load "nsievebits.sbcl-2.sbcl_compile")'
### START nsievebits.sbcl-2.sbcl_compile
(proclaim '(optimize (speed 3) (safety 0) (debug 0) (compilation-speed 0) (space 0)))
(handler-bind ((sb-ext:defconstant-uneql      (lambda (c) (abort c))))      (load (compile-file "nsievebits.sbcl-2.sbcl" ))) (save-lisp-and-die "sbcl.core" :purify t)
### END nsievebits.sbcl-2.sbcl_compile

; loading system definition from
; /usr/share/common-lisp/systems/asdf-binary-locations.asd into
; #<PACKAGE "ASDF0">
; registering #<SYSTEM ASDF-BINARY-LOCATIONS {AE34709}> as ASDF-BINARY-LOCATIONS

; compiling file "/home/dunham/gp4/shootout/bench/nsievebits/tmp/nsievebits.sbcl-2.sbcl" (written 03 DEC 2007 09:41:14 AM):
; compiling (DEFUN NSIEVEBITS ...)
; compiling (DEFUN TEST ...)
; file: /home/dunham/gp4/shootout/bench/nsievebits/tmp/nsievebits.sbcl-2.sbcl
; in: DEFUN TEST
;     (* 10000 (EXPT 2 N))
; ==>
;   (* SB-C::Y 10000)
; 
; note: unable to
;   optimize
; due to type uncertainty:
;   The first argument is a NUMBER, not a FLOAT.
; 
; note: unable to
;   optimize
; due to type uncertainty:
;   The first argument is a NUMBER, not a (COMPLEX SINGLE-FLOAT).
; 
; note: unable to
;   optimize
; due to type uncertainty:
;   The first argument is a NUMBER, not a (COMPLEX DOUBLE-FLOAT).
; 
; note: unable to
;   convert x*2^k to shift
; due to type uncertainty:
;   The first argument is a NUMBER, not a INTEGER.
; 
; note: unable to
;   recode as leas, shifts and adds
; due to type uncertainty:
;   The first argument is a NUMBER, not a (UNSIGNED-BYTE 32).
;   The result is a (VALUES NUMBER &OPTIONAL), not a (VALUES (UNSIGNED-BYTE 32)
;                                                            &REST T).
; 
; note: unable to
;   recode as leas, shifts and adds
; due to type uncertainty:
;   The first argument is a NUMBER, not a FIXNUM.
;   The result is a (VALUES NUMBER &OPTIONAL), not a (VALUES FIXNUM &REST T).
; 
; note: forced to do GENERIC-* (cost 30)
;       unable to do inline fixnum arithmetic (cost 3) because:
;       The first argument is a NUMBER, not a FIXNUM.
;       The result is a (VALUES NUMBER &OPTIONAL), not a (VALUES FIXNUM &REST T).
;       unable to do inline fixnum arithmetic (cost 4) because:
;       The first argument is a NUMBER, not a FIXNUM.
;       The result is a (VALUES NUMBER &OPTIONAL), not a (VALUES FIXNUM &REST T).
;       etc.

; compiling (DEFUN MAIN ...)
; file: /home/dunham/gp4/shootout/bench/nsievebits/tmp/nsievebits.sbcl-2.sbcl
; in: DEFUN MAIN
;     (>= N 0)
; --> IF 
; ==>
;   (< SB-C::X SB-C::Y)
; 
; note: forced to do GENERIC-< (cost 10)
;       unable to do inline fixnum comparison (cost 3) because:
;       The first argument is a INTEGER, not a FIXNUM.
;       unable to do inline fixnum comparison (cost 4) because:
;       The first argument is a INTEGER, not a FIXNUM.
;       etc.

;     (>= N 1)
; --> IF 
; ==>
;   (< SB-C::X SB-C::Y)
; 
; note: forced to do GENERIC-< (cost 10)
;       unable to do inline fixnum comparison (cost 3) because:
;       The first argument is a INTEGER, not a FIXNUM.
;       unable to do inline fixnum comparison (cost 4) because:
;       The first argument is a INTEGER, not a FIXNUM.
;       etc.

;     (- N 1)
; 
; note: forced to do GENERIC-- (cost 10)
;       unable to do inline fixnum arithmetic (cost 1) because:
;       The first argument is a (INTEGER 1), not a FIXNUM.
;       The result is a (VALUES UNSIGNED-BYTE &OPTIONAL), not a (VALUES FIXNUM
;                                                                       &REST T).
;       unable to do inline fixnum arithmetic (cost 2) because:
;       The first argument is a (INTEGER 1), not a FIXNUM.
;       The result is a (VALUES UNSIGNED-BYTE &OPTIONAL), not a (VALUES FIXNUM
;                                                                       &REST T).
;       etc.

;     (>= N 2)
; --> IF 
; ==>
;   (< SB-C::X SB-C::Y)
; 
; note: forced to do GENERIC-< (cost 10)
;       unable to do inline fixnum comparison (cost 3) because:
;       The first argument is a INTEGER, not a FIXNUM.
;       unable to do inline fixnum comparison (cost 4) because:
;       The first argument is a INTEGER, not a FIXNUM.
;       etc.

;     (- N 2)
; 
; note: forced to do GENERIC-- (cost 10)
;       unable to do inline fixnum arithmetic (cost 1) because:
;       The first argument is a (INTEGER 2), not a FIXNUM.
;       The result is a (VALUES UNSIGNED-BYTE &OPTIONAL), not a (VALUES FIXNUM
;                                                                       &REST T).
;       unable to do inline fixnum arithmetic (cost 2) because:
;       The first argument is a (INTEGER 2), not a FIXNUM.
;       The result is a (VALUES UNSIGNED-BYTE &OPTIONAL), not a (VALUES FIXNUM
;                                                                       &REST T).
;       etc.
; 
; compilation unit finished
;   printed 12 notes


; /home/dunham/gp4/shootout/bench/nsievebits/tmp/nsievebits.sbcl-2.fasl written
; compilation finished in 0:00:00
[undoing binding stack and other enclosing state... done]
[saving current Lisp image into /home/dunham/gp4/shootout/bench/nsievebits/tmp/sbcl.core:
writing 1912 bytes from the read-only space at 0x01000000
writing 2160 bytes from the static space at 0x01100000
writing 24584192 bytes from the dynamic space at 0x09000000
done]
### START nsievebits.sbcl-2.sbcl_run
(proclaim '(optimize (speed 3) (safety 0) (debug 0) (compilation-speed 0) (space 0)))
(main) (quit)
### END nsievebits.sbcl-2.sbcl_run


=================================================================
COMMAND LINE (%A is single numeric argument):

 /usr/bin/sbcl --noinform --core sbcl.core --userinit /dev/null --sysinit /etc/sbclrc --load nsievebits.sbcl-2.sbcl_run %A
WARNING:
   Missing FILE-WRITE-DATE for
   #<PATHNAME (with no namestring)
              :HOST #<SB-IMPL::UNIX-HOST {9011299}>
              :DEVICE NIL
              :DIRECTORY (:ABSOLUTE "usr" "share" "common-lisp" "source"
                          "asdf-binary-locations" "dev")
              :NAME "notes.text"
              :TYPE NIL
              :VERSION :NEWEST>:
   treating operation #<ASDF:COMPILE-OP NIL {A7ABC79}> on component
   #<ASDF:STATIC-FILE "notes.text" {A7186C1}> as done.
WARNING:
   Missing FILE-WRITE-DATE for
   #<PATHNAME (with no namestring)
              :HOST #<SB-IMPL::UNIX-HOST {9011299}>
              :DEVICE NIL
              :DIRECTORY (:ABSOLUTE "usr" "share" "common-lisp" "source"
                          "asdf-binary-locations" "website" "source")
              :NAME "index.lml"
              :TYPE NIL
              :VERSION :NEWEST>:
   treating operation #<ASDF:COMPILE-OP NIL {A7ABC79}> on component
   #<ASDF:STATIC-FILE "index.lml" {A746F59}> as done.
STYLE-WARNING: redefining LISP-VERSION-STRING in DEFUN
STYLE-WARNING: redefining IMPLEMENTATION-SPECIFIC-DIRECTORY-NAME in DEFUN
STYLE-WARNING: redefining PATHNAME-PREFIX-P in DEFUN
STYLE-WARNING: redefining OUTPUT-FILES-FOR-SYSTEM-AND-OPERATION in DEFGENERIC
STYLE-WARNING:
   redefining OUTPUT-FILES-FOR-SYSTEM-AND-OPERATION (#<STANDARD-CLASS SYSTEM>
                                                     #<BUILT-IN-CLASS T>
                                                     #<BUILT-IN-CLASS T>
                                                     #<BUILT-IN-CLASS T>
                                                     #<BUILT-IN-CLASS T>) in DEFMETHOD
STYLE-WARNING: redefining OUTPUT-FILES-USING-MAPPINGS in DEFGENERIC
STYLE-WARNING:
   redefining OUTPUT-FILES-USING-MAPPINGS (#<BUILT-IN-CLASS T>
                                           #<BUILT-IN-CLASS T>
                                           #<BUILT-IN-CLASS T>) in DEFMETHOD
STYLE-WARNING:
   redefining OUTPUT-FILES :AROUND (#<STANDARD-CLASS COMPILE-OP>
                                    #<STANDARD-CLASS SOURCE-FILE>) in DEFMETHOD
WARNING:
   Missing FILE-WRITE-DATE for
   #<PATHNAME (with no namestring)
              :HOST #<SB-IMPL::UNIX-HOST {9011299}>
              :DEVICE NIL
              :DIRECTORY (:ABSOLUTE "usr" "share" "common-lisp" "source"
                          "asdf-binary-locations" "dev")
              :NAME "notes.text"
              :TYPE NIL
              :VERSION :NEWEST>:
   treating operation #<ASDF:COMPILE-OP NIL {A7ABC79}> on component
   #<ASDF:STATIC-FILE "notes.text" {A7186C1}> as done.
WARNING:
   Missing FILE-WRITE-DATE for
   #<PATHNAME (with no namestring)
              :HOST #<SB-IMPL::UNIX-HOST {9011299}>
              :DEVICE NIL
              :DIRECTORY (:ABSOLUTE "usr" "share" "common-lisp" "source"
                          "asdf-binary-locations" "website" "source")
              :NAME "index.lml"
              :TYPE NIL
              :VERSION :NEWEST>:
   treating operation #<ASDF:COMPILE-OP NIL {A7ABC79}> on component
   #<ASDF:STATIC-FILE "index.lml" {A746F59}> as done.
STYLE-WARNING: redefining LISP-VERSION-STRING in DEFUN
STYLE-WARNING: redefining IMPLEMENTATION-SPECIFIC-DIRECTORY-NAME in DEFUN
STYLE-WARNING: redefining PATHNAME-PREFIX-P in DEFUN
STYLE-WARNING: redefining OUTPUT-FILES-FOR-SYSTEM-AND-OPERATION in DEFGENERIC
STYLE-WARNING:
   redefining OUTPUT-FILES-FOR-SYSTEM-AND-OPERATION (#<STANDARD-CLASS SYSTEM>
                                                     #<BUILT-IN-CLASS T>
                                                     #<BUILT-IN-CLASS T>
                                                     #<BUILT-IN-CLASS T>
                                                     #<BUILT-IN-CLASS T>) in DEFMETHOD
STYLE-WARNING: redefining OUTPUT-FILES-USING-MAPPINGS in DEFGENERIC
STYLE-WARNING:
   redefining OUTPUT-FILES-USING-MAPPINGS (#<BUILT-IN-CLASS T>
                                           #<BUILT-IN-CLASS T>
                                           #<BUILT-IN-CLASS T>) in DEFMETHOD
STYLE-WARNING:
   redefining OUTPUT-FILES :AROUND (#<STANDARD-CLASS COMPILE-OP>
                                    #<STANDARD-CLASS SOURCE-FILE>) in DEFMETHOD
WARNING:
   Missing FILE-WRITE-DATE for
   #<PATHNAME (with no namestring)
              :HOST #<SB-IMPL::UNIX-HOST {9011299}>
              :DEVICE NIL
              :DIRECTORY (:ABSOLUTE "usr" "share" "common-lisp" "source"
                          "asdf-binary-locations" "dev")
              :NAME "notes.text"
              :TYPE NIL
              :VERSION :NEWEST>:
   treating operation #<ASDF:COMPILE-OP NIL {A7ABC79}> on component
   #<ASDF:STATIC-FILE "notes.text" {A7186C1}> as done.
WARNING:
   Missing FILE-WRITE-DATE for
   #<PATHNAME (with no namestring)
              :HOST #<SB-IMPL::UNIX-HOST {9011299}>
              :DEVICE NIL
              :DIRECTORY (:ABSOLUTE "usr" "share" "common-lisp" "source"
                          "asdf-binary-locations" "website" "source")
              :NAME "index.lml"
              :TYPE NIL
              :VERSION :NEWEST>:
   treating operation #<ASDF:COMPILE-OP NIL {A7ABC79}> on component
   #<ASDF:STATIC-FILE "index.lml" {A746F59}> as done.
STYLE-WARNING: redefining LISP-VERSION-STRING in DEFUN
STYLE-WARNING: redefining IMPLEMENTATION-SPECIFIC-DIRECTORY-NAME in DEFUN
STYLE-WARNING: redefining PATHNAME-PREFIX-P in DEFUN
STYLE-WARNING: redefining OUTPUT-FILES-FOR-SYSTEM-AND-OPERATION in DEFGENERIC
STYLE-WARNING:
   redefining OUTPUT-FILES-FOR-SYSTEM-AND-OPERATION (#<STANDARD-CLASS SYSTEM>
                                                     #<BUILT-IN-CLASS T>
                                                     #<BUILT-IN-CLASS T>
                                                     #<BUILT-IN-CLASS T>
                                                     #<BUILT-IN-CLASS T>) in DEFMETHOD
STYLE-WARNING: redefining OUTPUT-FILES-USING-MAPPINGS in DEFGENERIC
STYLE-WARNING:
   redefining OUTPUT-FILES-USING-MAPPINGS (#<BUILT-IN-CLASS T>
                                           #<BUILT-IN-CLASS T>
                                           #<BUILT-IN-CLASS T>) in DEFMETHOD
STYLE-WARNING:
   redefining OUTPUT-FILES :AROUND (#<STANDARD-CLASS COMPILE-OP>
                                    #<STANDARD-CLASS SOURCE-FILE>) in DEFMETHOD
WARNING:
   Missing FILE-WRITE-DATE for
   #<PATHNAME (with no namestring)
              :HOST #<SB-IMPL::UNIX-HOST {9011299}>
              :DEVICE NIL
              :DIRECTORY (:ABSOLUTE "usr" "share" "common-lisp" "source"
                          "asdf-binary-locations" "dev")
              :NAME "notes.text"
              :TYPE NIL
              :VERSION :NEWEST>:
   treating operation #<ASDF:COMPILE-OP NIL {A7ABC79}> on component
   #<ASDF:STATIC-FILE "notes.text" {A7186C1}> as done.
WARNING:
   Missing FILE-WRITE-DATE for
   #<PATHNAME (with no namestring)
              :HOST #<SB-IMPL::UNIX-HOST {9011299}>
              :DEVICE NIL
              :DIRECTORY (:ABSOLUTE "usr" "share" "common-lisp" "source"
                          "asdf-binary-locations" "website" "source")
              :NAME "index.lml"
              :TYPE NIL
              :VERSION :NEWEST>:
   treating operation #<ASDF:COMPILE-OP NIL {A7ABC79}> on component
   #<ASDF:STATIC-FILE "index.lml" {A746F59}> as done.
STYLE-WARNING: redefining LISP-VERSION-STRING in DEFUN
STYLE-WARNING: redefining IMPLEMENTATION-SPECIFIC-DIRECTORY-NAME in DEFUN
STYLE-WARNING: redefining PATHNAME-PREFIX-P in DEFUN
STYLE-WARNING: redefining OUTPUT-FILES-FOR-SYSTEM-AND-OPERATION in DEFGENERIC
STYLE-WARNING:
   redefining OUTPUT-FILES-FOR-SYSTEM-AND-OPERATION (#<STANDARD-CLASS SYSTEM>
                                                     #<BUILT-IN-CLASS T>
                                                     #<BUILT-IN-CLASS T>
                                                     #<BUILT-IN-CLASS T>
                                                     #<BUILT-IN-CLASS T>) in DEFMETHOD
STYLE-WARNING: redefining OUTPUT-FILES-USING-MAPPINGS in DEFGENERIC
STYLE-WARNING:
   redefining OUTPUT-FILES-USING-MAPPINGS (#<BUILT-IN-CLASS T>
                                           #<BUILT-IN-CLASS T>
                                           #<BUILT-IN-CLASS T>) in DEFMETHOD
STYLE-WARNING:
   redefining OUTPUT-FILES :AROUND (#<STANDARD-CLASS COMPILE-OP>
                                    #<STANDARD-CLASS SOURCE-FILE>) in DEFMETHOD
WARNING:
   Missing FILE-WRITE-DATE for
   #<PATHNAME (with no namestring)
              :HOST #<SB-IMPL::UNIX-HOST {9011299}>
              :DEVICE NIL
              :DIRECTORY (:ABSOLUTE "usr" "share" "common-lisp" "source"
                          "asdf-binary-locations" "dev")
              :NAME "notes.text"
              :TYPE NIL
              :VERSION :NEWEST>:
   treating operation #<ASDF:COMPILE-OP NIL {A7ABC79}> on component
   #<ASDF:STATIC-FILE "notes.text" {A7186C1}> as done.
WARNING:
   Missing FILE-WRITE-DATE for
   #<PATHNAME (with no namestring)
              :HOST #<SB-IMPL::UNIX-HOST {9011299}>
              :DEVICE NIL
              :DIRECTORY (:ABSOLUTE "usr" "share" "common-lisp" "source"
                          "asdf-binary-locations" "website" "source")
              :NAME "index.lml"
              :TYPE NIL
              :VERSION :NEWEST>:
   treating operation #<ASDF:COMPILE-OP NIL {A7ABC79}> on component
   #<ASDF:STATIC-FILE "index.lml" {A746F59}> as done.
STYLE-WARNING: redefining LISP-VERSION-STRING in DEFUN
STYLE-WARNING: redefining IMPLEMENTATION-SPECIFIC-DIRECTORY-NAME in DEFUN
STYLE-WARNING: redefining PATHNAME-PREFIX-P in DEFUN
STYLE-WARNING: redefining OUTPUT-FILES-FOR-SYSTEM-AND-OPERATION in DEFGENERIC
STYLE-WARNING:
   redefining OUTPUT-FILES-FOR-SYSTEM-AND-OPERATION (#<STANDARD-CLASS SYSTEM>
                                                     #<BUILT-IN-CLASS T>
                                                     #<BUILT-IN-CLASS T>
                                                     #<BUILT-IN-CLASS T>
                                                     #<BUILT-IN-CLASS T>) in DEFMETHOD
STYLE-WARNING: redefining OUTPUT-FILES-USING-MAPPINGS in DEFGENERIC
STYLE-WARNING:
   redefining OUTPUT-FILES-USING-MAPPINGS (#<BUILT-IN-CLASS T>
                                           #<BUILT-IN-CLASS T>
                                           #<BUILT-IN-CLASS T>) in DEFMETHOD
STYLE-WARNING:
   redefining OUTPUT-FILES :AROUND (#<STANDARD-CLASS COMPILE-OP>
                                    #<STANDARD-CLASS SOURCE-FILE>) in DEFMETHOD
WARNING:
   Missing FILE-WRITE-DATE for
   #<PATHNAME (with no namestring)
              :HOST #<SB-IMPL::UNIX-HOST {9011299}>
              :DEVICE NIL
              :DIRECTORY (:ABSOLUTE "usr" "share" "common-lisp" "source"
                          "asdf-binary-locations" "dev")
              :NAME "notes.text"
              :TYPE NIL
              :VERSION :NEWEST>:
   treating operation #<ASDF:COMPILE-OP NIL {A7ABC79}> on component
   #<ASDF:STATIC-FILE "notes.text" {A7186C1}> as done.
WARNING:
   Missing FILE-WRITE-DATE for
   #<PATHNAME (with no namestring)
              :HOST #<SB-IMPL::UNIX-HOST {9011299}>
              :DEVICE NIL
              :DIRECTORY (:ABSOLUTE "usr" "share" "common-lisp" "source"
                          "asdf-binary-locations" "website" "source")
              :NAME "index.lml"
              :TYPE NIL
              :VERSION :NEWEST>:
   treating operation #<ASDF:COMPILE-OP NIL {A7ABC79}> on component
   #<ASDF:STATIC-FILE "index.lml" {A746F59}> as done.
STYLE-WARNING: redefining LISP-VERSION-STRING in DEFUN
STYLE-WARNING: redefining IMPLEMENTATION-SPECIFIC-DIRECTORY-NAME in DEFUN
STYLE-WARNING: redefining PATHNAME-PREFIX-P in DEFUN
STYLE-WARNING: redefining OUTPUT-FILES-FOR-SYSTEM-AND-OPERATION in DEFGENERIC
STYLE-WARNING:
   redefining OUTPUT-FILES-FOR-SYSTEM-AND-OPERATION (#<STANDARD-CLASS SYSTEM>
                                                     #<BUILT-IN-CLASS T>
                                                     #<BUILT-IN-CLASS T>
                                                     #<BUILT-IN-CLASS T>
                                                     #<BUILT-IN-CLASS T>) in DEFMETHOD
STYLE-WARNING: redefining OUTPUT-FILES-USING-MAPPINGS in DEFGENERIC
STYLE-WARNING:
   redefining OUTPUT-FILES-USING-MAPPINGS (#<BUILT-IN-CLASS T>
                                           #<BUILT-IN-CLASS T>
                                           #<BUILT-IN-CLASS T>) in DEFMETHOD
STYLE-WARNING:
   redefining OUTPUT-FILES :AROUND (#<STANDARD-CLASS COMPILE-OP>
                                    #<STANDARD-CLASS SOURCE-FILE>) in DEFMETHOD
WARNING:
   Missing FILE-WRITE-DATE for
   #<PATHNAME (with no namestring)
              :HOST #<SB-IMPL::UNIX-HOST {9011299}>
              :DEVICE NIL
              :DIRECTORY (:ABSOLUTE "usr" "share" "common-lisp" "source"
                          "asdf-binary-locations" "dev")
              :NAME "notes.text"
              :TYPE NIL
              :VERSION :NEWEST>:
   treating operation #<ASDF:COMPILE-OP NIL {A7ABC79}> on component
   #<ASDF:STATIC-FILE "notes.text" {A7186C1}> as done.
WARNING:
   Missing FILE-WRITE-DATE for
   #<PATHNAME (with no namestring)
              :HOST #<SB-IMPL::UNIX-HOST {9011299}>
              :DEVICE NIL
              :DIRECTORY (:ABSOLUTE "usr" "share" "common-lisp" "source"
                          "asdf-binary-locations" "website" "source")
              :NAME "index.lml"
              :TYPE NIL
              :VERSION :NEWEST>:
   treating operation #<ASDF:COMPILE-OP NIL {A7ABC79}> on component
   #<ASDF:STATIC-FILE "index.lml" {A746F59}> as done.
STYLE-WARNING: redefining LISP-VERSION-STRING in DEFUN
STYLE-WARNING: redefining IMPLEMENTATION-SPECIFIC-DIRECTORY-NAME in DEFUN
STYLE-WARNING: redefining PATHNAME-PREFIX-P in DEFUN
STYLE-WARNING: redefining OUTPUT-FILES-FOR-SYSTEM-AND-OPERATION in DEFGENERIC
STYLE-WARNING:
   redefining OUTPUT-FILES-FOR-SYSTEM-AND-OPERATION (#<STANDARD-CLASS SYSTEM>
                                                     #<BUILT-IN-CLASS T>
                                                     #<BUILT-IN-CLASS T>
                                                     #<BUILT-IN-CLASS T>
                                                     #<BUILT-IN-CLASS T>) in DEFMETHOD
STYLE-WARNING: redefining OUTPUT-FILES-USING-MAPPINGS in DEFGENERIC
STYLE-WARNING:
   redefining OUTPUT-FILES-USING-MAPPINGS (#<BUILT-IN-CLASS T>
                                           #<BUILT-IN-CLASS T>
                                           #<BUILT-IN-CLASS T>) in DEFMETHOD
STYLE-WARNING:
   redefining OUTPUT-FILES :AROUND (#<STANDARD-CLASS COMPILE-OP>
                                    #<STANDARD-CLASS SOURCE-FILE>) in DEFMETHOD
WARNING:
   Missing FILE-WRITE-DATE for
   #<PATHNAME (with no namestring)
              :HOST #<SB-IMPL::UNIX-HOST {9011299}>
              :DEVICE NIL
              :DIRECTORY (:ABSOLUTE "usr" "share" "common-lisp" "source"
                          "asdf-binary-locations" "dev")
              :NAME "notes.text"
              :TYPE NIL
              :VERSION :NEWEST>:
   treating operation #<ASDF:COMPILE-OP NIL {A7ABC79}> on component
   #<ASDF:STATIC-FILE "notes.text" {A7186C1}> as done.
WARNING:
   Missing FILE-WRITE-DATE for
   #<PATHNAME (with no namestring)
              :HOST #<SB-IMPL::UNIX-HOST {9011299}>
              :DEVICE NIL
              :DIRECTORY (:ABSOLUTE "usr" "share" "common-lisp" "source"
                          "asdf-binary-locations" "website" "source")
              :NAME "index.lml"
              :TYPE NIL
              :VERSION :NEWEST>:
   treating operation #<ASDF:COMPILE-OP NIL {A7ABC79}> on component
   #<ASDF:STATIC-FILE "index.lml" {A746F59}> as done.
STYLE-WARNING: redefining LISP-VERSION-STRING in DEFUN
STYLE-WARNING: redefining IMPLEMENTATION-SPECIFIC-DIRECTORY-NAME in DEFUN
STYLE-WARNING: redefining PATHNAME-PREFIX-P in DEFUN
STYLE-WARNING: redefining OUTPUT-FILES-FOR-SYSTEM-AND-OPERATION in DEFGENERIC
STYLE-WARNING:
   redefining OUTPUT-FILES-FOR-SYSTEM-AND-OPERATION (#<STANDARD-CLASS SYSTEM>
                                                     #<BUILT-IN-CLASS T>
                                                     #<BUILT-IN-CLASS T>
                                                     #<BUILT-IN-CLASS T>
                                                     #<BUILT-IN-CLASS T>) in DEFMETHOD
STYLE-WARNING: redefining OUTPUT-FILES-USING-MAPPINGS in DEFGENERIC
STYLE-WARNING:
   redefining OUTPUT-FILES-USING-MAPPINGS (#<BUILT-IN-CLASS T>
                                           #<BUILT-IN-CLASS T>
                                           #<BUILT-IN-CLASS T>) in DEFMETHOD
STYLE-WARNING:
   redefining OUTPUT-FILES :AROUND (#<STANDARD-CLASS COMPILE-OP>
                                    #<STANDARD-CLASS SOURCE-FILE>) in DEFMETHOD
WARNING:
   Missing FILE-WRITE-DATE for
   #<PATHNAME (with no namestring)
              :HOST #<SB-IMPL::UNIX-HOST {9011299}>
              :DEVICE NIL
              :DIRECTORY (:ABSOLUTE "usr" "share" "common-lisp" "source"
                          "asdf-binary-locations" "dev")
              :NAME "notes.text"
              :TYPE NIL
              :VERSION :NEWEST>:
   treating operation #<ASDF:COMPILE-OP NIL {A7ABC79}> on component
   #<ASDF:STATIC-FILE "notes.text" {A7186C1}> as done.
WARNING:
   Missing FILE-WRITE-DATE for
   #<PATHNAME (with no namestring)
              :HOST #<SB-IMPL::UNIX-HOST {9011299}>
              :DEVICE NIL
              :DIRECTORY (:ABSOLUTE "usr" "share" "common-lisp" "source"
                          "asdf-binary-locations" "website" "source")
              :NAME "index.lml"
              :TYPE NIL
              :VERSION :NEWEST>:
   treating operation #<ASDF:COMPILE-OP NIL {A7ABC79}> on component
   #<ASDF:STATIC-FILE "index.lml" {A746F59}> as done.
STYLE-WARNING: redefining LISP-VERSION-STRING in DEFUN
STYLE-WARNING: redefining IMPLEMENTATION-SPECIFIC-DIRECTORY-NAME in DEFUN
STYLE-WARNING: redefining PATHNAME-PREFIX-P in DEFUN
STYLE-WARNING: redefining OUTPUT-FILES-FOR-SYSTEM-AND-OPERATION in DEFGENERIC
STYLE-WARNING:
   redefining OUTPUT-FILES-FOR-SYSTEM-AND-OPERATION (#<STANDARD-CLASS SYSTEM>
                                                     #<BUILT-IN-CLASS T>
                                                     #<BUILT-IN-CLASS T>
                                                     #<BUILT-IN-CLASS T>
                                                     #<BUILT-IN-CLASS T>) in DEFMETHOD
STYLE-WARNING: redefining OUTPUT-FILES-USING-MAPPINGS in DEFGENERIC
STYLE-WARNING:
   redefining OUTPUT-FILES-USING-MAPPINGS (#<BUILT-IN-CLASS T>
                                           #<BUILT-IN-CLASS T>
                                           #<BUILT-IN-CLASS T>) in DEFMETHOD
STYLE-WARNING:
   redefining OUTPUT-FILES :AROUND (#<STANDARD-CLASS COMPILE-OP>
                                    #<STANDARD-CLASS SOURCE-FILE>) in DEFMETHOD


PROGRAM OUTPUT
==============
Primes up to 20480000  1299069
Primes up to 10240000   679461
Primes up to  5120000   356244
