BUILD COMMANDS FOR: nsievebits.nice-2.nice

Tue Oct 17 15:41:12 PDT 2006

( if [ ! -d nsievebits.nice-2.nice_run ] ; then mkdir nsievebits.nice-2.nice_run ; mkdir nsievebits.nice-2.nice_run/nsievebits ; fi)
cp /home/dunham/gp4/shootout/bench/nsievebits/nsievebits.nice-2.nice nsievebits.nice-2.nice_run/nsievebits/nsievebits.nice
( cd nsievebits.nice-2.nice_run/nsievebits ; /opt/nice-0.9.12/bin/nicec -d . --sourcepath "..:../../../.." -a ../../nsievebits.jar nsievebits )
nice.lang: parsing
nsievebits: parsing
nsievebits: typechecking
nsievebits: generating code
nsievebits: linking
nsievebits: writing in archive
nice.lang: writing in archive
touch nsievebits.nice-2.nice_run

=================================================================
COMMAND LINE (%A is single numeric argument):

 /opt/sun-jdk-1.5.0.08/bin/java -server -jar nsievebits.jar %A


PROGRAM OUTPUT
==============
Primes up to  5120000   356244
Primes up to  2560000   187134
Primes up to  1280000    98610
