BUILD COMMANDS FOR: nsieve.fpascal-2.fpascal

Sat Sep 23 23:27:58 PDT 2006

cp /home/dunham/gp4/shootout/bench/nsieve/nsieve.fpascal-2.fpascal nsieve.fpascal-2.pas
/usr/bin/fpc -XX -Xs -O3p3r -oFPASCAL_RUN nsieve.fpascal-2.pas
Free Pascal Compiler version 2.0.4 [2006/09/11] for i386
Copyright (c) 1993-2006 by Florian Klaempfl
Target OS: Linux for i386
Compiling nsieve.fpascal-2.pas
nsieve.fpascal-2.pas(11,8) Note: Local variable "z" is assigned but never used
Linking FPASCAL_RUN
41 Lines compiled, 0.0 sec
mv FPASCAL_RUN nsieve.fpascal-2.fpascal_run
rm nsieve.fpascal-2.pas

=================================================================
COMMAND LINE (%A is single numeric argument):

nsieve.fpascal-2.fpascal_run %A


PROGRAM OUTPUT
==============
Primes up to  5120000   356244
Primes up to  2560000   187134
Primes up to  1280000    98610
