BUILD COMMANDS FOR: nsievebits.java14-5.java14

Tue May 13 20:12:00 PDT 2008

( if [ ! -d nsievebits.java14-5.java14_run ] ; then mkdir nsievebits.java14-5.java14_run ; fi)
cp /home/dunham/gp4/shootout/bench/nsievebits/nsievebits.java14-5.java14 nsievebits.java14-5.java14_run/nsievebits.java
( cd nsievebits.java14-5.java14_run ; rm -rf *.class; /opt/sun-jdk-1.4.2.16/bin/javac -classpath '.' nsievebits.java )
nsievebits.java:53: cannot resolve symbol
symbol  : class StringBuilder 
location: class nsievebits
       StringBuilder buffer = new StringBuilder();
       ^
nsievebits.java:53: cannot resolve symbol
symbol  : class StringBuilder 
location: class nsievebits
       StringBuilder buffer = new StringBuilder();
                                  ^
2 errors
make[3]: [nsievebits.java14-5.java14_run] Error 1 (ignored)
touch nsievebits.java14-5.java14_run

=================================================================
COMMAND LINE (%A is single numeric argument):

 /opt/sun-jdk-1.4.2.16/bin/java $JDKFLAGS -server -Xbatch -classpath nsievebits.java14-5.java14_run nsievebits %A
Exception in thread "main" java.lang.NoClassDefFoundError: nsievebits
TEST FAILED - Child processed exited with error code (1)


PROGRAM OUTPUT
==============
