BUILD COMMANDS FOR: nsieve.xds

Wed Oct  5 22:52:07 PDT 2005

cp /opt/shootout/shootout/bench/nsieve/nsieve.xds nsieve.xds
/opt/xds_x86/bin/xc +o2 =m =a  nsieve.xds
O2/M2 development system v2.51 (c) 1999-2003 Excelsior, LLC. (build 10.05.2005)
XDS Oberon-2 v2.40 [x86, v1.50] - build 10.05.2005
Compiling "nsieve.xds"

* [nsieve.xds 9.16 F425]
* file open error: "Shootout.sym" no such file
IMPORT Shootout$,Out;
errors  1, no warnings, lines    9, time  0.01
make[2]: [nsieve.xds_run] Error 1 (ignored)
mv nsieve nsieve.xds_run
mv: cannot stat `nsieve': No such file or directory
make[2]: [nsieve.xds_run] Error 1 (ignored)

=================================================================
COMMAND LINE (%A is single numeric argument):

nsieve.xds_run %A
Error, could not exec nsieve.xds_run 7 (No such file or directory)
PATH=/opt/shootout/shootout/bench/nsieve:/opt/shootout/shootout/bench/nsieve/tmp:/usr/local/Acrobat5/bin:/usr/lib/postgresql/bin:/home/brent/GNUstep/Tools:/usr/local/lib/GNUstep/Local/Tools:/usr/local/lib/GNUstep/Network/Tools:/usr/lib/GNUstep/System/Tools:/usr/local/bin:/usr/bin:/bin:/usr/bin/X11:/usr/games
TEST FAILED - Child processed exited with error code (1)


PROGRAM OUTPUT
==============
