RUNNING SCRIPT: nsievebits.vw

Sat Apr 14 00:00:07 PDT 2007


=================================================================
COMMAND LINE (%A is single numeric argument):

 /opt/vw7/bin/linux86/vwlinux86 /opt/vw7/image/benchmarks.im -nogui -evaluate "Shootout.Tests nsievebits" -a %A
************************************************************
*   TEST (nsievebits.vw) FAILED - ERROR:  nsievebits.vw_out differs from Output.9
************************************************************
-rw-r--r-- 1 dunham users   93 Oct 29 20:14 Output.9
-rw-r--r-- 1 dunham users 4468 Apr 14 00:00 nsievebits.vw_out


PROGRAM OUTPUT
==============
 (UndefinedObject #DoIt - undeclaredSoftLink) 
---------------------------------------------------
LiteralBindingReference(Object)>>error:
LiteralBindingReference(GeneralBindingReference)>>binding
LiteralBindingReference(GeneralBindingReference)>>value
UndefinedObject>>unboundMethod
UndefinedObject(Object)>>performMethod:arguments:
UndefinedObject(Object)>>performMethod:
Compiler(SmalltalkCompiler)>>evaluate:in:allowReceiver:receiver:environment:notifying:ifFail:
Compiler class(SmalltalkCompiler class)>>evaluate:for:in:notifying:logged:
Compiler class(SmalltalkCompiler class)>>evaluate:notifying:logged:
Compiler class(SmalltalkCompiler class)>>evaluate:logged:
Compiler class(SmalltalkCompiler class)>>evaluate:
optimized [] in [] in ImageConfigurationSystem>>runCodeAndThenQuit:
OrderedCollection>>do:
optimized [] in ImageConfigurationSystem>>runCodeAndThenQuit:
BlockClosure>>ensure:
ImageConfigurationSystem>>runCodeAndThenQuit:
CommandLineInterest>>triggerWithTokenStream:
CommandLineInterest>>triggerOptionAt:
optimized [] in [] in Subsystem>>runActivationActions
SortedCollection(OrderedCollection)>>do:
optimized [] in Subsystem>>runActivationActions
SortedCollection(OrderedCollection)>>do:
ImageConfigurationSystem(Subsystem)>>runActivationActions
ImageConfigurationSystem>>runActivationActions
ImageConfigurationSystem(Subsystem)>>privateActivate
ImageConfigurationSystem class(Subsystem class)>>activate
optimized [] in Subsystem>>ensurePrerequisitesAreActive
Set>>do:
RuntimeSystem(Subsystem)>>ensurePrerequisitesAreActive
RuntimeSystem(Subsystem)>>privateActivate
RuntimeSystem class(Subsystem class)>>activate
optimized [] in Subsystem>>ensurePrerequisitesAreActive
Set>>do:
UserApplication(Subsystem)>>ensurePrerequisitesAreActive
UserApplication(Subsystem)>>privateActivate
UserApplication class(Subsystem class)>>activate
UserApplication class(Subsystem class)>>reactToEvent:
optimized [] in Subsystem class>>signalEvent:to:
Set>>do:
Subsystem class>>signalEvent:to:
Subsystem class>>signalEvent:
Snapshot>>signalSystemEvent:
Snapshot>>postSnapshotBootstrap
Snapshot>>privateSnapshot
optimized [] in [] in Snapshot>>snapshot
Cursor>>showWhile:
optimized [] in Snapshot>>snapshot
BlockClosure>>ensure:
===================================
!!! Note: Truncated to 50 lines !!!
===================================
