BUILD COMMANDS FOR: nsieve.smlnj

Thu Nov  3 04:58:18 UTC 2005

cp /home/dunham/gp4/shootout/bench/nsieve/nsieve.smlnj nsieve.sml
cp /home/dunham/gp4/shootout/bench/nsieve/cm_nsieve.cm nsieve.cm
/usr/bin/ml-build nsieve.cm Test.main nsieve
Standard ML of New Jersey v110.45 [FLINT v1.5], February 13, 2004
[scanning nsieve.cm]
[parsing (nsieve.cm):nsieve.sml]
[creating directory .cm/SKEL]
[compiling (nsieve.cm):nsieve.sml]
[creating directory .cm/GUID]
[creating directory .cm/x86-unix]
[code: 3966, data: 42, env: 248 bytes]
[scanning 6655-export.cm]
[scanning (6655-export.cm):nsieve.cm]
[parsing (6655-export.cm):6655-export.sml]
[compiling (6655-export.cm):6655-export.sml]
[code: 219, data: 35, env: 42 bytes]

=================================================================
COMMAND LINE (%A is single numeric argument):

 /usr/bin/sml @SMLload=nsieve %A
/usr/bin/sml: Error -- unable to read 36 bytes from image
/usr/bin/sml: Fatal error -- incorrect byte order in heap image

TEST FAILED - Child processed exited with error code (1)


PROGRAM OUTPUT
==============
