RUNNING SCRIPT: nsievebits.yarv-2.yarv

Thu Mar 22 19:03:12 PDT 2007


=================================================================
COMMAND LINE (%A is single numeric argument):

 /opt/ruby/ruby ../nsievebits.yarv-2.yarv %A
************************************************************
*   FILE COMPARISON ERROR
************************************************************
L1: Primes up to  5120000        0

L2: Primes up to  5120000   356244

************************************************************
*   TEST (nsievebits.yarv-2.yarv) FAILED - ERROR:  nsievebits.yarv-2.yarv_out differs from Output.9
************************************************************
-rw-r--r-- 1 dunham users 93 Oct 29 20:14 Output.9
-rw-r--r-- 1 dunham users 93 Mar 22 19:03 nsievebits.yarv-2.yarv_out


PROGRAM OUTPUT
==============
Primes up to  5120000        0
Primes up to  2560000        0
Primes up to  1280000        0
