BUILD COMMANDS FOR: nsievebits.scala

Mon May  8 08:58:54 PDT 2006

( if [ ! -d nsievebits.scala_run ] ; then mkdir nsievebits.scala_run ; fi)
cp /home/dunham/gp4/shootout/bench/nsievebits/nsievebits.scala nsievebits.scala_run/nsievebits.scala
( cd nsievebits.scala_run ; /opt/scala-2.1.2/bin/scalac nsievebits.scala )
nsievebits.scala:29 error: not found: type BitSet
    val sieve: BitSet = new BitSet(m); sieve.ensureCapacity(m);
               ^
nsievebits.scala:29 error: not found: type BitSet
    val sieve: BitSet = new BitSet(m); sieve.ensureCapacity(m);
                            ^
two errors found
make[3]: [nsievebits.scala_run] Error 1 (ignored)
touch nsievebits.scala_run

=================================================================
COMMAND LINE (%A is single numeric argument):

 /opt/scala-2.1.2/bin/scala -server -classpath nsievebits.scala_run nsievebits %A
Exception in thread "main" java.lang.NoClassDefFoundError: nsievebits
TEST FAILED - Child processed exited with error code (1)


PROGRAM OUTPUT
==============
