BUILD COMMANDS FOR: partialsums.clean-2.clean

Wed Sep 20 10:40:19 PDT 2006

cp /home/dunham/gp4/shootout/bench/partialsums/partialsums.clean-2.clean partialsums.icl
/opt/clean/bin/clm -b -nt -l /opt/clean/lib/ArgEnv/ArgEnvC.o -I ../../Include/clean -I /opt/clean/lib/ArgEnv  partialsums -o partialsums.clean-2.clean_run
Compiling partialsums
Generating code for partialsums
Linking partialsums

=================================================================
COMMAND LINE (%A is single numeric argument):

 partialsums.clean-2.clean_run $CLEANFLAGS %A


PROGRAM OUTPUT
==============
3.000000000	(2/3)^k
3160.817621887	k^-0.5
0.999999600	1/k(k+1)
30.314541510	Flint Hills
42.995233998	Cookson Hills
15.309017155	Harmonic
1.644933667	Riemann Zeta
0.693146981	Alternating Harmonic
0.785398063	Gregory
