RUNNING SCRIPT: partialsums.groovy

Fri May  2 22:55:52 PDT 2008


=================================================================
COMMAND LINE (%A is single numeric argument):

 export JAVA_OPTS="-server"; /opt/groovy-1.6-beta-1/bin/groovy ../partialsums.groovy %A
Caught: java.lang.StackOverflowError
	at partialsums.run(partialsums.groovy:51)
	at partialsums.main(partialsums.groovy)
	at partialsums.run(partialsums.groovy:51)
	at partialsums.main(partialsums.groovy)
	at partialsums.run(partialsums.groovy:51)
	at partialsums.main(partialsums.groovy)
	at partialsums.run(partialsums.groovy:51)
	at partialsums.main(partialsums.groovy)
	at partialsums.run(partialsums.groovy:51)
	at partialsums.main(partialsums.groovy)
	at partialsums.run(partialsums.groovy:51)
	at partialsums.main(partialsums.groovy)
	at partialsums.run(partialsums.groovy:51)
	at partialsums.main(partialsums.groovy)
	at partialsums.run(partialsums.groovy:51)
	at partialsums.main(partialsums.groovy)
	at partialsums.run(partialsums.groovy:51)
	at partialsums.main(partialsums.groovy)
	at partialsums.run(partialsums.groovy:51)
	at partialsums.main(partialsums.groovy)
	at partialsums.run(partialsums.groovy:51)
	at partialsums.main(partialsums.groovy)
	at partialsums.run(partialsums.groovy:51)
	at partialsums.main(partialsums.groovy)
	at partialsums.run(partialsums.groovy:51)
	at partialsums.main(partialsums.groovy)
	at partialsums.run(partialsums.groovy:51)
	at partialsums.main(partialsums.groovy)
	at partialsums.run(partialsums.groovy:51)
	at partialsums.main(partialsums.groovy)
	at partialsums.run(partialsums.groovy:51)
	at partialsums.main(partialsums.groovy)
	at partialsums.run(partialsums.groovy:51)
	at partialsums.main(partialsums.groovy)
	at partialsums.run(partialsums.groovy:51)
	at partialsums.main(partialsums.groovy)
	at partialsums.run(partialsums.groovy:51)
	at partialsums.main(partialsums.groovy)
	at partialsums.run(partialsums.groovy:51)
	at partialsums.main(partialsums.groovy)
	at partialsums.run(partialsums.groovy:51)
	at partialsums.main(partialsums.groovy)
	at partialsums.run(partialsums.groovy:51)
	at partialsums.main(partialsums.groovy)
	at partialsums.run(partialsums.groovy:51)
	at partialsums.main(partialsums.groovy)
	at partialsums.run(partialsums.groovy:51)
	at partialsums.main(partialsums.groovy)
	at partialsums.run(partialsums.groovy:51)
	at partialsums.main(partialsums.groovy)
	at partialsums.run(partialsums.groovy:51)
	at partialsums.main(partialsums.groovy)
	at partialsums.run(partialsums.groovy:51)
	at partialsums.main(partialsums.groovy)
	at partialsums.run(partialsums.groovy:51)
	at partialsums.main(partialsums.groovy)
	at partialsums.run(partialsums.groovy:51)
	at partialsums.main(partialsums.groovy)
	at partialsums.run(partialsums.groovy:51)
	at partialsums.main(partialsums.groovy)
	at partialsums.run(partialsums.groovy:51)
	at partialsums.main(partialsums.groovy)
	at partialsums.run(partialsums.groovy:51)
	at partialsums.main(partialsums.groovy)
	at partialsums.run(partialsums.groovy:51)
	at partialsums.main(partialsums.groovy)
	at partialsums.run(partialsums.groovy:51)
	at partialsums.main(partialsums.groovy)
	at partialsums.run(partialsums.groovy:51)
	at partialsums.main(partialsums.groovy)
	at partialsums.run(partialsums.groovy:51)
	at partialsums.main(partialsums.groovy)
	at partialsums.run(partialsums.groovy:51)
	at partialsums.main(partialsums.groovy)
	at partialsums.run(partialsums.groovy:51)
	at partialsums.main(partialsums.groovy)
	at partialsums.run(partialsums.groovy:51)
	at partialsums.main(partialsums.groovy)
	at partialsums.run(partialsums.groovy:51)
	at partialsums.main(partialsums.groovy)
	at partialsums.run(partialsums.groovy:51)
TEST FAILED - Child processed exited with error code (1)


PROGRAM OUTPUT
==============
