BUILD COMMANDS FOR: partialsums.erlang-2.erlang

Sun Feb  5 06:07:39 PST 2006

cp /home/dunham/gp4/shootout/bench/partialsums/partialsums.erlang-2.erlang partialsums.erlang-2.erl
/opt/otp_src_R10B-8/bin/erlc partialsums.erlang-2.erl
./partialsums.erlang-2.erl:17: syntax error before: ')'
./partialsums.erlang-2.erl:6: function main/1 undefined
./partialsums.erlang-2.erl:37: Warning: variable 'Alt' is unused
./partialsums.erlang-2.erl:37: Warning: variable 'K' is unused
./partialsums.erlang-2.erl:37: Warning: variable 'N' is unused
./partialsums.erlang-2.erl:39: Warning: function loop/12 is unused
make[3]: [partialsums.erlang-2.erlang_run] Error 1 (ignored)
rm partialsums.erlang-2.erl

=================================================================
COMMAND LINE (%A is single numeric argument):

 /opt/otp_src_R10B-8/bin/erl -noinput -noshell -run partialsums main %A

Crash dump was written to: erl_crash.dump
init terminating in do_boot ()
TEST FAILED - Child processed exited with error code (1)


PROGRAM OUTPUT
==============
{"init terminating in do_boot",{undef,[{partialsums,main,[["25000"]]},{init,start_it,1},{init,start_em,1}]}}
