BUILD COMMANDS FOR: partialsums.java-2.java

Thu Jul 10 18:36:59 PDT 2008

( if [ ! -d partialsums.java-2.java_run ] ; then mkdir partialsums.java-2.java_run ; fi)
cp /home/dunham/gp4/shootout/bench/partialsums/partialsums.java-2.java partialsums.java-2.java_run/partialsums.java
( cd partialsums.java-2.java_run ; rm -rf *.class; /opt/sun-jdk-1.6.0.07/bin/javac -classpath '.' partialsums.java )
touch partialsums.java-2.java_run

=================================================================
COMMAND LINE (%A is single numeric argument):

 /opt/sun-jdk-1.6.0.07/bin/java $JDKFLAGS -server -Xbatch -classpath partialsums.java-2.java_run partialsums %A


PROGRAM OUTPUT
==============
3.000000000	(2/3)^k
3160.817621887	k^-0.5
0.999999600	1/k(k+1)
30.314541510	Flint Hills
42.995233998	Cookson Hills
15.309017155	Harmonic
1.644933667	Riemann Zeta
0.693146981	Alternating Harmonic
0.785398063	Gregory
