BUILD COMMANDS FOR: partialsums.mercury

Tue May 13 08:56:30 PDT 2008

/usr/bin/mmc  partialsums.m -o partialsums.mercury_run
partialsums.c:68: warning: 'mercury__partialsums__compute_sums__5_0' used but never defined
partialsums.c:69: warning: 'mercury____Unify___partialsums__sums_0_0' used but never defined
partialsums.c:70: warning: 'mercury____Compare___partialsums__sums_0_0' used but never defined
rm partialsums.m

=================================================================
COMMAND LINE (%A is single numeric argument):

partialsums.mercury_run %A


PROGRAM OUTPUT
==============
3.000000000	(2/3)^k
3160.817621887	k^-0.5
0.999999600	1/k(k+1)
30.314541510	Flint Hills
42.995233998	Cookson Hills
15.309017155	Harmonic
1.644933667	Riemann Zeta
0.693146981	Alternating Harmonic
0.785398063	Gregory
