BUILD COMMANDS FOR: partialsums.gnat

Fri Feb 10 23:15:29 PST 2006

cp /home/dunham/gp4/shootout/bench/partialsums/partialsums.gnat partialsums.ada
/usr/bin/gnatchop -w partialsums.ada
splitting partialsums.ada into:
   partialsums.adb
/usr/bin/gnatmake -gnatp -Wall -O3 -fomit-frame-pointer -funroll-loops -lm -mfpmath=sse -msse2 -f partialsums.adb -o partialsums.gnat_run
gnatgcc -c -gnatp -Wall -O3 -fomit-frame-pointer -funroll-loops -lm -mfpmath=sse -msse2 partialsums.adb
gnatgcc: -lm: linker input file unused because linking not done
gnatbind -x partialsums.ali
gnatlink partialsums.ali -mfpmath=sse -msse2 -o partialsums.gnat_run
rm partialsums.ada

=================================================================
COMMAND LINE (%A is single numeric argument):

partialsums.gnat_run %A
************************************************************
*   FILE COMPARISON ERROR
************************************************************
L1: 42.995162793	Cookson Hills

L2: 42.995162792	Cookson Hills

************************************************************
*   TEST (partialsums.gnat_run) FAILED - ERROR:  partialsums.gnat_out differs from Output.250000
************************************************************
-rw-r--r--  1 dunham users 214 Feb  5 06:06 Output.250000
-rw-r--r--  1 dunham users 214 Feb 10 23:15 partialsums.gnat_out


PROGRAM OUTPUT
==============
3.000000000	(2/3)^k
998.540645491	k^-0.5
0.999996000	1/k(k+1)
30.314534438	Flint Hills
42.995162793	Cookson Hills
13.006433862	Harmonic
1.644930067	Riemann Zeta
0.693145181	Alternating Harmonic
0.785397163	Gregory
