BUILD COMMANDS FOR: partialsums.ibmjava-2.ibmjava

Fri Sep 22 21:33:59 PDT 2006

( if [ ! -d partialsums.ibmjava-2.ibmjava_run ] ; then mkdir partialsums.ibmjava-2.ibmjava_run ; fi)
cp /home/dunham/gp4/shootout/bench/partialsums/partialsums.ibmjava-2.ibmjava partialsums.ibmjava-2.ibmjava_run/partialsums.java
( cd partialsums.ibmjava-2.ibmjava_run ; rm -rf *.class; /opt/ibm-jdk-bin-1.5.0.2/bin/javac -classpath '.' partialsums.java )
touch partialsums.ibmjava-2.ibmjava_run

=================================================================
COMMAND LINE (%A is single numeric argument):

 /opt/ibm-jdk-bin-1.5.0.2/bin/java -classpath  partialsums.ibmjava-2.ibmjava_run  partialsums %A


PROGRAM OUTPUT
==============
3.000000000	(2/3)^k
3160.817621887	k^-0.5
0.999999600	1/k(k+1)
30.314541510	Flint Hills
42.995233998	Cookson Hills
15.309017155	Harmonic
1.644933667	Riemann Zeta
0.693146981	Alternating Harmonic
0.785398063	Gregory
