BUILD COMMANDS FOR: partialsums.ooc-2.ooc

Fri Jan 27 17:41:23 PST 2006

cp /home/dunham/gp4/shootout/bench/partialsums/partialsums.ooc-2.ooc partialsums.ooc
/usr/local/bin/oo2c -r ../../Include/ooc -r . -A --no-rtc -M partialsums.ooc
mv bin/* partialsums.ooc-2.ooc_run
rm -rf obj sym bin	

=================================================================
COMMAND LINE (%A is single numeric argument):

partialsums.ooc-2.ooc_run %A


PROGRAM OUTPUT
==============
3.000000000	(2/3)^k
3160.817621887	k^-0.5
0.999999600	1/k(k+1)
30.314541510	Flint Hills
42.995233998	Cookson Hills
15.309017155	Harmonic
1.644933667	Riemann Zeta
0.693146981	Alternating Harmonic
0.785398063	Gregory
