BUILD COMMANDS FOR: partialsums.csharp

Sun Jan 22 12:35:33 PST 2006

cp /home/dunham/gp4/shootout/bench/partialsums/partialsums.csharp partialsums.cs
rm -f partialsums.csharp_run
/usr/bin/mcs  -out:partialsums.csharp_run partialsums.cs
rm partialsums.cs

=================================================================
COMMAND LINE (%A is single numeric argument):

 /usr/bin/mono partialsums.csharp_run %A


PROGRAM OUTPUT
==============
3.000000000	(2/3)^k
2826.967123791	k^-0.5
0.989721834	1/k(k+1)
30.314541445	Flint Hills
42.995233980	Cookson Hills
15.085873653	Harmonic
1.644933567	Riemann Zeta
0.693146931	Alternating Harmonic
0.785398038	Gregory
