BUILD COMMANDS FOR: partialsums.erlang

Mon Jan 23 23:39:32 PST 2006

cp /home/dunham/gp4/shootout/bench/partialsums/partialsums.erlang partialsums.erl
/opt/otp_src_R10B-8/bin/erlc partialsums.erl
./partialsums.erl:43: Warning: variable 'A' is unused
./partialsums.erl:46: Warning: variable 'A' is unused
rm partialsums.erl

=================================================================
COMMAND LINE (%A is single numeric argument):

 /opt/otp_src_R10B-8/bin/erl -noinput -noshell -run partialsums main %A
************************************************************
*   FILE COMPARISON ERROR
************************************************************
L1: 42.995162793	Cookson Hills

L2: 42.995162792	Cookson Hills

************************************************************
*   TEST (partialsums.erlang_run) FAILED - ERROR:  partialsums.erlang_out differs from Output.250000
************************************************************
-rw-r--r--  1 dunham users 214 Jan 23 20:06 Output.250000
-rw-r--r--  1 dunham users 214 Jan 23 23:39 partialsums.erlang_out


PROGRAM OUTPUT
==============
3.000000000	(2/3)^k
998.540645491	k^-0.5
0.999996000	1/k(k+1)
30.314534438	Flint Hills
42.995162793	Cookson Hills
13.006433862	Harmonic
1.644930067	Riemann Zeta
0.693145181	Alternating Harmonic
0.785397163	Gregory
