BUILD COMMANDS FOR: partialsums.znn

Wed May  9 13:46:52 PDT 2007

cp /home/dunham/gp4/shootout/bench/partialsums/partialsums.znn partialsums.znn
rm -f partialsums.znn_run
/usr/bin/mono /opt/ch.ethz.zonnon_1.0.57/compiler/zc.exe /entry:partialsums /out:partialsums.znn_run.exe partialsums.znn
Zonnon Compiler, Version 1.0.0.57 of Sunday, 08 April 2007, 10:24:06
(c) 2003-2005 ETH Zurich
Compilation completed successfully
rm partialsums.znn

=================================================================
COMMAND LINE (%A is single numeric argument):

 /usr/bin/mono partialsums.znn_run.exe %A
************************************************************
*   FILE COMPARISON ERROR
************************************************************
L1: 314.770573775	k^-0.5

L2: 998.540645491	k^-0.5

************************************************************
*   TEST (partialsums.znn_run) FAILED - ERROR:  partialsums.znn_out differs from Output.250000
************************************************************
-rw-r--r-- 1 dunham users 214 Feb  5  2006 Output.250000
-rw-r--r-- 1 dunham users 214 May  9 13:46 partialsums.znn_out


PROGRAM OUTPUT
==============
3.000000000	(2/3)^k
314.770573775	k^-0.5
0.999960002	1/k(k+1)
30.314520404	Flint Hills
42.994899946	Cookson Hills
10.703866769	Harmonic
1.644894068	Riemann Zeta
0.693127181	Alternating Harmonic
0.785388163	Gregory
