BUILD COMMANDS FOR: partialsums.chicken

Sat Mar 18 10:38:26 PST 2006

cp /home/dunham/gp4/shootout/bench/partialsums/partialsums.chicken partialsums.chicken
rm -f partialsums.chicken_run
/usr/local/bin/csc partialsums.chicken -O3 -d0 -lambda-lift -b  -o partialsums.chicken_run
rm partialsums.chicken

=================================================================
COMMAND LINE (%A is single numeric argument):

partialsums.chicken_run %A
************************************************************
*   TEST (partialsums.chicken_run) FAILED - ERROR:  partialsums.chicken_out differs from Output.25000
************************************************************
-rw-r--r--  1 dunham users 214 Feb  5 06:06 Output.25000
-rw-r--r--  1 dunham users 216 Mar 18 10:38 partialsums.chicken_out


PROGRAM OUTPUT
==============
3.000000000	(2/3)^k
314.770573775	k^-0.5
0.999960002	1/k(k+1)
30.314520404	Flint Hills
42.994899946	Cookson Hills
10.703866769	Harmonic
1.644894068	Riemann Zeta
-0.693127181	Alternating Harmonic
-0.785388163	Gregory
