BUILD COMMANDS FOR: partialsums.gnat-2.gnat

Sat Aug 19 13:18:27 PDT 2006

cp /home/dunham/gp4/shootout/bench/partialsums/partialsums.gnat-2.gnat partialsums.gnat-2.ada
/usr/bin/gnatchop -w partialsums.gnat-2.ada
splitting partialsums.gnat-2.ada into:
   partialsums.adb
/usr/bin/gnatmake -gnatp -Wall -O3 -fomit-frame-pointer -funroll-loops -lm -mfpmath=sse -msse2 -f partialsums.adb -o partialsums.gnat-2.gnat_run
gnatgcc -c -gnatp -Wall -O3 -fomit-frame-pointer -funroll-loops -lm -mfpmath=sse -msse2 partialsums.adb
gnatgcc: -lm: linker input file unused because linking not done
gnatbind -x partialsums.ali
gnatlink partialsums.ali -mfpmath=sse -msse2 -o partialsums.gnat-2.gnat_run
rm partialsums.gnat-2.ada

=================================================================
COMMAND LINE (%A is single numeric argument):

partialsums.gnat-2.gnat_run %A


PROGRAM OUTPUT
==============
3.000000000	(2/3)^k
3160.817621887	k^-0.5
0.999999600	1/k(k+1)
30.314541510	Flint Hills
42.995233998	Cookson Hills
15.309017155	Harmonic
1.644933667	Riemann Zeta
0.693146981	Alternating Harmonic
0.785398063	Gregory
