BUILD COMMANDS FOR: partialsums.python-2.python

Tue Jul 17 17:10:22 PDT 2007

rm -f partialsums.python-2.pyo partialsums.python-2.pyc
cp /home/dunham/gp4/shootout/bench/partialsums/partialsums.python-2.python partialsums.python-2.py
/opt/Python/bin/python2.5 -OO -c "from py_compile import compile; compile('/home/dunham/gp4/shootout/bench/partialsums/tmp/partialsums.python-2.py')"
touch partialsums.python-2.python_run

=================================================================
COMMAND LINE (%A is single numeric argument):

 /opt/Python/bin/python2.5 partialsums.python-2.pyo %A
************************************************************
*   TEST (partialsums.python-2.python_run) FAILED - ERROR:  partialsums.python-2.python_out differs from Output.25000
************************************************************
-rw-r--r-- 1 dunham users 214 Feb  5  2006 Output.25000
-rw-r--r-- 1 dunham users 215 Jul 17 17:10 partialsums.python-2.python_out


PROGRAM OUTPUT
==============

3.000000000	(2/3)^k
314.770573775	k^-0.5
0.999960002	1/k(k+1)
30.314520404	Flint Hills
42.994899946	Cookson Hills
10.703866769	Harmonic
1.644894068	Riemann Zeta
0.693127181	Alternating Harmonic
0.785388163	Gregory
