BUILD COMMANDS FOR: partialsums.java14

Sat Feb 25 12:33:28 PST 2006

( if [ ! -d partialsums.java14_run ] ; then mkdir partialsums.java14_run ; fi)
cp /home/dunham/gp4/shootout/bench/partialsums/partialsums.java14 partialsums.java14_run/partialsums.java
( cd partialsums.java14_run ; /opt/j2sdk1.4.2_10/bin/javac -classpath '.' partialsums.java )
partialsums.java:41: cannot resolve symbol
symbol  : method printf (java.lang.String,double,java.lang.String)
location: class java.io.PrintStream
            System.out.printf("%.9f\t%s\n", sum[i],  names[i] ); // JRE 1.5 only
                      ^
1 error
make[3]: [partialsums.java14_run] Error 1 (ignored)
touch partialsums.java14_run

=================================================================
COMMAND LINE (%A is single numeric argument):

 /opt/j2sdk1.4.2_10/bin/java $JDKFLAGS -server -classpath partialsums.java14_run partialsums %A
Exception in thread "main" java.lang.NoClassDefFoundError: partialsums
TEST FAILED - Child processed exited with error code (1)


PROGRAM OUTPUT
==============
