BUILD COMMANDS FOR: partialsums.javaxint-3.javaxint

Thu Jul 26 14:03:53 PDT 2007

( if [ ! -d partialsums.javaxint-3.javaxint_run ] ; then mkdir partialsums.javaxint-3.javaxint_run ; fi)
cp /home/dunham/gp4/shootout/bench/partialsums/partialsums.javaxint-3.javaxint partialsums.javaxint-3.javaxint_run/partialsums.java
( cd partialsums.javaxint-3.javaxint_run ; rm -rf *.class; /opt/sun-jdk-1.6.0.02/bin/javac -classpath '.' partialsums.java )
touch partialsums.javaxint-3.javaxint_run

=================================================================
COMMAND LINE (%A is single numeric argument):

 /opt/sun-jdk-1.6.0.02/bin/java $JDKFLAGS -server -Xint -classpath partialsums.javaxint-3.javaxint_run partialsums %A
************************************************************
*   FILE COMPARISON ERROR
************************************************************
L1: 42.995162793	Cookson Hills

L2: 42.995162792	Cookson Hills

************************************************************
*   TEST (partialsums.javaxint-3.javaxint_run) FAILED - ERROR:  partialsums.javaxint-3.javaxint_out differs from Output.250000
************************************************************
-rw-r--r-- 1 dunham users 214 Feb  5  2006 Output.250000
-rw-r--r-- 1 dunham users 214 Jul 26 14:03 partialsums.javaxint-3.javaxint_out


PROGRAM OUTPUT
==============
3.000000000	(2/3)^k
998.540645491	k^-0.5
0.999996000	1/k(k+1)
30.314534438	Flint Hills
42.995162793	Cookson Hills
13.006433862	Harmonic
1.644930067	Riemann Zeta
0.693145181	Alternating Harmonic
0.785397163	Gregory
