BUILD COMMANDS FOR: partialsums.mlton-2.mlton

Fri Jun  1 21:06:30 PDT 2007

cp /home/dunham/gp4/shootout/bench/partialsums/partialsums.mlton-2.mlton partialsums.mlton-2.sml
(if [ -r /home/dunham/gp4/shootout/bench/partialsums/mlb_partialsums.mlton-2.mlb ]; then			\
			mv /home/dunham/gp4/shootout/bench/partialsums/mlb_partialsums.mlton-2.mlb partialsums.mlton-2.mlb;		\
		else							\
			echo '../../Include/mlton-src/lib.mlb partialsums.mlton-2.sml'	\
				 >partialsums.mlton-2.mlb;				\
		fi)
/opt/mlton-20051202/bin/mlton  -output partialsums.mlton-2.mlton_run partialsums.mlton-2.mlb
rm -f partialsums.mlton-2.mlb partialsums.mlton-2.sml

=================================================================
COMMAND LINE (%A is single numeric argument):

partialsums.mlton-2.mlton_run %A


PROGRAM OUTPUT
==============
3.000000000	(2/3)^k
3160.817621887	k^-0.5
0.999999600	1/k(k+1)
30.314541510	Flint Hills
42.995233998	Cookson Hills
15.309017155	Harmonic
1.644933667	Riemann Zeta
0.693146981	Alternating Harmonic
0.785398063	Gregory
