BUILD COMMANDS FOR: partialsums.smlnj

Fri Jun  1 21:23:02 PDT 2007

cp /home/dunham/gp4/shootout/bench/partialsums/partialsums.smlnj partialsums.sml
cp /home/dunham/gp4/shootout/bench/partialsums/cm_partialsums.cm cm_partialsums.cm
/opt/smlnj/bin/ml-build cm_partialsums.cm Test.main partialsums
Standard ML of New Jersey v110.60 [built: Tue Mar 20 12:27:39 2007]
[scanning cm_partialsums.cm]
[library $SMLNJ-BASIS/basis.cm is stable]
[library $SMLNJ-LIB/Util/smlnj-lib.cm is stable]
[parsing (cm_partialsums.cm):partialsums.sml]
[compiling (cm_partialsums.cm):partialsums.sml]
[code: 2633, data: 217, env: 247 bytes]
[scanning 3072-export.cm]
[scanning (3072-export.cm):cm_partialsums.cm]
[parsing (3072-export.cm):3072-export.sml]
[compiling (3072-export.cm):3072-export.sml]
[code: 224, data: 40, env: 42 bytes]

=================================================================
COMMAND LINE (%A is single numeric argument):

 /opt/smlnj/bin/sml @SMLload=partialsums %A


PROGRAM OUTPUT
==============
3.000000000	(2/3)^k
3160.817621887	k^-0.5
0.999999600	1/k(k+1)
30.314541510	Flint Hills
42.995233998	Cookson Hills
15.309017155	Harmonic
1.644933667	Riemann Zeta
0.693146981	Alternating Harmonic
0.785398063	Gregory
