BUILD COMMANDS FOR: partialsums.icpp-3.icpp

Wed Mar  5 11:02:27 PST 2008

/opt/intel/cc/10.1.012/bin/icpc -c -O3 -ipo -static partialsums.icpp-3.c++ -o partialsums.icpp-3.c++.o &&  \
        /opt/intel/cc/10.1.012/bin/icpc partialsums.icpp-3.c++.o -o partialsums.icpp-3.icpp_run -O3 -ipo -static 
ipo: remark #11001: performing single-file optimizations
ipo: remark #11005: generating object file /tmp/ipo_icpcs5bVMw.o
rm: cannot remove `partialsums.icpp-3.o': No such file or directory
make[3]: [partialsums.icpp-3.icpp_run] Error 1 (ignored)

=================================================================
COMMAND LINE (%A is single numeric argument):

partialsums.icpp-3.icpp_run %A


PROGRAM OUTPUT
==============
3.000000000	(2/3)^k
3160.817621887	k^-0.5
0.999999600	1/k(k+1)
30.314541510	Flint Hills
42.995233998	Cookson Hills
15.309017155	Harmonic
1.644933667	Riemann Zeta
0.693146981	Alternating Harmonic
0.785398063	Gregory
