BUILD COMMANDS FOR: partialsums.sbcl-2.sbcl

Sun Oct 28 10:21:23 PDT 2007

SBCL built with: /usr/bin/sbcl --userinit /dev/null --sysinit /dev/null -batch -eval '(load "partialsums.sbcl-2.sbcl_compile")'
### START partialsums.sbcl-2.sbcl_compile
(proclaim '(optimize (speed 3) (safety 0) (debug 0) (compilation-speed 0) (space 0)))
(handler-bind ((sb-ext:defconstant-uneql      (lambda (c) (abort c))))      (load (compile-file "partialsums.sbcl-2.sbcl" ))) (save-lisp-and-die "sbcl.core" :purify t)
### END partialsums.sbcl-2.sbcl_compile


; compiling file "/home/dunham/gp4/shootout/bench/partialsums/tmp/partialsums.sbcl-2.sbcl" (written 28 OCT 2007 10:21:23 AM):
; compiling (DEFUN MAIN ...)
; file: /home/dunham/gp4/shootout/bench/partialsums/tmp/partialsums.sbcl-2.sbcl
; in: DEFUN MAIN
;     (COS (COERCE K 'DOUBLE-FLOAT))
; 
; note: unable to avoid inline argument range check
; because the argument range (DOUBLE-FLOAT) was not within 2^64

;     (SIN (COERCE K 'DOUBLE-FLOAT))
; 
; note: unable to avoid inline argument range check
; because the argument range (DOUBLE-FLOAT) was not within 2^64

;     (LOOP FOR K FIXNUM FROM 0 TO N SUM
;         (EXPT (/ 2.0d0 3.0d0) (COERCE K 'DOUBLE-FLOAT)) DOUBLE-FLOAT)
; --> BLOCK LET LET SB-LOOP::LOOP-BODY TAGBODY RETURN-FROM 
; ==>
;   #:LOOP-SUM-1
; 
; note: doing float to pointer coercion (cost 13) from #:LOOP-SUM-1

;     (LOOP FOR K FIXNUM FROM 1 TO N SUM
;         (/ 1.0d0 (THE DOUBLE-FLOAT (SQRT (COERCE K 'DOUBLE-FLOAT))))
;         DOUBLE-FLOAT)
; --> BLOCK LET LET SB-LOOP::LOOP-BODY TAGBODY RETURN-FROM 
; ==>
;   #:LOOP-SUM-3
; 
; note: doing float to pointer coercion (cost 13) from #:LOOP-SUM-3

;     (LOOP FOR K FIXNUM FROM 1 TO N SUM
;         (/ 1.0d0
;            (* (COERCE K 'DOUBLE-FLOAT) (+ (COERCE K 'DOUBLE-FLOAT) 1.0d0)))
;         DOUBLE-FLOAT)
; --> BLOCK LET LET SB-LOOP::LOOP-BODY TAGBODY RETURN-FROM 
; ==>
;   #:LOOP-SUM-5
; 
; note: doing float to pointer coercion (cost 13) from #:LOOP-SUM-5

;     (LOOP FOR K FIXNUM FROM 1 TO N SUM
;         (LET ((SK (SIN #)) (KD (COERCE K 'DOUBLE-FLOAT)))
;           (/ 1.0d0 (* KD KD KD SK SK)))
;         DOUBLE-FLOAT)
; --> BLOCK LET LET SB-LOOP::LOOP-BODY TAGBODY RETURN-FROM 
; ==>
;   #:LOOP-SUM-7
; 
; note: doing float to pointer coercion (cost 13) from #:LOOP-SUM-7

;     (LOOP FOR K FIXNUM FROM 1 TO N SUM
;         (LET ((CK (COS #)) (KD (COERCE K 'DOUBLE-FLOAT)))
;           (/ 1.0d0 (* KD KD KD CK CK)))
;         DOUBLE-FLOAT)
; --> BLOCK LET LET SB-LOOP::LOOP-BODY TAGBODY RETURN-FROM 
; ==>
;   #:LOOP-SUM-9
; 
; note: doing float to pointer coercion (cost 13) from #:LOOP-SUM-9

;     (LOOP FOR K FIXNUM FROM 1 TO N SUM (/ 1.0d0 (COERCE K 'DOUBLE-FLOAT))
;         DOUBLE-FLOAT)
; --> BLOCK LET LET SB-LOOP::LOOP-BODY TAGBODY RETURN-FROM 
; ==>
;   #:LOOP-SUM-11
; 
; note: doing float to pointer coercion (cost 13) from #:LOOP-SUM-11

;     (LOOP FOR K FIXNUM FROM 1 TO N SUM
;         (LET ((KD (COERCE K 'DOUBLE-FLOAT)))
;           (/ 1.0d0 (* KD KD)))
;         DOUBLE-FLOAT)
; --> BLOCK LET LET SB-LOOP::LOOP-BODY TAGBODY RETURN-FROM 
; ==>
;   #:LOOP-SUM-13
; 
; note: doing float to pointer coercion (cost 13) from #:LOOP-SUM-13

;     (LOOP WITH A DOUBLE-FLOAT = -1.0d0 FOR K FIXNUM FROM 1 TO ...)
; --> BLOCK LET LET LET SB-LOOP::LOOP-BODY TAGBODY RETURN-FROM 
; ==>
;   #:LOOP-SUM-15
; 
; note: doing float to pointer coercion (cost 13) from #:LOOP-SUM-15

; ==>
;   #:LOOP-SUM-17
; 
; note: doing float to pointer coercion (cost 13) from #:LOOP-SUM-17
; 
; compilation unit finished
;   printed 11 notes


; /home/dunham/gp4/shootout/bench/partialsums/tmp/partialsums.sbcl-2.fasl written
; compilation finished in 0:00:00
[undoing binding stack and other enclosing state... done]
[saving current Lisp image into /home/dunham/gp4/shootout/bench/partialsums/tmp/sbcl.core:
writing 1912 bytes from the read-only space at 0x01000000
writing 2160 bytes from the static space at 0x01100000
writing 24403968 bytes from the dynamic space at 0x09000000
done]
### START partialsums.sbcl-2.sbcl_run
(proclaim '(optimize (speed 3) (safety 0) (debug 0) (compilation-speed 0) (space 0)))
(main) (quit)
### END partialsums.sbcl-2.sbcl_run


=================================================================
COMMAND LINE (%A is single numeric argument):

 /usr/bin/sbcl --noinform --core sbcl.core --userinit /dev/null --sysinit /dev/null --load partialsums.sbcl-2.sbcl_run %A


PROGRAM OUTPUT
==============
3.000000000	(2/3)^k
3160.817621887	k^-0.5
0.999999600	1/k(k+1)
30.314541510	Flint Hills
42.995233998	Cookson Hills
15.309017155	Harmonic
1.644933667	Riemann Zeta
0.693146981	Alternating Harmonic
0.785398063	Gregory
