BUILD COMMANDS FOR: partialsums.hipe-2.hipe

Wed Jan 25 14:15:42 PST 2006

cp /home/dunham/gp4/shootout/bench/partialsums/partialsums.hipe-2.hipe partialsums.hipe-2.erl
/opt/otp_src_R10B-8/bin/erlc +native partialsums.hipe-2.erl
./partialsums.hipe-2.erl:43: Warning: variable 'A' is unused
./partialsums.hipe-2.erl:46: Warning: variable 'A' is unused
rm partialsums.hipe-2.erl

=================================================================
COMMAND LINE (%A is single numeric argument):

 /opt/otp_src_R10B-8/bin/erl -noinput -noshell -run partialsums main %A


PROGRAM OUTPUT
==============
3.000000000	(2/3)^k
3160.817621887	k^-0.5
0.999999600	1/k(k+1)
30.314541510	Flint Hills
42.995233998	Cookson Hills
15.309017155	Harmonic
1.644933667	Riemann Zeta
0.693146981	Alternating Harmonic
0.785398063	Gregory
