BUILD COMMANDS FOR: partialsums.smlnj

Wed Jul 26 17:56:39 PDT 2006

cp /home/dunham/gp4/shootout/bench/partialsums/partialsums.smlnj partialsums.sml
cp /home/dunham/gp4/shootout/bench/partialsums/cm_partialsums.cm cm_partialsums.cm
/usr/bin/ml-build cm_partialsums.cm Test.main partialsums
Standard ML of New Jersey v110.45 [FLINT v1.5], February 13, 2004
[scanning cm_partialsums.cm]
[parsing (cm_partialsums.cm):partialsums.sml]
[creating directory .cm/SKEL]
[compiling (cm_partialsums.cm):partialsums.sml]
[creating directory .cm/GUID]
partialsums.sml:50.7-50.18 Error: unbound structure: Format
Compilation failed.

=================================================================
COMMAND LINE (%A is single numeric argument):

 /usr/bin/sml @SMLload=partialsums %A
/usr/bin/sml: Fatal error -- unable to open heap image "partialsums"

TEST FAILED - Child processed exited with error code (1)


PROGRAM OUTPUT
==============
