RUNNING SCRIPT: partialsums.iron

Sat Nov 11 06:21:46 PST 2006


=================================================================
COMMAND LINE (%A is single numeric argument):

 /usr/bin/mono /opt/IronPython-1.0.1/ipy.exe -O ../partialsums.iron %A
************************************************************
*   TEST (partialsums.iron) FAILED - ERROR:  partialsums.iron_out differs from Output.25000
************************************************************
-rw-r--r-- 1 dunham users 214 Feb  5  2006 Output.25000
-rw-r--r-- 1 dunham users 252 Nov 11 06:21 partialsums.iron_out


PROGRAM OUTPUT
==============
3.000000000     (2/3)^k-1
314.764249220     k^-0.5
0.999960000     1/k(k+1)
30.314520404     Flint Hills
42.994899946     Cookson Hills
10.703826769     Harmonic
1.644894066     Riemann Zeta
0.693167181     Alternating Harmonic
0.785408164     Gregory
