BUILD COMMANDS FOR: partialsums.nice

Sun Jan 22 12:36:20 PST 2006

( if [ ! -d partialsums.nice_run ] ; then mkdir partialsums.nice_run ; mkdir partialsums.nice_run/partialsums ; fi)
cp /home/dunham/gp4/shootout/bench/partialsums/partialsums.nice partialsums.nice_run/partialsums/partialsums.nice
( cd partialsums.nice_run/partialsums ; /opt/nice-0.9.10/bin/nicec -d . --sourcepath "..:../../../.." -a ../../partialsums.jar partialsums )
nice.lang: parsing
Include: parsing
partialsums: parsing
Include: typechecking
Include: generating code
partialsums: typechecking
partialsums: generating code
partialsums: linking
partialsums: writing in archive
Include: writing in archive
nice.lang: writing in archive
touch partialsums.nice_run

=================================================================
COMMAND LINE (%A is single numeric argument):

 /opt/jdk1.5.0_05/bin/java -server -jar partialsums.jar %A


PROGRAM OUTPUT
==============
3.000000000	(2/3)^k
2826.967123791	k^-0.5
0.989721834	1/k(k+1)
30.314541445	Flint Hills
42.995233980	Cookson Hills
15.085873653	Harmonic
1.644933567	Riemann Zeta
0.693146931	Alternating Harmonic
0.785398038	Gregory
