BUILD COMMANDS FOR: partialsums.gnat

Thu Mar 13 14:51:03 PDT 2008

cp /home/dunham/gp4/shootout/bench/partialsums/partialsums.gnat partialsums.gnat
gnatchop -w partialsums.gnat
splitting partialsums.gnat into:
   partialsums.adb
gnatmake -gnatp -O3 -fomit-frame-pointer -march=pentium4  -lm -f partialsums.adb -o partialsums.gnat_run
gnatgcc -c -gnatp -O3 -fomit-frame-pointer -march=pentium4 -lm partialsums.adb
gnatgcc: -lm: linker input file unused because linking not done
gnatbind -x partialsums.ali
gnatlink partialsums.ali -fomit-frame-pointer -march=pentium4 -o partialsums.gnat_run
rm partialsums.gnat

=================================================================
COMMAND LINE (%A is single numeric argument):

partialsums.gnat_run %A


PROGRAM OUTPUT
==============
3.000000000	(2/3)^k
3160.817621887	k^-0.5
0.999999600	1/k(k+1)
30.314541510	Flint Hills
42.995233998	Cookson Hills
15.309017155	Harmonic
1.644933667	Riemann Zeta
0.693146981	Alternating Harmonic
0.785398063	Gregory
