BUILD COMMANDS FOR: partialsums.python-3.python

Thu Jan 18 15:37:15 PST 2007

rm -f partialsums.python-3.pyo partialsums.python-3.pyc
cp /home/dunham/gp4/shootout/bench/partialsums/partialsums.python-3.python partialsums.python-3.py
/opt/Python/bin/python2.5 -OO -c "from py_compile import compile; compile('/home/dunham/gp4/shootout/bench/partialsums/tmp/partialsums.python-3.py')"
touch partialsums.python-3.python_run

=================================================================
COMMAND LINE (%A is single numeric argument):

 /opt/Python/bin/python2.5 partialsums.python-3.pyo %A


PROGRAM OUTPUT
==============
3.000000000	(2/3)^k
3160.817621887	k^-0.5
0.999999600	1/k(k+1)
30.314541510	Flint Hills
42.995233998	Cookson Hills
15.309017155	Harmonic
1.644933667	Riemann Zeta
0.693146981	Alternating Harmonic
0.785398063	Gregory
