BUILD COMMANDS FOR: pidigits.csharpaot

Fri May 18 01:17:57 PDT 2007

cp /home/dunham/gp4/shootout/bench/pidigits/pidigits.pnet pidigits.cs
rm -f pidigits.csharpaot_run
/usr/bin/mcs -r:Mono.Security -out:pidigits.csharpaot_run pidigits.cs
/usr/bin/mono --aot pidigits.csharpaot_run
Mono Ahead of Time compiler - compiling assembly /home/dunham/gp4/shootout/bench/pidigits/tmp/pidigits.csharpaot_run
Code: 2572 Info: 110 Ex Info: 88 Class Info: 96 PLT: 27 GOT Info: 9 GOT Info Offsets: 20 GOT: 36
Executing the native assembler: as  /tmp/mono_aot_DPELST -o /tmp/mono_aot_DPELST.o
Executing the native linker: ld -shared -o /home/dunham/gp4/shootout/bench/pidigits/tmp/pidigits.csharpaot_run.so /tmp/mono_aot_DPELST.o
Compiled 21 out of 21 methods (100%)
0 methods contain absolute addresses (0%)
0 methods contain wrapper references (0%)
0 methods contain lmf pointers (0%)
0 methods have other problems (0%)
Methods without GOT slots: 9 (42%)
Direct calls: 9 (19%)
GOT slot distribution:
	image: 1
	vtable: 4
	ldstr: 4
AOT RESULT 0
rm pidigits.cs

=================================================================
COMMAND LINE (%A is single numeric argument):

 /usr/bin/mono pidigits.csharpaot_run %A


PROGRAM OUTPUT
==============
3141592653	:10
5897932384	:20
6264338327	:30
9502884197	:40
1693993751	:50
0582097494	:60
4592307816	:70
4062862089	:80
9862803482	:90
5342117067	:100
9821480865	:110
1328230664	:120
7093844609	:130
5505822317	:140
2535940812	:150
8481117450	:160
2841027019	:170
3852110555	:180
9644622948	:190
9549303819	:200
6442881097	:210
5665933446	:220
1284756482	:230
3378678316	:240
5271201909	:250
1456485669	:260
2346034861	:270
0454326648	:280
2133936072	:290
6024914127	:300
3724587006	:310
6063155881	:320
7488152092	:330
0962829254	:340
0917153643	:350
6789259036	:360
0011330530	:370
5488204665	:380
2138414695	:390
1941511609	:400
4330572703	:410
6575959195	:420
3092186117	:430
3819326117	:440
9310511854	:450
8074462379	:460
9627495673	:470
5188575272	:480
4891227938	:490
1830119491	:500
===================================
!!! Note: Truncated to 50 lines !!!
===================================
