BUILD COMMANDS FOR: pidigits.lisaac

Wed Apr 16 11:59:34 PDT 2008

cp /home/dunham/gp4/shootout/bench/pidigits/pidigits.lisaac pidigits.li
../../../bin/split_file.bash /home/dunham/gp4/shootout/bench/pidigits/pidigits.lisaac pidigits.li
splitfile  pidigits.li
splitfile  ctx.li
splitfile  mpz.li
rm -f pidigits.lisaac_run
/usr/bin/lisaac -O -i20 pidigits
Depending pass: .............. (14)
Executing pass: *.............. (15)
 => 1 second(s).
Run `gcc ./pidigits.c -O3 -fomit-frame-pointer -lm -lX11 -o ./pidigits -L/usr/lib-march=pentium4' 	/tmp/ccjhnc3n.o: In function `main':
pidigits.c:(.text+0x151e): undefined reference to `__gmpz_init_set_ui'
pidigits.c:(.text+0x152e): undefined reference to `__gmpz_init_set_ui'
pidigits.c:(.text+0x1540): undefined reference to `__gmpz_init_set_ui'
pidigits.c:(.text+0x1555): undefined reference to `__gmpz_init_set_ui'
pidigits.c:(.text+0x1561): undefined reference to `__gmpz_init'
pidigits.c:(.text+0x156d): undefined reference to `__gmpz_init'
pidigits.c:(.text+0x1579): undefined reference to `__gmpz_init'
pidigits.c:(.text+0x15be): undefined reference to `__gmpz_mul_ui'
pidigits.c:(.text+0x15dc): undefined reference to `__gmpz_add'
pidigits.c:(.text+0x15fa): undefined reference to `__gmpz_mul_ui'
pidigits.c:(.text+0x1618): undefined reference to `__gmpz_add'
pidigits.c:(.text+0x1633): undefined reference to `__gmpz_tdiv_q'
pidigits.c:(.text+0x1667): undefined reference to `__gmpz_mul_ui'
pidigits.c:(.text+0x1685): undefined reference to `__gmpz_add'
pidigits.c:(.text+0x16a3): undefined reference to `__gmpz_mul_ui'
pidigits.c:(.text+0x16b7): undefined reference to `__gmpz_add'
pidigits.c:(.text+0x16d0): undefined reference to `__gmpz_tdiv_q'
pidigits.c:(.text+0x1787): undefined reference to `__gmpz_mul_si'
pidigits.c:(.text+0x17a5): undefined reference to `__gmpz_mul_si'
pidigits.c:(.text+0x17c9): undefined reference to `__gmpz_mul_si'
pidigits.c:(.text+0x17e7): undefined reference to `__gmpz_add'
pidigits.c:(.text+0x17fb): undefined reference to `__gmpz_mul_si'
pidigits.c:(.text+0x1814): undefined reference to `__gmpz_add'
pidigits.c:(.text+0x1832): undefined reference to `__gmpz_mul_si'
pidigits.c:(.text+0x184d): undefined reference to `__gmpz_mul_si'
pidigits.c:(.text+0x186b): undefined reference to `__gmpz_add'
pidigits.c:(.text+0x1884): undefined reference to `__gmpz_mul_si'
pidigits.c:(.text+0x18be): undefined reference to `__gmpz_mul_si'
pidigits.c:(.text+0x18d7): undefined reference to `__gmpz_mul_si'
pidigits.c:(.text+0x18f5): undefined reference to `__gmpz_add'
pidigits.c:(.text+0x1910): undefined reference to `__gmpz_mul_si'
pidigits.c:(.text+0x192e): undefined reference to `__gmpz_mul_si'
pidigits.c:(.text+0x194c): undefined reference to `__gmpz_mul_si'
pidigits.c:(.text+0x1965): undefined reference to `__gmpz_add'
pidigits.c:(.text+0x197d): undefined reference to `__gmpz_mul_si'
pidigits.c:(.text+0x1991): undefined reference to `__gmpz_add'
pidigits.c:(.text+0x19ae): undefined reference to `__gmpz_mul_si'
collect2: ld returned 1 exit status
Failure!
/usr/bin/gcc -pipe -Wall -O3 -fomit-frame-pointer -march=pentium4  -lgmp pidigits.c -o pidigits.lisaac_run
pidigits.c: In function 'main':
pidigits.c:391: warning: statement with no effect

=================================================================
COMMAND LINE (%A is single numeric argument):

pidigits.lisaac_run %A


PROGRAM OUTPUT
==============
3141592653	:10
5897932384	:20
6264338327	:30
9502884197	:40
1693993751	:50
0582097494	:60
4592307816	:70
4062862089	:80
9862803482	:90
5342117067	:100
9821480865	:110
1328230664	:120
7093844609	:130
5505822317	:140
2535940812	:150
8481117450	:160
2841027019	:170
3852110555	:180
9644622948	:190
9549303819	:200
6442881097	:210
5665933446	:220
1284756482	:230
3378678316	:240
5271201909	:250
1456485669	:260
2346034861	:270
0454326648	:280
2133936072	:290
6024914127	:300
3724587006	:310
6063155881	:320
7488152092	:330
0962829254	:340
0917153643	:350
6789259036	:360
0011330530	:370
5488204665	:380
2138414695	:390
1941511609	:400
4330572703	:410
6575959195	:420
3092186117	:430
3819326117	:440
9310511854	:450
8074462379	:460
9627495673	:470
5188575272	:480
4891227938	:490
1830119491	:500
===================================
!!! Note: Truncated to 50 lines !!!
===================================
