BUILD COMMANDS FOR: pidigits.clean

Fri Feb 10 12:06:23 PST 2006

cp /home/dunham/gp4/shootout/bench/pidigits/pidigits.clean pidigits.icl
/opt/clean/bin/clm -b -nt -l /opt/clean/lib/ArgEnv/ArgEnvC.o -I ../../Include/clean -I /opt/clean/lib/ArgEnv  -I /opt/clean/lib/ExtendedArith/ExtendedArith pidigits -o pidigits.clean_run
Warning [StdFile.abc,11,stdio;33]: no inline code for this rule
Warning [StdFile.abc,11,fclose;30]: no inline code for this rule
Warning [BigInt.abc,18,toString;79]: no inline code for this rule
Warning [BigInt.abc,38,toBigInt;80]: no inline code for this rule
Warning [BigInt.abc,*;59]: no inline code for this rule
Warning [BigInt.abc,+;56]: no inline code for this rule
Warning [BigInt.abc,41,==;52]: no inline code for this rule
Warning [BigInt.abc,34,/;60]: no inline code for this rule
/tmp/linkerxypyIy(.text+0x998b): In function `main':
: undefined reference to `__mpn_rshift'
/tmp/linkerxypyIy(.text+0x9a20): In function `main':
: undefined reference to `__mpn_lshift'
/tmp/linkerxypyIy(.text+0x9a53): In function `main':
: undefined reference to `setSizeC'
/tmp/linkerxypyIy(.text+0x9a85): In function `main':
: undefined reference to `setSizeC'
/tmp/linkerxypyIy(.text+0x9bf5): In function `main':
: undefined reference to `__mpn_mul_1'
/tmp/linkerxypyIy(.text+0x9c2d): In function `main':
: undefined reference to `setSizeC'
/tmp/linkerxypyIy(.text+0x9cfb): In function `main':
: undefined reference to `__mpn_mul'
/tmp/linkerxypyIy(.text+0x9d22): In function `main':
: undefined reference to `setSizeC'
/tmp/linkerxypyIy(.text+0x9e0c): In function `main':
: undefined reference to `__mpn_cmp'
/tmp/linkerxypyIy(.text+0x9e8c): In function `main':
: undefined reference to `get_max_string_sizeC'
/tmp/linkerxypyIy(.text+0x9f71): In function `main':
: undefined reference to `setStringSizeC'
/tmp/linkerxypyIy(.text+0xa084): In function `main':
: undefined reference to `call_mpn_get_str'
/tmp/linkerxypyIy(.text+0xa132): In function `main':
: undefined reference to `__mpn_sub_1'
/tmp/linkerxypyIy(.text+0xa184): In function `main':
: undefined reference to `add_1C'
/tmp/linkerxypyIy(.text+0xa530): In function `main':
: undefined reference to `__mpn_sub'
/tmp/linkerxypyIy(.text+0xa59f): In function `main':
: undefined reference to `__mpn_add'
/tmp/linkerxypyIy(.text+0xa5d2): In function `main':
: undefined reference to `setSizeC'
/tmp/linkerxypyIy(.text+0xa679): In function `main':
: undefined reference to `setSizeC'
/tmp/linkerxypyIy(.text+0xa6de): In function `main':
: undefined reference to `setSizeC'
/tmp/linkerxypyIy(.text+0xa80d): In function `main':
: undefined reference to `countLeadingZeros'
/tmp/linkerxypyIy(.text+0xa8cd): In function `main':
: undefined reference to `setSizeC'
/tmp/linkerxypyIy(.text+0xa990): In function `main':
: undefined reference to `__mpn_divrem_1'
/tmp/linkerxypyIy(.text+0xa9d1): In function `main':
: undefined reference to `__mpn_mod_1'
/tmp/linkerxypyIy(.text+0xab9e): In function `main':
: undefined reference to `__mpn_divrem'
/tmp/linkerxypyIy(.text+0xac50): In function `main':
: undefined reference to `setSizeC'
/tmp/linkerxypyIy(.text+0xac86): In function `main':
: undefined reference to `remainderC'
collect2: ld returned 1 exit status
Compiling pidigits
Generating code for pidigits
Linking pidigits
make[3]: [pidigits.clean_run] Error 1 (ignored)
rm pidigits.icl

=================================================================
COMMAND LINE (%A is single numeric argument):

 pidigits.clean_run $CLEANFLAGS %A
sh: pidigits.clean_run: command not found
TEST FAILED - Child processed exited with error code (127)


PROGRAM OUTPUT
==============
