BUILD COMMANDS FOR: pidigits.icpp-2.icpp

Tue Mar  4 22:12:55 PST 2008

/opt/intel/cc/10.1.012/bin/icpc -c -O3 -ipo -static pidigits.icpp-2.c++ -o pidigits.icpp-2.c++.o &&  \
        /opt/intel/cc/10.1.012/bin/icpc pidigits.icpp-2.c++.o -o pidigits.icpp-2.icpp_run -O3 -ipo -static 
ipo: warning #11043: unresolved __gmpz_add
        Referenced in /tmp/ipo_icpcW0wm3x.o
ipo: warning #11043: unresolved __gmpz_mul_si
        Referenced in /tmp/ipo_icpcW0wm3x.o
ipo: warning #11043: unresolved __gmpz_mul_ui
        Referenced in /tmp/ipo_icpcW0wm3x.o
ipo: warning #11043: unresolved __gmpz_tdiv_q
        Referenced in /tmp/ipo_icpcW0wm3x.o
ipo: warning #11043: unresolved __gmpz_clear
        Referenced in /tmp/ipo_icpcW0wm3x.o
ipo: warning #11043: unresolved __gmpz_init_set_si
        Referenced in /tmp/ipo_icpcW0wm3x.o
ipo: warning #11043: unresolved __gmpz_init
        Referenced in /tmp/ipo_icpcW0wm3x.o
ipo: remark #11001: performing single-file optimizations
ipo: remark #11005: generating object file /tmp/ipo_icpcW0wm3x.o
/tmp/ipo_icpcW0wm3x.o: In function `main':
/tmp/ipo_icpcW0wm3x.c:(.text+0x2b): undefined reference to `__gmpz_init_set_si'
/tmp/ipo_icpcW0wm3x.c:(.text+0x44): undefined reference to `__gmpz_init_set_si'
/tmp/ipo_icpcW0wm3x.c:(.text+0x5d): undefined reference to `__gmpz_init_set_si'
/tmp/ipo_icpcW0wm3x.c:(.text+0x76): undefined reference to `__gmpz_init_set_si'
/tmp/ipo_icpcW0wm3x.c:(.text+0x85): undefined reference to `__gmpz_init'
/tmp/ipo_icpcW0wm3x.c:(.text+0x94): undefined reference to `__gmpz_init'
/tmp/ipo_icpcW0wm3x.c:(.text+0xa3): undefined reference to `__gmpz_init'
/tmp/ipo_icpcW0wm3x.c:(.text+0xe6): undefined reference to `__gmpz_clear'
/tmp/ipo_icpcW0wm3x.c:(.text+0xf5): undefined reference to `__gmpz_clear'
/tmp/ipo_icpcW0wm3x.c:(.text+0x104): undefined reference to `__gmpz_clear'
/tmp/ipo_icpcW0wm3x.c:(.text+0x113): undefined reference to `__gmpz_clear'
/tmp/ipo_icpcW0wm3x.c:(.text+0x122): undefined reference to `__gmpz_clear'
/tmp/ipo_icpcW0wm3x.o:/tmp/ipo_icpcW0wm3x.c:(.text+0x131): more undefined references to `__gmpz_clear' follow
/tmp/ipo_icpcW0wm3x.o: In function `pidigits(ctx_s*)':
/tmp/ipo_icpcW0wm3x.c:(.text+0x33f): undefined reference to `__gmpz_mul_ui'
/tmp/ipo_icpcW0wm3x.c:(.text+0x34b): undefined reference to `__gmpz_add'
/tmp/ipo_icpcW0wm3x.c:(.text+0x35c): undefined reference to `__gmpz_mul_ui'
/tmp/ipo_icpcW0wm3x.c:(.text+0x36c): undefined reference to `__gmpz_add'
/tmp/ipo_icpcW0wm3x.c:(.text+0x37c): undefined reference to `__gmpz_tdiv_q'
/tmp/ipo_icpcW0wm3x.c:(.text+0x396): undefined reference to `__gmpz_mul_ui'
/tmp/ipo_icpcW0wm3x.c:(.text+0x3a2): undefined reference to `__gmpz_add'
/tmp/ipo_icpcW0wm3x.c:(.text+0x3b3): undefined reference to `__gmpz_mul_ui'
/tmp/ipo_icpcW0wm3x.c:(.text+0x3c3): undefined reference to `__gmpz_add'
/tmp/ipo_icpcW0wm3x.c:(.text+0x3d6): undefined reference to `__gmpz_tdiv_q'
/tmp/ipo_icpcW0wm3x.o: In function `compose_l(ctx_s*, int, int, int, int)':
/tmp/ipo_icpcW0wm3x.c:(.text+0x4ef): undefined reference to `__gmpz_mul_si'
/tmp/ipo_icpcW0wm3x.c:(.text+0x4fe): undefined reference to `__gmpz_mul_si'
/tmp/ipo_icpcW0wm3x.c:(.text+0x506): undefined reference to `__gmpz_add'
/tmp/ipo_icpcW0wm3x.c:(.text+0x512): undefined reference to `__gmpz_mul_si'
/tmp/ipo_icpcW0wm3x.c:(.text+0x51e): undefined reference to `__gmpz_mul_si'
/tmp/ipo_icpcW0wm3x.c:(.text+0x534): undefined reference to `__gmpz_mul_si'
/tmp/ipo_icpcW0wm3x.c:(.text+0x540): undefined reference to `__gmpz_add'
/tmp/ipo_icpcW0wm3x.c:(.text+0x54c): undefined reference to `__gmpz_mul_si'
/tmp/ipo_icpcW0wm3x.c:(.text+0x554): undefined reference to `__gmpz_add'
/tmp/ipo_icpcW0wm3x.c:(.text+0x560): undefined reference to `__gmpz_mul_si'
/tmp/ipo_icpcW0wm3x.o: In function `compose_r(ctx_s*, int, int, int, int)':
/tmp/ipo_icpcW0wm3x.c:(.text+0x587): undefined reference to `__gmpz_mul_si'
/tmp/ipo_icpcW0wm3x.c:(.text+0x590): undefined reference to `__gmpz_mul_si'
/tmp/ipo_icpcW0wm3x.c:(.text+0x5a6): undefined reference to `__gmpz_mul_si'
/tmp/ipo_icpcW0wm3x.c:(.text+0x5b2): undefined reference to `__gmpz_add'
/tmp/ipo_icpcW0wm3x.c:(.text+0x5bb): undefined reference to `__gmpz_mul_si'
/tmp/ipo_icpcW0wm3x.c:(.text+0x5c3): undefined reference to `__gmpz_add'
/tmp/ipo_icpcW0wm3x.c:(.text+0x5cf): undefined reference to `__gmpz_mul_si'
/tmp/ipo_icpcW0wm3x.c:(.text+0x5d8): undefined reference to `__gmpz_mul_si'
/tmp/ipo_icpcW0wm3x.c:(.text+0x5e0): undefined reference to `__gmpz_add'
/tmp/ipo_icpcW0wm3x.c:(.text+0x5e9): undefined reference to `__gmpz_mul_si'
make[3]: [pidigits.icpp-2.icpp_run] Error 1 (ignored)
rm: cannot remove `pidigits.icpp-2.o': No such file or directory
make[3]: [pidigits.icpp-2.icpp_run] Error 1 (ignored)

=================================================================
COMMAND LINE (%A is single numeric argument):

pidigits.icpp-2.icpp_run %A
Error, could not exec pidigits.icpp-2.icpp_run 500 (No such file or directory)
PATH=/home/dunham/gp4/shootout/bench/pidigits:/home/dunham/gp4/shootout/bench/pidigits/tmp:/opt/intel/cc/10.1.012/bin:/opt/intel/fc/10.1.012/bin:/usr/local/bin:/usr/bin:/bin:/opt/bin:/usr/i686-pc-linux-gnu/gcc-bin/4.1.2:/opt/sun-jdk-1.4.2.16/bin:/opt/sun-jdk-1.4.2.16/jre/bin:/opt/sun-jdk-1.4.2.16/jre/javaws:/usr/qt/3/bin:/usr/i686-pc-linux-gnu/gnat-gpl-bin/4.1:/usr/libexec/gnat-gpl/i686-pc-linux-gnu/4.1:/usr/games/bin:/opt/cint-5.16.19:/opt/kroc-1.4.0/install/bin:/opt/sun-jdk-1.6.0.03/bin:/opt/sun-jdk-1.4.2.16/bin:/opt/mozart/bin:/opt/groovy-1.5.0/bin:/opt/smlnj/bin:/usr/local/lib/squeak/3.9-8:/opt/stx:/opt/jruby-1.1b1/bin:/opt/Quark:/opt/gnat/bin
TEST FAILED - Child processed exited with error code (1)


PROGRAM OUTPUT
==============
