BUILD COMMANDS FOR: pidigits.pnet

Mon Apr 30 21:45:46 PDT 2007

cp /home/dunham/gp4/shootout/bench/pidigits/pidigits.pnet pidigits.cs
rm -f pidigits.pnet_run
/usr/bin/cscc  /out:pidigits.pnet_run pidigits.cs
pidigits.cs:8: invalid left operand to `.'
pidigits.cs:8: invalid left operand to `.'
pidigits.cs:146: invalid type specification `UBigInteger' 
pidigits.cs:9: invalid left operand to `.'
pidigits.cs:9: invalid left operand to `.'
pidigits.cs:9: invalid left operand to `.'
pidigits.cs:147: invalid type specification `Sign' 
pidigits.cs:9: invalid left operand to `.'
pidigits.cs:9: invalid left operand to `.'
pidigits.cs:9: invalid left operand to `.'
pidigits.cs:9: invalid left operand to `.'
pidigits.cs:9: invalid left operand to `.'
pidigits.cs:9: invalid left operand to `.'
pidigits.cs:154: incompatible types in assignment: no conversion from `invalid type' to `int'
pidigits.cs:9: invalid left operand to `.'
pidigits.cs:9: invalid left operand to `.'
pidigits.cs:9: invalid left operand to `.'
pidigits.cs:9: invalid left operand to `.'
pidigits.cs:9: invalid left operand to `.'
pidigits.cs:9: invalid left operand to `.'
pidigits.cs:156: incompatible types in assignment: no conversion from `invalid type' to `int'
pidigits.cs:9: invalid left operand to `.'
pidigits.cs:9: invalid left operand to `.'
pidigits.cs:9: invalid left operand to `.'
pidigits.cs:9: invalid left operand to `.'
pidigits.cs:9: invalid left operand to `.'
pidigits.cs:9: invalid left operand to `.'
pidigits.cs:158: incompatible types in assignment: no conversion from `invalid type' to `int'
pidigits.cs:8: invalid left operand to `.'
pidigits.cs:8: invalid left operand to `.'
pidigits.cs:160: invalid type specification `UBigInteger' 
pidigits.cs:8: `int' does not have an accessible constructor
pidigits.cs:165: called object is not a method or delegate
pidigits.cs:165: array or indexed value expected
pidigits.cs:9: invalid left operand to `.'
pidigits.cs:9: invalid left operand to `.'
pidigits.cs:9: invalid left operand to `.'
pidigits.cs:9: invalid left operand to `.'
pidigits.cs:9: invalid left operand to `.'
pidigits.cs:9: invalid left operand to `.'
pidigits.cs:170: invalid operands to binary `=='
pidigits.cs:170: no conversion from `int' to `bool'
pidigits.cs:9: invalid left operand to `.'
pidigits.cs:9: invalid left operand to `.'
pidigits.cs:9: invalid left operand to `.'
pidigits.cs:9: invalid type supplied to cast
pidigits.cs:9: invalid left operand to `.'
pidigits.cs:9: invalid left operand to `.'
pidigits.cs:9: invalid left operand to `.'
pidigits.cs:9: invalid type supplied to cast
pidigits.cs:9: invalid left operand to `.'
pidigits.cs:9: invalid left operand to `.'
pidigits.cs:9: invalid left operand to `.'
pidigits.cs:9: invalid left operand to `.'
pidigits.cs:9: invalid left operand to `.'
pidigits.cs:9: invalid left operand to `.'
pidigits.cs:192: invalid operands to binary `=='
pidigits.cs:192: no conversion from `int' to `bool'
pidigits.cs:9: invalid left operand to `.'
pidigits.cs:9: invalid left operand to `.'
pidigits.cs:9: invalid left operand to `.'
pidigits.cs:9: invalid left operand to `.'
pidigits.cs:9: invalid left operand to `.'
pidigits.cs:9: invalid left operand to `.'
pidigits.cs:195: invalid operands to binary `=='
pidigits.cs:195: no conversion from `int' to `bool'
pidigits.cs:9: invalid left operand to `.'
pidigits.cs:9: invalid left operand to `.'
pidigits.cs:9: invalid left operand to `.'
pidigits.cs:9: invalid left operand to `.'
pidigits.cs:9: invalid left operand to `.'
pidigits.cs:9: invalid left operand to `.'
pidigits.cs:206: incompatible types in assignment: no conversion from `invalid type' to `int'
pidigits.cs:9: invalid left operand to `.'
pidigits.cs:9: invalid left operand to `.'
pidigits.cs:9: invalid left operand to `.'
pidigits.cs:9: invalid left operand to `.'
pidigits.cs:9: invalid left operand to `.'
pidigits.cs:9: invalid left operand to `.'
pidigits.cs:9: invalid left operand to `.'
pidigits.cs:9: invalid left operand to `.'
pidigits.cs:9: invalid left operand to `.'
pidigits.cs:212: invalid value supplied to cast
pidigits.cs:9: invalid type supplied to cast
pidigits.cs:9: invalid left operand to `.'
pidigits.cs:9: invalid left operand to `.'
pidigits.cs:9: invalid left operand to `.'
pidigits.cs:9: invalid left operand to `.'
pidigits.cs:9: invalid left operand to `.'
pidigits.cs:9: invalid left operand to `.'
pidigits.cs:9: invalid left operand to `.'
pidigits.cs:9: invalid left operand to `.'
pidigits.cs:9: invalid left operand to `.'
pidigits.cs:216: invalid value supplied to cast
pidigits.cs:9: invalid type supplied to cast
make[3]: [pidigits.pnet_run] Error 1 (ignored)
rm pidigits.cs

=================================================================
COMMAND LINE (%A is single numeric argument):

 /usr/bin/ilrun pidigits.pnet_run %A
pidigits.pnet_run.exe: No such file or directory
TEST FAILED - Child processed exited with error code (1)


PROGRAM OUTPUT
==============
