RUNNING SCRIPT: pidigits.lua

Mon Jan 29 23:22:29 PST 2007


=================================================================
COMMAND LINE (%A is single numeric argument):

 /usr/local/bin/lua $LUA_EXTRAS ../pidigits.lua %A
/usr/local/bin/lua: ../pidigits.lua:10: module 'BigNum.lua' not found:
	no field package.preload['BigNum.lua']
	no file './BigNum/lua.lua'
	no file '/usr/local/share/lua/5.1/BigNum/lua.lua'
	no file '/usr/local/share/lua/5.1/BigNum/lua/init.lua'
	no file '/usr/local/lib/lua/5.1/BigNum/lua.lua'
	no file '/usr/local/lib/lua/5.1/BigNum/lua/init.lua'
	no file './BigNum/lua.so'
	no file '/usr/local/lib/lua/5.1/BigNum/lua.so'
	no file '/usr/local/lib/lua/5.1/loadall.so'
	no file './BigNum.so'
	no file '/usr/local/lib/lua/5.1/BigNum.so'
	no file '/usr/local/lib/lua/5.1/loadall.so'
stack traceback:
	[C]: in function 'require'
	../pidigits.lua:10: in main chunk
	[C]: ?
TEST FAILED - Child processed exited with error code (1)


PROGRAM OUTPUT
==============
