BUILD COMMANDS FOR: primes.nice-4.nice

Sun May  4 19:17:08 PDT 2008

( if [ ! -d primes.nice-4.nice_run ] ; then mkdir primes.nice-4.nice_run ; mkdir primes.nice-4.nice_run/primes ; fi)
cp /home/dunham/gp4/shootout/bench/primes/primes.nice-4.nice primes.nice-4.nice_run/primes/primes.nice
( cd primes.nice-4.nice_run/primes ; /opt/nice-0.9.12/bin/nicec -d . --sourcepath "..:../../../.." -a ../../primes.jar primes )
nice.lang: parsing
primes: parsing
primes: typechecking
primes: generating code
primes: linking
primes: writing in archive
nice.lang: writing in archive
touch primes.nice-4.nice_run

=================================================================
COMMAND LINE (%A is single numeric argument):

 /opt/sun-jdk-1.6.0.06/bin/java -server -Xbatch -jar primes.jar %A


PROGRAM OUTPUT
==============
1st prime is 2
2nd prime is 3
100000th prime is 1299709
200000th prime is 2750159
300000th prime is 4256233
400000th prime is 5800079
500000th prime is 7368787
