BUILD COMMANDS FOR: primes.clean

Tue May  6 01:08:29 PDT 2008

cp /home/dunham/gp4/shootout/bench/primes/primes.clean primes.icl
/opt/clean/bin/clm -b -nt -IL ArgEnv -I ../../Include/clean  primes -o primes.clean_run
Compiling primes
Generating code for primes
Linking primes
rm primes.icl

=================================================================
COMMAND LINE (%A is single numeric argument):

 primes.clean_run $CLEANFLAGS %A


PROGRAM OUTPUT
==============
1st prime is 2
2nd prime is 3
100000th prime is 1299709
200000th prime is 2750159
300000th prime is 4256233
400000th prime is 5800079
500000th prime is 7368787
