BUILD COMMANDS FOR: random.smlnj

Wed Nov 23 00:03:34 PST 2005

cp /home/dunham/gp4/shootout/bench/random/random.smlnj random.sml
cp /home/dunham/gp4/shootout/bench/random/cm_random.cm random.cm
/usr/bin/ml-build random.cm Test.main random
Standard ML of New Jersey v110.45 [FLINT v1.5], February 13, 2004
[scanning random.cm]
[parsing (random.cm):random.sml]
[compiling (random.cm):random.sml]
[code: 1456, data: 44, env: 248 bytes]
[scanning 11127-export.cm]
[scanning (11127-export.cm):random.cm]
[parsing (11127-export.cm):11127-export.sml]
[compiling (11127-export.cm):11127-export.sml]
[code: 219, data: 35, env: 42 bytes]

=================================================================
COMMAND LINE (%A is single numeric argument):

 /usr/bin/sml @SMLload=random %A


PROGRAM OUTPUT
==============
41.548068130
