BUILD COMMANDS FOR: random.gcl

Thu Nov  3 07:24:46 UTC 2005

cp /home/dunham/gp4/shootout/bench/random/random.gcl random.gcl
(GCL_ANSI=1; export GCL_ANSI; \
  /usr/bin/gcl -compile random.gcl)

Compiling random.gcl.
; (DEFUN GEN-RANDOM ...) is being compiled.
;; Warning: Type declaration was found for not bound variable THE-LAST.
;; Warning: Type declaration was found for not bound variable IC.
;; Warning: Type declaration was found for not bound variable IA.
;; Warning: Type declaration was found for not bound variable IM.
End of Pass 1.  
End of Pass 2.  
OPTIMIZE levels: Safety=0 (No runtime error checking), Space=0, Speed=3
Finished compiling random.gcl.
touch random.gcl_run

=================================================================
COMMAND LINE (%A is single numeric argument):

 /usr/bin/gcl -batch -load random.o -eval '(main)' -f random.gcl %A


PROGRAM OUTPUT
==============
41.548068130
