BUILD COMMANDS FOR: recursive.chicken

Mon Jan 28 23:38:28 PST 2008

cp /home/dunham/gp4/shootout/bench/recursive/recursive.chicken recursive.chicken
rm -f recursive.chicken_run
/opt/chicken-3.0.0/csc recursive.chicken -benchmark-mode  -C "-O3 -fomit-frame-pointer -march=pentium4  -fno-strict-aliasing" -o recursive.chicken_run
Warning: extension `format' is currently not installed
Warning: coerced inexact literal number `2.0' to fixnum 2
Warning: coerced inexact literal number `1.0' to fixnum 1
Warning: coerced inexact literal number `1.0' to fixnum 1
Warning: coerced inexact literal number `2.0' to fixnum 2
Warning: coerced inexact literal number `1.0' to fixnum 1
Warning: coerced inexact literal number `1.0' to fixnum 1
Warning: coerced inexact literal number `1.0' to fixnum 1
Warning: coerced inexact literal number `3.0' to fixnum 3
Warning: coerced inexact literal number `2.0' to fixnum 2
Warning: coerced inexact literal number `1.0' to fixnum 1
Warning: coerced inexact literal number `27.0' to fixnum 27
Warning: coerced inexact literal number `27.0' to fixnum 27
rm recursive.chicken

=================================================================
COMMAND LINE (%A is single numeric argument):

recursive.chicken_run %A
Error: (require) can not load extension: format
TEST FAILED - Child processed exited with error code (70)


PROGRAM OUTPUT
==============
