BUILD COMMANDS FOR: recursive.hipe

Wed Apr  2 11:59:50 PDT 2008

/opt/otp_src_R12B-1/bin/erlc +native +"{hipe, [o3]}" recursive.erl

=================================================================
COMMAND LINE (%A is single numeric argument):

 /opt/otp_src_R12B-1/bin/erl -noshell -run recursive main %A
************************************************************
*   FILE COMPARISON ERROR
************************************************************
L1: Fib(3): 1

L2: Fib(3): 3

************************************************************
*   TEST (recursive.hipe_run) FAILED - ERROR:  recursive.hipe_out differs from Output.3
************************************************************
-rw-r--r-- 1 dunham users 80 Jan 28  2006 Output.3
-rw-r--r-- 1 dunham users 80 Apr  2 11:59 recursive.hipe_out


PROGRAM OUTPUT
==============
Ack(3,3): 61
Fib(30.0): 1346269.0
Tak(6,4,2): 3
Fib(3): 1
Tak(3.0,2.0,1.0): 2.0
