BUILD COMMANDS FOR: recursive.mlton-2.mlton

Fri Aug 31 17:09:08 PDT 2007

cp /home/dunham/gp4/shootout/bench/recursive/recursive.mlton-2.mlton recursive.mlton-2.sml
(if [ -r /home/dunham/gp4/shootout/bench/recursive/mlb_recursive.mlton-2.mlb ]; then			\
			mv /home/dunham/gp4/shootout/bench/recursive/mlb_recursive.mlton-2.mlb recursive.mlton-2.mlb;		\
		else							\
			echo '../../Include/mlton-src/lib.mlb recursive.mlton-2.sml'	\
				 >recursive.mlton-2.mlb;				\
		fi)
/opt/mlton-20070826/bin/mlton  -output recursive.mlton-2.mlton_run recursive.mlton-2.mlb
rm -f recursive.mlton-2.mlb recursive.mlton-2.sml

=================================================================
COMMAND LINE (%A is single numeric argument):

recursive.mlton-2.mlton_run %A


PROGRAM OUTPUT
==============
Ack(3,11): 16381
Fib(38.0): 63245986.0
Tak(30,20,10): 11
Fib(3): 3
Tak(3.0,2.0,1.0): 2.0
