RUNNING SCRIPT: recursive.jruby-2.jruby

Sun Jun 10 12:32:12 PDT 2007


=================================================================
COMMAND LINE (%A is single numeric argument):

 /opt/jruby-1.0/bin/jruby -J-server -J-Djruby.jit.threshold=0 -O ../recursive.jruby-2.jruby %A
TEST FAILED - Child processed exited with error code (0), halted by signal 6


PROGRAM OUTPUT
==============
MISSING EXCEPTION HANDLER for pc 0xb30fcd20 and handler bci -1
   Exception:

 Compiled exception table :
ExceptionHandlerTable (size = 504 bytes)
catch_pco = 68 (1 entries)
  bci -1 at scope depth 0 -> pco 4712
catch_pco = 144 (1 entries)
  bci -1 at scope depth 0 -> pco 4705
catch_pco = 1344 (1 entries)
  bci -1 at scope depth 0 -> pco 2435
catch_pco = 2000 (1 entries)
  bci -1 at scope depth 0 -> pco 3057
catch_pco = 2068 (1 entries)
  bci -1 at scope depth 0 -> pco 3001
catch_pco = 2264 (2 entries)
  bci -1 at scope depth 0 -> pco 4719
  bci 16 at scope depth 0 -> pco 4733
catch_pco = 2288 (1 entries)
  bci -1 at scope depth 0 -> pco 4141
catch_pco = 2332 (1 entries)
  bci -1 at scope depth 0 -> pco 4077
catch_pco = 2348 (1 entries)
  bci -1 at scope depth 0 -> pco 4073
catch_pco = 2364 (1 entries)
  bci -1 at scope depth 0 -> pco 3923
catch_pco = 2412 (1 entries)
  bci -1 at scope depth 0 -> pco 3916
catch_pco = 2428 (1 entries)
  bci -1 at scope depth 0 -> pco 3909
catch_pco = 2452 (1 entries)
  bci -1 at scope depth 0 -> pco 3380
catch_pco = 2500 (1 entries)
  bci -1 at scope depth 0 -> pco 3373
catch_pco = 2524 (1 entries)
  bci -1 at scope depth 0 -> pco 3064
catch_pco = 3008 (2 entries)
  bci 91 at scope depth 0 -> pco 3008
  bci 49 at scope depth 0 -> pco 3015
catch_pco = 4104 (2 entries)
  bci 91 at scope depth 0 -> pco 4104
  bci 49 at scope depth 0 -> pco 4108
catch_pco = 4168 (2 entries)
  bci 91 at scope depth 0 -> pco 4168
  bci 49 at scope depth 0 -> pco 4198
catch_pco = 4184 (1 entries)
  bci -1 at scope depth 0 -> pco 4191
#
# An unexpected error has been detected by Java Runtime Environment:
#
===================================
!!! Note: Truncated to 50 lines !!!
===================================
