BUILD COMMANDS FOR: recursive.java14

Sat Sep 16 03:26:49 PDT 2006

( if [ ! -d recursive.java14_run ] ; then mkdir recursive.java14_run ; fi)
cp /home/dunham/gp4/shootout/bench/recursive/recursive.java14 recursive.java14_run/recursive.java
( cd recursive.java14_run ; rm -rf *.class; /opt/sun-jdk-1.4.2.12/bin/javac -classpath '.' recursive.java )
recursive.java:16: cannot resolve symbol
symbol  : method printf (java.lang.String,int,int)
location: class java.io.PrintStream
    System.out.printf("Ack(3,%d): %d\n", n, ack(3, n));
              ^
recursive.java:17: cannot resolve symbol
symbol  : method printf (java.lang.String,double,double)
location: class java.io.PrintStream
    System.out.printf("Fib(%.1f): %.1f\n", 27.0 + n, fib(27.0 + n));
              ^
recursive.java:20: cannot resolve symbol
symbol  : method printf (java.lang.String,int,int,int,int)
location: class java.io.PrintStream
    System.out.printf("Tak(%d,%d,%d): %d\n", n * 3, n * 2, n, tak(n * 3, n * 2, n));
              ^
recursive.java:22: cannot resolve symbol
symbol  : method printf (java.lang.String,int)
location: class java.io.PrintStream
    System.out.printf("Fib(3): %d\n", fib(3));
              ^
recursive.java:23: cannot resolve symbol
symbol  : method printf (java.lang.String,double)
location: class java.io.PrintStream
    System.out.printf("Tak(3.0,2.0,1.0): %.1f\n", tak(3.0, 2.0, 1.0));
              ^
5 errors
make[3]: [recursive.java14_run] Error 1 (ignored)
touch recursive.java14_run

=================================================================
COMMAND LINE (%A is single numeric argument):

 /opt/sun-jdk-1.4.2.12/bin/java $JDKFLAGS -server -classpath recursive.java14_run recursive %A
Exception in thread "main" java.lang.NoClassDefFoundError: recursive
TEST FAILED - Child processed exited with error code (1)


PROGRAM OUTPUT
==============
