RUNNING SCRIPT: recursive.groovy

Mon Sep 25 22:20:40 PDT 2006


=================================================================
COMMAND LINE (%A is single numeric argument):

 /opt/groovy-1.0-JSR-06/bin/groovy ../recursive.groovy %A
Caught: java.lang.StackOverflowError
	at recursive.ack(recursive.groovy:28)
	at recursive.ack(recursive.groovy:28)
	at recursive.ack(recursive.groovy:28)
	at recursive.ack(recursive.groovy:28)
	at recursive.ack(recursive.groovy:28)
	at recursive.ack(recursive.groovy:28)
	at recursive.ack(recursive.groovy:28)
	at recursive.ack(recursive.groovy:28)
	at recursive.ack(recursive.groovy:28)
	at recursive.ack(recursive.groovy:28)
	at recursive.ack(recursive.groovy:28)
	at recursive.ack(recursive.groovy:28)
	at recursive.ack(recursive.groovy:28)
	at recursive.ack(recursive.groovy:28)
	at recursive.ack(recursive.groovy:28)
	at recursive.ack(recursive.groovy:28)
	at recursive.ack(recursive.groovy:28)
	at recursive.ack(recursive.groovy:28)
	at recursive.ack(recursive.groovy:28)
	at recursive.ack(recursive.groovy:28)
	at recursive.ack(recursive.groovy:28)
	at recursive.ack(recursive.groovy:28)
	at recursive.ack(recursive.groovy:28)
	at recursive.ack(recursive.groovy:28)
	at recursive.ack(recursive.groovy:28)
	at recursive.ack(recursive.groovy:28)
	at recursive.ack(recursive.groovy:28)
	at recursive.ack(recursive.groovy:28)
	at recursive.ack(recursive.groovy:28)
	at recursive.ack(recursive.groovy:28)
	at recursive.ack(recursive.groovy:28)
	at recursive.ack(recursive.groovy:28)
	at recursive.ack(recursive.groovy:28)
	at recursive.ack(recursive.groovy:28)
	at recursive.ack(recursive.groovy:28)
	at recursive.ack(recursive.groovy:28)
	at recursive.ack(recursive.groovy:28)
	at recursive.ack(recursive.groovy:28)
	at recursive.ack(recursive.groovy:28)
	at recursive.ack(recursive.groovy:28)
	at recursive.ack(recursive.groovy:28)
	at recursive.ack(recursive.groovy:28)
	at recursive.ack(recursive.groovy:28)
	at recursive.ack(recursive.groovy:28)
	at recursive.ack(recursive.groovy:28)
	at recursive.ack(recursive.groovy:28)
	at recursive.ack(recursive.groovy:28)
	at recursive.ack(recursive.groovy:28)
	at recursive.ack(recursive.groovy:28)
	at recursive.ack(recursive.groovy:28)
	at recursive.ack(recursive.groovy:28)
	at recursive.ack(recursive.groovy:28)
	at recursive.ack(recursive.groovy:28)
	at recursive.ack(recursive.groovy:28)
	at recursive.ack(recursive.groovy:28)
	at recursive.ack(recursive.groovy:28)
	at recursive.ack(recursive.groovy:28)
	at recursive.ack(recursive.groovy:28)
	at recursive.ack(recursive.groovy:28)
	at recursive.ack(recursive.groovy:28)
	at recursive.ack(recursive.groovy:28)
	at recursive.ack(recursive.groovy:28)
	at recursive.ack(recursive.groovy:28)
	at recursive.ack(recursive.groovy:28)
	at recursive.ack(recursive.groovy:28)
	at recursive.ack(recursive.groovy:28)
	at recursive.ack(recursive.groovy:28)
	at recursive.ack(recursive.groovy:28)
	at recursive.ack(recursive.groovy:28)
	at recursive.ack(recursive.groovy:28)
	at recursive.ack(recursive.groovy:28)
	at recursive.ack(recursive.groovy:28)
	at recursive.ack(recursive.groovy:28)
	at recursive.ack(recursive.groovy:28)
	at recursive.ack(recursive.groovy:28)
	at recursive.ack(recursive.groovy:28)
	at recursive.ack(recursive.groovy:28)
	at recursive.ack(recursive.groovy:28)
	at recursive.ack(recursive.groovy:28)
	at recursive.ack(recursive.groovy:28)
	at recursive.ack(recursive.groovy:28)
	at recursive.ack(recursive.groovy:28)
	at recursive.ack(recursive.groovy:28)
	at recursive.ack(recursive.groovy:28)
	at recursive.ack(recursive.groovy:28)
	at recursive.ack(recursive.groovy:28)
	at recursive.ack(recursive.groovy:28)
	at recursive.ack(recursive.groovy:28)
	at recursive.ack(recursive.groovy:28)
	at recursive.ack(recursive.groovy:28)
	at recursive.ack(recursive.groovy:28)
	at recursive.ack(recursive.groovy:28)
	at recursive.ack(recursive.groovy:28)
	at recursive.ack(recursive.groovy:28)
	at recursive.ack(recursive.groovy:28)
	at recursive.ack(recursive.groovy:28)
	at recursive.ack(recursive.groovy:28)
	at recursive.ack(recursive.groovy:28)
	at recursive.ack(recursive.groovy:28)
	at recursive.ack(recursive.groovy:28)
	at recursive.ack(recursive.groovy:28)
TEST FAILED - Child processed exited with error code (1)


PROGRAM OUTPUT
==============
