RUNNING SCRIPT: recursive.yarv

Wed Mar 22 13:33:49 PST 2006


=================================================================
COMMAND LINE (%A is single numeric argument):

 /opt/yarv-r482/ruby ../recursive.yarv %A
../recursive.yarv:12:in `ack': stack level too deep (SystemStackError)
	from ../recursive.yarv:13:in `ack'
	from ../recursive.yarv:13:in `ack'
	from ../recursive.yarv:13:in `ack'
	from ../recursive.yarv:13:in `ack'
	from ../recursive.yarv:13:in `ack'
	from ../recursive.yarv:13:in `ack'
	from ../recursive.yarv:13:in `ack'
	from ../recursive.yarv:13:in `ack'
	 ... 7681 levels...
	from ../recursive.yarv:13:in `ack'
	from ../recursive.yarv:13:in `ack'
	from ../recursive.yarv:13:in `ack'
	from ../recursive.yarv:34:in `<main>'
TEST FAILED - Child processed exited with error code (1)


PROGRAM OUTPUT
==============
