BUILD COMMANDS FOR: recursive.psyco-2.psyco

Thu Jan 26 13:10:32 PST 2006

rm -f recursive.psyco-2.pyo recursive.psyco-2.pyc
cp /home/dunham/gp4/shootout/bench/recursive/recursive.psyco-2.psyco recursive.psyco-2.py
/usr/bin/python -OO -c "from py_compile import compile; compile('/home/dunham/gp4/shootout/bench/recursive/tmp/recursive.psyco-2.py')"
touch recursive.psyco-2.psyco_run

=================================================================
COMMAND LINE (%A is single numeric argument):

 /usr/bin/python recursive.psyco-2.py %A
************************************************************
*   TEST (recursive.psyco-2.psyco_run) FAILED - ERROR:  recursive.psyco-2.psyco_out differs from Output.3
************************************************************
-rw-r--r--  1 dunham users 80 Jan 23 13:58 Output.3
-rw-r--r--  1 dunham users 82 Jan 26 13:10 recursive.psyco-2.psyco_out


PROGRAM OUTPUT
==============
Ack(3,6): 509
Fib(24): 75025
Tak(24,16,8): 9
Fib(30): 1346269.0
Tak(24,16,8): 9.0
