BUILD COMMANDS FOR: recursive.fpascal-3.fpascal

Sun Sep 16 21:15:19 PDT 2007

cp /home/dunham/gp4/shootout/bench/recursive/recursive.fpascal-3.fpascal recursive.fpascal-3.pas
/usr/bin/fpc -Fu../../Include/fpascal -XX -Xs -O3p3 -oFPASCAL_RUN recursive.fpascal-3.pas
Warning: You are using the obsolete switch -Op<nr>, please use -Op<name>
Free Pascal Compiler version 2.2.0 [2007/09/14] for i386
Copyright (c) 1993-2007 by Florian Klaempfl
Target OS: Linux for i386
Compiling recursive.fpascal-3.pas
Linking FPASCAL_RUN
64 lines compiled, 0.2 sec
1 warning(s) issued
mv FPASCAL_RUN recursive.fpascal-3.fpascal_run
rm recursive.fpascal-3.pas

=================================================================
COMMAND LINE (%A is single numeric argument):

recursive.fpascal-3.fpascal_run %A


PROGRAM OUTPUT
==============
Ack(3,11): 16381
Fib(38.0): 63245986.0
Tak(30,20,10): 11
Fib(3): 3
Tak(3.0,2.0,1.0): 2.0
