BUILD COMMANDS FOR: recursive.lisaac

Wed Apr 16 11:59:49 PDT 2008

cp /home/dunham/gp4/shootout/bench/recursive/recursive.lisaac recursive.li
../../../bin/split_file.bash /home/dunham/gp4/shootout/bench/recursive/recursive.lisaac recursive.li
rm -f recursive.lisaac_run
/usr/bin/lisaac -O -i20 recursive
Depending pass: .............. (14)
Executing pass: *.............. (15)
 => 0 second(s).
Run `gcc ./recursive.c -O3 -fomit-frame-pointer -lm -lX11 -o ./recursive -L/usr/lib-march=pentium4' 	Ok
/usr/bin/gcc -pipe -Wall -O3 -fomit-frame-pointer -march=pentium4   recursive.c -o recursive.lisaac_run

=================================================================
COMMAND LINE (%A is single numeric argument):

recursive.lisaac_run %A


PROGRAM OUTPUT
==============
Ack(3,11): 16381
Fib(38.0): 63245986.0
Tak(30,20,10): 11
Fib(3): 3
Tak(3.0,2.0,1.0): 2.0
