BUILD COMMANDS FOR: recursive.icpp-2.icpp

Tue Apr 29 16:55:06 PDT 2008

/opt/intel/cc/10.1.012/bin/icpc -c -O3 -ipo -static recursive.icpp-2.c++ -o recursive.icpp-2.c++.o &&  \
        /opt/intel/cc/10.1.012/bin/icpc recursive.icpp-2.c++.o -o recursive.icpp-2.icpp_run -O3 -ipo -static 
recursive.icpp-2.c++(12): warning #1292: attribute "fastcall" ignored
  N Ack(N x, N y) __attribute__((fastcall, const, nothrow));
                                 ^

recursive.icpp-2.c++(21): warning #1292: attribute "fastcall" ignored
  N Fib(N n) __attribute__((fastcall, const, nothrow));
                            ^

recursive.icpp-2.c++(30): warning #1292: attribute "fastcall" ignored
  N Tak(N x, N y, N z) __attribute__((fastcall, const, nothrow));
                                      ^

ipo: remark #11001: performing single-file optimizations
ipo: remark #11005: generating object file /tmp/ipo_icpc5lbKam.o

=================================================================
COMMAND LINE (%A is single numeric argument):

recursive.icpp-2.icpp_run %A


PROGRAM OUTPUT
==============
Ack(3,11): 16381
Fib(38.0): 63245986.0
Tak(30,20,10): 11
Fib(3): 3
Tak(3.0,2.0,1.0): 2.0
