BUILD COMMANDS FOR: recursive.scala

Fri Jun 20 19:48:15 PDT 2008

( if [ ! -d recursive.scala_run ] ; then mkdir recursive.scala_run ; fi)
cp /home/dunham/gp4/shootout/bench/recursive/recursive.scala recursive.scala_run/recursive.scala
( cd recursive.scala_run ; /opt/scala-2.7.1.final/bin/scalac recursive.scala )
touch recursive.scala_run

=================================================================
COMMAND LINE (%A is single numeric argument):

 JAVACMD="/opt/sun-jdk-1.6.0.06/bin/java -Xss32m -server -Xbatch" /opt/scala-2.7.1.final/bin/scala -classpath recursive.scala_run recursive %A
************************************************************
*   TEST (recursive.scala_run) FAILED - ERROR:  recursive.scala_out differs from Output.3
************************************************************
-rw-r--r-- 1 dunham users 80 Jan 28  2006 Output.3
-rw-r--r-- 1 dunham users 93 Jun 20 19:48 recursive.scala_out


PROGRAM OUTPUT
==============
Ack(3,3): 61
Fib({0,number,.#}): {1,number,.#}
Tak(6,4,2): 3
Fib(3): 3
Tak(3.0,2.0,1.0): 2.0
