BUILD COMMANDS FOR: regexdna.gcj

Tue May  6 16:58:41 PDT 2008

/usr/bin/gcj -x java -O3 -fomit-frame-pointer -march=pentium4  -fno-bounds-check -fno-store-check -o regexdna.gcj_run --main=regexdna regexdna.javagcj
rm regexdna.javagcj

=================================================================
COMMAND LINE (%A is single numeric argument):

regexdna.gcj_run %A
GC Warning: Repeated allocation of very large block (appr. size 9441280):
	May lead to memory leak and poor performance.


PROGRAM OUTPUT
==============
agggtaaa|tttaccct 36
[cgt]gggtaaa|tttaccc[acg] 125
a[act]ggtaaa|tttacc[agt]t 426
ag[act]gtaaa|tttac[agt]ct 290
agg[act]taaa|ttta[agt]cct 536
aggg[acg]aaa|ttt[cgt]ccct 153
agggt[cgt]aa|tt[acg]accct 143
agggta[cgt]a|t[acg]taccct 160
agggtaa[cgt]|[acg]ttaccct 219

5083411
5000000
6678892
