BUILD COMMANDS FOR: regexdna.dlang-2.dlang

Wed Jan  9 19:58:44 PST 2008

cp /home/dunham/gp4/shootout/bench/regexdna/regexdna.dlang-2.dlang regexdna.d
/opt/dmd/bin/dmd -O -inline -release  -ofregexdna.dlang-2.dlang_run regexdna.d
gcc regexdna.o -o regexdna.dlang-2.dlang_run -m32 -Xlinker -L/opt/dmd/bin/../lib -lphobos -lpthread -lm 

=================================================================
COMMAND LINE (%A is single numeric argument):

regexdna.dlang-2.dlang_run %A


PROGRAM OUTPUT
==============
agggtaaa|tttaccct 36
[cgt]gggtaaa|tttaccc[acg] 125
a[act]ggtaaa|tttacc[agt]t 426
ag[act]gtaaa|tttac[agt]ct 290
agg[act]taaa|ttta[agt]cct 536
aggg[acg]aaa|ttt[cgt]ccct 153
agggt[cgt]aa|tt[acg]accct 143
agggta[cgt]a|t[acg]taccct 160
agggtaa[cgt]|[acg]ttaccct 219

5083411
5000000
6678892
