BUILD COMMANDS FOR: regexdna.erlang-3.erlang

Mon Dec 10 18:18:05 PST 2007

cp /home/dunham/gp4/shootout/bench/regexdna/regexdna.erlang-3.erlang regexdna.erl
/opt/otp_src_R12B-0/bin/erlc regexdna.erl

=================================================================
COMMAND LINE (%A is single numeric argument):

 /opt/otp_src_R12B-0/bin/erl -noinput -noshell -run regexdna main %A


PROGRAM OUTPUT
==============
agggtaaa|tttaccct 36
[cgt]gggtaaa|tttaccc[acg] 125
a[act]ggtaaa|tttacc[agt]t 426
ag[act]gtaaa|tttac[agt]ct 290
agg[act]taaa|ttta[agt]cct 536
aggg[acg]aaa|ttt[cgt]ccct 153
agggt[cgt]aa|tt[acg]accct 143
agggta[cgt]a|t[acg]taccct 160
agggtaa[cgt]|[acg]ttaccct 219

5083411
5000000
6678892
