BUILD COMMANDS FOR: regexdna.javaxint

Tue Jan 30 01:47:05 PST 2007

( if [ ! -d regexdna.javaxint_run ] ; then mkdir regexdna.javaxint_run ; fi)
cp /home/dunham/gp4/shootout/bench/regexdna/regexdna.javaxint regexdna.javaxint_run/regexdna.java
( cd regexdna.javaxint_run ; rm -rf *.class; /opt/sun-jdk-1.6.0/bin/javac -classpath '.' regexdna.java )
touch regexdna.javaxint_run

=================================================================
COMMAND LINE (%A is single numeric argument):

 /opt/sun-jdk-1.6.0/bin/java $JDKFLAGS -server -Xint -classpath regexdna.javaxint_run regexdna %A


PROGRAM OUTPUT
==============
agggtaaa|tttaccct 36
[cgt]gggtaaa|tttaccc[acg] 125
a[act]ggtaaa|tttacc[agt]t 426
ag[act]gtaaa|tttac[agt]ct 290
agg[act]taaa|ttta[agt]cct 536
aggg[acg]aaa|ttt[cgt]ccct 153
agggt[cgt]aa|tt[acg]accct 143
agggta[cgt]a|t[acg]taccct 160
agggtaa[cgt]|[acg]ttaccct 219

5083411
5000000
6678892
