BUILD COMMANDS FOR: regexdna.gpp

Sun Sep 17 17:27:34 PDT 2006

/usr/bin/g++ -c -pipe -Wall -O3 -fomit-frame-pointer -funroll-loops  regexdna.c++ -o regexdna.c++.o &&  \
        /usr/bin/g++ regexdna.c++.o -o regexdna.gpp_run -L/usr/local/lib -lboost_regex 

=================================================================
COMMAND LINE (%A is single numeric argument):

regexdna.gpp_run %A


PROGRAM OUTPUT
==============
agggtaaa|tttaccct 36
[cgt]gggtaaa|tttaccc[acg] 125
a[act]ggtaaa|tttacc[agt]t 426
ag[act]gtaaa|tttac[agt]ct 290
agg[act]taaa|ttta[agt]cct 536
aggg[acg]aaa|ttt[cgt]ccct 153
agggt[cgt]aa|tt[acg]accct 143
agggta[cgt]a|t[acg]taccct 160
agggtaa[cgt]|[acg]ttaccct 219

5083411
5000000
6678892
