BUILD COMMANDS FOR: regexdna.nice

Sat Jan 21 10:45:18 PST 2006

( if [ ! -d regexdna.nice_run ] ; then mkdir regexdna.nice_run ; mkdir regexdna.nice_run/regexdna ; fi)
cp /home/dunham/gp4/shootout/bench/regexdna/regexdna.nice regexdna.nice_run/regexdna/regexdna.nice
( cd regexdna.nice_run/regexdna ; /opt/nice-0.9.10/bin/nicec -d . --sourcepath "..:../../../.." -a ../../regexdna.jar regexdna )
nice.lang: parsing
regexdna: parsing
regexdna: typechecking
regexdna: generating code
regexdna: linking
regexdna: writing in archive
nice.lang: writing in archive
touch regexdna.nice_run

=================================================================
COMMAND LINE (%A is single numeric argument):

 /opt/jdk1.5.0_05/bin/java -server -jar regexdna.jar %A


PROGRAM OUTPUT
==============
agggtaaa|tttaccct 36
[cgt]gggtaaa|tttaccc[acg] 125
a[act]ggtaaa|tttacc[agt]t 426
ag[act]gtaaa|tttac[agt]ct 290
agg[act]taaa|ttta[agt]cct 536
aggg[acg]aaa|ttt[cgt]ccct 153
agggt[cgt]aa|tt[acg]accct 143
agggta[cgt]a|t[acg]taccct 160
agggtaa[cgt]|[acg]ttaccct 219

5083411
5000000
6678892
