BUILD COMMANDS FOR: regexdna.se

Mon Dec 11 13:37:05 PST 2006

copying /home/dunham/gp4/shootout/bench/regexdna/regexdna.se to regexdna.e
cp /home/dunham/gp4/shootout/bench/regexdna/regexdna.se regexdna.e
../../../bin/split_file.bash /home/dunham/gp4/shootout/bench/regexdna/regexdna.se regexdna.e
make[3]: [regexdna.e] Error 1 (ignored)
rm -f regexdna.se_run
/opt/SmartEiffel/bin/se c -clean -boost -no_split -O3 -fomit-frame-pointer -march=pentium4   -o regexdna.se_run regexdna
****** Fatal Error: File "/home/dunham/gp4/shootout/bench/regexdna/tmp/regexdna.e"
does not contain class "REGEXDNA".

Line 8 column 7 in REGEXDNA (/home/dunham/gp4/shootout/bench/regexdna/tmp/regexdna.e):
class REGEX_DNA
      ^        
------
Error occurs while compiling. Compilation process aborted.
make[3]: [regexdna.se_run] Error 1 (ignored)
rm regexdna.e

=================================================================
COMMAND LINE (%A is single numeric argument):

regexdna.se_run %A
Error, could not exec regexdna.se_run 1 (No such file or directory)
PATH=/home/dunham/gp4/shootout/bench/regexdna:/home/dunham/gp4/shootout/bench/regexdna/tmp:/usr/local/bin:/usr/bin:/bin:/opt/bin:/usr/i686-pc-linux-gnu/gcc-bin/4.1.1:/opt/ghc/bin:/usr/qt/3/bin:/usr/i686-pc-linux-gnu/gnat-gcc-bin/4.1:/usr/libexec/gnat-gcc/i686-pc-linux-gnu/4.1:/opt/cint5.16:/opt/kroc-1.4.0/install/bin:/opt/dmd/bin:/opt/sun-jdk-1.5.0.08/bin:/opt/sun-jdk-1.4.2.12/bin:/opt/mozart/bin:/opt/groovy-1.0-JSR-06/bin
TEST FAILED - Child processed exited with error code (1)


PROGRAM OUTPUT
==============
