BUILD COMMANDS FOR: regexdna.gcc

Sun Sep 17 14:53:39 PDT 2006

/usr/bin/gcc -pipe -Wall -O3 -fomit-frame-pointer -funroll-loops -march=pentium4  regexdna.c -o regexdna.gcc_run
regexdna.c: In function 'main':
regexdna.c:99: warning: suggest parentheses around assignment used as truth value

=================================================================
COMMAND LINE (%A is single numeric argument):

regexdna.gcc_run %A
************************************************************
*   TEST HALTED - TIMEOUT AFTER --maxtime 3600 SECS
************************************************************


PROGRAM OUTPUT
==============
agggtaaa|tttaccct 36
[cgt]gggtaaa|tttaccc[acg] 125
a[act]ggtaaa|tttacc[agt]t 426
ag[act]gtaaa|tttac[agt]ct 290
agg[act]taaa|ttta[agt]cct 536
aggg[acg]aaa|ttt[cgt]ccct 153
agggt[cgt]aa|tt[acg]accct 143
agggta[cgt]a|t[acg]taccct 160
agggtaa[cgt]|[acg]ttaccct 219

5083411
5000000
6678892
