RUNNING SCRIPT: regexdna.icon-2.icon

Sat Jun  2 03:52:50 PDT 2007


=================================================================
COMMAND LINE (%A is single numeric argument):

 /opt/icon.v943src/bin/icon ../regexdna.icon-2.icon %A
../regexdna.icon-2.icon: "ilen": undeclared identifier, procedure main
../regexdna.icon-2.icon: "clen": undeclared identifier, procedure main
../regexdna.icon-2.icon: "variants": undeclared identifier, procedure main
../regexdna.icon-2.icon: "f": undeclared identifier, procedure main
../regexdna.icon-2.icon: "subst": undeclared identifier, procedure main
../regexdna.icon-2.icon: "prealt": undeclared identifier, procedure findeach
../regexdna.icon-2.icon: "ilen": undeclared identifier, procedure main
../regexdna.icon-2.icon: "clen": undeclared identifier, procedure main
../regexdna.icon-2.icon: "variants": undeclared identifier, procedure main
../regexdna.icon-2.icon: "f": undeclared identifier, procedure main
../regexdna.icon-2.icon: "subst": undeclared identifier, procedure main
../regexdna.icon-2.icon: "prealt": undeclared identifier, procedure findeach
../regexdna.icon-2.icon: "ilen": undeclared identifier, procedure main
../regexdna.icon-2.icon: "clen": undeclared identifier, procedure main
../regexdna.icon-2.icon: "variants": undeclared identifier, procedure main
../regexdna.icon-2.icon: "f": undeclared identifier, procedure main
../regexdna.icon-2.icon: "subst": undeclared identifier, procedure main
../regexdna.icon-2.icon: "prealt": undeclared identifier, procedure findeach
../regexdna.icon-2.icon: "ilen": undeclared identifier, procedure main
../regexdna.icon-2.icon: "clen": undeclared identifier, procedure main
../regexdna.icon-2.icon: "variants": undeclared identifier, procedure main
../regexdna.icon-2.icon: "f": undeclared identifier, procedure main
../regexdna.icon-2.icon: "subst": undeclared identifier, procedure main
../regexdna.icon-2.icon: "prealt": undeclared identifier, procedure findeach
../regexdna.icon-2.icon: "ilen": undeclared identifier, procedure main
../regexdna.icon-2.icon: "clen": undeclared identifier, procedure main
../regexdna.icon-2.icon: "variants": undeclared identifier, procedure main
../regexdna.icon-2.icon: "f": undeclared identifier, procedure main
../regexdna.icon-2.icon: "subst": undeclared identifier, procedure main
../regexdna.icon-2.icon: "prealt": undeclared identifier, procedure findeach
../regexdna.icon-2.icon: "ilen": undeclared identifier, procedure main
../regexdna.icon-2.icon: "clen": undeclared identifier, procedure main
../regexdna.icon-2.icon: "variants": undeclared identifier, procedure main
../regexdna.icon-2.icon: "f": undeclared identifier, procedure main
../regexdna.icon-2.icon: "subst": undeclared identifier, procedure main
../regexdna.icon-2.icon: "prealt": undeclared identifier, procedure findeach
../regexdna.icon-2.icon: "ilen": undeclared identifier, procedure main
../regexdna.icon-2.icon: "clen": undeclared identifier, procedure main
../regexdna.icon-2.icon: "variants": undeclared identifier, procedure main
../regexdna.icon-2.icon: "f": undeclared identifier, procedure main
../regexdna.icon-2.icon: "subst": undeclared identifier, procedure main
../regexdna.icon-2.icon: "prealt": undeclared identifier, procedure findeach
../regexdna.icon-2.icon: "ilen": undeclared identifier, procedure main
../regexdna.icon-2.icon: "clen": undeclared identifier, procedure main
../regexdna.icon-2.icon: "variants": undeclared identifier, procedure main
../regexdna.icon-2.icon: "f": undeclared identifier, procedure main
../regexdna.icon-2.icon: "subst": undeclared identifier, procedure main
../regexdna.icon-2.icon: "prealt": undeclared identifier, procedure findeach
../regexdna.icon-2.icon: "ilen": undeclared identifier, procedure main
../regexdna.icon-2.icon: "clen": undeclared identifier, procedure main
../regexdna.icon-2.icon: "variants": undeclared identifier, procedure main
../regexdna.icon-2.icon: "f": undeclared identifier, procedure main
../regexdna.icon-2.icon: "subst": undeclared identifier, procedure main
../regexdna.icon-2.icon: "prealt": undeclared identifier, procedure findeach


PROGRAM OUTPUT
==============
agggtaaa|tttaccct 36
[cgt]gggtaaa|tttaccc[acg] 125
a[act]ggtaaa|tttacc[agt]t 426
ag[act]gtaaa|tttac[agt]ct 290
agg[act]taaa|ttta[agt]cct 536
aggg[acg]aaa|ttt[cgt]ccct 153
agggt[cgt]aa|tt[acg]accct 143
agggta[cgt]a|t[acg]taccct 160
agggtaa[cgt]|[acg]ttaccct 219

5083411
5000000
6678892
