BUILD COMMANDS FOR: regexdna.pnet

Wed Sep  5 04:39:48 PDT 2007

cp /home/dunham/gp4/shootout/bench/regexdna/regexdna.pnet regexdna.cs
rm -f regexdna.pnet_run
/usr/bin/cscc  /out:regexdna.pnet_run regexdna.cs
rm regexdna.cs

=================================================================
COMMAND LINE (%A is single numeric argument):

 /usr/bin/ilrun $PNETFLAGS regexdna.pnet_run %A


PROGRAM OUTPUT
==============
agggtaaa|tttaccct 36
[cgt]gggtaaa|tttaccc[acg] 125
a[act]ggtaaa|tttacc[agt]t 426
ag[act]gtaaa|tttac[agt]ct 290
agg[act]taaa|ttta[agt]cct 536
aggg[acg]aaa|ttt[cgt]ccct 153
agggt[cgt]aa|tt[acg]accct 143
agggta[cgt]a|t[acg]taccct 160
agggtaa[cgt]|[acg]ttaccct 219

5083411
5000000
6678892
