BUILD COMMANDS FOR: regexdna.ocaml

Wed Jan 11 13:01:37 PST 2006

cp /home/dunham/gp4/shootout/bench/regexdna/regexdna.ocaml regexdna.ml
/usr/local/bin/ocamlopt -noassert -unsafe -I /usr/lib/ocaml/contrib -ccopt -O3 str.cmxa regexdna.ml -o regexdna.ocaml_run
rm regexdna.ml

=================================================================
COMMAND LINE (%A is single numeric argument):

regexdna.ocaml_run %A
************************************************************
*   TEST (regexdna.ocaml_run) FAILED - ERROR:  regexdna.ocaml_out differs from Output.100000
************************************************************
-rw-r--r--  1 dunham users 278 Nov 13 04:45 Output.100000
-rw-r--r--  1 dunham users 287 Jan 11 13:01 regexdna.ocaml_out


PROGRAM OUTPUT
==============
agggtaaa\|tttaccct 6
[cgt]gggtaaa\|tttaccc[acg] 26
a[act]ggtaaa\|tttacc[agt]t 86
ag[act]gtaaa\|tttac[agt]ct 58
agg[act]taaa\|ttta[agt]cct 113
aggg[acg]aaa\|ttt[cgt]ccct 31
agggt[cgt]aa\|tt[acg]accct 31
agggta[cgt]a\|t[acg]taccct 32
agggtaa[cgt]\|[acg]ttaccct 43

1016745
1000000
1336326
