BUILD COMMANDS FOR: regexdna.chicken

Sat Jun  2 00:29:17 PDT 2007

cp /home/dunham/gp4/shootout/bench/regexdna/regexdna.chicken regexdna.chicken
rm -f regexdna.chicken_run
/usr/local/bin/csc regexdna.chicken -d0 -lambda-lift -b  -C "-O3 -fomit-frame-pointer -march=pentium4  -fno-strict-aliasing" -o regexdna.chicken_run
rm regexdna.chicken

=================================================================
COMMAND LINE (%A is single numeric argument):

regexdna.chicken_run %A
************************************************************
*   TEST HALTED - TIMEOUT AFTER --maxtime 2400 SECS
************************************************************


PROGRAM OUTPUT
==============
agggtaaa|tttaccct 22
[cgt]gggtaaa|tttaccc[acg] 73
a[act]ggtaaa|tttacc[agt]t 253
ag[act]gtaaa|tttac[agt]ct 171
agg[act]taaa|ttta[agt]cct 329
aggg[acg]aaa|ttt[cgt]ccct 91
agggt[cgt]aa|tt[acg]accct 84
agggta[cgt]a|t[acg]taccct 97
agggtaa[cgt]|[acg]ttaccct 132

3050077
3000000
4007262
