BUILD COMMANDS FOR: regexdna.java-4.java

Sun May 25 17:31:05 PDT 2008

( if [ ! -d regexdna.java-4.java_run ] ; then mkdir regexdna.java-4.java_run ; fi)
cp /home/dunham/gp4/shootout/bench/regexdna/regexdna.java-4.java regexdna.java-4.java_run/regexdna.java
( cd regexdna.java-4.java_run ; rm -rf *.class; /opt/sun-jdk-1.6.0.06/bin/javac -classpath '.' regexdna.java )
touch regexdna.java-4.java_run

=================================================================
COMMAND LINE (%A is single numeric argument):

 /opt/sun-jdk-1.6.0.06/bin/java $JDKFLAGS -server -Xbatch -classpath regexdna.java-4.java_run regexdna %A


PROGRAM OUTPUT
==============
agggtaaa|tttaccct 36
[cgt]gggtaaa|tttaccc[acg] 125
a[act]ggtaaa|tttacc[agt]t 426
ag[act]gtaaa|tttac[agt]ct 290
agg[act]taaa|ttta[agt]cct 536
aggg[acg]aaa|ttt[cgt]ccct 153
agggt[cgt]aa|tt[acg]accct 143
agggta[cgt]a|t[acg]taccct 160
agggtaa[cgt]|[acg]ttaccct 219

5083411
5000000
6678892
