BUILD COMMANDS FOR: regexdna.sbcl-2.sbcl

Thu Oct  5 21:27:55 PDT 2006

SBCL built with: /usr/bin/sbcl --userinit /dev/null --sysinit /dev/null -batch -eval '(load "regexdna.sbcl-2.sbcl_compile")'
### START regexdna.sbcl-2.sbcl_compile
(proclaim '(optimize (speed 3) (safety 0) (debug 0) (compilation-speed 0) (space 0)))
(asdf:operate 'asdf:load-op 'cl-ppcre)
(handler-bind ((sb-ext:defconstant-uneql      (lambda (c) (abort c))))      (load (compile-file "regexdna.sbcl-2.sbcl" ))) (save-lisp-and-die "sbcl.core" :purify t)
### END regexdna.sbcl-2.sbcl_compile

; loading system definition from /usr/share/common-lisp/systems/cl-ppcre.asd
; into #<PACKAGE "ASDF0">
; registering #<SYSTEM #:CL-PPCRE {A949421}> as CL-PPCRE
; compiling file "/home/dunham/gp4/shootout/bench/regexdna/tmp/regexdna.sbcl-2.sbcl" (written 05 OCT 2006 09:27:55 PM):
; compiling (ASDF:OPERATE (QUOTE ASDF:LOAD-OP) ...)
; compiling (DEFPARAMETER *REGEX-LIST* ...)
; compiling (DEFPARAMETER *SCANNER-LIST* ...)
; compiling (DEFPARAMETER *ALTERNATIVES* ...)
; compiling (DEFUN GET-INPUT-CHARS ...)
; compiling (DEFUN MAIN ...)

; /home/dunham/gp4/shootout/bench/regexdna/tmp/regexdna.sbcl-2.fasl written
; compilation finished in 0:00:00
[doing purification: roots handlers stack bindings static cleanup done]
[undoing binding stack and other enclosing state... done]
[saving current Lisp image into /home/dunham/gp4/shootout/bench/regexdna/tmp/sbcl.core:
writing 21858040 bytes from the read-only space at 0x01000000
writing 5827168 bytes from the static space at 0x05000000
writing 8192 bytes from the dynamic space at 0x09000000
done]
### START regexdna.sbcl-2.sbcl_run
(proclaim '(optimize (speed 3) (safety 0) (debug 0) (compilation-speed 0) (space 0)))
(main) (quit)
### END regexdna.sbcl-2.sbcl_run


=================================================================
COMMAND LINE (%A is single numeric argument):

 /usr/bin/sbcl --noinform --core sbcl.core --userinit /dev/null --sysinit /dev/null --load regexdna.sbcl-2.sbcl_run %A


PROGRAM OUTPUT
==============
agggtaaa|tttaccct 36
[cgt]gggtaaa|tttaccc[acg] 125
a[act]ggtaaa|tttacc[agt]t 426
ag[act]gtaaa|tttac[agt]ct 290
agg[act]taaa|ttta[agt]cct 536
aggg[acg]aaa|ttt[cgt]ccct 153
agggt[cgt]aa|tt[acg]accct 143
agggta[cgt]a|t[acg]taccct 160
agggtaa[cgt]|[acg]ttaccct 219

5083411
5000000
6678892
