BUILD COMMANDS FOR: regexdna.jruby

Tue Jan  8 17:45:33 PST 2008

cp /home/dunham/gp4/shootout/bench/regexdna/regexdna.jruby regexdna.rb

=================================================================
COMMAND LINE (%A is single numeric argument):

 /opt/jruby-1.1RC1/bin/jruby -J-server -J-Xbatch -O regexdna.rb %A


PROGRAM OUTPUT
==============
agggtaaa|tttaccct 36
[cgt]gggtaaa|tttaccc[acg] 125
a[act]ggtaaa|tttacc[agt]t 426
ag[act]gtaaa|tttac[agt]ct 290
agg[act]taaa|ttta[agt]cct 536
aggg[acg]aaa|ttt[cgt]ccct 153
agggt[cgt]aa|tt[acg]accct 143
agggta[cgt]a|t[acg]taccct 160
agggtaa[cgt]|[acg]ttaccct 219

5083411
5000000
6678892
