BUILD COMMANDS FOR: regexdna.cal-2.cal

Mon Sep 24 15:17:13 PDT 2007

( if [ ! -d regexdna.cal-2.cal_run ] ; then mkdir regexdna.cal-2.cal_run ; fi)
cp /home/dunham/gp4/shootout/bench/regexdna/regexdna.cal-2.cal regexdna.cal-2.cal_run
( cd regexdna.cal-2.cal_run ; ../../../Include/cal/compile.sh regexdna.cal )
cp: cannot stat `regexdna.cal': No such file or directory
Open Quark Standalone JAR Tool (version 1.6.1_0)
Initializing the CAL workspace...
Error: ERROR: VaultRegistry: Could not retrieve module "Regexdna", revision -1 from the given vault.
WARNING: Error reading vault element from cal.regexdna.cws, line: 1
ERROR: Problems encountered while constructing the workspace:
ERROR: VaultRegistry: Could not retrieve module "Regexdna", revision -1 from the given vault.
WARNING: Error reading vault element from cal.regexdna.cws, line: 1

touch regexdna.cal-2.cal_run

=================================================================
COMMAND LINE (%A is single numeric argument):

 QUARK_JAVACMD=/opt/sun-jdk-1.6.0.02/bin/java QUARK_VMARGS="$JDKFLAGS -server -Xbatch $CALFLAGS" /opt/Quark/quarklaunch.sh regexdna.cal-2.cal_run/regexdna.jar regexdna.main %A
Exception in thread "main" java.lang.NoClassDefFoundError: regexdna/main
TEST FAILED - Child processed exited with error code (1)


PROGRAM OUTPUT
==============
