BUILD COMMANDS FOR: regexdna.ghc-3.ghc

Wed Mar  1 22:39:36 PST 2006

cp /home/dunham/gp4/shootout/bench/regexdna/regexdna.ghc-3.ghc regexdna.ghc-3.hs
/usr/bin/ghc -O3 -optc-O3 -fglasgow-exts -package parsec regexdna.ghc-3.hs -o regexdna.ghc-3.ghc_run
rm regexdna.ghc-3.hs

=================================================================
COMMAND LINE (%A is single numeric argument):

 regexdna.ghc-3.ghc_run $MB_GHCRTS %A 


PROGRAM OUTPUT
==============
agggtaaa|tttaccct 36
[cgt]gggtaaa|tttaccc[acg] 125
a[act]ggtaaa|tttacc[agt]t 426
ag[act]gtaaa|tttac[agt]ct 290
agg[act]taaa|ttta[agt]cct 536
aggg[acg]aaa|ttt[cgt]ccct 153
agggt[cgt]aa|tt[acg]accct 143
agggta[cgt]a|t[acg]taccct 160
agggtaa[cgt]|[acg]ttaccct 219

5083411
5000000
6678892
