BUILD COMMANDS FOR: regexdna.pike-2.pike

Sat Mar  1 06:48:44 PST 2008

rm -f regexdna.pike-2.o
cp /home/dunham/gp4/shootout/bench/regexdna/regexdna.pike-2.pike regexdna.pike-2.pike
/usr/local/bin/pike -x dump regexdna.pike-2.pike
touch regexdna.pike-2.pike_run

=================================================================
COMMAND LINE (%A is single numeric argument):

 /usr/local/bin/pike regexdna.pike-2.pike %A


PROGRAM OUTPUT
==============
agggtaaa|tttaccct 36
[cgt]gggtaaa|tttaccc[acg] 125
a[act]ggtaaa|tttacc[agt]t 426
ag[act]gtaaa|tttac[agt]ct 290
agg[act]taaa|ttta[agt]cct 536
aggg[acg]aaa|ttt[cgt]ccct 153
agggt[cgt]aa|tt[acg]accct 143
agggta[cgt]a|t[acg]taccct 160
agggtaa[cgt]|[acg]ttaccct 219

5083411
5000000
6678892
