BUILD COMMANDS FOR: regexdna.gpp-2.gpp

Fri Jun 30 08:34:20 PDT 2006

/usr/bin/g++ -c -pipe -Wall -O3 -fomit-frame-pointer -funroll-loops  regexdna.gpp-2.c++ -o regexdna.gpp-2.c++.o &&  \
        /usr/bin/g++ regexdna.gpp-2.c++.o -o regexdna.gpp-2.gpp_run -L/usr/local/lib  
regexdna.gpp-2.c++:23:27: boost/regex.hpp: No such file or directory
regexdna.gpp-2.c++: In function `int main()':
regexdna.gpp-2.c++:54: error: ISO C++ forbids declaration of `boost' with no 
   type
regexdna.gpp-2.c++:54: error: uninitialized const `boost'
regexdna.gpp-2.c++:54: error: syntax error before `::' token
regexdna.gpp-2.c++:55: error: `boost' undeclared (first use this function)
regexdna.gpp-2.c++:55: error: (Each undeclared identifier is reported only once 
   for each function it appears in.)
regexdna.gpp-2.c++:55: error: syntax error before `::' token
regexdna.gpp-2.c++:60: error: ISO C++ forbids declaration of `boost' with no 
   type
regexdna.gpp-2.c++:60: error: uninitialized const `boost'
regexdna.gpp-2.c++:60: error: syntax error before `::' token
regexdna.gpp-2.c++:62: error: ISO C++ forbids declaration of `boost' with no 
   type
regexdna.gpp-2.c++:62: error: redeclaration of `const int boost'
regexdna.gpp-2.c++:60: error: `const int boost' previously declared here
regexdna.gpp-2.c++:62: error: declaration of `const int boost'
regexdna.gpp-2.c++:60: error: conflicts with previous declaration `const int 
   boost'
regexdna.gpp-2.c++:62: error: uninitialized const `boost'
regexdna.gpp-2.c++:62: error: syntax error before `::' token
regexdna.gpp-2.c++:65: error: `m' undeclared (first use this function)
regexdna.gpp-2.c++:65: error: `end' undeclared (first use this function)
regexdna.gpp-2.c++:60: warning: unused variable `const int boost'
regexdna.gpp-2.c++:76: error: ISO C++ forbids declaration of `boost' with no 
   type
regexdna.gpp-2.c++:76: error: uninitialized const `boost'
regexdna.gpp-2.c++:76: error: syntax error before `::' token
regexdna.gpp-2.c++:77: error: syntax error before `::' token
regexdna.gpp-2.c++:76: warning: unused variable `const int boost'
regexdna.gpp-2.c++:54: warning: unused variable `const int boost'
make[3]: [regexdna.gpp-2.gpp_run] Error 1 (ignored)

=================================================================
COMMAND LINE (%A is single numeric argument):

regexdna.gpp-2.gpp_run %A
Error, could not exec regexdna.gpp-2.gpp_run 1 (No such file or directory)
PATH=/home/dunham/gp4/shootout/bench/regexdna:/home/dunham/gp4/shootout/bench/regexdna/tmp:/usr/local/bin:/usr/bin:/bin:/opt/bin:/usr/i686-pc-linux-gnu/gcc-bin/3.3.6:/opt/ghc/bin:/opt/blackdown-jdk-1.4.2.03/bin:/opt/blackdown-jdk-1.4.2.03/jre/bin:/usr/qt/3/bin:/usr/kde/3.4/bin:/opt/cint5.16:/opt/kroc-1.4.0/install/bin:/opt/dmd/bin:/opt/jdk1.5.0_05/bin
TEST FAILED - Child processed exited with error code (1)


PROGRAM OUTPUT
==============
