BUILD COMMANDS FOR: regexdna.javaclient-4.javaclient

Thu Jul 10 18:55:02 PDT 2008

( if [ ! -d regexdna.javaclient-4.javaclient_run ] ; then mkdir regexdna.javaclient-4.javaclient_run ; fi)
cp /home/dunham/gp4/shootout/bench/regexdna/regexdna.javaclient-4.javaclient regexdna.javaclient-4.javaclient_run/regexdna.java
( cd regexdna.javaclient-4.javaclient_run ; rm -rf *.class; /opt/sun-jdk-1.6.0.07/bin/javac -classpath '.' regexdna.java )
touch regexdna.javaclient-4.javaclient_run

=================================================================
COMMAND LINE (%A is single numeric argument):

 /opt/sun-jdk-1.6.0.07/bin/java $JDKFLAGS -client -Xbatch -classpath regexdna.javaclient-4.javaclient_run regexdna %A


PROGRAM OUTPUT
==============
agggtaaa|tttaccct 36
[cgt]gggtaaa|tttaccc[acg] 125
a[act]ggtaaa|tttacc[agt]t 426
ag[act]gtaaa|tttac[agt]ct 290
agg[act]taaa|ttta[agt]cct 536
aggg[acg]aaa|ttt[cgt]ccct 153
agggt[cgt]aa|tt[acg]accct 143
agggta[cgt]a|t[acg]taccct 160
agggtaa[cgt]|[acg]ttaccct 219

5083411
5000000
6678892
