BUILD COMMANDS FOR: revcomp.dlang

Mon Nov 14 00:36:27 UTC 2005

cp /home/dunham/gp4/shootout/bench/revcomp/revcomp.dlang revcomp.d
/opt/dmd/bin/dmd -O -inline -release  -ofrevcomp.dlang_run revcomp.d
revcomp.d(14): undefined identifier module stream.stdin
revcomp.d(14): voids have no value
revcomp.d(14): constructor std.stream.BufferedStream.this (Stream,uint) does not match argument types (void,uint)
revcomp.d(14): cannot implicitly convert expression (module stream.stdin) of type void to std.stream.Stream
revcomp.d(15): undefined identifier module stream.stdout
revcomp.d(15): voids have no value
revcomp.d(15): constructor std.stream.BufferedStream.this (Stream,uint) does not match argument types (void)
revcomp.d(15): cannot implicitly convert expression (module stream.stdout) of type void to std.stream.Stream
make[3]: [revcomp.dlang_run] Error 1 (ignored)
rm revcomp.d

=================================================================
COMMAND LINE (%A is single numeric argument):

revcomp.dlang_run %A
Error, could not exec revcomp.dlang_run 1 (No such file or directory)
PATH=/home/dunham/gp4/shootout/bench/revcomp:/home/dunham/gp4/shootout/bench/revcomp/tmp:/usr/local/bin:/usr/bin:/bin:/opt/bin:/usr/i686-pc-linux-gnu/gcc-bin/3.3.5-20050130:/opt/ghc/bin:/opt/blackdown-jdk-1.4.2.02/bin:/opt/blackdown-jdk-1.4.2.02/jre/bin:/usr/qt/3/bin:/usr/kde/3.4/bin
TEST FAILED - Child processed exited with error code (1)


PROGRAM OUTPUT
==============
