BUILD COMMANDS FOR: spectralnorm.chicken-2.chicken

Tue Jan 29 11:38:57 PST 2008

cp /home/dunham/gp4/shootout/bench/spectralnorm/spectralnorm.chicken-2.chicken spectralnorm.chicken-2.chicken
rm -f spectralnorm.chicken-2.chicken_run
/opt/chicken-3.0.0/csc spectralnorm.chicken-2.chicken -benchmark-mode  -C "-O3 -fomit-frame-pointer -march=pentium4  -fno-strict-aliasing" -o spectralnorm.chicken-2.chicken_run
Warning: coerced inexact literal number `1.0' to fixnum 1
Warning: coerced inexact literal number `0.0' to fixnum 0
Warning: coerced inexact literal number `0.0' to fixnum 0
Warning: coerced inexact literal number `0.0' to fixnum 0
Warning: coerced inexact literal number `0.0' to fixnum 0
Warning: coerced inexact literal number `0.0' to fixnum 0
Warning: coerced inexact literal number `0.0' to fixnum 0
Warning: coerced inexact literal number `1.0' to fixnum 1
rm spectralnorm.chicken-2.chicken

=================================================================
COMMAND LINE (%A is single numeric argument):

spectralnorm.chicken-2.chicken_run %A
TEST FAILED - Child processed exited with error code (0), halted by signal 8


PROGRAM OUTPUT
==============
