BUILD COMMANDS FOR: spectralnorm.mercury

Tue May 13 11:31:46 PDT 2008

/usr/bin/mmc  spectralnorm.m -o spectralnorm.mercury_run
spectralnorm.c:62: warning: 'mercury__spectralnorm__eval_AtA_5_0' used but never defined
spectralnorm.c:63: warning: 'mercury__fn__spectralnorm__eval_A_2_0' used but never defined
spectralnorm.c:64: warning: 'mercury__fn__spectralnorm__sum_Products__5_0' used but never defined
spectralnorm.c:65: warning: 'mercury__spectralnorm__eval_AtA_times_u_3_0' used but never defined
spectralnorm.c:66: warning: 'mercury__spectralnorm__eval_A_times_u_i__5_0' used but never defined
spectralnorm.c:67: warning: 'mercury__spectralnorm__eval_A_times_u_j__6_0' used but never defined
spectralnorm.c:68: warning: 'mercury__spectralnorm__eval_At_times_u_i__5_0' used but never defined
spectralnorm.c:69: warning: 'mercury__spectralnorm__eval_At_times_u_j__6_0' used but never defined
spectralnorm.c:70: warning: 'mercury____Unify___spectralnorm__sn_vect_0_0' used but never defined
spectralnorm.c:71: warning: 'mercury____Compare___spectralnorm__sn_vect_0_0' used but never defined
rm spectralnorm.m

=================================================================
COMMAND LINE (%A is single numeric argument):

spectralnorm.mercury_run %A


PROGRAM OUTPUT
==============
1.274224153
