RUNNING SCRIPT: spectralnorm.io

Tue Jan 29 14:02:09 PST 2008


=================================================================
COMMAND LINE (%A is single numeric argument):

 /usr/bin/io_static ../spectralnorm.io %A
************************************************************
*   TEST (spectralnorm.io) FAILED - ERROR:  spectralnorm.io_out differs from Output.500
************************************************************
-rw-r--r-- 1 dunham users  12 Jan  1  2006 Output.500
-rw-r--r-- 1 dunham users 391 Jan 29 14:02 spectralnorm.io_out


PROGRAM OUTPUT
==============
# ../spectralnorm.io:27
method(n, 
    u := List clone preallocateToSize(n)
    v := List clone preallocateToSize(n)
    w := List clone preallocateToSize(n)
    n repeatTimes(u push(1); v push(0); w push(0))

    10 repeatTimes(AtAu(u, v, w); AtAu(v, u, w))

    vBv := vv := 0
    v foreach(i, vi, 
        vBv = vBv + vi * u at(i)
        vv = vv + vi squared
    )
    (vBv / vv) sqrt
)
