BUILD COMMANDS FOR: spectralnorm.sbcl

Mon Dec  3 09:45:10 PST 2007

SBCL built with: /usr/bin/sbcl --userinit /dev/null --sysinit /etc/sbclrc -batch -eval '(load "spectralnorm.sbcl_compile")'
### START spectralnorm.sbcl_compile
(proclaim '(optimize (speed 3) (safety 0) (debug 0) (compilation-speed 0) (space 0)))
(handler-bind ((sb-ext:defconstant-uneql      (lambda (c) (abort c))))      (load (compile-file "spectralnorm.sbcl" ))) (save-lisp-and-die "sbcl.core" :purify t)
### END spectralnorm.sbcl_compile

; loading system definition from
; /usr/share/common-lisp/systems/asdf-binary-locations.asd into
; #<PACKAGE "ASDF0">
; registering #<SYSTEM ASDF-BINARY-LOCATIONS {AE37709}> as ASDF-BINARY-LOCATIONS

; compiling file "/home/dunham/gp4/shootout/bench/spectralnorm/tmp/spectralnorm.sbcl" (written 03 DEC 2007 09:45:10 AM):
; compiling (DEFUN EVAL-ATA-TIMES-U ...)
; compiling (DECLAIM (INLINE EVAL-A))
; compiling (DEFUN EVAL-A ...)
; file: /home/dunham/gp4/shootout/bench/spectralnorm/tmp/spectralnorm.sbcl
; in: DEFUN EVAL-A
;     (DEFUN EVAL-A (I J)
;     (DECLARE (TYPE FIXNUM I J))
;     (LET* ((N (+ I J)) (N+1 (1+ N)))
;       (DECLARE (FIXNUM N N+1))
;       (/ (FLOAT (+ # I 1) 0.0d0))))
; --> PROGN EVAL-WHEN 
; ==>
;   (SB-IMPL::%DEFUN 'EVAL-A
;                    (SB-INT:NAMED-LAMBDA EVAL-A (I J)
;                                         (DECLARE (TYPE FIXNUM I J))
;                                         (BLOCK EVAL-A
;                                           (LET* (# #)
;                                             (DECLARE #)
;                                             (/ #))))
;                    NIL
;                    '(SB-C:LAMBDA-WITH-LEXENV NIL NIL NIL (I J)
;                      (DECLARE (TYPE FIXNUM I J))
;                      (BLOCK EVAL-A
;                        (LET* (# #)
;                          (DECLARE #)
;                          (/ #))))
;                    (SB-C:SOURCE-LOCATION))
; 
; note: doing float to pointer coercion (cost 13) to "<return value>"

; compiling (DEFUN EVAL-A-TIMES-U ...)
; compiling (DEFUN EVAL-AT-TIMES-U ...)
; compiling (DEFUN MAIN ...)
; file: /home/dunham/gp4/shootout/bench/spectralnorm/tmp/spectralnorm.sbcl
; in: DEFUN MAIN
;     (* 2 N)
; ==>
;   (* SB-C::Y 2)
; 
; note: unable to
;   optimize
; due to type uncertainty:
;   The first argument is a NUMBER, not a FLOAT.
; 
; note: unable to
;   optimize
; due to type uncertainty:
;   The first argument is a NUMBER, not a (COMPLEX SINGLE-FLOAT).
; 
; note: unable to
;   optimize
; due to type uncertainty:
;   The first argument is a NUMBER, not a (COMPLEX DOUBLE-FLOAT).
; 
; note: unable to
;   convert x*2^k to shift
; due to type uncertainty:
;   The first argument is a NUMBER, not a INTEGER.
; 
; note: unable to
;   recode as leas, shifts and adds
; due to type uncertainty:
;   The first argument is a NUMBER, not a (UNSIGNED-BYTE 32).
;   The result is a (VALUES NUMBER &OPTIONAL), not a (VALUES (UNSIGNED-BYTE 32)
;                                                            &REST T).
; 
; note: unable to
;   recode as leas, shifts and adds
; due to type uncertainty:
;   The first argument is a NUMBER, not a FIXNUM.
;   The result is a (VALUES NUMBER &OPTIONAL), not a (VALUES FIXNUM &REST T).

;     (- (* 2 N) 1)
; 
; note: unable to
;   optimize
; due to type uncertainty:
;   The first argument is a NUMBER, not a FLOAT.
; 
; note: unable to
;   optimize
; due to type uncertainty:
;   The first argument is a NUMBER, not a (COMPLEX SINGLE-FLOAT).
; 
; note: unable to
;   optimize
; due to type uncertainty:
;   The first argument is a NUMBER, not a (COMPLEX DOUBLE-FLOAT).

;     (* 2 N)
; ==>
;   (* SB-C::Y 2)
; 
; note: unable to
;   optimize
; due to type uncertainty:
;   The first argument is a NUMBER, not a FLOAT.
; 
; note: unable to
;   optimize
; due to type uncertainty:
;   The first argument is a NUMBER, not a (COMPLEX SINGLE-FLOAT).
; 
; note: unable to
;   optimize
; due to type uncertainty:
;   The first argument is a NUMBER, not a (COMPLEX DOUBLE-FLOAT).
; 
; note: unable to
;   convert x*2^k to shift
; due to type uncertainty:
;   The first argument is a NUMBER, not a INTEGER.
; 
; note: unable to
;   recode as leas, shifts and adds
; due to type uncertainty:
;   The first argument is a NUMBER, not a (UNSIGNED-BYTE 32).
;   The result is a (VALUES NUMBER &OPTIONAL), not a (VALUES (UNSIGNED-BYTE 32)
;                                                            &REST T).
; 
; note: unable to
;   recode as leas, shifts and adds
; due to type uncertainty:
;   The first argument is a NUMBER, not a FIXNUM.
;   The result is a (VALUES NUMBER &OPTIONAL), not a (VALUES FIXNUM &REST T).

;     (- (* 2 N) 2)
; 
; note: unable to
;   optimize
; due to type uncertainty:
;   The first argument is a NUMBER, not a FLOAT.
; 
; note: unable to
;   optimize
; due to type uncertainty:
;   The first argument is a NUMBER, not a (COMPLEX SINGLE-FLOAT).
; 
; note: unable to
;   optimize
; due to type uncertainty:
;   The first argument is a NUMBER, not a (COMPLEX DOUBLE-FLOAT).

;     (* (- (* 2 N) 1) (- (* 2 N) 2))
; 
; note: unable to
;   optimize
; due to type uncertainty:
;   The first argument is a NUMBER, not a RATIONAL.
;   The second argument is a NUMBER, not a FLOAT.
; 
; note: unable to
;   optimize
; due to type uncertainty:
;   The first argument is a NUMBER, not a FLOAT.
;   The second argument is a NUMBER, not a RATIONAL.
; 
; note: unable to
;   optimize
; due to type uncertainty:
;   The first argument is a NUMBER, not a SINGLE-FLOAT.
;   The second argument is a NUMBER, not a DOUBLE-FLOAT.
; 
; note: unable to
;   optimize
; due to type uncertainty:
;   The first argument is a NUMBER, not a DOUBLE-FLOAT.
;   The second argument is a NUMBER, not a SINGLE-FLOAT.
; 
; note: unable to
;   optimize
; due to type uncertainty:
;   The first argument is a NUMBER, not a (COMPLEX SINGLE-FLOAT).
;   The second argument is a NUMBER, not a (COMPLEX SINGLE-FLOAT).
; 
; note: unable to
;   optimize
; due to type uncertainty:
;   The first argument is a NUMBER, not a (COMPLEX SINGLE-FLOAT).
;   The second argument is a NUMBER, not a REAL.
; 
; note: unable to
;   optimize
; due to type uncertainty:
;   The first argument is a NUMBER, not a REAL.
;   The second argument is a NUMBER, not a (COMPLEX SINGLE-FLOAT).
; 
; note: unable to
;   optimize
; due to type uncertainty:
;   The first argument is a NUMBER, not a (COMPLEX DOUBLE-FLOAT).
;   The second argument is a NUMBER, not a (COMPLEX DOUBLE-FLOAT).
; 
; note: unable to
;   optimize
; due to type uncertainty:
;   The first argument is a NUMBER, not a (COMPLEX DOUBLE-FLOAT).
;   The second argument is a NUMBER, not a REAL.
; 
; note: unable to
;   optimize
; due to type uncertainty:
;   The first argument is a NUMBER, not a REAL.
;   The second argument is a NUMBER, not a (COMPLEX DOUBLE-FLOAT).
; 
; note: unable to
;   convert x*2^k to shift
; due to type uncertainty:
;   The first argument is a NUMBER, not a INTEGER.
;   The second argument is a NUMBER, not a INTEGER.

;     (* 2 N)
; ==>
;   (* SB-C::Y 2)
; 
; note: forced to do GENERIC-* (cost 30)
;       unable to do inline fixnum arithmetic (cost 3) because:
;       The first argument is a NUMBER, not a FIXNUM.
;       The result is a (VALUES NUMBER &OPTIONAL), not a (VALUES FIXNUM &REST T).
;       unable to do inline fixnum arithmetic (cost 4) because:
;       The first argument is a NUMBER, not a FIXNUM.
;       The result is a (VALUES NUMBER &OPTIONAL), not a (VALUES FIXNUM &REST T).
;       etc.

;     (- (* 2 N) 1)
; 
; note: forced to do GENERIC-- (cost 10)
;       unable to do inline fixnum arithmetic (cost 1) because:
;       The first argument is a NUMBER, not a FIXNUM.
;       The result is a (VALUES NUMBER &OPTIONAL), not a (VALUES FIXNUM &REST T).
;       unable to do inline fixnum arithmetic (cost 2) because:
;       The first argument is a NUMBER, not a FIXNUM.
;       The result is a (VALUES NUMBER &OPTIONAL), not a (VALUES FIXNUM &REST T).
;       etc.

;     (* 2 N)
; ==>
;   (* SB-C::Y 2)
; 
; note: forced to do GENERIC-* (cost 30)
;       unable to do inline fixnum arithmetic (cost 3) because:
;       The first argument is a NUMBER, not a FIXNUM.
;       The result is a (VALUES NUMBER &OPTIONAL), not a (VALUES FIXNUM &REST T).
;       unable to do inline fixnum arithmetic (cost 4) because:
;       The first argument is a NUMBER, not a FIXNUM.
;       The result is a (VALUES NUMBER &OPTIONAL), not a (VALUES FIXNUM &REST T).
;       etc.

;     (- (* 2 N) 2)
; 
; note: forced to do GENERIC-- (cost 10)
;       unable to do inline fixnum arithmetic (cost 1) because:
;       The first argument is a NUMBER, not a FIXNUM.
;       The result is a (VALUES NUMBER &OPTIONAL), not a (VALUES FIXNUM &REST T).
;       unable to do inline fixnum arithmetic (cost 2) because:
;       The first argument is a NUMBER, not a FIXNUM.
;       The result is a (VALUES NUMBER &OPTIONAL), not a (VALUES FIXNUM &REST T).
;       etc.

;     (* (- (* 2 N) 1) (- (* 2 N) 2))
; 
; note: forced to do GENERIC-* (cost 30)
;       unable to do inline float arithmetic (cost 3) because:
;       The first argument is a NUMBER, not a SINGLE-FLOAT.
;       The second argument is a NUMBER, not a SINGLE-FLOAT.
;       The result is a (VALUES NUMBER &OPTIONAL), not a (VALUES SINGLE-FLOAT
;                                                                &REST T).
;       unable to do inline float arithmetic (cost 3) because:
;       The first argument is a NUMBER, not a DOUBLE-FLOAT.
;       The second argument is a NUMBER, not a DOUBLE-FLOAT.
;       The result is a (VALUES NUMBER &OPTIONAL), not a (VALUES DOUBLE-FLOAT
;                                                                &REST T).
;       etc.

;     (FORMAT T "~11,9F~%" (SQRT (THE (DOUBLE-FLOAT 0.0d0) (/ VBV VV))))
; --> FORMAT FORMATTER FUNCTION BLOCK LET 
; ==>
;   (SB-FORMAT::FORMAT-FIXED STREAM #:FORMAT-ARG-212 #:G604 #:G605 #:G606 #:G607
;                            #:G608 NIL)
; 
; note: doing float to pointer coercion (cost 13)
; 
; compilation unit finished
;   printed 36 notes


; /home/dunham/gp4/shootout/bench/spectralnorm/tmp/spectralnorm.fasl written
; compilation finished in 0:00:01
[undoing binding stack and other enclosing state... done]
[saving current Lisp image into /home/dunham/gp4/shootout/bench/spectralnorm/tmp/sbcl.core:
writing 1912 bytes from the read-only space at 0x01000000
writing 2160 bytes from the static space at 0x01100000
writing 24793088 bytes from the dynamic space at 0x09000000
done]
### START spectralnorm.sbcl_run
(proclaim '(optimize (speed 3) (safety 0) (debug 0) (compilation-speed 0) (space 0)))
(main) (quit)
### END spectralnorm.sbcl_run


=================================================================
COMMAND LINE (%A is single numeric argument):

 /usr/bin/sbcl --noinform --core sbcl.core --userinit /dev/null --sysinit /etc/sbclrc --load spectralnorm.sbcl_run %A
WARNING:
   Missing FILE-WRITE-DATE for
   #<PATHNAME (with no namestring)
              :HOST #<SB-IMPL::UNIX-HOST {9011299}>
              :DEVICE NIL
              :DIRECTORY (:ABSOLUTE "usr" "share" "common-lisp" "source"
                          "asdf-binary-locations" "dev")
              :NAME "notes.text"
              :TYPE NIL
              :VERSION :NEWEST>:
   treating operation #<ASDF:COMPILE-OP NIL {A7DF079}> on component
   #<ASDF:STATIC-FILE "notes.text" {A704779}> as done.
WARNING:
   Missing FILE-WRITE-DATE for
   #<PATHNAME (with no namestring)
              :HOST #<SB-IMPL::UNIX-HOST {9011299}>
              :DEVICE NIL
              :DIRECTORY (:ABSOLUTE "usr" "share" "common-lisp" "source"
                          "asdf-binary-locations" "website" "source")
              :NAME "index.lml"
              :TYPE NIL
              :VERSION :NEWEST>:
   treating operation #<ASDF:COMPILE-OP NIL {A7DF079}> on component
   #<ASDF:STATIC-FILE "index.lml" {A740991}> as done.
STYLE-WARNING: redefining LISP-VERSION-STRING in DEFUN
STYLE-WARNING: redefining IMPLEMENTATION-SPECIFIC-DIRECTORY-NAME in DEFUN
STYLE-WARNING: redefining PATHNAME-PREFIX-P in DEFUN
STYLE-WARNING: redefining OUTPUT-FILES-FOR-SYSTEM-AND-OPERATION in DEFGENERIC
STYLE-WARNING:
   redefining OUTPUT-FILES-FOR-SYSTEM-AND-OPERATION (#<STANDARD-CLASS SYSTEM>
                                                     #<BUILT-IN-CLASS T>
                                                     #<BUILT-IN-CLASS T>
                                                     #<BUILT-IN-CLASS T>
                                                     #<BUILT-IN-CLASS T>) in DEFMETHOD
STYLE-WARNING: redefining OUTPUT-FILES-USING-MAPPINGS in DEFGENERIC
STYLE-WARNING:
   redefining OUTPUT-FILES-USING-MAPPINGS (#<BUILT-IN-CLASS T>
                                           #<BUILT-IN-CLASS T>
                                           #<BUILT-IN-CLASS T>) in DEFMETHOD
STYLE-WARNING:
   redefining OUTPUT-FILES :AROUND (#<STANDARD-CLASS COMPILE-OP>
                                    #<STANDARD-CLASS SOURCE-FILE>) in DEFMETHOD
WARNING:
   Missing FILE-WRITE-DATE for
   #<PATHNAME (with no namestring)
              :HOST #<SB-IMPL::UNIX-HOST {9011299}>
              :DEVICE NIL
              :DIRECTORY (:ABSOLUTE "usr" "share" "common-lisp" "source"
                          "asdf-binary-locations" "dev")
              :NAME "notes.text"
              :TYPE NIL
              :VERSION :NEWEST>:
   treating operation #<ASDF:COMPILE-OP NIL {A7DF079}> on component
   #<ASDF:STATIC-FILE "notes.text" {A704779}> as done.
WARNING:
   Missing FILE-WRITE-DATE for
   #<PATHNAME (with no namestring)
              :HOST #<SB-IMPL::UNIX-HOST {9011299}>
              :DEVICE NIL
              :DIRECTORY (:ABSOLUTE "usr" "share" "common-lisp" "source"
                          "asdf-binary-locations" "website" "source")
              :NAME "index.lml"
              :TYPE NIL
              :VERSION :NEWEST>:
   treating operation #<ASDF:COMPILE-OP NIL {A7DF079}> on component
   #<ASDF:STATIC-FILE "index.lml" {A740991}> as done.
STYLE-WARNING: redefining LISP-VERSION-STRING in DEFUN
STYLE-WARNING: redefining IMPLEMENTATION-SPECIFIC-DIRECTORY-NAME in DEFUN
STYLE-WARNING: redefining PATHNAME-PREFIX-P in DEFUN
STYLE-WARNING: redefining OUTPUT-FILES-FOR-SYSTEM-AND-OPERATION in DEFGENERIC
STYLE-WARNING:
   redefining OUTPUT-FILES-FOR-SYSTEM-AND-OPERATION (#<STANDARD-CLASS SYSTEM>
                                                     #<BUILT-IN-CLASS T>
                                                     #<BUILT-IN-CLASS T>
                                                     #<BUILT-IN-CLASS T>
                                                     #<BUILT-IN-CLASS T>) in DEFMETHOD
STYLE-WARNING: redefining OUTPUT-FILES-USING-MAPPINGS in DEFGENERIC
STYLE-WARNING:
   redefining OUTPUT-FILES-USING-MAPPINGS (#<BUILT-IN-CLASS T>
                                           #<BUILT-IN-CLASS T>
                                           #<BUILT-IN-CLASS T>) in DEFMETHOD
STYLE-WARNING:
   redefining OUTPUT-FILES :AROUND (#<STANDARD-CLASS COMPILE-OP>
                                    #<STANDARD-CLASS SOURCE-FILE>) in DEFMETHOD
WARNING:
   Missing FILE-WRITE-DATE for
   #<PATHNAME (with no namestring)
              :HOST #<SB-IMPL::UNIX-HOST {9011299}>
              :DEVICE NIL
              :DIRECTORY (:ABSOLUTE "usr" "share" "common-lisp" "source"
                          "asdf-binary-locations" "dev")
              :NAME "notes.text"
              :TYPE NIL
              :VERSION :NEWEST>:
   treating operation #<ASDF:COMPILE-OP NIL {A7DF079}> on component
   #<ASDF:STATIC-FILE "notes.text" {A704779}> as done.
WARNING:
   Missing FILE-WRITE-DATE for
   #<PATHNAME (with no namestring)
              :HOST #<SB-IMPL::UNIX-HOST {9011299}>
              :DEVICE NIL
              :DIRECTORY (:ABSOLUTE "usr" "share" "common-lisp" "source"
                          "asdf-binary-locations" "website" "source")
              :NAME "index.lml"
              :TYPE NIL
              :VERSION :NEWEST>:
   treating operation #<ASDF:COMPILE-OP NIL {A7DF079}> on component
   #<ASDF:STATIC-FILE "index.lml" {A740991}> as done.
STYLE-WARNING: redefining LISP-VERSION-STRING in DEFUN
STYLE-WARNING: redefining IMPLEMENTATION-SPECIFIC-DIRECTORY-NAME in DEFUN
STYLE-WARNING: redefining PATHNAME-PREFIX-P in DEFUN
STYLE-WARNING: redefining OUTPUT-FILES-FOR-SYSTEM-AND-OPERATION in DEFGENERIC
STYLE-WARNING:
   redefining OUTPUT-FILES-FOR-SYSTEM-AND-OPERATION (#<STANDARD-CLASS SYSTEM>
                                                     #<BUILT-IN-CLASS T>
                                                     #<BUILT-IN-CLASS T>
                                                     #<BUILT-IN-CLASS T>
                                                     #<BUILT-IN-CLASS T>) in DEFMETHOD
STYLE-WARNING: redefining OUTPUT-FILES-USING-MAPPINGS in DEFGENERIC
STYLE-WARNING:
   redefining OUTPUT-FILES-USING-MAPPINGS (#<BUILT-IN-CLASS T>
                                           #<BUILT-IN-CLASS T>
                                           #<BUILT-IN-CLASS T>) in DEFMETHOD
STYLE-WARNING:
   redefining OUTPUT-FILES :AROUND (#<STANDARD-CLASS COMPILE-OP>
                                    #<STANDARD-CLASS SOURCE-FILE>) in DEFMETHOD
WARNING:
   Missing FILE-WRITE-DATE for
   #<PATHNAME (with no namestring)
              :HOST #<SB-IMPL::UNIX-HOST {9011299}>
              :DEVICE NIL
              :DIRECTORY (:ABSOLUTE "usr" "share" "common-lisp" "source"
                          "asdf-binary-locations" "dev")
              :NAME "notes.text"
              :TYPE NIL
              :VERSION :NEWEST>:
   treating operation #<ASDF:COMPILE-OP NIL {A7DF079}> on component
   #<ASDF:STATIC-FILE "notes.text" {A704779}> as done.
WARNING:
   Missing FILE-WRITE-DATE for
   #<PATHNAME (with no namestring)
              :HOST #<SB-IMPL::UNIX-HOST {9011299}>
              :DEVICE NIL
              :DIRECTORY (:ABSOLUTE "usr" "share" "common-lisp" "source"
                          "asdf-binary-locations" "website" "source")
              :NAME "index.lml"
              :TYPE NIL
              :VERSION :NEWEST>:
   treating operation #<ASDF:COMPILE-OP NIL {A7DF079}> on component
   #<ASDF:STATIC-FILE "index.lml" {A740991}> as done.
STYLE-WARNING: redefining LISP-VERSION-STRING in DEFUN
STYLE-WARNING: redefining IMPLEMENTATION-SPECIFIC-DIRECTORY-NAME in DEFUN
STYLE-WARNING: redefining PATHNAME-PREFIX-P in DEFUN
STYLE-WARNING: redefining OUTPUT-FILES-FOR-SYSTEM-AND-OPERATION in DEFGENERIC
STYLE-WARNING:
   redefining OUTPUT-FILES-FOR-SYSTEM-AND-OPERATION (#<STANDARD-CLASS SYSTEM>
                                                     #<BUILT-IN-CLASS T>
                                                     #<BUILT-IN-CLASS T>
                                                     #<BUILT-IN-CLASS T>
                                                     #<BUILT-IN-CLASS T>) in DEFMETHOD
STYLE-WARNING: redefining OUTPUT-FILES-USING-MAPPINGS in DEFGENERIC
STYLE-WARNING:
   redefining OUTPUT-FILES-USING-MAPPINGS (#<BUILT-IN-CLASS T>
                                           #<BUILT-IN-CLASS T>
                                           #<BUILT-IN-CLASS T>) in DEFMETHOD
STYLE-WARNING:
   redefining OUTPUT-FILES :AROUND (#<STANDARD-CLASS COMPILE-OP>
                                    #<STANDARD-CLASS SOURCE-FILE>) in DEFMETHOD
WARNING:
   Missing FILE-WRITE-DATE for
   #<PATHNAME (with no namestring)
              :HOST #<SB-IMPL::UNIX-HOST {9011299}>
              :DEVICE NIL
              :DIRECTORY (:ABSOLUTE "usr" "share" "common-lisp" "source"
                          "asdf-binary-locations" "dev")
              :NAME "notes.text"
              :TYPE NIL
              :VERSION :NEWEST>:
   treating operation #<ASDF:COMPILE-OP NIL {A7DF079}> on component
   #<ASDF:STATIC-FILE "notes.text" {A704779}> as done.
WARNING:
   Missing FILE-WRITE-DATE for
   #<PATHNAME (with no namestring)
              :HOST #<SB-IMPL::UNIX-HOST {9011299}>
              :DEVICE NIL
              :DIRECTORY (:ABSOLUTE "usr" "share" "common-lisp" "source"
                          "asdf-binary-locations" "website" "source")
              :NAME "index.lml"
              :TYPE NIL
              :VERSION :NEWEST>:
   treating operation #<ASDF:COMPILE-OP NIL {A7DF079}> on component
   #<ASDF:STATIC-FILE "index.lml" {A740991}> as done.
STYLE-WARNING: redefining LISP-VERSION-STRING in DEFUN
STYLE-WARNING: redefining IMPLEMENTATION-SPECIFIC-DIRECTORY-NAME in DEFUN
STYLE-WARNING: redefining PATHNAME-PREFIX-P in DEFUN
STYLE-WARNING: redefining OUTPUT-FILES-FOR-SYSTEM-AND-OPERATION in DEFGENERIC
STYLE-WARNING:
   redefining OUTPUT-FILES-FOR-SYSTEM-AND-OPERATION (#<STANDARD-CLASS SYSTEM>
                                                     #<BUILT-IN-CLASS T>
                                                     #<BUILT-IN-CLASS T>
                                                     #<BUILT-IN-CLASS T>
                                                     #<BUILT-IN-CLASS T>) in DEFMETHOD
STYLE-WARNING: redefining OUTPUT-FILES-USING-MAPPINGS in DEFGENERIC
STYLE-WARNING:
   redefining OUTPUT-FILES-USING-MAPPINGS (#<BUILT-IN-CLASS T>
                                           #<BUILT-IN-CLASS T>
                                           #<BUILT-IN-CLASS T>) in DEFMETHOD
STYLE-WARNING:
   redefining OUTPUT-FILES :AROUND (#<STANDARD-CLASS COMPILE-OP>
                                    #<STANDARD-CLASS SOURCE-FILE>) in DEFMETHOD
WARNING:
   Missing FILE-WRITE-DATE for
   #<PATHNAME (with no namestring)
              :HOST #<SB-IMPL::UNIX-HOST {9011299}>
              :DEVICE NIL
              :DIRECTORY (:ABSOLUTE "usr" "share" "common-lisp" "source"
                          "asdf-binary-locations" "dev")
              :NAME "notes.text"
              :TYPE NIL
              :VERSION :NEWEST>:
   treating operation #<ASDF:COMPILE-OP NIL {A7DF079}> on component
   #<ASDF:STATIC-FILE "notes.text" {A704779}> as done.
WARNING:
   Missing FILE-WRITE-DATE for
   #<PATHNAME (with no namestring)
              :HOST #<SB-IMPL::UNIX-HOST {9011299}>
              :DEVICE NIL
              :DIRECTORY (:ABSOLUTE "usr" "share" "common-lisp" "source"
                          "asdf-binary-locations" "website" "source")
              :NAME "index.lml"
              :TYPE NIL
              :VERSION :NEWEST>:
   treating operation #<ASDF:COMPILE-OP NIL {A7DF079}> on component
   #<ASDF:STATIC-FILE "index.lml" {A740991}> as done.
STYLE-WARNING: redefining LISP-VERSION-STRING in DEFUN
STYLE-WARNING: redefining IMPLEMENTATION-SPECIFIC-DIRECTORY-NAME in DEFUN
STYLE-WARNING: redefining PATHNAME-PREFIX-P in DEFUN
STYLE-WARNING: redefining OUTPUT-FILES-FOR-SYSTEM-AND-OPERATION in DEFGENERIC
STYLE-WARNING:
   redefining OUTPUT-FILES-FOR-SYSTEM-AND-OPERATION (#<STANDARD-CLASS SYSTEM>
                                                     #<BUILT-IN-CLASS T>
                                                     #<BUILT-IN-CLASS T>
                                                     #<BUILT-IN-CLASS T>
                                                     #<BUILT-IN-CLASS T>) in DEFMETHOD
STYLE-WARNING: redefining OUTPUT-FILES-USING-MAPPINGS in DEFGENERIC
STYLE-WARNING:
   redefining OUTPUT-FILES-USING-MAPPINGS (#<BUILT-IN-CLASS T>
                                           #<BUILT-IN-CLASS T>
                                           #<BUILT-IN-CLASS T>) in DEFMETHOD
STYLE-WARNING:
   redefining OUTPUT-FILES :AROUND (#<STANDARD-CLASS COMPILE-OP>
                                    #<STANDARD-CLASS SOURCE-FILE>) in DEFMETHOD
WARNING:
   Missing FILE-WRITE-DATE for
   #<PATHNAME (with no namestring)
              :HOST #<SB-IMPL::UNIX-HOST {9011299}>
              :DEVICE NIL
              :DIRECTORY (:ABSOLUTE "usr" "share" "common-lisp" "source"
                          "asdf-binary-locations" "dev")
              :NAME "notes.text"
              :TYPE NIL
              :VERSION :NEWEST>:
   treating operation #<ASDF:COMPILE-OP NIL {A7DF079}> on component
   #<ASDF:STATIC-FILE "notes.text" {A704779}> as done.
WARNING:
   Missing FILE-WRITE-DATE for
   #<PATHNAME (with no namestring)
              :HOST #<SB-IMPL::UNIX-HOST {9011299}>
              :DEVICE NIL
              :DIRECTORY (:ABSOLUTE "usr" "share" "common-lisp" "source"
                          "asdf-binary-locations" "website" "source")
              :NAME "index.lml"
              :TYPE NIL
              :VERSION :NEWEST>:
   treating operation #<ASDF:COMPILE-OP NIL {A7DF079}> on component
   #<ASDF:STATIC-FILE "index.lml" {A740991}> as done.
STYLE-WARNING: redefining LISP-VERSION-STRING in DEFUN
STYLE-WARNING: redefining IMPLEMENTATION-SPECIFIC-DIRECTORY-NAME in DEFUN
STYLE-WARNING: redefining PATHNAME-PREFIX-P in DEFUN
STYLE-WARNING: redefining OUTPUT-FILES-FOR-SYSTEM-AND-OPERATION in DEFGENERIC
STYLE-WARNING:
   redefining OUTPUT-FILES-FOR-SYSTEM-AND-OPERATION (#<STANDARD-CLASS SYSTEM>
                                                     #<BUILT-IN-CLASS T>
                                                     #<BUILT-IN-CLASS T>
                                                     #<BUILT-IN-CLASS T>
                                                     #<BUILT-IN-CLASS T>) in DEFMETHOD
STYLE-WARNING: redefining OUTPUT-FILES-USING-MAPPINGS in DEFGENERIC
STYLE-WARNING:
   redefining OUTPUT-FILES-USING-MAPPINGS (#<BUILT-IN-CLASS T>
                                           #<BUILT-IN-CLASS T>
                                           #<BUILT-IN-CLASS T>) in DEFMETHOD
STYLE-WARNING:
   redefining OUTPUT-FILES :AROUND (#<STANDARD-CLASS COMPILE-OP>
                                    #<STANDARD-CLASS SOURCE-FILE>) in DEFMETHOD
WARNING:
   Missing FILE-WRITE-DATE for
   #<PATHNAME (with no namestring)
              :HOST #<SB-IMPL::UNIX-HOST {9011299}>
              :DEVICE NIL
              :DIRECTORY (:ABSOLUTE "usr" "share" "common-lisp" "source"
                          "asdf-binary-locations" "dev")
              :NAME "notes.text"
              :TYPE NIL
              :VERSION :NEWEST>:
   treating operation #<ASDF:COMPILE-OP NIL {A7DF079}> on component
   #<ASDF:STATIC-FILE "notes.text" {A704779}> as done.
WARNING:
   Missing FILE-WRITE-DATE for
   #<PATHNAME (with no namestring)
              :HOST #<SB-IMPL::UNIX-HOST {9011299}>
              :DEVICE NIL
              :DIRECTORY (:ABSOLUTE "usr" "share" "common-lisp" "source"
                          "asdf-binary-locations" "website" "source")
              :NAME "index.lml"
              :TYPE NIL
              :VERSION :NEWEST>:
   treating operation #<ASDF:COMPILE-OP NIL {A7DF079}> on component
   #<ASDF:STATIC-FILE "index.lml" {A740991}> as done.
STYLE-WARNING: redefining LISP-VERSION-STRING in DEFUN
STYLE-WARNING: redefining IMPLEMENTATION-SPECIFIC-DIRECTORY-NAME in DEFUN
STYLE-WARNING: redefining PATHNAME-PREFIX-P in DEFUN
STYLE-WARNING: redefining OUTPUT-FILES-FOR-SYSTEM-AND-OPERATION in DEFGENERIC
STYLE-WARNING:
   redefining OUTPUT-FILES-FOR-SYSTEM-AND-OPERATION (#<STANDARD-CLASS SYSTEM>
                                                     #<BUILT-IN-CLASS T>
                                                     #<BUILT-IN-CLASS T>
                                                     #<BUILT-IN-CLASS T>
                                                     #<BUILT-IN-CLASS T>) in DEFMETHOD
STYLE-WARNING: redefining OUTPUT-FILES-USING-MAPPINGS in DEFGENERIC
STYLE-WARNING:
   redefining OUTPUT-FILES-USING-MAPPINGS (#<BUILT-IN-CLASS T>
                                           #<BUILT-IN-CLASS T>
                                           #<BUILT-IN-CLASS T>) in DEFMETHOD
STYLE-WARNING:
   redefining OUTPUT-FILES :AROUND (#<STANDARD-CLASS COMPILE-OP>
                                    #<STANDARD-CLASS SOURCE-FILE>) in DEFMETHOD
WARNING:
   Missing FILE-WRITE-DATE for
   #<PATHNAME (with no namestring)
              :HOST #<SB-IMPL::UNIX-HOST {9011299}>
              :DEVICE NIL
              :DIRECTORY (:ABSOLUTE "usr" "share" "common-lisp" "source"
                          "asdf-binary-locations" "dev")
              :NAME "notes.text"
              :TYPE NIL
              :VERSION :NEWEST>:
   treating operation #<ASDF:COMPILE-OP NIL {A7DF079}> on component
   #<ASDF:STATIC-FILE "notes.text" {A704779}> as done.
WARNING:
   Missing FILE-WRITE-DATE for
   #<PATHNAME (with no namestring)
              :HOST #<SB-IMPL::UNIX-HOST {9011299}>
              :DEVICE NIL
              :DIRECTORY (:ABSOLUTE "usr" "share" "common-lisp" "source"
                          "asdf-binary-locations" "website" "source")
              :NAME "index.lml"
              :TYPE NIL
              :VERSION :NEWEST>:
   treating operation #<ASDF:COMPILE-OP NIL {A7DF079}> on component
   #<ASDF:STATIC-FILE "index.lml" {A740991}> as done.
STYLE-WARNING: redefining LISP-VERSION-STRING in DEFUN
STYLE-WARNING: redefining IMPLEMENTATION-SPECIFIC-DIRECTORY-NAME in DEFUN
STYLE-WARNING: redefining PATHNAME-PREFIX-P in DEFUN
STYLE-WARNING: redefining OUTPUT-FILES-FOR-SYSTEM-AND-OPERATION in DEFGENERIC
STYLE-WARNING:
   redefining OUTPUT-FILES-FOR-SYSTEM-AND-OPERATION (#<STANDARD-CLASS SYSTEM>
                                                     #<BUILT-IN-CLASS T>
                                                     #<BUILT-IN-CLASS T>
                                                     #<BUILT-IN-CLASS T>
                                                     #<BUILT-IN-CLASS T>) in DEFMETHOD
STYLE-WARNING: redefining OUTPUT-FILES-USING-MAPPINGS in DEFGENERIC
STYLE-WARNING:
   redefining OUTPUT-FILES-USING-MAPPINGS (#<BUILT-IN-CLASS T>
                                           #<BUILT-IN-CLASS T>
                                           #<BUILT-IN-CLASS T>) in DEFMETHOD
STYLE-WARNING:
   redefining OUTPUT-FILES :AROUND (#<STANDARD-CLASS COMPILE-OP>
                                    #<STANDARD-CLASS SOURCE-FILE>) in DEFMETHOD


PROGRAM OUTPUT
==============
1.274224153
