BUILD COMMANDS FOR: spectralnorm.g95

Fri Dec  2 15:33:54 PST 2005

/opt/g95/bin/i686-pc-linux-gnu-g95 -pipe -Wall -O3 -fomit-frame-pointer -funroll-loops  spectralnorm.f90 -o spectralnorm.g95_run
rm spectralnorm.f90

=================================================================
COMMAND LINE (%A is single numeric argument):

spectralnorm.g95_run %A
************************************************************
*   FILE COMPARISON ERROR
************************************************************
L1: 0.000050502

L2: 1.274219991

************************************************************
*   TEST (spectralnorm.g95_run) FAILED - ERROR:  spectralnorm.g95_out differs from Output.100
************************************************************
-rw-r--r--  1 dunham users 12 Nov 13 17:13 Output.100
-rw-r--r--  1 dunham users 12 Dec  2 15:33 spectralnorm.g95_out


PROGRAM OUTPUT
==============
0.000050502
