BUILD COMMANDS FOR: spectralnorm.fpascal-2.fpascal

Fri Sep 15 20:46:49 PDT 2006

cp /home/dunham/gp4/shootout/bench/spectralnorm/spectralnorm.fpascal-2.fpascal spectralnorm.fpascal-2.pas
/usr/bin/fpc -XX -Xs -O3p3r -oFPASCAL_RUN spectralnorm.fpascal-2.pas
Free Pascal Compiler version 2.0.4 [2006/09/11] for i386
Copyright (c) 1993-2006 by Florian Klaempfl
Target OS: Linux for i386
Compiling spectralnorm.fpascal-2.pas
spectralnorm.fpascal-2.pas(61,16) Warning: Variable "vBv" does not seem to be initialized
spectralnorm.fpascal-2.pas(62,16) Warning: Variable "vv" does not seem to be initialized
Linking FPASCAL_RUN
65 Lines compiled, 0.2 sec
mv FPASCAL_RUN spectralnorm.fpascal-2.fpascal_run
rm spectralnorm.fpascal-2.pas

=================================================================
COMMAND LINE (%A is single numeric argument):

spectralnorm.fpascal-2.fpascal_run %A


PROGRAM OUTPUT
==============
1.274224153
