BUILD COMMANDS FOR: spectralnorm.csharpaot

Wed Sep  5 05:13:17 PDT 2007

cp /home/dunham/gp4/shootout/bench/spectralnorm/spectralnorm.pnet spectralnorm.cs
rm -f spectralnorm.csharpaot_run
/usr/local/bin/mcs  -out:spectralnorm.csharpaot_run spectralnorm.cs
/usr/local/bin/mono --aot spectralnorm.csharpaot_run
Mono Ahead of Time compiler - compiling assembly /home/dunham/gp4/shootout/bench/spectralnorm/tmp/spectralnorm.csharpaot_run
Code: 1054 Info: 30 Ex Info: 30 Class Info: 30 PLT: 9 GOT Info: 12 GOT Info Offsets: 16 GOT: 20
Executing the native assembler: as  /tmp/mono_aot_S3F4XT -o /tmp/mono_aot_S3F4XT.o
Executing the native linker: ld -shared -o /home/dunham/gp4/shootout/bench/spectralnorm/tmp/spectralnorm.csharpaot_run.so /tmp/mono_aot_S3F4XT.o
Compiled 7 out of 7 methods (100%)
0 methods are generic (0%)
0 methods contain absolute addresses (0%)
0 methods contain wrapper references (0%)
0 methods contain lmf pointers (0%)
0 methods have other problems (0%)
Methods without GOT slots: 4 (57%)
Direct calls: 4 (57%)
GOT slot distribution:
	image: 1
	vtable: 3
	ldstr: 1
AOT RESULT 0
rm spectralnorm.cs

=================================================================
COMMAND LINE (%A is single numeric argument):

 /usr/local/bin/mono spectralnorm.csharpaot_run %A


PROGRAM OUTPUT
==============
1.274224153
