BUILD COMMANDS FOR: sumcol.stx

Thu Jun  7 16:26:37 PDT 2007

( if [ ! -d sumcol.stx_run ] ; then mkdir sumcol.stx_run ; fi)
cp /home/dunham/gp4/shootout/bench/sumcol/sumcol.stx sumcol.stx_run/sumcol.stx
cp ../Make.proto sumcol.stx_run
( cd sumcol.stx_run ; ../../../../bin/split_file.bash sumcol.stx ; /opt/stx/rules/stmkmf /opt/stx ; make )
Making makefile ...
stmkmf: setup using /opt/stx ...
generate first pre-Makefile ...
generate second pre-Makefile ...
making makefile for linux-elf/opt-cs-oc  ...
make[5]: Nothing to be done for `additionalMakefiles'.
#cp /opt/stx/rules/Makefile.proto Makefile
generate actual version of Makefile ...
making makefile for linux-elf/opt-cs-oc  ...
make[5]: Nothing to be done for `additionalMakefiles'.
#cp /opt/stx/rules/Makefile.proto Makefile
make[4]: *** No rule to make target `sumcol.o', needed by `all'.  Stop.
make[3]: [sumcol.stx_run] Error 2 (ignored)
touch sumcol.stx_run

=================================================================
COMMAND LINE (%A is single numeric argument):

 sumcol.stx_run/sumcol.stx_run -- %A
Error, could not exec  sumcol.stx_run/sumcol.stx_run -- 1000 (No such file or directory)
PATH=/home/dunham/gp4/shootout/bench/sumcol:/home/dunham/gp4/shootout/bench/sumcol/tmp:/usr/local/bin:/usr/bin:/bin:/opt/bin:/usr/i686-pc-linux-gnu/gcc-bin/4.1.2:/opt/ghc/bin:/opt/sun-jdk-1.4.2.14/bin:/opt/sun-jdk-1.4.2.14/jre/bin:/opt/sun-jdk-1.4.2.14/jre/javaws:/usr/qt/3/bin:/usr/i686-pc-linux-gnu/gnat-gcc-bin/4.1:/usr/libexec/gnat-gcc/i686-pc-linux-gnu/4.1:/opt/cint-5.16.19:/opt/kroc-1.4.0/install/bin:/opt/dmd/bin:/opt/sun-jdk-1.6.0.01/bin:/opt/sun-jdk-1.4.2.14/bin:/opt/mozart/bin:/opt/groovy-1.0-JSR-06/bin:/opt/smlnj/bin:/usr/local/lib/squeak/3.9-8:/opt/stx:/opt/jruby-1.0.0RC3/bin
TEST FAILED - Child processed exited with error code (1)


PROGRAM OUTPUT
==============
