BUILD COMMANDS FOR: sumcol.ghc-6.ghc

Fri Jan 18 14:49:32 PST 2008

cp /home/dunham/gp4/shootout/bench/sumcol/sumcol.ghc-6.ghc sumcol.ghc-6.hs
/usr/bin/ghc -O -fglasgow-exts  -optc-march=pentium4 sumcol.ghc-6.hs -o sumcol.ghc-6.ghc_run
sumcol.ghc-6.o: In function `s1aY_info':
(.text+0x37): undefined reference to `bytestringzm0zi9zi0zi1_DataziByteStringziLazzy_lvl28_closure'
sumcol.ghc-6.o: In function `s1aY_info':
(.text+0x85): undefined reference to `bytestringzm0zi9zi0zi1_DataziByteStringziLazzyziInternal_Chunk_con_info'
sumcol.ghc-6.o: In function `s1cR_info':
(.text+0x303): undefined reference to `__stginit_bytestringzm0zi9zi0zi1_DataziByteStringziLazzyziChar8_'
sumcol.ghc-6.o: In function `s1aV_info':
(.text+0x165): undefined reference to `bytestringzm0zi9zi0zi1_DataziByteStringziLazzyziChar8_readInt_info'
sumcol.ghc-6.o: In function `s1cR_info':
(.text+0x272): undefined reference to `bytestringzm0zi9zi0zi1_DataziByteStringziLazzy_a7_info'
sumcol.ghc-6.o:(.data+0x0): undefined reference to `bytestringzm0zi9zi0zi1_DataziByteStringziLazzy_lvl28_closure'
sumcol.ghc-6.o:(.data+0x10): undefined reference to `bytestringzm0zi9zi0zi1_DataziByteStringziLazzy_a7_closure'
collect2: ld returned 1 exit status
make[3]: [sumcol.ghc-6.ghc_run] Error 1 (ignored)
rm sumcol.ghc-6.hs

=================================================================
COMMAND LINE (%A is single numeric argument):

 sumcol.ghc-6.ghc_run $MB_GHCRTS %A 
sh: sumcol.ghc-6.ghc_run: command not found
TEST FAILED - Child processed exited with error code (127)


PROGRAM OUTPUT
==============
