RUNNING SCRIPT: sumcol.vw-3.vw

Thu Apr  5 22:28:27 PDT 2007


=================================================================
COMMAND LINE (%A is single numeric argument):

 /opt/vw7/bin/linux86/vwlinux86 /opt/vw7/image/benchmarks.im -nogui -evaluate "Shootout.Tests sumcol3" -a %A
************************************************************
*   TEST (sumcol.vw-3.vw) FAILED - ERROR:  sumcol.vw-3.vw_out differs from Output.1000
************************************************************
-rw-r--r-- 1 dunham users    7 Dec 16 13:02 Output.1000
-rw-r--r-- 1 dunham users 3242 Apr  5 22:28 sumcol.vw-3.vw_out


PROGRAM OUTPUT
==============

---------------------------------------------------
Array(Object)>>doesNotUnderstand:
Shootout.Tests class>>sumStream3:
Shootout.Tests class>>sumcol3
UndefinedObject>>unboundMethod
UndefinedObject(Object)>>performMethod:arguments:
UndefinedObject(Object)>>performMethod:
Compiler(SmalltalkCompiler)>>evaluate:in:allowReceiver:receiver:environment:notifying:ifFail:
Compiler class(SmalltalkCompiler class)>>evaluate:for:in:notifying:logged:
Compiler class(SmalltalkCompiler class)>>evaluate:notifying:logged:
Compiler class(SmalltalkCompiler class)>>evaluate:logged:
Compiler class(SmalltalkCompiler class)>>evaluate:
optimized [] in [] in ImageConfigurationSystem>>runCodeAndThenQuit:
OrderedCollection>>do:
optimized [] in ImageConfigurationSystem>>runCodeAndThenQuit:
BlockClosure>>ensure:
ImageConfigurationSystem>>runCodeAndThenQuit:
CommandLineInterest>>triggerWithTokenStream:
CommandLineInterest>>triggerOptionAt:
optimized [] in [] in Subsystem>>runActivationActions
SortedCollection(OrderedCollection)>>do:
optimized [] in Subsystem>>runActivationActions
SortedCollection(OrderedCollection)>>do:
ImageConfigurationSystem(Subsystem)>>runActivationActions
ImageConfigurationSystem>>runActivationActions
ImageConfigurationSystem(Subsystem)>>privateActivate
ImageConfigurationSystem class(Subsystem class)>>activate
optimized [] in Subsystem>>ensurePrerequisitesAreActive
Set>>do:
RuntimeSystem(Subsystem)>>ensurePrerequisitesAreActive
RuntimeSystem(Subsystem)>>privateActivate
RuntimeSystem class(Subsystem class)>>activate
optimized [] in Subsystem>>ensurePrerequisitesAreActive
Set>>do:
UserApplication(Subsystem)>>ensurePrerequisitesAreActive
UserApplication(Subsystem)>>privateActivate
UserApplication class(Subsystem class)>>activate
UserApplication class(Subsystem class)>>reactToEvent:
optimized [] in Subsystem class>>signalEvent:to:
Set>>do:
Subsystem class>>signalEvent:to:
Subsystem class>>signalEvent:
Snapshot>>signalSystemEvent:
Snapshot>>postSnapshotBootstrap
Snapshot>>privateSnapshot
optimized [] in [] in Snapshot>>snapshot
BlockClosure>>ensure:
Cursor>>showWhile:
optimized [] in Snapshot>>snapshot
===================================
!!! Note: Truncated to 50 lines !!!
===================================
