BUILD COMMANDS FOR: sumcol.csharpaot

Fri Dec 15 19:24:30 PST 2006

cp /home/dunham/gp4/shootout/bench/sumcol/sumcol.csharp sumcol.cs
rm -f sumcol.csharpaot_run
/usr/bin/mcs  -out:sumcol.csharpaot_run sumcol.cs
/usr/bin/mono --aot sumcol.csharpaot_run
Mono Ahead of Time compiler - compiling assembly /home/dunham/gp4/shootout/bench/sumcol/tmp/sumcol.csharpaot_run
Code: 203 Info: 9 Ex Info: 20 Class Info: 30 PLT: 6 GOT Info: 6 GOT Info Offsets: 12 GOT: 12
Executing the native assembler: as  /tmp/mono_aot_2W2TKT -o /tmp/mono_aot_2W2TKT.o
Executing the native linker: ld -shared -o /home/dunham/gp4/shootout/bench/sumcol/tmp/sumcol.csharpaot_run.so /tmp/mono_aot_2W2TKT.o
Compiled 2 out of 2 methods (100%)
0 methods contain absolute addresses (0%)
0 methods contain wrapper references (0%)
0 methods contain lmf pointers (0%)
0 methods have other problems (0%)
Methods without GOT slots: 1 (50%)
Direct calls: 0 (100%)
GOT slot distribution:
	image: 1
	vtable: 1
	adjusted_iid: 1
AOT RESULT 0
rm sumcol.cs

=================================================================
COMMAND LINE (%A is single numeric argument):

 /usr/bin/mono sumcol.csharpaot_run %A
************************************************************
*   TEST (sumcol.csharpaot_run) FAILED - ERROR:  sumcol.csharpaot_out differs from Output.1000
************************************************************
-rw-r--r-- 1 dunham users 7 Jul 24 05:40 Output.1000
-rw-r--r-- 1 dunham users 6 Dec 15 19:24 sumcol.csharpaot_out


PROGRAM OUTPUT
==============
-1729
