BUILD COMMANDS FOR: sumcol.scala-2.scala

Fri Jun 20 19:51:24 PDT 2008

( if [ ! -d sumcol.scala-2.scala_run ] ; then mkdir sumcol.scala-2.scala_run ; fi)
cp /home/dunham/gp4/shootout/bench/sumcol/sumcol.scala-2.scala sumcol.scala-2.scala_run/sumcol.scala
( cd sumcol.scala-2.scala_run ; /opt/scala-2.7.1.final/bin/scalac sumcol.scala )
touch sumcol.scala-2.scala_run

=================================================================
COMMAND LINE (%A is single numeric argument):

 JAVACMD="/opt/sun-jdk-1.6.0.06/bin/java $JDKFLAGS -server -Xbatch" /opt/scala-2.7.1.final/bin/scala -classpath sumcol.scala-2.scala_run sumcol %A
java.io.EOFException: Console has reached end of input
	at scala.Console$.readLine(Console.scala:197)
	at sumcol$.sumFile(sumcol.scala:13)
	at sumcol$.main(sumcol.scala:19)
	at sumcol.main(sumcol.scala)
	at sun.reflect.NativeMethodAccessorImpl.invoke0(Native Method)
	at sun.reflect.NativeMethodAccessorImpl.invoke(NativeMethodAccessorImpl.java:39)
	at sun.reflect.DelegatingMethodAccessorImpl.invoke(DelegatingMethodAccessorImpl.java:25)
	at java.lang.reflect.Method.invoke(Method.java:597)
	at scala.tools.nsc.ObjectRunner$$anonfun$run$1.apply(ObjectRunner.scala:75)
	at scala.tools.nsc.ObjectRunner$.withContextClassLoader(ObjectRunner.scala:49)
	at scala.tools.nsc.ObjectRunner$.run(ObjectRunner.scala:74)
	at scala.tools.nsc.MainGenericRunner$.main(MainGenericRunner.scala:161)
	at scala.tools.nsc.MainGenericRunner.main(MainGenericRunner.scala)
TEST FAILED - Child processed exited with error code (1)


PROGRAM OUTPUT
==============
