BUILD COMMANDS FOR: sumcol.scala-2.scala

Mon Jul 24 06:52:25 PDT 2006

( if [ ! -d sumcol.scala-2.scala_run ] ; then mkdir sumcol.scala-2.scala_run ; fi)
cp /home/dunham/gp4/shootout/bench/sumcol/sumcol.scala-2.scala sumcol.scala-2.scala_run/sumcol.scala
( cd sumcol.scala-2.scala_run ; /opt/scala-2.1.7/bin/scalac sumcol.scala )
touch sumcol.scala-2.scala_run

=================================================================
COMMAND LINE (%A is single numeric argument):

 /opt/scala-2.1.7/bin/scala -server -classpath sumcol.scala-2.scala_run sumcol %A
************************************************************
*   TEST (sumcol.scala-2.scala_run) FAILED - ERROR:  sumcol.scala-2.scala_out differs from Output.1000
************************************************************
-rw-r--r-- 1 dunham users   7 Jul 24 05:40 Output.1000
-rw-r--r-- 1 dunham users 621 Jul 24 06:52 sumcol.scala-2.scala_out


PROGRAM OUTPUT
==============
unknown option: '-server'
scala [ <option> ]... [<torun> <arguments>]

All options to scalac are allowed.  See scalac -help.

<torun>, if present, is an object or script file to run.
If no <torun> is present, run an interactive interpreter.

Option -howtorun allows explicitly specifying how to run <torun>:
    script: it is a script file
    object: it is an object name
    guess: (the default) try to guess

Option -savecompiled requests that the compiled script be saved
for future use.

Option -nocompdaemon requests that the fsc offline compiler not be used.

Option -Dproperty=value sets a Java system property.

