BUILD COMMANDS FOR: sumcol.smlnj

Sun Dec 31 20:54:44 PST 2006

cp /home/dunham/gp4/shootout/bench/sumcol/sumcol.smlnj sumcol.sml
cp /home/dunham/gp4/shootout/bench/sumcol/cm_sumcol.cm cm_sumcol.cm
/usr/bin/ml-build cm_sumcol.cm Test.main sumcol
Standard ML of New Jersey v110.45 [FLINT v1.5], February 13, 2004
[scanning cm_sumcol.cm]
[parsing (cm_sumcol.cm):sumcol.sml]
[compiling (cm_sumcol.cm):sumcol.sml]
[code: 914, data: 30, env: 248 bytes]
[scanning 13046-export.cm]
[scanning (13046-export.cm):cm_sumcol.cm]
[parsing (13046-export.cm):13046-export.sml]
[compiling (13046-export.cm):13046-export.sml]
[code: 219, data: 35, env: 42 bytes]

=================================================================
COMMAND LINE (%A is single numeric argument):

 /usr/bin/sml @SMLload=sumcol %A


PROGRAM OUTPUT
==============
10500000
