BUILD COMMANDS FOR: sumcol.sbcl-3.sbcl

Wed Jun 25 21:55:09 PDT 2008

SBCL built with: /usr/bin/sbcl --userinit /dev/null --sysinit /etc/sbclrc -batch -eval '(load "sumcol.sbcl-3.sbcl_compile")'
### START sumcol.sbcl-3.sbcl_compile
(proclaim '(optimize (speed 3) (safety 0) (debug 0) (compilation-speed 0) (space 0)))
(handler-bind ((sb-ext:defconstant-uneql      (lambda (c) (abort c))))      (load (compile-file "sumcol.sbcl-3.sbcl" ))) (save-lisp-and-die "sbcl.core" :purify t)
### END sumcol.sbcl-3.sbcl_compile

; loading system definition from
; /usr/share/common-lisp/systems/asdf-binary-locations.asd into
; #<PACKAGE "ASDF0">
; registering #<SYSTEM ASDF-BINARY-LOCATIONS {AEBF859}> as ASDF-BINARY-LOCATIONS

; compiling file "/home/dunham/gp4/shootout/bench/sumcol/tmp/sumcol.sbcl-3.sbcl" (written 25 JUN 2008 09:55:09 PM):
; compiling (DEFUN MAIN ...)
; file: /home/dunham/gp4/shootout/bench/sumcol/tmp/sumcol.sbcl-3.sbcl
; in: DEFUN MAIN
;     (LOOP FOR LINE = (READ-LINE *STANDARD-INPUT* NIL) WHILE (NOT (EQ LINE NIL))
;         SUMMING (PARSE-INTEGER LINE) INTO TOTAL FINALLY ...)
; --> BLOCK LET LET SB-LOOP::LOOP-BODY TAGBODY SETQ THE 
; ==>
;   (+ TOTAL (PARSE-INTEGER LINE))
; 
; note: unable to
;   optimize
; due to type uncertainty:
;   The first argument is a NUMBER, not a FLOAT.
; 
; note: unable to
;   optimize
; due to type uncertainty:
;   The first argument is a NUMBER, not a (COMPLEX SINGLE-FLOAT).
; 
; note: unable to
;   optimize
; due to type uncertainty:
;   The first argument is a NUMBER, not a (COMPLEX DOUBLE-FLOAT).
; 
; note: forced to do GENERIC-+ (cost 10)
;       unable to do inline fixnum arithmetic (cost 2) because:
;       The first argument is a NUMBER, not a FIXNUM.
;       The second argument is a INTEGER, not a FIXNUM.
;       The result is a (VALUES NUMBER &OPTIONAL), not a (VALUES FIXNUM &REST T).
;       unable to do inline (signed-byte 32) arithmetic (cost 5) because:
;       The first argument is a NUMBER, not a (SIGNED-BYTE 32).
;       The second argument is a INTEGER, not a (SIGNED-BYTE 32).
;       The result is a (VALUES NUMBER &OPTIONAL), not a (VALUES (SIGNED-BYTE 32)
;                                                                &REST T).
;       etc.
; 
; compilation unit finished
;   printed 4 notes


; /home/dunham/gp4/shootout/bench/sumcol/tmp/sumcol.sbcl-3.fasl written
; compilation finished in 0:00:00
[undoing binding stack and other enclosing state... done]
[saving current Lisp image into /home/dunham/gp4/shootout/bench/sumcol/tmp/sbcl.core:
writing 2976 bytes from the read-only space at 0x01000000
writing 2160 bytes from the static space at 0x01100000
writing 24678400 bytes from the dynamic space at 0x09000000
done]
### START sumcol.sbcl-3.sbcl_run
(proclaim '(optimize (speed 3) (safety 0) (debug 0) (compilation-speed 0) (space 0)))
(main) (quit)
### END sumcol.sbcl-3.sbcl_run


=================================================================
COMMAND LINE (%A is single numeric argument):

 /usr/bin/sbcl --noinform --core sbcl.core --userinit /dev/null --sysinit /etc/sbclrc --load sumcol.sbcl-3.sbcl_run %A
STYLE-WARNING: redefining LISP-VERSION-STRING in DEFUN
STYLE-WARNING: redefining IMPLEMENTATION-SPECIFIC-DIRECTORY-NAME in DEFUN
STYLE-WARNING: redefining PATHNAME-PREFIX-P in DEFUN
STYLE-WARNING: redefining OUTPUT-FILES-FOR-SYSTEM-AND-OPERATION in DEFGENERIC
STYLE-WARNING:
   redefining OUTPUT-FILES-FOR-SYSTEM-AND-OPERATION (#<STANDARD-CLASS SYSTEM>
                                                     #<BUILT-IN-CLASS T>
                                                     #<BUILT-IN-CLASS T>
                                                     #<BUILT-IN-CLASS T>
                                                     #<BUILT-IN-CLASS T>) in DEFMETHOD
STYLE-WARNING: redefining OUTPUT-FILES-USING-MAPPINGS in DEFGENERIC
STYLE-WARNING:
   redefining OUTPUT-FILES-USING-MAPPINGS (#<BUILT-IN-CLASS T>
                                           #<BUILT-IN-CLASS T>
                                           #<BUILT-IN-CLASS T>) in DEFMETHOD
STYLE-WARNING:
   redefining OUTPUT-FILES :AROUND (#<STANDARD-CLASS COMPILE-OP>
                                    #<STANDARD-CLASS SOURCE-FILE>) in DEFMETHOD
STYLE-WARNING: redefining LISP-VERSION-STRING in DEFUN
STYLE-WARNING: redefining IMPLEMENTATION-SPECIFIC-DIRECTORY-NAME in DEFUN
STYLE-WARNING: redefining PATHNAME-PREFIX-P in DEFUN
STYLE-WARNING: redefining OUTPUT-FILES-FOR-SYSTEM-AND-OPERATION in DEFGENERIC
STYLE-WARNING:
   redefining OUTPUT-FILES-FOR-SYSTEM-AND-OPERATION (#<STANDARD-CLASS SYSTEM>
                                                     #<BUILT-IN-CLASS T>
                                                     #<BUILT-IN-CLASS T>
                                                     #<BUILT-IN-CLASS T>
                                                     #<BUILT-IN-CLASS T>) in DEFMETHOD
STYLE-WARNING: redefining OUTPUT-FILES-USING-MAPPINGS in DEFGENERIC
STYLE-WARNING:
   redefining OUTPUT-FILES-USING-MAPPINGS (#<BUILT-IN-CLASS T>
                                           #<BUILT-IN-CLASS T>
                                           #<BUILT-IN-CLASS T>) in DEFMETHOD
STYLE-WARNING:
   redefining OUTPUT-FILES :AROUND (#<STANDARD-CLASS COMPILE-OP>
                                    #<STANDARD-CLASS SOURCE-FILE>) in DEFMETHOD
STYLE-WARNING: redefining LISP-VERSION-STRING in DEFUN
STYLE-WARNING: redefining IMPLEMENTATION-SPECIFIC-DIRECTORY-NAME in DEFUN
STYLE-WARNING: redefining PATHNAME-PREFIX-P in DEFUN
STYLE-WARNING: redefining OUTPUT-FILES-FOR-SYSTEM-AND-OPERATION in DEFGENERIC
STYLE-WARNING:
   redefining OUTPUT-FILES-FOR-SYSTEM-AND-OPERATION (#<STANDARD-CLASS SYSTEM>
                                                     #<BUILT-IN-CLASS T>
                                                     #<BUILT-IN-CLASS T>
                                                     #<BUILT-IN-CLASS T>
                                                     #<BUILT-IN-CLASS T>) in DEFMETHOD
STYLE-WARNING: redefining OUTPUT-FILES-USING-MAPPINGS in DEFGENERIC
STYLE-WARNING:
   redefining OUTPUT-FILES-USING-MAPPINGS (#<BUILT-IN-CLASS T>
                                           #<BUILT-IN-CLASS T>
                                           #<BUILT-IN-CLASS T>) in DEFMETHOD
STYLE-WARNING:
   redefining OUTPUT-FILES :AROUND (#<STANDARD-CLASS COMPILE-OP>
                                    #<STANDARD-CLASS SOURCE-FILE>) in DEFMETHOD
STYLE-WARNING: redefining LISP-VERSION-STRING in DEFUN
STYLE-WARNING: redefining IMPLEMENTATION-SPECIFIC-DIRECTORY-NAME in DEFUN
STYLE-WARNING: redefining PATHNAME-PREFIX-P in DEFUN
STYLE-WARNING: redefining OUTPUT-FILES-FOR-SYSTEM-AND-OPERATION in DEFGENERIC
STYLE-WARNING:
   redefining OUTPUT-FILES-FOR-SYSTEM-AND-OPERATION (#<STANDARD-CLASS SYSTEM>
                                                     #<BUILT-IN-CLASS T>
                                                     #<BUILT-IN-CLASS T>
                                                     #<BUILT-IN-CLASS T>
                                                     #<BUILT-IN-CLASS T>) in DEFMETHOD
STYLE-WARNING: redefining OUTPUT-FILES-USING-MAPPINGS in DEFGENERIC
STYLE-WARNING:
   redefining OUTPUT-FILES-USING-MAPPINGS (#<BUILT-IN-CLASS T>
                                           #<BUILT-IN-CLASS T>
                                           #<BUILT-IN-CLASS T>) in DEFMETHOD
STYLE-WARNING:
   redefining OUTPUT-FILES :AROUND (#<STANDARD-CLASS COMPILE-OP>
                                    #<STANDARD-CLASS SOURCE-FILE>) in DEFMETHOD
STYLE-WARNING: redefining LISP-VERSION-STRING in DEFUN
STYLE-WARNING: redefining IMPLEMENTATION-SPECIFIC-DIRECTORY-NAME in DEFUN
STYLE-WARNING: redefining PATHNAME-PREFIX-P in DEFUN
STYLE-WARNING: redefining OUTPUT-FILES-FOR-SYSTEM-AND-OPERATION in DEFGENERIC
STYLE-WARNING:
   redefining OUTPUT-FILES-FOR-SYSTEM-AND-OPERATION (#<STANDARD-CLASS SYSTEM>
                                                     #<BUILT-IN-CLASS T>
                                                     #<BUILT-IN-CLASS T>
                                                     #<BUILT-IN-CLASS T>
                                                     #<BUILT-IN-CLASS T>) in DEFMETHOD
STYLE-WARNING: redefining OUTPUT-FILES-USING-MAPPINGS in DEFGENERIC
STYLE-WARNING:
   redefining OUTPUT-FILES-USING-MAPPINGS (#<BUILT-IN-CLASS T>
                                           #<BUILT-IN-CLASS T>
                                           #<BUILT-IN-CLASS T>) in DEFMETHOD
STYLE-WARNING:
   redefining OUTPUT-FILES :AROUND (#<STANDARD-CLASS COMPILE-OP>
                                    #<STANDARD-CLASS SOURCE-FILE>) in DEFMETHOD
STYLE-WARNING: redefining LISP-VERSION-STRING in DEFUN
STYLE-WARNING: redefining IMPLEMENTATION-SPECIFIC-DIRECTORY-NAME in DEFUN
STYLE-WARNING: redefining PATHNAME-PREFIX-P in DEFUN
STYLE-WARNING: redefining OUTPUT-FILES-FOR-SYSTEM-AND-OPERATION in DEFGENERIC
STYLE-WARNING:
   redefining OUTPUT-FILES-FOR-SYSTEM-AND-OPERATION (#<STANDARD-CLASS SYSTEM>
                                                     #<BUILT-IN-CLASS T>
                                                     #<BUILT-IN-CLASS T>
                                                     #<BUILT-IN-CLASS T>
                                                     #<BUILT-IN-CLASS T>) in DEFMETHOD
STYLE-WARNING: redefining OUTPUT-FILES-USING-MAPPINGS in DEFGENERIC
STYLE-WARNING:
   redefining OUTPUT-FILES-USING-MAPPINGS (#<BUILT-IN-CLASS T>
                                           #<BUILT-IN-CLASS T>
                                           #<BUILT-IN-CLASS T>) in DEFMETHOD
STYLE-WARNING:
   redefining OUTPUT-FILES :AROUND (#<STANDARD-CLASS COMPILE-OP>
                                    #<STANDARD-CLASS SOURCE-FILE>) in DEFMETHOD
STYLE-WARNING: redefining LISP-VERSION-STRING in DEFUN
STYLE-WARNING: redefining IMPLEMENTATION-SPECIFIC-DIRECTORY-NAME in DEFUN
STYLE-WARNING: redefining PATHNAME-PREFIX-P in DEFUN
STYLE-WARNING: redefining OUTPUT-FILES-FOR-SYSTEM-AND-OPERATION in DEFGENERIC
STYLE-WARNING:
   redefining OUTPUT-FILES-FOR-SYSTEM-AND-OPERATION (#<STANDARD-CLASS SYSTEM>
                                                     #<BUILT-IN-CLASS T>
                                                     #<BUILT-IN-CLASS T>
                                                     #<BUILT-IN-CLASS T>
                                                     #<BUILT-IN-CLASS T>) in DEFMETHOD
STYLE-WARNING: redefining OUTPUT-FILES-USING-MAPPINGS in DEFGENERIC
STYLE-WARNING:
   redefining OUTPUT-FILES-USING-MAPPINGS (#<BUILT-IN-CLASS T>
                                           #<BUILT-IN-CLASS T>
                                           #<BUILT-IN-CLASS T>) in DEFMETHOD
STYLE-WARNING:
   redefining OUTPUT-FILES :AROUND (#<STANDARD-CLASS COMPILE-OP>
                                    #<STANDARD-CLASS SOURCE-FILE>) in DEFMETHOD


PROGRAM OUTPUT
==============
10500000
