BUILD COMMANDS FOR: takfp.gcl-2.gcl

Fri Oct 28 02:24:23 UTC 2005

cp /home/dunham/gp4/shootout/bench/takfp/takfp.gcl-2.gcl takfp.gcl-2.gcl
(GCL_ANSI=1; export GCL_ANSI; \
  /usr/bin/gcl -compile takfp.gcl-2.gcl)

Compiling takfp.gcl-2.gcl.
Warning: The OPTIMIZE quality DEBUG is unknown.
End of Pass 1.  

;; Note: Tail-recursive call of TAK was replaced by iteration.
End of Pass 2.  
OPTIMIZE levels: Safety=0 (No runtime error checking), Space=0, Speed=3
Finished compiling takfp.gcl-2.gcl.
touch takfp.gcl-2.gcl_run

=================================================================
COMMAND LINE (%A is single numeric argument):

 /usr/bin/gcl -batch -load takfp.o -eval '(main)' -f takfp.gcl %A
************************************************************
*   TEST (takfp.gcl-2.gcl_run) FAILED - ERROR:  takfp.gcl-2.gcl_out differs from Output.8
************************************************************
-rw-r--r--  1 dunham users  4 Oct 28 02:21 Output.8
-rw-r--r--  1 dunham users 99 Oct 28 02:24 takfp.gcl-2.gcl_out


PROGRAM OUTPUT
==============

Warning: The OPTIMIZE quality DEBUG is unknown.9.0
Warning: The OPTIMIZE quality DEBUG is unknown.