BUILD COMMANDS FOR: takfp.xds

Fri Oct 28 03:24:51 UTC 2005

cp /home/dunham/gp4/shootout/bench/takfp/takfp.xds takfp.xds
/usr/local/xds/bin/xc =m =a  takfp.xds
O2/M2 development system v2.51 (c) 1999-2003 Excelsior, LLC. (build 10.05.2005)
XDS Oberon-2 v2.40 [x86, v1.50] - build 10.05.2005
Compiling "takfp.xds"

* [takfp.xds 10.16 F425]
* file open error: "Shootout.sym" no such file
IMPORT Shootout$, SLongIO, Out;
errors  1, no warnings, lines   10, time  0.01
make[3]: [takfp.xds_run] Error 1 (ignored)
mv takfp takfp.xds_run
mv: cannot stat `takfp': No such file or directory
make[3]: [takfp.xds_run] Error 1 (ignored)

=================================================================
COMMAND LINE (%A is single numeric argument):

takfp.xds_run %A
Error, could not exec takfp.xds_run 8 (No such file or directory)
PATH=/home/dunham/gp4/shootout/bench/takfp:/home/dunham/gp4/shootout/bench/takfp/tmp:/opt/xds_x86/bin:/opt/intel/fc/9.0/bin:/opt/intel/cc/9.0/bin:/usr/local/bin:/usr/bin:/bin:/opt/bin:/usr/i686-pc-linux-gnu/gcc-bin/3.3.5-20050130:/opt/ghc/bin:/opt/blackdown-jdk-1.4.2.02/bin:/opt/blackdown-jdk-1.4.2.02/jre/bin:/usr/qt/3/bin:/usr/kde/3.4/bin
TEST FAILED - Child processed exited with error code (1)


PROGRAM OUTPUT
==============
