RUNNING SCRIPT: tcprequest.lua-2.lua

Tue Feb 21 20:49:29 PST 2006


=================================================================
COMMAND LINE (%A is single numeric argument):

 /usr/local/bin/lua $LUA_EXTRAS ../tcprequest.lua-2.lua %A
/usr/local/bin/lua: ../tcprequest.lua-2.lua:1: module 'socket' not found:
	no field package.preload['socket']
	no file './socket.lua'
	no file '/usr/local/share/lua/5.1/socket.lua'
	no file '/usr/local/share/lua/5.1/socket/init.lua'
	no file '/usr/local/lib/lua/5.1/socket.lua'
	no file '/usr/local/lib/lua/5.1/socket/init.lua'
	no file './socket.so'
	no file '/usr/local/lib/lua/5.1/socket.so'
	no file '/usr/local/lib/lua/5.1/loadall.so'
stack traceback:
	[C]: in function 'require'
	../tcprequest.lua-2.lua:1: in main chunk
	[C]: ?
TEST FAILED - Child processed exited with error code (1)


PROGRAM OUTPUT
==============
