BUILD COMMANDS FOR: threadring.lisaac

Wed Apr 16 12:03:37 PDT 2008

cp /home/dunham/gp4/shootout/bench/threadring/threadring.lisaac threadring.li
../../../bin/split_file.bash /home/dunham/gp4/shootout/bench/threadring/threadring.lisaac threadring.li
splitfile  threadring.li
splitfile  mutex.li
splitfile  stack.li
splitfile  thread.li
rm -f threadring.lisaac_run
/usr/bin/lisaac -O -i20 threadring
Depending pass: .............. (14)
Executing pass: *.............. (15)
 => 1 second(s).
Run `gcc ./threadring.c -O3 -fomit-frame-pointer -lm -lX11 -o ./threadring -L/usr/lib-march=pentium4' 	/tmp/cc9MOJGf.o: In function `main':
threadring.c:(.text+0x1b29): undefined reference to `pthread_attr_setstack'
threadring.c:(.text+0x1b47): undefined reference to `pthread_create'
threadring.c:(.text+0x1b71): undefined reference to `pthread_join'
collect2: ld returned 1 exit status
Failure!
/usr/bin/gcc -pipe -Wall -O3 -fomit-frame-pointer -march=pentium4   -lpthread threadring.c -o threadring.lisaac_run

=================================================================
COMMAND LINE (%A is single numeric argument):

threadring.lisaac_run %A


PROGRAM OUTPUT
==============
361
