BUILD COMMANDS FOR: threadring.fpascal

Mon Nov 26 15:00:11 PST 2007

cp /home/dunham/gp4/shootout/bench/threadring/threadring.fpascal threadring.pas
/usr/bin/fpc -Fu../../Include/fpascal -XX -Xs -O3ppentium4 -Cppentium4 -oFPASCAL_RUN threadring.pas
Free Pascal Compiler version 2.2.0 [2007/09/14] for i386
Copyright (c) 1993-2007 by Florian Klaempfl
Target OS: Linux for i386
Compiling threadring.pas
threadring.pas(20,10) Warning: Function result does not seem to be set
Linking FPASCAL_RUN
66 lines compiled, 1.1 sec
1 warning(s) issued
mv FPASCAL_RUN threadring.fpascal_run
rm threadring.pas

=================================================================
COMMAND LINE (%A is single numeric argument):

threadring.fpascal_run %A


PROGRAM OUTPUT
==============
361
