BUILD COMMANDS FOR: threadring.znn-2.znn

Mon Nov 26 17:19:02 PST 2007

cp /home/dunham/gp4/shootout/bench/threadring/threadring.znn-2.znn threadring.znn-2.znn
rm -f threadring.znn-2.znn_run.exe
/usr/bin/mono /opt/ch.ethz.zonnon_1.0.63/compiler/zc.exe /ref:../../Include/zonnon/BenchmarksGame.dll /entry:threadring threadring.znn-2.znn /out:threadring.znn-2.znn_run.exe 
Zonnon Compiler, Version 1.0.0.63 of Sunday, 07 October 2007, 13:37:10
(c) 2003-2007 ETH Zurich
Compilation completed successfully
rm -f *.znn

=================================================================
COMMAND LINE (%A is single numeric argument):

 /usr/bin/mono threadring.znn-2.znn_run.exe %A

Unhandled Exception: System.InvalidOperationException: Operation is not valid due to the current state of the object
  at System.Collections.Stack.Pop () [0x00000] 
  at Zonnon.RTL.Protocol.Validate (Boolean receive, System.Object obj) [0x00000] 
  at Zonnon.RTL.Protocol.ValidateNextIncomingToken (System.Object obj) [0x00000] 
  at Zonnon.RTL.Protocol.send (System.Object obj) [0x00000] 
  at Zonnon.threadring._body () [0x00000] 
  at Zonnon.threadring.Main () [0x00000] 
TEST FAILED - Child processed exited with error code (1)


PROGRAM OUTPUT
==============
