BUILD COMMANDS FOR: threadring.icpp

Sun Jul 20 16:11:36 PDT 2008

/opt/intel/cc/10.1.012/bin/icpc -c -O3 -ipo -static  threadring.c++ -o threadring.c++.o &&  \
        /opt/intel/cc/10.1.012/bin/icpc threadring.c++.o -o threadring.icpp_run -O3 -ipo -static  
ipo: warning #11043: unresolved pthread_mutex_lock
        Referenced in /tmp/ipo_icpcVtF0oo.o
        Referenced in libstdc++.a(locale_init.o)
        Referenced in libstdc++.a(locale.o)
        Referenced in libstdc++.a(eh_alloc.o)
        Referenced in libgcc_eh.a(unwind-dw2-fde-glibc.o)
ipo: warning #11043: unresolved pthread_mutex_unlock
        Referenced in /tmp/ipo_icpcVtF0oo.o
        Referenced in libstdc++.a(locale_init.o)
        Referenced in libstdc++.a(locale.o)
        Referenced in libstdc++.a(eh_alloc.o)
        Referenced in libgcc_eh.a(unwind-dw2-fde-glibc.o)
ipo: warning #11043: unresolved pthread_mutex_init
        Referenced in /tmp/ipo_icpcVtF0oo.o
ipo: warning #11043: unresolved pthread_attr_init
        Referenced in /tmp/ipo_icpcVtF0oo.o
ipo: warning #11043: unresolved pthread_attr_setstacksize
        Referenced in /tmp/ipo_icpcVtF0oo.o
ipo: warning #11043: unresolved pthread_create
        Referenced in /tmp/ipo_icpcVtF0oo.o
ipo: warning #11043: unresolved pthread_join
        Referenced in /tmp/ipo_icpcVtF0oo.o
ipo: remark #11001: performing single-file optimizations
ipo: remark #11005: generating object file /tmp/ipo_icpcVtF0oo.o
/tmp/ipo_icpcVtF0oo.o: In function `main':
/tmp/ipo_icpcVtF0oo.c:(.text+0x3b): undefined reference to `pthread_attr_init'
/tmp/ipo_icpcVtF0oo.c:(.text+0x4a): undefined reference to `pthread_attr_setstacksize'
/tmp/ipo_icpcVtF0oo.c:(.text+0x81): undefined reference to `pthread_mutex_init'
/tmp/ipo_icpcVtF0oo.c:(.text+0xb6): undefined reference to `pthread_mutex_lock'
/tmp/ipo_icpcVtF0oo.c:(.text+0xcb): undefined reference to `pthread_create'
/tmp/ipo_icpcVtF0oo.c:(.text+0xe8): undefined reference to `pthread_mutex_unlock'
/tmp/ipo_icpcVtF0oo.c:(.text+0xf3): undefined reference to `pthread_join'
/tmp/ipo_icpcVtF0oo.o: In function `RingThread::Run(void*)':
/tmp/ipo_icpcVtF0oo.c:(.gnu.linkonce.t._ZN10RingThread3RunEPv[.gnu.linkonce.t._ZN10RingThread3RunEPv]+0x9): undefined reference to `pthread_mutex_lock'
/tmp/ipo_icpcVtF0oo.c:(.gnu.linkonce.t._ZN10RingThread3RunEPv[.gnu.linkonce.t._ZN10RingThread3RunEPv]+0x2c): undefined reference to `pthread_mutex_unlock'
/usr/lib/gcc/i686-pc-linux-gnu/4.1.2//libstdc++.a(locale.o): In function `std::locale::_Impl::_M_install_cache(std::locale::facet const*, unsigned int)':
(.text._ZNSt6locale5_Impl16_M_install_cacheEPKNS_5facetEj+0x6d): undefined reference to `pthread_mutex_lock'
/usr/lib/gcc/i686-pc-linux-gnu/4.1.2//libstdc++.a(locale.o): In function `std::locale::_Impl::_M_install_cache(std::locale::facet const*, unsigned int)':
(.text._ZNSt6locale5_Impl16_M_install_cacheEPKNS_5facetEj+0xb0): undefined reference to `pthread_mutex_unlock'
/usr/lib/gcc/i686-pc-linux-gnu/4.1.2//libstdc++.a(locale.o): In function `std::locale::_Impl::_M_install_cache(std::locale::facet const*, unsigned int)':
(.text._ZNSt6locale5_Impl16_M_install_cacheEPKNS_5facetEj+0x61): undefined reference to `pthread_mutex_unlock'
/usr/lib/gcc/i686-pc-linux-gnu/4.1.2//libstdc++.a(locale_init.o): In function `std::locale::global(std::locale const&)':
(.text._ZNSt6locale6globalERKS_+0x88): undefined reference to `pthread_mutex_unlock'
/usr/lib/gcc/i686-pc-linux-gnu/4.1.2//libstdc++.a(locale_init.o): In function `std::locale::global(std::locale const&)':
(.text._ZNSt6locale6globalERKS_+0xc8): undefined reference to `pthread_mutex_lock'
/usr/lib/gcc/i686-pc-linux-gnu/4.1.2//libstdc++.a(locale_init.o): In function `std::locale::global(std::locale const&)':
(.text._ZNSt6locale6globalERKS_+0x118): undefined reference to `pthread_mutex_unlock'
/usr/lib/gcc/i686-pc-linux-gnu/4.1.2//libstdc++.a(locale_init.o): In function `std::locale::locale()':
(.text._ZNSt6localeC1Ev+0x65): undefined reference to `pthread_mutex_lock'
/usr/lib/gcc/i686-pc-linux-gnu/4.1.2//libstdc++.a(locale_init.o): In function `std::locale::locale()':
(.text._ZNSt6localeC1Ev+0x59): undefined reference to `pthread_mutex_unlock'
/usr/lib/gcc/i686-pc-linux-gnu/4.1.2//libstdc++.a(locale_init.o): In function `std::locale::locale()':
(.text._ZNSt6localeC2Ev+0x65): undefined reference to `pthread_mutex_lock'
/usr/lib/gcc/i686-pc-linux-gnu/4.1.2//libstdc++.a(locale_init.o): In function `std::locale::locale()':
(.text._ZNSt6localeC2Ev+0x59): undefined reference to `pthread_mutex_unlock'
/usr/lib/gcc/i686-pc-linux-gnu/4.1.2//libstdc++.a(eh_alloc.o): In function `__cxa_allocate_exception':
(.text.__cxa_allocate_exception+0xb9): undefined reference to `pthread_mutex_unlock'
/usr/lib/gcc/i686-pc-linux-gnu/4.1.2//libstdc++.a(eh_alloc.o): In function `__cxa_allocate_exception':
(.text.__cxa_allocate_exception+0xc9): undefined reference to `pthread_mutex_lock'
/usr/lib/gcc/i686-pc-linux-gnu/4.1.2//libstdc++.a(eh_alloc.o): In function `__cxa_free_exception':
(.text.__cxa_free_exception+0x70): undefined reference to `pthread_mutex_lock'
/usr/lib/gcc/i686-pc-linux-gnu/4.1.2//libstdc++.a(eh_alloc.o): In function `__cxa_free_exception':
(.text.__cxa_free_exception+0x87): undefined reference to `pthread_mutex_unlock'
/usr/lib/gcc/i686-pc-linux-gnu/4.1.2//libgcc_eh.a(unwind-dw2-fde-glibc.o): In function `__deregister_frame_info_bases':
(.text+0xeac): undefined reference to `pthread_mutex_lock'
/usr/lib/gcc/i686-pc-linux-gnu/4.1.2//libgcc_eh.a(unwind-dw2-fde-glibc.o): In function `__deregister_frame_info_bases':
(.text+0xebc): undefined reference to `pthread_mutex_unlock'
/usr/lib/gcc/i686-pc-linux-gnu/4.1.2//libgcc_eh.a(unwind-dw2-fde-glibc.o): In function `__register_frame_info_table_bases':
(.text+0xf88): undefined reference to `pthread_mutex_lock'
/usr/lib/gcc/i686-pc-linux-gnu/4.1.2//libgcc_eh.a(unwind-dw2-fde-glibc.o): In function `__register_frame_info_table_bases':
(.text+0xf9f): undefined reference to `pthread_mutex_unlock'
/usr/lib/gcc/i686-pc-linux-gnu/4.1.2//libgcc_eh.a(unwind-dw2-fde-glibc.o): In function `__register_frame_info_bases':
(.text+0x1079): undefined reference to `pthread_mutex_lock'
/usr/lib/gcc/i686-pc-linux-gnu/4.1.2//libgcc_eh.a(unwind-dw2-fde-glibc.o): In function `__register_frame_info_bases':
(.text+0x1090): undefined reference to `pthread_mutex_unlock'
/usr/lib/gcc/i686-pc-linux-gnu/4.1.2//libgcc_eh.a(unwind-dw2-fde-glibc.o): In function `_Unwind_Find_FDE':
(.text+0x12c3): undefined reference to `pthread_mutex_unlock'
/usr/lib/gcc/i686-pc-linux-gnu/4.1.2//libgcc_eh.a(unwind-dw2-fde-glibc.o): In function `_Unwind_Find_FDE':
(.text+0x12d6): undefined reference to `pthread_mutex_lock'
make[3]: [threadring.icpp_run] Error 1 (ignored)

=================================================================
COMMAND LINE (%A is single numeric argument):

threadring.icpp_run %A
Error, could not exec threadring.icpp_run 100000 (No such file or directory)
PATH=/home/dunham/gp4/shootout/bench/threadring:/home/dunham/gp4/shootout/bench/threadring/tmp:/opt/intel/cc/10.1.012/bin:/opt/intel/fc/10.1.012/bin:/usr/local/bin:/usr/bin:/bin:/opt/bin:/usr/i686-pc-linux-gnu/gcc-bin/4.1.2:/opt/sun-jdk-1.4.2.16/bin:/opt/sun-jdk-1.4.2.16/jre/bin:/opt/sun-jdk-1.4.2.16/jre/javaws:/usr/qt/3/bin:/usr/i686-pc-linux-gnu/gnat-gpl-bin/4.1:/usr/libexec/gnat-gpl/i686-pc-linux-gnu/4.1:/usr/games/bin:/opt/cint-5.16.19:/opt/sun-jdk-1.6.0.07/bin:/opt/sun-jdk-1.4.2.16/bin:/opt/mozart/bin:/opt/groovy-1.6-beta-1/bin:/opt/smlnj/bin:/usr/local/lib/squeak/3.9-8:/opt/stx:/opt/jruby-1.1.2/bin:/opt/Quark:/opt/gnat/bin:/opt/ATS/bin
TEST FAILED - Child processed exited with error code (1)


PROGRAM OUTPUT
==============
