
Wed, 06 Apr 2011 18:47:56 GMT

MAKE:
/usr/local/src/intel/composerxe-2011.3.174/bin/ifort -O3 -fast -u -what binarytrees.f90 -o binarytrees.ifc_run
 Intel(R) Fortran 12.0-1291
ipo: remark #11001: performing single-file optimizations
ipo: remark #11006: generating object file /tmp/ipo_ifortYJ4ygE.o
rm binarytrees.f90
0.32s to complete and log all make actions

COMMAND LINE:
./binarytrees.ifc_run 20

PROGRAM OUTPUT:
stretch tree of depth 21	 check: -1
2097152	 trees of depth 4	 check: -2097152
524288	 trees of depth 6	 check: -524288
131072	 trees of depth 8	 check: -131072
32768	 trees of depth 10	 check: -32768
8192	 trees of depth 12	 check: -8192
2048	 trees of depth 14	 check: -2048
512	 trees of depth 16	 check: -512
128	 trees of depth 18	 check: -128
32	 trees of depth 20	 check: -32
long lived tree of depth 20	 check: -1
