
Sat, 20 Sep 2008 00:27:44 GMT

MAKE:
/usr/local/src/ats-lang-anairiats-0.0.1/bin/atscc -D_ATS_MULTITHREAD -lpthread -D_ATS_GCATS -pipe -Wall -O3 -fomit-frame-pointer -pipe -Wall -O3 -fomit-frame-pointer -lm binarytrees.dats -o binarytrees.ats-2.ats_run
/usr/local/src/ats-lang-anairiats-0.0.1/bin/atsopt --output binarytrees_dats.c --dynamic binarytrees.dats
GC initialization is done.
The 1st translation (fixity) of [binarytrees.dats] is successfully completed!
The 2nd translation (binding) of [binarytrees.dats] is successfully completed!
The 3rd translation (typechecking) of [binarytrees.dats] is successfully completed!
The 4th translation (proof erasure) of [binarytrees.dats] is successfully completed!
The 5th translation (code emission) of [binarytrees.dats] is successfully completed!
/usr/local/src/ats-lang-anairiats-0.0.1/ccomp/runtime/ats_prelude.c: In function ‘ats_caseof_failure’:
/usr/local/src/ats-lang-anairiats-0.0.1/ccomp/runtime/ats_prelude.c:99: warning: implicit declaration of function ‘ats_exit_errmsg’
/usr/local/src/ats-lang-anairiats-0.0.1/ccomp/runtime/ats_prelude.c: In function ‘ats_gc_init’:
/usr/local/src/ats-lang-anairiats-0.0.1/ccomp/runtime/ats_prelude.c:248: warning: implicit declaration of function ‘gc_init’
/usr/local/src/ats-lang-anairiats-0.0.1/ccomp/runtime/ats_prelude.c: In function ‘ats_pthread_exit’:
/usr/local/src/ats-lang-anairiats-0.0.1/ccomp/runtime/ats_prelude.c:496: warning: implicit declaration of function ‘pthread_exit’
/usr/local/src/ats-lang-anairiats-0.0.1/ccomp/runtime/ats_prelude.c: At top level:
/usr/local/src/ats-lang-anairiats-0.0.1/ccomp/runtime/ats_prelude.c:435: warning: ‘ats_pthread_app’ defined but not used
In file included from binarytrees_dats.c:19:
/usr/local/src/ats-lang-anairiats-0.0.1/prelude/CATS/char.cats: In function ‘atspre_char_isblank’:
/usr/local/src/ats-lang-anairiats-0.0.1/prelude/CATS/char.cats:185: warning: implicit declaration of function ‘isblank’
In file included from binarytrees_dats.c:32:
/usr/local/src/ats-lang-anairiats-0.0.1/libc/CATS/pthread.cats:3:1: warning: "/*" within comment
/usr/local/src/ats-lang-anairiats-0.0.1/libc/CATS/pthread.cats:4:1: warning: "/*" within comment
/usr/local/src/ats-lang-anairiats-0.0.1/libc/CATS/pthread.cats:5:1: warning: "/*" within comment
/usr/local/src/ats-lang-anairiats-0.0.1/libc/CATS/pthread.cats:6:1: warning: "/*" within comment
/usr/local/src/ats-lang-anairiats-0.0.1/libc/CATS/pthread.cats:7:1: warning: "/*" within comment
In file included from binarytrees_dats.c:32:
/usr/local/src/ats-lang-anairiats-0.0.1/libc/CATS/pthread.cats: In function ‘atslib_pthread_mutex_init’:
/usr/local/src/ats-lang-anairiats-0.0.1/libc/CATS/pthread.cats:64: warning: ‘return’ with no value, in function returning non-void
binarytrees_dats.c: In function ‘make_0’:
binarytrees_dats.c:143: warning: label ‘__ats_lab_make_0’ defined but not used
binarytrees_dats.c: In function ‘check_and_free_1’:
binarytrees_dats.c:196: warning: label ‘__ats_lab_1_1’ defined but not used
binarytrees_dats.c:182: warning: label ‘__ats_lab_0_1’ defined but not used
binarytrees_dats.c:180: warning: label ‘__ats_lab_0_0’ defined but not used
binarytrees_dats.c:177: warning: label ‘__ats_lab_check_and_free_1’ defined but not used
binarytrees_dats.c: In function ‘check_2’:
binarytrees_dats.c:236: warning: label ‘__ats_lab_3_1’ defined but not used
binarytrees_dats.c:221: warning: label ‘__ats_lab_2_1’ defined but not used
binarytrees_dats.c:219: warning: label ‘__ats_lab_2_0’ defined but not used
binarytrees_dats.c:216: warning: label ‘__ats_lab_check_2’ defined but not used
binarytrees_dats.c: In function ‘check_ref_3’:
binarytrees_dats.c:251: warning: label ‘__ats_lab_check_ref_3’ defined but not used
binarytrees_dats.c: In function ‘stretch_4’:
binarytrees_dats.c:267: warning: label ‘__ats_lab_stretch_4’ defined but not used
binarytrees_dats.c: In function ‘long_lived_tree_make_5’:
binarytrees_dats.c:281: warning: label ‘__ats_lab_long_lived_tree_make_5’ defined but not used
binarytrees_dats.c: In function ‘worker_6’:
binarytrees_dats.c:350: warning: label ‘__ats_lab_worker_6’ defined but not used
binarytrees_dats.c: In function ‘__ats_fun_9’:
binarytrees_dats.c:367: warning: label ‘__ats_lab___ats_fun_9’ defined but not used
binarytrees_dats.c: In function ‘finishup_10’:
binarytrees_dats.c:500: warning: label ‘__ats_lab_5_1’ defined but not used
binarytrees_dats.c:476: warning: label ‘__ats_lab_4_1’ defined but not used
binarytrees_dats.c:474: warning: label ‘__ats_lab_4_0’ defined but not used
binarytrees_dats.c: In function ‘mainats’:
binarytrees_dats.c:528: warning: label ‘__ats_lab_mainats’ defined but not used
binarytrees_dats.c: In function ‘main’:
binarytrees_dats.c:587: warning: implicit declaration of function ‘ats_gc_init’
binarytrees_dats.c:588: warning: implicit declaration of function ‘mainats_prelude’
binarytrees_dats.c: At top level:
/usr/local/src/ats-lang-anairiats-0.0.1/prelude/CATS/pointer.cats:53: warning: ‘atspre_null_ptr’ defined but not used
/usr/local/src/ats-lang-anairiats-0.0.1/prelude/CATS/printf.cats:50: warning: ‘atspre_fprintf_err’ defined but not used
/usr/local/src/ats-lang-anairiats-0.0.1/prelude/CATS/printf.cats:61: warning: ‘atspre_fprintf_exn’ defined but not used
/usr/local/src/ats-lang-anairiats-0.0.1/prelude/CATS/printf.cats:73: warning: ‘atspre_printf_err’ defined but not used
/usr/local/src/ats-lang-anairiats-0.0.1/prelude/CATS/printf.cats:98: warning: ‘atspre_prerrf_exn’ defined but not used
/usr/local/src/ats-lang-anairiats-0.0.1/prelude/CATS/string.cats:308: warning: ‘atspre_string_tolower’ defined but not used
/usr/local/src/ats-lang-anairiats-0.0.1/prelude/CATS/string.cats:321: warning: ‘atspre_string_toupper’ defined but not used
/usr/local/src/ats-lang-anairiats-0.0.1/prelude/CATS/string.cats:337: warning: ‘atspre_stropt_none’ defined but not used
binarytrees_dats.c:328: warning: ‘loop_7_closure_make’ defined but not used
gcc -I/usr/local/src/ats-lang-anairiats-0.0.1/ -I/usr/local/src/ats-lang-anairiats-0.0.1/ccomp/runtime/ -L/usr/local/src/ats-lang-anairiats-0.0.1/ccomp/lib/ /usr/local/src/ats-lang-anairiats-0.0.1/ccomp/runtime/ats_prelude.c -D_ATS_MULTITHREAD -lpthread -D_ATS_GCATS -pipe -Wall -O3 -fomit-frame-pointer -pipe -Wall -O3 -fomit-frame-pointer -lm binarytrees_dats.c -o binarytrees.ats-2.ats_run /usr/local/src/ats-lang-anairiats-0.0.1/ccomp/runtime/GCATS/gc_mt.o -lats 

COMMAND LINE:
./binarytrees.ats-2.ats_run 20

PROGRAM OUTPUT:
stretch tree of depth 21	 check: -1
2097152	 trees of depth 4	 check: -2097152
524288	 trees of depth 6	 check: -524288
131072	 trees of depth 8	 check: -131072
32768	 trees of depth 10	 check: -32768
8192	 trees of depth 12	 check: -8192
2048	 trees of depth 14	 check: -2048
512	 trees of depth 16	 check: -512
128	 trees of depth 18	 check: -128
32	 trees of depth 20	 check: -32
long lived tree of depth 20	 check: -1

the_sweeplst_lock_array has been initialized.
gc_signal_init: [SIGUSR1] has been initialized
gc_signal_init: [SIGUSR2] has been initialized
GC initialization is done.
