
Tue, 28 Apr 2009 07:10:36 GMT

MAKE:
/usr/bin/g++ -c -pipe -O3 -fomit-frame-pointer  chameneosredux.gpp-3.c++ -o chameneosredux.gpp-3.c++.o &&  \
        /usr/bin/g++ chameneosredux.gpp-3.c++.o -o chameneosredux.gpp-3.gpp_run -lpthread 
rm chameneosredux.gpp-3.c++
0.57s to complete and log all make actions

COMMAND LINE:
./chameneosredux.gpp-3.gpp_run 6000000

PROGRAM OUTPUT:
blue + blue -> blue
blue + red -> yellow
blue + yellow -> red
red + blue -> yellow
red + red -> red
red + yellow -> blue
yellow + blue -> red
yellow + red -> blue
yellow + yellow -> yellow

blue red yellow 
4018951 zero
4012898 zero
3968151 zero
 one two zero zero zero zero zero zero

blue red yellow red yellow blue red yellow red blue 
1304111 zero
1298982 zero
1206596 zero
1204952 zero
1167492 zero
1172007 zero
1169772 zero
1158476 zero
1158784 zero
1158828 zero
 one two zero zero zero zero zero zero

