
Sat, 21 Mar 2009 04:27:35 GMT

COMMAND LINE:
/usr/local/src/ruby-1.8.7-p72/ruby chameneosredux.ruby 6000000

PROGRAM OUTPUT:
blue + blue -> blue
blue + red -> yellow
blue + yellow -> red
red + blue -> yellow
red + red -> red
red + yellow -> blue
yellow + blue -> red
yellow + red -> blue
yellow + yellow -> yellow

blue red yellow 
3999982 zero
4000066 zero
3999952 zero
 one two zero zero zero zero zero zero

blue red yellow red yellow blue red yellow red blue 
1200027 zero
1200009 zero
1200102 zero
1199987 zero
1199947 zero
1200000 zero
1200018 zero
1199944 zero
1199996 zero
1199970 zero
 one two zero zero zero zero zero zero

