
Sun, 24 Apr 2011 16:55:03 GMT

MAKE:
/usr/bin/gnatchop -r -w chameneosredux.gnat-3.gnat
splitting chameneosredux.gnat-3.gnat into:
   chameneosredux.adb
   chameneos.ads
   chameneos.adb
   chameneos-creatures.ads
   chameneos-creatures.adb
/usr/bin/gnatmake -gnatApn05 -O3 -fomit-frame-pointer -march=native -mfpmath=sse -msse2 -f chameneosredux.adb -o chameneosredux.gnat-3.gnat_run 
gcc-4.4 -c -gnatApn05 -O3 -fomit-frame-pointer -march=native -mfpmath=sse -msse2 chameneosredux.adb
gcc-4.4 -c -gnatApn05 -O3 -fomit-frame-pointer -march=native -mfpmath=sse -msse2 chameneos.adb
gcc-4.4 -c -gnatApn05 -O3 -fomit-frame-pointer -march=native -mfpmath=sse -msse2 chameneos-creatures.adb
gnatbind -x chameneosredux.ali
gnatlink chameneosredux.ali -fomit-frame-pointer -march=native -mfpmath=sse -msse2 -o chameneosredux.gnat-3.gnat_run
0.94s to complete and log all make actions

COMMAND LINE:
./chameneosredux.gnat-3.gnat_run 6000000

PROGRAM OUTPUT:
blue + blue -> blue
blue + red -> yellow
blue + yellow -> red
red + blue -> yellow
red + red -> red
red + yellow -> blue
yellow + blue -> red
yellow + red -> blue
yellow + yellow -> yellow

blue red yellow 
   4002877  zero 
   3996465  zero 
   4000658  zero 
one two zero zero zero zero zero zero 

blue red yellow red yellow blue red yellow red blue 
   1214517  zero 
   1203728  zero 
   1197598  zero 
   1177932  zero 
   1204975  zero 
   1207496  zero 
   1208990  zero 
   1186590  zero 
   1209560  zero 
   1188614  zero 
one two zero zero zero zero zero zero 

