
Sun, 13 Jun 2010 19:11:23 GMT

MAKE:
mv chameneosredux.ghc chameneosredux.hs
/usr/bin/ghc --make -O2 -fglasgow-exts -O2 -fvia-c -optc-O3 chameneosredux.hs -o chameneosredux.ghc_run
[1 of 1] Compiling Main             ( chameneosredux.hs, chameneosredux.o )
Linking chameneosredux.ghc_run ...
rm chameneosredux.hs
1.65s to complete and log all make actions

COMMAND LINE:
./chameneosredux.ghc_run  6000000

PROGRAM OUTPUT:
blue + blue -> blue
blue + red -> yellow
blue + yellow -> red
red + blue -> yellow
red + red -> red
red + yellow -> blue
yellow + blue -> red
yellow + red -> blue
yellow + yellow -> yellow

 blue red yellow
3000010 zero
3939637 zero
5060353 zero
 one two zero zero zero zero zero zero

 blue red yellow red yellow blue red yellow red blue
1200001 zero
1200002 zero
1200002 zero
1200001 zero
1200000 zero
1200000 zero
1200000 zero
1199998 zero
1199998 zero
1199998 zero
 one two zero zero zero zero zero zero

