
Wed, 10 Sep 2008 02:47:18 GMT

MAKE:
/usr/bin/gcc -pipe -Wall -O3 -fomit-frame-pointer -pipe -Wall -O3 -fomit-frame-pointer -lpthread chameneosredux.c -o chameneosredux.gcc_run
rm chameneosredux.c

COMMAND LINE:
./chameneosredux.gcc_run 60000

UNEXPECTED OUTPUT 

18c18
< 45180 zero
--- field 1	relative error 2.77e+00
> 12000 zero
20c20
< 2076 zero
--- field 1	relative error 4.78e+00
> 12000 zero
21c21
< 55262 zero
--- field 1	relative error 3.61e+00
> 12000 zero
22c22
< 0 zero
--- field 1	relative error 1.00e+00
> 12000 zero
23c23
< 0 zero
--- field 1	relative error 1.00e+00
> 12000 zero
24c24
< 0 zero
--- field 1	relative error 1.00e+00
> 12000 zero
25c25
< 0 zero
--- field 1	relative error 1.00e+00
> 12000 zero
26c26
< 0 zero
--- field 1	relative error 1.00e+00
> 12000 zero
27c27
< 0 zero
--- field 1	relative error 1.00e+00
> 12000 zero

PROGRAM OUTPUT:
blue + blue -> blue
blue + red -> yellow
blue + yellow -> red
red + blue -> yellow
red + red -> red
red + yellow -> blue
yellow + blue -> red
yellow + red -> blue
yellow + yellow -> yellow

 blue red yellow
60000 zero
37304 zero
22696 zero
 one two zero zero zero zero

 blue red yellow red yellow blue red yellow red blue
45180 zero
17482 zero
2076 zero
55262 zero
0 zero
0 zero
0 zero
0 zero
0 zero
0 zero
 one two zero zero zero zero

