
Mon, 20 Jul 2009 21:28:20 GMT

MAKE:
mv chameneosredux.ocaml chameneosredux.ml
/usr/local/bin/ocamlopt.opt -noassert -unsafe -fno-PIC -nodynlink -inline 100 -thread unix.cmxa threads.cmxa chameneosredux.ml -o chameneosredux.ocaml_run
rm chameneosredux.ml
0.96s to complete and log all make actions

COMMAND LINE:
./chameneosredux.ocaml_run 6000000

PROGRAM OUTPUT:
blue + blue -> blue
blue + red -> yellow
blue + yellow -> red
red + blue -> yellow
red + red -> red
red + yellow -> blue
yellow + blue -> red
yellow + red -> blue
yellow + yellow -> yellow

 blue red yellow
3977446 zero
4021302 zero
4001252 zero
 one two zero zero zero zero zero zero

 blue red yellow red yellow blue red yellow red blue
1201879 zero
1200957 zero
1196647 zero
1200156 zero
1205992 zero
1202902 zero
1194678 zero
1197252 zero
1205077 zero
1194460 zero
 one two zero zero zero zero zero zero

