
Sat, 05 Sep 2009 01:42:11 GMT

MAKE:
/usr/bin/gcc -pipe -Wall -O3 -fomit-frame-pointer -march=native -lpthread chameneosredux.gcc-4.c -o chameneosredux.gcc-4.gcc_run
chameneosredux.gcc-4.c: In function ‘run’:
chameneosredux.gcc-4.c:325: warning: format ‘%u’ expects type ‘unsigned int’, but argument 2 has type ‘size_t’
rm chameneosredux.gcc-4.c
0.22s to complete and log all make actions

COMMAND LINE:
./chameneosredux.gcc-4.gcc_run 6000000

PROGRAM OUTPUT:
blue + blue -> blue
blue + red -> yellow
blue + yellow -> red
red + blue -> yellow
red + red -> red
red + yellow -> blue
yellow + blue -> red
yellow + red -> blue
yellow + yellow -> yellow

 blue red yellow
4023063 zero
4029530 zero
3947407 zero
 one two zero zero zero zero zero zero

 blue red yellow red yellow blue red yellow red blue
1304439 zero
1294496 zero
1217436 zero
1171090 zero
1167490 zero
1162903 zero
1171880 zero
1173638 zero
1171360 zero
1165268 zero
 one two zero zero zero zero zero zero

