
Wed, 10 Sep 2008 02:47:10 GMT

MAKE:
mv chameneosredux.python chameneosredux.py
/usr/bin/python -OO -c "from py_compile import compile; compile('chameneosredux.py')"

COMMAND LINE:
/usr/bin/python chameneosredux.pyo 60000

UNEXPECTED OUTPUT 

first file is short

PROGRAM OUTPUT:
blue + blue -> blue
blue + red -> yellow
blue + yellow -> red
red + blue -> yellow
red + red -> red
red + yellow -> blue
yellow + blue -> red
yellow + red -> blue
yellow + yellow -> yellow

 blue red yellow
41708 zero
40379 zero
37913 zero
 one two zero zero zero zero

 blue red yellow red yellow blue red yellow red blue
16422 zero
14771 zero
13366 zero
12654 zero
11986 zero
10899 zero
11764 zero
9701 zero
8906 zero
9531 zero
 one two zero zero zero zero
