
Fri, 04 Dec 2009 08:19:24 GMT

MAKE:
/usr/local/src/go/bin/6g -o chameneosredux.go-3.go.6 chameneosredux.go-3.go && \
	/usr/local/src/go/bin/6l -o chameneosredux.go-3.go_run chameneosredux.go-3.go.6
0.18s to complete and log all make actions

COMMAND LINE:
./chameneosredux.go-3.go_run 60000

UNEXPECTED OUTPUT 

first file is short

PROGRAM OUTPUT:
blue + blue -> blue
blue + red -> yellow
blue + yellow -> red
red + blue -> yellow
red + red -> red
red + yellow -> blue
yellow + blue -> red
yellow + red -> blue
yellow + yellow -> yellow

 blue red yellow
40000  zero
40000  zero
40000  zero
 one two zero zero zero zero

 blue red yellow red yellow blue red yellow red blue
12000  zero
12000  zero
12000  zero
12000  zero
12000  zero
12000  zero
12000  zero
12000  zero
12000  zero
12000  zero
 one two zero zero zero zero
