
Fri, 01 Oct 2010 16:44:29 GMT

MAKE:
cp: `chameneosredux.sbcl-2.sbcl' and `./chameneosredux.sbcl-2.sbcl' are the same file
SBCL built with: /usr/local/bin/sbcl --userinit /dev/null --batch --eval '(load "chameneosredux.sbcl-2.sbcl_compile")'
### START chameneosredux.sbcl-2.sbcl_compile
(proclaim '(optimize (speed 3) (safety 0) (debug 0) (compilation-speed 0) (space 0)))
(handler-bind ((sb-ext:defconstant-uneql      (lambda (c) (abort c))))      (load (compile-file "chameneosredux.sbcl-2.sbcl" ))) (save-lisp-and-die "sbcl.core" :purify t)
### END chameneosredux.sbcl-2.sbcl_compile


; compiling file "/home/dunham/shootout/bench/chameneosredux/chameneosredux.sbcl-2.sbcl" (written 01 OCT 2010 07:54:56 AM):
; compiling (DEFPACKAGE #:CHAMENEOS-REDUX ...)
; compiling (IN-PACKAGE :CHAMENEOS-REDUX)
; compiling (DEFMACRO DEFUN/FAST ...)
; compiling (DEFMACRO DECLARE-COLORS-MAP ...)
; compiling (DEFUN/FAST SPELL-NUMBER ...)
; compiling (DEFMACRO WITH-THREADS-POOL ...)
; file: /home/dunham/shootout/bench/chameneosredux/chameneosredux.sbcl-2.sbcl
; in: DEFMACRO WITH-THREADS-POOL
;     (LOOP :FOR CHAMENEOS-REDUX::COLOR :IN CHAMENEOS-REDUX::COLORS
;           :FOR CHAMENEOS-REDUX::THREAD-INDEX :FROM 0
;           :COLLECT `(PUSH
;                      (SB-THREAD:MAKE-THREAD
;                       (,CHAMENEOS-REDUX::THREAD-MAKER
;                        ,CHAMENEOS-REDUX::THREAD-INDEX ',CHAMENEOS-REDUX::COLOR)
;                       :NAME
;                       ,(FORMAT NIL "chameneos-worker-~a-~a"
;                                CHAMENEOS-REDUX::THREAD-INDEX
;                                (STRING-DOWNCASE #)))
;                      CHAMENEOS-REDUX::THREADS))
; --> BLOCK LET LET SB-LOOP::WITH-LOOP-LIST-COLLECTION-HEAD LET* 
; --> SB-LOOP::LOOP-BODY TAGBODY SB-LOOP::LOOP-REALLY-DESETQ SETQ THE 1+ 
; ==>
;   (+ CHAMENEOS-REDUX::THREAD-INDEX 1)
; 
; note: forced to do GENERIC-+ (cost 10)
;       unable to do inline fixnum arithmetic (cost 1) because:
;       The first argument is a UNSIGNED-BYTE, not a FIXNUM.
;       The result is a (VALUES (INTEGER 1) &OPTIONAL), not a (VALUES FIXNUM
;                                                                     &REST T).
;       unable to do inline fixnum arithmetic (cost 2) because:
;       The first argument is a UNSIGNED-BYTE, not a FIXNUM.
;       The result is a (VALUES (INTEGER 1) &OPTIONAL), not a (VALUES FIXNUM
;                                                                     &REST T).
;       etc.

; compiling (DEFMACRO SPIN-WAIT ...)
; compiling (DEFSTRUCT ATOMIC ...)
; compiling (DEFMACRO DEFGAME ...)
; file: /home/dunham/shootout/bench/chameneosredux/chameneosredux.sbcl-2.sbcl
; in: DEFMACRO DEFGAME
;     (LENGTH CHAMENEOS-REDUX::COLORS)
; 
; note: unable to
;   optimize
; due to type uncertainty:
;   The first argument is a SEQUENCE, not a (SIMPLE-ARRAY * (*)).
; 
; note: unable to
;   optimize
; due to type uncertainty:
;   The first argument is a SEQUENCE, not a VECTOR.

; compiling (DECLARE-COLORS-MAP (BLUE + ...) ...)
; compiling (DEFGAME GAME-A ...)
; compiling (DEFGAME GAME-B ...)
; compiling (DEFUN MAIN ...)
; compiling (IN-PACKAGE :CL-USER)
; compiling (DEFUN MAIN ...); 
; compilation unit finished
;   printed 3 notes


; /home/dunham/benchmarksgame_onecore/chameneosredux/tmp/chameneosredux.sbcl-2.fasl written
; compilation finished in 0:00:00.153
[undoing binding stack and other enclosing state... done]
[saving current Lisp image into sbcl.core:
writing 6352 bytes from the read-only space at 0x20000000
writing 4064 bytes from the static space at 0x20100000
writing 45301760 bytes from the dynamic space at 0x1000000000
done]
### START chameneosredux.sbcl-2.sbcl_run
(proclaim '(optimize (speed 3) (safety 0) (debug 0) (compilation-speed 0) (space 0)))
(main) (quit)
### END chameneosredux.sbcl-2.sbcl_run

1.15s to complete and log all make actions

COMMAND LINE:
/usr/local/bin/sbcl  --noinform --core sbcl.core --userinit /dev/null --load chameneosredux.sbcl-2.sbcl_run 6000000

PROGRAM OUTPUT:
blue + blue -> blue
blue + red -> yellow
blue + yellow -> red
red + blue -> yellow
red + red -> red
red + yellow -> blue
yellow + blue -> red
yellow + red -> blue
yellow + yellow -> yellow

 blue red yellow
3986455 zero
4014207 zero
3999338 zero
 one two zero zero zero zero zero zero

 blue red yellow red yellow blue red yellow red blue
1209513 zero
1214138 zero
1221174 zero
1210960 zero
1199728 zero
1178183 zero
1195532 zero
1196266 zero
1187218 zero
1187288 zero
 one two zero zero zero zero zero zero

