
Fri, 25 Mar 2011 16:20:14 GMT

MAKE:
mv chameneosredux.ghc-4.ghc chameneosredux.ghc-4.hs
/usr/local/src/ghc-7.0.2/bin/ghc --make -O2 -XBangPatterns -rtsopts -XGeneralizedNewtypeDeriving -fvia-C -optc-O3 -threaded chameneosredux.ghc-4.hs -o chameneosredux.ghc-4.ghc_run
[1 of 1] Compiling Main             ( chameneosredux.ghc-4.hs, chameneosredux.ghc-4.o )

on the commandline:
    Warning: The -fvia-C flag will be removed in a future GHC release
Linking chameneosredux.ghc-4.ghc_run ...
rm chameneosredux.ghc-4.hs
2.06s to complete and log all make actions

COMMAND LINE:
./chameneosredux.ghc-4.ghc_run +RTS -N4 -RTS 6000000

PROGRAM OUTPUT:
blue + blue -> blue
blue + red -> yellow
blue + yellow -> red
red + blue -> yellow
red + red -> red
red + yellow -> blue
yellow + blue -> red
yellow + red -> blue
yellow + yellow -> yellow

 blue red yellow
4163472 zero
4076655 zero
3759873 zero
 one two zero zero zero zero zero zero

 blue red yellow red yellow blue red yellow red blue
1199999 zero
1199999 zero
1199999 zero
1199999 zero
1200000 zero
1200001 zero
1200001 zero
1200001 zero
1200001 zero
1200000 zero
 one two zero zero zero zero zero zero

