
Sun, 01 May 2011 04:30:30 GMT

MAKE:
/usr/bin/gcc -pipe -Wall -O3 -fomit-frame-pointer -march=native -lpthread chameneosredux.gcc-2.c -o chameneosredux.gcc-2.gcc_run
rm chameneosredux.gcc-2.c
0.17s to complete and log all make actions

COMMAND LINE:
./chameneosredux.gcc-2.gcc_run 6000000

PROGRAM OUTPUT:
blue + blue -> blue
blue + red -> yellow
blue + yellow -> red
red + blue -> yellow
red + red -> red
red + yellow -> blue
yellow + blue -> red
yellow + red -> blue
yellow + yellow -> yellow

blue red yellow 
4007434 zero
3992795 zero
3999771 zero
 one two zero zero zero zero zero zero

blue red yellow red yellow blue red yellow red blue 
1185889 zero
1198139 zero
1200385 zero
1191170 zero
1213160 zero
1202042 zero
1193628 zero
1206962 zero
1206294 zero
1202331 zero
 one two zero zero zero zero zero zero

