
Wed, 28 Oct 2009 18:51:00 GMT

MAKE:
mv chameneosredux.ocaml-2.ocaml chameneosredux.ocaml-2.ml
/usr/local/bin/ocamlopt.opt -noassert -unsafe -fno-PIC -nodynlink -inline 100 -thread unix.cmxa threads.cmxa chameneosredux.ocaml-2.ml -o chameneosredux.ocaml-2.ocaml_run
File "chameneosredux.ocaml-2.ml", line 1, characters 0-1:
Warning X: bad source file name: "Chameneosredux.ocaml-2" is not a valid module name.
rm chameneosredux.ocaml-2.ml
0.14s to complete and log all make actions

COMMAND LINE:
./chameneosredux.ocaml-2.ocaml_run 6000000

PROGRAM OUTPUT:
blue + blue -> blue
blue + red -> yellow
blue + yellow -> red
red + blue -> yellow
red + red -> red
red + yellow -> blue
yellow + blue -> red
yellow + red -> blue
yellow + yellow -> yellow

 blue red yellow
4009621 zero
3996504 zero
3993875 zero
 one two zero zero zero zero zero zero

 blue red yellow red yellow blue red yellow red blue
1212136 zero
1213755 zero
1187436 zero
1199937 zero
1190527 zero
1184187 zero
1200616 zero
1199350 zero
1210693 zero
1201363 zero
 one two zero zero zero zero zero zero

