
Sat, 22 Aug 2009 19:46:18 GMT

MAKE:
/usr/bin/gcc -pipe -Wall -O3 -fomit-frame-pointer -march=native -W -std=c99 -pedantic -Os -m32 chameneosredux.gcc-3.c -o chameneosredux.gcc-3.gcc_run
In file included from /usr/include/features.h:354,
                 from /usr/include/stdio.h:28,
                 from chameneosredux.gcc-3.c:11:
/usr/include/gnu/stubs.h:7:27: error: gnu/stubs-32.h: No such file or directory
chameneosredux.gcc-3.c: In function ‘Creature_init’:
chameneosredux.gcc-3.c:90: warning: ignoring return value of ‘pipe’, declared with attribute warn_unused_result
chameneosredux.gcc-3.c:91: warning: ignoring return value of ‘pipe’, declared with attribute warn_unused_result
chameneosredux.gcc-3.c: In function ‘runCreature’:
chameneosredux.gcc-3.c:110: warning: ignoring return value of ‘write’, declared with attribute warn_unused_result
chameneosredux.gcc-3.c:111: warning: ignoring return value of ‘read’, declared with attribute warn_unused_result
chameneosredux.gcc-3.c:114: warning: ignoring return value of ‘write’, declared with attribute warn_unused_result
chameneosredux.gcc-3.c: In function ‘meet’:
chameneosredux.gcc-3.c:126: warning: ignoring return value of ‘write’, declared with attribute warn_unused_result
chameneosredux.gcc-3.c:127: warning: ignoring return value of ‘write’, declared with attribute warn_unused_result
chameneosredux.gcc-3.c: In function ‘doneMeetings’:
chameneosredux.gcc-3.c:135: warning: ignoring return value of ‘write’, declared with attribute warn_unused_result
chameneosredux.gcc-3.c:138: warning: ignoring return value of ‘read’, declared with attribute warn_unused_result
make: [chameneosredux.gcc-3.gcc_run] Error 1 (ignored)
rm chameneosredux.gcc-3.c
1.17s to complete and log all make actions

COMMAND LINE:
./chameneosredux.gcc-3.gcc_run 60000

MAKE ERROR 

