
Sun, 10 Apr 2011 04:14:49 GMT

COMMAND LINE:
/usr/local/src/ruby-1.9.2-p180/ruby chameneosredux.yarv 6000000

PROGRAM OUTPUT:
blue + blue -> blue
blue + red -> yellow
blue + yellow -> red
red + blue -> yellow
red + red -> red
red + yellow -> blue
yellow + blue -> red
yellow + red -> blue
yellow + yellow -> yellow

blue red yellow 
4024528 zero
3988913 zero
3986559 zero
 one two zero zero zero zero zero zero

blue red yellow red yellow blue red yellow red blue 
1204027 zero
1198409 zero
1199167 zero
1205808 zero
1200691 zero
1202176 zero
1201109 zero
1195973 zero
1203484 zero
1189156 zero
 one two zero zero zero zero zero zero

