
Mon, 22 Sep 2008 17:24:41 GMT

MAKE:
/opt/intel/fce/10.1.018/bin/ifort -O3 -ipo -static  fannkuch.f90 -o fannkuch.ifc_run
ipo: remark #11001: performing single-file optimizations
ipo: remark #11005: generating object file /tmp/ipo_ifortlquGfl.o
fannkuch.f90(24): (col. 3) remark: LOOP WAS VECTORIZED.
fannkuch.f90(37): (col. 9) remark: LOOP WAS VECTORIZED.
rm fannkuch.f90

COMMAND LINE:
./fannkuch.ifc_run 11

PROGRAM OUTPUT:
1234567891011
2134567891011
2314567891011
3214567891011
3124567891011
1324567891011
2341567891011
3241567891011
3421567891011
4321567891011
4231567891011
2431567891011
3412567891011
4312567891011
4132567891011
1432567891011
1342567891011
3142567891011
4123567891011
1423567891011
1243567891011
2143567891011
2413567891011
4213567891011
2345167891011
3245167891011
3425167891011
4325167891011
4235167891011
2435167891011
Pfannkuchen(11) = 51
