
Wed, 21 Oct 2009 09:59:18 GMT

MAKE:
mv fannkuch.jruby-3.jruby fannkuch.rb
0.01s to complete and log all make actions

COMMAND LINE:
/usr/local/src/jruby-1.4.0RC1/bin/jruby --fast -J-server  fannkuch.rb 10

TIMED OUT after 7200s


PROGRAM OUTPUT:
12345678910
21345678910
23145678910
32145678910
31245678910
13245678910
23415678910
32415678910
34215678910
43215678910
42315678910
24315678910
34125678910
43125678910
41325678910
14325678910
13425678910
31425678910
41235678910
14235678910
12435678910
21435678910
24135678910
42135678910
23451678910
32451678910
34251678910
43251678910
42351678910
24351678910
