
Mon, 15 Sep 2008 00:53:49 GMT

MAKE:
split_file.bash fannkuch.dats fannkuch.dats
/usr/local/src/ats-lang-anairiats-0.0.1/bin/atscc -D_ATS_MULTITHREAD -lpthread -pipe -Wall -O3 -fomit-frame-pointer -pipe -Wall -O3 -fomit-frame-pointer  fannkuch.dats -o fannkuch.ats-2.ats_run
/usr/local/src/ats-lang-anairiats-0.0.1/bin/atsopt --output fannkuch_dats.c --dynamic fannkuch.dats
GC initialization is done.
The 1st translation (fixity) of [fannkuch.dats] is successfully completed!
The 2nd translation (binding) of [fannkuch.dats] is successfully completed!
The 3rd translation (typechecking) of [fannkuch.dats] is successfully completed!
The 4th translation (proof erasure) of [fannkuch.dats] is successfully completed!
The 5th translation (code emission) of [fannkuch.dats] is successfully completed!
/usr/local/src/ats-lang-anairiats-0.0.1/ccomp/runtime/ats_prelude.c: In function ‘ats_caseof_failure’:
/usr/local/src/ats-lang-anairiats-0.0.1/ccomp/runtime/ats_prelude.c:99: warning: implicit declaration of function ‘ats_exit_errmsg’
/usr/local/src/ats-lang-anairiats-0.0.1/ccomp/runtime/ats_prelude.c: In function ‘ats_pthread_create_detached_cloptr’:
/usr/local/src/ats-lang-anairiats-0.0.1/ccomp/runtime/ats_prelude.c:480: warning: implicit declaration of function ‘pthread_create’
/usr/local/src/ats-lang-anairiats-0.0.1/ccomp/runtime/ats_prelude.c: In function ‘ats_pthread_exit’:
/usr/local/src/ats-lang-anairiats-0.0.1/ccomp/runtime/ats_prelude.c:503: warning: implicit declaration of function ‘pthread_exit’
In file included from fannkuch_dats.c:19:
/usr/local/src/ats-lang-anairiats-0.0.1/prelude/CATS/char.cats: In function ‘atspre_char_isblank’:
/usr/local/src/ats-lang-anairiats-0.0.1/prelude/CATS/char.cats:185: warning: implicit declaration of function ‘isblank’
In file included from fannkuch_dats.c:32:
/usr/local/src/ats-lang-anairiats-0.0.1/libc/CATS/pthread.cats:3:1: warning: "/*" within comment
/usr/local/src/ats-lang-anairiats-0.0.1/libc/CATS/pthread.cats:4:1: warning: "/*" within comment
/usr/local/src/ats-lang-anairiats-0.0.1/libc/CATS/pthread.cats:5:1: warning: "/*" within comment
/usr/local/src/ats-lang-anairiats-0.0.1/libc/CATS/pthread.cats:6:1: warning: "/*" within comment
/usr/local/src/ats-lang-anairiats-0.0.1/libc/CATS/pthread.cats:7:1: warning: "/*" within comment
In file included from fannkuch_dats.c:32:
/usr/local/src/ats-lang-anairiats-0.0.1/libc/CATS/pthread.cats: In function ‘atslib_pthread_mutex_init’:
/usr/local/src/ats-lang-anairiats-0.0.1/libc/CATS/pthread.cats:64: warning: ‘return’ with no value, in function returning non-void
fannkuch_dats.c: In function ‘print_intarr_0’:
fannkuch_dats.c:192: warning: label ‘__ats_lab_0’ defined but not used
fannkuch_dats.c:182: warning: label ‘__ats_lab_print_intarr_0’ defined but not used
fannkuch_dats.c: In function ‘perm_rotate_1’:
fannkuch_dats.c:219: warning: label ‘__ats_lab_2’ defined but not used
fannkuch_dats.c:208: warning: label ‘__ats_lab_perm_rotate_1’ defined but not used
fannkuch_dats.c: In function ‘perm_next_2’:
fannkuch_dats.c:251: warning: label ‘__ats_lab_5_0’ defined but not used
fannkuch_dats.c:243: warning: label ‘__ats_lab_4_1’ defined but not used
fannkuch_dats.c:242: warning: label ‘__ats_lab_4_0’ defined but not used
fannkuch_dats.c: In function ‘fannkuch_one_3’:
fannkuch_dats.c:347: warning: label ‘__ats_lab_8_0’ defined but not used
fannkuch_dats.c:338: warning: label ‘__ats_lab_7_0’ defined but not used
fannkuch_dats.c:331: warning: label ‘__ats_lab_6_1’ defined but not used
fannkuch_dats.c:330: warning: label ‘__ats_lab_6_0’ defined but not used
fannkuch_dats.c:327: warning: label ‘__ats_lab_fannkuch_one_3’ defined but not used
fannkuch_dats.c: In function ‘fannkuch_all_6’:
fannkuch_dats.c:403: warning: label ‘__ats_lab_fannkuch_all_6’ defined but not used
fannkuch_dats.c: In function ‘fannkuch_worker_9’:
fannkuch_dats.c:441: warning: label ‘__ats_lab_fannkuch_worker_9’ defined but not used
fannkuch_dats.c: In function ‘__ats_fun_12’:
fannkuch_dats.c:455: warning: label ‘__ats_lab___ats_fun_12’ defined but not used
fannkuch_dats.c: In function ‘fannkuch_locklst_gen_10’:
fannkuch_dats.c:555: warning: label ‘__ats_lab_fannkuch_locklst_gen_10’ defined but not used
fannkuch_dats.c: In function ‘loop_14’:
fannkuch_dats.c:616: warning: label ‘__ats_lab_10_1’ defined but not used
fannkuch_dats.c:586: warning: label ‘__ats_lab_9_1’ defined but not used
fannkuch_dats.c:584: warning: label ‘__ats_lab_9_0’ defined but not used
fannkuch_dats.c: In function ‘fannkuch_locklst_free_13’:
fannkuch_dats.c:628: warning: label ‘__ats_lab_fannkuch_locklst_free_13’ defined but not used
fannkuch_dats.c: In function ‘usage_15’:
fannkuch_dats.c:638: warning: label ‘__ats_lab_usage_15’ defined but not used
fannkuch_dats.c: In function ‘mainats’:
fannkuch_dats.c:697: warning: label ‘__ats_lab_mainats’ defined but not used
fannkuch_dats.c: In function ‘main’:
fannkuch_dats.c:768: warning: implicit declaration of function ‘ats_gc_init’
fannkuch_dats.c:769: warning: implicit declaration of function ‘mainats_prelude’
fannkuch_dats.c: At top level:
/usr/local/src/ats-lang-anairiats-0.0.1/prelude/CATS/pointer.cats:53: warning: ‘atspre_null_ptr’ defined but not used
/usr/local/src/ats-lang-anairiats-0.0.1/prelude/CATS/printf.cats:50: warning: ‘atspre_fprintf_err’ defined but not used
/usr/local/src/ats-lang-anairiats-0.0.1/prelude/CATS/printf.cats:61: warning: ‘atspre_fprintf_exn’ defined but not used
/usr/local/src/ats-lang-anairiats-0.0.1/prelude/CATS/printf.cats:73: warning: ‘atspre_printf_err’ defined but not used
/usr/local/src/ats-lang-anairiats-0.0.1/prelude/CATS/printf.cats:98: warning: ‘atspre_prerrf_exn’ defined but not used
/usr/local/src/ats-lang-anairiats-0.0.1/prelude/CATS/string.cats:308: warning: ‘atspre_string_tolower’ defined but not used
/usr/local/src/ats-lang-anairiats-0.0.1/prelude/CATS/string.cats:321: warning: ‘atspre_string_toupper’ defined but not used
/usr/local/src/ats-lang-anairiats-0.0.1/prelude/CATS/string.cats:337: warning: ‘atspre_stropt_none’ defined but not used
gcc -I/usr/local/src/ats-lang-anairiats-0.0.1/ -I/usr/local/src/ats-lang-anairiats-0.0.1/ccomp/runtime/ -L/usr/local/src/ats-lang-anairiats-0.0.1/ccomp/lib/ /usr/local/src/ats-lang-anairiats-0.0.1/ccomp/runtime/ats_prelude.c -D_ATS_MULTITHREAD -lpthread -pipe -Wall -O3 -fomit-frame-pointer -pipe -Wall -O3 -fomit-frame-pointer fannkuch_dats.c -o fannkuch.ats-2.ats_run -lats 

COMMAND LINE:
./fannkuch.ats-2.ats_run 9

PROGRAM FAILED 


PROGRAM OUTPUT:
123456789
213456789
231456789
321456789
312456789
132456789
234156789
324156789
342156789
432156789
423156789
243156789
341256789
431256789
413256789
143256789
134256789
314256789
412356789
142356789
124356789
214356789
241356789
421356789
234516789
324516789
342516789
432516789
423516789
243516789
