
Thu, 17 Feb 2011 17:31:57 GMT

MAKE:
cp: `fannkuchredux.sbcl-3.sbcl' and `./fannkuchredux.sbcl-3.sbcl' are the same file
SBCL built with: /usr/local/bin/sbcl --userinit /dev/null --batch --eval '(load "fannkuchredux.sbcl-3.sbcl_compile")'
### START fannkuchredux.sbcl-3.sbcl_compile
(handler-bind ((sb-ext:defconstant-uneql      (lambda (c) (abort c))))      (load (compile-file "fannkuchredux.sbcl-3.sbcl" ))) (save-lisp-and-die "sbcl.core" :purify t)
### END fannkuchredux.sbcl-3.sbcl_compile


; compiling file "/home/dunham/shootout/bench/fannkuchredux/fannkuchredux.sbcl-3.sbcl" (written 17 FEB 2011 08:52:28 AM):
; compiling (DECLAIM (OPTIMIZE # ...))
; compiling (DEFMACRO SB ...)
; compiling (DEFTYPE SB ...)
; compiling (DEFMACRO SETLAMBDA ...)
; compiling (DEFMACRO COUNTFLIPLAMBDA ...)
; compiling (DEFUN FANNKUCH ...)
; compiling (DEFUN MAIN ...)

; /home/dunham/benchmarksgame_onecore/fannkuchredux/tmp/fannkuchredux.sbcl-3.fasl written
; compilation finished in 0:00:00.050
[undoing binding stack and other enclosing state... done]
[saving current Lisp image into sbcl.core:
writing 6352 bytes from the read-only space at 0x20000000
writing 4064 bytes from the static space at 0x20100000
writing 45514752 bytes from the dynamic space at 0x1000000000
done]
### START fannkuchredux.sbcl-3.sbcl_run
(main) (quit)
### END fannkuchredux.sbcl-3.sbcl_run

1.01s to complete and log all make actions

COMMAND LINE:
/usr/local/bin/sbcl  --noinform --core sbcl.core --userinit /dev/null --load fannkuchredux.sbcl-3.sbcl_run 12

PROGRAM OUTPUT:
3968050
Pfannkuchen(12) = 65
