
Mon, 10 Nov 2008 23:34:48 GMT

MAKE:
mv fannkuch.scala fannkuch.scala
mv: `fannkuch.scala' and `fannkuch.scala' are the same file
make: [fannkuch.scala_run] Error 1 (ignored)
/usr/local/src/scala-2.7.2.final/bin/scalac -optimise fannkuch.scala
fannkuch.scala:13: warning: match is not exhaustive!
missing combination            Nil

  def flips(l: List[int]): int = l match {
                                 ^
warning: there were deprecation warnings; re-run with -deprecation for details
two warnings found
2.57s to complete and log all make actions

COMMAND LINE:
 /usr/local/src/scala-2.7.2.final/bin/scala -howtorun object fannkuch 11

PROGRAM OUTPUT:
1234567891011
2134567891011
2314567891011
3214567891011
3124567891011
1324567891011
2341567891011
3241567891011
3421567891011
4321567891011
4231567891011
2431567891011
3412567891011
4312567891011
4132567891011
1432567891011
1342567891011
3142567891011
4123567891011
1423567891011
1243567891011
2143567891011
2413567891011
4213567891011
2345167891011
3245167891011
3425167891011
4325167891011
4235167891011
2435167891011
Pfannkuchen(11) = 51
