
Sat, 27 Jun 2009 22:49:20 GMT

MAKE:
mv fannkuch.fsharp-4.fsharp fannkuch.fsharp-4.fs
/usr/local/bin/mono /usr/local/src/FSharp-1.9.6.16/bin/fsc.exe --target:exe -O  -o fannkuch.fsharp-4.fsharp_run.exe fannkuch.fsharp-4.fs
Microsoft F# Compiler, (c) Microsoft Corporation, All Rights Reserved
F# Version 1.9.6.16, compiling for .NET Framework Version v2.0.50727

\home\dunham\Documents\benchmarksgame_onecore\fannkuch\tmp\fannkuch.fsharp-4.fs(9,1): warning FS0191: The declarations in this file will be placed in an implicit module 'Fannkuch.fsharp-4' based on the file name 'fannkuch.fsharp-4.fs'. However this is not a valid F# identifier, so the contents will not be accessible from other files. Consider renaming the file or adding a 'module' or 'namespace' declaration at the top of the file
rm fannkuch.fsharp-4.fs
7.64s to complete and log all make actions

COMMAND LINE:
/usr/local/bin/mono fannkuch.fsharp-4.fsharp_run.exe 12

PROGRAM OUTPUT:
123456789101112
213456789101112
231456789101112
321456789101112
312456789101112
132456789101112
234156789101112
324156789101112
342156789101112
432156789101112
423156789101112
243156789101112
341256789101112
431256789101112
413256789101112
143256789101112
134256789101112
314256789101112
412356789101112
142356789101112
124356789101112
214356789101112
241356789101112
421356789101112
234516789101112
324516789101112
342516789101112
432516789101112
423516789101112
243516789101112
Pfannkuchen(12) = 65
