
Wed, 16 Feb 2011 07:53:59 GMT

MAKE:
cp: `fannkuchredux.sbcl-2.sbcl' and `./fannkuchredux.sbcl-2.sbcl' are the same file
SBCL built with: /usr/local/bin/sbcl --userinit /dev/null --batch --eval '(load "fannkuchredux.sbcl-2.sbcl_compile")'
### START fannkuchredux.sbcl-2.sbcl_compile
(handler-bind ((sb-ext:defconstant-uneql      (lambda (c) (abort c))))      (load (compile-file "fannkuchredux.sbcl-2.sbcl" ))) (save-lisp-and-die "sbcl.core" :purify t)
### END fannkuchredux.sbcl-2.sbcl_compile


; compiling file "/home/dunham/shootout/bench/fannkuchredux/fannkuchredux.sbcl-2.sbcl" (written 15 FEB 2011 10:20:24 PM):
; compiling (DECLAIM (OPTIMIZE # ...))
; compiling (DEFUN FANNKUCH ...)
; file: /home/dunham/shootout/bench/fannkuchredux/fannkuchredux.sbcl-2.sbcl
; in: DEFUN FANNKUCH
;     (+ CSUM
;        (IF (EVENP NUM)
;            C
;            (- C)))
; 
; note: unable to
;   optimize
; due to type uncertainty:
;   The first argument is a NUMBER, not a FLOAT.

;     (EVENP NUM)
; --> NOT IF LOGTEST NOT IF ZEROP = 
; ==>
;   (LOGAND SB-C::X SB-C::Y)
; 
; note: forced to do static-fun Two-arg-and (cost 53)
;       unable to do inline fixnum arithmetic (cost 1) because:
;       The first argument is a UNSIGNED-BYTE, not a FIXNUM.
;       unable to do inline fixnum arithmetic (cost 2) because:
;       The first argument is a UNSIGNED-BYTE, not a FIXNUM.
;       etc.

;     (+ CSUM
;        (IF (EVENP NUM)
;            C
;            (- C)))
; 
; note: forced to do GENERIC-+ (cost 10)
;       unable to do inline fixnum arithmetic (cost 2) because:
;       The first argument is a NUMBER, not a FIXNUM.
;       The result is a (VALUES NUMBER &OPTIONAL), not a (VALUES FIXNUM &REST T).
;       unable to do inline (signed-byte 64) arithmetic (cost 5) because:
;       The first argument is a NUMBER, not a (SIGNED-BYTE 64).
;       The result is a (VALUES NUMBER &OPTIONAL), not a (VALUES (SIGNED-BYTE 64)
;                                                                &REST T).
;       etc.

;     (INCF NUM)
; --> LET* 
; ==>
;   (+ NUM #:G18)
; 
; note: forced to do GENERIC-+ (cost 10)
;       unable to do inline fixnum arithmetic (cost 1) because:
;       The first argument is a UNSIGNED-BYTE, not a FIXNUM.
;       The result is a (VALUES (INTEGER 1) &OPTIONAL), not a (VALUES FIXNUM
;                                                                     &REST T).
;       unable to do inline fixnum arithmetic (cost 2) because:
;       The first argument is a UNSIGNED-BYTE, not a FIXNUM.
;       The result is a (VALUES (INTEGER 1) &OPTIONAL), not a (VALUES FIXNUM
;                                                                     &REST T).
;       etc.

; compiling (DEFUN MAIN ...); 
; compilation unit finished
;   printed 4 notes


; /home/dunham/benchmarksgame_onecore/fannkuchredux/tmp/fannkuchredux.sbcl-2.fasl written
; compilation finished in 0:00:00.032
[undoing binding stack and other enclosing state... done]
[saving current Lisp image into sbcl.core:
writing 6352 bytes from the read-only space at 0x20000000
writing 4064 bytes from the static space at 0x20100000
writing 45666304 bytes from the dynamic space at 0x1000000000
done]
### START fannkuchredux.sbcl-2.sbcl_run
(main) (quit)
### END fannkuchredux.sbcl-2.sbcl_run

1.02s to complete and log all make actions

COMMAND LINE:
/usr/local/bin/sbcl  --noinform --core sbcl.core --userinit /dev/null --load fannkuchredux.sbcl-2.sbcl_run 12

PROGRAM OUTPUT:
3968050
Pfannkuchen(12) = 65
