
Tue, 23 Mar 2010 07:28:03 GMT

MAKE:
mv knucleotide.ghc-2.ghc knucleotide.ghc-2.hs
/usr/local/src/ghc-6.12.1/bin/ghc --make -O2 -fglasgow-exts -fvia-C -optc-O3 -threaded knucleotide.ghc-2.hs -o knucleotide.ghc-2.ghc_run
[1 of 1] Compiling Main             ( knucleotide.ghc-2.hs, knucleotide.ghc-2.o )

knucleotide.ghc-2.hs:1:11:
    Warning: -fbang-patterns is deprecated: use -XBangPatterns or pragma {-# LANGUAGE BangPatterns #-} instead

knucleotide.ghc-2.hs:11:0:
    Warning: Module `GHC.IOBase' is deprecated: use GHC.IO instead

knucleotide.ghc-2.hs:21:0:
    Warning: In the use of `S.findSubstring'
             (imported from Data.ByteString.Char8, but defined in Data.ByteString):
             Deprecated: "findSubstring is deprecated in favour of breakSubstring."

knucleotide.ghc-2.hs:150:4:
    Warning: Bindings containing unlifted types must use an outermost bang pattern:
                 { lim = p `plusAddr#` size }
             *** This will be an error in GHC 6.14! Fix your code now!
    In the definition of `htHash':
        htHash (I# max) (I# size) (ptr@(Ptr p))
                 = abs . inlinePerformIO . IO $ go p 0#
                 where
                     lim = p `plusAddr#` size
                     go p acc !s
                          | p `geAddr#` lim = (# s, I# (acc `remInt#` max) #)
                          | otherwise
                          = case readInt8OffAddr# p 0# s of {
                              (# s, i #) -> go (p `plusAddr#` 1#) (5# *# acc +# i) s }
Linking knucleotide.ghc-2.ghc_run ...
rm knucleotide.ghc-2.hs
2.99s to complete and log all make actions

COMMAND LINE:
./knucleotide.ghc-2.ghc_run +RTS -N4 -RTS 0 < knucleotide-input2500000.txt

TIMED OUT after 3600s


PROGRAM OUTPUT:
