
Tue, 09 Sep 2008 08:59:39 GMT

MAKE:
/usr/bin/nicec -d . --sourcepath ".:.." -a knucleotide.jar tmp
nice.lang: parsing
Include: parsing
tmp: parsing
tmp: typechecking
tmp: generating code
tmp: linking
tmp: writing in archive
Include: writing in archive
nice.lang: writing in archive

COMMAND LINE:
/usr/bin/java -server -jar knucleotide.jar 0 < knucleotide-input500000.txt

PROGRAM FAILED 


PROGRAM OUTPUT:
#
# An unexpected error has been detected by Java Runtime Environment:
#
#  SIGSEGV (0xb) at pc=0x00007fdc4129252f, pid=13144, tid=1078683984
#
# Java VM: Java HotSpot(TM) 64-Bit Server VM (10.0-b22 mixed mode linux-amd64)
# Problematic frame:
# V  [libjvm.so+0x45d52f]
#
# An error report file with more information is saved as:
# /home/dunham/Documents/benchmarksgame_onecore/knucleotide/tmp/hs_err_pid13144.log
#
# If you would like to submit a bug report, please visit:
#   http://java.sun.com/webapps/bugreport/crash.jsp
#
