
Tue, 09 Sep 2008 07:20:28 GMT

MAKE:
mv knucleotide.pike knucleotide.pike
mv: `knucleotide.pike' and `knucleotide.pike' are the same file
make: [knucleotide.pike_run] Error 1 (ignored)
/usr/bin/pike -x dump knucleotide.pike

COMMAND LINE:
/usr/bin/pike knucleotide.pike 0 < knucleotide-input5000000.txt

PROGRAM OUTPUT:
A 30.296
T 30.149
C 19.800
G 19.754

AA 9.177
TA 9.132
AT 9.130
TT 9.091
CA 6.002
AC 6.001
AG 5.987
GA 5.984
CT 5.971
TC 5.971
GT 5.957
TG 5.956
CC 3.917
GC 3.911
CG 3.909
GG 3.902

294331	GGT
89290	GGTA
9462	GGTATT
178	GGTATTTTAATT
178	GGTATTTTAATTTATAGT
