
Wed, 05 Nov 2008 18:30:29 GMT

MAKE:
mv knucleotide.hipe-2.hipe knucleotide.erl
/usr/local/src/otp_src_R12B-5_nosmp/bin/erlc +native +"{hipe, [o3]}"  knucleotide.erl
0.74s to complete and log all make actions

COMMAND LINE:
/usr/local/src/otp_src_R12B-5_nosmp/bin/erl -smp disable -noshell -run  knucleotide main 0 < knucleotide-input5000000.txt

PROGRAM OUTPUT:
A 30.296
T 30.149
C 19.800
G 19.754

AA 9.177
TA 9.132
AT 9.130
TT 9.091
CA 6.002
AC 6.001
AG 5.987
GA 5.984
CT 5.971
TC 5.971
GT 5.957
TG 5.956
CC 3.917
GC 3.911
CG 3.909
GG 3.902

294331	GGT
89290	GGTA
9462	GGTATT
178	GGTATTTTAATT
178	GGTATTTTAATTTATAGT
