
Sun, 21 Feb 2010 00:20:44 GMT

MAKE:
mv meteor.clean-2.clean meteor.icl
/usr/local/src/clean/bin/clm -b -nt -IL ArgEnv -I Include/clean -h 32m -IL StdLib meteor -o meteor.clean-2.clean_run
Warning [meteor,253,atCell;46]: function may fail
Compiling meteor
Generating code for meteor
Generating code for StdLibMisc
Generating code for StdArrayExtensions
Generating code for StdListExtensions
Generating code for StdMaybe
Generating code for StdLib
Linking meteor
0.23s to complete and log all make actions

COMMAND LINE:
./meteor.clean-2.clean_run  2098

PROGRAM OUTPUT:
2098 solutions found

0 0 0 0 1 
 2 2 2 0 1 
2 6 6 1 1 
 2 6 1 5 5 
8 6 5 5 5 
 8 6 3 3 3 
4 8 8 9 3 
 4 4 8 9 3 
4 7 4 7 9 
 7 7 7 9 9 

9 9 9 9 8 
 9 6 6 8 5 
6 6 8 8 5 
 6 8 2 5 5 
7 7 7 2 5 
 7 4 7 2 0 
1 4 2 2 0 
 1 4 4 0 3 
1 4 0 0 3 
 1 1 3 3 3 

