
Sun, 01 May 2011 09:28:03 GMT

MAKE:
/usr/bin/gnatchop -r -w nbody.gnat-3.gnat
splitting nbody.gnat-3.gnat into:
   nbody.adb
   nbody_pck.ads
   nbody_pck.adb
/usr/bin/gnatmake -gnatNp -O3 -fomit-frame-pointer -march=native -mfpmath=sse -msse2 -f nbody.adb -o nbody.gnat-3.gnat_run 
gcc-4.4 -c -gnatNp -O3 -fomit-frame-pointer -march=native -mfpmath=sse -msse2 nbody.adb
gcc-4.4 -c -gnatNp -O3 -fomit-frame-pointer -march=native -mfpmath=sse -msse2 nbody_pck.adb
nbody.gnat-3.gnat: In function ‘Nbody_Pck.Energy’:
nbody.gnat-3.gnat:67: warning: comparison always true due to limited range of data type
gnatbind -x nbody.ali
gnatlink nbody.ali -fomit-frame-pointer -march=native -mfpmath=sse -msse2 -o nbody.gnat-3.gnat_run
0.90s to complete and log all make actions

COMMAND LINE:
./nbody.gnat-3.gnat_run 50000000

PROGRAM OUTPUT:
-0.169075164
-0.169059907
