
Sat, 23 Oct 2010 00:17:34 GMT

MAKE:
/usr/bin/gnatchop -r -w regexdna.gnat-3.gnat
splitting regexdna.gnat-3.gnat into:
   regexdna.adb
/usr/bin/gnatmake -a -gnatnp -O3 -fomit-frame-pointer -march=native -mfpmath=sse -msse2 -f regexdna.adb -o regexdna.gnat-3.gnat_run 
gcc-4.4 -c -gnatnp -O3 -fomit-frame-pointer -march=native -mfpmath=sse -msse2 regexdna.adb
gcc-4.4 -gnatpg -c -I./ -gnatnp -O3 -fomit-frame-pointer -march=native -mfpmath=sse -msse2 -I- /usr/lib/gcc/x86_64-linux-gnu/4.4.3/adainclude/s-stalib.adb
gcc-4.4 -gnatpg -c -I./ -gnatnp -O3 -fomit-frame-pointer -march=native -mfpmath=sse -msse2 -I- /usr/lib/gcc/x86_64-linux-gnu/4.4.3/adainclude/ada.ads
gcc-4.4 -gnatpg -c -I./ -gnatnp -O3 -fomit-frame-pointer -march=native -mfpmath=sse -msse2 -I- /usr/lib/gcc/x86_64-linux-gnu/4.4.3/adainclude/a-except.adb
gcc-4.4 -gnatpg -c -I./ -gnatnp -O3 -fomit-frame-pointer -march=native -mfpmath=sse -msse2 -I- /usr/lib/gcc/x86_64-linux-gnu/4.4.3/adainclude/a-inteio.ads
gcc-4.4 -gnatpg -c -I./ -gnatnp -O3 -fomit-frame-pointer -march=native -mfpmath=sse -msse2 -I- /usr/lib/gcc/x86_64-linux-gnu/4.4.3/adainclude/a-string.ads
gcc-4.4 -gnatpg -c -I./ -gnatnp -O3 -fomit-frame-pointer -march=native -mfpmath=sse -msse2 -I- /usr/lib/gcc/x86_64-linux-gnu/4.4.3/adainclude/a-strunb.adb
gcc-4.4 -gnatpg -c -I./ -gnatnp -O3 -fomit-frame-pointer -march=native -mfpmath=sse -msse2 -I- /usr/lib/gcc/x86_64-linux-gnu/4.4.3/adainclude/a-tags.adb
gcc-4.4 -gnatpg -c -I./ -gnatnp -O3 -fomit-frame-pointer -march=native -mfpmath=sse -msse2 -I- /usr/lib/gcc/x86_64-linux-gnu/4.4.3/adainclude/a-textio.adb
gcc-4.4 -c -I./ -gnatnp -O3 -fomit-frame-pointer -march=native -mfpmath=sse -msse2 -I- /usr/lib/gcc/x86_64-linux-gnu/4.4.3/adainclude/gnat.ads
gcc-4.4 -c -I./ -gnatnp -O3 -fomit-frame-pointer -march=native -mfpmath=sse -msse2 -I- /usr/lib/gcc/x86_64-linux-gnu/4.4.3/adainclude/g-regpat.ads
gcc-4.4 -gnatpg -c -I./ -gnatnp -O3 -fomit-frame-pointer -march=native -mfpmath=sse -msse2 -I- /usr/lib/gcc/x86_64-linux-gnu/4.4.3/adainclude/system.ads
gcc-4.4 -gnatpg -c -I./ -gnatnp -O3 -fomit-frame-pointer -march=native -mfpmath=sse -msse2 -I- /usr/lib/gcc/x86_64-linux-gnu/4.4.3/adainclude/s-finimp.adb
gcc-4.4 -gnatpg -c -I./ -gnatnp -O3 -fomit-frame-pointer -march=native -mfpmath=sse -msse2 -I- /usr/lib/gcc/x86_64-linux-gnu/4.4.3/adainclude/s-finroo.adb
gcc-4.4 -gnatpg -c -I./ -gnatnp -O3 -fomit-frame-pointer -march=native -mfpmath=sse -msse2 -I- /usr/lib/gcc/x86_64-linux-gnu/4.4.3/adainclude/s-parame.adb
gcc-4.4 -gnatpg -c -I./ -gnatnp -O3 -fomit-frame-pointer -march=native -mfpmath=sse -msse2 -I- /usr/lib/gcc/x86_64-linux-gnu/4.4.3/adainclude/s-secsta.adb
gcc-4.4 -gnatpg -c -I./ -gnatnp -O3 -fomit-frame-pointer -march=native -mfpmath=sse -msse2 -I- /usr/lib/gcc/x86_64-linux-gnu/4.4.3/adainclude/s-soflin.adb
gcc-4.4 -gnatpg -c -I./ -gnatnp -O3 -fomit-frame-pointer -march=native -mfpmath=sse -msse2 -I- /usr/lib/gcc/x86_64-linux-gnu/4.4.3/adainclude/s-stalib.adb
gcc-4.4 -gnatpg -c -I./ -gnatnp -O3 -fomit-frame-pointer -march=native -mfpmath=sse -msse2 -I- /usr/lib/gcc/x86_64-linux-gnu/4.4.3/adainclude/s-stoele.adb
gcc-4.4 -gnatpg -c -I./ -gnatnp -O3 -fomit-frame-pointer -march=native -mfpmath=sse -msse2 -I- /usr/lib/gcc/x86_64-linux-gnu/4.4.3/adainclude/s-memory.adb
gcc-4.4 -gnatpg -c -I./ -gnatnp -O3 -fomit-frame-pointer -march=native -mfpmath=sse -msse2 -I- /usr/lib/gcc/x86_64-linux-gnu/4.4.3/adainclude/a-elchha.adb
gcc-4.4 -gnatpg -c -I./ -gnatnp -O3 -fomit-frame-pointer -march=native -mfpmath=sse -msse2 -I- /usr/lib/gcc/x86_64-linux-gnu/4.4.3/adainclude/s-exctab.adb
gcc-4.4 -gnatpg -c -I./ -gnatnp -O3 -fomit-frame-pointer -march=native -mfpmath=sse -msse2 -I- /usr/lib/gcc/x86_64-linux-gnu/4.4.3/adainclude/s-except.adb
gcc-4.4 -gnatpg -c -I./ -gnatnp -O3 -fomit-frame-pointer -march=native -mfpmath=sse -msse2 -I- /usr/lib/gcc/x86_64-linux-gnu/4.4.3/adainclude/s-strops.adb
gcc-4.4 -gnatpg -c -I./ -gnatnp -O3 -fomit-frame-pointer -march=native -mfpmath=sse -msse2 -I- /usr/lib/gcc/x86_64-linux-gnu/4.4.3/adainclude/s-sopco3.adb
gcc-4.4 -gnatpg -c -I./ -gnatnp -O3 -fomit-frame-pointer -march=native -mfpmath=sse -msse2 -I- /usr/lib/gcc/x86_64-linux-gnu/4.4.3/adainclude/s-traceb.adb
gcc-4.4 -gnatpg -c -I./ -gnatnp -O3 -fomit-frame-pointer -march=native -mfpmath=sse -msse2 -I- /usr/lib/gcc/x86_64-linux-gnu/4.4.3/adainclude/s-unstyp.ads
gcc-4.4 -gnatpg -c -I./ -gnatnp -O3 -fomit-frame-pointer -march=native -mfpmath=sse -msse2 -I- /usr/lib/gcc/x86_64-linux-gnu/4.4.3/adainclude/s-wchcon.adb
gcc-4.4 -gnatpg -c -I./ -gnatnp -O3 -fomit-frame-pointer -march=native -mfpmath=sse -msse2 -I- /usr/lib/gcc/x86_64-linux-gnu/4.4.3/adainclude/s-wchstw.adb
gcc-4.4 -gnatpg -c -I./ -gnatnp -O3 -fomit-frame-pointer -march=native -mfpmath=sse -msse2 -I- /usr/lib/gcc/x86_64-linux-gnu/4.4.3/adainclude/s-traent.adb
gcc-4.4 -gnatpg -c -I./ -gnatnp -O3 -fomit-frame-pointer -march=native -mfpmath=sse -msse2 -I- /usr/lib/gcc/x86_64-linux-gnu/4.4.3/adainclude/a-tiinau.adb
gcc-4.4 -gnatpg -c -I./ -gnatnp -O3 -fomit-frame-pointer -march=native -mfpmath=sse -msse2 -I- /usr/lib/gcc/x86_64-linux-gnu/4.4.3/adainclude/a-strfix.adb
gcc-4.4 -gnatpg -c -I./ -gnatnp -O3 -fomit-frame-pointer -march=native -mfpmath=sse -msse2 -I- /usr/lib/gcc/x86_64-linux-gnu/4.4.3/adainclude/a-strsea.adb
gcc-4.4 -gnatpg -c -I./ -gnatnp -O3 -fomit-frame-pointer -march=native -mfpmath=sse -msse2 -I- /usr/lib/gcc/x86_64-linux-gnu/4.4.3/adainclude/s-carun8.adb
gcc-4.4 -gnatpg -c -I./ -gnatnp -O3 -fomit-frame-pointer -march=native -mfpmath=sse -msse2 -I- /usr/lib/gcc/x86_64-linux-gnu/4.4.3/adainclude/a-finali.adb
gcc-4.4 -gnatpg -c -I./ -gnatnp -O3 -fomit-frame-pointer -march=native -mfpmath=sse -msse2 -I- /usr/lib/gcc/x86_64-linux-gnu/4.4.3/adainclude/a-stream.ads
gcc-4.4 -gnatpg -c -I./ -gnatnp -O3 -fomit-frame-pointer -march=native -mfpmath=sse -msse2 -I- /usr/lib/gcc/x86_64-linux-gnu/4.4.3/adainclude/a-strmap.adb
gcc-4.4 -gnatpg -c -I./ -gnatnp -O3 -fomit-frame-pointer -march=native -mfpmath=sse -msse2 -I- /usr/lib/gcc/x86_64-linux-gnu/4.4.3/adainclude/s-stratt.adb
gcc-4.4 -gnatpg -c -I./ -gnatnp -O3 -fomit-frame-pointer -march=native -mfpmath=sse -msse2 -I- /usr/lib/gcc/x86_64-linux-gnu/4.4.3/adainclude/s-htable.adb
gcc-4.4 -gnatpg -c -I./ -gnatnp -O3 -fomit-frame-pointer -march=native -mfpmath=sse -msse2 -I- /usr/lib/gcc/x86_64-linux-gnu/4.4.3/adainclude/s-valllu.adb
gcc-4.4 -gnatpg -c -I./ -gnatnp -O3 -fomit-frame-pointer -march=native -mfpmath=sse -msse2 -I- /usr/lib/gcc/x86_64-linux-gnu/4.4.3/adainclude/interfac.ads
gcc-4.4 -gnatpg -c -I./ -gnatnp -O3 -fomit-frame-pointer -march=native -mfpmath=sse -msse2 -I- /usr/lib/gcc/x86_64-linux-gnu/4.4.3/adainclude/i-cstrea.adb
gcc-4.4 -gnatpg -c -I./ -gnatnp -O3 -fomit-frame-pointer -march=native -mfpmath=sse -msse2 -I- /usr/lib/gcc/x86_64-linux-gnu/4.4.3/adainclude/s-crtl.ads
gcc-4.4 -gnatpg -c -I./ -gnatnp -O3 -fomit-frame-pointer -march=native -mfpmath=sse -msse2 -I- /usr/lib/gcc/x86_64-linux-gnu/4.4.3/adainclude/s-fileio.adb
gcc-4.4 -gnatpg -c -I./ -gnatnp -O3 -fomit-frame-pointer -march=native -mfpmath=sse -msse2 -I- /usr/lib/gcc/x86_64-linux-gnu/4.4.3/adainclude/s-wchcnv.adb
gcc-4.4 -gnatpg -c -I./ -gnatnp -O3 -fomit-frame-pointer -march=native -mfpmath=sse -msse2 -I- /usr/lib/gcc/x86_64-linux-gnu/4.4.3/adainclude/a-ioexce.ads
gcc-4.4 -gnatpg -c -I./ -gnatnp -O3 -fomit-frame-pointer -march=native -mfpmath=sse -msse2 -I- /usr/lib/gcc/x86_64-linux-gnu/4.4.3/adainclude/s-ficobl.ads
gcc-4.4 -gnatpg -c -I./ -gnatnp -O3 -fomit-frame-pointer -march=native -mfpmath=sse -msse2 -I- /usr/lib/gcc/x86_64-linux-gnu/4.4.3/adainclude/s-regpat.adb
gcc-4.4 -gnatpg -c -I./ -gnatnp -O3 -fomit-frame-pointer -march=native -mfpmath=sse -msse2 -I- /usr/lib/gcc/x86_64-linux-gnu/4.4.3/adainclude/s-restri.adb
gcc-4.4 -gnatpg -c -I./ -gnatnp -O3 -fomit-frame-pointer -march=native -mfpmath=sse -msse2 -I- /usr/lib/gcc/x86_64-linux-gnu/4.4.3/adainclude/s-stache.adb
gcc-4.4 -gnatpg -c -I./ -gnatnp -O3 -fomit-frame-pointer -march=native -mfpmath=sse -msse2 -I- /usr/lib/gcc/x86_64-linux-gnu/4.4.3/adainclude/a-tigeau.adb
gcc-4.4 -gnatpg -c -I./ -gnatnp -O3 -fomit-frame-pointer -march=native -mfpmath=sse -msse2 -I- /usr/lib/gcc/x86_64-linux-gnu/4.4.3/adainclude/s-imgbiu.adb
gcc-4.4 -gnatpg -c -I./ -gnatnp -O3 -fomit-frame-pointer -march=native -mfpmath=sse -msse2 -I- /usr/lib/gcc/x86_64-linux-gnu/4.4.3/adainclude/s-imgint.adb
gcc-4.4 -gnatpg -c -I./ -gnatnp -O3 -fomit-frame-pointer -march=native -mfpmath=sse -msse2 -I- /usr/lib/gcc/x86_64-linux-gnu/4.4.3/adainclude/s-imgllb.adb
gcc-4.4 -gnatpg -c -I./ -gnatnp -O3 -fomit-frame-pointer -march=native -mfpmath=sse -msse2 -I- /usr/lib/gcc/x86_64-linux-gnu/4.4.3/adainclude/s-imglli.adb
gcc-4.4 -gnatpg -c -I./ -gnatnp -O3 -fomit-frame-pointer -march=native -mfpmath=sse -msse2 -I- /usr/lib/gcc/x86_64-linux-gnu/4.4.3/adainclude/s-imgllw.adb
gcc-4.4 -gnatpg -c -I./ -gnatnp -O3 -fomit-frame-pointer -march=native -mfpmath=sse -msse2 -I- /usr/lib/gcc/x86_64-linux-gnu/4.4.3/adainclude/s-imgwiu.adb
gcc-4.4 -gnatpg -c -I./ -gnatnp -O3 -fomit-frame-pointer -march=native -mfpmath=sse -msse2 -I- /usr/lib/gcc/x86_64-linux-gnu/4.4.3/adainclude/s-valint.adb
gcc-4.4 -gnatpg -c -I./ -gnatnp -O3 -fomit-frame-pointer -march=native -mfpmath=sse -msse2 -I- /usr/lib/gcc/x86_64-linux-gnu/4.4.3/adainclude/s-vallli.adb
gcc-4.4 -gnatpg -c -I./ -gnatnp -O3 -fomit-frame-pointer -march=native -mfpmath=sse -msse2 -I- /usr/lib/gcc/x86_64-linux-gnu/4.4.3/adainclude/s-addope.adb
gcc-4.4 -gnatpg -c -I./ -gnatnp -O3 -fomit-frame-pointer -march=native -mfpmath=sse -msse2 -I- /usr/lib/gcc/x86_64-linux-gnu/4.4.3/adainclude/s-bitops.adb
gcc-4.4 -gnatpg -c -I./ -gnatnp -O3 -fomit-frame-pointer -march=native -mfpmath=sse -msse2 -I- /usr/lib/gcc/x86_64-linux-gnu/4.4.3/adainclude/a-charac.ads
gcc-4.4 -gnatpg -c -I./ -gnatnp -O3 -fomit-frame-pointer -march=native -mfpmath=sse -msse2 -I- /usr/lib/gcc/x86_64-linux-gnu/4.4.3/adainclude/a-chlat1.ads
gcc-4.4 -gnatpg -c -I./ -gnatnp -O3 -fomit-frame-pointer -march=native -mfpmath=sse -msse2 -I- /usr/lib/gcc/x86_64-linux-gnu/4.4.3/adainclude/s-valuti.adb
gcc-4.4 -gnatpg -c -I./ -gnatnp -O3 -fomit-frame-pointer -march=native -mfpmath=sse -msse2 -I- /usr/lib/gcc/x86_64-linux-gnu/4.4.3/adainclude/i-c.adb
gcc-4.4 -gnatpg -c -I./ -gnatnp -O3 -fomit-frame-pointer -march=native -mfpmath=sse -msse2 -I- /usr/lib/gcc/x86_64-linux-gnu/4.4.3/adainclude/s-casuti.adb
gcc-4.4 -gnatpg -c -I./ -gnatnp -O3 -fomit-frame-pointer -march=native -mfpmath=sse -msse2 -I- /usr/lib/gcc/x86_64-linux-gnu/4.4.3/adainclude/s-os_lib.adb
gcc-4.4 -gnatpg -c -I./ -gnatnp -O3 -fomit-frame-pointer -march=native -mfpmath=sse -msse2 -I- /usr/lib/gcc/x86_64-linux-gnu/4.4.3/adainclude/s-wchjis.adb
gcc-4.4 -gnatpg -c -I./ -gnatnp -O3 -fomit-frame-pointer -march=native -mfpmath=sse -msse2 -I- /usr/lib/gcc/x86_64-linux-gnu/4.4.3/adainclude/a-filico.adb
gcc-4.4 -gnatpg -c -I./ -gnatnp -O3 -fomit-frame-pointer -march=native -mfpmath=sse -msse2 -I- /usr/lib/gcc/x86_64-linux-gnu/4.4.3/adainclude/a-chahan.adb
gcc-4.4 -gnatpg -c -I./ -gnatnp -O3 -fomit-frame-pointer -march=native -mfpmath=sse -msse2 -I- /usr/lib/gcc/x86_64-linux-gnu/4.4.3/adainclude/s-imgcha.adb
gcc-4.4 -gnatpg -c -I./ -gnatnp -O3 -fomit-frame-pointer -march=native -mfpmath=sse -msse2 -I- /usr/lib/gcc/x86_64-linux-gnu/4.4.3/adainclude/s-imenne.adb
gcc-4.4 -gnatpg -c -I./ -gnatnp -O3 -fomit-frame-pointer -march=native -mfpmath=sse -msse2 -I- /usr/lib/gcc/x86_64-linux-gnu/4.4.3/adainclude/s-io.adb
gcc-4.4 -gnatpg -c -I./ -gnatnp -O3 -fomit-frame-pointer -march=native -mfpmath=sse -msse2 -I- /usr/lib/gcc/x86_64-linux-gnu/4.4.3/adainclude/s-sopco4.adb
gcc-4.4 -gnatpg -c -I./ -gnatnp -O3 -fomit-frame-pointer -march=native -mfpmath=sse -msse2 -I- /usr/lib/gcc/x86_64-linux-gnu/4.4.3/adainclude/s-sopco5.adb
gcc-4.4 -gnatpg -c -I./ -gnatnp -O3 -fomit-frame-pointer -march=native -mfpmath=sse -msse2 -I- /usr/lib/gcc/x86_64-linux-gnu/4.4.3/adainclude/s-valuns.adb
gcc-4.4 -gnatpg -c -I./ -gnatnp -O3 -fomit-frame-pointer -march=native -mfpmath=sse -msse2 -I- /usr/lib/gcc/x86_64-linux-gnu/4.4.3/adainclude/s-string.adb
gcc-4.4 -gnatpg -c -I./ -gnatnp -O3 -fomit-frame-pointer -march=native -mfpmath=sse -msse2 -I- /usr/lib/gcc/x86_64-linux-gnu/4.4.3/adainclude/a-stmaco.ads
gnatbind -x regexdna.ali
gnatlink regexdna.ali -fomit-frame-pointer -march=native -mfpmath=sse -msse2 -o regexdna.gnat-3.gnat_run
13.61s to complete and log all make actions

COMMAND LINE:
./regexdna.gnat-3.gnat_run 0 < regexdna-input50000.txt

PROGRAM FAILED 


PROGRAM OUTPUT:


raised STORAGE_ERROR : stack overflow (or erroneous memory access)
