
Wed, 10 Nov 2010 20:24:19 GMT

MAKE:
mv regexdna.scala-4.scala regexdna.scala
/usr/local/src/scala-2.8.1.final/bin/scalac regexdna.scala
5.90s to complete and log all make actions

COMMAND LINE:
env JAVA_OPTS=-Xmx1024m /usr/local/src/jdk1.6.0_18/bin/java -server  -Xbootclasspath/a:/usr/local/src/scala-2.8.1.final/lib/scala-library.jar regexdna 0 < regexdna-input5000000.txt

PROGRAM OUTPUT:
agggtaaa|tttaccct 356
[cgt]gggtaaa|tttaccc[acg] 1250
a[act]ggtaaa|tttacc[agt]t 4252
ag[act]gtaaa|tttac[agt]ct 2894
agg[act]taaa|ttta[agt]cct 5435
aggg[acg]aaa|ttt[cgt]ccct 1537
agggt[cgt]aa|tt[acg]accct 1431
agggta[cgt]a|t[acg]taccct 1608
agggtaa[cgt]|[acg]ttaccct 2178

50833411
50000000
66800214
