
Tue, 26 Jan 2010 22:11:39 GMT

MAKE:
/usr/bin/gcc -pipe -Wall -O3 -fomit-frame-pointer -march=native -I/usr/include/tcl8.5 -I/usr/include/glib-2.0 -I/usr/lib/glib-2.0/include -ltcl8.5 -lglib-2.0 -lpthread regexdna.gcc-4.c -o regexdna.gcc-4.gcc_run
regexdna.gcc-4.c:10:18: error: pcre.h: No such file or directory
regexdna.gcc-4.c: In function ‘ReadInput_StripHeader’:
regexdna.gcc-4.c:49: error: ‘pcre’ undeclared (first use in this function)
regexdna.gcc-4.c:49: error: (Each undeclared identifier is reported only once
regexdna.gcc-4.c:49: error: for each function it appears in.)
regexdna.gcc-4.c:49: error: ‘re’ undeclared (first use in this function)
regexdna.gcc-4.c:49: warning: implicit declaration of function ‘pcre_compile’
regexdna.gcc-4.c:50: error: ‘pcre_extra’ undeclared (first use in this function)
regexdna.gcc-4.c:50: error: ‘re_extra’ undeclared (first use in this function)
regexdna.gcc-4.c:50: warning: implicit declaration of function ‘pcre_study’
regexdna.gcc-4.c:58: warning: implicit declaration of function ‘pcre_exec’
regexdna.gcc-4.c:72: warning: implicit declaration of function ‘pcre_free’
regexdna.gcc-4.c: In function ‘Count_Patterns’:
regexdna.gcc-4.c:99: warning: ignoring #pragma omp for
regexdna.gcc-4.c:105: error: ‘pcre’ undeclared (first use in this function)
regexdna.gcc-4.c:105: error: ‘re’ undeclared (first use in this function)
regexdna.gcc-4.c:106: error: ‘pcre_extra’ undeclared (first use in this function)
regexdna.gcc-4.c:106: error: ‘re_extra’ undeclared (first use in this function)
regexdna.gcc-4.c:131: warning: format ‘%d’ expects type ‘int’, but argument 4 has type ‘size_t’
regexdna.gcc-4.c: In function ‘Replace_Patterns’:
regexdna.gcc-4.c:173: warning: ignoring #pragma omp single
regexdna.gcc-4.c:182: error: ‘pcre’ undeclared (first use in this function)
regexdna.gcc-4.c:182: error: ‘re’ undeclared (first use in this function)
regexdna.gcc-4.c:183: error: ‘pcre_extra’ undeclared (first use in this function)
regexdna.gcc-4.c:183: error: ‘re_extra’ undeclared (first use in this function)
regexdna.gcc-4.c: In function ‘main’:
regexdna.gcc-4.c:253: warning: ignoring #pragma omp parallel
regexdna.gcc-4.c:263: warning: format ‘%d’ expects type ‘int’, but argument 3 has type ‘size_t’
regexdna.gcc-4.c:263: warning: format ‘%d’ expects type ‘int’, but argument 4 has type ‘size_t’
regexdna.gcc-4.c:263: warning: format ‘%d’ expects type ‘int’, but argument 5 has type ‘size_t’
make: [regexdna.gcc-4.gcc_run] Error 1 (ignored)
rm regexdna.gcc-4.c
0.07s to complete and log all make actions

COMMAND LINE:
./regexdna.gcc-4.gcc_run 0 < regexdna-input50000.txt

MAKE ERROR 

