
Thu, 03 Feb 2011 03:19:20 GMT

MAKE:
/usr/local/src/go/bin/6g -B -o regexdna.go.6 regexdna.go && \
	/usr/local/src/go/bin/6l -o regexdna.go_run regexdna.go.6
0.26s to complete and log all make actions

COMMAND LINE:
./regexdna.go_run 0 < regexdna-input5000000.txt

PROGRAM OUTPUT:
agggtaaa|tttaccct 356
[cgt]gggtaaa|tttaccc[acg] 1250
a[act]ggtaaa|tttacc[agt]t 4252
ag[act]gtaaa|tttac[agt]ct 2894
agg[act]taaa|ttta[agt]cct 5435
aggg[acg]aaa|ttt[cgt]ccct 1537
agggt[cgt]aa|tt[acg]accct 1431
agggta[cgt]a|t[acg]taccct 1608
agggtaa[cgt]|[acg]ttaccct 2178

50833411
50000000
66800214
