
Mon, 26 Jan 2009 22:38:13 GMT

MAKE:
mv regexdna.csharp-2.csharp regexdna.csharp-2.cs
/usr/local/bin/gmcs  -optimize+ -out:regexdna.csharp-2.csharp_run regexdna.csharp-2.cs
rm regexdna.csharp-2.cs
0.35s to complete and log all make actions

COMMAND LINE:
/usr/local/bin/mono regexdna.csharp-2.csharp_run 0 < regexdna-input5000000.txt

PROGRAM OUTPUT:
agggtaaa|tttaccct 356
[cgt]gggtaaa|tttaccc[acg] 1250
a[act]ggtaaa|tttacc[agt]t 4252
ag[act]gtaaa|tttac[agt]ct 2894
agg[act]taaa|ttta[agt]cct 5435
aggg[acg]aaa|ttt[cgt]ccct 1537
agggt[cgt]aa|tt[acg]accct 1431
agggta[cgt]a|t[acg]taccct 1608
agggtaa[cgt]|[acg]ttaccct 2178

50833411
50000000
66800214
