
Mon, 06 Oct 2008 00:38:44 GMT

MAKE:
/usr/bin/g++ -c -pipe -O3 -fomit-frame-pointer -fopenmp regexdna.gpp-6.c++ -o regexdna.gpp-6.c++.o &&  \
        /usr/bin/g++ regexdna.gpp-6.c++.o -o regexdna.gpp-6.gpp_run -L/usr/lib -fopenmp 
rm regexdna.gpp-6.c++

COMMAND LINE:
./regexdna.gpp-6.gpp_run 0 < regexdna-input50000.txt

UNEXPECTED OUTPUT 

13c13
< 668232
---
> 668262

PROGRAM OUTPUT:
agggtaaa|tttaccct 3
[cgt]gggtaaa|tttaccc[acg] 12
a[act]ggtaaa|tttacc[agt]t 43
ag[act]gtaaa|tttac[agt]ct 27
agg[act]taaa|ttta[agt]cct 58
aggg[acg]aaa|ttt[cgt]ccct 16
agggt[cgt]aa|tt[acg]accct 15
agggta[cgt]a|t[acg]taccct 18
agggtaa[cgt]|[acg]ttaccct 20

508411
500000
668232
