
Sun, 07 Feb 2010 12:35:04 GMT

MAKE:
mv regexdna.fpascal-3.fpascal regexdna.fpascal-3.pas
/usr/local/src/fpc-2.4.0.x86_64-linux/bin/fpc -FuInclude/fpascal -XXs -O3   -oFPASCAL_RUN regexdna.fpascal-3.pas
Free Pascal Compiler version 2.4.0 [2009/12/18] for x86_64
Copyright (c) 1993-2009 by Florian Klaempfl
Target OS: Linux for x86-64
Compiling regexdna.fpascal-3.pas
regexdna.fpascal-3.pas(44,44) Error: Parameters cannot contain local type definitions. Use a separate type definition in a type block.
regexdna.fpascal-3.pas(44,67) Error: Parameters cannot contain local type definitions. Use a separate type definition in a type block.
regexdna.fpascal-3.pas(62,42) Error: Parameters cannot contain local type definitions. Use a separate type definition in a type block.
regexdna.fpascal-3.pas(63,56) Error: Parameters cannot contain local type definitions. Use a separate type definition in a type block.
regexdna.fpascal-3.pas(188,57) Error: Parameters cannot contain local type definitions. Use a separate type definition in a type block.
regexdna.fpascal-3.pas(326,43) Error: Parameters cannot contain local type definitions. Use a separate type definition in a type block.
regexdna.fpascal-3.pas(432,40) Error: Parameters cannot contain local type definitions. Use a separate type definition in a type block.
regexdna.fpascal-3.pas(486) Fatal: There were 7 errors compiling module, stopping
Fatal: Compilation aborted
Error: /usr/local/src/fpc-2.4.0.x86_64-linux/bin/ppcx64 returned an error exitcode (normal if you did not specify a source file to be compiled)
make: [regexdna.fpascal-3.fpascal_run] Error 1 (ignored)
mv FPASCAL_RUN regexdna.fpascal-3.fpascal_run
mv: cannot stat `FPASCAL_RUN': No such file or directory
make: [regexdna.fpascal-3.fpascal_run] Error 1 (ignored)
rm regexdna.fpascal-3.pas
0.12s to complete and log all make actions

COMMAND LINE:
./regexdna.fpascal-3.fpascal_run 0 < regexdna-input50000.txt

MAKE ERROR 

