
Tue, 19 May 2009 00:17:42 GMT

MAKE:
cp: `spectralnorm.sbcl-3.sbcl' and `./spectralnorm.sbcl-3.sbcl' are the same file
SBCL built with: /usr/local/bin/sbcl --userinit /dev/null --batch --eval '(load "spectralnorm.sbcl-3.sbcl_compile")'
### START spectralnorm.sbcl-3.sbcl_compile
(proclaim '(optimize (speed 3) (safety 0) (debug 0) (compilation-speed 0)))
(handler-bind ((sb-ext:defconstant-uneql      (lambda (c) (abort c))))      (load (compile-file "spectralnorm.sbcl-3.sbcl" ))) (save-lisp-and-die "sbcl.core" :purify t)
### END spectralnorm.sbcl-3.sbcl_compile


; compiling file "/home/dunham/shootout/bench/spectralnorm/spectralnorm.sbcl-3.sbcl" (written 05 DEC 2008 06:14:11 PM):
; compiling (DEFMACRO EVAL-A ...)
; compiling (DEFUN EVAL-AT-TIMES-U ...)
; compiling (DEFUN EVAL-A-TIMES-U ...)
; compiling (DEFUN EXECUTE-PARALLEL ...)
; compiling (DEFUN EVAL-ATA-TIMES-U ...)
; compiling (DEFUN MAIN ...)
; file: /home/dunham/shootout/bench/spectralnorm/spectralnorm.sbcl-3.sbcl
; in: DEFUN MAIN
;     (* (- (* 2 N) 1) (- (* 2 N) 2))
; 
; note: forced to do GENERIC-* (cost 30)
;       unable to do inline fixnum arithmetic (cost 4) because:
;       The first argument is a (INTEGER -2305843009213693953 2305843009213693949), not a FIXNUM.
;       The second argument is a (INTEGER -2305843009213693954
;                                 2305843009213693948), not a FIXNUM.
;       The result is a (VALUES
;                        (INTEGER -5316911983139663489309385231907684346
;                         5316911983139663498532757268762460162)
;                        &OPTIONAL), not a (VALUES FIXNUM &REST T).
;       unable to do inline (signed-byte 64) arithmetic (cost 5) because:
;       The result is a (VALUES
;                        (INTEGER -5316911983139663489309385231907684346
;                         5316911983139663498532757268762460162)
;                        &OPTIONAL), not a (VALUES (SIGNED-BYTE 64) &REST T).
;       etc.
; 
; note: doing signed word to integer coercion (cost 20), for:
;       the first argument of GENERIC-*
; 
; note: doing signed word to integer coercion (cost 20), for:
;       the second argument of GENERIC-*

;     (FORMAT T "~11,9F~%" (SQRT (THE (DOUBLE-FLOAT 0.0d0) (/ VBV VV))))
; --> FORMAT FORMATTER FUNCTION BLOCK LET 
; ==>
;   (SB-FORMAT::FORMAT-FIXED STREAM #:FORMAT-ARG-190 #:G587 #:G588 #:G589 #:G590
;                            #:G591 NIL)
; 
; note: doing float to pointer coercion (cost 13)
; 
; compilation unit finished
;   printed 4 notes


; /home/dunham/Documents/benchmarksgame_onecore/spectralnorm/tmp/spectralnorm.sbcl-3.fasl written
; compilation finished in 0:00:00.087
[undoing binding stack and other enclosing state... done]
[saving current Lisp image into /home/dunham/Documents/benchmarksgame_onecore/spectralnorm/tmp/sbcl.core:
writing 6272 bytes from the read-only space at 0x20000000
writing 3872 bytes from the static space at 0x20100000
writing 41963520 bytes from the dynamic space at 0x1000000000
done]
### START spectralnorm.sbcl-3.sbcl_run
(proclaim '(optimize (speed 3) (safety 0) (debug 0) (compilation-speed 0)))
(main) (quit)
### END spectralnorm.sbcl-3.sbcl_run

1.03s to complete and log all make actions

COMMAND LINE:
/usr/local/bin/sbcl --dynamic-space-size 1000 --noinform --core sbcl.core --userinit /dev/null --load spectralnorm.sbcl-3.sbcl_run 5500

PROGRAM OUTPUT:
1.274224153
