
Sun, 07 Feb 2010 14:38:12 GMT

MAKE:
mv spectralnorm.fpascal spectralnorm.pas
/usr/local/src/fpc-2.4.0.x86_64-linux/bin/fpc -FuInclude/fpascal -XXs -O3   -oFPASCAL_RUN spectralnorm.pas
Free Pascal Compiler version 2.4.0 [2009/12/18] for x86_64
Copyright (c) 1993-2009 by Florian Klaempfl
Target OS: Linux for x86-64
Compiling spectralnorm.pas
spectralnorm.pas(60,12) Warning: Variable "vBv" does not seem to be initialized
spectralnorm.pas(61,12) Warning: Variable "vv" does not seem to be initialized
Linking FPASCAL_RUN
/usr/bin/ld: warning: link.res contains output sections; did you forget -T?
65 lines compiled, 0.1 sec 
2 warning(s) issued
mv FPASCAL_RUN spectralnorm.fpascal_run
rm spectralnorm.pas
0.11s to complete and log all make actions

COMMAND LINE:
./spectralnorm.fpascal_run 5500

PROGRAM OUTPUT:
1.274224153
