
Mon, 05 Apr 2010 22:37:21 GMT

MAKE:
/usr/local/src/ats-lang-anairiats-0.1.9/bin/atscc -D_ATS_MULTITHREAD -lpthread -pipe -Wall -O3 -fomit-frame-pointer -march=native -mfpmath=sse -msse2 -lm spectralnorm.dats -o spectralnorm.ats-2.ats_run
/usr/local/src/ats-lang-anairiats-0.1.9/bin/atsopt --output spectralnorm_dats.c --dynamic spectralnorm.dats
/usr/local/src/ats-lang-anairiats-0.1.9/ccomp/runtime/ats_prelude.c: In function ‘ats_pthread_create_detached’:
/usr/local/src/ats-lang-anairiats-0.1.9/ccomp/runtime/ats_prelude.c:197: warning: ‘return’ with no value, in function returning non-void
In file included from spectralnorm_dats.c:45:
/usr/local/src/ats-lang-anairiats-0.1.9/libc/CATS/pthread.cats: In function ‘atslib_pthread_mutex_create_locked’:
/usr/local/src/ats-lang-anairiats-0.1.9/libc/CATS/pthread.cats:90: warning: implicit declaration of function ‘pthread_mutex_init_locked’
/usr/local/src/ats-lang-anairiats-0.1.9/libc/CATS/pthread.cats: In function ‘atslib_pthread_mutex_create_unlocked’:
/usr/local/src/ats-lang-anairiats-0.1.9/libc/CATS/pthread.cats:99: warning: implicit declaration of function ‘pthread_mutex_init_unlocked’
spectralnorm_dats.c: At top level:
spectralnorm_dats.c:132: warning: type defaults to ‘int’ in declaration of ‘the_nticket’
spectralnorm_dats.c:133: warning: type defaults to ‘int’ in declaration of ‘the_nthread’
spectralnorm_dats.c: In function ‘worker_1’:
spectralnorm_dats.c:343: warning: label ‘__ats_lab_3_0’ defined but not used
spectralnorm_dats.c:330: warning: label ‘__ats_lab_2_0’ defined but not used
spectralnorm_dats.c:323: warning: label ‘__ats_lab_1_1’ defined but not used
spectralnorm_dats.c:322: warning: label ‘__ats_lab_1_0’ defined but not used
spectralnorm_dats.c:310: warning: label ‘__ats_lab_0_1’ defined but not used
spectralnorm_dats.c:309: warning: label ‘__ats_lab_0_0’ defined but not used
spectralnorm_dats.c: In function ‘__ats_fun_3’:
spectralnorm_dats.c:359: warning: label ‘__ats_lab___ats_fun_3’ defined but not used
spectralnorm_dats.c: In function ‘eval_A_times_u_knd_0’:
spectralnorm_dats.c:461: warning: label ‘__ats_lab_eval_A_times_u_knd_0’ defined but not used
spectralnorm_dats.c: In function ‘eval_A_times_u_4’:
spectralnorm_dats.c:477: warning: label ‘__ats_lab_eval_A_times_u_4’ defined but not used
spectralnorm_dats.c: In function ‘eval_At_times_u_5’:
spectralnorm_dats.c:490: warning: label ‘__ats_lab_eval_At_times_u_5’ defined but not used
spectralnorm_dats.c: In function ‘eval_AtA_times_u_6’:
spectralnorm_dats.c:507: warning: label ‘__ats_lab_eval_AtA_times_u_6’ defined but not used
spectralnorm_dats.c: In function ‘mainats’:
spectralnorm_dats.c:683: warning: label ‘__ats_lab_mainats’ defined but not used
spectralnorm_dats.c: At top level:
/usr/local/src/ats-lang-anairiats-0.1.9/prelude/CATS/pointer.cats:52: warning: ‘atspre_null_ptr’ defined but not used
/usr/local/src/ats-lang-anairiats-0.1.9/prelude/CATS/printf.cats:48: warning: ‘atspre_fprintf_err’ defined but not used
/usr/local/src/ats-lang-anairiats-0.1.9/prelude/CATS/printf.cats:60: warning: ‘atspre_fprintf_exn’ defined but not used
/usr/local/src/ats-lang-anairiats-0.1.9/prelude/CATS/printf.cats:72: warning: ‘atspre_printf_err’ defined but not used
/usr/local/src/ats-lang-anairiats-0.1.9/prelude/CATS/printf.cats:97: warning: ‘atspre_prerrf_exn’ defined but not used
/usr/local/src/ats-lang-anairiats-0.1.9/prelude/CATS/string.cats:349: warning: ‘atspre_stropt_none’ defined but not used
spectralnorm_dats.c:444: warning: ‘worker_gen_2_closure_make’ defined but not used
spectralnorm_dats.c:533: warning: ‘eval_AtA_times_u_6_closure_make’ defined but not used
spectralnorm_dats.c:586: warning: ‘loop1_8_closure_make’ defined but not used
spectralnorm_dats.c:651: warning: ‘loop2_9_closure_make’ defined but not used
/tmp/ccYizArJ.o: In function `eval_A_times_u_knd_0':
spectralnorm_dats.c:(.text+0x153): undefined reference to `ATS_2d0_2e1_2e9_2libc_2SATS_2pthread_2esats__pthread_create_detached_cloptr'
spectralnorm_dats.c:(.text+0x17a): undefined reference to `ATS_2d0_2e1_2e9_2libc_2SATS_2pthread_2esats__pthread_create_detached_cloptr'
spectralnorm_dats.c:(.text+0x1a1): undefined reference to `ATS_2d0_2e1_2e9_2libc_2SATS_2pthread_2esats__pthread_create_detached_cloptr'
spectralnorm_dats.c:(.text+0x1c8): undefined reference to `ATS_2d0_2e1_2e9_2libc_2SATS_2pthread_2esats__pthread_create_detached_cloptr'
collect2: ld returned 1 exit status
Exit: [gcc] failed.
gcc -I/usr/local/src/ats-lang-anairiats-0.1.9/ -I/usr/local/src/ats-lang-anairiats-0.1.9/ccomp/runtime/ -L/usr/local/src/ats-lang-anairiats-0.1.9/ccomp/lib64/ /usr/local/src/ats-lang-anairiats-0.1.9/ccomp/runtime/ats_prelude.c -D_ATS_MULTITHREAD -lpthread -pipe -Wall -O3 -fomit-frame-pointer -march=native -mfpmath=sse -msse2 -lm spectralnorm_dats.c -o spectralnorm.ats-2.ats_run -lats 
0.43s to complete and log all make actions

COMMAND LINE:
./spectralnorm.ats-2.ats_run 500

MAKE ERROR 

