
Tue, 26 Jan 2010 22:18:27 GMT

MAKE:
/usr/bin/gcc -pipe -Wall -O3 -fomit-frame-pointer -march=native -llwp threadring.gcc-3.c -o threadring.gcc-3.gcc_run
threadring.gcc-3.c:11:21: error: lwp/lwp.h: No such file or directory
threadring.gcc-3.c:12:22: error: lwp/lock.h: No such file or directory
threadring.gcc-3.c: In function ‘mutex_lock’:
threadring.gcc-3.c:35: warning: implicit declaration of function ‘LWP_DispatchProcess’
threadring.gcc-3.c: At top level:
threadring.gcc-3.c:52: error: expected ‘=’, ‘,’, ‘;’, ‘asm’ or ‘__attribute__’ before ‘thread_ids’
threadring.gcc-3.c: In function ‘thread’:
threadring.gcc-3.c:57: warning: cast from pointer to integer of different size
threadring.gcc-3.c:70: warning: implicit declaration of function ‘LWP_SignalProcess’
threadring.gcc-3.c:73: warning: no return statement in function returning non-void
threadring.gcc-3.c: In function ‘main’:
threadring.gcc-3.c:79: error: ‘PROCESS’ undeclared (first use in this function)
threadring.gcc-3.c:79: error: (Each undeclared identifier is reported only once
threadring.gcc-3.c:79: error: for each function it appears in.)
threadring.gcc-3.c:79: error: expected ‘;’ before ‘id’
threadring.gcc-3.c:86: warning: implicit declaration of function ‘LWP_Init’
threadring.gcc-3.c:86: error: ‘LWP_VERSION’ undeclared (first use in this function)
threadring.gcc-3.c:86: error: ‘LWP_NORMAL_PRIORITY’ undeclared (first use in this function)
threadring.gcc-3.c:86: error: ‘id’ undeclared (first use in this function)
threadring.gcc-3.c:92: warning: implicit declaration of function ‘LWP_CreateProcess’
threadring.gcc-3.c:93: warning: cast to pointer from integer of different size
threadring.gcc-3.c:93: error: ‘thread_ids’ undeclared (first use in this function)
threadring.gcc-3.c:97: warning: implicit declaration of function ‘LWP_WaitProcess’
make: [threadring.gcc-3.gcc_run] Error 1 (ignored)
rm threadring.gcc-3.c
0.05s to complete and log all make actions

COMMAND LINE:
./threadring.gcc-3.gcc_run 500000

MAKE ERROR 

