
Wed, 04 May 2011 20:32:45 GMT

MAKE:
mv threadring.fpascal threadring.pas
/usr/local/src/fpc-2.4.2.x86_64-linux/bin/fpc -FuInclude/fpascal -XXs -O3   -oFPASCAL_RUN threadring.pas
Free Pascal Compiler version 2.4.2 [2010/11/08] for x86_64
Copyright (c) 1993-2010 by Florian Klaempfl
Target OS: Linux for x86-64
Compiling threadring.pas
threadring.pas(22,10) Warning: Function result does not seem to be set
Linking FPASCAL_RUN
/usr/bin/ld: warning: link.res contains output sections; did you forget -T?
68 lines compiled, 0.1 sec 
1 warning(s) issued
mv FPASCAL_RUN threadring.fpascal_run
rm threadring.pas
0.12s to complete and log all make actions

COMMAND LINE:
./threadring.fpascal_run 50000000

PROGRAM OUTPUT:
292
