
Wed, 23 Mar 2011 18:00:18 GMT

MAKE:
mv chameneosredux.csharp chameneosredux.cs
/usr/local/src/mono-2.10.1-llvm/bin/mcs  -optimize+ -out:chameneosredux.csharp_run chameneosredux.cs
rm chameneosredux.cs
0.81s to complete and log all make actions

COMMAND LINE:
/usr/local/src/mono-2.10.1-llvm/bin/mono-sgen --gc=sgen --llvm chameneosredux.csharp_run 6000000

PROGRAM OUTPUT:
blue + blue -> blue
blue + red -> yellow
blue + yellow -> red
red + blue -> yellow
red + red -> red
red + yellow -> blue
yellow + blue -> red
yellow + red -> blue
yellow + yellow -> yellow

 blue red yellow
4148237 zero
3795498 zero
4056265 zero
 one two zero zero zero zero zero zero

 blue red yellow red yellow blue red yellow red blue
1214637 zero
1197419 zero
1203209 zero
1195246 zero
1209360 zero
1198894 zero
1179784 zero
1208001 zero
1208814 zero
1184636 zero
 one two zero zero zero zero zero zero

