
Wed, 23 Mar 2011 16:39:01 GMT

MAKE:
/usr/bin/clang -pipe -Wall -O3 -fomit-frame-pointer -march=native -I/usr/include/tcl8.4 -I/usr/include/glib-2.0 -I/usr/lib/glib-2.0/include -ltcl8.4 -lglib-2.0 -lpthread regexdna.c -o regexdna.clang_run
rm regexdna.c
0.54s to complete and log all make actions

COMMAND LINE:
./regexdna.clang_run 0 < regexdna-input5000000.txt

PROGRAM OUTPUT:
agggtaaa|tttaccct 356
[cgt]gggtaaa|tttaccc[acg] 1250
a[act]ggtaaa|tttacc[agt]t 4252
ag[act]gtaaa|tttac[agt]ct 2894
agg[act]taaa|ttta[agt]cct 5435
aggg[acg]aaa|ttt[cgt]ccct 1537
agggt[cgt]aa|tt[acg]accct 1431
agggta[cgt]a|t[acg]taccct 1608
agggtaa[cgt]|[acg]ttaccct 2178

50833411
50000000
66800214
