
Wed, 23 Mar 2011 23:29:51 GMT

MAKE:
/usr/bin/llvm-gcc -pipe -Wall -O3 -fomit-frame-pointer -march=native -lpcre -fopenmp regexdna.llvmgcc-4.c -o regexdna.llvmgcc-4.llvmgcc_run
regexdna.llvmgcc-4.c: In function ‘Count_Patterns’:
regexdna.llvmgcc-4.c:131:10: warning: format ‘%d’ expects type ‘int’, but argument 4 has type ‘size_t’
regexdna.llvmgcc-4.c: In function ‘main’:
regexdna.llvmgcc-4.c:263:7: warning: format ‘%d’ expects type ‘int’, but argument 3 has type ‘size_t’
regexdna.llvmgcc-4.c:263:7: warning: format ‘%d’ expects type ‘int’, but argument 4 has type ‘size_t’
regexdna.llvmgcc-4.c:263:7: warning: format ‘%d’ expects type ‘int’, but argument 5 has type ‘size_t’
rm regexdna.llvmgcc-4.c
0.12s to complete and log all make actions

COMMAND LINE:
./regexdna.llvmgcc-4.llvmgcc_run 0 < regexdna-input5000000.txt

PROGRAM OUTPUT:
agggtaaa|tttaccct 356
[cgt]gggtaaa|tttaccc[acg] 1250
a[act]ggtaaa|tttacc[agt]t 4252
ag[act]gtaaa|tttac[agt]ct 2894
agg[act]taaa|ttta[agt]cct 5435
aggg[acg]aaa|ttt[cgt]ccct 1537
agggt[cgt]aa|tt[acg]accct 1431
agggta[cgt]a|t[acg]taccct 1608
agggtaa[cgt]|[acg]ttaccct 2178

50833411
50000000
66800214
