
Wed, 23 Mar 2011 16:42:00 GMT

MAKE:
/usr/bin/clang -pipe -Wall -O3 -fomit-frame-pointer -march=native -llwp threadring.clang-2.c -o threadring.clang-2.clang_run
/tmp/cc-AsAqgA.o: In function `ring_routine':
threadring.clang-2.c:(.text+0x23): undefined reference to `sem_wait'
threadring.clang-2.c:(.text+0x7f): undefined reference to `sem_post'
threadring.clang-2.c:(.text+0x87): undefined reference to `sem_wait'
/tmp/cc-AsAqgA.o: In function `main':
threadring.clang-2.c:(.text+0xf6): undefined reference to `pthread_attr_setstacksize'
threadring.clang-2.c:(.text+0x11e): undefined reference to `sem_init'
threadring.clang-2.c:(.text+0x131): undefined reference to `pthread_create'
threadring.clang-2.c:(.text+0x157): undefined reference to `sem_post'
threadring.clang-2.c:(.text+0x167): undefined reference to `sem_init'
threadring.clang-2.c:(.text+0x16f): undefined reference to `sem_wait'
collect2: ld returned 1 exit status
clang: error: linker (via gcc) command failed with exit code 1 (use -v to see invocation)
make: [threadring.clang-2.clang_run] Error 1 (ignored)
rm threadring.clang-2.c
0.12s to complete and log all make actions

COMMAND LINE:
./threadring.clang-2.clang_run 500000

MAKE ERROR 

