BUILD COMMANDS FOR: binarytrees.clean-3.clean

Sat Apr  7 16:26:31 PDT 2007

cp /opt/shootout/shootout/bench/binarytrees/binarytrees.clean-3.clean binarytrees.icl
/usr/bin/clm -b -nt -l /usr/lib/clean/lib/ArgEnv/ArgEnvC.o -I /usr/lib/clean/lib/ArgEnv -I /usr/lib/clean/lib/stdenv -I ../../Include/clean  -h 16m -nr -l /usr/lib/clean/lib/ArgEnv/ArgEnvC.o -I ../Include/clean -I ../../Include/clean -I /usr/lib/clean/lib/ArgEnv binarytrees -o binarytrees.clean-3.clean_run
Warning [StdFile.abc,11,stdio;33]: no inline code for this rule
Warning [StdFile.abc,11,fclose;30]: no inline code for this rule
Compiling binarytrees
Generating code for binarytrees
Linking binarytrees

=================================================================
COMMAND LINE (%A is single numeric argument):

 binarytrees.clean-3.clean_run -nr	 %A


PROGRAM OUTPUT
==============
stretch tree of depth 17	 check: -1
131072	 trees of depth 4	 check: -131072
32768	 trees of depth 6	 check: -32768
8192	 trees of depth 8	 check: -8192
2048	 trees of depth 10	 check: -2048
512	 trees of depth 12	 check: -512
128	 trees of depth 14	 check: -128
32	 trees of depth 16	 check: -32
long lived tree of depth 16	 check: -1
