BUILD COMMANDS FOR: binarytrees.se

Wed Apr  4 20:57:43 PDT 2007

copying /opt/shootout/shootout/bench/binarytrees/binarytrees.se to binarytrees.e
cp /opt/shootout/shootout/bench/binarytrees/binarytrees.se binarytrees.e
../../../bin/split_file.bash /opt/shootout/shootout/bench/binarytrees/binarytrees.se binarytrees.e
splitfile  tree.e
splitfile  node.e
splitfile  sheet.e
splitfile  binarytrees.e
splitfile 
mv: `/opt/shootout/shootout/bench/binarytrees/tmp/tmp.mkf' and `/opt/shootout/shootout/bench/binarytrees/tmp/tmp.mkf' are the same file
rm -f binarytrees.se_run
/usr/lib/smarteiffel/bin/compile -boost -no_split -O3 -fomit-frame-pointer -march=athlon-tbird  -o binarytrees.se_run binarytrees ; /usr/lib/smarteiffel/bin/clean binarytrees
rm binarytrees.e

=================================================================
COMMAND LINE (%A is single numeric argument):

binarytrees.se_run %A


PROGRAM OUTPUT
==============
stretch tree of depth 17	 check: -1
131072	 trees of depth 4	 check: -131072
32768	 trees of depth 6	 check: -32768
8192	 trees of depth 8	 check: -8192
2048	 trees of depth 10	 check: -2048
512	 trees of depth 12	 check: -512
128	 trees of depth 14	 check: -128
32	 trees of depth 16	 check: -32
long lived tree of depth 16	 check: -1
