BUILD COMMANDS FOR: chameneosredux.nice-2.nice

Sun Dec  2 13:19:38 PST 2007

( if [ ! -d chameneosredux.nice-2.nice_run ] ; then mkdir nice_build ; mkdir nice_build/chameneosredux.nice-2 ; fi)
mkdir: cannot create directory `nice_build': File exists
cp /opt/shootout/shootout/bench/chameneosredux/chameneosredux.nice-2.nice nice_build/chameneosredux.nice-2/chameneosredux.nice-2.nice
( cd nice_build/chameneosredux.nice-2 ; /usr/bin/nicec -d . --sourcepath "..:../../../.." -a o.jar chameneosredux.nice-2 )
nice.lang: parsing

Command line:
Package chameneosredux.nice-2 is not available.
The source  path is: ..:../../../..
The package path is: <empty>
compilation failed with 1 error
make[3]: [chameneosredux.nice-2.nice_run] Error 2 (ignored)
cp nice_build/chameneosredux.nice-2/o.jar o.jar
cp: cannot stat `nice_build/chameneosredux.nice-2/o.jar': No such file or directory
make[3]: [chameneosredux.nice-2.nice_run] Error 1 (ignored)
touch chameneosredux.nice-2.nice_run

=================================================================
COMMAND LINE (%A is single numeric argument):

 /usr/lib/jvm/java-6-sun-1.6.0.00/bin/java -server -jar o.jar %A
************************************************************
*   TEST (chameneosredux.nice-2.nice_run) FAILED - ERROR:  chameneosredux.nice-2.nice_out differs from Output.60000
************************************************************
-rw-r--r-- 1 brent brent 444 2007-12-02 13:19 chameneosredux.nice-2.nice_out
-rw-r--r-- 1 brent brent 463 2007-12-01 22:02 Output.60000


PROGRAM OUTPUT
==============
blue + blue -> blue
blue + red -> yellow
blue + yellow -> red
red + blue -> yellow
red + red -> red
red + yellow -> blue
yellow + blue -> red
yellow + red -> blue
yellow + yellow -> yellow

 blue red yellow
57444 zero
48965 zero
13591 zero
 one two zero zero zero zero

 blue red yellow red yellow blue red yellow red blue
60000 zero
27949 zero
7382 zero
12143 zero
8812 zero
3713 zero
0 zero
0 zero
1 zero
0 zero
 one two zero zero zero zero

