BUILD COMMANDS FOR: hello.mlton

Fri Dec  7 23:12:51 PST 2007

cp /opt/shootout/shootout/bench/hello/hello.mlton hello.sml
(if [ -r /opt/shootout/shootout/bench/hello/mlb_hello.mlb ]; then			\
			mv /opt/shootout/shootout/bench/hello/mlb_hello.mlb hello.mlb;		\
		else							\
			echo '../../Include/mlton-src/lib.mlb hello.sml'	\
				 >hello.mlb;				\
		fi)
/usr/bin/mlton  -output hello.mlton_run hello.mlb
rm -f hello.mlb hello.sml

=================================================================
COMMAND LINE (%A is single numeric argument):

 repeat %A hello.mlton_run


PROGRAM OUTPUT
==============
hello world
hello world
hello world
hello world
hello world
hello world
hello world
hello world
hello world
hello world
hello world
hello world
hello world
hello world
hello world
hello world
hello world
hello world
hello world
hello world
hello world
hello world
hello world
hello world
hello world
hello world
hello world
hello world
hello world
hello world
hello world
hello world
hello world
hello world
hello world
hello world
hello world
hello world
hello world
hello world
hello world
hello world
hello world
hello world
hello world
hello world
hello world
hello world
hello world
hello world
===================================
!!! Note: Truncated to 50 lines !!!
===================================
