BUILD COMMANDS FOR: hello.javaxint

Sat Oct 13 21:46:02 PDT 2007

( if [ ! -d hello.javaxint_run ] ; then mkdir hello.javaxint_run ; fi)
cp /opt/shootout/shootout/bench/hello/hello.javaxint hello.javaxint_run/hello.java
/usr/lib/jvm/java-6-sun-1.6.0.00/bin/javac  -d hello.javaxint_run hello.javaxint_run/hello.java
touch hello.javaxint_run

=================================================================
COMMAND LINE (%A is single numeric argument):

 repeat %A /usr/lib/jvm/java-6-sun-1.6.0.00/bin/java -server -Xint -classpath hello.javaxint_run hello


PROGRAM OUTPUT
==============
hello world
hello world
hello world
hello world
hello world
hello world
hello world
hello world
hello world
hello world
hello world
hello world
hello world
hello world
hello world
hello world
hello world
hello world
hello world
hello world
hello world
hello world
hello world
hello world
hello world
hello world
hello world
hello world
hello world
hello world
hello world
hello world
hello world
hello world
hello world
hello world
hello world
hello world
hello world
hello world
hello world
hello world
hello world
hello world
hello world
hello world
hello world
hello world
hello world
hello world
===================================
!!! Note: Truncated to 50 lines !!!
===================================
