BUILD COMMANDS FOR: hello.ocamlb

Tue Jan 16 01:48:20 PST 2007

cp /opt/shootout/shootout/bench/hello/hello.ocaml hello.ml
/usr/bin/ocamlc -noassert -unsafe -I /usr/lib/ocaml/contrib  hello.ml -o hello.ocamlb_run
rm hello.ml

=================================================================
COMMAND LINE (%A is single numeric argument):

 repeat %A hello.ocamlb_run


PROGRAM OUTPUT
==============
hello world
hello world
hello world
hello world
hello world
hello world
hello world
hello world
hello world
hello world
hello world
hello world
hello world
hello world
hello world
hello world
hello world
hello world
hello world
hello world
hello world
hello world
hello world
hello world
hello world
hello world
hello world
hello world
hello world
hello world
hello world
hello world
hello world
hello world
hello world
hello world
hello world
hello world
hello world
hello world
hello world
hello world
hello world
hello world
hello world
hello world
hello world
hello world
hello world
hello world
===================================
!!! Note: Truncated to 50 lines !!!
===================================
