BUILD COMMANDS FOR: hello.gnat

Mon Jan 15 23:14:11 PST 2007

cp /opt/shootout/shootout/bench/hello/hello.gnat hello.ada
/usr/bin/gnatchop -w hello.ada
splitting hello.ada into:
   hello.adb
/usr/bin/gnatmake -gnatp -Wall -O3 -fomit-frame-pointer -march=athlon-tbird  -f hello.adb -o hello.gnat_run
gcc-4.1 -c -gnatp -Wall -O3 -fomit-frame-pointer -march=athlon-tbird hello.adb
gnatbind -x hello.ali
gnatlink hello.ali -fomit-frame-pointer -march=athlon-tbird -o hello.gnat_run
rm hello.ada

=================================================================
COMMAND LINE (%A is single numeric argument):

 repeat %A hello.gnat_run


PROGRAM OUTPUT
==============
hello world
hello world
hello world
hello world
hello world
hello world
hello world
hello world
hello world
hello world
hello world
hello world
hello world
hello world
hello world
hello world
hello world
hello world
hello world
hello world
hello world
hello world
hello world
hello world
hello world
hello world
hello world
hello world
hello world
hello world
hello world
hello world
hello world
hello world
hello world
hello world
hello world
hello world
hello world
hello world
hello world
hello world
hello world
hello world
hello world
hello world
hello world
hello world
hello world
hello world
===================================
!!! Note: Truncated to 50 lines !!!
===================================
