BUILD COMMANDS FOR: hello.javaclient

Fri Oct 12 22:58:09 PDT 2007

( if [ ! -d hello.javaclient_run ] ; then mkdir hello.javaclient_run ; fi)
cp /opt/shootout/shootout/bench/hello/hello.javaclient hello.javaclient_run/hello.java
/usr/lib/jvm/java-6-sun-1.6.0.00/bin/javac  -d hello.javaclient_run hello.javaclient_run/hello.java
touch hello.javaclient_run

=================================================================
COMMAND LINE (%A is single numeric argument):

 repeat %A /usr/lib/jvm/java-6-sun-1.6.0.00/bin/java -client -classpath hello.javaclient_run hello


PROGRAM OUTPUT
==============
hello world
hello world
hello world
hello world
hello world
hello world
hello world
hello world
hello world
hello world
hello world
hello world
hello world
hello world
hello world
hello world
hello world
hello world
hello world
hello world
hello world
hello world
hello world
hello world
hello world
hello world
hello world
hello world
hello world
hello world
hello world
hello world
hello world
hello world
hello world
hello world
hello world
hello world
hello world
hello world
hello world
hello world
hello world
hello world
hello world
hello world
hello world
hello world
hello world
hello world
===================================
!!! Note: Truncated to 50 lines !!!
===================================
