BUILD COMMANDS FOR: hello.ocaml

Tue Jan 16 01:48:11 PST 2007

cp /opt/shootout/shootout/bench/hello/hello.ocaml hello.ml
/usr/bin/ocamlopt -noassert -unsafe -I /usr/lib/ocaml/contrib -ccopt -O3 -ccopt -fomit-frame-pointer -ccopt -march=athlon-tbird  hello.ml -o hello.ocaml_run
rm hello.ml

=================================================================
COMMAND LINE (%A is single numeric argument):

 repeat %A hello.ocaml_run


PROGRAM OUTPUT
==============
hello world
hello world
hello world
hello world
hello world
hello world
hello world
hello world
hello world
hello world
hello world
hello world
hello world
hello world
hello world
hello world
hello world
hello world
hello world
hello world
hello world
hello world
hello world
hello world
hello world
hello world
hello world
hello world
hello world
hello world
hello world
hello world
hello world
hello world
hello world
hello world
hello world
hello world
hello world
hello world
hello world
hello world
hello world
hello world
hello world
hello world
hello world
hello world
hello world
hello world
===================================
!!! Note: Truncated to 50 lines !!!
===================================
