BUILD COMMANDS FOR: hello.smlnj

Sat Apr  7 20:26:42 PDT 2007

cp /opt/shootout/shootout/bench/hello/hello.smlnj hello.sml
cp /opt/shootout/shootout/bench/hello/cm_hello.cm hello.cm
/usr/bin/ml-build hello.cm Test.main hello
Standard ML of New Jersey v110.60 [built: Sat Apr  7 20:20:05 2007]
[scanning hello.cm]
[parsing (hello.cm):hello.sml]
hello.sml:15.1-15.45 Warning: definition not tracked by CM
[library $SMLNJ-BASIS/basis.cm is stable]
binfile format error: bad magic number
[compiling (hello.cm):hello.sml]
[code: 443, data: 51, env: 247 bytes]
[scanning 805-export.cm]
[scanning (805-export.cm):hello.cm]
[parsing (805-export.cm):805-export.sml]
[compiling (805-export.cm):805-export.sml]
[code: 214, data: 34, env: 42 bytes]

=================================================================
COMMAND LINE (%A is single numeric argument):

 repeat %A /usr/bin/sml @SMLload=hello


PROGRAM OUTPUT
==============
hello world
hello world
hello world
hello world
hello world
hello world
hello world
hello world
hello world
hello world
hello world
hello world
hello world
hello world
hello world
hello world
hello world
hello world
hello world
hello world
hello world
hello world
hello world
hello world
hello world
hello world
hello world
hello world
hello world
hello world
hello world
hello world
hello world
hello world
hello world
hello world
hello world
hello world
hello world
hello world
hello world
hello world
hello world
hello world
hello world
hello world
hello world
hello world
hello world
hello world
===================================
!!! Note: Truncated to 50 lines !!!
===================================
