RUNNING SCRIPT: knucleotide.regina-2.regina

Mon Dec  3 00:02:40 PST 2007


=================================================================
COMMAND LINE (%A is single numeric argument):

 /usr/bin/regina -a -tO ../knucleotide.regina-2.regina %A
************************************************************
*   FILE COMPARISON ERROR
************************************************************
L1: AA 9.211

L2: AA 9.212

************************************************************
*   TEST (knucleotide.regina-2.regina) FAILED - ERROR:  knucleotide.regina-2.regina_out differs from Output.10000
************************************************************
-rw-r--r-- 1 brent brent 245 2007-12-03 00:02 knucleotide.regina-2.regina_out
-rw-r--r-- 1 brent brent 245 2007-12-02 13:50 Output.10000


PROGRAM OUTPUT
==============
A 30.284
T 29.796
C 20.312
G 19.608

AA 9.211
AT 8.949
TT 8.947
TA 8.937
CA 6.163
CT 6.097
AC 6.085
TC 6.045
AG 6.035
GA 5.971
TG 5.869
GT 5.801
CC 4.140
GC 4.044
CG 3.908
GG 3.796

562	GGT
152	GGTA
15	GGTATT
0	GGTATTTTAATT
0	GGTATTTTAATTTATAGT
