BUILD COMMANDS FOR: knucleotide.psyco

Mon Dec  3 00:00:20 PST 2007

rm -f knucleotide.pyo knucleotide.pyc
cp /opt/shootout/shootout/bench/knucleotide/knucleotide.psyco knucleotide.py
/usr/bin/python2.5 -OO -c "from py_compile import compile; compile('/opt/shootout/shootout/bench/knucleotide/tmp/knucleotide.py')"
touch knucleotide.psyco_run

=================================================================
COMMAND LINE (%A is single numeric argument):

 /usr/bin/python2.5 knucleotide.py %A


PROGRAM OUTPUT
==============
A 30.296
T 30.155
C 19.796
G 19.752

AA 9.177
TA 9.134
AT 9.133
TT 9.094
CA 6.001
AC 6.000
AG 5.986
GA 5.984
TC 5.971
CT 5.970
GT 5.957
TG 5.956
CC 3.916
GC 3.909
CG 3.908
GG 3.902

58888	GGT
17865	GGTA
1893	GGTATT
36	GGTATTTTAATT
36	GGTATTTTAATTTATAGT
