BUILD COMMANDS FOR: knucleotide.se

Thu Dec  6 23:05:39 PST 2007

copying /opt/shootout/shootout/bench/knucleotide/knucleotide.se to knucleotide.e
cp /opt/shootout/shootout/bench/knucleotide/knucleotide.se knucleotide.e
../../../bin/split_file.bash /opt/shootout/shootout/bench/knucleotide/knucleotide.se knucleotide.e
make[3]: [knucleotide.e] Error 1 (ignored)
rm -f knucleotide.se_run
/usr/lib/smarteiffel/bin/compile -boost -no_split -O3 -fomit-frame-pointer -march=athlon-tbird  -o knucleotide.se_run knucleotide ; /usr/lib/smarteiffel/bin/clean knucleotide
rm knucleotide.e

=================================================================
COMMAND LINE (%A is single numeric argument):

knucleotide.se_run %A
Eiffel program crash at run time.
No trace when using option "-boost"
TEST FAILED - Child processed exited with error code (1)


PROGRAM OUTPUT
==============
A 30.284
T 29.796
C 20.312
G 19.608

AA 9.212
AT 8.950
TT 8.948
TA 8.936
CA 6.166
CT 6.100
AC 6.086
TC 6.042
AG 6.036
GA 5.968
TG 5.868
GT 5.798
CC 4.140
GC 4.044
CG 3.906
GG 3.798

562	GGT
152	GGTA
15	GGTATT
Received signal 11.
