BUILD COMMANDS FOR: mandelbrot.mzc

Mon Jun 12 20:44:20 PDT 2006

cp /opt/shootout/shootout/bench/mandelbrot/mandelbrot.mzscheme mandelbrot.ss
/usr/bin/mzc mandelbrot.ss
mzc version 301.16, Copyright (c) 2004-2006 PLT Scheme Inc.
"mandelbrot.ss": 
 [output to "./mandelbrot.so"]
echo "#!/usr/bin/mzscheme -r" > mandelbrot.mzc_run
echo "(load-extension \"mandelbrot.so\")" >> mandelbrot.mzc_run
chmod a+rwx mandelbrot.mzc_run
rm mandelbrot.ss

=================================================================
COMMAND LINE (%A is single numeric argument):

mandelbrot.mzc_run %A
************************************************************
*   TEST (mandelbrot.mzc_run) FAILED - ERROR:  mandelbrot.mzc_out differs from Output.200
************************************************************
-rw-r--r-- 1 brent brent 5011 Oct 30  2005 Output.200
-rw-r--r-- 1 brent brent    0 Jun 12 20:44 mandelbrot.mzc_out


PROGRAM OUTPUT
==============
