RUNNING SCRIPT: meteor.gforth

Sat Apr  7 16:37:45 PDT 2007


=================================================================
COMMAND LINE (%A is single numeric argument):

 /usr/bin/gforth-fast $GFORTH_FLAGS ../meteor.gforth %A
redefined table  redefined offset  redefined .line  redefined table  redefined offset  redefined .line  redefined table  redefined offset  redefined .line  

PROGRAM OUTPUT
==============
2098 solutions found

0 0 0 0 1 
 2 2 2 0 1 
2 6 6 1 1 
 2 6 1 5 5 
8 6 5 5 5 
 8 6 3 3 3 
4 8 8 9 3 
 4 4 8 9 3 
4 7 4 7 9 
 7 7 7 9 9 

9 9 9 9 8 
 9 6 6 8 5 
6 6 8 8 5 
 6 8 2 5 5 
7 7 7 2 5 
 7 4 7 2 0 
1 4 2 2 0 
 1 4 4 0 3 
1 4 0 0 3 
 1 1 3 3 3 

