BUILD COMMANDS FOR: meteor.scala-4.scala

Sat Apr  7 16:46:36 PDT 2007

( if [ ! -d meteor.scala-4.scala_run ] ; then mkdir meteor.scala-4.scala_run ; fi)
cp /opt/shootout/shootout/bench/meteor/meteor.scala-4.scala meteor.scala-4.scala_run/meteor.scala
( cd meteor.scala-4.scala_run ; /usr/bin/scalac -target:jvm-1.5 -Xcloselim meteor.scala )
Replacing CONSTANT (Constant(null)) : DROP REFERENCE(scala.Null) by List()
Replacing CONSTANT (Constant(null)) : DROP REFERENCE(scala.Null) by List()
Replacing CONSTANT (Constant(null)) : DROP REFERENCE(scala.Null) by List()
touch meteor.scala-4.scala_run

=================================================================
COMMAND LINE (%A is single numeric argument):

 JAVACMD="/usr/lib/j2se/1.5/bin/java -server" /usr/bin/scala -classpath meteor.scala-4.scala_run meteor %A
java.lang.NullPointerException
	at Solver.printBoard$0(meteor.scala:105)
	at Solver.printSolutions(meteor.scala:120)
	at meteor$.main(meteor.scala:16)
	at meteor.main(meteor.scala)
	at sun.reflect.NativeMethodAccessorImpl.invoke0(Native Method)
	at sun.reflect.NativeMethodAccessorImpl.invoke(NativeMethodAccessorImpl.java:39)
	at sun.reflect.DelegatingMethodAccessorImpl.invoke(DelegatingMethodAccessorImpl.java:25)
	at java.lang.reflect.Method.invoke(Method.java:585)
	at scala.tools.nsc.ObjectRunner$.run(ObjectRunner.scala:76)
	at scala.tools.nsc.MainGenericRunner$.main(MainGenericRunner.scala:106)
	at scala.tools.nsc.MainGenericRunner.main(MainGenericRunner.scala)
************************************************************
*   TEST (meteor.scala-4.scala_run) FAILED - ERROR:  meteor.scala-4.scala_out differs from Output.0
************************************************************
-rw-r--r-- 1 root root  19 2007-04-07 16:46 meteor.scala-4.scala_out
-rw-r--r-- 1 root root 254 2007-04-07 16:34 Output.0


PROGRAM OUTPUT
==============
0 solutions found

