BUILD COMMANDS FOR: meteor.clean

Sat Apr  7 16:35:21 PDT 2007

cp /opt/shootout/shootout/bench/meteor/meteor.clean meteor.icl
/usr/bin/clm -b -nt -l /usr/lib/clean/lib/ArgEnv/ArgEnvC.o -I /usr/lib/clean/lib/ArgEnv -I /usr/lib/clean/lib/stdenv -I ../../Include/clean  -l /usr/lib/clean/lib/ArgEnvUnix/ArgEnvC.o -I ../Include/clean -I ../../Include/clean -IL StdLib meteor -o meteor.clean_run
Warning [meteor,220,atCell;40]: function may fail
Compiling meteor
Generating code for meteor
Linking meteor
rm meteor.icl

=================================================================
COMMAND LINE (%A is single numeric argument):

 meteor.clean_run $MB_CLRTS %A
************************************************************
*   TEST (meteor.clean_run) FAILED - ERROR:  meteor.clean_out differs from Output.0
************************************************************
-rw-r--r-- 1 root root 251 2007-04-07 16:35 meteor.clean_out
-rw-r--r-- 1 root root 254 2007-04-07 16:34 Output.0


PROGRAM OUTPUT
==============
1 solutions found

0 0 0 0 1 
 2 2 2 0 1 
2 6 6 1 1 
 2 6 1 5 5 
8 6 5 5 5 
 8 6 3 3 3 
4 8 8 9 3 
 4 4 8 9 3 
4 7 4 7 9 
 7 7 7 9 9 

0 0 0 0 1 
 2 2 2 0 1 
2 6 6 1 1 
 2 6 1 5 5 
8 6 5 5 5 
 8 6 3 3 3 
4 8 8 9 3 
 4 4 8 9 3 
4 7 4 7 9 
 7 7 7 9 9 

