BUILD COMMANDS FOR: nbody.gfortran

Tue Dec  4 00:19:58 PST 2007

/usr/bin/gfortran -pipe -Wall -O3 -fomit-frame-pointer -march=athlon-tbird  nbody.f90 -o nbody.gfortran_run
nbody.f90:42.1:

    1.28943695621391310d+01, &
1
Warning: Nonconforming tab character at (1)
nbody.f90:43.1:

    -1.51111514016986312d+01, &
1
Warning: Nonconforming tab character at (1)
nbody.f90:44.1:

    -2.23307578892655734d-01, &
1
Warning: Nonconforming tab character at (1)
nbody.f90:45.1:

    2.96460137564761618d-03 * DAYS_PER_YEAR, &
1
Warning: Nonconforming tab character at (1)
nbody.f90:46.1:

    2.37847173959480950d-03 * DAYS_PER_YEAR, &
1
Warning: Nonconforming tab character at (1)
nbody.f90:47.1:

    -2.96589568540237556d-05 * DAYS_PER_YEAR, &
1
Warning: Nonconforming tab character at (1)
nbody.f90:48.1:

    4.36624404335156298d-05 * SOLAR_MASS )
1
Warning: Nonconforming tab character at (1)
nbody.f90:16.27:

  integer result, num, i, k
                          1
Warning: Unused variable k declared at (1)
nbody.f90:16.16:

  integer result, num, i, k
               1
Warning: Unused variable result declared at (1)
rm nbody.f90

=================================================================
COMMAND LINE (%A is single numeric argument):

nbody.gfortran_run %A


PROGRAM OUTPUT
==============
-0.169075164
-0.169031665
