RUNNING SCRIPT: nbody.io

Thu Feb 21 22:07:18 PST 2008


=================================================================
COMMAND LINE (%A is single numeric argument):

 /usr/local/bin/io_static ../nbody.io %A
************************************************************
*   TEST (nbody.io) FAILED - ERROR:  nbody.io_out differs from Output.200000
************************************************************
-rw-r--r-- 1 brent brent 518 2008-02-21 22:07 nbody.io_out
-rw-r--r-- 1 brent brent  26 2007-01-09 17:45 Output.200000


PROGRAM OUTPUT
==============

  Exception: deprecated method
  ---------
  Coroutine pauseCurrentAndResumeSelf A3_Exception.io 64
  Coroutine resumeParentCoroutine     A3_Exception.io 69
  Coroutine raiseException            A3_Exception.io 100
  Exception raise                     A0_List.io 2
  Body thisMessage                    nbody.io 21
  Body vector                         nbody.io 31
  Object list                         nbody.io 28
  Object list                         nbody.io 28
  Object list                         nbody.io 28

