BUILD COMMANDS FOR: nbody.smlnj

Sat Apr  7 20:35:30 PDT 2007

cp /opt/shootout/shootout/bench/nbody/nbody.smlnj nbody.sml
cp /opt/shootout/shootout/bench/nbody/cm_nbody.cm nbody.cm
/usr/bin/ml-build nbody.cm Test.main nbody
Standard ML of New Jersey v110.60 [built: Sat Apr  7 20:20:05 2007]
[scanning nbody.cm]
[library $SMLNJ-BASIS/basis.cm is stable]
[library $SMLNJ-LIB/Util/smlnj-lib.cm is stable]
[parsing (nbody.cm):nbody.sml]
[creating directory .cm/SKEL]
[compiling (nbody.cm):nbody.sml]
[creating directory .cm/GUID]
[creating directory .cm/x86-unix]
[code: 7184, data: 484, env: 524 bytes]
[scanning 21107-export.cm]
[scanning (21107-export.cm):nbody.cm]
[parsing (21107-export.cm):21107-export.sml]
[compiling (21107-export.cm):21107-export.sml]
[code: 298, data: 34, env: 42 bytes]

=================================================================
COMMAND LINE (%A is single numeric argument):

 /usr/bin/sml @SMLload=nbody %A


PROGRAM OUTPUT
==============
-0.169075164
-0.169031665
