BUILD COMMANDS FOR: nsieve.smlnj

Fri Nov 30 06:48:57 PST 2007

cp /opt/shootout/shootout/bench/nsieve/nsieve.smlnj nsieve.sml
cp /opt/shootout/shootout/bench/nsieve/cm_nsieve.cm nsieve.cm
/usr/bin/ml-build nsieve.cm Test.main nsieve
Standard ML of New Jersey v110.60 [built: Sat Apr  7 20:20:05 2007]
[scanning nsieve.cm]
[library $SMLNJ-BASIS/basis.cm is stable]
[library $SMLNJ-LIB/Util/smlnj-lib.cm is stable]
[parsing (nsieve.cm):nsieve.sml]
[creating directory .cm/SKEL]
[compiling (nsieve.cm):nsieve.sml]
[creating directory .cm/GUID]
[creating directory .cm/x86-unix]
[code: 3958, data: 42, env: 247 bytes]
[scanning 12695-export.cm]
[scanning (12695-export.cm):nsieve.cm]
[parsing (12695-export.cm):12695-export.sml]
[compiling (12695-export.cm):12695-export.sml]
[code: 219, data: 35, env: 42 bytes]

=================================================================
COMMAND LINE (%A is single numeric argument):

 /usr/bin/sml @SMLload=nsieve %A


PROGRAM OUTPUT
==============
Primes up to 10240000   679461
Primes up to  5120000   356244
Primes up to  2560000   187134
