BUILD COMMANDS FOR: nsieve.icon-2.icon

Thu Nov 29 22:05:31 PST 2007

cp /opt/shootout/shootout/bench/nsieve/nsieve.icon-2.icon nsieve.icon-2.icn
(unset STRSIZE BLOCKSIZE COEXPSIZE MSTKSIZE TRACE NOERRBUF ; \
	/usr/bin/icont -o nsieve.icon-2.icon_run nsieve.icon-2.icn )
Translating:
nsieve.icon-2.icn:
  NSieve
  main
No errors
Linking:
rm nsieve.icon-2.icn

=================================================================
COMMAND LINE (%A is single numeric argument):

 unset STRSIZE BLOCKSIZE COEXPSIZE TRACE NOERRBUF;export MSTKSIZE=250000;nsieve.icon-2.icon_run %A


PROGRAM OUTPUT
==============
Primes up to 10240000   679461
Primes up to  5120000   356244
Primes up to  2560000   187134
