BUILD COMMANDS FOR: partialsums.gwydion

Mon Jan 15 22:39:25 PST 2007

cp /opt/shootout/shootout/bench/partialsums/partialsums.gwydion partialsums.dylan
(if [ "partialsums" = "random" ]; then	\
	    cp random.dylan randum.dylan;	\
	fi)
/usr/bin/d2c -s  partialsums.dylan
Entering single file mode.
Compiling library partialsums
[Loading library Dylan...]
Using custom library import list...
[Loading library common-dylan...
  [Loading library melange-support...]
  [Loading library threads...]
  [Loading library table-extensions...]
  [Loading library Random...
   [Loading library transcendental...]]]
[Loading library io...]
Parsing partialsums.dylan
Finalizing library.
Converting top level forms.
                    Optimizing top level forms.
                    Emitting C code.
                    Emitting Library Heap.
Emitting Global Heap.
Building inits.
mkdir .libs
gcc -o partialsums partialsums.o  /usr/lib/dylan/2.5.0pre3/x86-linux-gcc/libio-dylan.a /usr/lib/dylan/2.5.0pre3/x86-linux-gcc/libcommon-dylan-dylan.a /usr/lib/dylan/2.5.0pre3/x86-linux-gcc/librandom-dylan.a /usr/lib/dylan/2.5.0pre3/x86-linux-gcc/libtranscendental-dylan.a /usr/lib/dylan/2.5.0pre3/x86-linux-gcc/libtable-extensions-dylan.a /usr/lib/dylan/2.5.0pre3/x86-linux-gcc/libthreads-dylan.a /usr/lib/dylan/2.5.0pre3/x86-linux-gcc/libmelange-support-dylan.a /usr/lib/dylan/2.5.0pre3/x86-linux-gcc/libdylan-dylan.a /usr/lib/dylan/2.5.0pre3/x86-linux-gcc/libruntime.a /usr/lib/libgc.so -ldl -lpthread -lm
Optimize called 4007 times.
Compilation finished with 0 Warnings and 0 Errors
(if [ "partialsums" = "random" ]; then	\
	    mv randum partialsums.gwydion_run;		\
	else				\
	    mv partialsums partialsums.gwydion_run;			\
	fi)
rm partialsums.[co]
rm -rf .libs
rm partialsums.dylan

=================================================================
COMMAND LINE (%A is single numeric argument):

partialsums.gwydion_run %A
TEST FAILED - Child processed exited with error code (0), halted by signal 6


PROGRAM OUTPUT
==============
Invalid format directive '.' in "%.9f"
