BUILD COMMANDS FOR: partialsums.gnat

Sun Dec  2 14:30:07 PST 2007

cp /opt/shootout/shootout/bench/partialsums/partialsums.gnat partialsums.ada
/usr/bin/gnatchop -w partialsums.ada
splitting partialsums.ada into:
   partialsums.adb
/usr/bin/gnatmake -gnatp -Wall -O3 -fomit-frame-pointer -march=athlon-tbird  -f partialsums.adb -o partialsums.gnat_run
gcc-4.1 -c -gnatp -Wall -O3 -fomit-frame-pointer -march=athlon-tbird partialsums.adb
gnatbind -x partialsums.ali
gnatlink partialsums.ali -fomit-frame-pointer -march=athlon-tbird -o partialsums.gnat_run
rm partialsums.ada

=================================================================
COMMAND LINE (%A is single numeric argument):

partialsums.gnat_run %A


PROGRAM OUTPUT
==============
3.000000000	(2/3)^k
3160.817621887	k^-0.5
0.999999600	1/k(k+1)
30.314541510	Flint Hills
42.995233998	Cookson Hills
15.309017155	Harmonic
1.644933667	Riemann Zeta
0.693146981	Alternating Harmonic
0.785398063	Gregory
