BUILD COMMANDS FOR: partialsums.python

Sat Oct 13 01:00:59 PDT 2007

rm -f partialsums.pyo partialsums.pyc
cp /opt/shootout/shootout/bench/partialsums/partialsums.python partialsums.py
/usr/bin/python2.5 -OO -c "from py_compile import compile; compile('/opt/shootout/shootout/bench/partialsums/tmp/partialsums.py')"
touch partialsums.python_run

=================================================================
COMMAND LINE (%A is single numeric argument):

 /usr/bin/python2.5 partialsums.pyo %A


PROGRAM OUTPUT
==============
3.000000000	(2/3)^k
3160.817621887	k^-0.5
0.999999600	1/k(k+1)
30.314541510	Flint Hills
42.995233998	Cookson Hills
15.309017155	Harmonic
1.644933667	Riemann Zeta
0.693146981	Alternating Harmonic
0.785398063	Gregory
