BUILD COMMANDS FOR: partialsums.mzc

Mon Jun 12 20:44:37 PDT 2006

cp /opt/shootout/shootout/bench/partialsums/partialsums.mzscheme partialsums.ss
/usr/bin/mzc partialsums.ss
mzc version 301.16, Copyright (c) 2004-2006 PLT Scheme Inc.
"partialsums.ss": 
 [output to "./partialsums.so"]
echo "#!/usr/bin/mzscheme -r" > partialsums.mzc_run
echo "(load-extension \"partialsums.so\")" >> partialsums.mzc_run
chmod a+rwx partialsums.mzc_run
rm partialsums.ss

=================================================================
COMMAND LINE (%A is single numeric argument):

partialsums.mzc_run %A
************************************************************
*   TEST (partialsums.mzc_run) FAILED - ERROR:  partialsums.mzc_out differs from Output.25000
************************************************************
-rw-r--r-- 1 brent brent 214 Apr 25 21:16 Output.25000
-rw-r--r-- 1 brent brent   0 Jun 12 20:44 partialsums.mzc_out


PROGRAM OUTPUT
==============
