BUILD COMMANDS FOR: pidigits.mzc

Mon Jun 12 20:41:35 PDT 2006

cp /opt/shootout/shootout/bench/pidigits/pidigits.mzscheme pidigits.ss
/usr/bin/mzc pidigits.ss
mzc version 301.16, Copyright (c) 2004-2006 PLT Scheme Inc.
"pidigits.ss": 
 [output to "./pidigits.so"]
echo "#!/usr/bin/mzscheme -r" > pidigits.mzc_run
echo "(load-extension \"pidigits.so\")" >> pidigits.mzc_run
chmod a+rwx pidigits.mzc_run
rm pidigits.ss

=================================================================
COMMAND LINE (%A is single numeric argument):

pidigits.mzc_run %A
************************************************************
*   TEST (pidigits.mzc_run) FAILED - ERROR:  pidigits.mzc_out differs from Output.600
************************************************************
-rw-r--r-- 1 brent brent 951 Oct 30  2005 Output.600
-rw-r--r-- 1 brent brent   0 Jun 12 20:41 pidigits.mzc_out


PROGRAM OUTPUT
==============
