BUILD COMMANDS FOR: recursive.fpascal

Sat Dec  1 15:42:18 PST 2007

cp /opt/shootout/shootout/bench/recursive/recursive.fpascal recursive.pas
/usr/bin/fpc -XX -Xs -O3 -Op3 -Or -Fi../../Include/fpascal -Fu../../Include/fpascal -I../../Include/fpascal  -oFPASCAL_RUN recursive.pas
Warning: You are using the obsolete switch -Op<nr>, please use -Op<name>
Warning: You are using the obsolete switch -Or, please use -O2 or -Ooregvar
Free Pascal Compiler version 2.2.0 [2007/08/30] for i386
Copyright (c) 1993-2007 by Florian Klaempfl
Target OS: Linux for i386
Compiling recursive.pas
Linking FPASCAL_RUN
64 lines compiled, 0.2 sec
2 warning(s) issued
mv FPASCAL_RUN recursive.fpascal_run
rm recursive.pas

=================================================================
COMMAND LINE (%A is single numeric argument):

recursive.fpascal_run %A


PROGRAM OUTPUT
==============
Ack(3,11): 16381
Fib(38.0): 63245986.0
Tak(30,20,10): 11
Fib(3): 3
Tak(3.0,2.0,1.0): 2.0
