RUNNING SCRIPT: recursive.gst

Wed May 16 23:02:30 PDT 2007


=================================================================
COMMAND LINE (%A is single numeric argument):

 /usr/bin/gst -QI /usr/share/smalltalk/gst.im ../../Include/smalltalk/gst/platform.gst ../recursive.gst -a %A
../recursive.gst:8: Aborted
../recursive.gst:8: Error occurred while not in byte code interpreter!!
[0xb638b420]
/lib/tls/i686/cmov/libc.so.6(abort+0x109)[0xb623efb9]
/usr/bin/gst[0x805db84]
/usr/bin/gst[0x808b50d]
[0xb638b420]
/usr/bin/gst[0x805cff4]
/usr/bin/gst[0x805dca9]
/usr/bin/gst[0x80978a6]
/usr/bin/gst[0x809d2f2]
/usr/bin/gst[0x80a6e0c]
TEST FAILED - Child processed exited with error code (0), halted by signal 6


PROGRAM OUTPUT
==============
