BUILD COMMANDS FOR: regexdna.hipe-3.hipe

Wed May 16 23:51:28 PDT 2007

/usr/bin/erlc +native +"{hipe, [o3]}" regexdna.erl

=================================================================
COMMAND LINE (%A is single numeric argument):

 /usr/bin/erl $ERLFLAGS -noshell -run regexdna main %A


PROGRAM OUTPUT
==============
agggtaaa|tttaccct 36
[cgt]gggtaaa|tttaccc[acg] 125
a[act]ggtaaa|tttacc[agt]t 426
ag[act]gtaaa|tttac[agt]ct 290
agg[act]taaa|ttta[agt]cct 536
aggg[acg]aaa|ttt[cgt]ccct 153
agggt[cgt]aa|tt[acg]accct 143
agggta[cgt]a|t[acg]taccct 160
agggtaa[cgt]|[acg]ttaccct 219

5083411
5000000
6678892
