BUILD COMMANDS FOR: regexdna.gnat-4.gnat

Mon Jan 15 00:29:37 PST 2007

cp /opt/shootout/shootout/bench/regexdna/regexdna.gnat-4.gnat regexdna.gnat-4.ada
/usr/bin/gnatchop -w regexdna.gnat-4.ada
splitting regexdna.gnat-4.ada into:
   regexdna.adb
/usr/bin/gnatmake -gnatp -Wall -O3 -fomit-frame-pointer -march=athlon-tbird -fno-unroll-loops -f regexdna.adb -o regexdna.gnat-4.gnat_run
gcc-4.1 -c -gnatp -Wall -O3 -fomit-frame-pointer -march=athlon-tbird -fno-unroll-loops regexdna.adb
gnatbind -x regexdna.ali
gnatlink regexdna.ali -fomit-frame-pointer -march=athlon-tbird -fno-unroll-loops -o regexdna.gnat-4.gnat_run
rm regexdna.gnat-4.ada

=================================================================
COMMAND LINE (%A is single numeric argument):

regexdna.gnat-4.gnat_run %A


PROGRAM OUTPUT
==============
agggtaaa|tttaccct 36
[cgt]gggtaaa|tttaccc[acg] 125
a[act]ggtaaa|tttacc[agt]t 426
ag[act]gtaaa|tttac[agt]ct 290
agg[act]taaa|ttta[agt]cct 536
aggg[acg]aaa|ttt[cgt]ccct 153
agggt[cgt]aa|tt[acg]accct 143
agggta[cgt]a|t[acg]taccct 160
agggtaa[cgt]|[acg]ttaccct 219

5083411
5000000
6678892
