BUILD COMMANDS FOR: regexdna.cmucl

Mon Dec  3 10:57:08 PST 2007

CMUCL built with: /usr/bin/lisp -noinit -batch -eval '(load "regexdna.cmucl_compile")'
### START regexdna.cmucl_compile
(proclaim '(optimize (speed 3) (safety 0) (debug 0) (compilation-speed 0) (space 0)))
(asdf:operate 'asdf:load-op 'cl-ppcre)
(compile-file "regexdna.cmucl" :block-compile t  :entry-points '(main))
(quit)
### END regexdna.cmucl_compile

; Loading #P"/opt/shootout/shootout/bench/regexdna/tmp/regexdna.cmucl_compile".
; loading system definition from /usr/share/common-lisp/systems/cl-ppcre.asd
; into #<The ASDF0 package>
;; Loading #P"/usr/share/common-lisp/source/cl-ppcre/cl-ppcre.asd".
; registering #<SYSTEM :CL-PPCRE {5812ABD5}> as CL-PPCRE
;; Loading #P"/var/cache/common-lisp-controller/1000/cmucl/cl-ppcre/packages.x86f".
;; Loading #P"/var/cache/common-lisp-controller/1000/cmucl/cl-ppcre/specials.x86f".
;; Loading #P"/var/cache/common-lisp-controller/1000/cmucl/cl-ppcre/util.x86f".
;; Loading #P"/var/cache/common-lisp-controller/1000/cmucl/cl-ppcre/errors.x86f".
;; Loading #P"/var/cache/common-lisp-controller/1000/cmucl/cl-ppcre/lexer.x86f".
;; Loading #P"/var/cache/common-lisp-controller/1000/cmucl/cl-ppcre/parser.x86f".
;; Loading #P"/var/cache/common-lisp-controller/1000/cmucl/cl-ppcre/regex-class.x86f".
;; Loading #P"/var/cache/common-lisp-controller/1000/cmucl/cl-ppcre/convert.x86f".
;; Loading #P"/var/cache/common-lisp-controller/1000/cmucl/cl-ppcre/optimize.x86f".
;; Loading #P"/var/cache/common-lisp-controller/1000/cmucl/cl-ppcre/closures.x86f".
;; Loading #P"/var/cache/common-lisp-controller/1000/cmucl/cl-ppcre/repetition-closures.x86f".
;; Loading #P"/var/cache/common-lisp-controller/1000/cmucl/cl-ppcre/scanner.x86f".
;; Loading #P"/var/cache/common-lisp-controller/1000/cmucl/cl-ppcre/api.x86f".
; [GC threshold exceeded with 12,008,432 bytes in use.  Commencing GC.]
; [GC completed with 1,411,992 bytes retained and 10,596,440 bytes freed.]
; [GC will next occur when at least 13,411,992 bytes are in use.]

; Python version 1.1, VM version Intel x86 on 03 DEC 07 10:57:12 am.
; Compiling: /opt/shootout/shootout/bench/regexdna/tmp/regexdna.cmucl 03 DEC 07 10:57:08 am

; Converted GET-INPUT-CHARS.
; Compiling Load Time Value of (CL-PPCRE:CREATE-SCANNER ">[^\\n]*\\n|\\n"): 
; Converted MAIN.
; Compiling DEFUN MAIN: 

; 
; 
; File: /opt/shootout/shootout/bench/regexdna/tmp/regexdna.cmucl

; In: DEFUN MAIN

;   (LENGTH SEQUENCE)
; Note: Unable to optimize due to type uncertainty:
;     The first argument is a (OR CONS
;                                 NULL
;                                 (SIMPLE-ARRAY * #)), not a (SIMPLE-ARRAY *
;                                                             (*)).
; 
; Note: Unable to optimize due to type uncertainty:
;     The first argument is a (OR CONS NULL (SIMPLE-ARRAY * #)), not a VECTOR.
; 
; Note: Unable to optimize due to type uncertainty:
;     The first argument is a (OR CONS
;                                 NULL
;                                 (SIMPLE-ARRAY * #)), not a (SIMPLE-ARRAY *
;                                                             (*)).
; 
; Note: Unable to optimize due to type uncertainty:
;     The first argument is a (OR CONS NULL (SIMPLE-ARRAY * #)), not a VECTOR.
; 
; Byte Compiling Top-Level Form: 

; Compilation unit finished.
;   4 notes


; regexdna.x86f written.
; Compilation finished in 0:00:00.
### START regexdna.cmucl_run
(proclaim '(optimize (speed 3) (safety 0) (debug 0) (compilation-speed 0) (space 0)))
(setq *gc-verbose* nil)
(load "regexdna.x86f" :verbose nil :print nil)
(main) (quit)
### END regexdna.cmucl_run


=================================================================
COMMAND LINE (%A is single numeric argument):

 /usr/bin/lisp -noinit -batch -eval '(load "regexdna.cmucl_run" :verbose nil :print nil)' %A
Error in batch processing:

Error in function LISP::FOP-PACKAGE:  The package "CL-PPCRE" does not exist.
TEST FAILED - Child processed exited with error code (1)


PROGRAM OUTPUT
==============
