BUILD COMMANDS FOR: regexdna.ifc

Tue Dec  4 02:11:15 PST 2007

/opt/intel/fc/9.0/bin/ifort -O3 -static-libcxa -Wl,-rpath,/opt/intel/fc/9.0/lib  regexdna.f90 -o regexdna.ifc_run
rm regexdna.f90

=================================================================
COMMAND LINE (%A is single numeric argument):

regexdna.ifc_run %A


PROGRAM OUTPUT
==============
agggtaaa|tttaccct 36
[cgt]gggtaaa|tttaccc[acg] 125
a[act]ggtaaa|tttacc[agt]t 426
ag[act]gtaaa|tttac[agt]ct 290
agg[act]taaa|ttta[agt]cct 536
aggg[acg]aaa|ttt[cgt]ccct 153
agggt[cgt]aa|tt[acg]accct 143
agggta[cgt]a|t[acg]taccct 160
agggtaa[cgt]|[acg]ttaccct 219

5083411
5000000
6678892
