BUILD COMMANDS FOR: regexdna.gdc-4.gdc

Sun Dec 16 22:25:41 PST 2007

cp /opt/shootout/shootout/bench/regexdna/regexdna.gdc-4.gdc regexdna.d
/usr/bin/gdc -pipe -O3 -lpcre regexdna.d -o regexdna.gdc-4.gdc_run

=================================================================
COMMAND LINE (%A is single numeric argument):

regexdna.gdc-4.gdc_run %A


PROGRAM OUTPUT
==============
agggtaaa|tttaccct 36
[cgt]gggtaaa|tttaccc[acg] 125
a[act]ggtaaa|tttacc[agt]t 426
ag[act]gtaaa|tttac[agt]ct 290
agg[act]taaa|ttta[agt]cct 536
aggg[acg]aaa|ttt[cgt]ccct 153
agggt[cgt]aa|tt[acg]accct 143
agggta[cgt]a|t[acg]taccct 160
agggtaa[cgt]|[acg]ttaccct 219

5083411
5000000
6678892
