BUILD COMMANDS FOR: revcomp.nice-2.nice

Tue Jan 16 17:11:30 PST 2007

( if [ ! -d revcomp.nice-2.nice_run ] ; then mkdir nice_build ; mkdir nice_build/revcomp.nice-2 ; fi)
cp /opt/shootout/shootout/bench/revcomp/revcomp.nice-2.nice nice_build/revcomp.nice-2/revcomp.nice-2.nice
( cd nice_build/revcomp.nice-2 ; /usr/bin/nicec -d . --sourcepath "..:../../../.." -a o.jar revcomp.nice-2 )
nice.lang: parsing

Command line:
Package revcomp.nice-2 is not available.
The source  path is: ..:../../../..
The package path is: <empty>
compilation failed with 1 error
make[1]: [revcomp.nice-2.nice_run] Error 2 (ignored)
cp nice_build/revcomp.nice-2/o.jar o.jar
cp: cannot stat `nice_build/revcomp.nice-2/o.jar': No such file or directory
make[1]: [revcomp.nice-2.nice_run] Error 1 (ignored)
touch revcomp.nice-2.nice_run

=================================================================
COMMAND LINE (%A is single numeric argument):

 /usr/lib/j2se/1.5/bin/java -server -jar o.jar %A
Unable to access jarfile o.jar
TEST FAILED - Child processed exited with error code (1)


PROGRAM OUTPUT
==============
