BUILD COMMANDS FOR: spectralnorm.fpascal

Tue Dec  4 17:45:14 PST 2007

cp /opt/shootout/shootout/bench/spectralnorm/spectralnorm.fpascal spectralnorm.pas
/usr/bin/fpc -XX -Xs -O3 -Op3 -Or -Fi../../Include/fpascal -Fu../../Include/fpascal -I../../Include/fpascal  -oFPASCAL_RUN spectralnorm.pas
Warning: You are using the obsolete switch -Op<nr>, please use -Op<name>
Warning: You are using the obsolete switch -Or, please use -O2 or -Ooregvar
Free Pascal Compiler version 2.2.0 [2007/08/30] for i386
Copyright (c) 1993-2007 by Florian Klaempfl
Target OS: Linux for i386
Compiling spectralnorm.pas
spectralnorm.pas(62,16) Warning: Variable "vBv" does not seem to be initialized
spectralnorm.pas(63,16) Warning: Variable "vv" does not seem to be initialized
Linking FPASCAL_RUN
67 lines compiled, 0.6 sec
4 warning(s) issued
mv FPASCAL_RUN spectralnorm.fpascal_run
rm spectralnorm.pas

=================================================================
COMMAND LINE (%A is single numeric argument):

spectralnorm.fpascal_run %A


PROGRAM OUTPUT
==============
1.274224153
