BUILD COMMANDS FOR: spectralnorm.smlnj

Wed Dec  5 07:47:58 PST 2007

cp /opt/shootout/shootout/bench/spectralnorm/spectralnorm.smlnj spectralnorm.sml
cp /opt/shootout/shootout/bench/spectralnorm/cm_spectralnorm.cm spectralnorm.cm
/usr/bin/ml-build spectralnorm.cm Test.main spectralnorm
Standard ML of New Jersey v110.60 [built: Sat Apr  7 20:20:05 2007]
[scanning spectralnorm.cm]
[library $SMLNJ-BASIS/basis.cm is stable]
[library $SMLNJ-LIB/Util/smlnj-lib.cm is stable]
[parsing (spectralnorm.cm):spectralnorm.sml]
[creating directory .cm/SKEL]
[compiling (spectralnorm.cm):spectralnorm.sml]
[creating directory .cm/GUID]
[creating directory .cm/x86-unix]
[code: 2972, data: 60, env: 247 bytes]
[scanning 27538-export.cm]
[scanning (27538-export.cm):spectralnorm.cm]
[parsing (27538-export.cm):27538-export.sml]
[compiling (27538-export.cm):27538-export.sml]
[code: 225, data: 41, env: 42 bytes]

=================================================================
COMMAND LINE (%A is single numeric argument):

 /usr/bin/sml @SMLload=spectralnorm %A


PROGRAM OUTPUT
==============
1.274224153
