BUILD COMMANDS FOR: sumcol.gprolog

Wed Dec  5 20:56:30 PST 2007

rm -f sumcol.pl
cp /opt/shootout/shootout/bench/sumcol/sumcol.gprolog sumcol.pl
/usr/bin/gplc  -o sumcol.gprolog_run sumcol.pl
rm -f sumcol.p[lo]

=================================================================
COMMAND LINE (%A is single numeric argument):

sumcol.gprolog_run %A
warning: /opt/shootout/shootout/bench/sumcol/tmp/sumcol.pl:8: user directive failed
************************************************************
*   TEST (sumcol.gprolog_run) FAILED - ERROR:  sumcol.gprolog_out differs from Output.1000
************************************************************
-rw-r--r-- 1 brent brent   7 2007-12-03 22:52 Output.1000
-rw-r--r-- 1 brent brent 193 2007-12-05 20:56 sumcol.gprolog_out


PROGRAM OUTPUT
==============

system_error(cannot_catch_throw(error(syntax_error('user_input:1000001 (char:1) cannot start a number'),read_integer/2)))
GNU Prolog 1.2.18
By Daniel Diaz
Copyright (C) 1999-2004 Daniel Diaz

