BUILD COMMANDS FOR: threadring.java14-3.java14

Fri Nov 30 23:03:53 PST 2007

if [ ! -d threadring.java14-3.java14_run ] ; then mkdir threadring.java14-3.java14_run ; fi
cp /opt/shootout/shootout/bench/threadring/threadring.java14-3.java14 threadring.java14-3.java14_run/threadring.java
/usr/lib/j2se/1.4/bin/javac  -d threadring.java14-3.java14_run threadring.java14-3.java14_run/threadring.java
threadring.java14-3.java14_run/threadring.java:7: package java.util.concurrent.locks does not exist
import java.util.concurrent.locks.LockSupport;
                                  ^
threadring.java14-3.java14_run/threadring.java:26: operator == cannot be applied to java.lang.Integer,int
      if(hopsRemaining == 0){
                       ^
threadring.java14-3.java14_run/threadring.java:32: operator - cannot be applied to java.lang.Integer,int
      message = hopsRemaining - 1;
                              ^
threadring.java14-3.java14_run/threadring.java:33: cannot resolve symbol
symbol  : variable LockSupport 
location: class threadring.MessageThread
      LockSupport.unpark(this); // work waiting...
      ^
threadring.java14-3.java14_run/threadring.java:38: cannot resolve symbol
symbol  : variable LockSupport 
location: class threadring.MessageThread
        LockSupport.park();
        ^
threadring.java14-3.java14_run/threadring.java:65: enqueue(java.lang.Integer) in threadring.MessageThread cannot be applied to (int)
    first.enqueue(hopCount);
         ^
6 errors
make[1]: [threadring.java14-3.java14_run] Error 1 (ignored)
touch threadring.java14-3.java14_run

=================================================================
COMMAND LINE (%A is single numeric argument):

 /usr/lib/j2se/1.4/bin/java -server -classpath  threadring.java14-3.java14_run  threadring %A
Exception in thread "main" java.lang.NoClassDefFoundError: threadring
TEST FAILED - Child processed exited with error code (1)


PROGRAM OUTPUT
==============
