BUILD COMMANDS FOR: threadring.fpascal

Mon Dec  3 11:07:23 PST 2007

cp /opt/shootout/shootout/bench/threadring/threadring.fpascal threadring.pas
/usr/bin/fpc -XX -Xs -O3 -Op3 -Or -Fi../../Include/fpascal -Fu../../Include/fpascal -I../../Include/fpascal  -oFPASCAL_RUN threadring.pas
Warning: You are using the obsolete switch -Op<nr>, please use -Op<name>
Warning: You are using the obsolete switch -Or, please use -O2 or -Ooregvar
Free Pascal Compiler version 2.2.0 [2007/08/30] for i386
Copyright (c) 1993-2007 by Florian Klaempfl
Target OS: Linux for i386
Compiling threadring.pas
threadring.pas(20,10) Warning: Function result does not seem to be set
Linking FPASCAL_RUN
66 lines compiled, 1.9 sec
3 warning(s) issued
mv FPASCAL_RUN threadring.fpascal_run
rm threadring.pas

=================================================================
COMMAND LINE (%A is single numeric argument):

threadring.fpascal_run %A


PROGRAM OUTPUT
==============
361
