
Fri, 29 Aug 2008 05:45:19 GMT

MAKE:
mv binarytrees.scala binarytrees.scala
mv: `binarytrees.scala' and `binarytrees.scala' are the same file
make: [binarytrees.scala_run] Error 1 (ignored)
/usr/local/src/scala-2.7.2.RC1/bin/scalac -optimise binarytrees.scala
iterations: 0 for 1
iterations: 0 for 4
iterations: 0 for 4
iterations: 0 for 6
iterations: 0 for 1
iterations: 0 for 1
iterations: 0 for 1
iterations: 0 for 1
iterations: 0 for 1
iterations: 0 for 1
iterations: 0 for 1
iterations: 0 for 1
iterations: 0 for 1
iterations: 1 for 1
in: (1,IState(Map(),<>))
(3,IState(Map(variable $inlThis0 -> REFERENCE(binarytrees), variable check0 -> INT, variable sum$1 -> REFERENCE(scala.runtime.IntRef), value iterations -> INT, variable name0 -> REFERENCE(java.lang.String), variable depth0 -> INT),<>))
out: (1,IState(Map(variable $inlThis0 -> REFERENCE(binarytrees), variable check0 -> INT, variable sum$1 -> REFERENCE(scala.runtime.IntRef), value iterations -> INT, variable name0 -> REFERENCE(java.lang.String), variable depth0 -> INT),<>))
(2,IState(Map(),<>))
(3,IState(Map(variable $inlThis0 -> REFERENCE(binarytrees), variable check0 -> INT, variable sum$1 -> REFERENCE(scala.runtime.IntRef), variable boxed10 -> INT, value iterations -> INT, variable name0 -> REFERENCE(java.lang.String), variable boxed20 -> INT, variable depth0 -> INT),<>))
java.util.NoSuchElementException: key not found: 2
	at scala.collection.Map$class.default(Map.scala:169)
	at scala.collection.jcl.HashMap.default(HashMap.scala:17)
	at scala.collection.Map$class.apply(Map.scala:80)
	at scala.collection.jcl.HashMap.apply(HashMap.scala:17)
	at scala.tools.nsc.backend.icode.analysis.DataFlowAnalysis$$anonfun$forwardAnalysis$1.apply(DataFlowAnalysis.scala:71)
	at scala.tools.nsc.backend.icode.analysis.DataFlowAnalysis$$anonfun$forwardAnalysis$1.apply(DataFlowAnalysis.scala:68)
	at scala.List.foreach(List.scala:834)
	at scala.tools.nsc.backend.icode.analysis.DataFlowAnalysis$class.forwardAnalysis(DataFlowAnalysis.scala:68)
	at scala.tools.nsc.backend.icode.analysis.TypeFlowAnalysis$MethodTFA.forwardAnalysis(TypeFlowAnalysis.scala:106)
	at scala.tools.nsc.backend.icode.analysis.TypeFlowAnalysis$MethodTFA.run(TypeFlowAnalysis.scala:163)
	at scala.tools.nsc.backend.opt.Inliners$Inliner.analyzeMethod(Inliners.scala:292)
	at scala.tools.nsc.backend.opt.Inliners$Inliner$$anonfun$analyzeClass$1.apply(Inliners.scala:270)
	at scala.tools.nsc.backend.opt.Inliners$Inliner$$anonfun$analyzeClass$1.apply(Inliners.scala:270)
	at scala.List.foreach(List.scala:834)
	at scala.tools.nsc.backend.opt.Inliners$Inliner.analyzeClass(Inliners.scala:270)
	at scala.tools.nsc.backend.opt.Inliners$InliningPhase.apply(Inliners.scala:36)
	at scala.tools.nsc.backend.icode.ICodes$ICodePhase$$anonfun$apply$1.apply(ICodes.scala:85)
	at scala.tools.nsc.backend.icode.ICodes$ICodePhase$$anonfun$apply$1.apply(ICodes.scala:85)
	at scala.Iterator$class.foreach(Iterator.scala:410)
	at scala.collection.mutable.FlatHashTable$$anon$1.foreach(FlatHashTable.scala:113)
	at scala.Iterable$class.foreach(Iterable.scala:256)
	at scala.collection.mutable.HashSet.foreach(HashSet.scala:31)
	at scala.tools.nsc.backend.icode.ICodes$ICodePhase.apply(ICodes.scala:85)
	at scala.tools.nsc.Global$GlobalPhase.applyPhase(Global.scala:268)
	at scala.tools.nsc.Global$GlobalPhase$$anonfun$run$1.apply(Global.scala:247)
	at scala.tools.nsc.Global$GlobalPhase$$anonfun$run$1.apply(Global.scala:247)
	at scala.Iterator$class.foreach(Iterator.scala:410)
	at scala.collection.mutable.ListBuffer$$anon$1.foreach(ListBuffer.scala:266)
	at scala.tools.nsc.Global$GlobalPhase.run(Global.scala:247)
	at scala.tools.nsc.Global$Run.compileSources(Global.scala:579)
	at scala.tools.nsc.Global$Run.compile(Global.scala:663)
	at scala.tools.nsc.Main$.process(Main.scala:84)
	at scala.tools.nsc.Main$.main(Main.scala:98)
	at scala.tools.nsc.Main.main(Main.scala)
############# Cought exception: java.lang.RuntimeException: Could not find element key not found: 2 #################

Method: binarytrees$$anonfun$main$1.apply
Method owner: class binarytrees$$anonfun$main$1
java.lang.RuntimeException: Could not find element key not found: 2
	at scala.Predef$.error(Predef.scala:76)
	at scala.tools.nsc.backend.icode.analysis.DataFlowAnalysis$class.forwardAnalysis(DataFlowAnalysis.scala:80)
	at scala.tools.nsc.backend.icode.analysis.TypeFlowAnalysis$MethodTFA.forwardAnalysis(TypeFlowAnalysis.scala:106)
	at scala.tools.nsc.backend.icode.analysis.TypeFlowAnalysis$MethodTFA.run(TypeFlowAnalysis.scala:163)
	at scala.tools.nsc.backend.opt.Inliners$Inliner.analyzeMethod(Inliners.scala:292)
	at scala.tools.nsc.backend.opt.Inliners$Inliner$$anonfun$analyzeClass$1.apply(Inliners.scala:270)
	at scala.tools.nsc.backend.opt.Inliners$Inliner$$anonfun$analyzeClass$1.apply(Inliners.scala:270)
	at scala.List.foreach(List.scala:834)
	at scala.tools.nsc.backend.opt.Inliners$Inliner.analyzeClass(Inliners.scala:270)
	at scala.tools.nsc.backend.opt.Inliners$InliningPhase.apply(Inliners.scala:36)
	at scala.tools.nsc.backend.icode.ICodes$ICodePhase$$anonfun$apply$1.apply(ICodes.scala:85)
	at scala.tools.nsc.backend.icode.ICodes$ICodePhase$$anonfun$apply$1.apply(ICodes.scala:85)
	at scala.Iterator$class.foreach(Iterator.scala:410)
	at scala.collection.mutable.FlatHashTable$$anon$1.foreach(FlatHashTable.scala:113)
	at scala.Iterable$class.foreach(Iterable.scala:256)
	at scala.collection.mutable.HashSet.foreach(HashSet.scala:31)
	at scala.tools.nsc.backend.icode.ICodes$ICodePhase.apply(ICodes.scala:85)
	at scala.tools.nsc.Global$GlobalPhase.applyPhase(Global.scala:268)
	at scala.tools.nsc.Global$GlobalPhase$$anonfun$run$1.apply(Global.scala:247)
	at scala.tools.nsc.Global$GlobalPhase$$anonfun$run$1.apply(Global.scala:247)
	at scala.Iterator$class.foreach(Iterator.scala:410)
	at scala.collection.mutable.ListBuffer$$anon$1.foreach(ListBuffer.scala:266)
	at scala.tools.nsc.Global$GlobalPhase.run(Global.scala:247)
	at scala.tools.nsc.Global$Run.compileSources(Global.scala:579)
	at scala.tools.nsc.Global$Run.compile(Global.scala:663)
	at scala.tools.nsc.Main$.process(Main.scala:84)
	at scala.tools.nsc.Main$.main(Main.scala:98)
	at scala.tools.nsc.Main.main(Main.scala)
def apply(depth$1: Int (INT)): Unit {
locals: value depth$1, value iterations, variable sum$1, variable name0, variable depth0, variable check0, variable boxed10, variable boxed20, variable $inlThis0
startBlock: 1
blocks: [1,2,3]

1: 
  SCOPE_ENTER value iterations
  CONSTANT (Constant(1))
  THIS
  LOAD_FIELD value maxDepth$1
  LOAD_LOCAL value depth$1
  CALL_PRIMITIVE Arithmetic(SUB,INT)
  THIS
  LOAD_FIELD value minDepth$1
  CALL_PRIMITIVE Arithmetic(ADD,INT)
  CALL_PRIMITIVE Shift(LSL,INT)
  STORE_LOCAL value iterations
  SCOPE_ENTER variable sum$1
  NEW REFERENCE(scala.runtime.IntRef)
  DUP
  CONSTANT (Constant(0))
  CALL_METHOD scala.runtime.IntRefscala.runtime.IntRef.<init> (static-instance)
  STORE_LOCAL variable sum$1
  LOAD_MODULE object Iterator
  CONSTANT (Constant(1))
  LOAD_LOCAL value iterations
  CONSTANT (Constant(1))
  CALL_PRIMITIVE Arithmetic(ADD,INT)
  CALL_METHOD scala.Iteratorscala.Iterator.range (dynamic)
  NEW REFERENCE(binarytrees$$anonfun$main$1$$anonfun$apply$1)
  DUP
  THIS
  LOAD_LOCAL value depth$1
  LOAD_LOCAL variable sum$1
  CALL_METHOD binarytrees$$anonfun$main$1$$anonfun$apply$1binarytrees$$anonfun$main$1$$anonfun$apply$1.<init> (static-instance)
  CALL_METHOD scala.Iteratorscala.Iterator.foreach (dynamic)
  LOAD_MODULE object binarytrees
  CALL_PRIMITIVE StartConcat
  LOAD_LOCAL value iterations
  CONSTANT (Constant(2))
  CALL_PRIMITIVE Arithmetic(MUL,INT)
  CALL_PRIMITIVE StringConcat(INT)
  CONSTANT (Constant(	 trees))
  CALL_PRIMITIVE StringConcat(REFERENCE(java.lang.String))
  CALL_PRIMITIVE EndConcat
  LOAD_LOCAL value depth$1
  LOAD_LOCAL variable sum$1
  LOAD_FIELD variable elem
  STORE_LOCAL variable check0
  STORE_LOCAL variable depth0
  STORE_LOCAL variable name0
  STORE_LOCAL variable $inlThis0
  JUMP 3
  
2: 
  SCOPE_EXIT value iterations
  SCOPE_EXIT variable sum$1
  RETURN (UNIT)
  
3: 
  LOAD_MODULE object Console
  CALL_PRIMITIVE StartConcat
  LOAD_LOCAL variable name0
  CALL_PRIMITIVE StringConcat(REFERENCE(java.lang.String))
  CONSTANT (Constant( of depth ))
  CALL_PRIMITIVE StringConcat(REFERENCE(java.lang.String))
  LOAD_LOCAL variable depth0
  STORE_LOCAL variable boxed10
  LOAD_LOCAL variable boxed10
  BOX INT
  CALL_PRIMITIVE StringConcat(REFERENCE(java.lang.Object))
  CONSTANT (Constant(	 check: ))
  CALL_PRIMITIVE StringConcat(REFERENCE(java.lang.String))
  LOAD_LOCAL variable check0
  STORE_LOCAL variable boxed20
  LOAD_LOCAL variable boxed20
  BOX INT
  CALL_PRIMITIVE StringConcat(REFERENCE(java.lang.Object))
  CALL_PRIMITIVE EndConcat
  CALL_METHOD scala.Consolescala.Console.println (dynamic)
  JUMP 2
  
}
Exception handlers: 
  
Exception in thread "main" java.lang.RuntimeException: Could not find element key not found: 2
	at scala.Predef$.error(Predef.scala:76)
	at scala.tools.nsc.backend.icode.analysis.DataFlowAnalysis$class.forwardAnalysis(DataFlowAnalysis.scala:80)
	at scala.tools.nsc.backend.icode.analysis.TypeFlowAnalysis$MethodTFA.forwardAnalysis(TypeFlowAnalysis.scala:106)
	at scala.tools.nsc.backend.icode.analysis.TypeFlowAnalysis$MethodTFA.run(TypeFlowAnalysis.scala:163)
	at scala.tools.nsc.backend.opt.Inliners$Inliner.analyzeMethod(Inliners.scala:292)
	at scala.tools.nsc.backend.opt.Inliners$Inliner$$anonfun$analyzeClass$1.apply(Inliners.scala:270)
	at scala.tools.nsc.backend.opt.Inliners$Inliner$$anonfun$analyzeClass$1.apply(Inliners.scala:270)
	at scala.List.foreach(List.scala:834)
	at scala.tools.nsc.backend.opt.Inliners$Inliner.analyzeClass(Inliners.scala:270)
	at scala.tools.nsc.backend.opt.Inliners$InliningPhase.apply(Inliners.scala:36)
	at scala.tools.nsc.backend.icode.ICodes$ICodePhase$$anonfun$apply$1.apply(ICodes.scala:85)
	at scala.tools.nsc.backend.icode.ICodes$ICodePhase$$anonfun$apply$1.apply(ICodes.scala:85)
	at scala.Iterator$class.foreach(Iterator.scala:410)
	at scala.collection.mutable.FlatHashTable$$anon$1.foreach(FlatHashTable.scala:113)
	at scala.Iterable$class.foreach(Iterable.scala:256)
	at scala.collection.mutable.HashSet.foreach(HashSet.scala:31)
	at scala.tools.nsc.backend.icode.ICodes$ICodePhase.apply(ICodes.scala:85)
	at scala.tools.nsc.Global$GlobalPhase.applyPhase(Global.scala:268)
	at scala.tools.nsc.Global$GlobalPhase$$anonfun$run$1.apply(Global.scala:247)
	at scala.tools.nsc.Global$GlobalPhase$$anonfun$run$1.apply(Global.scala:247)
	at scala.Iterator$class.foreach(Iterator.scala:410)
	at scala.collection.mutable.ListBuffer$$anon$1.foreach(ListBuffer.scala:266)
	at scala.tools.nsc.Global$GlobalPhase.run(Global.scala:247)
	at scala.tools.nsc.Global$Run.compileSources(Global.scala:579)
	at scala.tools.nsc.Global$Run.compile(Global.scala:663)
	at scala.tools.nsc.Main$.process(Main.scala:84)
	at scala.tools.nsc.Main$.main(Main.scala:98)
	at scala.tools.nsc.Main.main(Main.scala)
make: [binarytrees.scala_run] Error 1 (ignored)

COMMAND LINE:
 /usr/local/src/scala-2.7.2.RC1/bin/scala -howtorun object binarytrees 12

PROGRAM FAILED 


PROGRAM OUTPUT:
java.lang.ClassNotFoundException: binarytrees
