
Wed, 23 Feb 2011 14:12:02 GMT

MAKE:
mv binarytrees.fsharp-3.fsharp binarytrees.fsharp-3.fs
/usr/local/src/mono-2.10/bin/mono /usr/local/src/FSharp-2.0.0.0/bin/fsc.exe --platform:x86 -O  -o binarytrees.fsharp-3.fsharp_run.exe binarytrees.fsharp-3.fs
Microsoft (R) F# 2.0 Compiler build 2.0.0.0
Copyright (c) Microsoft Corporation. All Rights Reserved.

/home/dunham/benchmarksgame/binarytrees/tmp/binarytrees.fsharp-3.fs(9,1): warning FS0221: The declarations in this file will be placed in an implicit module 'Binarytrees.fsharp-3' based on the file name 'binarytrees.fsharp-3.fs'. However this is not a valid F# identifier, so the contents will not be accessible from other files. Consider renaming the file or adding a 'module' or 'namespace' declaration at the top of the file.
rm binarytrees.fsharp-3.fs
4.98s to complete and log all make actions

COMMAND LINE:
/usr/local/src/mono-2.10/bin/mono --gc=sgen binarytrees.fsharp-3.fsharp_run.exe 20

PROGRAM OUTPUT:
stretch tree of depth 21	 check: -1
2097152	 trees of depth 4	 check: -2097152
524288	 trees of depth 6	 check: -524288
131072	 trees of depth 8	 check: -131072
32768	 trees of depth 10	 check: -32768
8192	 trees of depth 12	 check: -8192
2048	 trees of depth 14	 check: -2048
512	 trees of depth 16	 check: -512
128	 trees of depth 18	 check: -128
32	 trees of depth 20	 check: -32
long lived tree of depth 20	 check: -1
