
Wed, 21 Jan 2009 00:48:05 GMT

MAKE:
/usr/bin/gcc -pipe -Wall -O3 -fomit-frame-pointer -march=native -fopenmp -ansi -pedantic binarytrees.gcc-6.c -o binarytrees.gcc-6.gcc_run
rm binarytrees.gcc-6.c
0.23s to complete and log all make actions

COMMAND LINE:
./binarytrees.gcc-6.gcc_run 12

UNEXPECTED OUTPUT 

2,5c2,5
< 2048	 trees of depth 4	 check: -8192
< 512	 trees of depth 6	 check: -2048
< 32	 trees of depth 8	 check: -512
< 32	 trees of depth 10	 check: -128
---
> 8192	 trees of depth 4	 check: -8192
> 2048	 trees of depth 6	 check: -2048
> 512	 trees of depth 8	 check: -512
> 128	 trees of depth 10	 check: -128

PROGRAM OUTPUT:
stretch tree of depth 13	 check: -1
2048	 trees of depth 4	 check: -8192
512	 trees of depth 6	 check: -2048
32	 trees of depth 8	 check: -512
32	 trees of depth 10	 check: -128
32	 trees of depth 12	 check: -32
long lived tree of depth 12	 check: -1
