
Tue, 06 Oct 2009 08:14:40 GMT

MAKE:
mv chameneosredux.python-2.python chameneosredux.python-2.py
/usr/local/bin/python -OO -c "from py_compile import compile; compile('chameneosredux.python-2.py')"
0.03s to complete and log all make actions

COMMAND LINE:
/usr/local/bin/python chameneosredux.python-2.pyo 6000000

PROGRAM OUTPUT:
blue + blue -> blue
blue + red -> yellow
blue + yellow -> red
red + blue -> yellow
red + red -> red
red + yellow -> blue
yellow + blue -> red
yellow + red -> blue
yellow + yellow -> yellow

 blue red yellow
635435 zero
5670921 zero
5693644 zero
 one two zero zero zero zero zero zero

 blue red yellow red yellow blue red yellow red blue
1156790 zero
1238022 zero
1164628 zero
1231140 zero
1219670 zero
1183632 zero
1228670 zero
1218680 zero
1188964 zero
1169804 zero
 one two zero zero zero zero zero zero

