
Sat, 30 Apr 2011 04:22:46 GMT

COMMAND LINE:
/usr/bin/perl chameneosredux.perl 6000000

PROGRAM OUTPUT:
blue + blue -> blue
blue + red -> yellow
blue + yellow -> red
red + blue -> yellow
red + red -> red
red + yellow -> blue
yellow + blue -> red
yellow + red -> blue
yellow + yellow -> yellow

 blue red yellow
3971326 zero
3957096 zero
4071578 zero
 one two zero zero zero zero zero zero

 blue red yellow red yellow blue red yellow red blue
1209976 zero
1199844 zero
1195560 zero
1194292 zero
1185230 zero
1200862 zero
1189622 zero
1212412 zero
1210370 zero
1201832 zero
 one two zero zero zero zero zero zero

