
Sat, 30 Apr 2011 04:48:34 GMT

COMMAND LINE:
/usr/bin/perl chameneosredux.perl-3.perl 6000000

PROGRAM OUTPUT:
blue + blue -> blue
blue + red -> yellow
blue + yellow -> red
red + blue -> yellow
red + red -> red
red + yellow -> blue
yellow + blue -> red
yellow + red -> blue
yellow + yellow -> yellow

 blue red yellow
4038216 zero
4081172 zero
3880612 zero
 one two zero zero zero zero zero zero

 blue red yellow red yellow blue red yellow red blue
1191799 zero
1180721 zero
1232971 zero
1203318 zero
1189686 zero
1189966 zero
1209353 zero
1173414 zero
1187497 zero
1241275 zero
 one two zero zero zero zero zero zero

