
Tue, 10 Nov 2009 03:30:51 GMT

MAKE:
mv chameneosredux.javasteady-4.javasteady chameneosredux.java
/usr/lib/jvm/java-6-sun/bin/javac chameneosredux.java
0.60s to complete and log all make actions

COMMAND LINE:
/usr/lib/jvm/java-6-sun/bin/java  -server chameneosredux 6000000

PROGRAM OUTPUT:
blue + blue -> blue
blue + red -> yellow
blue + yellow -> red
red + blue -> yellow
red + red -> red
red + yellow -> blue
yellow + blue -> red
yellow + red -> blue
yellow + yellow -> yellow

 blue red yellow
4328416 zero
3821964 zero
3849620 zero
 one two zero zero zero zero zero zero

 blue red yellow red yellow blue red yellow red blue
950058 zero
1522231 zero
1158129 zero
1060668 zero
1152429 zero
963414 zero
1168045 zero
1293012 zero
1313318 zero
1418696 zero
 one two zero zero zero zero zero zero

