
Fri, 13 May 2011 06:37:53 GMT

MAKE:
mv chameneosredux.scala-2.scala chameneosredux.scala
/usr/local/src/scala-2.9.0.final/bin/scalac chameneosredux.scala
8.14s to complete and log all make actions

COMMAND LINE:
 /usr/local/src/jdk1.6.0_25/bin/java -server -XX:+TieredCompilation -XX:+AggressiveOpts  -Xbootclasspath/a:/usr/local/src/scala-2.9.0.final/lib/scala-library.jar chameneosredux 6000000

PROGRAM OUTPUT:
blue + blue -> blue
blue + red -> yellow
blue + yellow -> red
red + blue -> yellow
red + red -> red
red + yellow -> blue
yellow + blue -> red
yellow + red -> blue
yellow + yellow -> yellow

 blue red yellow
4700780 zero
3294474 zero
4004746 zero
one two zero zero zero zero zero zero

 blue red yellow red yellow blue red yellow red blue
1217354 zero
1212971 zero
1225524 zero
1186722 zero
1221053 zero
1237909 zero
1211038 zero
1230286 zero
1188931 zero
1068212 zero
one two zero zero zero zero zero zero

