
Sun, 14 Sep 2008 19:07:33 GMT

MAKE:
/usr/bin/nicec -d . --sourcepath ".:.." -a chameneosredux.jar tmp
nice.lang: parsing
tmp: parsing
tmp: typechecking
tmp: generating code
tmp: linking
tmp: writing in archive
nice.lang: writing in archive

COMMAND LINE:
/usr/bin/java -server -jar chameneosredux.jar 6000000

PROGRAM OUTPUT:
blue + blue -> blue
blue + red -> yellow
blue + yellow -> red
red + blue -> yellow
red + red -> red
red + yellow -> blue
yellow + blue -> red
yellow + red -> blue
yellow + yellow -> yellow

 blue red yellow
4004896 zero
3976689 zero
4018415 zero
 one two zero zero zero zero zero zero

 blue red yellow red yellow blue red yellow red blue
1378970 zero
1139827 zero
1242873 zero
1109168 zero
1041981 zero
1246588 zero
1170597 zero
1278205 zero
1168260 zero
1223531 zero
 one two zero zero zero zero zero zero

