
Tue, 08 Jun 2010 20:40:39 GMT

MAKE:
mv chameneosredux.ghc-3.ghc chameneosredux.ghc-3.hs
/usr/local/src/ghc-6.12.2/bin/ghc --make -O2 -fglasgow-exts -XBangPatterns -funbox-strict-fields -threaded chameneosredux.ghc-3.hs -o chameneosredux.ghc-3.ghc_run
[1 of 1] Compiling Main             ( chameneosredux.ghc-3.hs, chameneosredux.ghc-3.o )
Linking chameneosredux.ghc-3.ghc_run ...
rm chameneosredux.ghc-3.hs
0.80s to complete and log all make actions

COMMAND LINE:
./chameneosredux.ghc-3.ghc_run +RTS -K100M -N4 -RTS 6000000

PROGRAM OUTPUT:
blue + blue -> blue
blue + red -> yellow
blue + yellow -> red
red + blue -> yellow
red + red -> red
red + yellow -> blue
yellow + blue -> red
yellow + red -> blue
yellow + yellow -> yellow

 blue red yellow
4211372 zero
4091446 zero
3697182 zero
 one two zero zero zero zero zero zero

 blue red yellow red yellow blue red yellow red blue
1200091 zero
1200054 zero
1199725 zero
1200089 zero
1199996 zero
1199893 zero
1200032 zero
1200042 zero
1200027 zero
1200051 zero
 one two zero zero zero zero zero zero

