
Sun, 09 Nov 2008 01:50:04 GMT

MAKE:
/usr/local/src/mozart/bin/ozc  -x chameneosredux.oz
mv chameneosredux chameneosredux.oz_run
0.09s to complete and log all make actions

COMMAND LINE:
./chameneosredux.oz_run 6000000

PROGRAM OUTPUT:
blue + blue -> blue
blue + red -> yellow
blue + yellow -> red
red + blue -> yellow
red + red -> red
red + yellow -> blue
yellow + blue -> red
yellow + red -> blue
yellow + yellow -> yellow

 blue red yellow
4000001 zero
3999993 zero
4000006 zero
 one two zero zero zero zero zero zero

 blue red yellow red yellow blue red yellow red blue
1199997 zero
1199998 zero
1200000 zero
1200003 zero
1200003 zero
1199997 zero
1199999 zero
1200002 zero
1199997 zero
1200004 zero
 one two zero zero zero zero zero zero

