
Fri, 08 Apr 2011 05:51:26 GMT

COMMAND LINE:
/usr/local/src/ruby-1.9.2-p180/ruby chameneosredux.yarv 6000000

PROGRAM OUTPUT:
blue + blue -> blue
blue + red -> yellow
blue + yellow -> red
red + blue -> yellow
red + red -> red
red + yellow -> blue
yellow + blue -> red
yellow + red -> blue
yellow + yellow -> yellow

blue red yellow 
3984090 zero
4110480 zero
3905430 zero
 one two zero zero zero zero zero zero

blue red yellow red yellow blue red yellow red blue 
1195572 zero
1212195 zero
1208494 zero
1188587 zero
1190339 zero
1205726 zero
1201729 zero
1203994 zero
1194846 zero
1198518 zero
 one two zero zero zero zero zero zero

