
Wed, 28 Oct 2009 19:30:55 GMT

MAKE:
mv chameneosredux.ocaml-2.ocaml chameneosredux.ocaml-2.ml
/usr/local/bin/ocamlopt.opt -noassert -unsafe -nodynlink -inline 100 -thread unix.cmxa threads.cmxa chameneosredux.ocaml-2.ml -o chameneosredux.ocaml-2.ocaml_run
File "chameneosredux.ocaml-2.ml", line 1, characters 0-1:
Warning X: bad source file name: "Chameneosredux.ocaml-2" is not a valid module name.
rm chameneosredux.ocaml-2.ml
0.82s to complete and log all make actions

COMMAND LINE:
./chameneosredux.ocaml-2.ocaml_run 6000000

PROGRAM OUTPUT:
blue + blue -> blue
blue + red -> yellow
blue + yellow -> red
red + blue -> yellow
red + red -> red
red + yellow -> blue
yellow + blue -> red
yellow + red -> blue
yellow + yellow -> yellow

 blue red yellow
4117509 zero
4046389 zero
3836102 zero
 one two zero zero zero zero zero zero

 blue red yellow red yellow blue red yellow red blue
1218516 zero
1208758 zero
1202770 zero
1215224 zero
1223634 zero
1199924 zero
1175088 zero
1158736 zero
1211121 zero
1186229 zero
 one two zero zero zero zero zero zero

