
Fri, 29 Apr 2011 21:06:54 GMT

MAKE:
/usr/bin/g++ -c -pipe -O3 -fomit-frame-pointer -march=native   chameneosredux.gpp-5.c++ -o chameneosredux.gpp-5.c++.o &&  \
        /usr/bin/g++ chameneosredux.gpp-5.c++.o -o chameneosredux.gpp-5.gpp_run -lboost_thread -lboost_system 
rm chameneosredux.gpp-5.c++
0.68s to complete and log all make actions

COMMAND LINE:
./chameneosredux.gpp-5.gpp_run 6000000

PROGRAM OUTPUT:
blue + blue -> blue
blue + red -> yellow
blue + yellow -> red
red + blue -> yellow
red + red -> red
red + yellow -> blue
yellow + blue -> red
yellow + red -> blue
yellow + yellow -> yellow

 blue red yellow
5999871 zero
2989567 zero
3010562 zero
 one two zero zero zero zero zero zero

 blue red yellow red yellow blue red yellow red blue
965657 zero
1053319 zero
1494465 zero
957796 zero
880255 zero
1376823 zero
1000128 zero
1560965 zero
1131327 zero
1579265 zero
 one two zero zero zero zero zero zero

