
Fri, 07 Jan 2011 22:33:16 GMT

MAKE:
/usr/local/src/go/bin/8g -B -o chameneosredux.go-5.go.8 chameneosredux.go-5.go && \
	/usr/local/src/go/bin/8l -o chameneosredux.go-5.go_run chameneosredux.go-5.go.8
0.19s to complete and log all make actions

COMMAND LINE:
./chameneosredux.go-5.go_run 6000000

PROGRAM OUTPUT:
blue + blue -> blue
blue + red -> yellow
blue + yellow -> red
red + blue -> yellow
red + red -> red
red + yellow -> blue
yellow + blue -> red
yellow + red -> blue
yellow + yellow -> yellow

 blue red yellow
4000000 zero
4000000 zero
4000000 zero
 one two zero zero zero zero zero zero

 blue red yellow red yellow blue red yellow red blue
1200000 zero
1200000 zero
1200000 zero
1200000 zero
1200000 zero
1200000 zero
1200000 zero
1200000 zero
1200000 zero
1200000 zero
 one two zero zero zero zero zero zero

