
Sun, 24 Apr 2011 17:28:49 GMT

MAKE:
/usr/bin/gnatchop -r -w chameneosredux.gnat-3.gnat
splitting chameneosredux.gnat-3.gnat into:
   chameneosredux.adb
   chameneos.ads
   chameneos.adb
   chameneos-creatures.ads
   chameneos-creatures.adb
/usr/bin/gnatmake -gnatApn05 -O3 -fomit-frame-pointer -march=native -mfpmath=sse -msse2 -f chameneosredux.adb -o chameneosredux.gnat-3.gnat_run 
gcc-4.4 -c -gnatApn05 -O3 -fomit-frame-pointer -march=native -mfpmath=sse -msse2 chameneosredux.adb
gcc-4.4 -c -gnatApn05 -O3 -fomit-frame-pointer -march=native -mfpmath=sse -msse2 chameneos.adb
gcc-4.4 -c -gnatApn05 -O3 -fomit-frame-pointer -march=native -mfpmath=sse -msse2 chameneos-creatures.adb
gnatbind -x chameneosredux.ali
gnatlink chameneosredux.ali -fomit-frame-pointer -march=native -mfpmath=sse -msse2 -o chameneosredux.gnat-3.gnat_run
3.36s to complete and log all make actions

COMMAND LINE:
./chameneosredux.gnat-3.gnat_run 6000000

PROGRAM OUTPUT:
blue + blue -> blue
blue + red -> yellow
blue + yellow -> red
red + blue -> yellow
red + red -> red
red + yellow -> blue
yellow + blue -> red
yellow + red -> blue
yellow + yellow -> yellow

blue red yellow 
   4063096  zero 
   3956108  zero 
   3980796  zero 
one two zero zero zero zero zero zero 

blue red yellow red yellow blue red yellow red blue 
   1199523  zero 
   1199333  zero 
   1203475  zero 
   1199169  zero 
   1201983  zero 
   1199580  zero 
   1201904  zero 
   1205889  zero 
   1191387  zero 
   1197757  zero 
one two zero zero zero zero zero zero 

