
Mon, 08 Feb 2010 19:59:49 GMT

MAKE:
mv chameneosredux.python3-2.python3 chameneosredux.python3-2.py
/usr/local/src/Python-3.1.1/bin/python3.1 -OO -c "from py_compile import compile; compile('chameneosredux.python3-2.py')"
0.07s to complete and log all make actions

COMMAND LINE:
/usr/local/src/Python-3.1.1/bin/python3.1 chameneosredux.python3-2.pyo 6000000

PROGRAM OUTPUT:
blue + blue -> blue
blue + red -> yellow
blue + yellow -> red
red + blue -> yellow
red + red -> red
red + yellow -> blue
yellow + blue -> red
yellow + red -> blue
yellow + yellow -> yellow

 blue red yellow
3843071 zero
4551582 zero
3605347 zero
 one two zero zero zero zero zero zero

 blue red yellow red yellow blue red yellow red blue
1170640 zero
1209602 zero
1099144 zero
1214671 zero
1287426 zero
1141438 zero
1198360 zero
1287002 zero
1220988 zero
1170729 zero
 one two zero zero zero zero zero zero

