
Sat, 30 Apr 2011 04:59:45 GMT

COMMAND LINE:
/usr/bin/perl chameneosredux.perl-4.perl 6000000

PROGRAM OUTPUT:
blue + blue -> blue
blue + red -> yellow
blue + yellow -> red
red + blue -> yellow
red + red -> red
red + yellow -> blue
yellow + blue -> red
yellow + red -> blue
yellow + yellow -> yellow

 blue red yellow
3883883 zero
4034260 zero
4081857 zero
 one two zero zero zero zero zero zero

 blue red yellow red yellow blue red yellow red blue
1208710 zero
1168415 zero
1201497 zero
1199397 zero
1205717 zero
1192593 zero
1177540 zero
1207741 zero
1229366 zero
1209024 zero
 one two zero zero zero zero zero zero

