
Sat, 14 Aug 2010 18:13:12 GMT

MAKE:
/usr/local/src/ats-lang-anairiats-0.2.1/bin/atscc  -pipe -Wall -O3 -fomit-frame-pointer -march=native  fannkuchredux.dats -o fannkuchredux.ats_run
/usr/local/src/ats-lang-anairiats-0.2.1/lib/ats-anairiats-0.2.1/bin/atsopt --output fannkuchredux_dats.c --dynamic fannkuchredux.dats
fannkuchredux_dats.c: In function ‘array_get_elt_at__intsz_01249__ats_int_type’:
fannkuchredux_dats.c:227: warning: label ‘__ats_lab_array_get_elt_at__intsz_01249__ats_int_type’ defined but not used
fannkuchredux_dats.c: In function ‘fprint_iarr_0’:
fannkuchredux_dats.c:259: warning: label ‘__ats_lab_1’ defined but not used
fannkuchredux_dats.c:247: warning: label ‘__ats_lab_fprint_iarr_0’ defined but not used
fannkuchredux_dats.c: In function ‘array_set_elt_at__intsz_01250__ats_int_type’:
fannkuchredux_dats.c:274: warning: label ‘__ats_lab_array_set_elt_at__intsz_01250__ats_int_type’ defined but not used
fannkuchredux_dats.c: In function ‘perm_rotate_2’:
fannkuchredux_dats.c:311: warning: label ‘__ats_lab_3’ defined but not used
fannkuchredux_dats.c:296: warning: label ‘__ats_lab_perm_rotate_2’ defined but not used
fannkuchredux_dats.c: In function ‘perm_next_4’:
fannkuchredux_dats.c:347: warning: label ‘__ats_lab_5_0’ defined but not used
fannkuchredux_dats.c:339: warning: label ‘__ats_lab_4_1’ defined but not used
fannkuchredux_dats.c:338: warning: label ‘__ats_lab_4_0’ defined but not used
fannkuchredux_dats.c: In function ‘fannkuch_rev1_7’:
fannkuchredux_dats.c:414: warning: label ‘__ats_lab_fannkuch_rev1_7’ defined but not used
fannkuchredux_dats.c: In function ‘fannkuch_count_5’:
fannkuchredux_dats.c:479: warning: label ‘__ats_lab_7’ defined but not used
fannkuchredux_dats.c: In function ‘iarr_init_8’:
fannkuchredux_dats.c:535: warning: label ‘__ats_lab_9’ defined but not used
fannkuchredux_dats.c:524: warning: label ‘__ats_lab_iarr_init_8’ defined but not used
fannkuchredux_dats.c: In function ‘array_ptr_initialize_elt_01198__ats_int_type’:
fannkuchredux_dats.c:574: warning: label ‘__ats_lab_array_ptr_initialize_elt_01198__ats_int_type’ defined but not used
fannkuchredux_dats.c: In function ‘array_make_elt_01239__ats_int_type’:
fannkuchredux_dats.c:592: warning: label ‘__ats_lab_array_make_elt_01239__ats_int_type’ defined but not used
fannkuchredux_dats.c: In function ‘mainats’:
fannkuchredux_dats.c:630: warning: label ‘__ats_lab_mainats’ defined but not used
fannkuchredux_dats.c: At top level:
/usr/local/src/ats-lang-anairiats-0.2.1/lib/ats-anairiats-0.2.1/prelude/CATS/pointer.cats:52: warning: ‘atspre_null_ptr’ defined but not used
/usr/local/src/ats-lang-anairiats-0.2.1/lib/ats-anairiats-0.2.1/prelude/CATS/printf.cats:48: warning: ‘atspre_fprintf_err’ defined but not used
/usr/local/src/ats-lang-anairiats-0.2.1/lib/ats-anairiats-0.2.1/prelude/CATS/printf.cats:60: warning: ‘atspre_fprintf_exn’ defined but not used
/usr/local/src/ats-lang-anairiats-0.2.1/lib/ats-anairiats-0.2.1/prelude/CATS/printf.cats:90: warning: ‘atspre_prerrf_exn’ defined but not used
/usr/local/src/ats-lang-anairiats-0.2.1/lib/ats-anairiats-0.2.1/prelude/CATS/string.cats:351: warning: ‘atspre_stropt_none’ defined but not used
fannkuchredux_dats.c:238: warning: ‘fprint_iarr_0’ defined but not used
gcc -I/usr/local/src/ats-lang-anairiats-0.2.1/lib/ats-anairiats-0.2.1/ -I/usr/local/src/ats-lang-anairiats-0.2.1/lib/ats-anairiats-0.2.1/ccomp/runtime/ -L/usr/local/src/ats-lang-anairiats-0.2.1/lib/ats-anairiats-0.2.1/ccomp/lib/ /usr/local/src/ats-lang-anairiats-0.2.1/lib/ats-anairiats-0.2.1/ccomp/runtime/ats_prelude.c -pipe -Wall -O3 -fomit-frame-pointer -march=native fannkuchredux_dats.c -o fannkuchredux.ats_run -lats 
rm fannkuchredux.dats
0.44s to complete and log all make actions

COMMAND LINE:
./fannkuchredux.ats_run 12

PROGRAM OUTPUT:
3968050
Pfannkuchen(12) = 65
