
Fri, 30 Jan 2009 03:21:45 GMT

MAKE:
mv fannkuch.fpascal fannkuch.pas
/usr/local/bin/fpc -FuInclude/fpascal -XXs -Oppentiumm -Cppentiumm -O3 -Cfsse2  -oFPASCAL_RUN fannkuch.pas
Free Pascal Compiler version 2.2.2 [2008/07/29] for i386
Copyright (c) 1993-2008 by Florian Klaempfl
Target OS: Linux for i386
Compiling fannkuch.pas
Linking FPASCAL_RUN
119 lines compiled, 0.6 sec 
mv FPASCAL_RUN fannkuch.fpascal_run
rm fannkuch.pas
0.69s to complete and log all make actions

COMMAND LINE:
./fannkuch.fpascal_run 12

PROGRAM OUTPUT:
123456789101112
213456789101112
231456789101112
321456789101112
312456789101112
132456789101112
234156789101112
324156789101112
342156789101112
432156789101112
423156789101112
243156789101112
341256789101112
431256789101112
413256789101112
143256789101112
134256789101112
314256789101112
412356789101112
142356789101112
124356789101112
214356789101112
241356789101112
421356789101112
234516789101112
324516789101112
342516789101112
432516789101112
423516789101112
243516789101112
Pfannkuchen(12) = 65
