
Fri, 30 Jan 2009 05:49:30 GMT

MAKE:
mv fannkuch.pike fannkuch.pike
mv: `fannkuch.pike' and `fannkuch.pike' are the same file
make: [fannkuch.pike_run] Error 1 (ignored)
/usr/bin/pike -x dump fannkuch.pike
0.43s to complete and log all make actions

COMMAND LINE:
/usr/bin/pike fannkuch.pike 12

TIMED OUT after 300s


PROGRAM OUTPUT:
123456789101112
213456789101112
231456789101112
321456789101112
312456789101112
132456789101112
234156789101112
324156789101112
342156789101112
432156789101112
423156789101112
243156789101112
341256789101112
431256789101112
413256789101112
143256789101112
134256789101112
314256789101112
412356789101112
142356789101112
124356789101112
214356789101112
241356789101112
421356789101112
234516789101112
324516789101112
342516789101112
432516789101112
423516789101112
243516789101112
