
Fri, 12 Sep 2008 15:37:30 GMT

MAKE:
split_file.bash knucleotide.dats knucleotide.dats
splitfile  knucleotide.dats
splitfile  symtbl.dats
/usr/local/src/ats-lang-anairiats-0.0.1/bin/atscc -pipe -Wall -O3 -fomit-frame-pointer -include Include/simple_hash.h knucleotide.dats -o knucleotide.ats_run
/usr/local/src/ats-lang-anairiats-0.0.1/bin/atsopt --output knucleotide_dats.c --dynamic knucleotide.dats
GC initialization is done.
The 1st translation (fixity) of [knucleotide.dats] is successfully completed!
The 2nd translation (binding) of [knucleotide.dats] is successfully completed!
The 3rd translation (typechecking) of [knucleotide.dats] is successfully completed!
The 4th translation (proof erasure) of [knucleotide.dats] is successfully completed!
The 5th translation (code emission) of [knucleotide.dats] is successfully completed!
In file included from <command-line>:0:
./Include/simple_hash.h: In function ‘ht_node_create’:
./Include/simple_hash.h:57: warning: implicit declaration of function ‘exit’
./Include/simple_hash.h:57: warning: incompatible implicit declaration of built-in function ‘exit’
./Include/simple_hash.h:61: warning: incompatible implicit declaration of built-in function ‘exit’
./Include/simple_hash.h: In function ‘ht_destroy’:
./Include/simple_hash.h:106: warning: implicit declaration of function ‘free’
/usr/local/src/ats-lang-anairiats-0.0.1/ccomp/runtime/ats_prelude.c: In function ‘ats_caseof_failure’:
/usr/local/src/ats-lang-anairiats-0.0.1/ccomp/runtime/ats_prelude.c:99: warning: implicit declaration of function ‘ats_exit_errmsg’
In file included from <command-line>:0:
./Include/simple_hash.h: In function ‘ht_node_create’:
./Include/simple_hash.h:57: warning: implicit declaration of function ‘exit’
./Include/simple_hash.h:57: warning: incompatible implicit declaration of built-in function ‘exit’
./Include/simple_hash.h:61: warning: incompatible implicit declaration of built-in function ‘exit’
./Include/simple_hash.h: In function ‘ht_destroy’:
./Include/simple_hash.h:106: warning: implicit declaration of function ‘free’
In file included from knucleotide_dats.c:19:
/usr/local/src/ats-lang-anairiats-0.0.1/prelude/CATS/char.cats: In function ‘atspre_char_isblank’:
/usr/local/src/ats-lang-anairiats-0.0.1/prelude/CATS/char.cats:185: warning: implicit declaration of function ‘isblank’
In file included from knucleotide_dats.c:32:
/usr/local/src/ats-lang-anairiats-0.0.1/libc/CATS/stdio.cats: In function ‘atslib_fclose_stdin’:
/usr/local/src/ats-lang-anairiats-0.0.1/libc/CATS/stdio.cats:82: warning: implicit declaration of function ‘atslib_fclose’
/usr/local/src/ats-lang-anairiats-0.0.1/libc/CATS/stdio.cats: In function ‘atslib_fseek_exn’:
/usr/local/src/ats-lang-anairiats-0.0.1/libc/CATS/stdio.cats:349: warning: ‘return’ with no value, in function returning non-void
/usr/local/src/ats-lang-anairiats-0.0.1/libc/CATS/stdio.cats: In function ‘atslib_perror’:
/usr/local/src/ats-lang-anairiats-0.0.1/libc/CATS/stdio.cats:406: warning: ‘return’ with no value, in function returning non-void
/usr/local/src/ats-lang-anairiats-0.0.1/libc/CATS/stdio.cats: In function ‘atslib_remove_exn’:
/usr/local/src/ats-lang-anairiats-0.0.1/libc/CATS/stdio.cats:444: warning: ‘return’ with no value, in function returning non-void
knucleotide_dats.c: In function ‘_2fhome_2fdunham_2fbenchmarksgame_2fknucleotide_2ftmp_2fsymtbl_2edats__print_symbol’:
knucleotide_dats.c:168: warning: label ‘__ats_lab__2fhome_2fdunham_2fbenchmarksgame_2fknucleotide_2ftmp_2fsymtbl_2edats__print_symbol’ defined but not used
knucleotide_dats.c: In function ‘_2fhome_2fdunham_2fbenchmarksgame_2fknucleotide_2ftmp_2fsymtbl_2edats__symtbl_make’:
knucleotide_dats.c:188: warning: label ‘__ats_lab__2fhome_2fdunham_2fbenchmarksgame_2fknucleotide_2ftmp_2fsymtbl_2edats__symtbl_make’ defined but not used
knucleotide_dats.c: In function ‘symtbl_clear’:
knucleotide_dats.c:213: warning: label ‘__ats_lab_symtbl_clear’ defined but not used
knucleotide_dats.c: In function ‘symtbl_search’:
knucleotide_dats.c:234: warning: label ‘__ats_lab_symtbl_search’ defined but not used
knucleotide_dats.c: In function ‘symtbl_resize_4’:
knucleotide_dats.c:261: warning: label ‘__ats_lab_symtbl_resize_4’ defined but not used
knucleotide_dats.c: In function ‘symtbl_resize_if_5’:
knucleotide_dats.c:288: warning: label ‘__ats_lab_symtbl_resize_if_5’ defined but not used
knucleotide_dats.c: In function ‘symtbl_insert’:
knucleotide_dats.c:320: warning: label ‘__ats_lab_symtbl_insert’ defined but not used
knucleotide_dats.c: In function ‘_2fhome_2fdunham_2fbenchmarksgame_2fknucleotide_2ftmp_2fsymtbl_2edats__symtbl_fold’:
knucleotide_dats.c:349: warning: label ‘__ats_lab__2fhome_2fdunham_2fbenchmarksgame_2fknucleotide_2ftmp_2fsymtbl_2edats__symtbl_fold’ defined but not used
knucleotide_dats.c: In function ‘_2fhome_2fdunham_2fbenchmarksgame_2fknucleotide_2ftmp_2fsymtbl_2edats__symtbl_dna’:
knucleotide_dats.c:363: warning: label ‘__ats_lab__2fhome_2fdunham_2fbenchmarksgame_2fknucleotide_2ftmp_2fsymtbl_2edats__symtbl_dna’ defined but not used
knucleotide_dats.c: In function ‘frqlst_append_9’:
knucleotide_dats.c:390: warning: label ‘__ats_lab_1_1’ defined but not used
knucleotide_dats.c:380: warning: label ‘__ats_lab_0_1’ defined but not used
knucleotide_dats.c:378: warning: label ‘__ats_lab_0_0’ defined but not used
knucleotide_dats.c: In function ‘qsort_10’:
knucleotide_dats.c:430: warning: label ‘__ats_lab_3_1’ defined but not used
knucleotide_dats.c:415: warning: label ‘__ats_lab_2_1’ defined but not used
knucleotide_dats.c:413: warning: label ‘__ats_lab_2_0’ defined but not used
knucleotide_dats.c:410: warning: label ‘__ats_lab_qsort_10’ defined but not used
knucleotide_dats.c: In function ‘partition_11’:
knucleotide_dats.c:491: warning: label ‘__ats_lab_5_1’ defined but not used
knucleotide_dats.c:457: warning: label ‘__ats_lab_4_1’ defined but not used
knucleotide_dats.c:455: warning: label ‘__ats_lab_4_0’ defined but not used
knucleotide_dats.c: In function ‘print_frqlst_12’:
knucleotide_dats.c:536: warning: label ‘__ats_lab_7_1’ defined but not used
knucleotide_dats.c:520: warning: label ‘__ats_lab_6_1’ defined but not used
knucleotide_dats.c:518: warning: label ‘__ats_lab_6_0’ defined but not used
knucleotide_dats.c: In function ‘f_14’:
knucleotide_dats.c:548: warning: label ‘__ats_lab_f_14’ defined but not used
knucleotide_dats.c: In function ‘f_15’:
knucleotide_dats.c:580: warning: label ‘__ats_lab_f_15’ defined but not used
knucleotide_dats.c: In function ‘write_frequencies_13’:
knucleotide_dats.c:626: warning: label ‘__ats_lab_write_frequencies_13’ defined but not used
knucleotide_dats.c: In function ‘write_count_16’:
knucleotide_dats.c:657: warning: label ‘__ats_lab_write_count_16’ defined but not used
knucleotide_dats.c: In function ‘charlst_is_nil’:
knucleotide_dats.c:684: warning: label ‘__ats_lab_9_1’ defined but not used
knucleotide_dats.c:677: warning: label ‘__ats_lab_8_1’ defined but not used
knucleotide_dats.c:675: warning: label ‘__ats_lab_8_0’ defined but not used
knucleotide_dats.c:672: warning: label ‘__ats_lab_charlst_is_nil’ defined but not used
knucleotide_dats.c: In function ‘charlst_uncons’:
knucleotide_dats.c:698: warning: label ‘__ats_lab_charlst_uncons’ defined but not used
knucleotide_dats.c: In function ‘_2fhome_2fdunham_2fbenchmarksgame_2fknucleotide_2ftmp_2fknucleotide_2edats__getline’:
knucleotide_dats.c:748: warning: label ‘__ats_lab__2fhome_2fdunham_2fbenchmarksgame_2fknucleotide_2ftmp_2fknucleotide_2edats__getline’ defined but not used
knucleotide_dats.c: In function ‘_2fhome_2fdunham_2fbenchmarksgame_2fknucleotide_2ftmp_2fknucleotide_2edats__getrest’:
knucleotide_dats.c:802: warning: label ‘__ats_lab__2fhome_2fdunham_2fbenchmarksgame_2fknucleotide_2ftmp_2fknucleotide_2edats__getrest’ defined but not used
knucleotide_dats.c: In function ‘mainats’:
knucleotide_dats.c:852: warning: label ‘__ats_lab_mainats’ defined but not used
knucleotide_dats.c: In function ‘main’:
knucleotide_dats.c:906: warning: implicit declaration of function ‘ats_gc_init’
knucleotide_dats.c:907: warning: implicit declaration of function ‘mainats_prelude’
knucleotide_dats.c: At top level:
/usr/local/src/ats-lang-anairiats-0.0.1/prelude/CATS/pointer.cats:53: warning: ‘atspre_null_ptr’ defined but not used
/usr/local/src/ats-lang-anairiats-0.0.1/prelude/CATS/printf.cats:50: warning: ‘atspre_fprintf_err’ defined but not used
/usr/local/src/ats-lang-anairiats-0.0.1/prelude/CATS/printf.cats:61: warning: ‘atspre_fprintf_exn’ defined but not used
/usr/local/src/ats-lang-anairiats-0.0.1/prelude/CATS/printf.cats:73: warning: ‘atspre_printf_err’ defined but not used
/usr/local/src/ats-lang-anairiats-0.0.1/prelude/CATS/printf.cats:98: warning: ‘atspre_prerrf_exn’ defined but not used
/usr/local/src/ats-lang-anairiats-0.0.1/prelude/CATS/string.cats:308: warning: ‘atspre_string_tolower’ defined but not used
/usr/local/src/ats-lang-anairiats-0.0.1/prelude/CATS/string.cats:321: warning: ‘atspre_string_toupper’ defined but not used
/usr/local/src/ats-lang-anairiats-0.0.1/prelude/CATS/string.cats:337: warning: ‘atspre_stropt_none’ defined but not used
/tmp/ccmnX5ID.o: In function `ht_val':
knucleotide_dats.c:(.text+0x0): multiple definition of `ht_val'
/tmp/ccjpt04B.o:ats_prelude.c:(.text+0x0): first defined here
/tmp/ccmnX5ID.o: In function `ht_key':
knucleotide_dats.c:(.text+0x10): multiple definition of `ht_key'
/tmp/ccjpt04B.o:ats_prelude.c:(.text+0x10): first defined here
/tmp/ccmnX5ID.o: In function `ht_hashcode':
knucleotide_dats.c:(.text+0x20): multiple definition of `ht_hashcode'
/tmp/ccjpt04B.o:ats_prelude.c:(.text+0x20): first defined here
/tmp/ccmnX5ID.o: In function `ht_next':
knucleotide_dats.c:(.text+0x60): multiple definition of `ht_next'
/tmp/ccjpt04B.o:ats_prelude.c:(.text+0x60): first defined here
/tmp/ccmnX5ID.o: In function `ht_count':
knucleotide_dats.c:(.text+0xb0): multiple definition of `ht_count'
/tmp/ccjpt04B.o:ats_prelude.c:(.text+0xb0): first defined here
/tmp/ccmnX5ID.o: In function `ht_destroy':
knucleotide_dats.c:(.text+0x5a0): multiple definition of `ht_destroy'
/tmp/ccjpt04B.o:ats_prelude.c:(.text+0x200): first defined here
/tmp/ccmnX5ID.o: In function `ht_create':
knucleotide_dats.c:(.text+0x610): multiple definition of `ht_create'
/tmp/ccjpt04B.o:ats_prelude.c:(.text+0x370): first defined here
/tmp/ccmnX5ID.o: In function `ht_node_create':
knucleotide_dats.c:(.text+0x680): multiple definition of `ht_node_create'
/tmp/ccjpt04B.o:ats_prelude.c:(.text+0x420): first defined here
/tmp/ccmnX5ID.o: In function `ht_find':
knucleotide_dats.c:(.text+0x7a0): multiple definition of `ht_find'
/tmp/ccjpt04B.o:ats_prelude.c:(.text+0x490): first defined here
/tmp/ccmnX5ID.o: In function `ht_find_new':
knucleotide_dats.c:(.text+0x820): multiple definition of `ht_find_new'
/tmp/ccjpt04B.o:ats_prelude.c:(.text+0x510): first defined here
/tmp/ccmnX5ID.o: In function `ht_first':
knucleotide_dats.c:(.text+0x8d0): multiple definition of `ht_first'
/tmp/ccjpt04B.o:ats_prelude.c:(.text+0x5c0): first defined here
collect2: ld returned 1 exit status
Exit: [gcc] failed.
gcc -I/usr/local/src/ats-lang-anairiats-0.0.1/ -I/usr/local/src/ats-lang-anairiats-0.0.1/ccomp/runtime/ -L/usr/local/src/ats-lang-anairiats-0.0.1/ccomp/lib/ /usr/local/src/ats-lang-anairiats-0.0.1/ccomp/runtime/ats_prelude.c -pipe -Wall -O3 -fomit-frame-pointer -include Include/simple_hash.h knucleotide_dats.c -o knucleotide.ats_run -lats 
rm knucleotide.dats

COMMAND LINE:
./knucleotide.ats_run 0 < knucleotide-input50000.txt

MAKE ERROR 

