
Fri, 02 Apr 2010 23:15:28 GMT

MAKE:
cp: `knucleotide.sbcl-3.sbcl' and `./knucleotide.sbcl-3.sbcl' are the same file
SBCL built with: /usr/local/bin/sbcl --userinit /dev/null --batch --eval '(load "knucleotide.sbcl-3.sbcl_compile")'
### START knucleotide.sbcl-3.sbcl_compile
(proclaim '(optimize (speed 3) (safety 0) (debug 0) (compilation-speed 0) (space 0)))
(handler-bind ((sb-ext:defconstant-uneql      (lambda (c) (abort c))))      (load (compile-file "knucleotide.sbcl-3.sbcl" ))) (save-lisp-and-die "sbcl.core" :purify t)
### END knucleotide.sbcl-3.sbcl_compile


; compiling file "/home/dunham/shootout/bench/knucleotide/knucleotide.sbcl-3.sbcl" (written 01 JUN 2009 11:54:18 AM):
; compiling (DEFUN SLICE-AND-DICE ...)
; file: /home/dunham/shootout/bench/knucleotide/knucleotide.sbcl-3.sbcl
; in: DEFUN SLICE-AND-DICE
;     (1- (EXPT 4 K))
; ==>
;   (- (EXPT 4 K) 1)
; 
; note: forced to do GENERIC-- (cost 10)
;       unable to do inline fixnum arithmetic (cost 1) because:
;       The first argument is a (RATIONAL 0), not a FIXNUM.
;       The result is a (VALUES (RATIONAL -1) &OPTIONAL), not a (VALUES FIXNUM
;                                                                       &REST T).
;       unable to do inline fixnum arithmetic (cost 2) because:
;       The first argument is a (RATIONAL 0), not a FIXNUM.
;       The result is a (VALUES (RATIONAL -1) &OPTIONAL), not a (VALUES FIXNUM
;                                                                       &REST T).
;       etc.

;     (LOGAND MASK (LETTER-TO-NUM GENE I GENE-NUM))
; 
; note: forced to do static-fun Two-arg-and (cost 53)
;       unable to do inline fixnum arithmetic (cost 2) because:
;       The first argument is a (INTEGER -1), not a FIXNUM.
;       The second argument is a INTEGER, not a FIXNUM.
;       The result is a (VALUES INTEGER &OPTIONAL), not a (VALUES FIXNUM &REST T).
;       unable to do inline (unsigned-byte 32) arithmetic (cost 3) because:
;       The first argument is a (INTEGER -1), not a (UNSIGNED-BYTE 32).
;       The second argument is a INTEGER, not a (SIGNED-BYTE 32).
;       The result is a (VALUES INTEGER &OPTIONAL), not a (VALUES
;                                                          (UNSIGNED-BYTE 32)
;                                                          &REST T).
;       etc.

; compiling (DECLAIM (INLINE LETTER-TO-NUM))
; compiling (DEFUN LETTER-TO-NUM ...)
; file: /home/dunham/shootout/bench/knucleotide/knucleotide.sbcl-3.sbcl
; in: DEFUN LETTER-TO-NUM
;     (ASH IDX 2)
; 
; note: forced to do full call
;       unable to do inline ASH (cost 2) because:
;       The first argument is a INTEGER, not a FIXNUM.
;       The result is a (VALUES INTEGER &OPTIONAL), not a (VALUES FIXNUM &REST T).
;       unable to do inline ASH (cost 3) because:
;       The first argument is a INTEGER, not a (UNSIGNED-BYTE 32).
;       The result is a (VALUES INTEGER &OPTIONAL), not a (VALUES
;                                                          (UNSIGNED-BYTE 32)
;                                                          &REST T).
;       etc.

;     (LOGXOR (ASH IDX 2) 3)
; 
; note: forced to do static-fun Two-arg-xor (cost 53)
;       unable to do inline fixnum arithmetic (cost 1) because:
;       The first argument is a INTEGER, not a FIXNUM.
;       The result is a (VALUES INTEGER &OPTIONAL), not a (VALUES FIXNUM &REST T).
;       unable to do inline (unsigned-byte 32) arithmetic (cost 2) because:
;       The first argument is a INTEGER, not a (UNSIGNED-BYTE 32).
;       The result is a (VALUES INTEGER &OPTIONAL), not a (VALUES
;                                                          (UNSIGNED-BYTE 32)
;                                                          &REST T).
;       etc.

;     (ASH IDX 2)
; 
; note: forced to do full call
;       unable to do inline ASH (cost 2) because:
;       The first argument is a INTEGER, not a FIXNUM.
;       The result is a (VALUES INTEGER &OPTIONAL), not a (VALUES FIXNUM &REST T).
;       unable to do inline ASH (cost 3) because:
;       The first argument is a INTEGER, not a (UNSIGNED-BYTE 32).
;       The result is a (VALUES INTEGER &OPTIONAL), not a (VALUES
;                                                          (UNSIGNED-BYTE 32)
;                                                          &REST T).
;       etc.

;     (LOGXOR (ASH IDX 2) 2)
; 
; note: forced to do static-fun Two-arg-xor (cost 53)
;       unable to do inline fixnum arithmetic (cost 1) because:
;       The first argument is a INTEGER, not a FIXNUM.
;       The result is a (VALUES INTEGER &OPTIONAL), not a (VALUES FIXNUM &REST T).
;       unable to do inline (unsigned-byte 32) arithmetic (cost 2) because:
;       The first argument is a INTEGER, not a (UNSIGNED-BYTE 32).
;       The result is a (VALUES INTEGER &OPTIONAL), not a (VALUES
;                                                          (UNSIGNED-BYTE 32)
;                                                          &REST T).
;       etc.

;     (ASH IDX 2)
; 
; note: forced to do full call
;       unable to do inline ASH (cost 2) because:
;       The first argument is a INTEGER, not a FIXNUM.
;       The result is a (VALUES INTEGER &OPTIONAL), not a (VALUES FIXNUM &REST T).
;       unable to do inline ASH (cost 3) because:
;       The first argument is a INTEGER, not a (UNSIGNED-BYTE 32).
;       The result is a (VALUES INTEGER &OPTIONAL), not a (VALUES
;                                                          (UNSIGNED-BYTE 32)
;                                                          &REST T).
;       etc.

;     (LOGXOR (ASH IDX 2) 1)
; 
; note: forced to do static-fun Two-arg-xor (cost 53)
;       unable to do inline fixnum arithmetic (cost 1) because:
;       The first argument is a INTEGER, not a FIXNUM.
;       The result is a (VALUES INTEGER &OPTIONAL), not a (VALUES FIXNUM &REST T).
;       unable to do inline (unsigned-byte 32) arithmetic (cost 2) because:
;       The first argument is a INTEGER, not a (UNSIGNED-BYTE 32).
;       The result is a (VALUES INTEGER &OPTIONAL), not a (VALUES
;                                                          (UNSIGNED-BYTE 32)
;                                                          &REST T).
;       etc.

;     (ASH IDX 2)
; 
; note: forced to do full call
;       unable to do inline ASH (cost 2) because:
;       The first argument is a INTEGER, not a FIXNUM.
;       The result is a (VALUES INTEGER &OPTIONAL), not a (VALUES FIXNUM &REST T).
;       unable to do inline ASH (cost 3) because:
;       The first argument is a INTEGER, not a (UNSIGNED-BYTE 32).
;       The result is a (VALUES INTEGER &OPTIONAL), not a (VALUES
;                                                          (UNSIGNED-BYTE 32)
;                                                          &REST T).
;       etc.

; compiling (DECLAIM (INLINE GENE-TO-NUM))
; compiling (DEFUN GENE-TO-NUM ...)
; file: /home/dunham/shootout/bench/knucleotide/knucleotide.sbcl-3.sbcl
; in: DEFUN GENE-TO-NUM
;     (LENGTH GENE)
; 
; note: unable to
;   optimize
; due to type uncertainty:
;   The first argument is a SEQUENCE, not a (SIMPLE-ARRAY * (*)).
; 
; note: unable to
;   optimize
; due to type uncertainty:
;   The first argument is a SEQUENCE, not a VECTOR.

; in: DEFUN LETTER-TO-NUM
;     (ASH IDX 2)
; 
; note: forced to do full call
;       unable to do inline ASH (cost 2) because:
;       The first argument is a INTEGER, not a FIXNUM.
;       The result is a (VALUES INTEGER &OPTIONAL), not a (VALUES FIXNUM &REST T).
;       unable to do inline ASH (cost 3) because:
;       The first argument is a INTEGER, not a (UNSIGNED-BYTE 32).
;       The result is a (VALUES INTEGER &OPTIONAL), not a (VALUES
;                                                          (UNSIGNED-BYTE 32)
;                                                          &REST T).
;       etc.

;     (LOGXOR (ASH IDX 2) 3)
; 
; note: forced to do static-fun Two-arg-xor (cost 53)
;       unable to do inline fixnum arithmetic (cost 1) because:
;       The first argument is a INTEGER, not a FIXNUM.
;       The result is a (VALUES INTEGER &OPTIONAL), not a (VALUES FIXNUM &REST T).
;       unable to do inline (unsigned-byte 32) arithmetic (cost 2) because:
;       The first argument is a INTEGER, not a (UNSIGNED-BYTE 32).
;       The result is a (VALUES INTEGER &OPTIONAL), not a (VALUES
;                                                          (UNSIGNED-BYTE 32)
;                                                          &REST T).
;       etc.

;     (ASH IDX 2)
; 
; note: forced to do full call
;       unable to do inline ASH (cost 2) because:
;       The first argument is a INTEGER, not a FIXNUM.
;       The result is a (VALUES INTEGER &OPTIONAL), not a (VALUES FIXNUM &REST T).
;       unable to do inline ASH (cost 3) because:
;       The first argument is a INTEGER, not a (UNSIGNED-BYTE 32).
;       The result is a (VALUES INTEGER &OPTIONAL), not a (VALUES
;                                                          (UNSIGNED-BYTE 32)
;                                                          &REST T).
;       etc.

;     (LOGXOR (ASH IDX 2) 2)
; 
; note: forced to do static-fun Two-arg-xor (cost 53)
;       unable to do inline fixnum arithmetic (cost 1) because:
;       The first argument is a INTEGER, not a FIXNUM.
;       The result is a (VALUES INTEGER &OPTIONAL), not a (VALUES FIXNUM &REST T).
;       unable to do inline (unsigned-byte 32) arithmetic (cost 2) because:
;       The first argument is a INTEGER, not a (UNSIGNED-BYTE 32).
;       The result is a (VALUES INTEGER &OPTIONAL), not a (VALUES
;                                                          (UNSIGNED-BYTE 32)
;                                                          &REST T).
;       etc.

;     (ASH IDX 2)
; 
; note: forced to do full call
;       unable to do inline ASH (cost 2) because:
;       The first argument is a INTEGER, not a FIXNUM.
;       The result is a (VALUES INTEGER &OPTIONAL), not a (VALUES FIXNUM &REST T).
;       unable to do inline ASH (cost 3) because:
;       The first argument is a INTEGER, not a (UNSIGNED-BYTE 32).
;       The result is a (VALUES INTEGER &OPTIONAL), not a (VALUES
;                                                          (UNSIGNED-BYTE 32)
;                                                          &REST T).
;       etc.

;     (LOGXOR (ASH IDX 2) 1)
; 
; note: forced to do static-fun Two-arg-xor (cost 53)
;       unable to do inline fixnum arithmetic (cost 1) because:
;       The first argument is a INTEGER, not a FIXNUM.
;       The result is a (VALUES INTEGER &OPTIONAL), not a (VALUES FIXNUM &REST T).
;       unable to do inline (unsigned-byte 32) arithmetic (cost 2) because:
;       The first argument is a INTEGER, not a (UNSIGNED-BYTE 32).
;       The result is a (VALUES INTEGER &OPTIONAL), not a (VALUES
;                                                          (UNSIGNED-BYTE 32)
;                                                          &REST T).
;       etc.

;     (ASH IDX 2)
; 
; note: forced to do full call
;       unable to do inline ASH (cost 2) because:
;       The first argument is a INTEGER, not a FIXNUM.
;       The result is a (VALUES INTEGER &OPTIONAL), not a (VALUES FIXNUM &REST T).
;       unable to do inline ASH (cost 3) because:
;       The first argument is a INTEGER, not a (UNSIGNED-BYTE 32).
;       The result is a (VALUES INTEGER &OPTIONAL), not a (VALUES
;                                                          (UNSIGNED-BYTE 32)
;                                                          &REST T).
;       etc.

; compiling (DECLAIM (INLINE NUM-TO-GENE))
; compiling (DEFUN NUM-TO-GENE ...)
; compiling (DEFUN DISCARD-DATA-HEADER ...)
; compiling (DEFUN READ-DATA ...)
; file: /home/dunham/shootout/bench/knucleotide/knucleotide.sbcl-3.sbcl
; in: DEFUN READ-DATA
;     (COERCE DATA 'SIMPLE-BASE-STRING)
; --> THE IF 
; ==>
;   (REPLACE (MAKE-ARRAY (LENGTH SB-C::X) :ELEMENT-TYPE 'BASE-CHAR) SB-C::X)
; 
; note: unable to
;   optimize
; due to type uncertainty:
;   The second argument is a BASE-STRING, not a SIMPLE-BASE-STRING.

; compiling (DEFUN PRINT-PRECENTAGES ...)
; file: /home/dunham/shootout/bench/knucleotide/knucleotide.sbcl-3.sbcl
; in: DEFUN PRINT-PRECENTAGES
;     (/ (CDR ENTRY) (FLOAT SUM))
; 
; note: unable to
;   optimize
; due to type uncertainty:
;   The first argument is a NUMBER, not a RATIONAL.
; 
; note: unable to
;   optimize
; due to type uncertainty:
;   The first argument is a NUMBER, not a SINGLE-FLOAT.
;   The second argument is a FLOAT, not a DOUBLE-FLOAT.
; 
; note: unable to
;   optimize
; due to type uncertainty:
;   The first argument is a NUMBER, not a DOUBLE-FLOAT.
;   The second argument is a FLOAT, not a SINGLE-FLOAT.
; 
; note: unable to
;   optimize
; due to type uncertainty:
;   The first argument is a NUMBER, not a (COMPLEX SINGLE-FLOAT).
; 
; note: unable to
;   optimize
; due to type uncertainty:
;   The first argument is a NUMBER, not a (COMPLEX DOUBLE-FLOAT).

;     (* (/ (CDR ENTRY) (FLOAT SUM)) 100.0)
; 
; note: unable to
;   optimize
; due to type uncertainty:
;   The first argument is a NUMBER, not a RATIONAL.
; 
; note: unable to
;   optimize
; due to type uncertainty:
;   The first argument is a NUMBER, not a DOUBLE-FLOAT.
; 
; note: unable to
;   optimize
; due to type uncertainty:
;   The first argument is a NUMBER, not a (COMPLEX SINGLE-FLOAT).
; 
; note: unable to
;   optimize
; due to type uncertainty:
;   The first argument is a NUMBER, not a (COMPLEX DOUBLE-FLOAT).

;     (INCF SUM V)
; --> LET* 
; ==>
;   (+ SUM #:G99)
; 
; note: unable to
;   optimize
; due to type uncertainty:
;   The first argument is a NUMBER, not a RATIONAL.
;   The second argument is a NUMBER, not a FLOAT.
; 
; note: unable to
;   optimize
; due to type uncertainty:
;   The first argument is a NUMBER, not a FLOAT.
;   The second argument is a NUMBER, not a RATIONAL.
; 
; note: unable to
;   optimize
; due to type uncertainty:
;   The first argument is a NUMBER, not a SINGLE-FLOAT.
;   The second argument is a NUMBER, not a DOUBLE-FLOAT.
; 
; note: unable to
;   optimize
; due to type uncertainty:
;   The first argument is a NUMBER, not a DOUBLE-FLOAT.
;   The second argument is a NUMBER, not a SINGLE-FLOAT.
; 
; note: unable to
;   optimize
; due to type uncertainty:
;   The first argument is a NUMBER, not a (COMPLEX SINGLE-FLOAT).
;   The second argument is a NUMBER, not a (COMPLEX SINGLE-FLOAT).
; 
; note: unable to
;   optimize
; due to type uncertainty:
;   The first argument is a NUMBER, not a (COMPLEX SINGLE-FLOAT).
;   The second argument is a NUMBER, not a REAL.
; 
; note: unable to
;   optimize
; due to type uncertainty:
;   The first argument is a NUMBER, not a REAL.
;   The second argument is a NUMBER, not a (COMPLEX SINGLE-FLOAT).
; 
; note: unable to
;   optimize
; due to type uncertainty:
;   The first argument is a NUMBER, not a (COMPLEX DOUBLE-FLOAT).
;   The second argument is a NUMBER, not a (COMPLEX DOUBLE-FLOAT).
; 
; note: unable to
;   optimize
; due to type uncertainty:
;   The first argument is a NUMBER, not a (COMPLEX DOUBLE-FLOAT).
;   The second argument is a NUMBER, not a REAL.
; 
; note: unable to
;   optimize
; due to type uncertainty:
;   The first argument is a NUMBER, not a REAL.
;   The second argument is a NUMBER, not a (COMPLEX DOUBLE-FLOAT).
; 
; note: forced to do GENERIC-+ (cost 10)
;       unable to do inline float arithmetic (cost 2) because:
;       The first argument is a NUMBER, not a DOUBLE-FLOAT.
;       The second argument is a NUMBER, not a DOUBLE-FLOAT.
;       The result is a (VALUES NUMBER &OPTIONAL), not a (VALUES DOUBLE-FLOAT
;                                                                &REST T).
;       unable to do inline float arithmetic (cost 2) because:
;       The first argument is a NUMBER, not a SINGLE-FLOAT.
;       The second argument is a NUMBER, not a SINGLE-FLOAT.
;       The result is a (VALUES NUMBER &OPTIONAL), not a (VALUES SINGLE-FLOAT
;                                                                &REST T).
;       etc.

;     (FLOAT SUM)
; --> IF 
; ==>
;   (SB-KERNEL:%SINGLE-FLOAT SB-C::N)
; 
; note: forced to do full call
;       unable to do inline float coercion (cost 5) because:
;       The first argument is a RATIONAL, not a (SIGNED-BYTE 32).
;       unable to do inline float coercion (cost 6) because:
;       The first argument is a RATIONAL, not a (UNSIGNED-BYTE 32).

;     (/ (CDR ENTRY) (FLOAT SUM))
; 
; note: forced to do static-fun Two-arg-/ (cost 53)
;       unable to do inline float arithmetic (cost 12) because:
;       The first argument is a NUMBER, not a DOUBLE-FLOAT.
;       The second argument is a FLOAT, not a DOUBLE-FLOAT.
;       The result is a (VALUES NUMBER &OPTIONAL), not a (VALUES DOUBLE-FLOAT
;                                                                &REST T).
;       unable to do inline float arithmetic (cost 12) because:
;       The first argument is a NUMBER, not a SINGLE-FLOAT.
;       The second argument is a FLOAT, not a SINGLE-FLOAT.
;       The result is a (VALUES NUMBER &OPTIONAL), not a (VALUES SINGLE-FLOAT
;                                                                &REST T).

;     (* (/ (CDR ENTRY) (FLOAT SUM)) 100.0)
; 
; note: forced to do GENERIC-* (cost 30)
;       unable to do inline float arithmetic (cost 3) because:
;       The first argument is a NUMBER, not a SINGLE-FLOAT.
;       The result is a (VALUES NUMBER &OPTIONAL), not a (VALUES SINGLE-FLOAT
;                                                                &REST T).

;     (> (CDR V1) (CDR V2))
; 
; note: unable to
;   optimize
; due to type uncertainty:
;   The first argument is a REAL, not a SINGLE-FLOAT.
;   The second argument is a REAL, not a DOUBLE-FLOAT.
; 
; note: unable to
;   optimize
; due to type uncertainty:
;   The first argument is a REAL, not a DOUBLE-FLOAT.
;   The second argument is a REAL, not a SINGLE-FLOAT.
; 
; note: unable to
;   open-code FLOAT to RATIONAL comparison
; due to type uncertainty:
;   The first argument is a REAL, not a FLOAT.
;   The second argument is a REAL, not a RATIONAL.

;     (< (CDR V1) (CDR V2))
; 
; note: unable to
;   optimize
; due to type uncertainty:
;   The first argument is a REAL, not a SINGLE-FLOAT.
;   The second argument is a REAL, not a DOUBLE-FLOAT.
; 
; note: unable to
;   optimize
; due to type uncertainty:
;   The first argument is a REAL, not a DOUBLE-FLOAT.
;   The second argument is a REAL, not a SINGLE-FLOAT.
; 
; note: unable to
;   open-code FLOAT to RATIONAL comparison
; due to type uncertainty:
;   The first argument is a REAL, not a FLOAT.
;   The second argument is a REAL, not a RATIONAL.

;     (< (CAR V1) (CAR V2))
; 
; note: unable to
;   optimize
; due to type uncertainty:
;   The first argument is a REAL, not a SINGLE-FLOAT.
;   The second argument is a REAL, not a DOUBLE-FLOAT.
; 
; note: unable to
;   optimize
; due to type uncertainty:
;   The first argument is a REAL, not a DOUBLE-FLOAT.
;   The second argument is a REAL, not a SINGLE-FLOAT.
; 
; note: unable to
;   open-code FLOAT to RATIONAL comparison
; due to type uncertainty:
;   The first argument is a REAL, not a FLOAT.
;   The second argument is a REAL, not a RATIONAL.

;     (> (CDR V1) (CDR V2))
; 
; note: forced to do GENERIC-> (cost 10)
;       unable to do inline float comparison (cost 3) because:
;       The first argument is a REAL, not a DOUBLE-FLOAT.
;       The second argument is a REAL, not a DOUBLE-FLOAT.
;       unable to do inline float comparison (cost 3) because:
;       The first argument is a REAL, not a SINGLE-FLOAT.
;       The second argument is a REAL, not a SINGLE-FLOAT.
;       etc.

;     (< (CDR V1) (CDR V2))
; 
; note: forced to do GENERIC-< (cost 10)
;       unable to do inline float comparison (cost 3) because:
;       The first argument is a REAL, not a DOUBLE-FLOAT.
;       The second argument is a REAL, not a DOUBLE-FLOAT.
;       unable to do inline float comparison (cost 3) because:
;       The first argument is a REAL, not a SINGLE-FLOAT.
;       The second argument is a REAL, not a SINGLE-FLOAT.
;       etc.

;     (< (CAR V1) (CAR V2))
; 
; note: forced to do GENERIC-< (cost 10)
;       unable to do inline float comparison (cost 3) because:
;       The first argument is a REAL, not a DOUBLE-FLOAT.
;       The second argument is a REAL, not a DOUBLE-FLOAT.
;       unable to do inline float comparison (cost 3) because:
;       The first argument is a REAL, not a SINGLE-FLOAT.
;       The second argument is a REAL, not a SINGLE-FLOAT.
;       etc.

; compiling (DEFUN PRINT-OCCURENCE ...)
; file: /home/dunham/shootout/bench/knucleotide/knucleotide.sbcl-3.sbcl
; in: DEFUN GENE-TO-NUM
;     (LENGTH GENE)
; 
; note: unable to
;   optimize
; due to type uncertainty:
;   The first argument is a SEQUENCE, not a (SIMPLE-ARRAY * (*)).
; 
; note: unable to
;   optimize
; due to type uncertainty:
;   The first argument is a SEQUENCE, not a VECTOR.

; in: DEFUN LETTER-TO-NUM
;     (ASH IDX 2)
; 
; note: forced to do full call
;       unable to do inline ASH (cost 2) because:
;       The first argument is a INTEGER, not a FIXNUM.
;       The result is a (VALUES INTEGER &OPTIONAL), not a (VALUES FIXNUM &REST T).
;       unable to do inline ASH (cost 3) because:
;       The first argument is a INTEGER, not a (UNSIGNED-BYTE 32).
;       The result is a (VALUES INTEGER &OPTIONAL), not a (VALUES
;                                                          (UNSIGNED-BYTE 32)
;                                                          &REST T).
;       etc.

;     (LOGXOR (ASH IDX 2) 3)
; 
; note: forced to do static-fun Two-arg-xor (cost 53)
;       unable to do inline fixnum arithmetic (cost 1) because:
;       The first argument is a INTEGER, not a FIXNUM.
;       The result is a (VALUES INTEGER &OPTIONAL), not a (VALUES FIXNUM &REST T).
;       unable to do inline (unsigned-byte 32) arithmetic (cost 2) because:
;       The first argument is a INTEGER, not a (UNSIGNED-BYTE 32).
;       The result is a (VALUES INTEGER &OPTIONAL), not a (VALUES
;                                                          (UNSIGNED-BYTE 32)
;                                                          &REST T).
;       etc.

;     (ASH IDX 2)
; 
; note: forced to do full call
;       unable to do inline ASH (cost 2) because:
;       The first argument is a INTEGER, not a FIXNUM.
;       The result is a (VALUES INTEGER &OPTIONAL), not a (VALUES FIXNUM &REST T).
;       unable to do inline ASH (cost 3) because:
;       The first argument is a INTEGER, not a (UNSIGNED-BYTE 32).
;       The result is a (VALUES INTEGER &OPTIONAL), not a (VALUES
;                                                          (UNSIGNED-BYTE 32)
;                                                          &REST T).
;       etc.

;     (LOGXOR (ASH IDX 2) 2)
; 
; note: forced to do static-fun Two-arg-xor (cost 53)
;       unable to do inline fixnum arithmetic (cost 1) because:
;       The first argument is a INTEGER, not a FIXNUM.
;       The result is a (VALUES INTEGER &OPTIONAL), not a (VALUES FIXNUM &REST T).
;       unable to do inline (unsigned-byte 32) arithmetic (cost 2) because:
;       The first argument is a INTEGER, not a (UNSIGNED-BYTE 32).
;       The result is a (VALUES INTEGER &OPTIONAL), not a (VALUES
;                                                          (UNSIGNED-BYTE 32)
;                                                          &REST T).
;       etc.

;     (ASH IDX 2)
; 
; note: forced to do full call
;       unable to do inline ASH (cost 2) because:
;       The first argument is a INTEGER, not a FIXNUM.
;       The result is a (VALUES INTEGER &OPTIONAL), not a (VALUES FIXNUM &REST T).
;       unable to do inline ASH (cost 3) because:
;       The first argument is a INTEGER, not a (UNSIGNED-BYTE 32).
;       The result is a (VALUES INTEGER &OPTIONAL), not a (VALUES
;                                                          (UNSIGNED-BYTE 32)
;                                                          &REST T).
;       etc.

;     (LOGXOR (ASH IDX 2) 1)
; 
; note: forced to do static-fun Two-arg-xor (cost 53)
;       unable to do inline fixnum arithmetic (cost 1) because:
;       The first argument is a INTEGER, not a FIXNUM.
;       The result is a (VALUES INTEGER &OPTIONAL), not a (VALUES FIXNUM &REST T).
;       unable to do inline (unsigned-byte 32) arithmetic (cost 2) because:
;       The first argument is a INTEGER, not a (UNSIGNED-BYTE 32).
;       The result is a (VALUES INTEGER &OPTIONAL), not a (VALUES
;                                                          (UNSIGNED-BYTE 32)
;                                                          &REST T).
;       etc.

;     (ASH IDX 2)
; 
; note: forced to do full call
;       unable to do inline ASH (cost 2) because:
;       The first argument is a INTEGER, not a FIXNUM.
;       The result is a (VALUES INTEGER &OPTIONAL), not a (VALUES FIXNUM &REST T).
;       unable to do inline ASH (cost 3) because:
;       The first argument is a INTEGER, not a (UNSIGNED-BYTE 32).
;       The result is a (VALUES INTEGER &OPTIONAL), not a (VALUES
;                                                          (UNSIGNED-BYTE 32)
;                                                          &REST T).
;       etc.

; compiling (DEFUN MAIN ...)
; compiling (DEFUN TEST ...); 
; compilation unit finished
;   printed 63 notes


; /home/dunham/benchmarksgame/knucleotide/tmp/knucleotide.sbcl-3.fasl written
; compilation finished in 0:00:00.177
[undoing binding stack and other enclosing state... done]
[saving current Lisp image into sbcl.core:
writing 3512 bytes from the read-only space at 0x01000000
writing 2256 bytes from the static space at 0x01100000
writing 27054080 bytes from the dynamic space at 0x09000000
done]
### START knucleotide.sbcl-3.sbcl_run
(proclaim '(optimize (speed 3) (safety 0) (debug 0) (compilation-speed 0) (space 0)))
(main) (quit)
### END knucleotide.sbcl-3.sbcl_run

0.66s to complete and log all make actions

COMMAND LINE:
/usr/local/bin/sbcl  --noinform --core sbcl.core --userinit /dev/null --load knucleotide.sbcl-3.sbcl_run 0 < knucleotide-input25000000.txt

PROGRAM OUTPUT:
A 30.295
T 30.151
C 19.800
G 19.754

AA 9.177
TA 9.132
AT 9.131
TT 9.091
CA 6.002
AC 6.001
AG 5.987
GA 5.984
CT 5.971
TC 5.971
GT 5.957
TG 5.956
CC 3.917
GC 3.911
CG 3.909
GG 3.902

1471758	GGT
446535	GGTA
47336	GGTATT
893	GGTATTTTAATT
893	GGTATTTTAATTTATAGT
