
Sat, 17 Jul 2010 14:52:14 GMT

MAKE:
/usr/local/src/go/bin/8g -o knucleotide.go-3.go.8 knucleotide.go-3.go && \
	/usr/local/src/go/bin/8l -o knucleotide.go-3.go_run knucleotide.go-3.go.8
0.50s to complete and log all make actions

COMMAND LINE:
./knucleotide.go-3.go_run 0 < knucleotide-input250000.txt

UNEXPECTED OUTPUT 

23,27c23,27
< 14717 GGT
< 4463 GGTA
< 472 GGTATT
< 9 GGTATTTTAATT
< 9 GGTATTTTAATTTATAGT
---
> 14717	GGT
> 4463	GGTA
> 472	GGTATT
> 9	GGTATTTTAATT
> 9	GGTATTTTAATTTATAGT

PROGRAM OUTPUT:
A 30.298
T 30.157
C 19.793
G 19.752

AA 9.177
TA 9.137
AT 9.136
TT 9.094
AC 6.000
CA 5.999
GA 5.986
AG 5.985
TC 5.970
CT 5.970
GT 5.957
TG 5.956
CC 3.915
CG 3.910
GC 3.908
GG 3.902

14717 GGT
4463 GGTA
472 GGTATT
9 GGTATTTTAATT
9 GGTATTTTAATTTATAGT
