
Fri, 19 Sep 2008 02:17:58 GMT

MAKE:
/usr/local/mercury-rotd-2008-09-15/bin/mmc --grade asm_fast.gc knucleotide.m -o knucleotide.mercury_run
knucleotide.c:157: warning: ‘mercury__knucleotide__compare_freqs_3_0’ used but never defined
knucleotide.c:158: warning: ‘mercury__knucleotide__print_frequencies_4_0’ used but never defined
knucleotide.c:159: warning: ‘mercury__knucleotide__print_freq_table__3_0’ used but never defined
knucleotide.c:160: warning: ‘mercury__knucleotide__print_count_4_0’ used but never defined
knucleotide.c:161: warning: ‘mercury__knucleotide__generate_counts_3_0’ used but never defined
knucleotide.c:162: warning: ‘mercury__knucleotide__mct_i_loop__6_0’ used but never defined
knucleotide.c:163: warning: ‘mercury__knucleotide__mct_j_loop__6_0’ used but never defined
knucleotide.c:164: warning: ‘mercury__knucleotide__load_sequence__5_0’ used but never defined
knucleotide.c:165: warning: ‘mercury__knucleotide__ignore_sequence_5_0’ used but never defined
knucleotide.c:166: warning: ‘mercury__knucleotide__process_sequence_5_0’ used but never defined
knucleotide.c:167: warning: ‘mercury____Unify___knucleotide__count_table_0_0’ used but never defined
knucleotide.c:168: warning: ‘mercury____Compare___knucleotide__count_table_0_0’ used but never defined
knucleotide.c:169: warning: ‘mercury____Unify___knucleotide__freq_table_0_0’ used but never defined
knucleotide.c:170: warning: ‘mercury____Compare___knucleotide__freq_table_0_0’ used but never defined
knucleotide.c:171: warning: ‘mercury__knucleotide__IntroducedFrom__pred__main__41__1_1_0’ used but never defined
knucleotide.c:172: warning: ‘mercury__knucleotide__IntroducedFrom__pred__main__42__1_4_0’ used but never defined
knucleotide.c:173: warning: ‘mercury__knucleotide__IntroducedFrom__pred__main__51__1_2_0’ used but never defined
knucleotide.c:174: warning: ‘mercury__knucleotide__IntroducedFrom__pred__print_frequencies__78__1_3_0’ used but never defined
knucleotide.c:175: warning: ‘mercury__knucleotide__IntroducedFrom__pred__print_frequencies__80__1_4_0’ used but never defined
rm knucleotide.m

COMMAND LINE:
./knucleotide.mercury_run 0 < knucleotide-input50000.txt

PROGRAM FAILED 


PROGRAM OUTPUT:


*** Mercury runtime: caught segmentation violation ***
cause: address not mapped to object
address involved: 0x10
This may have been caused by a stack overflow, due to unbounded recursion.
exiting from signal handler
