
Fri, 20 Nov 2009 23:07:52 GMT

COMMAND LINE:
/usr/local/src/mozilla-central-4b8962aad902/js/src/js -j  knucleotide.tracemonkey-2.tracemonkey 0 < knucleotide-input250000.txt

UNEXPECTED OUTPUT 

1,7c1,4
< L 49.767
< N 24.884
< U 24.884
< A 0.141
< T 0.140
< C 0.092
< G 0.092
---
> A 30.298
> T 30.157
> C 19.793
> G 19.752
9,29c6,21
< NU 24.884
< UL 24.884
< LL 24.884
< LN 24.884
< AA 0.043
< TA 0.043
< AT 0.043
< TT 0.042
< AC 0.028
< CA 0.028
< GA 0.028
< AG 0.028
< TC 0.028
< CT 0.028
< GT 0.028
< TG 0.028
< CC 0.018
< CG 0.018
< GC 0.018
< GG 0.018
< CN 0.000
---
> AA 9.177
> TA 9.137
> AT 9.136
> TT 9.094
> AC 6.000
> CA 5.999
> GA 5.986
> AG 5.985
> TC 5.970
> CT 5.970
> GT 5.957
> TG 5.956
> CC 3.915
> CG 3.910
> GC 3.908
> GG 3.902

PROGRAM OUTPUT:
L 49.767
N 24.884
U 24.884
A 0.141
T 0.140
C 0.092
G 0.092

NU 24.884
UL 24.884
LL 24.884
LN 24.884
AA 0.043
TA 0.043
AT 0.043
TT 0.042
AC 0.028
CA 0.028
GA 0.028
AG 0.028
TC 0.028
CT 0.028
GT 0.028
TG 0.028
CC 0.018
CG 0.018
GC 0.018
GG 0.018
CN 0.000

14717	GGT
4463	GGTA
472	GGTATT
9	GGTATTTTAATT
9	GGTATTTTAATTTATAGT
