
Wed, 02 Jun 2010 16:45:39 GMT

MAKE:
mv knucleotide.ocaml-3.ocaml knucleotide.ocaml-3.ml
/usr/bin/ocamlopt -noassert -unsafe -nodynlink -inline 100 unix.cmxa knucleotide.ocaml-3.ml -o knucleotide.ocaml-3.ocaml_run
File "knucleotide.ocaml-3.ml", line 1, characters 0-1:
Warning X: bad source file name: "Knucleotide.ocaml-3" is not a valid module name.
rm knucleotide.ocaml-3.ml
0.81s to complete and log all make actions

COMMAND LINE:
./knucleotide.ocaml-3.ocaml_run 0 < knucleotide-input250000.txt

UNEXPECTED OUTPUT 

27c27
< 18	GGTATTTTAATTTATAGT
---
> 9	GGTATTTTAATTTATAGT

PROGRAM OUTPUT:
A 30.298
T 30.157
C 19.793
G 19.752

AA 9.177
TA 9.137
AT 9.136
TT 9.094
AC 6.000
CA 5.999
GA 5.986
AG 5.985
TC 5.970
CT 5.970
GT 5.957
TG 5.956
CC 3.915
CG 3.910
GC 3.908
GG 3.902

14717	GGT
4463	GGTA
472	GGTATT
9	GGTATTTTAATT
18	GGTATTTTAATTTATAGT
