
Wed, 07 Apr 2010 00:54:34 GMT

MAKE:
/usr/local/src/ats-lang-anairiats-0.1.9/bin/atscc -D_ATS_MULTITHREAD -lpthread -pipe -Wall -O3 -fomit-frame-pointer -march=native -mfpmath=sse -msse2 mandelbrot.dats -o mandelbrot.ats-3.ats_run
/usr/local/src/ats-lang-anairiats-0.1.9/lib/ats-anairiats-0.1.9/bin/atsopt --output mandelbrot_dats.c --dynamic mandelbrot.dats
In file included from mandelbrot_dats.c:41:
/usr/local/src/ats-lang-anairiats-0.1.9/lib/ats-anairiats-0.1.9/libc/CATS/pthread.cats: In function ‘atslib_pthread_mutex_create_locked’:
/usr/local/src/ats-lang-anairiats-0.1.9/lib/ats-anairiats-0.1.9/libc/CATS/pthread.cats:90: warning: implicit declaration of function ‘pthread_mutex_init_locked’
/usr/local/src/ats-lang-anairiats-0.1.9/lib/ats-anairiats-0.1.9/libc/CATS/pthread.cats: In function ‘atslib_pthread_mutex_create_unlocked’:
/usr/local/src/ats-lang-anairiats-0.1.9/lib/ats-anairiats-0.1.9/libc/CATS/pthread.cats:99: warning: implicit declaration of function ‘pthread_mutex_init_unlocked’
mandelbrot_dats.c: At top level:
mandelbrot_dats.c:102: warning: type defaults to ‘int’ in declaration of ‘the_nticket’
mandelbrot_dats.c:103: warning: type defaults to ‘int’ in declaration of ‘the_nthread’
mandelbrot_dats.c: In function ‘loop_2’:
mandelbrot_dats.c:352: warning: label ‘__ats_lab_1_0’ defined but not used
mandelbrot_dats.c:327: warning: label ‘__ats_lab_0_1’ defined but not used
mandelbrot_dats.c:326: warning: label ‘__ats_lab_0_0’ defined but not used
mandelbrot_dats.c: In function ‘loopv_3’:
mandelbrot_dats.c:469: warning: label ‘__ats_lab_7_0’ defined but not used
mandelbrot_dats.c:453: warning: label ‘__ats_lab_6_1’ defined but not used
mandelbrot_dats.c:452: warning: label ‘__ats_lab_6_0’ defined but not used
mandelbrot_dats.c:448: warning: label ‘__ats_lab_5_0’ defined but not used
mandelbrot_dats.c:432: warning: label ‘__ats_lab_4_0’ defined but not used
mandelbrot_dats.c:415: warning: label ‘__ats_lab_3_1’ defined but not used
mandelbrot_dats.c:414: warning: label ‘__ats_lab_3_0’ defined but not used
mandelbrot_dats.c:408: warning: label ‘__ats_lab_2_1’ defined but not used
mandelbrot_dats.c:407: warning: label ‘__ats_lab_2_0’ defined but not used
mandelbrot_dats.c: In function ‘test_1’:
mandelbrot_dats.c:535: warning: label ‘__ats_lab_test_1’ defined but not used
mandelbrot_dats.c: In function ‘output_one_4’:
mandelbrot_dats.c:602: warning: label ‘__ats_lab_9_0’ defined but not used
mandelbrot_dats.c:581: warning: label ‘__ats_lab_8_1’ defined but not used
mandelbrot_dats.c:580: warning: label ‘__ats_lab_8_0’ defined but not used
mandelbrot_dats.c: In function ‘output_worker_5’:
mandelbrot_dats.c:661: warning: label ‘__ats_lab_11_0’ defined but not used
mandelbrot_dats.c:645: warning: label ‘__ats_lab_10_1’ defined but not used
mandelbrot_dats.c:644: warning: label ‘__ats_lab_10_0’ defined but not used
mandelbrot_dats.c: In function ‘__ats_fun_7’:
mandelbrot_dats.c:677: warning: label ‘__ats_lab___ats_fun_7’ defined but not used
mandelbrot_dats.c: In function ‘mandelbrot_0’:
mandelbrot_dats.c:799: warning: label ‘__ats_lab_mandelbrot_0’ defined but not used
mandelbrot_dats.c: In function ‘mainats’:
mandelbrot_dats.c:833: warning: label ‘__ats_lab_mainats’ defined but not used
mandelbrot_dats.c: At top level:
/usr/local/src/ats-lang-anairiats-0.1.9/lib/ats-anairiats-0.1.9/prelude/CATS/pointer.cats:52: warning: ‘atspre_null_ptr’ defined but not used
/usr/local/src/ats-lang-anairiats-0.1.9/lib/ats-anairiats-0.1.9/prelude/CATS/printf.cats:48: warning: ‘atspre_fprintf_err’ defined but not used
/usr/local/src/ats-lang-anairiats-0.1.9/lib/ats-anairiats-0.1.9/prelude/CATS/printf.cats:60: warning: ‘atspre_fprintf_exn’ defined but not used
/usr/local/src/ats-lang-anairiats-0.1.9/lib/ats-anairiats-0.1.9/prelude/CATS/printf.cats:72: warning: ‘atspre_printf_err’ defined but not used
/usr/local/src/ats-lang-anairiats-0.1.9/lib/ats-anairiats-0.1.9/prelude/CATS/printf.cats:97: warning: ‘atspre_prerrf_exn’ defined but not used
/usr/local/src/ats-lang-anairiats-0.1.9/lib/ats-anairiats-0.1.9/prelude/CATS/string.cats:349: warning: ‘atspre_stropt_none’ defined but not used
mandelbrot_dats.c:508: warning: ‘loopv_3_closure_make’ defined but not used
mandelbrot_dats.c:770: warning: ‘output_all_6_closure_make’ defined but not used
/usr/local/src/ats-lang-anairiats-0.1.9/lib/ats-anairiats-0.1.9/ccomp/lib//libats_mt.a(_2fusr_2flocal_2fsrc_2fats_2dlang_2danairiats_2d0_2e1_2e9_2flibc_2fDATS_2fpthread_2edats.o): In function `ATS_2d0_2e1_2e9_2libc_2DATS_2pthread_2edats__staload':
_2fusr_2flocal_2fsrc_2fats_2dlang_2danairiats_2d0_2e1_2e9_2flibc_2fDATS_2fpthread_2edats.c:(.text+0x24): undefined reference to `ATS_2d0_2e1_2e9_2libc_2SATS_2stdio_2esats__staload'
collect2: ld returned 1 exit status
Exit: [gcc] failed.
gcc -I/usr/local/src/ats-lang-anairiats-0.1.9/lib/ats-anairiats-0.1.9/ -I/usr/local/src/ats-lang-anairiats-0.1.9/lib/ats-anairiats-0.1.9/ccomp/runtime/ -L/usr/local/src/ats-lang-anairiats-0.1.9/lib/ats-anairiats-0.1.9/ccomp/lib/ /usr/local/src/ats-lang-anairiats-0.1.9/lib/ats-anairiats-0.1.9/ccomp/runtime/ats_prelude.c -D_ATS_MULTITHREAD -lpthread -pipe -Wall -O3 -fomit-frame-pointer -march=native -mfpmath=sse -msse2 mandelbrot_dats.c -o mandelbrot.ats-3.ats_run -lats -lats_mt 
0.42s to complete and log all make actions

COMMAND LINE:
./mandelbrot.ats-3.ats_run 1000

MAKE ERROR 

