
Fri, 29 Aug 2008 10:45:31 GMT

MAKE:
mv meteor.scala-4.scala meteor.scala
/usr/local/src/scala-2.7.2.RC1/bin/scalac -optimise meteor.scala
iterations: 0 for 12
iterations: 0 for 1
iterations: 0 for 6
iterations: 5 for 4
in: (1,IState(Map(),<>))
(2,IState(Map(variable i -> INT),<>))
(3,IState(Map(variable i -> INT),<>))
(5,IState(Map(variable i -> INT),<>))
(6,IState(Map(variable i -> INT),<>))
(8,IState(Map(variable i -> INT),<>))
(11,IState(Map(variable i -> INT, variable $inlThis0 -> REFERENCE(Board)),<>))
(12,IState(Map(variable i -> INT, variable $inlThis0 -> REFERENCE(Board), variable i0 -> INT),<>))
(13,IState(Map(variable i -> INT, variable $inlThis0 -> REFERENCE(Board), variable i0 -> INT),<>))
(14,IState(Map(variable i -> INT, variable $inlThis0 -> REFERENCE(Board), variable i0 -> INT),<>))
out: (1,IState(Map(variable $inlThis0 -> REFERENCE(Board)),<>))
(2,IState(Map(variable i -> INT),<>))
(3,IState(Map(variable i -> INT),<>))
(5,IState(Map(variable i -> INT),<>))
(6,IState(Map(variable i -> INT),<>))
(8,IState(Map(variable i -> INT),<>))
(10,IState(Map(),<>))
(11,IState(Map(variable i -> INT, variable $inlThis0 -> REFERENCE(Board), variable i0 -> INT),<>))
(12,IState(Map(variable i -> INT, variable $inlThis0 -> REFERENCE(Board), variable i0 -> INT),<>))
(13,IState(Map(),<>))
(14,IState(Map(variable i -> INT, variable $inlThis0 -> REFERENCE(Board), variable i0 -> INT),<>))
java.util.NoSuchElementException: key not found: 10
	at scala.collection.Map$class.default(Map.scala:169)
	at scala.collection.jcl.HashMap.default(HashMap.scala:17)
	at scala.collection.Map$class.apply(Map.scala:80)
	at scala.collection.jcl.HashMap.apply(HashMap.scala:17)
	at scala.tools.nsc.backend.icode.analysis.DataFlowAnalysis$$anonfun$forwardAnalysis$1.apply(DataFlowAnalysis.scala:71)
	at scala.tools.nsc.backend.icode.analysis.DataFlowAnalysis$$anonfun$forwardAnalysis$1.apply(DataFlowAnalysis.scala:68)
	at scala.List.foreach(List.scala:834)
	at scala.tools.nsc.backend.icode.analysis.DataFlowAnalysis$class.forwardAnalysis(DataFlowAnalysis.scala:68)
	at scala.tools.nsc.backend.icode.analysis.TypeFlowAnalysis$MethodTFA.forwardAnalysis(TypeFlowAnalysis.scala:106)
	at scala.tools.nsc.backend.icode.analysis.TypeFlowAnalysis$MethodTFA.run(TypeFlowAnalysis.scala:163)
	at scala.tools.nsc.backend.opt.Inliners$Inliner.analyzeMethod(Inliners.scala:292)
	at scala.tools.nsc.backend.opt.Inliners$Inliner$$anonfun$analyzeClass$1.apply(Inliners.scala:270)
	at scala.tools.nsc.backend.opt.Inliners$Inliner$$anonfun$analyzeClass$1.apply(Inliners.scala:270)
	at scala.List.foreach(List.scala:834)
	at scala.tools.nsc.backend.opt.Inliners$Inliner.analyzeClass(Inliners.scala:270)
	at scala.tools.nsc.backend.opt.Inliners$InliningPhase.apply(Inliners.scala:36)
	at scala.tools.nsc.backend.icode.ICodes$ICodePhase$$anonfun$apply$1.apply(ICodes.scala:85)
	at scala.tools.nsc.backend.icode.ICodes$ICodePhase$$anonfun$apply$1.apply(ICodes.scala:85)
	at scala.Iterator$class.foreach(Iterator.scala:410)
	at scala.collection.mutable.FlatHashTable$$anon$1.foreach(FlatHashTable.scala:113)
	at scala.Iterable$class.foreach(Iterable.scala:256)
	at scala.collection.mutable.HashSet.foreach(HashSet.scala:31)
	at scala.tools.nsc.backend.icode.ICodes$ICodePhase.apply(ICodes.scala:85)
	at scala.tools.nsc.Global$GlobalPhase.applyPhase(Global.scala:268)
	at scala.tools.nsc.Global$GlobalPhase$$anonfun$run$1.apply(Global.scala:247)
	at scala.tools.nsc.Global$GlobalPhase$$anonfun$run$1.apply(Global.scala:247)
	at scala.Iterator$class.foreach(Iterator.scala:410)
	at scala.collection.mutable.ListBuffer$$anon$1.foreach(ListBuffer.scala:266)
	at scala.tools.nsc.Global$GlobalPhase.run(Global.scala:247)
	at scala.tools.nsc.Global$Run.compileSources(Global.scala:579)
	at scala.tools.nsc.Global$Run.compile(Global.scala:663)
	at scala.tools.nsc.Main$.process(Main.scala:84)
	at scala.tools.nsc.Main$.main(Main.scala:98)
	at scala.tools.nsc.Main.main(Main.scala)
############# Cought exception: java.lang.RuntimeException: Could not find element key not found: 10 #################

Method: Solver.shouldPrune
Method owner: class Solver
java.lang.RuntimeException: Could not find element key not found: 10
	at scala.Predef$.error(Predef.scala:76)
	at scala.tools.nsc.backend.icode.analysis.DataFlowAnalysis$class.forwardAnalysis(DataFlowAnalysis.scala:80)
	at scala.tools.nsc.backend.icode.analysis.TypeFlowAnalysis$MethodTFA.forwardAnalysis(TypeFlowAnalysis.scala:106)
	at scala.tools.nsc.backend.icode.analysis.TypeFlowAnalysis$MethodTFA.run(TypeFlowAnalysis.scala:163)
	at scala.tools.nsc.backend.opt.Inliners$Inliner.analyzeMethod(Inliners.scala:292)
	at scala.tools.nsc.backend.opt.Inliners$Inliner$$anonfun$analyzeClass$1.apply(Inliners.scala:270)
	at scala.tools.nsc.backend.opt.Inliners$Inliner$$anonfun$analyzeClass$1.apply(Inliners.scala:270)
	at scala.List.foreach(List.scala:834)
	at scala.tools.nsc.backend.opt.Inliners$Inliner.analyzeClass(Inliners.scala:270)
	at scala.tools.nsc.backend.opt.Inliners$InliningPhase.apply(Inliners.scala:36)
	at scala.tools.nsc.backend.icode.ICodes$ICodePhase$$anonfun$apply$1.apply(ICodes.scala:85)
	at scala.tools.nsc.backend.icode.ICodes$ICodePhase$$anonfun$apply$1.apply(ICodes.scala:85)
	at scala.Iterator$class.foreach(Iterator.scala:410)
	at scala.collection.mutable.FlatHashTable$$anon$1.foreach(FlatHashTable.scala:113)
	at scala.Iterable$class.foreach(Iterable.scala:256)
	at scala.collection.mutable.HashSet.foreach(HashSet.scala:31)
	at scala.tools.nsc.backend.icode.ICodes$ICodePhase.apply(ICodes.scala:85)
	at scala.tools.nsc.Global$GlobalPhase.applyPhase(Global.scala:268)
	at scala.tools.nsc.Global$GlobalPhase$$anonfun$run$1.apply(Global.scala:247)
	at scala.tools.nsc.Global$GlobalPhase$$anonfun$run$1.apply(Global.scala:247)
	at scala.Iterator$class.foreach(Iterator.scala:410)
	at scala.collection.mutable.ListBuffer$$anon$1.foreach(ListBuffer.scala:266)
	at scala.tools.nsc.Global$GlobalPhase.run(Global.scala:247)
	at scala.tools.nsc.Global$Run.compileSources(Global.scala:579)
	at scala.tools.nsc.Global$Run.compile(Global.scala:663)
	at scala.tools.nsc.Main$.process(Main.scala:84)
	at scala.tools.nsc.Main$.main(Main.scala:98)
	at scala.tools.nsc.Main.main(Main.scala)
def shouldPrune(): Boolean {
locals: variable i, variable i0, variable $inlThis0
startBlock: 1
blocks: [1,2,3,5,6,8,10,11,12,13,14]

1: 
  THIS
  CALL_METHOD SolverSolver.board (static-instance)
  STORE_LOCAL variable $inlThis0
  JUMP 11
  
2[loop header]: 
  LOAD_LOCAL variable i
  THIS
  CALL_METHOD SolverSolver.board (static-instance)
  CALL_METHOD BoardBoard.cells (dynamic)
  CALL_PRIMITIVE ArrayLength(REFERENCE(java.lang.Object))
  CJUMP (INT)LT ? 3 : 5
  
3: 
  THIS
  CALL_METHOD SolverSolver.board (static-instance)
  CALL_METHOD BoardBoard.cells (dynamic)
  LOAD_LOCAL variable i
  LOAD_ARRAY_ITEM (REFERENCE(java.lang.Object))
  CALL_METHOD BoardCellBoardCell.contiguousEmptyCells (dynamic)
  LOAD_MODULE object Piece
  CALL_METHOD PiecePiece.size (dynamic)
  CALL_PRIMITIVE Arithmetic(REM,INT)
  CONSTANT (Constant(0))
  CJUMP (INT)NE ? 6 : 8
  
5: 
  CONSTANT (Constant(false))
  SCOPE_EXIT variable i
  RETURN (BOOL)
  
6: 
  CONSTANT (Constant(true))
  RETURN (BOOL)
  
8: 
  LOAD_LOCAL variable i
  CONSTANT (Constant(1))
  CALL_PRIMITIVE Arithmetic(ADD,INT)
  STORE_LOCAL variable i
  JUMP 2
  
10: 
  SCOPE_ENTER variable i
  CONSTANT (Constant(0))
  STORE_LOCAL variable i
  JUMP 2
  
11: 
  SCOPE_ENTER variable i0
  CONSTANT (Constant(0))
  STORE_LOCAL variable i0
  JUMP 12
  
12: 
  LOAD_LOCAL variable i0
  LOAD_LOCAL variable $inlThis0
  CALL_METHOD BoardBoard.cells (dynamic)
  CALL_PRIMITIVE ArrayLength(REFERENCE(java.lang.Object))
  CJUMP (INT)LT ? 13 : 14
  
13: 
  LOAD_LOCAL variable $inlThis0
  CALL_METHOD BoardBoard.cells (dynamic)
  LOAD_LOCAL variable i0
  LOAD_ARRAY_ITEM (REFERENCE(java.lang.Object))
  CALL_METHOD BoardCellCell.unmark (dynamic)
  LOAD_LOCAL variable i0
  CONSTANT (Constant(1))
  CALL_PRIMITIVE Arithmetic(ADD,INT)
  STORE_LOCAL variable i0
  JUMP 12
  
14: 
  JUMP 10
  
}
Exception handlers: 
  
Exception in thread "main" java.lang.RuntimeException: Could not find element key not found: 10
	at scala.Predef$.error(Predef.scala:76)
	at scala.tools.nsc.backend.icode.analysis.DataFlowAnalysis$class.forwardAnalysis(DataFlowAnalysis.scala:80)
	at scala.tools.nsc.backend.icode.analysis.TypeFlowAnalysis$MethodTFA.forwardAnalysis(TypeFlowAnalysis.scala:106)
	at scala.tools.nsc.backend.icode.analysis.TypeFlowAnalysis$MethodTFA.run(TypeFlowAnalysis.scala:163)
	at scala.tools.nsc.backend.opt.Inliners$Inliner.analyzeMethod(Inliners.scala:292)
	at scala.tools.nsc.backend.opt.Inliners$Inliner$$anonfun$analyzeClass$1.apply(Inliners.scala:270)
	at scala.tools.nsc.backend.opt.Inliners$Inliner$$anonfun$analyzeClass$1.apply(Inliners.scala:270)
	at scala.List.foreach(List.scala:834)
	at scala.tools.nsc.backend.opt.Inliners$Inliner.analyzeClass(Inliners.scala:270)
	at scala.tools.nsc.backend.opt.Inliners$InliningPhase.apply(Inliners.scala:36)
	at scala.tools.nsc.backend.icode.ICodes$ICodePhase$$anonfun$apply$1.apply(ICodes.scala:85)
	at scala.tools.nsc.backend.icode.ICodes$ICodePhase$$anonfun$apply$1.apply(ICodes.scala:85)
	at scala.Iterator$class.foreach(Iterator.scala:410)
	at scala.collection.mutable.FlatHashTable$$anon$1.foreach(FlatHashTable.scala:113)
	at scala.Iterable$class.foreach(Iterable.scala:256)
	at scala.collection.mutable.HashSet.foreach(HashSet.scala:31)
	at scala.tools.nsc.backend.icode.ICodes$ICodePhase.apply(ICodes.scala:85)
	at scala.tools.nsc.Global$GlobalPhase.applyPhase(Global.scala:268)
	at scala.tools.nsc.Global$GlobalPhase$$anonfun$run$1.apply(Global.scala:247)
	at scala.tools.nsc.Global$GlobalPhase$$anonfun$run$1.apply(Global.scala:247)
	at scala.Iterator$class.foreach(Iterator.scala:410)
	at scala.collection.mutable.ListBuffer$$anon$1.foreach(ListBuffer.scala:266)
	at scala.tools.nsc.Global$GlobalPhase.run(Global.scala:247)
	at scala.tools.nsc.Global$Run.compileSources(Global.scala:579)
	at scala.tools.nsc.Global$Run.compile(Global.scala:663)
	at scala.tools.nsc.Main$.process(Main.scala:84)
	at scala.tools.nsc.Main$.main(Main.scala:98)
	at scala.tools.nsc.Main.main(Main.scala)
make: [meteor.scala-4.scala_run] Error 1 (ignored)

COMMAND LINE:
 /usr/local/src/scala-2.7.2.RC1/bin/scala -howtorun object meteor 2098

PROGRAM FAILED 


PROGRAM OUTPUT:
java.lang.ClassNotFoundException: meteor
