
Sun, 31 Aug 2008 01:21:41 GMT

MAKE:
mv meteor.scala meteor.scala
mv: `meteor.scala' and `meteor.scala' are the same file
make: [meteor.scala_run] Error 1 (ignored)
/usr/local/src/scala-2.7.2.RC1/bin/scalac -optimise meteor.scala
iterations: 0 for 1
iterations: 0 for 6
iterations: 0 for 1
iterations: 0 for 1
iterations: 0 for 1
iterations: 0 for 1
iterations: 0 for 1
iterations: 0 for 1
iterations: 0 for 1
iterations: 0 for 1
iterations: 0 for 1
iterations: 0 for 1
iterations: 0 for 1
iterations: 0 for 1
iterations: 0 for 1
iterations: 0 for 1
iterations: 0 for 1
iterations: 0 for 1
iterations: 0 for 1
iterations: 0 for 1
iterations: 0 for 1
iterations: 0 for 1
iterations: 0 for 1
iterations: 0 for 1
iterations: 0 for 9
iterations: 0 for 1
iterations: 0 for 4
iterations: 0 for 8
iterations: 1 for 1
in: (1,IState(Map(),<>))
(2,IState(Map(value b -> REFERENCE(java.lang.String), variable eqEqTemp$1 -> REFERENCE(java.lang.String)),<>))
(3,IState(Map(value b -> REFERENCE(java.lang.String), variable eqEqTemp$1 -> REFERENCE(java.lang.String)),<>))
(4,IState(Map(value b -> REFERENCE(java.lang.String), variable eqEqTemp$1 -> REFERENCE(java.lang.String)),<>))
(5,IState(Map(value b -> REFERENCE(java.lang.String), variable eqEqTemp$1 -> REFERENCE(java.lang.String)),<>))
(6,IState(Map(value b -> REFERENCE(java.lang.String), variable eqEqTemp$1 -> REFERENCE(java.lang.String)),<>))
(7,IState(Map(value b -> REFERENCE(java.lang.String), variable eqEqTemp$1 -> REFERENCE(java.lang.String)),<>))
(9,IState(Map(value b -> REFERENCE(java.lang.String), variable eqEqTemp$1 -> REFERENCE(java.lang.String)),<>))
(13,IState(Map(value b -> REFERENCE(java.lang.String), variable $inlThis0 -> REFERENCE(Solver), variable eqEqTemp$1 -> REFERENCE(java.lang.String)),<>))
out: (1,IState(Map(variable $inlThis0 -> REFERENCE(Solver)),<>))
(2,IState(Map(value b -> REFERENCE(java.lang.String), variable eqEqTemp$1 -> REFERENCE(java.lang.String)),<>))
(3,IState(Map(value b -> REFERENCE(java.lang.String), variable eqEqTemp$1 -> REFERENCE(java.lang.String)),<>))
(4,IState(Map(value b -> REFERENCE(java.lang.String), variable eqEqTemp$1 -> REFERENCE(java.lang.String)),<>))
(5,IState(Map(value b -> REFERENCE(java.lang.String), variable eqEqTemp$1 -> REFERENCE(java.lang.String)),<>))
(6,IState(Map(value b -> REFERENCE(java.lang.String), variable eqEqTemp$1 -> REFERENCE(java.lang.String)),<>))
(7,IState(Map(value b -> REFERENCE(java.lang.String), variable eqEqTemp$1 -> REFERENCE(java.lang.String)),<>))
(9,IState(Map(value b -> REFERENCE(java.lang.String), variable eqEqTemp$1 -> REFERENCE(java.lang.String)),<>))
(12,IState(Map(),<>))
(13,IState(Map(value b -> REFERENCE(java.lang.String), variable eqEqTemp$1 -> REFERENCE(java.lang.String), variable $inlThis0 -> REFERENCE(Solver)),<REFERENCE(Board)>))
java.util.NoSuchElementException: key not found: 12
	at scala.collection.Map$class.default(Map.scala:169)
	at scala.collection.jcl.HashMap.default(HashMap.scala:17)
	at scala.collection.Map$class.apply(Map.scala:80)
	at scala.collection.jcl.HashMap.apply(HashMap.scala:17)
	at scala.tools.nsc.backend.icode.analysis.DataFlowAnalysis$$anonfun$forwardAnalysis$1.apply(DataFlowAnalysis.scala:71)
	at scala.tools.nsc.backend.icode.analysis.DataFlowAnalysis$$anonfun$forwardAnalysis$1.apply(DataFlowAnalysis.scala:68)
	at scala.List.foreach(List.scala:834)
	at scala.tools.nsc.backend.icode.analysis.DataFlowAnalysis$class.forwardAnalysis(DataFlowAnalysis.scala:68)
	at scala.tools.nsc.backend.icode.analysis.TypeFlowAnalysis$MethodTFA.forwardAnalysis(TypeFlowAnalysis.scala:106)
	at scala.tools.nsc.backend.icode.analysis.TypeFlowAnalysis$MethodTFA.run(TypeFlowAnalysis.scala:163)
	at scala.tools.nsc.backend.opt.Inliners$Inliner.analyzeMethod(Inliners.scala:292)
	at scala.tools.nsc.backend.opt.Inliners$Inliner$$anonfun$analyzeClass$1.apply(Inliners.scala:270)
	at scala.tools.nsc.backend.opt.Inliners$Inliner$$anonfun$analyzeClass$1.apply(Inliners.scala:270)
	at scala.List.foreach(List.scala:834)
	at scala.tools.nsc.backend.opt.Inliners$Inliner.analyzeClass(Inliners.scala:270)
	at scala.tools.nsc.backend.opt.Inliners$InliningPhase.apply(Inliners.scala:36)
	at scala.tools.nsc.backend.icode.ICodes$ICodePhase$$anonfun$apply$1.apply(ICodes.scala:85)
	at scala.tools.nsc.backend.icode.ICodes$ICodePhase$$anonfun$apply$1.apply(ICodes.scala:85)
	at scala.Iterator$class.foreach(Iterator.scala:410)
	at scala.collection.mutable.FlatHashTable$$anon$1.foreach(FlatHashTable.scala:113)
	at scala.Iterable$class.foreach(Iterable.scala:256)
	at scala.collection.mutable.HashSet.foreach(HashSet.scala:31)
	at scala.tools.nsc.backend.icode.ICodes$ICodePhase.apply(ICodes.scala:85)
	at scala.tools.nsc.Global$GlobalPhase.applyPhase(Global.scala:268)
	at scala.tools.nsc.Global$GlobalPhase$$anonfun$run$1.apply(Global.scala:247)
	at scala.tools.nsc.Global$GlobalPhase$$anonfun$run$1.apply(Global.scala:247)
	at scala.Iterator$class.foreach(Iterator.scala:410)
	at scala.collection.mutable.ListBuffer$$anon$1.foreach(ListBuffer.scala:266)
	at scala.tools.nsc.Global$GlobalPhase.run(Global.scala:247)
	at scala.tools.nsc.Global$Run.compileSources(Global.scala:579)
	at scala.tools.nsc.Global$Run.compile(Global.scala:663)
	at scala.tools.nsc.Main$.process(Main.scala:84)
	at scala.tools.nsc.Main$.main(Main.scala:98)
	at scala.tools.nsc.Main.main(Main.scala)
############# Cought exception: java.lang.RuntimeException: Could not find element key not found: 12 #################

Method: Solver.puzzleSolved
Method owner: class Solver
java.lang.RuntimeException: Could not find element key not found: 12
	at scala.Predef$.error(Predef.scala:76)
	at scala.tools.nsc.backend.icode.analysis.DataFlowAnalysis$class.forwardAnalysis(DataFlowAnalysis.scala:80)
	at scala.tools.nsc.backend.icode.analysis.TypeFlowAnalysis$MethodTFA.forwardAnalysis(TypeFlowAnalysis.scala:106)
	at scala.tools.nsc.backend.icode.analysis.TypeFlowAnalysis$MethodTFA.run(TypeFlowAnalysis.scala:163)
	at scala.tools.nsc.backend.opt.Inliners$Inliner.analyzeMethod(Inliners.scala:292)
	at scala.tools.nsc.backend.opt.Inliners$Inliner$$anonfun$analyzeClass$1.apply(Inliners.scala:270)
	at scala.tools.nsc.backend.opt.Inliners$Inliner$$anonfun$analyzeClass$1.apply(Inliners.scala:270)
	at scala.List.foreach(List.scala:834)
	at scala.tools.nsc.backend.opt.Inliners$Inliner.analyzeClass(Inliners.scala:270)
	at scala.tools.nsc.backend.opt.Inliners$InliningPhase.apply(Inliners.scala:36)
	at scala.tools.nsc.backend.icode.ICodes$ICodePhase$$anonfun$apply$1.apply(ICodes.scala:85)
	at scala.tools.nsc.backend.icode.ICodes$ICodePhase$$anonfun$apply$1.apply(ICodes.scala:85)
	at scala.Iterator$class.foreach(Iterator.scala:410)
	at scala.collection.mutable.FlatHashTable$$anon$1.foreach(FlatHashTable.scala:113)
	at scala.Iterable$class.foreach(Iterable.scala:256)
	at scala.collection.mutable.HashSet.foreach(HashSet.scala:31)
	at scala.tools.nsc.backend.icode.ICodes$ICodePhase.apply(ICodes.scala:85)
	at scala.tools.nsc.Global$GlobalPhase.applyPhase(Global.scala:268)
	at scala.tools.nsc.Global$GlobalPhase$$anonfun$run$1.apply(Global.scala:247)
	at scala.tools.nsc.Global$GlobalPhase$$anonfun$run$1.apply(Global.scala:247)
	at scala.Iterator$class.foreach(Iterator.scala:410)
	at scala.collection.mutable.ListBuffer$$anon$1.foreach(ListBuffer.scala:266)
	at scala.tools.nsc.Global$GlobalPhase.run(Global.scala:247)
	at scala.tools.nsc.Global$Run.compileSources(Global.scala:579)
	at scala.tools.nsc.Global$Run.compile(Global.scala:663)
	at scala.tools.nsc.Main$.process(Main.scala:84)
	at scala.tools.nsc.Main$.main(Main.scala:98)
	at scala.tools.nsc.Main.main(Main.scala)
def puzzleSolved(): Unit {
locals: value b, variable eqEqTemp$1, variable $inlThis0, variable $retVal0
startBlock: 1
blocks: [1,2,3,4,5,6,7,9,12,13]

1: 
  SCOPE_ENTER value b
  THIS
  STORE_LOCAL variable $inlThis0
  JUMP 13
  
2: 
  THIS
  LOAD_LOCAL value b
  CALL_METHOD SolverSolver.first_$eq (static-instance)
  THIS
  LOAD_LOCAL value b
  CALL_METHOD SolverSolver.last_$eq (static-instance)
  JUMP 4
  
3: 
  LOAD_MODULE object Predef
  LOAD_LOCAL value b
  CALL_METHOD scala.Predefscala.Predef.stringWrapper (dynamic)
  THIS
  CALL_METHOD SolverSolver.first (static-instance)
  CALL_METHOD scala.runtime.RichStringscala.Ordered.$less (dynamic)
  CZJUMP (BOOL)NE ? 6 : 7
  
4: 
  THIS
  THIS
  CALL_METHOD SolverSolver.countdown (static-instance)
  CONSTANT (Constant(1))
  CALL_PRIMITIVE Arithmetic(SUB,INT)
  CALL_METHOD SolverSolver.countdown_$eq (static-instance)
  SCOPE_EXIT value b
  RETURN (UNIT)
  
5: 
  LOAD_LOCAL variable eqEqTemp$1
  CONSTANT (Constant(null))
  CALL_METHOD java.lang.Objectjava.lang.Object.equals (dynamic)
  CZJUMP (BOOL)NE ? 2 : 3
  
6: 
  THIS
  LOAD_LOCAL value b
  CALL_METHOD SolverSolver.first_$eq (static-instance)
  JUMP 4
  
7: 
  LOAD_MODULE object Predef
  LOAD_LOCAL value b
  CALL_METHOD scala.Predefscala.Predef.stringWrapper (dynamic)
  THIS
  CALL_METHOD SolverSolver.last (static-instance)
  CALL_METHOD scala.runtime.RichStringscala.Ordered.$greater (dynamic)
  CZJUMP (BOOL)NE ? 9 : 4
  
9: 
  THIS
  LOAD_LOCAL value b
  CALL_METHOD SolverSolver.last_$eq (static-instance)
  JUMP 4
  
12: 
  CALL_METHOD BoardBoard.asString (dynamic)
  STORE_LOCAL value b
  THIS
  CALL_METHOD SolverSolver.first (static-instance)
  DUP
  STORE_LOCAL variable eqEqTemp$1
  CZJUMP (REFERENCE(java.lang.Object))EQ ? 2 : 5
  
13: 
  LOAD_LOCAL variable $inlThis0
  LOAD_FIELD value Solver$$board
  JUMP 12
  
}
Exception handlers: 
  
Exception in thread "main" java.lang.RuntimeException: Could not find element key not found: 12
	at scala.Predef$.error(Predef.scala:76)
	at scala.tools.nsc.backend.icode.analysis.DataFlowAnalysis$class.forwardAnalysis(DataFlowAnalysis.scala:80)
	at scala.tools.nsc.backend.icode.analysis.TypeFlowAnalysis$MethodTFA.forwardAnalysis(TypeFlowAnalysis.scala:106)
	at scala.tools.nsc.backend.icode.analysis.TypeFlowAnalysis$MethodTFA.run(TypeFlowAnalysis.scala:163)
	at scala.tools.nsc.backend.opt.Inliners$Inliner.analyzeMethod(Inliners.scala:292)
	at scala.tools.nsc.backend.opt.Inliners$Inliner$$anonfun$analyzeClass$1.apply(Inliners.scala:270)
	at scala.tools.nsc.backend.opt.Inliners$Inliner$$anonfun$analyzeClass$1.apply(Inliners.scala:270)
	at scala.List.foreach(List.scala:834)
	at scala.tools.nsc.backend.opt.Inliners$Inliner.analyzeClass(Inliners.scala:270)
	at scala.tools.nsc.backend.opt.Inliners$InliningPhase.apply(Inliners.scala:36)
	at scala.tools.nsc.backend.icode.ICodes$ICodePhase$$anonfun$apply$1.apply(ICodes.scala:85)
	at scala.tools.nsc.backend.icode.ICodes$ICodePhase$$anonfun$apply$1.apply(ICodes.scala:85)
	at scala.Iterator$class.foreach(Iterator.scala:410)
	at scala.collection.mutable.FlatHashTable$$anon$1.foreach(FlatHashTable.scala:113)
	at scala.Iterable$class.foreach(Iterable.scala:256)
	at scala.collection.mutable.HashSet.foreach(HashSet.scala:31)
	at scala.tools.nsc.backend.icode.ICodes$ICodePhase.apply(ICodes.scala:85)
	at scala.tools.nsc.Global$GlobalPhase.applyPhase(Global.scala:268)
	at scala.tools.nsc.Global$GlobalPhase$$anonfun$run$1.apply(Global.scala:247)
	at scala.tools.nsc.Global$GlobalPhase$$anonfun$run$1.apply(Global.scala:247)
	at scala.Iterator$class.foreach(Iterator.scala:410)
	at scala.collection.mutable.ListBuffer$$anon$1.foreach(ListBuffer.scala:266)
	at scala.tools.nsc.Global$GlobalPhase.run(Global.scala:247)
	at scala.tools.nsc.Global$Run.compileSources(Global.scala:579)
	at scala.tools.nsc.Global$Run.compile(Global.scala:663)
	at scala.tools.nsc.Main$.process(Main.scala:84)
	at scala.tools.nsc.Main$.main(Main.scala:98)
	at scala.tools.nsc.Main.main(Main.scala)
make: [meteor.scala_run] Error 1 (ignored)

COMMAND LINE:
 /usr/local/src/scala-2.7.2.RC1/bin/scala -howtorun object meteor 2098

PROGRAM FAILED 


PROGRAM OUTPUT:
java.lang.ClassNotFoundException: meteor
