
Mon, 27 Oct 2008 06:34:38 GMT

MAKE:
/usr/bin/gcc -pipe -Wall -O3 -fomit-frame-pointer -march=native  meteor.c -o meteor.gcc_run
meteor.c: In function ‘rotate_piece’:
meteor.c:204: warning: array subscript has type ‘char’
meteor.c:204: warning: array subscript has type ‘char’
meteor.c: In function ‘flip_piece’:
meteor.c:211: warning: array subscript has type ‘char’
meteor.c:211: warning: array subscript has type ‘char’
meteor.c: In function ‘calc_cell_indices’:
meteor.c:217: warning: array subscript has type ‘char’
meteor.c:218: warning: array subscript has type ‘char’
meteor.c:219: warning: array subscript has type ‘char’
meteor.c:220: warning: array subscript has type ‘char’
meteor.c: In function ‘cells_fit_on_board’:
meteor.c:225: warning: array subscript has type ‘char’
meteor.c:226: warning: array subscript has type ‘char’
meteor.c:227: warning: array subscript has type ‘char’
meteor.c:228: warning: array subscript has type ‘char’
meteor.c: In function ‘record_piece’:
meteor.c:273: warning: array subscript has type ‘char’
meteor.c:273: warning: array subscript has type ‘char’
meteor.c:273: warning: array subscript has type ‘char’
meteor.c:273: warning: array subscript has type ‘char’
meteor.c:273: warning: array subscript has type ‘char’
meteor.c:274: warning: array subscript has type ‘char’
meteor.c:274: warning: array subscript has type ‘char’
meteor.c:274: warning: array subscript has type ‘char’
meteor.c:274: warning: array subscript has type ‘char’
meteor.c:274: warning: array subscript has type ‘char’
meteor.c:275: warning: array subscript has type ‘char’
meteor.c:275: warning: array subscript has type ‘char’
meteor.c: In function ‘fill_contiguous_space’:
meteor.c:283: warning: array subscript has type ‘char’
meteor.c:285: warning: array subscript has type ‘char’
meteor.c: In function ‘has_island’:
meteor.c:311: warning: array subscript has type ‘char’
meteor.c:313: warning: array subscript has type ‘char’
meteor.c:313: warning: array subscript has type ‘char’
meteor.c:315: warning: array subscript has type ‘char’
meteor.c:320: warning: array subscript has type ‘char’
meteor.c: In function ‘calc_rows’:
meteor.c:451: warning: array subscript has type ‘char’
meteor.c:451: warning: array subscript has type ‘char’
meteor.c:452: warning: array subscript has type ‘char’
meteor.c:452: warning: array subscript has type ‘char’
meteor.c:458: warning: array subscript has type ‘char’
meteor.c:458: warning: array subscript has type ‘char’
meteor.c:459: warning: array subscript has type ‘char’
meteor.c:459: warning: array subscript has type ‘char’
meteor.c:466: warning: array subscript has type ‘char’
meteor.c:466: warning: array subscript has type ‘char’
meteor.c:467: warning: array subscript has type ‘char’
meteor.c:467: warning: array subscript has type ‘char’
meteor.c: In function ‘solve’:
meteor.c:540: warning: array subscript has type ‘char’
meteor.c:540: warning: array subscript has type ‘char’
meteor.c:541: warning: array subscript has type ‘char’
meteor.c:541: warning: array subscript has type ‘char’
meteor.c:544: warning: array subscript has type ‘char’
meteor.c:545: warning: array subscript has type ‘char’
meteor.c:553: warning: array subscript has type ‘char’
meteor.c:553: warning: array subscript has type ‘char’
meteor.c:553: warning: array subscript has type ‘char’
meteor.c:554: warning: array subscript has type ‘char’
meteor.c:554: warning: array subscript has type ‘char’
meteor.c:554: warning: array subscript has type ‘char’
meteor.c: In function ‘main’:
meteor.c:586: warning: unused variable ‘j’
meteor.c:586: warning: unused variable ‘i’
meteor.c:596: warning: control reaches end of non-void function
rm meteor.c

COMMAND LINE:
./meteor.gcc_run 2098

PROGRAM FAILED 


PROGRAM OUTPUT:
2098 solutions found

0 0 0 0 1 
 2 2 2 0 1 
2 6 6 1 1 
 2 6 1 5 5 
8 6 5 5 5 
 8 6 3 3 3 
4 8 8 9 3 
 4 4 8 9 3 
4 7 4 7 9 
 7 7 7 9 9 

9 9 9 9 8 
 9 6 6 8 5 
6 6 8 8 5 
 6 8 2 5 5 
7 7 7 2 5 
 7 4 7 2 0 
1 4 2 2 0 
 1 4 4 0 3 
1 4 0 0 3 
 1 1 3 3 3 

