
Fri, 04 Mar 2011 16:38:41 GMT

MAKE:
mv meteor.clojure meteor.clj
/usr/local/src/jdk1.6.0_24/bin/java -Dclojure.compile.path=. -cp .:/usr/local/src/clojure-1.2.0/clojure.jar:/usr/local/src/clojure-1.2.0/clojure-contrib-1.2.0.jar clojure.lang.Compile meteor
Compiling meteor to .
3.84s to complete and log all make actions

COMMAND LINE:
/usr/local/src/jdk1.6.0_24/bin/java -server -Xmx16m -cp .:/usr/local/src/clojure-1.2.0/clojure.jar:/usr/local/src/clojure-1.2.0/clojure-contrib-1.2.0.jar meteor 2098

PROGRAM OUTPUT:
2098 solutions found

0 0 0 0 1 
 2 2 2 0 1 
2 6 6 1 1 
 2 6 1 5 5 
8 6 5 5 5 
 8 6 3 3 3 
4 8 8 9 3 
 4 4 8 9 3 
4 7 4 7 9 
 7 7 7 9 9 

9 9 9 9 8 
 9 6 6 8 5 
6 6 8 8 5 
 6 8 2 5 5 
7 7 7 2 5 
 7 4 7 2 0 
1 4 2 2 0 
 1 4 4 0 3 
1 4 0 0 3 
 1 1 3 3 3 

