
Fri, 19 Sep 2008 02:18:00 GMT

MAKE:
/usr/local/mercury-rotd-2008-09-15/bin/mmc --grade asm_fast.gc nbody.m -o nbody.mercury_run
nbody.c:92: warning: ‘mercury__fn__nbody__energy__2_0’ used but never defined
nbody.c:93: warning: ‘mercury__fn__nbody__energy_diff__3_0’ used but never defined
nbody.c:94: warning: ‘mercury__nbody__advance_3_0’ used but never defined
nbody.c:95: warning: ‘mercury__nbody__advance__5_0’ used but never defined
nbody.c:96: warning: ‘mercury__nbody__loop_advance_4_0’ used but never defined
nbody.c:97: warning: ‘mercury__nbody__make_bodies_1_0’ used but never defined
nbody.c:98: warning: ‘mercury__fn__nbody__offset_momentum__2_0’ used but never defined
nbody.c:99: warning: ‘mercury____Unify___nbody__planet_0_0’ used but never defined
nbody.c:100: warning: ‘mercury____Compare___nbody__planet_0_0’ used but never defined
nbody.c:101: warning: ‘mercury____Unify___nbody__vector3f_0_0’ used but never defined
nbody.c:102: warning: ‘mercury____Compare___nbody__vector3f_0_0’ used but never defined
rm nbody.m

COMMAND LINE:
./nbody.mercury_run 500000

PROGRAM FAILED 


PROGRAM OUTPUT:


*** Mercury runtime: caught segmentation violation ***
cause: address not mapped to object
address involved: 0x10
This may have been caused by a stack overflow, due to unbounded recursion.
exiting from signal handler
