
Thu, 10 Feb 2011 02:57:48 GMT

MAKE:
cp: `nbody.sbcl' and `./nbody.sbcl' are the same file
SBCL built with: /usr/local/bin/sbcl --userinit /dev/null --batch --eval '(load "nbody.sbcl_compile")'
### START nbody.sbcl_compile
(handler-bind ((sb-ext:defconstant-uneql      (lambda (c) (abort c))))      (load (compile-file "nbody.sbcl" ))) (save-lisp-and-die "sbcl.core" :purify t)
### END nbody.sbcl_compile


; compiling file "/home/dunham/shootout/bench/nbody/nbody.sbcl" (written 21 FEB 2009 04:20:24 PM):
; compiling (DEFCONSTANT +DAYS-PER-YEAR+ ...)
; compiling (DEFCONSTANT +SOLAR-MASS+ ...)
; compiling (DEFSTRUCT (BODY # ...) ...)
; compiling (DEFTYPE BODY ...)
; compiling (DEFPARAMETER *JUPITER* ...)
; compiling (DEFPARAMETER *SATURN* ...)
; compiling (DEFPARAMETER *URANUS* ...)
; compiling (DEFPARAMETER *NEPTUNE* ...)
; compiling (DEFPARAMETER *SUN* ...)
; compiling (DECLAIM (INLINE APPLYFORCES))
; compiling (DEFUN APPLYFORCES ...)
; compiling (DEFUN ADVANCE ...)
; compiling (DEFUN ENERGY ...)
; compiling (DEFUN OFFSET-MOMENTUM ...)
; compiling (DEFUN NBODY ...)
; compiling (DEFUN MAIN ...)

; /home/dunham/benchmarksgame/nbody/tmp/nbody.fasl written
; compilation finished in 0:00:00.177
[undoing binding stack and other enclosing state... done]
[saving current Lisp image into sbcl.core:
writing 3512 bytes from the read-only space at 0x01000000
writing 2256 bytes from the static space at 0x01100000
writing 27590656 bytes from the dynamic space at 0x09000000
done]
### START nbody.sbcl_run
(main) (quit)
### END nbody.sbcl_run

0.68s to complete and log all make actions

COMMAND LINE:
/usr/local/bin/sbcl  --noinform --core sbcl.core --userinit /dev/null --load nbody.sbcl_run 50000000

PROGRAM OUTPUT:
-0.169075164
-0.169059907
