
Mon, 02 May 2011 23:10:17 GMT

MAKE:
/usr/local/src/go/bin/8g -B -o regexdna.go-4.go.8 regexdna.go-4.go && \
	/usr/local/src/go/bin/8l -o regexdna.go-4.go_run regexdna.go-4.go.8
0.21s to complete and log all make actions

COMMAND LINE:
./regexdna.go-4.go_run 0 < regexdna-input5000000.txt

PROGRAM FAILED 


PROGRAM OUTPUT:
agggtaaa|tttaccct 356
[cgt]gggtaaa|tttaccc[acg] 1250
a[act]ggtaaa|tttacc[agt]t 4252
ag[act]gtaaa|tttac[agt]ct 2894
agg[act]taaa|ttta[agt]cct 5435
aggg[acg]aaa|ttt[cgt]ccct 1537
agggt[cgt]aa|tt[acg]accct 1431
agggta[cgt]a|t[acg]taccct 1608
agggtaa[cgt]|[acg]ttaccct 2178

runtime: memory allocated by OS not in usable range
runtime: out of memory: cannot allocate 105054208-byte block (435617792 in use)
throw: out of memory

runtime.throw+0x43 /usr/local/src/go/src/pkg/runtime/runtime.c:102
	runtime.throw(0x80fc055, 0x6423)
runtime.mallocgc+0x2cd /usr/local/src/go/src/pkg/runtime/malloc.c:60
	runtime.mallocgc(0x6422dd0, 0x1, 0x1, 0x1, 0x87775048, ...)
makeslice1+0x71 /usr/local/src/go/src/pkg/runtime/slice.c:44
	makeslice1(0x808c58c, 0x6422dd0, 0x6422dd0, 0x87735b28, 0xa, ...)
runtime.makeslice+0x95 /usr/local/src/go/src/pkg/runtime/slice.c:24
	runtime.makeslice(0x808c58c, 0x6422dd0, 0x0, 0x6422dd0, 0x0, ...)
bytes.*Buffer·grow+0x17b /usr/local/src/go/src/pkg/bytes/buffer.go:85
	bytes.*Buffer·grow(0x977bbf00, 0x17d7840, 0x9baafc80, 0x0)
bytes.*Buffer·Write+0x46 /usr/local/src/go/src/pkg/bytes/buffer.go:99
	bytes.*Buffer·Write(0x977bbf00, 0xa6bfc840, 0x17d7840, 0x2628784, 0x0, ...)
regexp.*Regexp·ReplaceAllFunc+0x135 /usr/local/src/go/src/pkg/regexp/regexp.go:1129
	regexp.*Regexp·ReplaceAllFunc(0x977aea80, 0xa5425000, 0x2faf080, 0x3dfffc4, 0xaca72fe0, ...)
regexp.*Regexp·ReplaceAll+0x70 /usr/local/src/go/src/pkg/regexp/regexp.go:1086
	regexp.*Regexp·ReplaceAll(0x977aea80, 0xa5425000, 0x2faf080, 0x3dfffc4, 0xaca417f8, ...)
main.main+0x3ac /home/dunham/benchmarksgame/regexdna/tmp/regexdna.go-4.go:74
	main.main()
runtime.mainstart+0xf /usr/local/src/go/src/pkg/runtime/386/asm.s:93
	runtime.mainstart()
runtime.goexit /usr/local/src/go/src/pkg/runtime/proc.c:178
	runtime.goexit()
----- goroutine created by -----
_rt0_386+0xc1 /usr/local/src/go/src/pkg/runtime/386/asm.s:80
