
Sun, 31 Aug 2008 01:27:35 GMT

MAKE:
mv regexdna.cal regexdna.cal
mv: `regexdna.cal' and `regexdna.cal' are the same file
make: [regexdna.cal_run] Error 1 (ignored)
Include/cal/compile.sh regexdna.cal
Open Quark Standalone JAR Tool (version 1.7.1_0)
Initializing the CAL workspace...
...CAL workspace initialized.
Building the standalone JAR /home/dunham/benchmarksgame/regexdna/tmp/regexdna.jar
Done building the standalone JAR /home/dunham/benchmarksgame/regexdna/tmp/regexdna.jar

COMMAND LINE:
env JAVA_OPTS=-Xmx1024m /usr/local/src/Quark/quarklaunch.sh regexdna.jar regexdna.main 0 < regexdna-input5000000.txt

PROGRAM FAILED 


PROGRAM OUTPUT:

Exception in thread "main" java.lang.OutOfMemoryError: Java heap space
	at java.util.Arrays.copyOf(Arrays.java:2882)
	at java.lang.AbstractStringBuilder.expandCapacity(AbstractStringBuilder.java:100)
	at java.lang.AbstractStringBuilder.append(AbstractStringBuilder.java:515)
	at java.lang.StringBuffer.append(StringBuffer.java:306)
	at org.openquark.cal_Regexdna.Read_File__read_All__4.f3S(Read_File__read_All__4.java)
	at org.openquark.cal_Regexdna.Read_File.fUnboxed1S(Read_File.java)
	at org.openquark.cal_Regexdna.Main.input$3$def_Unboxed(Main.java)
	at org.openquark.cal_Regexdna.Main.f1S(Main.java)
	at org.openquark.cal_Regexdna.Main.f(Main.java)
	at org.openquark.cal.internal.runtime.lecc.RTApplication.reduce(RTApplication.java:156)
	at org.openquark.cal.internal.runtime.lecc.RTResultFunction.unsynchronizedEvaluate(RTResultFunction.java:136)
	at org.openquark.cal.internal.runtime.lecc.RTResultFunction.evaluate(RTResultFunction.java:103)
	at regexdna.main.main(main.java)
