
Wed, 16 Mar 2011 09:20:31 GMT

MAKE:
mv regexdna.fsharp-2.fsharp regexdna.fsharp-2.fs
/usr/local/src/mono-2.10.1/bin/mono-sgen /usr/local/src/FSharp-2.0.0.0/bin/fsc.exe --platform:x86 -O  -o regexdna.fsharp-2.fsharp_run.exe regexdna.fsharp-2.fs
Microsoft (R) F# 2.0 Compiler build 2.0.0.0
Copyright (c) Microsoft Corporation. All Rights Reserved.

/home/dunham/benchmarksgame/regexdna/tmp/regexdna.fsharp-2.fs(6,1): warning FS0221: The declarations in this file will be placed in an implicit module 'Regexdna.fsharp-2' based on the file name 'regexdna.fsharp-2.fs'. However this is not a valid F# identifier, so the contents will not be accessible from other files. Consider renaming the file or adding a 'module' or 'namespace' declaration at the top of the file.
rm regexdna.fsharp-2.fs
3.49s to complete and log all make actions

COMMAND LINE:
/usr/local/src/mono-2.10.1/bin/mono-sgen --gc=sgen regexdna.fsharp-2.fsharp_run.exe 0 < regexdna-input5000000.txt

PROGRAM FAILED 


PROGRAM OUTPUT:
agggtaaa|tttaccct 356
[cgt]gggtaaa|tttaccc[acg] 1250
a[act]ggtaaa|tttacc[agt]t 4252
ag[act]gtaaa|tttac[agt]ct 2894
agg[act]taaa|ttta[agt]cct 5435
aggg[acg]aaa|ttt[cgt]ccct 1537
agggt[cgt]aa|tt[acg]accct 1431
agggta[cgt]a|t[acg]taccct 1608
agggtaa[cgt]|[acg]ttaccct 2178

Stacktrace:

  at (wrapper managed-to-native) string.InternalAllocateStr (int) <0xffffffff>
  at System.Text.StringBuilder.InternalEnsureCapacity (int) <0x00089>
  at System.Text.StringBuilder.Append (string,int,int) <0x00075>
  at System.Text.RegularExpressions.BaseMachine.LTRReplace (System.Text.RegularExpressions.Regex,string,System.Text.RegularExpressions.BaseMachine/MatchAppendEvaluator,int,int,bool) <0x00133>
  at System.Text.RegularExpressions.BaseMachine.Replace (System.Text.RegularExpressions.Regex,string,string,int,int) <0x0019f>
  at System.Text.RegularExpressions.Regex.Replace (string,string,int,int) <0x0005f>
  at System.Text.RegularExpressions.Regex.Replace (string,string) <0x0002f>
  at Regexdna.fsharp-2/newText@36.Invoke (string,System.Tuple`2<string, string>) <0x0004f>
  at Microsoft.FSharp.Collections.ListModule.loop@144-20<T, TState> (Microsoft.FSharp.Core.OptimizedClosures/FSharpFunc`3<TState, T, TState>,TState,Microsoft.FSharp.Collections.FSharpList`1<T>) <0x00039>
  at Microsoft.FSharp.Collections.ListModule.Fold<T, TState> (Microsoft.FSharp.Core.FSharpFunc`2<TState, Microsoft.FSharp.Core.FSharpFunc`2<T, TState>>,TState,Microsoft.FSharp.Collections.FSharpList`1<T>) <0x0005f>
  at <StartupCode$regexdna-fsharp-2-fsharp_run>.$Regexdna.fsharp-2.main@ () <0x004b5>
  at (wrapper runtime-invoke) object.runtime_invoke_void (object,intptr,intptr,intptr) <0xffffffff>

Native stacktrace:

	/usr/local/src/mono-2.10.1/bin/mono-sgen() [0x80df15b]
	/usr/local/src/mono-2.10.1/bin/mono-sgen() [0x81275ab]
	/usr/local/src/mono-2.10.1/bin/mono-sgen() [0x80599e1]
	[0xb788d40c]
	/usr/local/src/mono-2.10.1/bin/mono-sgen() [0x818974f]
	/usr/local/src/mono-2.10.1/bin/mono-sgen() [0x8189cd0]
	/usr/local/src/mono-2.10.1/bin/mono-sgen(mono_string_new_size+0x3b) [0x813238b]
	/usr/local/src/mono-2.10.1/bin/mono-sgen() [0x82497aa]
	[0xb74b33ee]
	[0xb74b32fa]
	[0xb7427966]
	[0xb74228d4]
	[0xb7422570]
	[0xb7422118]
	[0xb7422058]
	[0xb7417c30]
	[0xb7417bca]
	[0xb7417ae8]
	[0xb74ad1de]
	[0xb74ad3cf]
	/usr/local/src/mono-2.10.1/bin/mono-sgen() [0x80607e8]
	/usr/local/src/mono-2.10.1/bin/mono-sgen(mono_runtime_invoke+0x40) [0x812efd0]
	/usr/local/src/mono-2.10.1/bin/mono-sgen(mono_runtime_exec_main+0xd6) [0x8132aa6]
	/usr/local/src/mono-2.10.1/bin/mono-sgen(mono_main+0x184f) [0x80ba54f]
	/usr/local/src/mono-2.10.1/bin/mono-sgen() [0x8056fba]
	/lib/libc.so.6(__libc_start_main+0xe7) [0xb76e5ce7]
	/usr/local/src/mono-2.10.1/bin/mono-sgen() [0x8056e01]

Debug info from gdb:

Could not attach to process.  If your uid matches the uid of the target
process, check the setting of /proc/sys/kernel/yama/ptrace_scope, or try
again as the root user.  For more details, see /etc/sysctl.d/10-ptrace.conf
ptrace: Operation not permitted.

=================================================================
Got a SIGSEGV while executing native code. This usually indicates
a fatal error in the mono runtime or one of the native libraries 
used by your application.
=================================================================

