
Wed, 17 Sep 2008 00:26:47 GMT

MAKE:
/usr/bin/g++ -c -pipe -O3 -fomit-frame-pointer -fopenmp regexdna.c++ -o regexdna.c++.o &&  \
        /usr/bin/g++ regexdna.c++.o -o regexdna.gpp_run -L/usr/lib -lboost_regex -fopenmp 
regexdna.c++: In function ‘void PrintPatternCount(const Rope*)’:
regexdna.c++:347: warning: iteration variable ‘i’ is unsigned
regexdna.c++: In function ‘Rope* Replace_8mers(Rope*)’:
regexdna.c++:376: warning: iteration variable ‘d’ is unsigned
rm regexdna.c++

COMMAND LINE:
./regexdna.gpp_run 0 < regexdna-input5000000.txt

PROGRAM OUTPUT:
agggtaaa|tttaccct 356
[cgt]gggtaaa|tttaccc[acg] 1250
a[act]ggtaaa|tttacc[agt]t 4252
ag[act]gtaaa|tttac[agt]ct 2894
agg[act]taaa|ttta[agt]cct 5435
aggg[acg]aaa|ttt[cgt]ccct 1537
agggt[cgt]aa|tt[acg]accct 1431
agggta[cgt]a|t[acg]taccct 1608
agggtaa[cgt]|[acg]ttaccct 2178

50833411
50000000
66800214
