
Tue, 02 Jun 2009 23:13:54 GMT

MAKE:
mv regexdna.scala-2.scala regexdna.scala
/usr/local/src/scala-2.7.4.final/bin/scalac -optimise regexdna.scala
7.12s to complete and log all make actions

COMMAND LINE:
env JAVA_OPTS=-Xmx1024m /usr/bin/java -server -Xbootclasspath/a:/usr/local/src/scala-2.7.4.final/lib/scala-library.jar regexdna 0 < regexdna-input50000.txt

UNEXPECTED OUTPUT 

13c13
< 668228
---
> 668262

PROGRAM OUTPUT:
agggtaaa|tttaccct 3
[cgt]gggtaaa|tttaccc[acg] 12
a[act]ggtaaa|tttacc[agt]t 43
ag[act]gtaaa|tttac[agt]ct 27
agg[act]taaa|ttta[agt]cct 58
aggg[acg]aaa|ttt[cgt]ccct 16
agggt[cgt]aa|tt[acg]accct 15
agggta[cgt]a|t[acg]taccct 18
agggtaa[cgt]|[acg]ttaccct 20

508411
500000
668228
