
Thu, 07 Jan 2010 23:09:23 GMT

MAKE:
cp revcomp.lisaac-2.lisaac revcomp.li
split_file.bash revcomp.li revcomp.li
/usr/local/src/lisaac_0.39_rc1/bin/lisaac -i 20 revcomp
--WARNING----------
Added ';'.
Line 16 column 35 in REVCOMP(/home/dunham/benchmarksgame/revcomp/tmp/revcomp.li):
  - puts tab:NATIVE_ARRAY[CHARACTER] <- `puts(@tab)`;
                                   ^
--WARNING----------
Sorry, not yet implemented.
Line 16 column 36 in REVCOMP(/home/dunham/benchmarksgame/revcomp/tmp/revcomp.li):
  - puts tab:NATIVE_ARRAY[CHARACTER] <- `puts(@tab)`;
                                    ^
--WARNING----------
Added ';'.
Line 22 column 42 in REVCOMP(/home/dunham/benchmarksgame/revcomp/tmp/revcomp.li):
  - iub_complement :NATIVE_ARRAY[CHARACTER] := NATIVE_ARRAY[CHARACTER].create 256; 
                                          ^
--WARNING----------
Sorry, not yet implemented.
Line 22 column 43 in REVCOMP(/home/dunham/benchmarksgame/revcomp/tmp/revcomp.li):
  - iub_complement :NATIVE_ARRAY[CHARACTER] := NATIVE_ARRAY[CHARACTER].create 256; 
                                           ^
--WARNING----------
Added ';'.
Line 22 column 69 in REVCOMP(/home/dunham/benchmarksgame/revcomp/tmp/revcomp.li):
  - iub_complement :NATIVE_ARRAY[CHARACTER] := NATIVE_ARRAY[CHARACTER].create 256; 
                                                                     ^
--WARNING----------
Added ';'.
Line 22 column 70 in REVCOMP(/home/dunham/benchmarksgame/revcomp/tmp/revcomp.li):
  - iub_complement :NATIVE_ARRAY[CHARACTER] := NATIVE_ARRAY[CHARACTER].create 256; 
                                                                      ^
--SYNTAX-----------
Incorrect symbol.
Line 22 column 70 in REVCOMP(/home/dunham/benchmarksgame/revcomp/tmp/revcomp.li):
  - iub_complement :NATIVE_ARRAY[CHARACTER] := NATIVE_ARRAY[CHARACTER].create 256; 
                                                                      ^
make: [revcomp.lisaac-2.lisaac_run] Error 1 (ignored)
/usr/bin/gcc -O3 -fomit-frame-pointer -march=native  revcomp.c -o revcomp.lisaac-2.lisaac_run
gcc: revcomp.c: No such file or directory
gcc: no input files
make: [revcomp.lisaac-2.lisaac_run] Error 1 (ignored)
0.12s to complete and log all make actions

COMMAND LINE:
./revcomp.lisaac-2.lisaac_run 0 < revcomp-input250000.txt

MAKE ERROR 

