
Sun, 31 Aug 2008 01:28:30 GMT

MAKE:
mv revcomp.scala-3.scala revcomp.scala
/usr/local/src/scala-2.7.2.RC1/bin/scalac -optimise revcomp.scala
iterations: 0 for 18
iterations: 1 for 1
############# Cought exception: scala.tools.nsc.backend.icode.CheckerError: Incompatible stacks: <> and <BYTE> #################

Method: FastaInputStream.readLine
Method owner: class FastaInputStream
scala.tools.nsc.backend.icode.CheckerError: Incompatible stacks: <> and <BYTE>
	at scala.tools.nsc.backend.icode.analysis.TypeFlowAnalysis$typeStackLattice$.lub2(TypeFlowAnalysis.scala:55)
	at scala.tools.nsc.backend.icode.analysis.TypeFlowAnalysis$typeFlowLattice$.lub2(TypeFlowAnalysis.scala:100)
	at scala.tools.nsc.backend.icode.analysis.TypeFlowAnalysis$typeFlowLattice$.lub2(TypeFlowAnalysis.scala:77)
	at scala.tools.nsc.backend.icode.analysis.CompleteLattice$$anonfun$lub$1.apply(CompleteLattice.scala:40)
	at scala.List.reduceLeft(List.scala:1089)
	at scala.tools.nsc.backend.icode.analysis.CompleteLattice$class.lub(CompleteLattice.scala:40)
	at scala.tools.nsc.backend.icode.analysis.TypeFlowAnalysis$typeFlowLattice$.lub(TypeFlowAnalysis.scala:77)
	at scala.tools.nsc.backend.icode.analysis.DataFlowAnalysis$$anonfun$forwardAnalysis$1.apply(DataFlowAnalysis.scala:71)
	at scala.tools.nsc.backend.icode.analysis.DataFlowAnalysis$$anonfun$forwardAnalysis$1.apply(DataFlowAnalysis.scala:68)
	at scala.List.foreach(List.scala:834)
	at scala.tools.nsc.backend.icode.analysis.DataFlowAnalysis$class.forwardAnalysis(DataFlowAnalysis.scala:68)
	at scala.tools.nsc.backend.icode.analysis.TypeFlowAnalysis$MethodTFA.forwardAnalysis(TypeFlowAnalysis.scala:106)
	at scala.tools.nsc.backend.icode.analysis.TypeFlowAnalysis$MethodTFA.run(TypeFlowAnalysis.scala:163)
	at scala.tools.nsc.backend.opt.Inliners$Inliner.analyzeMethod(Inliners.scala:292)
	at scala.tools.nsc.backend.opt.Inliners$Inliner$$anonfun$analyzeClass$1.apply(Inliners.scala:270)
	at scala.tools.nsc.backend.opt.Inliners$Inliner$$anonfun$analyzeClass$1.apply(Inliners.scala:270)
	at scala.List.foreach(List.scala:834)
	at scala.tools.nsc.backend.opt.Inliners$Inliner.analyzeClass(Inliners.scala:270)
	at scala.tools.nsc.backend.opt.Inliners$InliningPhase.apply(Inliners.scala:36)
	at scala.tools.nsc.backend.icode.ICodes$ICodePhase$$anonfun$apply$1.apply(ICodes.scala:85)
	at scala.tools.nsc.backend.icode.ICodes$ICodePhase$$anonfun$apply$1.apply(ICodes.scala:85)
	at scala.Iterator$class.foreach(Iterator.scala:410)
	at scala.collection.mutable.FlatHashTable$$anon$1.foreach(FlatHashTable.scala:113)
	at scala.Iterable$class.foreach(Iterable.scala:256)
	at scala.collection.mutable.HashSet.foreach(HashSet.scala:31)
	at scala.tools.nsc.backend.icode.ICodes$ICodePhase.apply(ICodes.scala:85)
	at scala.tools.nsc.Global$GlobalPhase.applyPhase(Global.scala:268)
	at scala.tools.nsc.Global$GlobalPhase$$anonfun$run$1.apply(Global.scala:247)
	at scala.tools.nsc.Global$GlobalPhase$$anonfun$run$1.apply(Global.scala:247)
	at scala.Iterator$class.foreach(Iterator.scala:410)
	at scala.collection.mutable.ListBuffer$$anon$1.foreach(ListBuffer.scala:266)
	at scala.tools.nsc.Global$GlobalPhase.run(Global.scala:247)
	at scala.tools.nsc.Global$Run.compileSources(Global.scala:579)
	at scala.tools.nsc.Global$Run.compile(Global.scala:663)
	at scala.tools.nsc.Main$.process(Main.scala:84)
	at scala.tools.nsc.Main$.main(Main.scala:98)
	at scala.tools.nsc.Main.main(Main.scala)
def readLine(): Array[Byte] {
locals: variable bytes, variable eqEqTemp$1, variable i, variable $inlThis0, variable $retVal0
startBlock: 1
blocks: [1,2,3,4,5,6,8,9,10,12,13,15,17,18,19,22,24,26,27,28]

1: 
  SCOPE_ENTER variable bytes
  CONSTANT (Constant(null))
  DROP REFERENCE(scala.Null)
  CONSTANT (Constant(null))
  STORE_LOCAL variable bytes
  THIS
  LOAD_FIELD value in
  DUP
  STORE_LOCAL variable eqEqTemp$1
  CZJUMP (REFERENCE(java.lang.Object))EQ ? 2 : 5
  
2: 
  LOAD_LOCAL variable bytes
  JUMP 4
  
3: 
  THIS
  CONSTANT (Constant(128))
  CALL_METHOD FastaInputStreamjava.io.BufferedInputStream.mark (dynamic)
  THIS
  LOAD_FIELD variable count
  CONSTANT (Constant(0))
  CJUMP (INT)EQ ? 6 : 8
  
4: 
  DROP REFERENCE(java.lang.Object)
  LOAD_LOCAL variable bytes
  SCOPE_EXIT variable bytes
  RETURN (ARRAY[BYTE])
  
5: 
  LOAD_LOCAL variable eqEqTemp$1
  CONSTANT (Constant(null))
  CALL_METHOD java.lang.Objectjava.lang.Object.equals (dynamic)
  CZJUMP (BOOL)NE ? 2 : 3
  
6: 
  THIS
  CALL_METHOD FastaInputStreamjava.io.BufferedInputStream.read (dynamic)
  DROP INT
  JUMP 8
  
8: 
  SCOPE_ENTER variable i
  THIS
  LOAD_FIELD variable markpos
  STORE_LOCAL variable i
  JUMP 9
  
9[loop header]: 
  LOAD_LOCAL variable i
  THIS
  LOAD_FIELD variable count
  CJUMP (INT)LT ? 13 : 12
  
10: 
  LOAD_LOCAL variable i
  CONSTANT (Constant(1))
  CALL_PRIMITIVE Arithmetic(ADD,INT)
  STORE_LOCAL variable i
  JUMP 9
  
12: 
  LOAD_LOCAL variable i
  THIS
  LOAD_FIELD variable count
  CJUMP (INT)GE ? 15 : 17
  
13: 
  THIS
  LOAD_FIELD variable buf
  LOAD_LOCAL variable i
  LOAD_ARRAY_ITEM (BYTE)
  THIS
  STORE_LOCAL variable $inlThis0
  JUMP 28
  
15: 
  THIS
  LOAD_LOCAL variable i
  STORE_FIELD variable pos (dynamic)
  THIS
  CALL_METHOD FastaInputStreamjava.io.BufferedInputStream.read (dynamic)
  DROP INT
  THIS
  LOAD_FIELD variable pos
  STORE_LOCAL variable i
  JUMP 18
  
17: 
  LOAD_LOCAL variable i
  THIS
  LOAD_FIELD variable count
  CJUMP (INT)LT ? 24 : 26
  
18[loop header]: 
  LOAD_LOCAL variable i
  THIS
  LOAD_FIELD variable count
  CJUMP (INT)LT ? 22 : 17
  
19: 
  LOAD_LOCAL variable i
  CONSTANT (Constant(1))
  CALL_PRIMITIVE Arithmetic(ADD,INT)
  STORE_LOCAL variable i
  JUMP 18
  
22: 
  THIS
  LOAD_FIELD variable buf
  LOAD_LOCAL variable i
  LOAD_ARRAY_ITEM (BYTE)
  THIS
  CALL_METHOD FastaInputStreamFastaByteStream.nl (dynamic)
  CJUMP (BYTE)NE ? 19 : 17
  
24: 
  LOAD_LOCAL variable i
  THIS
  LOAD_FIELD variable markpos
  CALL_PRIMITIVE Arithmetic(SUB,INT)
  CREATE_ARRAY BYTE x 1
  STORE_LOCAL variable bytes
  THIS
  LOAD_FIELD variable buf
  THIS
  LOAD_FIELD variable markpos
  LOAD_LOCAL variable bytes
  CONSTANT (Constant(0))
  LOAD_LOCAL variable i
  THIS
  LOAD_FIELD variable markpos
  CALL_PRIMITIVE Arithmetic(SUB,INT)
  CALL_METHOD java.lang.Systemjava.lang.System.arraycopy (static-class)
  THIS
  LOAD_LOCAL variable i
  CONSTANT (Constant(1))
  CALL_PRIMITIVE Arithmetic(ADD,INT)
  STORE_FIELD variable pos (dynamic)
  JUMP 26
  
26: 
  LOAD_FIELD scala.runtime.BoxedUnit.UNIT
  JUMP 4
  
27: 
  CJUMP (BYTE)NE ? 10 : 12
  
28: 
  LOAD_LOCAL variable $inlThis0
  LOAD_FIELD value nl
  JUMP 27
  
}
Exception handlers: 
  
Exception in thread "main" scala.tools.nsc.backend.icode.CheckerError: Incompatible stacks: <> and <BYTE>
	at scala.tools.nsc.backend.icode.analysis.TypeFlowAnalysis$typeStackLattice$.lub2(TypeFlowAnalysis.scala:55)
	at scala.tools.nsc.backend.icode.analysis.TypeFlowAnalysis$typeFlowLattice$.lub2(TypeFlowAnalysis.scala:100)
	at scala.tools.nsc.backend.icode.analysis.TypeFlowAnalysis$typeFlowLattice$.lub2(TypeFlowAnalysis.scala:77)
	at scala.tools.nsc.backend.icode.analysis.CompleteLattice$$anonfun$lub$1.apply(CompleteLattice.scala:40)
	at scala.List.reduceLeft(List.scala:1089)
	at scala.tools.nsc.backend.icode.analysis.CompleteLattice$class.lub(CompleteLattice.scala:40)
	at scala.tools.nsc.backend.icode.analysis.TypeFlowAnalysis$typeFlowLattice$.lub(TypeFlowAnalysis.scala:77)
	at scala.tools.nsc.backend.icode.analysis.DataFlowAnalysis$$anonfun$forwardAnalysis$1.apply(DataFlowAnalysis.scala:71)
	at scala.tools.nsc.backend.icode.analysis.DataFlowAnalysis$$anonfun$forwardAnalysis$1.apply(DataFlowAnalysis.scala:68)
	at scala.List.foreach(List.scala:834)
	at scala.tools.nsc.backend.icode.analysis.DataFlowAnalysis$class.forwardAnalysis(DataFlowAnalysis.scala:68)
	at scala.tools.nsc.backend.icode.analysis.TypeFlowAnalysis$MethodTFA.forwardAnalysis(TypeFlowAnalysis.scala:106)
	at scala.tools.nsc.backend.icode.analysis.TypeFlowAnalysis$MethodTFA.run(TypeFlowAnalysis.scala:163)
	at scala.tools.nsc.backend.opt.Inliners$Inliner.analyzeMethod(Inliners.scala:292)
	at scala.tools.nsc.backend.opt.Inliners$Inliner$$anonfun$analyzeClass$1.apply(Inliners.scala:270)
	at scala.tools.nsc.backend.opt.Inliners$Inliner$$anonfun$analyzeClass$1.apply(Inliners.scala:270)
	at scala.List.foreach(List.scala:834)
	at scala.tools.nsc.backend.opt.Inliners$Inliner.analyzeClass(Inliners.scala:270)
	at scala.tools.nsc.backend.opt.Inliners$InliningPhase.apply(Inliners.scala:36)
	at scala.tools.nsc.backend.icode.ICodes$ICodePhase$$anonfun$apply$1.apply(ICodes.scala:85)
	at scala.tools.nsc.backend.icode.ICodes$ICodePhase$$anonfun$apply$1.apply(ICodes.scala:85)
	at scala.Iterator$class.foreach(Iterator.scala:410)
	at scala.collection.mutable.FlatHashTable$$anon$1.foreach(FlatHashTable.scala:113)
	at scala.Iterable$class.foreach(Iterable.scala:256)
	at scala.collection.mutable.HashSet.foreach(HashSet.scala:31)
	at scala.tools.nsc.backend.icode.ICodes$ICodePhase.apply(ICodes.scala:85)
	at scala.tools.nsc.Global$GlobalPhase.applyPhase(Global.scala:268)
	at scala.tools.nsc.Global$GlobalPhase$$anonfun$run$1.apply(Global.scala:247)
	at scala.tools.nsc.Global$GlobalPhase$$anonfun$run$1.apply(Global.scala:247)
	at scala.Iterator$class.foreach(Iterator.scala:410)
	at scala.collection.mutable.ListBuffer$$anon$1.foreach(ListBuffer.scala:266)
	at scala.tools.nsc.Global$GlobalPhase.run(Global.scala:247)
	at scala.tools.nsc.Global$Run.compileSources(Global.scala:579)
	at scala.tools.nsc.Global$Run.compile(Global.scala:663)
	at scala.tools.nsc.Main$.process(Main.scala:84)
	at scala.tools.nsc.Main$.main(Main.scala:98)
	at scala.tools.nsc.Main.main(Main.scala)
make: [revcomp.scala-3.scala_run] Error 1 (ignored)

COMMAND LINE:
env JAVA_OPTS=-Xmx512m /usr/local/src/scala-2.7.2.RC1/bin/scala -howtorun object revcomp 0 < revcomp-input250000.txt

PROGRAM FAILED 


PROGRAM OUTPUT:
java.lang.ClassNotFoundException: revcomp
