
Sun, 31 Aug 2008 01:30:20 GMT

MAKE:
mv spectralnorm.scala-2.scala spectralnorm.scala
/usr/local/src/scala-2.7.2.RC1/bin/scalac -optimise spectralnorm.scala
iterations: 0 for 1
iterations: 0 for 7
iterations: 0 for 7
iterations: 0 for 1
iterations: 0 for 10
iterations: 0 for 1
iterations: 0 for 1
iterations: 0 for 1
warning: there were deprecation warnings; re-run with -deprecation for details
one warning found

COMMAND LINE:
env JAVA_OPTS=-Xmx512m /usr/local/src/scala-2.7.2.RC1/bin/scala -howtorun object spectralnorm 500

UNEXPECTED OUTPUT 

1c1
< {0,number,0.000000000}
---
> 1.274224116

PROGRAM OUTPUT:
{0,number,0.000000000}
