
Fri, 19 Sep 2008 02:18:01 GMT

MAKE:
/usr/local/mercury-rotd-2008-09-15/bin/mmc --grade asm_fast.gc spectralnorm.m -o spectralnorm.mercury_run
spectralnorm.c:76: warning: ‘mercury__spectralnorm__eval_AtA_5_0’ used but never defined
spectralnorm.c:77: warning: ‘mercury__fn__spectralnorm__eval_A_2_0’ used but never defined
spectralnorm.c:78: warning: ‘mercury__fn__spectralnorm__sum_Products__5_0’ used but never defined
spectralnorm.c:79: warning: ‘mercury__spectralnorm__eval_AtA_times_u_3_0’ used but never defined
spectralnorm.c:80: warning: ‘mercury__spectralnorm__eval_A_times_u_i__5_0’ used but never defined
spectralnorm.c:81: warning: ‘mercury__spectralnorm__eval_A_times_u_j__6_0’ used but never defined
spectralnorm.c:82: warning: ‘mercury__spectralnorm__eval_At_times_u_i__5_0’ used but never defined
spectralnorm.c:83: warning: ‘mercury__spectralnorm__eval_At_times_u_j__6_0’ used but never defined
spectralnorm.c:84: warning: ‘mercury____Unify___spectralnorm__sn_vect_0_0’ used but never defined
spectralnorm.c:85: warning: ‘mercury____Compare___spectralnorm__sn_vect_0_0’ used but never defined
rm spectralnorm.m

COMMAND LINE:
./spectralnorm.mercury_run 500

PROGRAM FAILED 


PROGRAM OUTPUT:


*** Mercury runtime: caught segmentation violation ***
cause: address not mapped to object
address involved: 0x10
This may have been caused by a stack overflow, due to unbounded recursion.
exiting from signal handler
