
Mon, 15 Mar 2010 16:48:07 GMT

MAKE:
/usr/local/src/ats-lang-anairiats-0.1.8/bin/atscc -D_ATS_MULTITHREAD -lpthread -pipe -Wall -O3 -fomit-frame-pointer -march=native -mfpmath=sse -msse2 -lm spectralnorm.dats -o spectralnorm.ats_run
/usr/local/src/ats-lang-anairiats-0.1.8/bin/atsopt --output spectralnorm_dats.c --dynamic spectralnorm.dats
spectralnorm_dats.c: In function ‘eval_A_times_u_0’:
spectralnorm_dats.c:307: warning: label ‘__ats_lab_eval_A_times_u_0’ defined but not used
spectralnorm_dats.c: In function ‘eval_At_times_u_3’:
spectralnorm_dats.c:435: warning: label ‘__ats_lab_eval_At_times_u_3’ defined but not used
spectralnorm_dats.c: In function ‘eval_AtA_times_u_6’:
spectralnorm_dats.c:452: warning: label ‘__ats_lab_eval_AtA_times_u_6’ defined but not used
spectralnorm_dats.c: In function ‘mainats’:
spectralnorm_dats.c:628: warning: label ‘__ats_lab_mainats’ defined but not used
spectralnorm_dats.c: At top level:
/usr/local/src/ats-lang-anairiats-0.1.8/prelude/CATS/pointer.cats:52: warning: ‘atspre_null_ptr’ defined but not used
/usr/local/src/ats-lang-anairiats-0.1.8/prelude/CATS/printf.cats:48: warning: ‘atspre_fprintf_err’ defined but not used
/usr/local/src/ats-lang-anairiats-0.1.8/prelude/CATS/printf.cats:60: warning: ‘atspre_fprintf_exn’ defined but not used
/usr/local/src/ats-lang-anairiats-0.1.8/prelude/CATS/printf.cats:72: warning: ‘atspre_printf_err’ defined but not used
/usr/local/src/ats-lang-anairiats-0.1.8/prelude/CATS/printf.cats:97: warning: ‘atspre_prerrf_exn’ defined but not used
/usr/local/src/ats-lang-anairiats-0.1.8/prelude/CATS/string.cats:349: warning: ‘atspre_stropt_none’ defined but not used
spectralnorm_dats.c:240: warning: ‘loop2_1_closure_make’ defined but not used
spectralnorm_dats.c:293: warning: ‘loop1_2_closure_make’ defined but not used
spectralnorm_dats.c:368: warning: ‘loop2_4_closure_make’ defined but not used
spectralnorm_dats.c:421: warning: ‘loop1_5_closure_make’ defined but not used
spectralnorm_dats.c:478: warning: ‘eval_AtA_times_u_6_closure_make’ defined but not used
spectralnorm_dats.c:531: warning: ‘loop1_8_closure_make’ defined but not used
spectralnorm_dats.c:596: warning: ‘loop2_9_closure_make’ defined but not used
gcc -I/usr/local/src/ats-lang-anairiats-0.1.8/ -I/usr/local/src/ats-lang-anairiats-0.1.8/ccomp/runtime/ -L/usr/local/src/ats-lang-anairiats-0.1.8/ccomp/lib/ /usr/local/src/ats-lang-anairiats-0.1.8/ccomp/runtime/ats_prelude.c -D_ATS_MULTITHREAD -lpthread -pipe -Wall -O3 -fomit-frame-pointer -march=native -mfpmath=sse -msse2 -lm spectralnorm_dats.c -o spectralnorm.ats_run -lats 
rm spectralnorm.dats
0.39s to complete and log all make actions

COMMAND LINE:
./spectralnorm.ats_run 5500

PROGRAM OUTPUT:
1.274224153
