
Fri, 29 Aug 2008 19:53:11 GMT

MAKE:
mv threadring.scala threadring.scala
mv: `threadring.scala' and `threadring.scala' are the same file
make: [threadring.scala_run] Error 1 (ignored)
/usr/local/src/scala-2.7.2.RC1/bin/scalac -optimise threadring.scala
iterations: 0 for 1
iterations: 1 for 1
in: (1,IState(Map(),<>))
(3,IState(Map(variable boxed1 -> INT, value nHops -> INT, variable $inlThis0 -> REFERENCE(threadring)),<>))
out: (1,IState(Map(value nHops -> INT, variable $inlThis0 -> REFERENCE(threadring)),<>))
(2,IState(Map(),<>))
(3,IState(Map(value nHops -> INT, variable boxed1 -> INT, variable $inlThis0 -> REFERENCE(threadring)),<ARRAY[REFERENCE(threadring$Thread)]>))
java.util.NoSuchElementException: key not found: 2
	at scala.collection.Map$class.default(Map.scala:169)
	at scala.collection.jcl.HashMap.default(HashMap.scala:17)
	at scala.collection.Map$class.apply(Map.scala:80)
	at scala.collection.jcl.HashMap.apply(HashMap.scala:17)
	at scala.tools.nsc.backend.icode.analysis.DataFlowAnalysis$$anonfun$forwardAnalysis$1.apply(DataFlowAnalysis.scala:71)
	at scala.tools.nsc.backend.icode.analysis.DataFlowAnalysis$$anonfun$forwardAnalysis$1.apply(DataFlowAnalysis.scala:68)
	at scala.List.foreach(List.scala:834)
	at scala.tools.nsc.backend.icode.analysis.DataFlowAnalysis$class.forwardAnalysis(DataFlowAnalysis.scala:68)
	at scala.tools.nsc.backend.icode.analysis.TypeFlowAnalysis$MethodTFA.forwardAnalysis(TypeFlowAnalysis.scala:106)
	at scala.tools.nsc.backend.icode.analysis.TypeFlowAnalysis$MethodTFA.run(TypeFlowAnalysis.scala:163)
	at scala.tools.nsc.backend.opt.Inliners$Inliner.analyzeMethod(Inliners.scala:292)
	at scala.tools.nsc.backend.opt.Inliners$Inliner$$anonfun$analyzeClass$1.apply(Inliners.scala:270)
	at scala.tools.nsc.backend.opt.Inliners$Inliner$$anonfun$analyzeClass$1.apply(Inliners.scala:270)
	at scala.List.foreach(List.scala:834)
	at scala.tools.nsc.backend.opt.Inliners$Inliner.analyzeClass(Inliners.scala:270)
	at scala.tools.nsc.backend.opt.Inliners$InliningPhase.apply(Inliners.scala:36)
	at scala.tools.nsc.backend.icode.ICodes$ICodePhase$$anonfun$apply$1.apply(ICodes.scala:85)
	at scala.tools.nsc.backend.icode.ICodes$ICodePhase$$anonfun$apply$1.apply(ICodes.scala:85)
	at scala.Iterator$class.foreach(Iterator.scala:410)
	at scala.collection.mutable.FlatHashTable$$anon$1.foreach(FlatHashTable.scala:113)
	at scala.Iterable$class.foreach(Iterable.scala:256)
	at scala.collection.mutable.HashSet.foreach(HashSet.scala:31)
	at scala.tools.nsc.backend.icode.ICodes$ICodePhase.apply(ICodes.scala:85)
	at scala.tools.nsc.Global$GlobalPhase.applyPhase(Global.scala:268)
	at scala.tools.nsc.Global$GlobalPhase$$anonfun$run$1.apply(Global.scala:247)
	at scala.tools.nsc.Global$GlobalPhase$$anonfun$run$1.apply(Global.scala:247)
	at scala.Iterator$class.foreach(Iterator.scala:410)
	at scala.collection.mutable.ListBuffer$$anon$1.foreach(ListBuffer.scala:266)
	at scala.tools.nsc.Global$GlobalPhase.run(Global.scala:247)
	at scala.tools.nsc.Global$Run.compileSources(Global.scala:579)
	at scala.tools.nsc.Global$Run.compile(Global.scala:663)
	at scala.tools.nsc.Main$.process(Main.scala:84)
	at scala.tools.nsc.Main$.main(Main.scala:98)
	at scala.tools.nsc.Main.main(Main.scala)
############# Cought exception: java.lang.RuntimeException: Could not find element key not found: 2 #################

Method: threadring.main
Method owner: object threadring
java.lang.RuntimeException: Could not find element key not found: 2
	at scala.Predef$.error(Predef.scala:76)
	at scala.tools.nsc.backend.icode.analysis.DataFlowAnalysis$class.forwardAnalysis(DataFlowAnalysis.scala:80)
	at scala.tools.nsc.backend.icode.analysis.TypeFlowAnalysis$MethodTFA.forwardAnalysis(TypeFlowAnalysis.scala:106)
	at scala.tools.nsc.backend.icode.analysis.TypeFlowAnalysis$MethodTFA.run(TypeFlowAnalysis.scala:163)
	at scala.tools.nsc.backend.opt.Inliners$Inliner.analyzeMethod(Inliners.scala:292)
	at scala.tools.nsc.backend.opt.Inliners$Inliner$$anonfun$analyzeClass$1.apply(Inliners.scala:270)
	at scala.tools.nsc.backend.opt.Inliners$Inliner$$anonfun$analyzeClass$1.apply(Inliners.scala:270)
	at scala.List.foreach(List.scala:834)
	at scala.tools.nsc.backend.opt.Inliners$Inliner.analyzeClass(Inliners.scala:270)
	at scala.tools.nsc.backend.opt.Inliners$InliningPhase.apply(Inliners.scala:36)
	at scala.tools.nsc.backend.icode.ICodes$ICodePhase$$anonfun$apply$1.apply(ICodes.scala:85)
	at scala.tools.nsc.backend.icode.ICodes$ICodePhase$$anonfun$apply$1.apply(ICodes.scala:85)
	at scala.Iterator$class.foreach(Iterator.scala:410)
	at scala.collection.mutable.FlatHashTable$$anon$1.foreach(FlatHashTable.scala:113)
	at scala.Iterable$class.foreach(Iterable.scala:256)
	at scala.collection.mutable.HashSet.foreach(HashSet.scala:31)
	at scala.tools.nsc.backend.icode.ICodes$ICodePhase.apply(ICodes.scala:85)
	at scala.tools.nsc.Global$GlobalPhase.applyPhase(Global.scala:268)
	at scala.tools.nsc.Global$GlobalPhase$$anonfun$run$1.apply(Global.scala:247)
	at scala.tools.nsc.Global$GlobalPhase$$anonfun$run$1.apply(Global.scala:247)
	at scala.Iterator$class.foreach(Iterator.scala:410)
	at scala.collection.mutable.ListBuffer$$anon$1.foreach(ListBuffer.scala:266)
	at scala.tools.nsc.Global$GlobalPhase.run(Global.scala:247)
	at scala.tools.nsc.Global$Run.compileSources(Global.scala:579)
	at scala.tools.nsc.Global$Run.compile(Global.scala:663)
	at scala.tools.nsc.Main$.process(Main.scala:84)
	at scala.tools.nsc.Main$.main(Main.scala:98)
	at scala.tools.nsc.Main.main(Main.scala)
def main(args: Array[java.lang.String] (ARRAY[REFERENCE(java.lang.String)])): Unit {
locals: value args, value nHops, variable boxed1, variable $inlThis0, variable $retVal0
startBlock: 1
blocks: [1,2,3]

1: 
  SCOPE_ENTER value nHops
  LOAD_LOCAL value args
  CONSTANT (Constant(0))
  LOAD_ARRAY_ITEM (REFERENCE(java.lang.Object))
  CALL_METHOD java.lang.Integerjava.lang.Integer.parseInt (static-class)
  STORE_LOCAL value nHops
  THIS
  STORE_LOCAL variable $inlThis0
  JUMP 3
  
2: 
  CONSTANT (Constant(0))
  LOAD_ARRAY_ITEM (REFERENCE(java.lang.Object))
  LOAD_LOCAL value nHops
  STORE_LOCAL variable boxed1
  LOAD_LOCAL variable boxed1
  BOX INT
  CALL_METHOD threadring$Threadscala.actors.Actor.$bang (dynamic)
  SCOPE_EXIT value nHops
  RETURN (UNIT)
  
3: 
  LOAD_LOCAL variable $inlThis0
  LOAD_FIELD variable ring
  JUMP 2
  
}
Exception handlers: 
  
Exception in thread "main" java.lang.RuntimeException: Could not find element key not found: 2
	at scala.Predef$.error(Predef.scala:76)
	at scala.tools.nsc.backend.icode.analysis.DataFlowAnalysis$class.forwardAnalysis(DataFlowAnalysis.scala:80)
	at scala.tools.nsc.backend.icode.analysis.TypeFlowAnalysis$MethodTFA.forwardAnalysis(TypeFlowAnalysis.scala:106)
	at scala.tools.nsc.backend.icode.analysis.TypeFlowAnalysis$MethodTFA.run(TypeFlowAnalysis.scala:163)
	at scala.tools.nsc.backend.opt.Inliners$Inliner.analyzeMethod(Inliners.scala:292)
	at scala.tools.nsc.backend.opt.Inliners$Inliner$$anonfun$analyzeClass$1.apply(Inliners.scala:270)
	at scala.tools.nsc.backend.opt.Inliners$Inliner$$anonfun$analyzeClass$1.apply(Inliners.scala:270)
	at scala.List.foreach(List.scala:834)
	at scala.tools.nsc.backend.opt.Inliners$Inliner.analyzeClass(Inliners.scala:270)
	at scala.tools.nsc.backend.opt.Inliners$InliningPhase.apply(Inliners.scala:36)
	at scala.tools.nsc.backend.icode.ICodes$ICodePhase$$anonfun$apply$1.apply(ICodes.scala:85)
	at scala.tools.nsc.backend.icode.ICodes$ICodePhase$$anonfun$apply$1.apply(ICodes.scala:85)
	at scala.Iterator$class.foreach(Iterator.scala:410)
	at scala.collection.mutable.FlatHashTable$$anon$1.foreach(FlatHashTable.scala:113)
	at scala.Iterable$class.foreach(Iterable.scala:256)
	at scala.collection.mutable.HashSet.foreach(HashSet.scala:31)
	at scala.tools.nsc.backend.icode.ICodes$ICodePhase.apply(ICodes.scala:85)
	at scala.tools.nsc.Global$GlobalPhase.applyPhase(Global.scala:268)
	at scala.tools.nsc.Global$GlobalPhase$$anonfun$run$1.apply(Global.scala:247)
	at scala.tools.nsc.Global$GlobalPhase$$anonfun$run$1.apply(Global.scala:247)
	at scala.Iterator$class.foreach(Iterator.scala:410)
	at scala.collection.mutable.ListBuffer$$anon$1.foreach(ListBuffer.scala:266)
	at scala.tools.nsc.Global$GlobalPhase.run(Global.scala:247)
	at scala.tools.nsc.Global$Run.compileSources(Global.scala:579)
	at scala.tools.nsc.Global$Run.compile(Global.scala:663)
	at scala.tools.nsc.Main$.process(Main.scala:84)
	at scala.tools.nsc.Main$.main(Main.scala:98)
	at scala.tools.nsc.Main.main(Main.scala)
make: [threadring.scala_run] Error 1 (ignored)

COMMAND LINE:
env JAVA_OPTS=-Xmx512m /usr/local/src/scala-2.7.2.RC1/bin/scala -howtorun object threadring 500000

PROGRAM FAILED 


PROGRAM OUTPUT:
java.lang.ClassNotFoundException: threadring
