
Tue, 19 Oct 2010 22:42:34 GMT

MAKE:
/usr/local/src/ats-lang-anairiats-0.2.2/bin/atscc  -pipe -Wall -O3 -fomit-frame-pointer -march=native -lpthread threadring.dats -o threadring.ats_run
/usr/local/src/ats-lang-anairiats-0.2.2/bin/atsopt --output threadring_dats.c --dynamic threadring.dats
threadring_dats.c: In function ‘mainats’:
threadring_dats.c:217: warning: label ‘__ats_lab_mainats’ defined but not used
threadring_dats.c: At top level:
/usr/local/src/ats-lang-anairiats-0.2.2/prelude/CATS/pointer.cats:52: warning: ‘atspre_null_ptr’ defined but not used
/usr/local/src/ats-lang-anairiats-0.2.2/prelude/CATS/printf.cats:57: warning: ‘atspre_fprintf_err’ defined but not used
/usr/local/src/ats-lang-anairiats-0.2.2/prelude/CATS/printf.cats:69: warning: ‘atspre_fprintf_exn’ defined but not used
/usr/local/src/ats-lang-anairiats-0.2.2/prelude/CATS/printf.cats:87: warning: ‘atspre_printf_exn’ defined but not used
/usr/local/src/ats-lang-anairiats-0.2.2/prelude/CATS/printf.cats:105: warning: ‘atspre_prerrf_exn’ defined but not used
/usr/local/src/ats-lang-anairiats-0.2.2/prelude/CATS/string.cats:351: warning: ‘atspre_stropt_none’ defined but not used
gcc -I/usr/local/src/ats-lang-anairiats-0.2.2/ -I/usr/local/src/ats-lang-anairiats-0.2.2/ccomp/runtime/ -L/usr/local/src/ats-lang-anairiats-0.2.2/ccomp/lib/ /usr/local/src/ats-lang-anairiats-0.2.2/ccomp/runtime/ats_prelude.c -pipe -Wall -O3 -fomit-frame-pointer -march=native -lpthread threadring_dats.c -o threadring.ats_run -lats 
rm threadring.dats
0.38s to complete and log all make actions

COMMAND LINE:
./threadring.ats_run 50000000

PROGRAM OUTPUT:
292

PTHREAD_STACK_MIN = 16384
